2025-04-02 11:09:27,347 - sec_monitor - INFO - Starting SEC filing monitor 
2025-04-02 11:09:27,347 - sec_monitor - INFO - Loading S&P 500 data...
2025-04-02 11:09:27,347 - sec_monitor - INFO - Starting S&P 500 data initialization
2025-04-02 11:09:27,347 - sec_monitor - INFO - Successfully loaded 503 S&P 500 tickers
2025-04-02 11:09:27,348 - sec_monitor - INFO - Successfully loaded 503 S&P 500 tickers
2025-04-02 11:09:27,348 - sec_monitor - INFO - Initializing components...
2025-04-02 11:09:27,348 - sec_monitor - INFO - Initializing components
2025-04-02 11:09:27,348 - sec_monitor - INFO - SEC fetcher initialized
2025-04-02 11:09:27,348 - sec_monitor - INFO - Filing analyzer initialized
2025-04-02 11:09:27,348 - sec_monitor - INFO - Alpaca clients initialized
2025-04-02 11:09:27,348 - sec_monitor - INFO - All components initialized successfully
2025-04-02 11:09:27,349 - sec_monitor - INFO - Found old JSON file, archiving
2025-04-02 11:09:27,350 - sec_monitor - INFO - Starting new filing collection for today
2025-04-02 11:09:27,350 - sec_monitor - INFO - Fetching SEC filings...
2025-04-02 11:09:42,840 - sec_monitor - INFO - No more entries found
2025-04-02 11:09:42,840 - sec_monitor - INFO - Completed fetching. Found 130 total filings
2025-04-02 11:09:42,840 - sec_monitor - INFO - Found 5 new interesting filings
2025-04-02 11:09:42,840 - sec_monitor - INFO - Found 5 new filings to process
2025-04-02 11:09:42,840 - sec_monitor - INFO - Processing filing 1/5: NCLH
2025-04-02 11:10:13,448 - sec_monitor - INFO - ==================================================
2025-04-02 11:10:13,448 - sec_monitor - INFO - Processing first chunk
2025-04-02 11:10:13,448 - sec_monitor - INFO - Timestamp: 2025-04-02 11:10:13
2025-04-02 11:10:13,654 - sec_monitor - INFO - token percentage = 4%
2025-04-02 11:10:13,654 - sec_monitor - INFO - Making API call - Attempt 1/3
2025-04-02 11:10:13,654 - sec_monitor - INFO - Timestamp: 2025-04-02 11:10:13
2025-04-02 11:10:16,988 - sec_monitor - INFO - API call successful
2025-04-02 11:10:17,990 - sec_monitor - INFO - Processing filing 2/5: NWS
2025-04-02 11:10:48,640 - sec_monitor - INFO - ==================================================
2025-04-02 11:10:48,640 - sec_monitor - INFO - Processing first chunk
2025-04-02 11:10:48,640 - sec_monitor - INFO - Timestamp: 2025-04-02 11:10:48
2025-04-02 11:10:48,841 - sec_monitor - INFO - token percentage = 6%
2025-04-02 11:10:48,841 - sec_monitor - INFO - Making API call - Attempt 1/3
2025-04-02 11:10:48,841 - sec_monitor - INFO - Timestamp: 2025-04-02 11:10:48
2025-04-02 11:10:51,932 - sec_monitor - INFO - API call successful
2025-04-02 11:10:52,934 - sec_monitor - INFO - Processing filing 3/5: NWS
2025-04-02 11:11:23,583 - sec_monitor - INFO - ==================================================
2025-04-02 11:11:23,583 - sec_monitor - INFO - Processing first chunk
2025-04-02 11:11:23,583 - sec_monitor - INFO - Timestamp: 2025-04-02 11:11:23
2025-04-02 11:11:23,724 - sec_monitor - INFO - token percentage = 7%
2025-04-02 11:11:23,724 - sec_monitor - INFO - Making API call - Attempt 1/3
2025-04-02 11:11:23,724 - sec_monitor - INFO - Timestamp: 2025-04-02 11:11:23
2025-04-02 11:11:27,748 - sec_monitor - INFO - API call successful
2025-04-02 11:11:28,750 - sec_monitor - INFO - Processing filing 4/5: PSX
2025-04-02 11:11:59,535 - sec_monitor - INFO - ==================================================
2025-04-02 11:11:59,536 - sec_monitor - INFO - Processing first chunk
2025-04-02 11:11:59,536 - sec_monitor - INFO - Timestamp: 2025-04-02 11:11:59
2025-04-02 11:11:59,707 - sec_monitor - INFO - token percentage = 5%
2025-04-02 11:11:59,708 - sec_monitor - INFO - Making API call - Attempt 1/3
2025-04-02 11:11:59,708 - sec_monitor - INFO - Timestamp: 2025-04-02 11:11:59
2025-04-02 11:13:27,510 - sec_monitor - INFO - API call successful
2025-04-02 11:13:28,512 - sec_monitor - INFO - Processing filing 5/5: AZO
2025-04-02 11:13:59,262 - sec_monitor - INFO - ==================================================
2025-04-02 11:13:59,262 - sec_monitor - INFO - Processing first chunk
2025-04-02 11:13:59,262 - sec_monitor - INFO - Timestamp: 2025-04-02 11:13:59
2025-04-02 11:13:59,532 - sec_monitor - INFO - token percentage = 7%
2025-04-02 11:13:59,532 - sec_monitor - INFO - Making API call - Attempt 1/3
2025-04-02 11:13:59,533 - sec_monitor - INFO - Timestamp: 2025-04-02 11:13:59
2025-04-02 11:14:03,187 - sec_monitor - INFO - API call successful
2025-04-02 11:14:04,189 - sec_monitor - INFO - Fetching supplementary data...
2025-04-02 11:14:04,489 - sec_monitor - INFO - filing_tickers type: <class 'list'>
2025-04-02 11:14:04,489 - sec_monitor - INFO - filing_data type: <class 'list'>
2025-04-02 11:14:04,489 - sec_monitor - INFO - Market open: False
2025-04-02 11:14:04,489 - sec_monitor - INFO - Number of filing times mapped: 4
2025-04-02 11:14:04,562 - sec_monitor - INFO - Last trading day: 2025-04-02
2025-04-02 11:14:04,562 - sec_monitor - INFO - Processing ticker: NCLH
2025-04-02 11:14:04,848 - sec_monitor - INFO - Number of bars for NCLH: 3
2025-04-02 11:14:04,848 - sec_monitor - INFO - Last bar close for NCLH: 19.07
2025-04-02 11:14:04,848 - sec_monitor - INFO - Outside market hours price for NCLH: 19.07
2025-04-02 11:14:04,848 - sec_monitor - INFO - Processing ticker: NWS
2025-04-02 11:14:04,923 - sec_monitor - INFO - Number of bars for NWS: 4
2025-04-02 11:14:04,923 - sec_monitor - INFO - Last bar close for NWS: 30.25
2025-04-02 11:14:04,923 - sec_monitor - INFO - Outside market hours price for NWS: 30.25
2025-04-02 11:14:04,923 - sec_monitor - INFO - Processing ticker: NWS
2025-04-02 11:14:05,000 - sec_monitor - INFO - Number of bars for NWS: 4
2025-04-02 11:14:05,000 - sec_monitor - INFO - Last bar close for NWS: 30.25
2025-04-02 11:14:05,001 - sec_monitor - INFO - Outside market hours price for NWS: 30.25
2025-04-02 11:14:05,001 - sec_monitor - INFO - Processing ticker: PSX
2025-04-02 11:14:05,080 - sec_monitor - INFO - Number of bars for PSX: 4
2025-04-02 11:14:05,080 - sec_monitor - INFO - Last bar close for PSX: 124.28
2025-04-02 11:14:05,080 - sec_monitor - INFO - Outside market hours price for PSX: 124.28
2025-04-02 11:14:05,080 - sec_monitor - INFO - Processing ticker: AZO
2025-04-02 11:14:05,159 - sec_monitor - INFO - Number of bars for AZO: 4
2025-04-02 11:14:05,160 - sec_monitor - INFO - Last bar close for AZO: 3809.13
2025-04-02 11:14:05,160 - sec_monitor - INFO - Outside market hours price for AZO: 3809.13
2025-04-02 11:14:07,220 - sec_monitor - INFO - Generating final output...
2025-04-02 11:14:07,221 - sec_monitor - INFO - Successfully saved/merged output to output/sec_filings.json
2025-04-02 11:14:07,221 - sec_monitor - INFO - Processing complete. Stats: {'input_words': 54075, 'output_words': 366, 'filings_processed': 5}
2025-04-02 12:39:25,287 - sec_monitor - INFO - Starting SEC filing monitor 
2025-04-02 12:39:25,287 - sec_monitor - INFO - Loading S&P 500 data...
2025-04-02 12:39:25,287 - sec_monitor - INFO - Starting S&P 500 data initialization
2025-04-02 12:39:25,287 - sec_monitor - INFO - Successfully loaded 503 S&P 500 tickers
2025-04-02 12:39:25,287 - sec_monitor - INFO - Successfully loaded 503 S&P 500 tickers
2025-04-02 12:39:25,287 - sec_monitor - INFO - Initializing components...
2025-04-02 12:39:25,288 - sec_monitor - INFO - Initializing components
2025-04-02 12:39:25,288 - sec_monitor - INFO - SEC fetcher initialized
2025-04-02 12:39:25,288 - sec_monitor - INFO - Filing analyzer initialized
2025-04-02 12:39:25,288 - sec_monitor - INFO - Alpaca clients initialized
2025-04-02 12:39:25,288 - sec_monitor - INFO - All components initialized successfully
2025-04-02 12:39:25,289 - sec_monitor - INFO - Found JSON file from today
2025-04-02 12:39:25,289 - sec_monitor - INFO - Found 5 previously processed accessions and 5 filing URLs
2025-04-02 12:39:25,289 - sec_monitor - INFO - Found 5 accession numbers and 5 URLs from previously processed filings
2025-04-02 12:39:25,289 - sec_monitor - INFO - Fetching SEC filings...
2025-04-02 12:39:49,030 - sec_monitor - INFO - No more entries found
2025-04-02 12:39:49,030 - sec_monitor - INFO - Completed fetching. Found 126 total filings
2025-04-02 12:39:49,030 - sec_monitor - INFO - Found 0 new interesting filings
2025-04-02 12:39:49,031 - sec_monitor - INFO - No new filings to process
2025-04-02 13:30:08,906 - sec_monitor - INFO - Starting SEC filing monitor 
2025-04-02 13:30:08,906 - sec_monitor - INFO - Loading S&P 500 data...
2025-04-02 13:30:08,906 - sec_monitor - INFO - Starting S&P 500 data initialization
2025-04-02 13:30:08,906 - sec_monitor - INFO - Successfully loaded 503 S&P 500 tickers
2025-04-02 13:30:08,906 - sec_monitor - INFO - Successfully loaded 503 S&P 500 tickers
2025-04-02 13:30:08,907 - sec_monitor - INFO - Initializing components...
2025-04-02 13:30:08,907 - sec_monitor - INFO - Initializing components
2025-04-02 13:30:08,907 - sec_monitor - INFO - SEC fetcher initialized
2025-04-02 13:30:08,907 - sec_monitor - INFO - Filing analyzer initialized
2025-04-02 13:30:08,907 - sec_monitor - INFO - Alpaca clients initialized
2025-04-02 13:30:08,907 - sec_monitor - INFO - All components initialized successfully
2025-04-02 13:30:08,908 - sec_monitor - INFO - Found JSON file from today
2025-04-02 13:30:08,908 - sec_monitor - INFO - Found 5 previously processed accessions and 5 filing URLs
2025-04-02 13:30:08,909 - sec_monitor - INFO - Found 5 accession numbers and 5 URLs from previously processed filings
2025-04-02 13:30:08,909 - sec_monitor - INFO - Fetching SEC filings...
2025-04-02 13:30:36,736 - sec_monitor - INFO - No more entries found
2025-04-02 13:30:36,736 - sec_monitor - INFO - Completed fetching. Found 121 total filings
2025-04-02 13:30:36,736 - sec_monitor - INFO - Found 2 new interesting filings
2025-04-02 13:30:36,737 - sec_monitor - INFO - Found 2 new filings to process
2025-04-02 13:30:36,737 - sec_monitor - INFO - Processing filing 1/2: TSLA
2025-04-02 13:31:07,267 - sec_monitor - INFO - ==================================================
2025-04-02 13:31:07,267 - sec_monitor - INFO - Processing first chunk
2025-04-02 13:31:07,268 - sec_monitor - INFO - Timestamp: 2025-04-02 13:31:07
2025-04-02 13:31:07,389 - sec_monitor - INFO - token percentage = 3%
2025-04-02 13:31:07,390 - sec_monitor - INFO - Making API call - Attempt 1/3
2025-04-02 13:31:07,390 - sec_monitor - INFO - Timestamp: 2025-04-02 13:31:07
2025-04-02 13:31:09,136 - sec_monitor - INFO - API call successful
2025-04-02 13:31:10,137 - sec_monitor - INFO - Processing filing 2/2: FI
2025-04-02 13:31:40,742 - sec_monitor - INFO - ==================================================
2025-04-02 13:31:40,743 - sec_monitor - INFO - Processing first chunk
2025-04-02 13:31:40,743 - sec_monitor - INFO - Timestamp: 2025-04-02 13:31:40
2025-04-02 13:31:40,875 - sec_monitor - INFO - token percentage = 3%
2025-04-02 13:31:40,875 - sec_monitor - INFO - Making API call - Attempt 1/3
2025-04-02 13:31:40,876 - sec_monitor - INFO - Timestamp: 2025-04-02 13:31:40
2025-04-02 13:31:42,515 - sec_monitor - INFO - API call successful
2025-04-02 13:31:43,516 - sec_monitor - INFO - Fetching supplementary data...
2025-04-02 13:31:43,706 - sec_monitor - INFO - filing_tickers type: <class 'list'>
2025-04-02 13:31:43,706 - sec_monitor - INFO - filing_data type: <class 'list'>
2025-04-02 13:31:43,706 - sec_monitor - INFO - Market open: True
2025-04-02 13:31:43,706 - sec_monitor - INFO - Number of filing times mapped: 2
2025-04-02 13:31:43,774 - sec_monitor - INFO - Last trading day: 2025-04-02
2025-04-02 13:31:43,774 - sec_monitor - INFO - Processing ticker: TSLA
2025-04-02 13:31:44,128 - sec_monitor - INFO - Number of bars for TSLA: 3
2025-04-02 13:31:44,128 - sec_monitor - INFO - Last bar close for TSLA: 268.535
2025-04-02 13:31:44,128 - sec_monitor - INFO - Market open price for TSLA: 268.535, change: 3.6254534228602453%
2025-04-02 13:31:44,129 - sec_monitor - INFO - Processing ticker: FI
2025-04-02 13:31:44,148 - sec_monitor - INFO - Number of bars for FI: 3
2025-04-02 13:31:44,148 - sec_monitor - INFO - Last bar close for FI: 222.02
2025-04-02 13:31:44,148 - sec_monitor - INFO - Market open price for FI: 222.02, change: 0.5001923816852718%
2025-04-02 13:31:44,791 - sec_monitor - INFO - Generating final output...
2025-04-02 13:31:44,793 - sec_monitor - INFO - Successfully merged 2 new filings with existing JSON
2025-04-02 13:31:44,793 - sec_monitor - INFO - Cumulative stats - Input words: 61892, Output words: 485
2025-04-02 13:31:44,793 - sec_monitor - INFO - Successfully saved/merged output to output/sec_filings.json
2025-04-02 13:31:44,793 - sec_monitor - INFO - Processing complete. Stats: {'input_words': 7817, 'output_words': 119, 'filings_processed': 2}
2025-04-02 15:20:40,365 - sec_monitor - INFO - Starting SEC filing monitor 
2025-04-02 15:20:40,365 - sec_monitor - INFO - Loading S&P 500 data...
2025-04-02 15:20:40,365 - sec_monitor - INFO - Starting S&P 500 data initialization
2025-04-02 15:20:40,365 - sec_monitor - INFO - Successfully loaded 503 S&P 500 tickers
2025-04-02 15:20:40,366 - sec_monitor - INFO - Successfully loaded 503 S&P 500 tickers
2025-04-02 15:20:40,366 - sec_monitor - INFO - Initializing components...
2025-04-02 15:20:40,366 - sec_monitor - INFO - Initializing components
2025-04-02 15:20:40,366 - sec_monitor - INFO - SEC fetcher initialized
2025-04-02 15:20:40,366 - sec_monitor - INFO - Filing analyzer initialized
2025-04-02 15:20:40,366 - sec_monitor - INFO - Alpaca clients initialized
2025-04-02 15:20:40,366 - sec_monitor - INFO - All components initialized successfully
2025-04-02 15:20:40,367 - sec_monitor - INFO - Found JSON file from today
2025-04-02 15:20:40,367 - sec_monitor - INFO - Found 7 previously processed accessions and 7 filing URLs
2025-04-02 15:20:40,367 - sec_monitor - INFO - Found 7 accession numbers and 7 URLs from previously processed filings
2025-04-02 15:20:40,367 - sec_monitor - INFO - Fetching SEC filings...
2025-04-02 15:21:12,397 - sec_monitor - INFO - No more entries found
2025-04-02 15:21:12,397 - sec_monitor - INFO - Completed fetching. Found 116 total filings
2025-04-02 15:21:12,397 - sec_monitor - INFO - Found 0 new interesting filings
2025-04-02 15:21:12,397 - sec_monitor - INFO - No new filings to process
2025-04-02 18:22:10,998 - sec_monitor - INFO - Starting SEC filing monitor 
2025-04-02 18:22:10,998 - sec_monitor - INFO - Loading S&P 500 data...
2025-04-02 18:22:10,998 - sec_monitor - INFO - Starting S&P 500 data initialization
2025-04-02 18:22:10,999 - sec_monitor - INFO - Successfully loaded 503 S&P 500 tickers
2025-04-02 18:22:10,999 - sec_monitor - INFO - Successfully loaded 503 S&P 500 tickers
2025-04-02 18:22:10,999 - sec_monitor - INFO - Initializing components...
2025-04-02 18:22:10,999 - sec_monitor - INFO - Initializing components
2025-04-02 18:22:10,999 - sec_monitor - INFO - SEC fetcher initialized
2025-04-02 18:22:10,999 - sec_monitor - INFO - Filing analyzer initialized
2025-04-02 18:22:11,000 - sec_monitor - INFO - Alpaca clients initialized
2025-04-02 18:22:11,000 - sec_monitor - INFO - All components initialized successfully
2025-04-02 18:22:11,001 - sec_monitor - INFO - Found JSON file from today
2025-04-02 18:22:11,001 - sec_monitor - INFO - Found 7 previously processed accessions and 7 filing URLs
2025-04-02 18:22:11,001 - sec_monitor - INFO - Found 7 accession numbers and 7 URLs from previously processed filings
2025-04-02 18:22:11,001 - sec_monitor - INFO - Fetching SEC filings...
2025-04-02 18:22:36,904 - sec_monitor - INFO - No more entries found
2025-04-02 18:22:36,904 - sec_monitor - INFO - Completed fetching. Found 92 total filings
2025-04-02 18:22:36,904 - sec_monitor - INFO - Found 1 new interesting filings
2025-04-02 18:22:36,905 - sec_monitor - INFO - Found 1 new filings to process
2025-04-02 18:22:36,905 - sec_monitor - INFO - Processing filing 1/1: TJX
2025-04-02 18:23:33,091 - sec_monitor - INFO - ==================================================
2025-04-02 18:23:33,092 - sec_monitor - INFO - Processing first chunk
2025-04-02 18:23:33,092 - sec_monitor - INFO - Timestamp: 2025-04-02 18:23:33
2025-04-02 18:23:34,767 - sec_monitor - INFO - token percentage = 40%
2025-04-02 18:23:34,767 - sec_monitor - INFO - Making API call - Attempt 1/3
2025-04-02 18:23:34,767 - sec_monitor - INFO - Timestamp: 2025-04-02 18:23:34
2025-04-02 18:23:50,051 - sec_monitor - INFO - API call successful
2025-04-02 18:24:20,081 - sec_monitor - INFO - ==================================================
2025-04-02 18:24:20,081 - sec_monitor - INFO - Processing middle chunk
2025-04-02 18:24:20,081 - sec_monitor - INFO - Timestamp: 2025-04-02 18:24:20
2025-04-02 18:24:21,242 - sec_monitor - INFO - token percentage = 47%
2025-04-02 18:24:21,242 - sec_monitor - INFO - Making API call - Attempt 1/3
2025-04-02 18:24:21,243 - sec_monitor - INFO - Timestamp: 2025-04-02 18:24:21
2025-04-02 18:24:37,119 - sec_monitor - INFO - API call successful
2025-04-02 18:25:07,149 - sec_monitor - INFO - ==================================================
2025-04-02 18:25:07,149 - sec_monitor - INFO - Processing middle chunk
2025-04-02 18:25:07,149 - sec_monitor - INFO - Timestamp: 2025-04-02 18:25:07
2025-04-02 18:25:08,229 - sec_monitor - INFO - token percentage = 65%
2025-04-02 18:25:08,229 - sec_monitor - INFO - Making API call - Attempt 1/3
2025-04-02 18:25:08,229 - sec_monitor - INFO - Timestamp: 2025-04-02 18:25:08
2025-04-02 18:25:41,515 - sec_monitor - INFO - API call successful
2025-04-02 18:26:11,536 - sec_monitor - INFO - ==================================================
2025-04-02 18:26:11,536 - sec_monitor - INFO - Processing middle chunk
2025-04-02 18:26:11,536 - sec_monitor - INFO - Timestamp: 2025-04-02 18:26:11
2025-04-02 18:26:12,506 - sec_monitor - INFO - token percentage = 48%
2025-04-02 18:26:12,506 - sec_monitor - INFO - Making API call - Attempt 1/3
2025-04-02 18:26:12,507 - sec_monitor - INFO - Timestamp: 2025-04-02 18:26:12
2025-04-02 18:26:39,838 - sec_monitor - INFO - API call successful
2025-04-02 18:27:09,869 - sec_monitor - INFO - ==================================================
2025-04-02 18:27:09,869 - sec_monitor - INFO - Processing last chunk
2025-04-02 18:27:09,869 - sec_monitor - INFO - Timestamp: 2025-04-02 18:27:09
2025-04-02 18:27:10,097 - sec_monitor - INFO - token percentage = 9%
2025-04-02 18:27:10,097 - sec_monitor - INFO - Making API call - Attempt 1/3
2025-04-02 18:27:10,097 - sec_monitor - INFO - Timestamp: 2025-04-02 18:27:10
2025-04-02 18:27:13,976 - sec_monitor - INFO - API call successful
2025-04-02 18:27:13,976 - sec_monitor - INFO - Making combine API call - Attempt 1/3
2025-04-02 18:27:13,976 - sec_monitor - INFO - Timestamp: 2025-04-02 18:27:13
2025-04-02 18:27:15,152 - sec_monitor - INFO - Combine API call successful
2025-04-02 18:27:16,153 - sec_monitor - INFO - Fetching supplementary data...
2025-04-02 18:27:17,188 - sec_monitor - INFO - filing_tickers type: <class 'list'>
2025-04-02 18:27:17,188 - sec_monitor - INFO - filing_data type: <class 'list'>
2025-04-02 18:27:17,188 - sec_monitor - INFO - Market open: True
2025-04-02 18:27:17,188 - sec_monitor - INFO - Number of filing times mapped: 1
2025-04-02 18:27:17,260 - sec_monitor - INFO - Last trading day: 2025-04-02
2025-04-02 18:27:17,260 - sec_monitor - INFO - Processing ticker: TJX
2025-04-02 18:27:17,597 - sec_monitor - INFO - Number of bars for TJX: 3
2025-04-02 18:27:17,597 - sec_monitor - INFO - Last bar close for TJX: 122.69
2025-04-02 18:27:17,598 - sec_monitor - INFO - Market open price for TJX: 122.69, change: 0.7886305758646132%
2025-04-02 18:27:18,023 - sec_monitor - INFO - Generating final output...
2025-04-02 18:27:18,024 - sec_monitor - INFO - Successfully merged 1 new filings with existing JSON
2025-04-02 18:27:18,024 - sec_monitor - INFO - Cumulative stats - Input words: 367132, Output words: 575
2025-04-02 18:27:18,024 - sec_monitor - INFO - Successfully saved/merged output to output/sec_filings.json
2025-04-02 18:27:18,024 - sec_monitor - INFO - Processing complete. Stats: {'input_words': 305240, 'output_words': 90, 'filings_processed': 1}
2025-04-02 21:10:47,773 - sec_monitor - INFO - Starting SEC filing monitor 
2025-04-02 21:10:47,773 - sec_monitor - INFO - Loading S&P 500 data...
2025-04-02 21:10:47,773 - sec_monitor - INFO - Starting S&P 500 data initialization
2025-04-02 21:10:47,774 - sec_monitor - INFO - Successfully loaded 503 S&P 500 tickers
2025-04-02 21:10:47,774 - sec_monitor - INFO - Successfully loaded 503 S&P 500 tickers
2025-04-02 21:10:47,774 - sec_monitor - INFO - Initializing components...
2025-04-02 21:10:47,774 - sec_monitor - INFO - Initializing components
2025-04-02 21:10:47,774 - sec_monitor - INFO - SEC fetcher initialized
2025-04-02 21:10:47,774 - sec_monitor - INFO - Filing analyzer initialized
2025-04-02 21:10:47,775 - sec_monitor - INFO - Alpaca clients initialized
2025-04-02 21:10:47,775 - sec_monitor - INFO - All components initialized successfully
2025-04-02 21:10:47,775 - sec_monitor - INFO - Found JSON file from today
2025-04-02 21:10:47,776 - sec_monitor - INFO - Found 8 previously processed accessions and 8 filing URLs
2025-04-02 21:10:47,776 - sec_monitor - INFO - Found 8 accession numbers and 8 URLs from previously processed filings
2025-04-02 21:10:47,776 - sec_monitor - INFO - Fetching SEC filings...
2025-04-02 21:11:02,144 - sec_monitor - INFO - No more entries found
2025-04-02 21:11:02,145 - sec_monitor - INFO - Completed fetching. Found 145 total filings
2025-04-02 21:11:02,145 - sec_monitor - INFO - Found 6 new interesting filings
2025-04-02 21:11:02,145 - sec_monitor - INFO - Found 6 new filings to process
2025-04-02 21:11:02,145 - sec_monitor - INFO - Processing filing 1/6: BRO
2025-04-02 21:22:33,034 - sec_monitor - INFO - ==================================================
2025-04-02 21:22:33,034 - sec_monitor - INFO - Processing first chunk
2025-04-02 21:22:33,034 - sec_monitor - INFO - Timestamp: 2025-04-02 21:22:33
2025-04-02 21:22:33,615 - sec_monitor - INFO - token percentage = 47%
2025-04-02 21:22:33,615 - sec_monitor - INFO - Making API call - Attempt 1/3
2025-04-02 21:22:33,615 - sec_monitor - INFO - Timestamp: 2025-04-02 21:22:33
2025-04-02 21:22:47,829 - sec_monitor - INFO - API call successful
2025-04-02 21:23:17,849 - sec_monitor - INFO - ==================================================
2025-04-02 21:23:17,849 - sec_monitor - INFO - Processing middle chunk
2025-04-02 21:23:17,849 - sec_monitor - INFO - Timestamp: 2025-04-02 21:23:17
2025-04-02 21:23:18,257 - sec_monitor - INFO - token percentage = 51%
2025-04-02 21:23:18,257 - sec_monitor - INFO - Making API call - Attempt 1/3
2025-04-02 21:23:18,257 - sec_monitor - INFO - Timestamp: 2025-04-02 21:23:18
2025-04-02 21:23:33,315 - sec_monitor - INFO - API call successful
2025-04-02 21:24:03,345 - sec_monitor - INFO - ==================================================
2025-04-02 21:24:03,346 - sec_monitor - INFO - Processing middle chunk
2025-04-02 21:24:03,346 - sec_monitor - INFO - Timestamp: 2025-04-02 21:24:03
2025-04-02 21:24:03,753 - sec_monitor - INFO - token percentage = 51%
2025-04-02 21:24:03,754 - sec_monitor - INFO - Making API call - Attempt 1/3
2025-04-02 21:24:03,754 - sec_monitor - INFO - Timestamp: 2025-04-02 21:24:03
2025-04-02 21:24:18,870 - sec_monitor - INFO - API call successful
2025-04-02 21:24:48,900 - sec_monitor - INFO - ==================================================
2025-04-02 21:24:48,900 - sec_monitor - INFO - Processing middle chunk
2025-04-02 21:24:48,901 - sec_monitor - INFO - Timestamp: 2025-04-02 21:24:48
2025-04-02 21:24:49,307 - sec_monitor - INFO - token percentage = 50%
2025-04-02 21:24:49,307 - sec_monitor - INFO - Making API call - Attempt 1/3
2025-04-02 21:24:49,307 - sec_monitor - INFO - Timestamp: 2025-04-02 21:24:49
2025-04-02 21:25:04,500 - sec_monitor - INFO - API call successful
2025-04-02 21:25:34,513 - sec_monitor - INFO - ==================================================
2025-04-02 21:25:34,513 - sec_monitor - INFO - Processing middle chunk
2025-04-02 21:25:34,513 - sec_monitor - INFO - Timestamp: 2025-04-02 21:25:34
2025-04-02 21:25:34,860 - sec_monitor - INFO - token percentage = 51%
2025-04-02 21:25:34,860 - sec_monitor - INFO - Making API call - Attempt 1/3
2025-04-02 21:25:34,860 - sec_monitor - INFO - Timestamp: 2025-04-02 21:25:34
2025-04-02 21:25:49,516 - sec_monitor - INFO - API call successful
2025-04-02 21:26:19,547 - sec_monitor - INFO - ==================================================
2025-04-02 21:26:19,547 - sec_monitor - INFO - Processing middle chunk
2025-04-02 21:26:19,547 - sec_monitor - INFO - Timestamp: 2025-04-02 21:26:19
2025-04-02 21:26:19,937 - sec_monitor - INFO - token percentage = 49%
2025-04-02 21:26:19,938 - sec_monitor - INFO - Making API call - Attempt 1/3
2025-04-02 21:26:19,938 - sec_monitor - INFO - Timestamp: 2025-04-02 21:26:19
2025-04-02 21:26:34,252 - sec_monitor - INFO - API call successful
2025-04-02 21:27:04,276 - sec_monitor - INFO - ==================================================
2025-04-02 21:27:04,276 - sec_monitor - INFO - Processing middle chunk
2025-04-02 21:27:04,276 - sec_monitor - INFO - Timestamp: 2025-04-02 21:27:04
2025-04-02 21:27:04,557 - sec_monitor - INFO - token percentage = 51%
2025-04-02 21:27:04,557 - sec_monitor - INFO - Making API call - Attempt 1/3
2025-04-02 21:27:04,557 - sec_monitor - INFO - Timestamp: 2025-04-02 21:27:04
2025-04-02 21:27:19,724 - sec_monitor - INFO - API call successful
2025-04-02 21:27:49,752 - sec_monitor - INFO - ==================================================
2025-04-02 21:27:49,753 - sec_monitor - INFO - Processing middle chunk
2025-04-02 21:27:49,753 - sec_monitor - INFO - Timestamp: 2025-04-02 21:27:49
2025-04-02 21:27:50,146 - sec_monitor - INFO - token percentage = 50%
2025-04-02 21:27:50,146 - sec_monitor - INFO - Making API call - Attempt 1/3
2025-04-02 21:27:50,146 - sec_monitor - INFO - Timestamp: 2025-04-02 21:27:50
2025-04-02 21:28:04,608 - sec_monitor - INFO - API call successful
2025-04-02 21:28:34,627 - sec_monitor - INFO - ==================================================
2025-04-02 21:28:34,628 - sec_monitor - INFO - Processing middle chunk
2025-04-02 21:28:34,628 - sec_monitor - INFO - Timestamp: 2025-04-02 21:28:34
2025-04-02 21:28:35,067 - sec_monitor - INFO - token percentage = 50%
2025-04-02 21:28:35,067 - sec_monitor - INFO - Making API call - Attempt 1/3
2025-04-02 21:28:35,067 - sec_monitor - INFO - Timestamp: 2025-04-02 21:28:35
2025-04-02 21:28:50,216 - sec_monitor - INFO - API call successful
2025-04-02 21:29:20,246 - sec_monitor - INFO - ==================================================
2025-04-02 21:29:20,247 - sec_monitor - INFO - Processing middle chunk
2025-04-02 21:29:20,247 - sec_monitor - INFO - Timestamp: 2025-04-02 21:29:20
2025-04-02 21:29:20,682 - sec_monitor - INFO - token percentage = 49%
2025-04-02 21:29:20,682 - sec_monitor - INFO - Making API call - Attempt 1/3
2025-04-02 21:29:20,683 - sec_monitor - INFO - Timestamp: 2025-04-02 21:29:20
2025-04-02 21:29:35,181 - sec_monitor - INFO - API call successful
2025-04-02 21:30:05,202 - sec_monitor - INFO - ==================================================
2025-04-02 21:30:05,202 - sec_monitor - INFO - Processing middle chunk
2025-04-02 21:30:05,202 - sec_monitor - INFO - Timestamp: 2025-04-02 21:30:05
2025-04-02 21:30:05,536 - sec_monitor - INFO - token percentage = 50%
2025-04-02 21:30:05,537 - sec_monitor - INFO - Making API call - Attempt 1/3
2025-04-02 21:30:05,537 - sec_monitor - INFO - Timestamp: 2025-04-02 21:30:05
2025-04-02 21:30:20,031 - sec_monitor - INFO - API call successful
2025-04-02 21:30:50,062 - sec_monitor - INFO - ==================================================
2025-04-02 21:30:50,062 - sec_monitor - INFO - Processing middle chunk
2025-04-02 21:30:50,062 - sec_monitor - INFO - Timestamp: 2025-04-02 21:30:50
2025-04-02 21:30:50,344 - sec_monitor - INFO - token percentage = 48%
2025-04-02 21:30:50,344 - sec_monitor - INFO - Making API call - Attempt 1/3
2025-04-02 21:30:50,344 - sec_monitor - INFO - Timestamp: 2025-04-02 21:30:50
2025-04-02 21:31:04,301 - sec_monitor - INFO - API call successful
2025-04-02 21:31:34,332 - sec_monitor - INFO - ==================================================
2025-04-02 21:31:34,332 - sec_monitor - INFO - Processing middle chunk
2025-04-02 21:31:34,332 - sec_monitor - INFO - Timestamp: 2025-04-02 21:31:34
2025-04-02 21:31:34,718 - sec_monitor - INFO - token percentage = 50%
2025-04-02 21:31:34,718 - sec_monitor - INFO - Making API call - Attempt 1/3
2025-04-02 21:31:34,718 - sec_monitor - INFO - Timestamp: 2025-04-02 21:31:34
2025-04-02 21:31:48,911 - sec_monitor - INFO - API call successful
2025-04-02 21:32:18,939 - sec_monitor - INFO - ==================================================
2025-04-02 21:32:18,940 - sec_monitor - INFO - Processing middle chunk
2025-04-02 21:32:18,940 - sec_monitor - INFO - Timestamp: 2025-04-02 21:32:18
2025-04-02 21:32:19,344 - sec_monitor - INFO - token percentage = 51%
2025-04-02 21:32:19,344 - sec_monitor - INFO - Making API call - Attempt 1/3
2025-04-02 21:32:19,344 - sec_monitor - INFO - Timestamp: 2025-04-02 21:32:19
2025-04-02 21:32:33,985 - sec_monitor - INFO - API call successful
2025-04-02 21:33:04,015 - sec_monitor - INFO - ==================================================
2025-04-02 21:33:04,015 - sec_monitor - INFO - Processing middle chunk
2025-04-02 21:33:04,015 - sec_monitor - INFO - Timestamp: 2025-04-02 21:33:04
2025-04-02 21:33:04,399 - sec_monitor - INFO - token percentage = 50%
2025-04-02 21:33:04,399 - sec_monitor - INFO - Making API call - Attempt 1/3
2025-04-02 21:33:04,399 - sec_monitor - INFO - Timestamp: 2025-04-02 21:33:04
2025-04-02 21:33:18,721 - sec_monitor - INFO - API call successful
2025-04-02 21:33:48,751 - sec_monitor - INFO - ==================================================
2025-04-02 21:33:48,752 - sec_monitor - INFO - Processing middle chunk
2025-04-02 21:33:48,752 - sec_monitor - INFO - Timestamp: 2025-04-02 21:33:48
2025-04-02 21:33:49,166 - sec_monitor - INFO - token percentage = 48%
2025-04-02 21:33:49,166 - sec_monitor - INFO - Making API call - Attempt 1/3
2025-04-02 21:33:49,166 - sec_monitor - INFO - Timestamp: 2025-04-02 21:33:49
2025-04-02 21:34:02,916 - sec_monitor - INFO - API call successful
2025-04-02 21:34:32,931 - sec_monitor - INFO - ==================================================
2025-04-02 21:34:32,931 - sec_monitor - INFO - Processing middle chunk
2025-04-02 21:34:32,931 - sec_monitor - INFO - Timestamp: 2025-04-02 21:34:32
2025-04-02 21:34:33,340 - sec_monitor - INFO - token percentage = 51%
2025-04-02 21:34:33,340 - sec_monitor - INFO - Making API call - Attempt 1/3
2025-04-02 21:34:33,340 - sec_monitor - INFO - Timestamp: 2025-04-02 21:34:33
2025-04-02 21:34:48,056 - sec_monitor - INFO - API call successful
2025-04-02 21:35:18,058 - sec_monitor - INFO - ==================================================
2025-04-02 21:35:18,058 - sec_monitor - INFO - Processing middle chunk
2025-04-02 21:35:18,058 - sec_monitor - INFO - Timestamp: 2025-04-02 21:35:18
2025-04-02 21:35:18,560 - sec_monitor - INFO - token percentage = 50%
2025-04-02 21:35:18,560 - sec_monitor - INFO - Making API call - Attempt 1/3
2025-04-02 21:35:18,560 - sec_monitor - INFO - Timestamp: 2025-04-02 21:35:18
2025-04-02 21:35:33,140 - sec_monitor - INFO - API call successful
2025-04-02 21:36:03,169 - sec_monitor - INFO - ==================================================
2025-04-02 21:36:03,169 - sec_monitor - INFO - Processing middle chunk
2025-04-02 21:36:03,169 - sec_monitor - INFO - Timestamp: 2025-04-02 21:36:03
2025-04-02 21:36:03,592 - sec_monitor - INFO - token percentage = 49%
2025-04-02 21:36:03,592 - sec_monitor - INFO - Making API call - Attempt 1/3
2025-04-02 21:36:03,592 - sec_monitor - INFO - Timestamp: 2025-04-02 21:36:03
2025-04-02 21:36:17,776 - sec_monitor - INFO - API call successful
2025-04-02 21:36:47,805 - sec_monitor - INFO - ==================================================
2025-04-02 21:36:47,805 - sec_monitor - INFO - Processing middle chunk
2025-04-02 21:36:47,805 - sec_monitor - INFO - Timestamp: 2025-04-02 21:36:47
2025-04-02 21:36:48,233 - sec_monitor - INFO - token percentage = 50%
2025-04-02 21:36:48,233 - sec_monitor - INFO - Making API call - Attempt 1/3
2025-04-02 21:36:48,233 - sec_monitor - INFO - Timestamp: 2025-04-02 21:36:48
2025-04-02 21:37:02,723 - sec_monitor - INFO - API call successful
2025-04-02 21:37:32,753 - sec_monitor - INFO - ==================================================
2025-04-02 21:37:32,753 - sec_monitor - INFO - Processing middle chunk
2025-04-02 21:37:32,753 - sec_monitor - INFO - Timestamp: 2025-04-02 21:37:32
2025-04-02 21:37:33,158 - sec_monitor - INFO - token percentage = 49%
2025-04-02 21:37:33,158 - sec_monitor - INFO - Making API call - Attempt 1/3
2025-04-02 21:37:33,159 - sec_monitor - INFO - Timestamp: 2025-04-02 21:37:33
2025-04-02 21:37:47,820 - sec_monitor - INFO - API call successful
2025-04-02 21:38:17,827 - sec_monitor - INFO - ==================================================
2025-04-02 21:38:17,827 - sec_monitor - INFO - Processing middle chunk
2025-04-02 21:38:17,827 - sec_monitor - INFO - Timestamp: 2025-04-02 21:38:17
2025-04-02 21:38:18,256 - sec_monitor - INFO - token percentage = 49%
2025-04-02 21:38:18,256 - sec_monitor - INFO - Making API call - Attempt 1/3
2025-04-02 21:38:18,256 - sec_monitor - INFO - Timestamp: 2025-04-02 21:38:18
2025-04-02 21:38:56,060 - sec_monitor - INFO - API call successful
2025-04-02 21:39:26,091 - sec_monitor - INFO - ==================================================
2025-04-02 21:39:26,091 - sec_monitor - INFO - Processing middle chunk
2025-04-02 21:39:26,091 - sec_monitor - INFO - Timestamp: 2025-04-02 21:39:26
2025-04-02 21:39:26,434 - sec_monitor - INFO - token percentage = 51%
2025-04-02 21:39:26,435 - sec_monitor - INFO - Making API call - Attempt 1/3
2025-04-02 21:39:26,435 - sec_monitor - INFO - Timestamp: 2025-04-02 21:39:26
2025-04-02 21:39:41,431 - sec_monitor - INFO - API call successful
2025-04-02 21:40:11,461 - sec_monitor - INFO - ==================================================
2025-04-02 21:40:11,462 - sec_monitor - INFO - Processing middle chunk
2025-04-02 21:40:11,462 - sec_monitor - INFO - Timestamp: 2025-04-02 21:40:11
2025-04-02 21:40:11,769 - sec_monitor - INFO - token percentage = 50%
2025-04-02 21:40:11,769 - sec_monitor - INFO - Making API call - Attempt 1/3
2025-04-02 21:40:11,769 - sec_monitor - INFO - Timestamp: 2025-04-02 21:40:11
2025-04-02 21:40:26,228 - sec_monitor - INFO - API call successful
2025-04-02 21:40:56,258 - sec_monitor - INFO - ==================================================
2025-04-02 21:40:56,258 - sec_monitor - INFO - Processing middle chunk
2025-04-02 21:40:56,259 - sec_monitor - INFO - Timestamp: 2025-04-02 21:40:56
2025-04-02 21:40:56,574 - sec_monitor - INFO - token percentage = 50%
2025-04-02 21:40:56,574 - sec_monitor - INFO - Making API call - Attempt 1/3
2025-04-02 21:40:56,575 - sec_monitor - INFO - Timestamp: 2025-04-02 21:40:56
2025-04-02 21:41:11,089 - sec_monitor - INFO - API call successful
2025-04-02 21:41:41,111 - sec_monitor - INFO - ==================================================
2025-04-02 21:41:41,111 - sec_monitor - INFO - Processing middle chunk
2025-04-02 21:41:41,111 - sec_monitor - INFO - Timestamp: 2025-04-02 21:41:41
2025-04-02 21:41:41,494 - sec_monitor - INFO - token percentage = 49%
2025-04-02 21:41:41,494 - sec_monitor - INFO - Making API call - Attempt 1/3
2025-04-02 21:41:41,494 - sec_monitor - INFO - Timestamp: 2025-04-02 21:41:41
2025-04-02 21:42:15,956 - sec_monitor - INFO - API call successful
2025-04-02 21:42:45,987 - sec_monitor - INFO - ==================================================
2025-04-02 21:42:45,987 - sec_monitor - INFO - Processing middle chunk
2025-04-02 21:42:45,987 - sec_monitor - INFO - Timestamp: 2025-04-02 21:42:45
2025-04-02 21:42:46,415 - sec_monitor - INFO - token percentage = 50%
2025-04-02 21:42:46,415 - sec_monitor - INFO - Making API call - Attempt 1/3
2025-04-02 21:42:46,415 - sec_monitor - INFO - Timestamp: 2025-04-02 21:42:46
2025-04-02 21:43:00,835 - sec_monitor - INFO - API call successful
2025-04-02 21:43:30,840 - sec_monitor - INFO - ==================================================
2025-04-02 21:43:30,840 - sec_monitor - INFO - Processing middle chunk
2025-04-02 21:43:30,840 - sec_monitor - INFO - Timestamp: 2025-04-02 21:43:30
2025-04-02 21:43:31,287 - sec_monitor - INFO - token percentage = 51%
2025-04-02 21:43:31,287 - sec_monitor - INFO - Making API call - Attempt 1/3
2025-04-02 21:43:31,287 - sec_monitor - INFO - Timestamp: 2025-04-02 21:43:31
2025-04-02 21:43:46,513 - sec_monitor - INFO - API call successful
2025-04-02 21:44:16,531 - sec_monitor - INFO - ==================================================
2025-04-02 21:44:16,531 - sec_monitor - INFO - Processing middle chunk
2025-04-02 21:44:16,531 - sec_monitor - INFO - Timestamp: 2025-04-02 21:44:16
2025-04-02 21:44:16,873 - sec_monitor - INFO - token percentage = 50%
2025-04-02 21:44:16,873 - sec_monitor - INFO - Making API call - Attempt 1/3
2025-04-02 21:44:16,873 - sec_monitor - INFO - Timestamp: 2025-04-02 21:44:16
2025-04-02 21:44:31,746 - sec_monitor - INFO - API call successful
2025-04-02 21:45:01,775 - sec_monitor - INFO - ==================================================
2025-04-02 21:45:01,775 - sec_monitor - INFO - Processing middle chunk
2025-04-02 21:45:01,775 - sec_monitor - INFO - Timestamp: 2025-04-02 21:45:01
2025-04-02 21:45:02,166 - sec_monitor - INFO - token percentage = 50%
2025-04-02 21:45:02,166 - sec_monitor - INFO - Making API call - Attempt 1/3
2025-04-02 21:45:02,166 - sec_monitor - INFO - Timestamp: 2025-04-02 21:45:02
2025-04-02 21:45:16,643 - sec_monitor - INFO - API call successful
2025-04-02 21:45:46,674 - sec_monitor - INFO - ==================================================
2025-04-02 21:45:46,674 - sec_monitor - INFO - Processing middle chunk
2025-04-02 21:45:46,674 - sec_monitor - INFO - Timestamp: 2025-04-02 21:45:46
2025-04-02 21:45:47,121 - sec_monitor - INFO - token percentage = 49%
2025-04-02 21:45:47,121 - sec_monitor - INFO - Making API call - Attempt 1/3
2025-04-02 21:45:47,121 - sec_monitor - INFO - Timestamp: 2025-04-02 21:45:47
2025-04-02 21:46:01,642 - sec_monitor - INFO - API call successful
2025-04-02 21:46:31,665 - sec_monitor - INFO - ==================================================
2025-04-02 21:46:31,665 - sec_monitor - INFO - Processing middle chunk
2025-04-02 21:46:31,665 - sec_monitor - INFO - Timestamp: 2025-04-02 21:46:31
2025-04-02 21:46:32,130 - sec_monitor - INFO - token percentage = 50%
2025-04-02 21:46:32,130 - sec_monitor - INFO - Making API call - Attempt 1/3
2025-04-02 21:46:32,130 - sec_monitor - INFO - Timestamp: 2025-04-02 21:46:32
2025-04-02 21:46:46,580 - sec_monitor - INFO - API call successful
2025-04-02 21:47:16,611 - sec_monitor - INFO - ==================================================
2025-04-02 21:47:16,611 - sec_monitor - INFO - Processing middle chunk
2025-04-02 21:47:16,611 - sec_monitor - INFO - Timestamp: 2025-04-02 21:47:16
2025-04-02 21:47:16,985 - sec_monitor - INFO - token percentage = 51%
2025-04-02 21:47:16,986 - sec_monitor - INFO - Making API call - Attempt 1/3
2025-04-02 21:47:16,986 - sec_monitor - INFO - Timestamp: 2025-04-02 21:47:16
2025-04-02 21:47:31,879 - sec_monitor - INFO - API call successful
2025-04-02 21:48:01,909 - sec_monitor - INFO - ==================================================
2025-04-02 21:48:01,909 - sec_monitor - INFO - Processing middle chunk
2025-04-02 21:48:01,909 - sec_monitor - INFO - Timestamp: 2025-04-02 21:48:01
2025-04-02 21:48:02,286 - sec_monitor - INFO - token percentage = 50%
2025-04-02 21:48:02,286 - sec_monitor - INFO - Making API call - Attempt 1/3
2025-04-02 21:48:02,286 - sec_monitor - INFO - Timestamp: 2025-04-02 21:48:02
2025-04-02 21:48:16,829 - sec_monitor - INFO - API call successful
2025-04-02 21:48:46,857 - sec_monitor - INFO - ==================================================
2025-04-02 21:48:46,857 - sec_monitor - INFO - Processing middle chunk
2025-04-02 21:48:46,857 - sec_monitor - INFO - Timestamp: 2025-04-02 21:48:46
2025-04-02 21:48:47,196 - sec_monitor - INFO - token percentage = 51%
2025-04-02 21:48:47,197 - sec_monitor - INFO - Making API call - Attempt 1/3
2025-04-02 21:48:47,197 - sec_monitor - INFO - Timestamp: 2025-04-02 21:48:47
2025-04-02 21:49:02,124 - sec_monitor - INFO - API call successful
2025-04-02 21:49:32,154 - sec_monitor - INFO - ==================================================
2025-04-02 21:49:32,155 - sec_monitor - INFO - Processing middle chunk
2025-04-02 21:49:32,155 - sec_monitor - INFO - Timestamp: 2025-04-02 21:49:32
2025-04-02 21:49:32,539 - sec_monitor - INFO - token percentage = 51%
2025-04-02 21:49:32,540 - sec_monitor - INFO - Making API call - Attempt 1/3
2025-04-02 21:49:32,540 - sec_monitor - INFO - Timestamp: 2025-04-02 21:49:32
2025-04-02 21:49:46,984 - sec_monitor - INFO - API call successful
2025-04-02 21:50:17,014 - sec_monitor - INFO - ==================================================
2025-04-02 21:50:17,015 - sec_monitor - INFO - Processing middle chunk
2025-04-02 21:50:17,015 - sec_monitor - INFO - Timestamp: 2025-04-02 21:50:17
2025-04-02 21:50:17,474 - sec_monitor - INFO - token percentage = 51%
2025-04-02 21:50:17,474 - sec_monitor - INFO - Making API call - Attempt 1/3
2025-04-02 21:50:17,474 - sec_monitor - INFO - Timestamp: 2025-04-02 21:50:17
2025-04-02 21:50:32,165 - sec_monitor - INFO - API call successful
2025-04-02 21:51:02,171 - sec_monitor - INFO - ==================================================
2025-04-02 21:51:02,171 - sec_monitor - INFO - Processing middle chunk
2025-04-02 21:51:02,171 - sec_monitor - INFO - Timestamp: 2025-04-02 21:51:02
2025-04-02 21:51:02,591 - sec_monitor - INFO - token percentage = 51%
2025-04-02 21:51:02,592 - sec_monitor - INFO - Making API call - Attempt 1/3
2025-04-02 21:51:02,592 - sec_monitor - INFO - Timestamp: 2025-04-02 21:51:02
2025-04-02 21:51:17,913 - sec_monitor - INFO - API call successful
2025-04-02 21:51:47,943 - sec_monitor - INFO - ==================================================
2025-04-02 21:51:47,943 - sec_monitor - INFO - Processing middle chunk
2025-04-02 21:51:47,943 - sec_monitor - INFO - Timestamp: 2025-04-02 21:51:47
2025-04-02 21:51:48,262 - sec_monitor - INFO - token percentage = 50%
2025-04-02 21:51:48,262 - sec_monitor - INFO - Making API call - Attempt 1/3
2025-04-02 21:51:48,262 - sec_monitor - INFO - Timestamp: 2025-04-02 21:51:48
2025-04-02 21:52:03,217 - sec_monitor - INFO - API call successful
2025-04-02 21:52:33,222 - sec_monitor - INFO - ==================================================
2025-04-02 21:52:33,222 - sec_monitor - INFO - Processing middle chunk
2025-04-02 21:52:33,222 - sec_monitor - INFO - Timestamp: 2025-04-02 21:52:33
2025-04-02 21:52:33,611 - sec_monitor - INFO - token percentage = 51%
2025-04-02 21:52:33,612 - sec_monitor - INFO - Making API call - Attempt 1/3
2025-04-02 21:52:33,612 - sec_monitor - INFO - Timestamp: 2025-04-02 21:52:33
2025-04-02 21:52:49,208 - sec_monitor - INFO - API call successful
2025-04-02 21:53:19,239 - sec_monitor - INFO - ==================================================
2025-04-02 21:53:19,239 - sec_monitor - INFO - Processing middle chunk
2025-04-02 21:53:19,239 - sec_monitor - INFO - Timestamp: 2025-04-02 21:53:19
2025-04-02 21:53:19,635 - sec_monitor - INFO - token percentage = 51%
2025-04-02 21:53:19,635 - sec_monitor - INFO - Making API call - Attempt 1/3
2025-04-02 21:53:19,635 - sec_monitor - INFO - Timestamp: 2025-04-02 21:53:19
2025-04-02 21:53:34,970 - sec_monitor - INFO - API call successful
2025-04-02 21:54:05,001 - sec_monitor - INFO - ==================================================
2025-04-02 21:54:05,001 - sec_monitor - INFO - Processing middle chunk
2025-04-02 21:54:05,001 - sec_monitor - INFO - Timestamp: 2025-04-02 21:54:05
2025-04-02 21:54:05,356 - sec_monitor - INFO - token percentage = 50%
2025-04-02 21:54:05,357 - sec_monitor - INFO - Making API call - Attempt 1/3
2025-04-02 21:54:05,357 - sec_monitor - INFO - Timestamp: 2025-04-02 21:54:05
2025-04-02 21:54:20,263 - sec_monitor - INFO - API call successful
2025-04-02 21:54:50,293 - sec_monitor - INFO - ==================================================
2025-04-02 21:54:50,294 - sec_monitor - INFO - Processing middle chunk
2025-04-02 21:54:50,294 - sec_monitor - INFO - Timestamp: 2025-04-02 21:54:50
2025-04-02 21:54:50,663 - sec_monitor - INFO - token percentage = 52%
2025-04-02 21:54:50,663 - sec_monitor - INFO - Making API call - Attempt 1/3
2025-04-02 21:54:50,663 - sec_monitor - INFO - Timestamp: 2025-04-02 21:54:50
2025-04-02 21:55:06,038 - sec_monitor - INFO - API call successful
2025-04-02 21:55:36,068 - sec_monitor - INFO - ==================================================
2025-04-02 21:55:36,068 - sec_monitor - INFO - Processing middle chunk
2025-04-02 21:55:36,068 - sec_monitor - INFO - Timestamp: 2025-04-02 21:55:36
2025-04-02 21:55:36,540 - sec_monitor - INFO - token percentage = 49%
2025-04-02 21:55:36,540 - sec_monitor - INFO - Making API call - Attempt 1/3
2025-04-02 21:55:36,540 - sec_monitor - INFO - Timestamp: 2025-04-02 21:55:36
2025-04-02 21:55:51,198 - sec_monitor - INFO - API call successful
2025-04-02 21:56:21,200 - sec_monitor - INFO - ==================================================
2025-04-02 21:56:21,200 - sec_monitor - INFO - Processing middle chunk
2025-04-02 21:56:21,200 - sec_monitor - INFO - Timestamp: 2025-04-02 21:56:21
2025-04-02 21:56:21,541 - sec_monitor - INFO - token percentage = 48%
2025-04-02 21:56:21,542 - sec_monitor - INFO - Making API call - Attempt 1/3
2025-04-02 21:56:21,542 - sec_monitor - INFO - Timestamp: 2025-04-02 21:56:21
2025-04-02 21:56:35,741 - sec_monitor - INFO - API call successful
2025-04-02 21:57:05,771 - sec_monitor - INFO - ==================================================
2025-04-02 21:57:05,771 - sec_monitor - INFO - Processing middle chunk
2025-04-02 21:57:05,771 - sec_monitor - INFO - Timestamp: 2025-04-02 21:57:05
2025-04-02 21:57:06,099 - sec_monitor - INFO - token percentage = 45%
2025-04-02 21:57:06,099 - sec_monitor - INFO - Making API call - Attempt 1/3
2025-04-02 21:57:06,099 - sec_monitor - INFO - Timestamp: 2025-04-02 21:57:06
2025-04-02 21:57:19,447 - sec_monitor - INFO - API call successful
2025-04-02 21:57:49,478 - sec_monitor - INFO - ==================================================
2025-04-02 21:57:49,478 - sec_monitor - INFO - Processing middle chunk
2025-04-02 21:57:49,478 - sec_monitor - INFO - Timestamp: 2025-04-02 21:57:49
2025-04-02 21:57:49,837 - sec_monitor - INFO - token percentage = 49%
2025-04-02 21:57:49,838 - sec_monitor - INFO - Making API call - Attempt 1/3
2025-04-02 21:57:49,838 - sec_monitor - INFO - Timestamp: 2025-04-02 21:57:49
2025-04-02 21:58:04,761 - sec_monitor - INFO - API call successful
2025-04-02 21:58:34,792 - sec_monitor - INFO - ==================================================
2025-04-02 21:58:34,792 - sec_monitor - INFO - Processing middle chunk
2025-04-02 21:58:34,792 - sec_monitor - INFO - Timestamp: 2025-04-02 21:58:34
2025-04-02 21:58:35,210 - sec_monitor - INFO - token percentage = 49%
2025-04-02 21:58:35,210 - sec_monitor - INFO - Making API call - Attempt 1/3
2025-04-02 21:58:35,210 - sec_monitor - INFO - Timestamp: 2025-04-02 21:58:35
2025-04-02 21:58:49,549 - sec_monitor - INFO - API call successful
2025-04-02 21:59:19,565 - sec_monitor - INFO - ==================================================
2025-04-02 21:59:19,565 - sec_monitor - INFO - Processing middle chunk
2025-04-02 21:59:19,565 - sec_monitor - INFO - Timestamp: 2025-04-02 21:59:19
2025-04-02 21:59:19,879 - sec_monitor - INFO - token percentage = 51%
2025-04-02 21:59:19,879 - sec_monitor - INFO - Making API call - Attempt 1/3
2025-04-02 21:59:19,879 - sec_monitor - INFO - Timestamp: 2025-04-02 21:59:19
2025-04-02 21:59:34,444 - sec_monitor - INFO - API call successful
2025-04-02 22:00:04,474 - sec_monitor - INFO - ==================================================
2025-04-02 22:00:04,475 - sec_monitor - INFO - Processing middle chunk
2025-04-02 22:00:04,475 - sec_monitor - INFO - Timestamp: 2025-04-02 22:00:04
2025-04-02 22:00:04,787 - sec_monitor - INFO - token percentage = 49%
2025-04-02 22:00:04,787 - sec_monitor - INFO - Making API call - Attempt 1/3
2025-04-02 22:00:04,787 - sec_monitor - INFO - Timestamp: 2025-04-02 22:00:04
2025-04-02 22:00:19,494 - sec_monitor - INFO - API call successful
2025-04-02 22:00:49,524 - sec_monitor - INFO - ==================================================
2025-04-02 22:00:49,524 - sec_monitor - INFO - Processing middle chunk
2025-04-02 22:00:49,525 - sec_monitor - INFO - Timestamp: 2025-04-02 22:00:49
2025-04-02 22:00:49,917 - sec_monitor - INFO - token percentage = 51%
2025-04-02 22:00:49,917 - sec_monitor - INFO - Making API call - Attempt 1/3
2025-04-02 22:00:49,917 - sec_monitor - INFO - Timestamp: 2025-04-02 22:00:49
2025-04-02 22:01:04,697 - sec_monitor - INFO - API call successful
2025-04-02 22:01:34,717 - sec_monitor - INFO - ==================================================
2025-04-02 22:01:34,717 - sec_monitor - INFO - Processing middle chunk
2025-04-02 22:01:34,717 - sec_monitor - INFO - Timestamp: 2025-04-02 22:01:34
2025-04-02 22:01:35,017 - sec_monitor - INFO - token percentage = 49%
2025-04-02 22:01:35,017 - sec_monitor - INFO - Making API call - Attempt 1/3
2025-04-02 22:01:35,017 - sec_monitor - INFO - Timestamp: 2025-04-02 22:01:35
2025-04-02 22:01:50,089 - sec_monitor - INFO - API call successful
2025-04-02 22:02:20,119 - sec_monitor - INFO - ==================================================
2025-04-02 22:02:20,119 - sec_monitor - INFO - Processing middle chunk
2025-04-02 22:02:20,120 - sec_monitor - INFO - Timestamp: 2025-04-02 22:02:20
2025-04-02 22:02:20,620 - sec_monitor - INFO - token percentage = 51%
2025-04-02 22:02:20,620 - sec_monitor - INFO - Making API call - Attempt 1/3
2025-04-02 22:02:20,620 - sec_monitor - INFO - Timestamp: 2025-04-02 22:02:20
2025-04-02 22:02:35,536 - sec_monitor - INFO - API call successful
2025-04-02 22:03:05,566 - sec_monitor - INFO - ==================================================
2025-04-02 22:03:05,566 - sec_monitor - INFO - Processing middle chunk
2025-04-02 22:03:05,567 - sec_monitor - INFO - Timestamp: 2025-04-02 22:03:05
2025-04-02 22:03:05,922 - sec_monitor - INFO - token percentage = 50%
2025-04-02 22:03:05,923 - sec_monitor - INFO - Making API call - Attempt 1/3
2025-04-02 22:03:05,923 - sec_monitor - INFO - Timestamp: 2025-04-02 22:03:05
2025-04-02 22:03:20,762 - sec_monitor - INFO - API call successful
2025-04-02 22:03:50,793 - sec_monitor - INFO - ==================================================
2025-04-02 22:03:50,793 - sec_monitor - INFO - Processing middle chunk
2025-04-02 22:03:50,793 - sec_monitor - INFO - Timestamp: 2025-04-02 22:03:50
2025-04-02 22:03:51,075 - sec_monitor - INFO - token percentage = 52%
2025-04-02 22:03:51,075 - sec_monitor - INFO - Making API call - Attempt 1/3
2025-04-02 22:03:51,075 - sec_monitor - INFO - Timestamp: 2025-04-02 22:03:51
2025-04-02 22:04:05,974 - sec_monitor - INFO - API call successful
2025-04-02 22:04:36,005 - sec_monitor - INFO - ==================================================
2025-04-02 22:04:36,005 - sec_monitor - INFO - Processing last chunk
2025-04-02 22:04:36,005 - sec_monitor - INFO - Timestamp: 2025-04-02 22:04:36
2025-04-02 22:04:36,166 - sec_monitor - INFO - token percentage = 18%
2025-04-02 22:04:36,167 - sec_monitor - INFO - Making API call - Attempt 1/3
2025-04-02 22:04:36,167 - sec_monitor - INFO - Timestamp: 2025-04-02 22:04:36
2025-04-02 22:04:41,938 - sec_monitor - INFO - API call successful
2025-04-02 22:04:41,938 - sec_monitor - INFO - Making combine API call - Attempt 1/3
2025-04-02 22:04:41,939 - sec_monitor - INFO - Timestamp: 2025-04-02 22:04:41
2025-04-02 22:04:43,052 - sec_monitor - INFO - Combine API call successful
2025-04-02 22:04:44,053 - sec_monitor - INFO - Processing filing 2/6: A
2025-04-02 22:05:14,505 - sec_monitor - INFO - ==================================================
2025-04-02 22:05:14,505 - sec_monitor - INFO - Processing first chunk
2025-04-02 22:05:14,505 - sec_monitor - INFO - Timestamp: 2025-04-02 22:05:14
2025-04-02 22:05:14,593 - sec_monitor - INFO - token percentage = 2%
2025-04-02 22:05:14,594 - sec_monitor - INFO - Making API call - Attempt 1/3
2025-04-02 22:05:14,594 - sec_monitor - INFO - Timestamp: 2025-04-02 22:05:14
2025-04-02 22:05:15,927 - sec_monitor - INFO - API call successful
2025-04-02 22:05:16,929 - sec_monitor - INFO - Processing filing 3/6: O
2025-04-02 22:05:47,943 - sec_monitor - INFO - ==================================================
2025-04-02 22:05:47,943 - sec_monitor - INFO - Processing first chunk
2025-04-02 22:05:47,943 - sec_monitor - INFO - Timestamp: 2025-04-02 22:05:47
2025-04-02 22:05:48,223 - sec_monitor - INFO - token percentage = 11%
2025-04-02 22:05:48,223 - sec_monitor - INFO - Making API call - Attempt 1/3
2025-04-02 22:05:48,223 - sec_monitor - INFO - Timestamp: 2025-04-02 22:05:48
2025-04-02 22:05:53,159 - sec_monitor - INFO - API call successful
2025-04-02 22:05:54,160 - sec_monitor - INFO - Processing filing 4/6: JCI
2025-04-02 22:06:24,733 - sec_monitor - INFO - ==================================================
2025-04-02 22:06:24,733 - sec_monitor - INFO - Processing first chunk
2025-04-02 22:06:24,733 - sec_monitor - INFO - Timestamp: 2025-04-02 22:06:24
2025-04-02 22:06:24,857 - sec_monitor - INFO - token percentage = 5%
2025-04-02 22:06:24,857 - sec_monitor - INFO - Making API call - Attempt 1/3
2025-04-02 22:06:24,857 - sec_monitor - INFO - Timestamp: 2025-04-02 22:06:24
2025-04-02 22:06:27,831 - sec_monitor - INFO - API call successful
2025-04-02 22:06:28,832 - sec_monitor - INFO - Processing filing 5/6: OKE
2025-04-02 22:07:00,429 - sec_monitor - INFO - ==================================================
2025-04-02 22:07:00,429 - sec_monitor - INFO - Processing first chunk
2025-04-02 22:07:00,430 - sec_monitor - INFO - Timestamp: 2025-04-02 22:07:00
2025-04-02 22:07:00,614 - sec_monitor - INFO - token percentage = 17%
2025-04-02 22:07:00,614 - sec_monitor - INFO - Making API call - Attempt 1/3
2025-04-02 22:07:00,614 - sec_monitor - INFO - Timestamp: 2025-04-02 22:07:00
2025-04-02 22:07:06,500 - sec_monitor - INFO - API call successful
2025-04-02 22:07:07,501 - sec_monitor - INFO - Processing filing 6/6: CCI
2025-04-02 22:07:38,022 - sec_monitor - INFO - ==================================================
2025-04-02 22:07:38,022 - sec_monitor - INFO - Processing first chunk
2025-04-02 22:07:38,022 - sec_monitor - INFO - Timestamp: 2025-04-02 22:07:38
2025-04-02 22:07:38,124 - sec_monitor - INFO - token percentage = 3%
2025-04-02 22:07:38,124 - sec_monitor - INFO - Making API call - Attempt 1/3
2025-04-02 22:07:38,124 - sec_monitor - INFO - Timestamp: 2025-04-02 22:07:38
2025-04-02 22:07:39,717 - sec_monitor - INFO - API call successful
2025-04-02 22:07:40,718 - sec_monitor - INFO - Fetching supplementary data...
2025-04-02 22:07:41,086 - sec_monitor - INFO - filing_tickers type: <class 'list'>
2025-04-02 22:07:41,086 - sec_monitor - INFO - filing_data type: <class 'list'>
2025-04-02 22:07:41,086 - sec_monitor - INFO - Market open: False
2025-04-02 22:07:41,086 - sec_monitor - INFO - Number of filing times mapped: 6
2025-04-02 22:07:41,097 - sec_monitor - INFO - Last trading day: 2025-04-02
2025-04-02 22:07:41,097 - sec_monitor - INFO - Processing ticker: BRO
2025-04-02 22:07:41,199 - sec_monitor - INFO - Number of bars for BRO: 3
2025-04-02 22:07:41,199 - sec_monitor - INFO - Last bar close for BRO: 124.075
2025-04-02 22:07:41,199 - sec_monitor - INFO - Outside market hours price for BRO: 124.075
2025-04-02 22:07:41,199 - sec_monitor - INFO - Processing ticker: A
2025-04-02 22:07:41,218 - sec_monitor - INFO - Number of bars for A: 3
2025-04-02 22:07:41,219 - sec_monitor - INFO - Last bar close for A: 113.84
2025-04-02 22:07:41,219 - sec_monitor - INFO - Outside market hours price for A: 113.84
2025-04-02 22:07:41,219 - sec_monitor - INFO - Processing ticker: O
2025-04-02 22:07:41,253 - sec_monitor - INFO - Number of bars for O: 3
2025-04-02 22:07:41,253 - sec_monitor - INFO - Last bar close for O: 57.125
2025-04-02 22:07:41,253 - sec_monitor - INFO - Outside market hours price for O: 57.125
2025-04-02 22:07:41,253 - sec_monitor - INFO - Processing ticker: JCI
2025-04-02 22:07:41,277 - sec_monitor - INFO - Number of bars for JCI: 3
2025-04-02 22:07:41,277 - sec_monitor - INFO - Last bar close for JCI: 81.42
2025-04-02 22:07:41,277 - sec_monitor - INFO - Outside market hours price for JCI: 81.42
2025-04-02 22:07:41,278 - sec_monitor - INFO - Processing ticker: OKE
2025-04-02 22:07:41,297 - sec_monitor - INFO - Number of bars for OKE: 3
2025-04-02 22:07:41,297 - sec_monitor - INFO - Last bar close for OKE: 99.49
2025-04-02 22:07:41,297 - sec_monitor - INFO - Outside market hours price for OKE: 99.49
2025-04-02 22:07:41,298 - sec_monitor - INFO - Processing ticker: CCI
2025-04-02 22:07:41,314 - sec_monitor - INFO - Number of bars for CCI: 3
2025-04-02 22:07:41,314 - sec_monitor - INFO - Last bar close for CCI: 104.62
2025-04-02 22:07:41,315 - sec_monitor - INFO - Outside market hours price for CCI: 104.62
2025-04-02 22:07:43,783 - sec_monitor - INFO - Generating final output...
2025-04-02 22:07:43,784 - sec_monitor - INFO - Successfully merged 6 new filings with existing JSON
2025-04-02 22:07:43,784 - sec_monitor - INFO - Cumulative stats - Input words: 2864047, Output words: 981
2025-04-02 22:07:43,784 - sec_monitor - INFO - Successfully saved/merged output to output/sec_filings.json
2025-04-02 22:07:43,784 - sec_monitor - INFO - Processing complete. Stats: {'input_words': 2496915, 'output_words': 406, 'filings_processed': 6}
