2025-04-21 11:09:37,441 - sec_monitor - INFO - Starting SEC filing monitor 
2025-04-21 11:09:37,441 - sec_monitor - INFO - Loading S&P 500 data...
2025-04-21 11:09:37,441 - sec_monitor - INFO - Starting S&P 500 data initialization
2025-04-21 11:09:37,441 - sec_monitor - INFO - Successfully loaded 503 S&P 500 tickers
2025-04-21 11:09:37,441 - sec_monitor - INFO - Successfully loaded 503 S&P 500 tickers
2025-04-21 11:09:37,442 - sec_monitor - INFO - Initializing components...
2025-04-21 11:09:37,442 - sec_monitor - INFO - Initializing components
2025-04-21 11:09:37,442 - sec_monitor - INFO - SEC fetcher initialized
2025-04-21 11:09:37,442 - sec_monitor - INFO - Filing analyzer initialized
2025-04-21 11:09:37,442 - sec_monitor - INFO - Alpaca clients initialized
2025-04-21 11:09:37,442 - sec_monitor - INFO - All components initialized successfully
2025-04-21 11:09:37,443 - sec_monitor - INFO - Found old JSON file, archiving
2025-04-21 11:09:37,443 - sec_monitor - INFO - Starting new filing collection for today
2025-04-21 11:09:37,443 - sec_monitor - INFO - Fetching SEC filings...
2025-04-21 11:09:37,563 - sec_monitor - INFO - Reached old filing, stopping. Found 3 total filings
2025-04-21 11:09:37,564 - sec_monitor - INFO - Found 1 new interesting filings
2025-04-21 11:09:37,564 - sec_monitor - INFO - Found 1 new filings to process
2025-04-21 11:09:37,564 - sec_monitor - INFO - Processing filing 1/1: FIS
2025-04-21 11:10:10,943 - sec_monitor - INFO - ==================================================
2025-04-21 11:10:10,944 - sec_monitor - INFO - Processing first chunk
2025-04-21 11:10:10,944 - sec_monitor - INFO - Timestamp: 2025-04-21 11:10:10
2025-04-21 11:10:12,524 - sec_monitor - INFO - token percentage = 31%
2025-04-21 11:10:12,524 - sec_monitor - INFO - Making API call - Attempt 1/3
2025-04-21 11:10:12,525 - sec_monitor - INFO - Timestamp: 2025-04-21 11:10:12
2025-04-21 11:10:24,347 - sec_monitor - INFO - API call successful
2025-04-21 11:10:25,349 - sec_monitor - INFO - Fetching supplementary data...
2025-04-21 11:10:25,903 - sec_monitor - INFO - filing_tickers type: <class 'list'>
2025-04-21 11:10:25,903 - sec_monitor - INFO - filing_data type: <class 'list'>
2025-04-21 11:10:25,903 - sec_monitor - INFO - Market open: False
2025-04-21 11:10:25,903 - sec_monitor - INFO - Number of filing times mapped: 1
2025-04-21 11:10:25,976 - sec_monitor - INFO - Last trading day: 2025-04-21
2025-04-21 11:10:25,976 - sec_monitor - INFO - Processing ticker: FIS
2025-04-21 11:10:26,732 - sec_monitor - INFO - Number of bars for FIS: 2
2025-04-21 11:10:26,732 - sec_monitor - INFO - Last bar close for FIS: 74.58
2025-04-21 11:10:26,732 - sec_monitor - INFO - Outside market hours price for FIS: 74.58
2025-04-21 11:10:27,128 - sec_monitor - INFO - Generating final output...
2025-04-21 11:10:27,129 - sec_monitor - INFO - Successfully saved/merged output to output/sec_filings.json
2025-04-21 11:10:27,129 - sec_monitor - INFO - Processing complete. Stats: {'input_words': 115371, 'output_words': 87, 'filings_processed': 1}
2025-04-21 12:38:15,785 - sec_monitor - INFO - Starting SEC filing monitor 
2025-04-21 12:38:15,785 - sec_monitor - INFO - Loading S&P 500 data...
2025-04-21 12:38:15,786 - sec_monitor - INFO - Starting S&P 500 data initialization
2025-04-21 12:38:15,786 - sec_monitor - INFO - Successfully loaded 503 S&P 500 tickers
2025-04-21 12:38:15,786 - sec_monitor - INFO - Successfully loaded 503 S&P 500 tickers
2025-04-21 12:38:15,786 - sec_monitor - INFO - Initializing components...
2025-04-21 12:38:15,786 - sec_monitor - INFO - Initializing components
2025-04-21 12:38:15,786 - sec_monitor - INFO - SEC fetcher initialized
2025-04-21 12:38:15,787 - sec_monitor - INFO - Filing analyzer initialized
2025-04-21 12:38:15,787 - sec_monitor - INFO - Alpaca clients initialized
2025-04-21 12:38:15,787 - sec_monitor - INFO - All components initialized successfully
2025-04-21 12:38:15,788 - sec_monitor - INFO - Found JSON file from today
2025-04-21 12:38:15,788 - sec_monitor - INFO - Found 1 previously processed accessions and 1 filing URLs
2025-04-21 12:38:15,788 - sec_monitor - INFO - Found 1 accession numbers and 1 URLs from previously processed filings
2025-04-21 12:38:15,788 - sec_monitor - INFO - Fetching SEC filings...
2025-04-21 12:38:16,751 - sec_monitor - INFO - Reached old filing, stopping. Found 5 total filings
2025-04-21 12:38:16,752 - sec_monitor - INFO - Found 2 new interesting filings
2025-04-21 12:38:16,752 - sec_monitor - INFO - Found 2 new filings to process
2025-04-21 12:38:16,752 - sec_monitor - INFO - Processing filing 1/2: CCL
2025-04-21 12:38:47,408 - sec_monitor - INFO - ==================================================
2025-04-21 12:38:47,409 - sec_monitor - INFO - Processing first chunk
2025-04-21 12:38:47,409 - sec_monitor - INFO - Timestamp: 2025-04-21 12:38:47
2025-04-21 12:38:47,587 - sec_monitor - INFO - token percentage = 5%
2025-04-21 12:38:47,587 - sec_monitor - INFO - Making API call - Attempt 1/3
2025-04-21 12:38:47,588 - sec_monitor - INFO - Timestamp: 2025-04-21 12:38:47
2025-04-21 12:38:50,782 - sec_monitor - INFO - API call successful
2025-04-21 12:38:51,783 - sec_monitor - INFO - Processing filing 2/2: GPN
2025-04-21 12:39:29,354 - sec_monitor - INFO - ==================================================
2025-04-21 12:39:29,355 - sec_monitor - INFO - Processing first chunk
2025-04-21 12:39:29,355 - sec_monitor - INFO - Timestamp: 2025-04-21 12:39:29
2025-04-21 12:39:31,796 - sec_monitor - INFO - token percentage = 34%
2025-04-21 12:39:31,796 - sec_monitor - INFO - Making API call - Attempt 1/3
2025-04-21 12:39:31,796 - sec_monitor - INFO - Timestamp: 2025-04-21 12:39:31
2025-04-21 12:39:45,686 - sec_monitor - INFO - API call successful
2025-04-21 12:40:15,716 - sec_monitor - INFO - ==================================================
2025-04-21 12:40:15,716 - sec_monitor - INFO - Processing last chunk
2025-04-21 12:40:15,717 - sec_monitor - INFO - Timestamp: 2025-04-21 12:40:15
2025-04-21 12:40:16,098 - sec_monitor - INFO - token percentage = 29%
2025-04-21 12:40:16,098 - sec_monitor - INFO - Making API call - Attempt 1/3
2025-04-21 12:40:16,098 - sec_monitor - INFO - Timestamp: 2025-04-21 12:40:16
2025-04-21 12:40:26,585 - sec_monitor - INFO - API call successful
2025-04-21 12:40:26,586 - sec_monitor - INFO - Making combine API call - Attempt 1/3
2025-04-21 12:40:26,586 - sec_monitor - INFO - Timestamp: 2025-04-21 12:40:26
2025-04-21 12:40:27,393 - sec_monitor - INFO - Combine API call successful
2025-04-21 12:40:28,395 - sec_monitor - INFO - Fetching supplementary data...
2025-04-21 12:40:28,631 - sec_monitor - INFO - filing_tickers type: <class 'list'>
2025-04-21 12:40:28,631 - sec_monitor - INFO - filing_data type: <class 'list'>
2025-04-21 12:40:28,631 - sec_monitor - INFO - Market open: False
2025-04-21 12:40:28,631 - sec_monitor - INFO - Number of filing times mapped: 2
2025-04-21 12:40:28,645 - sec_monitor - INFO - Last trading day: 2025-04-21
2025-04-21 12:40:28,645 - sec_monitor - INFO - Processing ticker: CCL
2025-04-21 12:40:29,227 - sec_monitor - INFO - Number of bars for CCL: 2
2025-04-21 12:40:29,227 - sec_monitor - INFO - Last bar close for CCL: 17.99
2025-04-21 12:40:29,227 - sec_monitor - INFO - Outside market hours price for CCL: 17.99
2025-04-21 12:40:29,227 - sec_monitor - INFO - Processing ticker: GPN
2025-04-21 12:40:29,243 - sec_monitor - INFO - Number of bars for GPN: 2
2025-04-21 12:40:29,243 - sec_monitor - INFO - Last bar close for GPN: 69.46
2025-04-21 12:40:29,244 - sec_monitor - INFO - Outside market hours price for GPN: 69.46
2025-04-21 12:40:30,058 - sec_monitor - INFO - Generating final output...
2025-04-21 12:40:30,059 - sec_monitor - INFO - Successfully merged 2 new filings with existing JSON
2025-04-21 12:40:30,059 - sec_monitor - INFO - Cumulative stats - Input words: 342239, Output words: 211
2025-04-21 12:40:30,059 - sec_monitor - INFO - Successfully saved/merged output to output/sec_filings.json
2025-04-21 12:40:30,059 - sec_monitor - INFO - Processing complete. Stats: {'input_words': 226868, 'output_words': 124, 'filings_processed': 2}
2025-04-21 13:29:28,760 - sec_monitor - INFO - Starting SEC filing monitor 
2025-04-21 13:29:28,760 - sec_monitor - INFO - Loading S&P 500 data...
2025-04-21 13:29:28,760 - sec_monitor - INFO - Starting S&P 500 data initialization
2025-04-21 13:29:28,761 - sec_monitor - INFO - Successfully loaded 503 S&P 500 tickers
2025-04-21 13:29:28,761 - sec_monitor - INFO - Successfully loaded 503 S&P 500 tickers
2025-04-21 13:29:28,761 - sec_monitor - INFO - Initializing components...
2025-04-21 13:29:28,761 - sec_monitor - INFO - Initializing components
2025-04-21 13:29:28,761 - sec_monitor - INFO - SEC fetcher initialized
2025-04-21 13:29:28,761 - sec_monitor - INFO - Filing analyzer initialized
2025-04-21 13:29:28,762 - sec_monitor - INFO - Alpaca clients initialized
2025-04-21 13:29:28,762 - sec_monitor - INFO - All components initialized successfully
2025-04-21 13:29:28,762 - sec_monitor - INFO - Found JSON file from today
2025-04-21 13:29:28,763 - sec_monitor - INFO - Found 3 previously processed accessions and 3 filing URLs
2025-04-21 13:29:28,763 - sec_monitor - INFO - Found 3 accession numbers and 3 URLs from previously processed filings
2025-04-21 13:29:28,763 - sec_monitor - INFO - Fetching SEC filings...
2025-04-21 13:29:30,657 - sec_monitor - INFO - Reached old filing, stopping. Found 6 total filings
2025-04-21 13:29:30,657 - sec_monitor - INFO - Found 0 new interesting filings
2025-04-21 13:29:30,658 - sec_monitor - INFO - No new filings to process
