2025-05-06 11:09:47,120 - sec_monitor - INFO - Starting SEC filing monitor 
2025-05-06 11:09:47,121 - sec_monitor - INFO - Loading S&P 500 data...
2025-05-06 11:09:47,121 - sec_monitor - INFO - Starting S&P 500 data initialization
2025-05-06 11:09:47,121 - sec_monitor - INFO - Successfully loaded 503 S&P 500 tickers
2025-05-06 11:09:47,121 - sec_monitor - INFO - Successfully loaded 503 S&P 500 tickers
2025-05-06 11:09:47,121 - sec_monitor - INFO - Initializing components...
2025-05-06 11:09:47,122 - sec_monitor - INFO - Initializing components
2025-05-06 11:09:47,122 - sec_monitor - INFO - SEC fetcher initialized
2025-05-06 11:09:47,122 - sec_monitor - INFO - Filing analyzer initialized
2025-05-06 11:09:47,122 - sec_monitor - INFO - Alpaca clients initialized
2025-05-06 11:09:47,122 - sec_monitor - INFO - All components initialized successfully
2025-05-06 11:09:47,123 - sec_monitor - INFO - Found old JSON file, archiving
2025-05-06 11:09:47,123 - sec_monitor - INFO - Starting new filing collection for today
2025-05-06 11:09:47,124 - sec_monitor - INFO - Fetching SEC filings...
2025-05-06 11:10:00,327 - sec_monitor - INFO - No more entries found
2025-05-06 11:10:00,327 - sec_monitor - INFO - Completed fetching. Found 180 total filings
2025-05-06 11:10:00,327 - sec_monitor - INFO - Found 26 new interesting filings
2025-05-06 11:10:00,327 - sec_monitor - INFO - Found 26 new filings to process
2025-05-06 11:10:00,327 - sec_monitor - INFO - Processing filing 1/26: IQV
2025-05-06 11:10:31,119 - sec_monitor - INFO - ==================================================
2025-05-06 11:10:31,120 - sec_monitor - INFO - Processing first chunk
2025-05-06 11:10:31,120 - sec_monitor - INFO - Timestamp: 2025-05-06 11:10:31
2025-05-06 11:10:31,309 - sec_monitor - INFO - token percentage = 4%
2025-05-06 11:10:31,309 - sec_monitor - INFO - Making API call - Attempt 1/3
2025-05-06 11:10:31,309 - sec_monitor - INFO - Timestamp: 2025-05-06 11:10:31
2025-05-06 11:10:34,851 - sec_monitor - INFO - API call successful
2025-05-06 11:10:35,853 - sec_monitor - INFO - Processing filing 2/26: ADM
2025-05-06 11:11:07,719 - sec_monitor - INFO - ==================================================
2025-05-06 11:11:07,719 - sec_monitor - INFO - Processing first chunk
2025-05-06 11:11:07,719 - sec_monitor - INFO - Timestamp: 2025-05-06 11:11:07
2025-05-06 11:11:08,133 - sec_monitor - INFO - token percentage = 26%
2025-05-06 11:11:08,133 - sec_monitor - INFO - Making API call - Attempt 1/3
2025-05-06 11:11:08,133 - sec_monitor - INFO - Timestamp: 2025-05-06 11:11:08
2025-05-06 11:11:18,047 - sec_monitor - INFO - API call successful
2025-05-06 11:11:19,049 - sec_monitor - INFO - Processing filing 3/26: AEP
2025-05-06 11:11:50,240 - sec_monitor - INFO - ==================================================
2025-05-06 11:11:50,241 - sec_monitor - INFO - Processing first chunk
2025-05-06 11:11:50,241 - sec_monitor - INFO - Timestamp: 2025-05-06 11:11:50
2025-05-06 11:11:50,500 - sec_monitor - INFO - token percentage = 12%
2025-05-06 11:11:50,500 - sec_monitor - INFO - Making API call - Attempt 1/3
2025-05-06 11:11:50,500 - sec_monitor - INFO - Timestamp: 2025-05-06 11:11:50
2025-05-06 11:11:56,369 - sec_monitor - INFO - API call successful
2025-05-06 11:11:57,371 - sec_monitor - INFO - Processing filing 4/26: ZTS
2025-05-06 11:12:28,982 - sec_monitor - INFO - ==================================================
2025-05-06 11:12:28,982 - sec_monitor - INFO - Processing first chunk
2025-05-06 11:12:28,982 - sec_monitor - INFO - Timestamp: 2025-05-06 11:12:28
2025-05-06 11:12:29,241 - sec_monitor - INFO - token percentage = 15%
2025-05-06 11:12:29,241 - sec_monitor - INFO - Making API call - Attempt 1/3
2025-05-06 11:12:29,241 - sec_monitor - INFO - Timestamp: 2025-05-06 11:12:29
2025-05-06 11:12:35,394 - sec_monitor - INFO - API call successful
2025-05-06 11:12:36,395 - sec_monitor - INFO - Processing filing 5/26: FIS
2025-05-06 11:13:07,665 - sec_monitor - INFO - ==================================================
2025-05-06 11:13:07,666 - sec_monitor - INFO - Processing first chunk
2025-05-06 11:13:07,666 - sec_monitor - INFO - Timestamp: 2025-05-06 11:13:07
2025-05-06 11:13:07,846 - sec_monitor - INFO - token percentage = 8%
2025-05-06 11:13:07,846 - sec_monitor - INFO - Making API call - Attempt 1/3
2025-05-06 11:13:07,846 - sec_monitor - INFO - Timestamp: 2025-05-06 11:13:07
2025-05-06 11:13:12,296 - sec_monitor - INFO - API call successful
2025-05-06 11:13:13,298 - sec_monitor - INFO - Processing filing 6/26: MAR
2025-05-06 11:13:46,698 - sec_monitor - INFO - ==================================================
2025-05-06 11:13:46,698 - sec_monitor - INFO - Processing first chunk
2025-05-06 11:13:46,698 - sec_monitor - INFO - Timestamp: 2025-05-06 11:13:46
2025-05-06 11:13:47,076 - sec_monitor - INFO - token percentage = 28%
2025-05-06 11:13:47,076 - sec_monitor - INFO - Making API call - Attempt 1/3
2025-05-06 11:13:47,076 - sec_monitor - INFO - Timestamp: 2025-05-06 11:13:47
2025-05-06 11:13:57,217 - sec_monitor - INFO - API call successful
2025-05-06 11:13:58,218 - sec_monitor - INFO - Processing filing 7/26: WAT
2025-05-06 11:14:44,117 - sec_monitor - INFO - ==================================================
2025-05-06 11:14:44,117 - sec_monitor - INFO - Processing first chunk
2025-05-06 11:14:44,118 - sec_monitor - INFO - Timestamp: 2025-05-06 11:14:44
2025-05-06 11:14:45,440 - sec_monitor - INFO - token percentage = 49%
2025-05-06 11:14:45,440 - sec_monitor - INFO - Making API call - Attempt 1/3
2025-05-06 11:14:45,440 - sec_monitor - INFO - Timestamp: 2025-05-06 11:14:45
2025-05-06 11:15:02,632 - sec_monitor - INFO - API call successful
2025-05-06 11:15:32,663 - sec_monitor - INFO - ==================================================
2025-05-06 11:15:32,663 - sec_monitor - INFO - Processing middle chunk
2025-05-06 11:15:32,663 - sec_monitor - INFO - Timestamp: 2025-05-06 11:15:32
2025-05-06 11:15:33,700 - sec_monitor - INFO - token percentage = 44%
2025-05-06 11:15:33,700 - sec_monitor - INFO - Making API call - Attempt 1/3
2025-05-06 11:15:33,700 - sec_monitor - INFO - Timestamp: 2025-05-06 11:15:33
2025-05-06 11:15:49,979 - sec_monitor - INFO - API call successful
2025-05-06 11:16:20,009 - sec_monitor - INFO - ==================================================
2025-05-06 11:16:20,009 - sec_monitor - INFO - Processing last chunk
2025-05-06 11:16:20,009 - sec_monitor - INFO - Timestamp: 2025-05-06 11:16:20
2025-05-06 11:16:20,397 - sec_monitor - INFO - token percentage = 28%
2025-05-06 11:16:20,397 - sec_monitor - INFO - Making API call - Attempt 1/3
2025-05-06 11:16:20,397 - sec_monitor - INFO - Timestamp: 2025-05-06 11:16:20
2025-05-06 11:16:30,246 - sec_monitor - INFO - API call successful
2025-05-06 11:16:30,247 - sec_monitor - INFO - Making combine API call - Attempt 1/3
2025-05-06 11:16:30,247 - sec_monitor - INFO - Timestamp: 2025-05-06 11:16:30
2025-05-06 11:16:31,157 - sec_monitor - INFO - Combine API call successful
2025-05-06 11:16:32,159 - sec_monitor - INFO - Processing filing 8/26: CEG
2025-05-06 11:17:28,995 - sec_monitor - INFO - ==================================================
2025-05-06 11:17:28,995 - sec_monitor - INFO - Processing first chunk
2025-05-06 11:17:28,995 - sec_monitor - INFO - Timestamp: 2025-05-06 11:17:28
2025-05-06 11:17:29,529 - sec_monitor - INFO - token percentage = 48%
2025-05-06 11:17:29,529 - sec_monitor - INFO - Making API call - Attempt 1/3
2025-05-06 11:17:29,529 - sec_monitor - INFO - Timestamp: 2025-05-06 11:17:29
2025-05-06 11:17:46,310 - sec_monitor - INFO - API call successful
2025-05-06 11:18:16,340 - sec_monitor - INFO - ==================================================
2025-05-06 11:18:16,340 - sec_monitor - INFO - Processing middle chunk
2025-05-06 11:18:16,340 - sec_monitor - INFO - Timestamp: 2025-05-06 11:18:16
2025-05-06 11:18:16,684 - sec_monitor - INFO - token percentage = 51%
2025-05-06 11:18:16,685 - sec_monitor - INFO - Making API call - Attempt 1/3
2025-05-06 11:18:16,685 - sec_monitor - INFO - Timestamp: 2025-05-06 11:18:16
2025-05-06 11:18:34,196 - sec_monitor - INFO - API call successful
2025-05-06 11:19:04,227 - sec_monitor - INFO - ==================================================
2025-05-06 11:19:04,227 - sec_monitor - INFO - Processing middle chunk
2025-05-06 11:19:04,227 - sec_monitor - INFO - Timestamp: 2025-05-06 11:19:04
2025-05-06 11:19:04,611 - sec_monitor - INFO - token percentage = 51%
2025-05-06 11:19:04,612 - sec_monitor - INFO - Making API call - Attempt 1/3
2025-05-06 11:19:04,612 - sec_monitor - INFO - Timestamp: 2025-05-06 11:19:04
2025-05-06 11:19:22,289 - sec_monitor - INFO - API call successful
2025-05-06 11:19:52,320 - sec_monitor - INFO - ==================================================
2025-05-06 11:19:52,320 - sec_monitor - INFO - Processing middle chunk
2025-05-06 11:19:52,320 - sec_monitor - INFO - Timestamp: 2025-05-06 11:19:52
2025-05-06 11:19:52,689 - sec_monitor - INFO - token percentage = 51%
2025-05-06 11:19:52,689 - sec_monitor - INFO - Making API call - Attempt 1/3
2025-05-06 11:19:52,689 - sec_monitor - INFO - Timestamp: 2025-05-06 11:19:52
2025-05-06 11:20:09,933 - sec_monitor - INFO - API call successful
2025-05-06 11:20:39,962 - sec_monitor - INFO - ==================================================
2025-05-06 11:20:39,962 - sec_monitor - INFO - Processing middle chunk
2025-05-06 11:20:39,962 - sec_monitor - INFO - Timestamp: 2025-05-06 11:20:39
2025-05-06 11:20:40,340 - sec_monitor - INFO - token percentage = 49%
2025-05-06 11:20:40,340 - sec_monitor - INFO - Making API call - Attempt 1/3
2025-05-06 11:20:40,340 - sec_monitor - INFO - Timestamp: 2025-05-06 11:20:40
2025-05-06 11:20:59,130 - sec_monitor - INFO - API call successful
2025-05-06 11:21:29,160 - sec_monitor - INFO - ==================================================
2025-05-06 11:21:29,160 - sec_monitor - INFO - Processing last chunk
2025-05-06 11:21:29,160 - sec_monitor - INFO - Timestamp: 2025-05-06 11:21:29
2025-05-06 11:21:29,493 - sec_monitor - INFO - token percentage = 29%
2025-05-06 11:21:29,493 - sec_monitor - INFO - Making API call - Attempt 1/3
2025-05-06 11:21:29,493 - sec_monitor - INFO - Timestamp: 2025-05-06 11:21:29
2025-05-06 11:21:39,055 - sec_monitor - INFO - API call successful
2025-05-06 11:21:39,056 - sec_monitor - INFO - Making combine API call - Attempt 1/3
2025-05-06 11:21:39,056 - sec_monitor - INFO - Timestamp: 2025-05-06 11:21:39
2025-05-06 11:21:40,286 - sec_monitor - INFO - Combine API call successful
2025-05-06 11:21:41,287 - sec_monitor - INFO - Processing filing 9/26: J
2025-05-06 11:22:27,799 - sec_monitor - INFO - ==================================================
2025-05-06 11:22:27,799 - sec_monitor - INFO - Processing first chunk
2025-05-06 11:22:27,799 - sec_monitor - INFO - Timestamp: 2025-05-06 11:22:27
2025-05-06 11:22:29,036 - sec_monitor - INFO - token percentage = 46%
2025-05-06 11:22:29,037 - sec_monitor - INFO - Making API call - Attempt 1/3
2025-05-06 11:22:29,037 - sec_monitor - INFO - Timestamp: 2025-05-06 11:22:29
2025-05-06 11:22:48,100 - sec_monitor - INFO - API call successful
2025-05-06 11:23:18,106 - sec_monitor - INFO - ==================================================
2025-05-06 11:23:18,106 - sec_monitor - INFO - Processing middle chunk
2025-05-06 11:23:18,107 - sec_monitor - INFO - Timestamp: 2025-05-06 11:23:18
2025-05-06 11:23:18,910 - sec_monitor - INFO - token percentage = 53%
2025-05-06 11:23:18,910 - sec_monitor - INFO - Making API call - Attempt 1/3
2025-05-06 11:23:18,910 - sec_monitor - INFO - Timestamp: 2025-05-06 11:23:18
2025-05-06 11:23:38,848 - sec_monitor - INFO - API call successful
2025-05-06 11:24:08,878 - sec_monitor - INFO - ==================================================
2025-05-06 11:24:08,879 - sec_monitor - INFO - Processing last chunk
2025-05-06 11:24:08,879 - sec_monitor - INFO - Timestamp: 2025-05-06 11:24:08
2025-05-06 11:24:09,682 - sec_monitor - INFO - token percentage = 44%
2025-05-06 11:24:09,682 - sec_monitor - INFO - Making API call - Attempt 1/3
2025-05-06 11:24:09,682 - sec_monitor - INFO - Timestamp: 2025-05-06 11:24:09
2025-05-06 11:24:26,267 - sec_monitor - INFO - API call successful
2025-05-06 11:24:26,267 - sec_monitor - INFO - Making combine API call - Attempt 1/3
2025-05-06 11:24:26,267 - sec_monitor - INFO - Timestamp: 2025-05-06 11:24:26
2025-05-06 11:24:27,717 - sec_monitor - INFO - Combine API call successful
2025-05-06 11:24:28,719 - sec_monitor - INFO - Processing filing 10/26: J
2025-05-06 11:25:00,984 - sec_monitor - INFO - ==================================================
2025-05-06 11:25:00,984 - sec_monitor - INFO - Processing first chunk
2025-05-06 11:25:00,985 - sec_monitor - INFO - Timestamp: 2025-05-06 11:25:00
2025-05-06 11:25:01,309 - sec_monitor - INFO - token percentage = 22%
2025-05-06 11:25:01,309 - sec_monitor - INFO - Making API call - Attempt 1/3
2025-05-06 11:25:01,309 - sec_monitor - INFO - Timestamp: 2025-05-06 11:25:01
2025-05-06 11:25:10,067 - sec_monitor - INFO - API call successful
2025-05-06 11:25:11,068 - sec_monitor - INFO - Processing filing 11/26: MPC
2025-05-06 11:25:42,011 - sec_monitor - INFO - ==================================================
2025-05-06 11:25:42,011 - sec_monitor - INFO - Processing first chunk
2025-05-06 11:25:42,011 - sec_monitor - INFO - Timestamp: 2025-05-06 11:25:42
2025-05-06 11:25:42,197 - sec_monitor - INFO - token percentage = 5%
2025-05-06 11:25:42,197 - sec_monitor - INFO - Making API call - Attempt 1/3
2025-05-06 11:25:42,197 - sec_monitor - INFO - Timestamp: 2025-05-06 11:25:42
2025-05-06 11:25:46,701 - sec_monitor - INFO - API call successful
2025-05-06 11:25:47,703 - sec_monitor - INFO - Processing filing 12/26: WAT
2025-05-06 11:26:18,947 - sec_monitor - INFO - ==================================================
2025-05-06 11:26:18,947 - sec_monitor - INFO - Processing first chunk
2025-05-06 11:26:18,947 - sec_monitor - INFO - Timestamp: 2025-05-06 11:26:18
2025-05-06 11:26:19,117 - sec_monitor - INFO - token percentage = 4%
2025-05-06 11:26:19,117 - sec_monitor - INFO - Making API call - Attempt 1/3
2025-05-06 11:26:19,117 - sec_monitor - INFO - Timestamp: 2025-05-06 11:26:19
2025-05-06 11:26:23,513 - sec_monitor - INFO - API call successful
2025-05-06 11:26:24,514 - sec_monitor - INFO - Processing filing 13/26: IT
2025-05-06 11:27:14,440 - sec_monitor - INFO - ==================================================
2025-05-06 11:27:14,440 - sec_monitor - INFO - Processing first chunk
2025-05-06 11:27:14,440 - sec_monitor - INFO - Timestamp: 2025-05-06 11:27:14
2025-05-06 11:27:15,540 - sec_monitor - INFO - token percentage = 45%
2025-05-06 11:27:15,540 - sec_monitor - INFO - Making API call - Attempt 1/3
2025-05-06 11:27:15,540 - sec_monitor - INFO - Timestamp: 2025-05-06 11:27:15
2025-05-06 11:27:32,276 - sec_monitor - INFO - API call successful
2025-05-06 11:28:02,307 - sec_monitor - INFO - ==================================================
2025-05-06 11:28:02,307 - sec_monitor - INFO - Processing middle chunk
2025-05-06 11:28:02,307 - sec_monitor - INFO - Timestamp: 2025-05-06 11:28:02
2025-05-06 11:28:03,169 - sec_monitor - INFO - token percentage = 56%
2025-05-06 11:28:03,169 - sec_monitor - INFO - Making API call - Attempt 1/3
2025-05-06 11:28:03,169 - sec_monitor - INFO - Timestamp: 2025-05-06 11:28:03
2025-05-06 11:28:23,515 - sec_monitor - INFO - API call successful
2025-05-06 11:28:53,539 - sec_monitor - INFO - ==================================================
2025-05-06 11:28:53,539 - sec_monitor - INFO - Processing last chunk
2025-05-06 11:28:53,539 - sec_monitor - INFO - Timestamp: 2025-05-06 11:28:53
2025-05-06 11:28:53,872 - sec_monitor - INFO - token percentage = 14%
2025-05-06 11:28:53,872 - sec_monitor - INFO - Making API call - Attempt 1/3
2025-05-06 11:28:53,872 - sec_monitor - INFO - Timestamp: 2025-05-06 11:28:53
2025-05-06 11:29:00,075 - sec_monitor - INFO - API call successful
2025-05-06 11:29:00,076 - sec_monitor - INFO - Making combine API call - Attempt 1/3
2025-05-06 11:29:00,076 - sec_monitor - INFO - Timestamp: 2025-05-06 11:29:00
2025-05-06 11:29:01,114 - sec_monitor - INFO - Combine API call successful
2025-05-06 11:29:02,115 - sec_monitor - INFO - Processing filing 14/26: IT
2025-05-06 11:29:32,691 - sec_monitor - INFO - ==================================================
2025-05-06 11:29:32,691 - sec_monitor - INFO - Processing first chunk
2025-05-06 11:29:32,691 - sec_monitor - INFO - Timestamp: 2025-05-06 11:29:32
2025-05-06 11:29:32,849 - sec_monitor - INFO - token percentage = 3%
2025-05-06 11:29:32,849 - sec_monitor - INFO - Making API call - Attempt 1/3
2025-05-06 11:29:32,849 - sec_monitor - INFO - Timestamp: 2025-05-06 11:29:32
2025-05-06 11:29:36,310 - sec_monitor - INFO - API call successful
2025-05-06 11:29:37,312 - sec_monitor - INFO - Processing filing 15/26: CNC
2025-05-06 11:30:07,719 - sec_monitor - INFO - ==================================================
2025-05-06 11:30:07,719 - sec_monitor - INFO - Processing first chunk
2025-05-06 11:30:07,719 - sec_monitor - INFO - Timestamp: 2025-05-06 11:30:07
2025-05-06 11:30:07,886 - sec_monitor - INFO - token percentage = 3%
2025-05-06 11:30:07,886 - sec_monitor - INFO - Making API call - Attempt 1/3
2025-05-06 11:30:07,886 - sec_monitor - INFO - Timestamp: 2025-05-06 11:30:07
2025-05-06 11:30:09,627 - sec_monitor - INFO - API call successful
2025-05-06 11:30:10,628 - sec_monitor - INFO - Processing filing 16/26: LDOS
2025-05-06 11:30:41,517 - sec_monitor - INFO - ==================================================
2025-05-06 11:30:41,517 - sec_monitor - INFO - Processing first chunk
2025-05-06 11:30:41,517 - sec_monitor - INFO - Timestamp: 2025-05-06 11:30:41
2025-05-06 11:30:41,703 - sec_monitor - INFO - token percentage = 5%
2025-05-06 11:30:41,703 - sec_monitor - INFO - Making API call - Attempt 1/3
2025-05-06 11:30:41,703 - sec_monitor - INFO - Timestamp: 2025-05-06 11:30:41
2025-05-06 11:30:45,420 - sec_monitor - INFO - API call successful
2025-05-06 11:30:46,421 - sec_monitor - INFO - Processing filing 17/26: PLTR
2025-05-06 11:31:32,183 - sec_monitor - INFO - ==================================================
2025-05-06 11:31:32,183 - sec_monitor - INFO - Processing first chunk
2025-05-06 11:31:32,183 - sec_monitor - INFO - Timestamp: 2025-05-06 11:31:32
2025-05-06 11:31:33,735 - sec_monitor - INFO - token percentage = 41%
2025-05-06 11:31:33,735 - sec_monitor - INFO - Making API call - Attempt 1/3
2025-05-06 11:31:33,735 - sec_monitor - INFO - Timestamp: 2025-05-06 11:31:33
2025-05-06 11:31:49,355 - sec_monitor - INFO - API call successful
2025-05-06 11:32:19,385 - sec_monitor - INFO - ==================================================
2025-05-06 11:32:19,385 - sec_monitor - INFO - Processing middle chunk
2025-05-06 11:32:19,385 - sec_monitor - INFO - Timestamp: 2025-05-06 11:32:19
2025-05-06 11:32:20,528 - sec_monitor - INFO - token percentage = 59%
2025-05-06 11:32:20,529 - sec_monitor - INFO - Making API call - Attempt 1/3
2025-05-06 11:32:20,529 - sec_monitor - INFO - Timestamp: 2025-05-06 11:32:20
2025-05-06 11:32:42,309 - sec_monitor - INFO - API call successful
2025-05-06 11:33:12,340 - sec_monitor - INFO - ==================================================
2025-05-06 11:33:12,340 - sec_monitor - INFO - Processing last chunk
2025-05-06 11:33:12,340 - sec_monitor - INFO - Timestamp: 2025-05-06 11:33:12
2025-05-06 11:33:12,832 - sec_monitor - INFO - token percentage = 26%
2025-05-06 11:33:12,832 - sec_monitor - INFO - Making API call - Attempt 1/3
2025-05-06 11:33:12,832 - sec_monitor - INFO - Timestamp: 2025-05-06 11:33:12
2025-05-06 11:33:22,569 - sec_monitor - INFO - API call successful
2025-05-06 11:33:22,569 - sec_monitor - INFO - Making combine API call - Attempt 1/3
2025-05-06 11:33:22,569 - sec_monitor - INFO - Timestamp: 2025-05-06 11:33:22
2025-05-06 11:33:23,597 - sec_monitor - INFO - Combine API call successful
2025-05-06 11:33:24,598 - sec_monitor - INFO - Processing filing 18/26: CTRA
2025-05-06 11:33:54,995 - sec_monitor - INFO - ==================================================
2025-05-06 11:33:54,996 - sec_monitor - INFO - Processing first chunk
2025-05-06 11:33:54,996 - sec_monitor - INFO - Timestamp: 2025-05-06 11:33:54
2025-05-06 11:33:55,096 - sec_monitor - INFO - token percentage = 2%
2025-05-06 11:33:55,096 - sec_monitor - INFO - Making API call - Attempt 1/3
2025-05-06 11:33:55,096 - sec_monitor - INFO - Timestamp: 2025-05-06 11:33:55
2025-05-06 11:33:57,163 - sec_monitor - INFO - API call successful
2025-05-06 11:33:58,165 - sec_monitor - INFO - Processing filing 19/26: CTRA
2025-05-06 11:34:30,053 - sec_monitor - INFO - ==================================================
2025-05-06 11:34:30,053 - sec_monitor - INFO - Processing first chunk
2025-05-06 11:34:30,053 - sec_monitor - INFO - Timestamp: 2025-05-06 11:34:30
2025-05-06 11:34:30,234 - sec_monitor - INFO - token percentage = 10%
2025-05-06 11:34:30,234 - sec_monitor - INFO - Making API call - Attempt 1/3
2025-05-06 11:34:30,235 - sec_monitor - INFO - Timestamp: 2025-05-06 11:34:30
2025-05-06 11:34:35,809 - sec_monitor - INFO - API call successful
2025-05-06 11:34:36,810 - sec_monitor - INFO - Processing filing 20/26: CE
2025-05-06 11:35:30,211 - sec_monitor - INFO - ==================================================
2025-05-06 11:35:30,211 - sec_monitor - INFO - Processing first chunk
2025-05-06 11:35:30,211 - sec_monitor - INFO - Timestamp: 2025-05-06 11:35:30
2025-05-06 11:35:30,703 - sec_monitor - INFO - token percentage = 46%
2025-05-06 11:35:30,703 - sec_monitor - INFO - Making API call - Attempt 1/3
2025-05-06 11:35:30,703 - sec_monitor - INFO - Timestamp: 2025-05-06 11:35:30
2025-05-06 11:35:47,091 - sec_monitor - INFO - API call successful
2025-05-06 11:36:17,121 - sec_monitor - INFO - ==================================================
2025-05-06 11:36:17,121 - sec_monitor - INFO - Processing middle chunk
2025-05-06 11:36:17,121 - sec_monitor - INFO - Timestamp: 2025-05-06 11:36:17
2025-05-06 11:36:17,448 - sec_monitor - INFO - token percentage = 51%
2025-05-06 11:36:17,448 - sec_monitor - INFO - Making API call - Attempt 1/3
2025-05-06 11:36:17,448 - sec_monitor - INFO - Timestamp: 2025-05-06 11:36:17
2025-05-06 11:36:34,919 - sec_monitor - INFO - API call successful
2025-05-06 11:37:04,931 - sec_monitor - INFO - ==================================================
2025-05-06 11:37:04,931 - sec_monitor - INFO - Processing middle chunk
2025-05-06 11:37:04,931 - sec_monitor - INFO - Timestamp: 2025-05-06 11:37:04
2025-05-06 11:37:05,316 - sec_monitor - INFO - token percentage = 50%
2025-05-06 11:37:05,316 - sec_monitor - INFO - Making API call - Attempt 1/3
2025-05-06 11:37:05,316 - sec_monitor - INFO - Timestamp: 2025-05-06 11:37:05
2025-05-06 11:37:22,268 - sec_monitor - INFO - API call successful
2025-05-06 11:37:52,275 - sec_monitor - INFO - ==================================================
2025-05-06 11:37:52,275 - sec_monitor - INFO - Processing middle chunk
2025-05-06 11:37:52,275 - sec_monitor - INFO - Timestamp: 2025-05-06 11:37:52
2025-05-06 11:37:52,616 - sec_monitor - INFO - token percentage = 51%
2025-05-06 11:37:52,617 - sec_monitor - INFO - Making API call - Attempt 1/3
2025-05-06 11:37:52,617 - sec_monitor - INFO - Timestamp: 2025-05-06 11:37:52
2025-05-06 11:38:09,654 - sec_monitor - INFO - API call successful
2025-05-06 11:38:39,685 - sec_monitor - INFO - ==================================================
2025-05-06 11:38:39,685 - sec_monitor - INFO - Processing last chunk
2025-05-06 11:38:39,685 - sec_monitor - INFO - Timestamp: 2025-05-06 11:38:39
2025-05-06 11:38:39,901 - sec_monitor - INFO - token percentage = 22%
2025-05-06 11:38:39,902 - sec_monitor - INFO - Making API call - Attempt 1/3
2025-05-06 11:38:39,902 - sec_monitor - INFO - Timestamp: 2025-05-06 11:38:39
2025-05-06 11:38:47,742 - sec_monitor - INFO - API call successful
2025-05-06 11:38:47,742 - sec_monitor - INFO - Making combine API call - Attempt 1/3
2025-05-06 11:38:47,742 - sec_monitor - INFO - Timestamp: 2025-05-06 11:38:47
2025-05-06 11:38:48,708 - sec_monitor - INFO - Combine API call successful
2025-05-06 11:38:49,710 - sec_monitor - INFO - Processing filing 21/26: RTX
2025-05-06 11:39:20,182 - sec_monitor - INFO - ==================================================
2025-05-06 11:39:20,182 - sec_monitor - INFO - Processing first chunk
2025-05-06 11:39:20,182 - sec_monitor - INFO - Timestamp: 2025-05-06 11:39:20
2025-05-06 11:39:20,308 - sec_monitor - INFO - token percentage = 3%
2025-05-06 11:39:20,308 - sec_monitor - INFO - Making API call - Attempt 1/3
2025-05-06 11:39:20,308 - sec_monitor - INFO - Timestamp: 2025-05-06 11:39:20
2025-05-06 11:39:22,360 - sec_monitor - INFO - API call successful
2025-05-06 11:39:23,362 - sec_monitor - INFO - Processing filing 22/26: EMN
2025-05-06 11:39:53,946 - sec_monitor - INFO - ==================================================
2025-05-06 11:39:53,946 - sec_monitor - INFO - Processing first chunk
2025-05-06 11:39:53,946 - sec_monitor - INFO - Timestamp: 2025-05-06 11:39:53
2025-05-06 11:39:54,078 - sec_monitor - INFO - token percentage = 5%
2025-05-06 11:39:54,078 - sec_monitor - INFO - Making API call - Attempt 1/3
2025-05-06 11:39:54,078 - sec_monitor - INFO - Timestamp: 2025-05-06 11:39:54
2025-05-06 11:39:57,858 - sec_monitor - INFO - API call successful
2025-05-06 11:39:58,859 - sec_monitor - INFO - Processing filing 23/26: LKQ
2025-05-06 11:40:29,396 - sec_monitor - INFO - ==================================================
2025-05-06 11:40:29,396 - sec_monitor - INFO - Processing first chunk
2025-05-06 11:40:29,396 - sec_monitor - INFO - Timestamp: 2025-05-06 11:40:29
2025-05-06 11:40:29,545 - sec_monitor - INFO - token percentage = 4%
2025-05-06 11:40:29,545 - sec_monitor - INFO - Making API call - Attempt 1/3
2025-05-06 11:40:29,545 - sec_monitor - INFO - Timestamp: 2025-05-06 11:40:29
2025-05-06 11:40:32,820 - sec_monitor - INFO - API call successful
2025-05-06 11:40:33,821 - sec_monitor - INFO - Processing filing 24/26: CE
2025-05-06 11:41:05,904 - sec_monitor - INFO - ==================================================
2025-05-06 11:41:05,905 - sec_monitor - INFO - Processing first chunk
2025-05-06 11:41:05,905 - sec_monitor - INFO - Timestamp: 2025-05-06 11:41:05
2025-05-06 11:41:06,135 - sec_monitor - INFO - token percentage = 12%
2025-05-06 11:41:06,135 - sec_monitor - INFO - Making API call - Attempt 1/3
2025-05-06 11:41:06,135 - sec_monitor - INFO - Timestamp: 2025-05-06 11:41:06
2025-05-06 11:41:11,797 - sec_monitor - INFO - API call successful
2025-05-06 11:41:12,798 - sec_monitor - INFO - Processing filing 25/26: PAYC
2025-05-06 11:41:43,264 - sec_monitor - INFO - ==================================================
2025-05-06 11:41:43,264 - sec_monitor - INFO - Processing first chunk
2025-05-06 11:41:43,264 - sec_monitor - INFO - Timestamp: 2025-05-06 11:41:43
2025-05-06 11:41:43,381 - sec_monitor - INFO - token percentage = 2%
2025-05-06 11:41:43,382 - sec_monitor - INFO - Making API call - Attempt 1/3
2025-05-06 11:41:43,382 - sec_monitor - INFO - Timestamp: 2025-05-06 11:41:43
2025-05-06 11:41:44,981 - sec_monitor - INFO - API call successful
2025-05-06 11:41:45,983 - sec_monitor - INFO - Processing filing 26/26: VST
2025-05-06 11:42:17,234 - sec_monitor - INFO - ==================================================
2025-05-06 11:42:17,234 - sec_monitor - INFO - Processing first chunk
2025-05-06 11:42:17,235 - sec_monitor - INFO - Timestamp: 2025-05-06 11:42:17
2025-05-06 11:42:17,562 - sec_monitor - INFO - token percentage = 12%
2025-05-06 11:42:17,563 - sec_monitor - INFO - Making API call - Attempt 1/3
2025-05-06 11:42:17,563 - sec_monitor - INFO - Timestamp: 2025-05-06 11:42:17
2025-05-06 11:42:23,230 - sec_monitor - INFO - API call successful
2025-05-06 11:42:24,231 - sec_monitor - INFO - Fetching supplementary data...
2025-05-06 11:42:24,605 - sec_monitor - INFO - filing_tickers type: <class 'list'>
2025-05-06 11:42:24,605 - sec_monitor - INFO - filing_data type: <class 'list'>
2025-05-06 11:42:24,605 - sec_monitor - INFO - Market open: False
2025-05-06 11:42:24,605 - sec_monitor - INFO - Number of filing times mapped: 21
2025-05-06 11:42:24,616 - sec_monitor - INFO - Last trading day: 2025-05-06
2025-05-06 11:42:24,616 - sec_monitor - INFO - Processing ticker: IQV
2025-05-06 11:42:25,074 - sec_monitor - INFO - Number of bars for IQV: 3
2025-05-06 11:42:25,075 - sec_monitor - INFO - Last bar close for IQV: 152.26
2025-05-06 11:42:25,075 - sec_monitor - INFO - Outside market hours price for IQV: 152.26
2025-05-06 11:42:25,075 - sec_monitor - INFO - Processing ticker: ADM
2025-05-06 11:42:25,092 - sec_monitor - INFO - Number of bars for ADM: 3
2025-05-06 11:42:25,092 - sec_monitor - INFO - Last bar close for ADM: 47.49
2025-05-06 11:42:25,092 - sec_monitor - INFO - Outside market hours price for ADM: 47.49
2025-05-06 11:42:25,093 - sec_monitor - INFO - Processing ticker: AEP
2025-05-06 11:42:25,109 - sec_monitor - INFO - Number of bars for AEP: 3
2025-05-06 11:42:25,110 - sec_monitor - INFO - Last bar close for AEP: 107.45
2025-05-06 11:42:25,110 - sec_monitor - INFO - Outside market hours price for AEP: 107.45
2025-05-06 11:42:25,110 - sec_monitor - INFO - Processing ticker: ZTS
2025-05-06 11:42:25,125 - sec_monitor - INFO - Number of bars for ZTS: 3
2025-05-06 11:42:25,125 - sec_monitor - INFO - Last bar close for ZTS: 158.29
2025-05-06 11:42:25,126 - sec_monitor - INFO - Outside market hours price for ZTS: 158.29
2025-05-06 11:42:25,126 - sec_monitor - INFO - Processing ticker: FIS
2025-05-06 11:42:25,141 - sec_monitor - INFO - Number of bars for FIS: 3
2025-05-06 11:42:25,141 - sec_monitor - INFO - Last bar close for FIS: 78.31
2025-05-06 11:42:25,142 - sec_monitor - INFO - Outside market hours price for FIS: 78.31
2025-05-06 11:42:25,142 - sec_monitor - INFO - Processing ticker: MAR
2025-05-06 11:42:25,158 - sec_monitor - INFO - Number of bars for MAR: 3
2025-05-06 11:42:25,158 - sec_monitor - INFO - Last bar close for MAR: 247.26
2025-05-06 11:42:25,158 - sec_monitor - INFO - Outside market hours price for MAR: 247.26
2025-05-06 11:42:25,159 - sec_monitor - INFO - Processing ticker: WAT
2025-05-06 11:42:25,174 - sec_monitor - INFO - Number of bars for WAT: 3
2025-05-06 11:42:25,174 - sec_monitor - INFO - Last bar close for WAT: 348.345
2025-05-06 11:42:25,175 - sec_monitor - INFO - Outside market hours price for WAT: 348.345
2025-05-06 11:42:25,175 - sec_monitor - INFO - Processing ticker: CEG
2025-05-06 11:42:25,192 - sec_monitor - INFO - Number of bars for CEG: 3
2025-05-06 11:42:25,192 - sec_monitor - INFO - Last bar close for CEG: 248.37
2025-05-06 11:42:25,192 - sec_monitor - INFO - Outside market hours price for CEG: 248.37
2025-05-06 11:42:25,192 - sec_monitor - INFO - Processing ticker: J
2025-05-06 11:42:25,254 - sec_monitor - INFO - Number of bars for J: 3
2025-05-06 11:42:25,255 - sec_monitor - INFO - Last bar close for J: 126.605
2025-05-06 11:42:25,255 - sec_monitor - INFO - Outside market hours price for J: 126.605
2025-05-06 11:42:25,255 - sec_monitor - INFO - Processing ticker: J
2025-05-06 11:42:25,272 - sec_monitor - INFO - Number of bars for J: 3
2025-05-06 11:42:25,272 - sec_monitor - INFO - Last bar close for J: 126.605
2025-05-06 11:42:25,272 - sec_monitor - INFO - Outside market hours price for J: 126.605
2025-05-06 11:42:25,272 - sec_monitor - INFO - Processing ticker: MPC
2025-05-06 11:42:25,287 - sec_monitor - INFO - Number of bars for MPC: 3
2025-05-06 11:42:25,287 - sec_monitor - INFO - Last bar close for MPC: 143.33
2025-05-06 11:42:25,287 - sec_monitor - INFO - Outside market hours price for MPC: 143.33
2025-05-06 11:42:25,288 - sec_monitor - INFO - Processing ticker: WAT
2025-05-06 11:42:25,301 - sec_monitor - INFO - Number of bars for WAT: 3
2025-05-06 11:42:25,301 - sec_monitor - INFO - Last bar close for WAT: 348.345
2025-05-06 11:42:25,302 - sec_monitor - INFO - Outside market hours price for WAT: 348.345
2025-05-06 11:42:25,302 - sec_monitor - INFO - Processing ticker: IT
2025-05-06 11:42:25,320 - sec_monitor - INFO - Number of bars for IT: 3
2025-05-06 11:42:25,320 - sec_monitor - INFO - Last bar close for IT: 426.925
2025-05-06 11:42:25,320 - sec_monitor - INFO - Outside market hours price for IT: 426.925
2025-05-06 11:42:25,320 - sec_monitor - INFO - Processing ticker: IT
2025-05-06 11:42:25,337 - sec_monitor - INFO - Number of bars for IT: 3
2025-05-06 11:42:25,337 - sec_monitor - INFO - Last bar close for IT: 426.925
2025-05-06 11:42:25,337 - sec_monitor - INFO - Outside market hours price for IT: 426.925
2025-05-06 11:42:25,337 - sec_monitor - INFO - Processing ticker: CNC
2025-05-06 11:42:25,353 - sec_monitor - INFO - Number of bars for CNC: 4
2025-05-06 11:42:25,353 - sec_monitor - INFO - Last bar close for CNC: 59.77
2025-05-06 11:42:25,353 - sec_monitor - INFO - Outside market hours price for CNC: 59.77
2025-05-06 11:42:25,354 - sec_monitor - INFO - Processing ticker: LDOS
2025-05-06 11:42:25,374 - sec_monitor - INFO - Number of bars for LDOS: 4
2025-05-06 11:42:25,375 - sec_monitor - INFO - Last bar close for LDOS: 147.9
2025-05-06 11:42:25,375 - sec_monitor - INFO - Outside market hours price for LDOS: 147.9
2025-05-06 11:42:25,375 - sec_monitor - INFO - Processing ticker: PLTR
2025-05-06 11:42:25,390 - sec_monitor - INFO - Number of bars for PLTR: 4
2025-05-06 11:42:25,390 - sec_monitor - INFO - Last bar close for PLTR: 123.875
2025-05-06 11:42:25,390 - sec_monitor - INFO - Outside market hours price for PLTR: 123.875
2025-05-06 11:42:25,390 - sec_monitor - INFO - Processing ticker: CTRA
2025-05-06 11:42:25,409 - sec_monitor - INFO - Number of bars for CTRA: 4
2025-05-06 11:42:25,409 - sec_monitor - INFO - Last bar close for CTRA: 25.3
2025-05-06 11:42:25,410 - sec_monitor - INFO - Outside market hours price for CTRA: 25.3
2025-05-06 11:42:25,410 - sec_monitor - INFO - Processing ticker: CTRA
2025-05-06 11:42:25,429 - sec_monitor - INFO - Number of bars for CTRA: 4
2025-05-06 11:42:25,429 - sec_monitor - INFO - Last bar close for CTRA: 25.3
2025-05-06 11:42:25,429 - sec_monitor - INFO - Outside market hours price for CTRA: 25.3
2025-05-06 11:42:25,429 - sec_monitor - INFO - Processing ticker: CE
2025-05-06 11:42:25,444 - sec_monitor - INFO - Number of bars for CE: 4
2025-05-06 11:42:25,444 - sec_monitor - INFO - Last bar close for CE: 44.71
2025-05-06 11:42:25,444 - sec_monitor - INFO - Outside market hours price for CE: 44.71
2025-05-06 11:42:25,445 - sec_monitor - INFO - Processing ticker: RTX
2025-05-06 11:42:25,462 - sec_monitor - INFO - Number of bars for RTX: 4
2025-05-06 11:42:25,462 - sec_monitor - INFO - Last bar close for RTX: 128.59
2025-05-06 11:42:25,463 - sec_monitor - INFO - Outside market hours price for RTX: 128.59
2025-05-06 11:42:25,463 - sec_monitor - INFO - Processing ticker: EMN
2025-05-06 11:42:25,477 - sec_monitor - INFO - Number of bars for EMN: 4
2025-05-06 11:42:25,477 - sec_monitor - INFO - Last bar close for EMN: 76.18
2025-05-06 11:42:25,477 - sec_monitor - INFO - Outside market hours price for EMN: 76.18
2025-05-06 11:42:25,477 - sec_monitor - INFO - Processing ticker: LKQ
2025-05-06 11:42:25,499 - sec_monitor - INFO - Number of bars for LKQ: 4
2025-05-06 11:42:25,499 - sec_monitor - INFO - Last bar close for LKQ: 39.455
2025-05-06 11:42:25,499 - sec_monitor - INFO - Outside market hours price for LKQ: 39.455
2025-05-06 11:42:25,499 - sec_monitor - INFO - Processing ticker: CE
2025-05-06 11:42:25,514 - sec_monitor - INFO - Number of bars for CE: 4
2025-05-06 11:42:25,514 - sec_monitor - INFO - Last bar close for CE: 44.71
2025-05-06 11:42:25,514 - sec_monitor - INFO - Outside market hours price for CE: 44.71
2025-05-06 11:42:25,514 - sec_monitor - INFO - Processing ticker: PAYC
2025-05-06 11:42:25,534 - sec_monitor - INFO - Number of bars for PAYC: 4
2025-05-06 11:42:25,534 - sec_monitor - INFO - Last bar close for PAYC: 227.605
2025-05-06 11:42:25,534 - sec_monitor - INFO - Outside market hours price for PAYC: 227.605
2025-05-06 11:42:25,534 - sec_monitor - INFO - Processing ticker: VST
2025-05-06 11:42:25,550 - sec_monitor - INFO - Number of bars for VST: 4
2025-05-06 11:42:25,550 - sec_monitor - INFO - Last bar close for VST: 140.02
2025-05-06 11:42:25,550 - sec_monitor - INFO - Outside market hours price for VST: 140.02
2025-05-06 11:42:31,122 - sec_monitor - INFO - Generating final output...
2025-05-06 11:42:31,123 - sec_monitor - INFO - Successfully saved/merged output to output/sec_filings.json
2025-05-06 11:42:31,123 - sec_monitor - INFO - Processing complete. Stats: {'input_words': 1377935, 'output_words': 2180, 'filings_processed': 26}
2025-05-06 12:42:01,486 - sec_monitor - INFO - Starting SEC filing monitor 
2025-05-06 12:42:01,486 - sec_monitor - INFO - Loading S&P 500 data...
2025-05-06 12:42:01,486 - sec_monitor - INFO - Starting S&P 500 data initialization
2025-05-06 12:42:01,487 - sec_monitor - INFO - Successfully loaded 503 S&P 500 tickers
2025-05-06 12:42:01,487 - sec_monitor - INFO - Successfully loaded 503 S&P 500 tickers
2025-05-06 12:42:01,487 - sec_monitor - INFO - Initializing components...
2025-05-06 12:42:01,487 - sec_monitor - INFO - Initializing components
2025-05-06 12:42:01,487 - sec_monitor - INFO - SEC fetcher initialized
2025-05-06 12:42:01,487 - sec_monitor - INFO - Filing analyzer initialized
2025-05-06 12:42:01,488 - sec_monitor - INFO - Alpaca clients initialized
2025-05-06 12:42:01,488 - sec_monitor - INFO - All components initialized successfully
2025-05-06 12:42:01,489 - sec_monitor - INFO - Found JSON file from today
2025-05-06 12:42:01,489 - sec_monitor - INFO - Found 26 previously processed accessions and 26 filing URLs
2025-05-06 12:42:01,489 - sec_monitor - INFO - Found 26 accession numbers and 26 URLs from previously processed filings
2025-05-06 12:42:01,489 - sec_monitor - INFO - Fetching SEC filings...
2025-05-06 12:42:37,931 - sec_monitor - INFO - No more entries found
2025-05-06 12:42:37,931 - sec_monitor - INFO - Completed fetching. Found 174 total filings
2025-05-06 12:42:37,931 - sec_monitor - INFO - Found 7 new interesting filings
2025-05-06 12:42:37,931 - sec_monitor - INFO - Found 7 new filings to process
2025-05-06 12:42:37,932 - sec_monitor - INFO - Processing filing 1/7: UBER
2025-05-06 12:43:08,525 - sec_monitor - INFO - ==================================================
2025-05-06 12:43:08,526 - sec_monitor - INFO - Processing first chunk
2025-05-06 12:43:08,526 - sec_monitor - INFO - Timestamp: 2025-05-06 12:43:08
2025-05-06 12:43:08,727 - sec_monitor - INFO - token percentage = 4%
2025-05-06 12:43:08,727 - sec_monitor - INFO - Making API call - Attempt 1/3
2025-05-06 12:43:08,728 - sec_monitor - INFO - Timestamp: 2025-05-06 12:43:08
2025-05-06 12:43:12,395 - sec_monitor - INFO - API call successful
2025-05-06 12:43:13,397 - sec_monitor - INFO - Processing filing 2/7: BALL
2025-05-06 12:43:44,418 - sec_monitor - INFO - ==================================================
2025-05-06 12:43:44,418 - sec_monitor - INFO - Processing first chunk
2025-05-06 12:43:44,418 - sec_monitor - INFO - Timestamp: 2025-05-06 12:43:44
2025-05-06 12:43:44,624 - sec_monitor - INFO - token percentage = 6%
2025-05-06 12:43:44,624 - sec_monitor - INFO - Making API call - Attempt 1/3
2025-05-06 12:43:44,624 - sec_monitor - INFO - Timestamp: 2025-05-06 12:43:44
2025-05-06 12:43:47,807 - sec_monitor - INFO - API call successful
2025-05-06 12:43:48,808 - sec_monitor - INFO - Processing filing 3/7: PH
2025-05-06 12:45:40,282 - sec_monitor - INFO - ==================================================
2025-05-06 12:45:40,282 - sec_monitor - INFO - Processing first chunk
2025-05-06 12:45:40,283 - sec_monitor - INFO - Timestamp: 2025-05-06 12:45:40
2025-05-06 12:45:40,811 - sec_monitor - INFO - token percentage = 51%
2025-05-06 12:45:40,811 - sec_monitor - INFO - Making API call - Attempt 1/3
2025-05-06 12:45:40,812 - sec_monitor - INFO - Timestamp: 2025-05-06 12:45:40
2025-05-06 12:45:58,796 - sec_monitor - INFO - API call successful
2025-05-06 12:46:28,805 - sec_monitor - INFO - ==================================================
2025-05-06 12:46:28,806 - sec_monitor - INFO - Processing middle chunk
2025-05-06 12:46:28,806 - sec_monitor - INFO - Timestamp: 2025-05-06 12:46:28
2025-05-06 12:46:29,169 - sec_monitor - INFO - token percentage = 64%
2025-05-06 12:46:29,170 - sec_monitor - INFO - Making API call - Attempt 1/3
2025-05-06 12:46:29,170 - sec_monitor - INFO - Timestamp: 2025-05-06 12:46:29
2025-05-06 12:46:51,484 - sec_monitor - INFO - API call successful
2025-05-06 12:47:21,514 - sec_monitor - INFO - ==================================================
2025-05-06 12:47:21,514 - sec_monitor - INFO - Processing middle chunk
2025-05-06 12:47:21,514 - sec_monitor - INFO - Timestamp: 2025-05-06 12:47:21
2025-05-06 12:47:22,016 - sec_monitor - INFO - token percentage = 63%
2025-05-06 12:47:22,016 - sec_monitor - INFO - Making API call - Attempt 1/3
2025-05-06 12:47:22,016 - sec_monitor - INFO - Timestamp: 2025-05-06 12:47:22
2025-05-06 12:47:45,123 - sec_monitor - INFO - API call successful
2025-05-06 12:48:15,129 - sec_monitor - INFO - ==================================================
2025-05-06 12:48:15,129 - sec_monitor - INFO - Processing middle chunk
2025-05-06 12:48:15,129 - sec_monitor - INFO - Timestamp: 2025-05-06 12:48:15
2025-05-06 12:48:15,763 - sec_monitor - INFO - token percentage = 46%
2025-05-06 12:48:15,764 - sec_monitor - INFO - Making API call - Attempt 1/3
2025-05-06 12:48:15,764 - sec_monitor - INFO - Timestamp: 2025-05-06 12:48:15
2025-05-06 12:48:32,714 - sec_monitor - INFO - API call successful
2025-05-06 12:49:02,744 - sec_monitor - INFO - ==================================================
2025-05-06 12:49:02,744 - sec_monitor - INFO - Processing middle chunk
2025-05-06 12:49:02,744 - sec_monitor - INFO - Timestamp: 2025-05-06 12:49:02
2025-05-06 12:49:03,729 - sec_monitor - INFO - token percentage = 33%
2025-05-06 12:49:03,729 - sec_monitor - INFO - Making API call - Attempt 1/3
2025-05-06 12:49:03,729 - sec_monitor - INFO - Timestamp: 2025-05-06 12:49:03
2025-05-06 12:49:15,352 - sec_monitor - INFO - API call successful
2025-05-06 12:49:45,369 - sec_monitor - INFO - ==================================================
2025-05-06 12:49:45,370 - sec_monitor - INFO - Processing middle chunk
2025-05-06 12:49:45,370 - sec_monitor - INFO - Timestamp: 2025-05-06 12:49:45
2025-05-06 12:49:45,881 - sec_monitor - INFO - token percentage = 43%
2025-05-06 12:49:45,882 - sec_monitor - INFO - Making API call - Attempt 1/3
2025-05-06 12:49:45,882 - sec_monitor - INFO - Timestamp: 2025-05-06 12:49:45
2025-05-06 12:50:01,187 - sec_monitor - INFO - API call successful
2025-05-06 12:50:31,210 - sec_monitor - INFO - ==================================================
2025-05-06 12:50:31,210 - sec_monitor - INFO - Processing middle chunk
2025-05-06 12:50:31,210 - sec_monitor - INFO - Timestamp: 2025-05-06 12:50:31
2025-05-06 12:50:31,809 - sec_monitor - INFO - token percentage = 35%
2025-05-06 12:50:31,809 - sec_monitor - INFO - Making API call - Attempt 1/3
2025-05-06 12:50:31,810 - sec_monitor - INFO - Timestamp: 2025-05-06 12:50:31
2025-05-06 12:50:44,338 - sec_monitor - INFO - API call successful
2025-05-06 12:51:14,369 - sec_monitor - INFO - ==================================================
2025-05-06 12:51:14,369 - sec_monitor - INFO - Processing middle chunk
2025-05-06 12:51:14,369 - sec_monitor - INFO - Timestamp: 2025-05-06 12:51:14
2025-05-06 12:51:14,761 - sec_monitor - INFO - token percentage = 64%
2025-05-06 12:51:14,761 - sec_monitor - INFO - Making API call - Attempt 1/3
2025-05-06 12:51:14,761 - sec_monitor - INFO - Timestamp: 2025-05-06 12:51:14
2025-05-06 12:51:37,667 - sec_monitor - INFO - API call successful
2025-05-06 12:52:07,697 - sec_monitor - INFO - ==================================================
2025-05-06 12:52:07,698 - sec_monitor - INFO - Processing last chunk
2025-05-06 12:52:07,698 - sec_monitor - INFO - Timestamp: 2025-05-06 12:52:07
2025-05-06 12:52:07,836 - sec_monitor - INFO - token percentage = 6%
2025-05-06 12:52:07,836 - sec_monitor - INFO - Making API call - Attempt 1/3
2025-05-06 12:52:07,836 - sec_monitor - INFO - Timestamp: 2025-05-06 12:52:07
2025-05-06 12:52:11,379 - sec_monitor - INFO - API call successful
2025-05-06 12:52:11,380 - sec_monitor - INFO - Making combine API call - Attempt 1/3
2025-05-06 12:52:11,380 - sec_monitor - INFO - Timestamp: 2025-05-06 12:52:11
2025-05-06 12:52:12,509 - sec_monitor - INFO - Combine API call successful
2025-05-06 12:52:13,510 - sec_monitor - INFO - Processing filing 4/7: TDG
2025-05-06 12:52:44,905 - sec_monitor - INFO - ==================================================
2025-05-06 12:52:44,905 - sec_monitor - INFO - Processing first chunk
2025-05-06 12:52:44,905 - sec_monitor - INFO - Timestamp: 2025-05-06 12:52:44
2025-05-06 12:52:45,056 - sec_monitor - INFO - token percentage = 14%
2025-05-06 12:52:45,057 - sec_monitor - INFO - Making API call - Attempt 1/3
2025-05-06 12:52:45,057 - sec_monitor - INFO - Timestamp: 2025-05-06 12:52:45
2025-05-06 12:52:50,852 - sec_monitor - INFO - API call successful
2025-05-06 12:52:51,854 - sec_monitor - INFO - Processing filing 5/7: WEC
2025-05-06 12:53:23,589 - sec_monitor - INFO - ==================================================
2025-05-06 12:53:23,589 - sec_monitor - INFO - Processing first chunk
2025-05-06 12:53:23,589 - sec_monitor - INFO - Timestamp: 2025-05-06 12:53:23
2025-05-06 12:53:23,830 - sec_monitor - INFO - token percentage = 18%
2025-05-06 12:53:23,830 - sec_monitor - INFO - Making API call - Attempt 1/3
2025-05-06 12:53:23,830 - sec_monitor - INFO - Timestamp: 2025-05-06 12:53:23
2025-05-06 12:53:31,086 - sec_monitor - INFO - API call successful
2025-05-06 12:53:32,087 - sec_monitor - INFO - Processing filing 6/7: GPN
2025-05-06 12:54:14,098 - sec_monitor - INFO - ==================================================
2025-05-06 12:54:14,098 - sec_monitor - INFO - Processing first chunk
2025-05-06 12:54:14,098 - sec_monitor - INFO - Timestamp: 2025-05-06 12:54:14
2025-05-06 12:54:14,491 - sec_monitor - INFO - token percentage = 46%
2025-05-06 12:54:14,491 - sec_monitor - INFO - Making API call - Attempt 1/3
2025-05-06 12:54:14,491 - sec_monitor - INFO - Timestamp: 2025-05-06 12:54:14
2025-05-06 12:54:30,984 - sec_monitor - INFO - API call successful
2025-05-06 12:55:01,006 - sec_monitor - INFO - ==================================================
2025-05-06 12:55:01,006 - sec_monitor - INFO - Processing middle chunk
2025-05-06 12:55:01,006 - sec_monitor - INFO - Timestamp: 2025-05-06 12:55:01
2025-05-06 12:55:01,321 - sec_monitor - INFO - token percentage = 51%
2025-05-06 12:55:01,321 - sec_monitor - INFO - Making API call - Attempt 1/3
2025-05-06 12:55:01,321 - sec_monitor - INFO - Timestamp: 2025-05-06 12:55:01
2025-05-06 12:55:19,391 - sec_monitor - INFO - API call successful
2025-05-06 12:55:49,417 - sec_monitor - INFO - ==================================================
2025-05-06 12:55:49,418 - sec_monitor - INFO - Processing middle chunk
2025-05-06 12:55:49,418 - sec_monitor - INFO - Timestamp: 2025-05-06 12:55:49
2025-05-06 12:55:49,755 - sec_monitor - INFO - token percentage = 53%
2025-05-06 12:55:49,756 - sec_monitor - INFO - Making API call - Attempt 1/3
2025-05-06 12:55:49,756 - sec_monitor - INFO - Timestamp: 2025-05-06 12:55:49
2025-05-06 12:56:08,406 - sec_monitor - INFO - API call successful
2025-05-06 12:56:38,433 - sec_monitor - INFO - ==================================================
2025-05-06 12:56:38,433 - sec_monitor - INFO - Processing last chunk
2025-05-06 12:56:38,433 - sec_monitor - INFO - Timestamp: 2025-05-06 12:56:38
2025-05-06 12:56:38,574 - sec_monitor - INFO - token percentage = 6%
2025-05-06 12:56:38,575 - sec_monitor - INFO - Making API call - Attempt 1/3
2025-05-06 12:56:38,575 - sec_monitor - INFO - Timestamp: 2025-05-06 12:56:38
2025-05-06 12:56:41,776 - sec_monitor - INFO - API call successful
2025-05-06 12:56:41,776 - sec_monitor - INFO - Making combine API call - Attempt 1/3
2025-05-06 12:56:41,776 - sec_monitor - INFO - Timestamp: 2025-05-06 12:56:41
2025-05-06 12:56:42,823 - sec_monitor - INFO - Combine API call successful
2025-05-06 12:56:43,824 - sec_monitor - INFO - Processing filing 7/7: TDG
2025-05-06 12:57:15,714 - sec_monitor - INFO - ==================================================
2025-05-06 12:57:15,715 - sec_monitor - INFO - Processing first chunk
2025-05-06 12:57:15,715 - sec_monitor - INFO - Timestamp: 2025-05-06 12:57:15
2025-05-06 12:57:15,910 - sec_monitor - INFO - token percentage = 16%
2025-05-06 12:57:15,910 - sec_monitor - INFO - Making API call - Attempt 1/3
2025-05-06 12:57:15,910 - sec_monitor - INFO - Timestamp: 2025-05-06 12:57:15
2025-05-06 12:57:22,364 - sec_monitor - INFO - API call successful
2025-05-06 12:57:23,366 - sec_monitor - INFO - Fetching supplementary data...
2025-05-06 12:57:23,723 - sec_monitor - INFO - filing_tickers type: <class 'list'>
2025-05-06 12:57:23,723 - sec_monitor - INFO - filing_data type: <class 'list'>
2025-05-06 12:57:23,723 - sec_monitor - INFO - Market open: False
2025-05-06 12:57:23,724 - sec_monitor - INFO - Number of filing times mapped: 6
2025-05-06 12:57:23,742 - sec_monitor - INFO - Last trading day: 2025-05-06
2025-05-06 12:57:23,742 - sec_monitor - INFO - Processing ticker: UBER
2025-05-06 12:57:23,926 - sec_monitor - INFO - Number of bars for UBER: 3
2025-05-06 12:57:23,926 - sec_monitor - INFO - Last bar close for UBER: 85.42
2025-05-06 12:57:23,927 - sec_monitor - INFO - Outside market hours price for UBER: 85.42
2025-05-06 12:57:23,927 - sec_monitor - INFO - Processing ticker: BALL
2025-05-06 12:57:23,938 - sec_monitor - INFO - Number of bars for BALL: 3
2025-05-06 12:57:23,938 - sec_monitor - INFO - Last bar close for BALL: 51.86
2025-05-06 12:57:23,938 - sec_monitor - INFO - Outside market hours price for BALL: 51.86
2025-05-06 12:57:23,938 - sec_monitor - INFO - Processing ticker: PH
2025-05-06 12:57:23,952 - sec_monitor - INFO - Number of bars for PH: 3
2025-05-06 12:57:23,952 - sec_monitor - INFO - Last bar close for PH: 617.01
2025-05-06 12:57:23,952 - sec_monitor - INFO - Outside market hours price for PH: 617.01
2025-05-06 12:57:23,952 - sec_monitor - INFO - Processing ticker: TDG
2025-05-06 12:57:23,965 - sec_monitor - INFO - Number of bars for TDG: 3
2025-05-06 12:57:23,966 - sec_monitor - INFO - Last bar close for TDG: 1475.33
2025-05-06 12:57:23,966 - sec_monitor - INFO - Outside market hours price for TDG: 1475.33
2025-05-06 12:57:23,966 - sec_monitor - INFO - Processing ticker: WEC
2025-05-06 12:57:23,978 - sec_monitor - INFO - Number of bars for WEC: 3
2025-05-06 12:57:23,978 - sec_monitor - INFO - Last bar close for WEC: 108.805
2025-05-06 12:57:23,978 - sec_monitor - INFO - Outside market hours price for WEC: 108.805
2025-05-06 12:57:23,979 - sec_monitor - INFO - Processing ticker: GPN
2025-05-06 12:57:23,990 - sec_monitor - INFO - Number of bars for GPN: 3
2025-05-06 12:57:23,990 - sec_monitor - INFO - Last bar close for GPN: 79.205
2025-05-06 12:57:23,990 - sec_monitor - INFO - Outside market hours price for GPN: 79.205
2025-05-06 12:57:23,990 - sec_monitor - INFO - Processing ticker: TDG
2025-05-06 12:57:24,004 - sec_monitor - INFO - Number of bars for TDG: 3
2025-05-06 12:57:24,004 - sec_monitor - INFO - Last bar close for TDG: 1475.33
2025-05-06 12:57:24,005 - sec_monitor - INFO - Outside market hours price for TDG: 1475.33
2025-05-06 12:57:25,887 - sec_monitor - INFO - Generating final output...
2025-05-06 12:57:25,890 - sec_monitor - INFO - Successfully merged 7 new filings with existing JSON
2025-05-06 12:57:25,890 - sec_monitor - INFO - Cumulative stats - Input words: 1847605, Output words: 2679
2025-05-06 12:57:25,890 - sec_monitor - INFO - Successfully saved/merged output to output/sec_filings.json
2025-05-06 12:57:25,890 - sec_monitor - INFO - Processing complete. Stats: {'input_words': 469670, 'output_words': 499, 'filings_processed': 7}
