2025-09-23 11:09:19,458 - sec_monitor - INFO - Starting SEC filing monitor 
2025-09-23 11:09:19,458 - sec_monitor - INFO - Loading S&P 500 data...
2025-09-23 11:09:19,458 - sec_monitor - INFO - Starting S&P 500 data initialization
2025-09-23 11:09:19,459 - sec_monitor - INFO - Successfully loaded 503 S&P 500 tickers
2025-09-23 11:09:19,459 - sec_monitor - INFO - Successfully loaded 503 S&P 500 tickers
2025-09-23 11:09:19,459 - sec_monitor - INFO - Initializing components...
2025-09-23 11:09:19,459 - sec_monitor - INFO - Initializing components
2025-09-23 11:09:19,459 - sec_monitor - INFO - SEC fetcher initialized
2025-09-23 11:09:19,459 - sec_monitor - INFO - Filing analyzer initialized
2025-09-23 11:09:19,460 - sec_monitor - INFO - Alpaca clients initialized
2025-09-23 11:09:19,460 - sec_monitor - INFO - All components initialized successfully
2025-09-23 11:09:19,461 - sec_monitor - INFO - Found old JSON file, archiving
2025-09-23 11:09:19,461 - sec_monitor - INFO - Starting new filing collection for today
2025-09-23 11:09:19,461 - sec_monitor - INFO - Fetching SEC filings...
2025-09-23 11:09:33,505 - sec_monitor - INFO - No more entries found
2025-09-23 11:09:33,505 - sec_monitor - INFO - Completed fetching. Found 80 total filings
2025-09-23 11:09:33,505 - sec_monitor - INFO - Found 6 new interesting filings
2025-09-23 11:09:33,505 - sec_monitor - INFO - Found 6 new filings to process
2025-09-23 11:09:33,505 - sec_monitor - INFO - Processing filing 1/6: AZO
2025-09-23 11:10:04,405 - sec_monitor - INFO - ==================================================
2025-09-23 11:10:04,405 - sec_monitor - INFO - Processing first chunk
2025-09-23 11:10:04,405 - sec_monitor - INFO - Timestamp: 2025-09-23 11:10:04
2025-09-23 11:10:04,538 - sec_monitor - INFO - token percentage = 5%
2025-09-23 11:10:04,538 - sec_monitor - INFO - Making API call - Attempt 1/3
2025-09-23 11:10:04,539 - sec_monitor - INFO - Timestamp: 2025-09-23 11:10:04
2025-09-23 11:10:10,458 - sec_monitor - INFO - API call successful
2025-09-23 11:10:11,460 - sec_monitor - INFO - Processing filing 2/6: ON
2025-09-23 11:10:43,423 - sec_monitor - INFO - ==================================================
2025-09-23 11:10:43,423 - sec_monitor - INFO - Processing first chunk
2025-09-23 11:10:43,423 - sec_monitor - INFO - Timestamp: 2025-09-23 11:10:43
2025-09-23 11:10:43,705 - sec_monitor - INFO - token percentage = 20%
2025-09-23 11:10:43,705 - sec_monitor - INFO - Making API call - Attempt 1/3
2025-09-23 11:10:43,706 - sec_monitor - INFO - Timestamp: 2025-09-23 11:10:43
2025-09-23 11:10:51,850 - sec_monitor - INFO - API call successful
2025-09-23 11:10:52,852 - sec_monitor - INFO - Processing filing 3/6: CTRA
2025-09-23 11:11:23,159 - sec_monitor - INFO - ==================================================
2025-09-23 11:11:23,159 - sec_monitor - INFO - Processing first chunk
2025-09-23 11:11:23,159 - sec_monitor - INFO - Timestamp: 2025-09-23 11:11:23
2025-09-23 11:11:23,228 - sec_monitor - INFO - token percentage = 2%
2025-09-23 11:11:23,228 - sec_monitor - INFO - Making API call - Attempt 1/3
2025-09-23 11:11:23,228 - sec_monitor - INFO - Timestamp: 2025-09-23 11:11:23
2025-09-23 11:11:24,631 - sec_monitor - INFO - API call successful
2025-09-23 11:11:25,632 - sec_monitor - INFO - Processing filing 4/6: CAG
2025-09-23 11:11:56,001 - sec_monitor - INFO - ==================================================
2025-09-23 11:11:56,001 - sec_monitor - INFO - Processing first chunk
2025-09-23 11:11:56,001 - sec_monitor - INFO - Timestamp: 2025-09-23 11:11:56
2025-09-23 11:11:56,085 - sec_monitor - INFO - token percentage = 2%
2025-09-23 11:11:56,085 - sec_monitor - INFO - Making API call - Attempt 1/3
2025-09-23 11:11:56,085 - sec_monitor - INFO - Timestamp: 2025-09-23 11:11:56
2025-09-23 11:11:59,011 - sec_monitor - INFO - API call successful
2025-09-23 11:12:00,013 - sec_monitor - INFO - Processing filing 5/6: WMT
2025-09-23 11:12:30,557 - sec_monitor - INFO - ==================================================
2025-09-23 11:12:30,557 - sec_monitor - INFO - Processing first chunk
2025-09-23 11:12:30,557 - sec_monitor - INFO - Timestamp: 2025-09-23 11:12:30
2025-09-23 11:12:30,672 - sec_monitor - INFO - token percentage = 3%
2025-09-23 11:12:30,672 - sec_monitor - INFO - Making API call - Attempt 1/3
2025-09-23 11:12:30,672 - sec_monitor - INFO - Timestamp: 2025-09-23 11:12:30
2025-09-23 11:12:37,175 - sec_monitor - INFO - API call successful
2025-09-23 11:12:38,176 - sec_monitor - INFO - Processing filing 6/6: CVS
2025-09-23 11:13:08,577 - sec_monitor - INFO - ==================================================
2025-09-23 11:13:08,577 - sec_monitor - INFO - Processing first chunk
2025-09-23 11:13:08,577 - sec_monitor - INFO - Timestamp: 2025-09-23 11:13:08
2025-09-23 11:13:08,662 - sec_monitor - INFO - token percentage = 3%
2025-09-23 11:13:08,663 - sec_monitor - INFO - Making API call - Attempt 1/3
2025-09-23 11:13:08,663 - sec_monitor - INFO - Timestamp: 2025-09-23 11:13:08
2025-09-23 11:13:14,961 - sec_monitor - INFO - API call successful
2025-09-23 11:13:15,963 - sec_monitor - INFO - Fetching supplementary data...
2025-09-23 11:13:16,255 - sec_monitor - INFO - filing_tickers type: <class 'list'>
2025-09-23 11:13:16,255 - sec_monitor - INFO - filing_data type: <class 'list'>
2025-09-23 11:13:16,255 - sec_monitor - INFO - Market open: False
2025-09-23 11:13:16,256 - sec_monitor - INFO - Number of filing times mapped: 6
2025-09-23 11:13:16,328 - sec_monitor - INFO - Last trading day: 2025-09-23
2025-09-23 11:13:16,329 - sec_monitor - INFO - Processing ticker: AZO
2025-09-23 11:13:16,629 - sec_monitor - INFO - Number of bars for AZO: 3
2025-09-23 11:13:16,629 - sec_monitor - INFO - Last bar close for AZO: 4127.755
2025-09-23 11:13:16,630 - sec_monitor - INFO - Outside market hours price for AZO: 4127.755
2025-09-23 11:13:16,630 - sec_monitor - INFO - Processing ticker: ON
2025-09-23 11:13:16,652 - sec_monitor - INFO - Number of bars for ON: 3
2025-09-23 11:13:16,652 - sec_monitor - INFO - Last bar close for ON: 51.48
2025-09-23 11:13:16,652 - sec_monitor - INFO - Outside market hours price for ON: 51.48
2025-09-23 11:13:16,652 - sec_monitor - INFO - Processing ticker: CTRA
2025-09-23 11:13:16,668 - sec_monitor - INFO - Number of bars for CTRA: 4
2025-09-23 11:13:16,669 - sec_monitor - INFO - Last bar close for CTRA: 23.11
2025-09-23 11:13:16,669 - sec_monitor - INFO - Outside market hours price for CTRA: 23.11
2025-09-23 11:13:16,669 - sec_monitor - INFO - Processing ticker: CAG
2025-09-23 11:13:16,683 - sec_monitor - INFO - Number of bars for CAG: 4
2025-09-23 11:13:16,683 - sec_monitor - INFO - Last bar close for CAG: 18.32
2025-09-23 11:13:16,684 - sec_monitor - INFO - Outside market hours price for CAG: 18.32
2025-09-23 11:13:16,684 - sec_monitor - INFO - Processing ticker: WMT
2025-09-23 11:13:16,706 - sec_monitor - INFO - Number of bars for WMT: 4
2025-09-23 11:13:16,706 - sec_monitor - INFO - Last bar close for WMT: 102.81
2025-09-23 11:13:16,706 - sec_monitor - INFO - Outside market hours price for WMT: 102.81
2025-09-23 11:13:16,707 - sec_monitor - INFO - Processing ticker: CVS
2025-09-23 11:13:16,725 - sec_monitor - INFO - Number of bars for CVS: 4
2025-09-23 11:13:16,725 - sec_monitor - INFO - Last bar close for CVS: 75.14
2025-09-23 11:13:16,725 - sec_monitor - INFO - Outside market hours price for CVS: 75.14
2025-09-23 11:13:18,389 - sec_monitor - INFO - Generating final output...
2025-09-23 11:13:18,390 - sec_monitor - INFO - Successfully saved/merged output to output/sec_filings.json
2025-09-23 11:13:18,390 - sec_monitor - INFO - Processing complete. Stats: {'input_words': 76934, 'output_words': 531, 'filings_processed': 6}
2025-09-23 12:40:16,120 - sec_monitor - INFO - Starting SEC filing monitor 
2025-09-23 12:40:16,121 - sec_monitor - INFO - Loading S&P 500 data...
2025-09-23 12:40:16,121 - sec_monitor - INFO - Starting S&P 500 data initialization
2025-09-23 12:40:16,121 - sec_monitor - INFO - Successfully loaded 503 S&P 500 tickers
2025-09-23 12:40:16,121 - sec_monitor - INFO - Successfully loaded 503 S&P 500 tickers
2025-09-23 12:40:16,121 - sec_monitor - INFO - Initializing components...
2025-09-23 12:40:16,121 - sec_monitor - INFO - Initializing components
2025-09-23 12:40:16,121 - sec_monitor - INFO - SEC fetcher initialized
2025-09-23 12:40:16,122 - sec_monitor - INFO - Filing analyzer initialized
2025-09-23 12:40:16,122 - sec_monitor - INFO - Alpaca clients initialized
2025-09-23 12:40:16,122 - sec_monitor - INFO - All components initialized successfully
2025-09-23 12:40:16,123 - sec_monitor - INFO - Found JSON file from today
2025-09-23 12:40:16,123 - sec_monitor - INFO - Found 6 previously processed accessions and 6 filing URLs
2025-09-23 12:40:16,123 - sec_monitor - INFO - Found 6 accession numbers and 6 URLs from previously processed filings
2025-09-23 12:40:16,123 - sec_monitor - INFO - Fetching SEC filings...
2025-09-23 12:40:30,744 - sec_monitor - INFO - No more entries found
2025-09-23 12:40:30,744 - sec_monitor - INFO - Completed fetching. Found 77 total filings
2025-09-23 12:40:30,744 - sec_monitor - INFO - Found 1 new interesting filings
2025-09-23 12:40:30,744 - sec_monitor - INFO - Found 1 new filings to process
2025-09-23 12:40:30,744 - sec_monitor - INFO - Processing filing 1/1: MCK
2025-09-23 12:41:01,616 - sec_monitor - INFO - ==================================================
2025-09-23 12:41:01,616 - sec_monitor - INFO - Processing first chunk
2025-09-23 12:41:01,616 - sec_monitor - INFO - Timestamp: 2025-09-23 12:41:01
2025-09-23 12:41:01,797 - sec_monitor - INFO - token percentage = 9%
2025-09-23 12:41:01,797 - sec_monitor - INFO - Making API call - Attempt 1/3
2025-09-23 12:41:01,798 - sec_monitor - INFO - Timestamp: 2025-09-23 12:41:01
2025-09-23 12:41:19,092 - sec_monitor - INFO - API call successful
2025-09-23 12:41:20,093 - sec_monitor - INFO - Fetching supplementary data...
2025-09-23 12:41:20,558 - sec_monitor - INFO - filing_tickers type: <class 'list'>
2025-09-23 12:41:20,558 - sec_monitor - INFO - filing_data type: <class 'list'>
2025-09-23 12:41:20,558 - sec_monitor - INFO - Market open: False
2025-09-23 12:41:20,558 - sec_monitor - INFO - Number of filing times mapped: 1
2025-09-23 12:41:20,619 - sec_monitor - INFO - Last trading day: 2025-09-23
2025-09-23 12:41:20,619 - sec_monitor - INFO - Processing ticker: MCK
2025-09-23 12:41:21,283 - sec_monitor - INFO - Number of bars for MCK: 3
2025-09-23 12:41:21,284 - sec_monitor - INFO - Last bar close for MCK: 697.22
2025-09-23 12:41:21,284 - sec_monitor - INFO - Outside market hours price for MCK: 697.22
2025-09-23 12:41:21,634 - sec_monitor - INFO - Generating final output...
2025-09-23 12:41:21,635 - sec_monitor - INFO - Successfully merged 1 new filings with existing JSON
2025-09-23 12:41:21,635 - sec_monitor - INFO - Cumulative stats - Input words: 85578, Output words: 617
2025-09-23 12:41:21,635 - sec_monitor - INFO - Successfully saved/merged output to output/sec_filings.json
2025-09-23 12:41:21,635 - sec_monitor - INFO - Processing complete. Stats: {'input_words': 8644, 'output_words': 86, 'filings_processed': 1}
2025-09-23 13:31:00,799 - sec_monitor - INFO - Starting SEC filing monitor 
2025-09-23 13:31:00,799 - sec_monitor - INFO - Loading S&P 500 data...
2025-09-23 13:31:00,799 - sec_monitor - INFO - Starting S&P 500 data initialization
2025-09-23 13:31:00,800 - sec_monitor - INFO - Successfully loaded 503 S&P 500 tickers
2025-09-23 13:31:00,800 - sec_monitor - INFO - Successfully loaded 503 S&P 500 tickers
2025-09-23 13:31:00,800 - sec_monitor - INFO - Initializing components...
2025-09-23 13:31:00,800 - sec_monitor - INFO - Initializing components
2025-09-23 13:31:00,800 - sec_monitor - INFO - SEC fetcher initialized
2025-09-23 13:31:00,800 - sec_monitor - INFO - Filing analyzer initialized
2025-09-23 13:31:00,800 - sec_monitor - INFO - Alpaca clients initialized
2025-09-23 13:31:00,800 - sec_monitor - INFO - All components initialized successfully
2025-09-23 13:31:00,801 - sec_monitor - INFO - Found JSON file from today
2025-09-23 13:31:00,802 - sec_monitor - INFO - Found 7 previously processed accessions and 7 filing URLs
2025-09-23 13:31:00,802 - sec_monitor - INFO - Found 7 accession numbers and 7 URLs from previously processed filings
2025-09-23 13:31:00,802 - sec_monitor - INFO - Fetching SEC filings...
2025-09-23 13:31:16,182 - sec_monitor - INFO - No more entries found
2025-09-23 13:31:16,183 - sec_monitor - INFO - Completed fetching. Found 75 total filings
2025-09-23 13:31:16,183 - sec_monitor - INFO - Found 0 new interesting filings
2025-09-23 13:31:16,183 - sec_monitor - INFO - No new filings to process
2025-09-23 15:20:16,229 - sec_monitor - INFO - Starting SEC filing monitor 
2025-09-23 15:20:16,229 - sec_monitor - INFO - Loading S&P 500 data...
2025-09-23 15:20:16,229 - sec_monitor - INFO - Starting S&P 500 data initialization
2025-09-23 15:20:16,229 - sec_monitor - INFO - Successfully loaded 503 S&P 500 tickers
2025-09-23 15:20:16,229 - sec_monitor - INFO - Successfully loaded 503 S&P 500 tickers
2025-09-23 15:20:16,229 - sec_monitor - INFO - Initializing components...
2025-09-23 15:20:16,230 - sec_monitor - INFO - Initializing components
2025-09-23 15:20:16,230 - sec_monitor - INFO - SEC fetcher initialized
2025-09-23 15:20:16,230 - sec_monitor - INFO - Filing analyzer initialized
2025-09-23 15:20:16,230 - sec_monitor - INFO - Alpaca clients initialized
2025-09-23 15:20:16,230 - sec_monitor - INFO - All components initialized successfully
2025-09-23 15:20:16,231 - sec_monitor - INFO - Found JSON file from today
2025-09-23 15:20:16,231 - sec_monitor - INFO - Found 7 previously processed accessions and 7 filing URLs
2025-09-23 15:20:16,231 - sec_monitor - INFO - Found 7 accession numbers and 7 URLs from previously processed filings
2025-09-23 15:20:16,231 - sec_monitor - INFO - Fetching SEC filings...
2025-09-23 15:20:31,438 - sec_monitor - INFO - No more entries found
2025-09-23 15:20:31,438 - sec_monitor - INFO - Completed fetching. Found 72 total filings
2025-09-23 15:20:31,438 - sec_monitor - INFO - Found 0 new interesting filings
2025-09-23 15:20:31,439 - sec_monitor - INFO - No new filings to process
2025-09-23 18:23:55,145 - sec_monitor - INFO - Starting SEC filing monitor 
2025-09-23 18:23:55,145 - sec_monitor - INFO - Loading S&P 500 data...
2025-09-23 18:23:55,145 - sec_monitor - INFO - Starting S&P 500 data initialization
2025-09-23 18:23:55,145 - sec_monitor - INFO - Successfully loaded 503 S&P 500 tickers
2025-09-23 18:23:55,146 - sec_monitor - INFO - Successfully loaded 503 S&P 500 tickers
2025-09-23 18:23:55,146 - sec_monitor - INFO - Initializing components...
2025-09-23 18:23:55,146 - sec_monitor - INFO - Initializing components
2025-09-23 18:23:55,146 - sec_monitor - INFO - SEC fetcher initialized
2025-09-23 18:23:55,146 - sec_monitor - INFO - Filing analyzer initialized
2025-09-23 18:23:55,146 - sec_monitor - INFO - Alpaca clients initialized
2025-09-23 18:23:55,146 - sec_monitor - INFO - All components initialized successfully
2025-09-23 18:23:55,147 - sec_monitor - INFO - Found JSON file from today
2025-09-23 18:23:55,147 - sec_monitor - INFO - Found 7 previously processed accessions and 7 filing URLs
2025-09-23 18:23:55,148 - sec_monitor - INFO - Found 7 accession numbers and 7 URLs from previously processed filings
2025-09-23 18:23:55,148 - sec_monitor - INFO - Fetching SEC filings...
2025-09-23 18:24:09,983 - sec_monitor - INFO - No more entries found
2025-09-23 18:24:09,983 - sec_monitor - INFO - Completed fetching. Found 54 total filings
2025-09-23 18:24:09,984 - sec_monitor - INFO - Found 0 new interesting filings
2025-09-23 18:24:09,984 - sec_monitor - INFO - No new filings to process
