2025-05-02 11:09:37,561 - sec_monitor - INFO - Starting SEC filing monitor 
2025-05-02 11:09:37,561 - sec_monitor - INFO - Loading S&P 500 data...
2025-05-02 11:09:37,561 - sec_monitor - INFO - Starting S&P 500 data initialization
2025-05-02 11:09:37,561 - sec_monitor - INFO - Successfully loaded 503 S&P 500 tickers
2025-05-02 11:09:37,561 - sec_monitor - INFO - Successfully loaded 503 S&P 500 tickers
2025-05-02 11:09:37,561 - sec_monitor - INFO - Initializing components...
2025-05-02 11:09:37,561 - sec_monitor - INFO - Initializing components
2025-05-02 11:09:37,562 - sec_monitor - INFO - SEC fetcher initialized
2025-05-02 11:09:37,562 - sec_monitor - INFO - Filing analyzer initialized
2025-05-02 11:09:37,562 - sec_monitor - INFO - Alpaca clients initialized
2025-05-02 11:09:37,562 - sec_monitor - INFO - All components initialized successfully
2025-05-02 11:09:37,563 - sec_monitor - INFO - Found old JSON file, archiving
2025-05-02 11:09:37,563 - sec_monitor - INFO - Starting new filing collection for today
2025-05-02 11:09:37,564 - sec_monitor - INFO - Fetching SEC filings...
2025-05-02 11:09:53,955 - sec_monitor - INFO - No more entries found
2025-05-02 11:09:53,955 - sec_monitor - INFO - Completed fetching. Found 131 total filings
2025-05-02 11:09:53,955 - sec_monitor - INFO - Found 27 new interesting filings
2025-05-02 11:09:53,955 - sec_monitor - INFO - Found 27 new filings to process
2025-05-02 11:09:53,955 - sec_monitor - INFO - Processing filing 1/27: ETN
2025-05-02 11:10:24,724 - sec_monitor - INFO - ==================================================
2025-05-02 11:10:24,724 - sec_monitor - INFO - Processing first chunk
2025-05-02 11:10:24,725 - sec_monitor - INFO - Timestamp: 2025-05-02 11:10:24
2025-05-02 11:10:24,940 - sec_monitor - INFO - token percentage = 4%
2025-05-02 11:10:24,941 - sec_monitor - INFO - Making API call - Attempt 1/3
2025-05-02 11:10:24,941 - sec_monitor - INFO - Timestamp: 2025-05-02 11:10:24
2025-05-02 11:10:28,917 - sec_monitor - INFO - API call successful
2025-05-02 11:10:29,919 - sec_monitor - INFO - Processing filing 2/27: XOM
2025-05-02 11:11:02,539 - sec_monitor - INFO - ==================================================
2025-05-02 11:11:02,540 - sec_monitor - INFO - Processing first chunk
2025-05-02 11:11:02,540 - sec_monitor - INFO - Timestamp: 2025-05-02 11:11:02
2025-05-02 11:11:02,983 - sec_monitor - INFO - token percentage = 32%
2025-05-02 11:11:02,984 - sec_monitor - INFO - Making API call - Attempt 1/3
2025-05-02 11:11:02,984 - sec_monitor - INFO - Timestamp: 2025-05-02 11:11:02
2025-05-02 11:11:14,288 - sec_monitor - INFO - API call successful
2025-05-02 11:11:15,289 - sec_monitor - INFO - Processing filing 3/27: CVX
2025-05-02 11:11:46,247 - sec_monitor - INFO - ==================================================
2025-05-02 11:11:46,248 - sec_monitor - INFO - Processing first chunk
2025-05-02 11:11:46,248 - sec_monitor - INFO - Timestamp: 2025-05-02 11:11:46
2025-05-02 11:11:46,473 - sec_monitor - INFO - token percentage = 5%
2025-05-02 11:11:46,473 - sec_monitor - INFO - Making API call - Attempt 1/3
2025-05-02 11:11:46,473 - sec_monitor - INFO - Timestamp: 2025-05-02 11:11:46
2025-05-02 11:11:50,030 - sec_monitor - INFO - API call successful
2025-05-02 11:11:51,031 - sec_monitor - INFO - Processing filing 4/27: CI
2025-05-02 11:12:21,978 - sec_monitor - INFO - ==================================================
2025-05-02 11:12:21,978 - sec_monitor - INFO - Processing first chunk
2025-05-02 11:12:21,978 - sec_monitor - INFO - Timestamp: 2025-05-02 11:12:21
2025-05-02 11:12:22,224 - sec_monitor - INFO - token percentage = 6%
2025-05-02 11:12:22,224 - sec_monitor - INFO - Making API call - Attempt 1/3
2025-05-02 11:12:22,224 - sec_monitor - INFO - Timestamp: 2025-05-02 11:12:22
2025-05-02 11:12:25,847 - sec_monitor - INFO - API call successful
2025-05-02 11:12:26,849 - sec_monitor - INFO - Processing filing 5/27: DD
2025-05-02 11:12:57,658 - sec_monitor - INFO - ==================================================
2025-05-02 11:12:57,658 - sec_monitor - INFO - Processing first chunk
2025-05-02 11:12:57,658 - sec_monitor - INFO - Timestamp: 2025-05-02 11:12:57
2025-05-02 11:12:57,809 - sec_monitor - INFO - token percentage = 5%
2025-05-02 11:12:57,809 - sec_monitor - INFO - Making API call - Attempt 1/3
2025-05-02 11:12:57,809 - sec_monitor - INFO - Timestamp: 2025-05-02 11:12:57
2025-05-02 11:13:01,236 - sec_monitor - INFO - API call successful
2025-05-02 11:13:02,237 - sec_monitor - INFO - Processing filing 6/27: AAPL
2025-05-02 11:13:43,036 - sec_monitor - INFO - ==================================================
2025-05-02 11:13:43,037 - sec_monitor - INFO - Processing first chunk
2025-05-02 11:13:43,037 - sec_monitor - INFO - Timestamp: 2025-05-02 11:13:43
2025-05-02 11:13:44,090 - sec_monitor - INFO - token percentage = 45%
2025-05-02 11:13:44,090 - sec_monitor - INFO - Making API call - Attempt 1/3
2025-05-02 11:13:44,090 - sec_monitor - INFO - Timestamp: 2025-05-02 11:13:44
2025-05-02 11:14:00,759 - sec_monitor - INFO - API call successful
2025-05-02 11:14:30,771 - sec_monitor - INFO - ==================================================
2025-05-02 11:14:30,771 - sec_monitor - INFO - Processing last chunk
2025-05-02 11:14:30,771 - sec_monitor - INFO - Timestamp: 2025-05-02 11:14:30
2025-05-02 11:14:31,450 - sec_monitor - INFO - token percentage = 41%
2025-05-02 11:14:31,450 - sec_monitor - INFO - Making API call - Attempt 1/3
2025-05-02 11:14:31,451 - sec_monitor - INFO - Timestamp: 2025-05-02 11:14:31
2025-05-02 11:14:46,012 - sec_monitor - INFO - API call successful
2025-05-02 11:14:46,013 - sec_monitor - INFO - Making combine API call - Attempt 1/3
2025-05-02 11:14:46,013 - sec_monitor - INFO - Timestamp: 2025-05-02 11:14:46
2025-05-02 11:14:47,160 - sec_monitor - INFO - Combine API call successful
2025-05-02 11:14:48,161 - sec_monitor - INFO - Processing filing 7/27: NWS
2025-05-02 11:15:18,847 - sec_monitor - INFO - ==================================================
2025-05-02 11:15:18,847 - sec_monitor - INFO - Processing first chunk
2025-05-02 11:15:18,847 - sec_monitor - INFO - Timestamp: 2025-05-02 11:15:18
2025-05-02 11:15:18,987 - sec_monitor - INFO - token percentage = 6%
2025-05-02 11:15:18,988 - sec_monitor - INFO - Making API call - Attempt 1/3
2025-05-02 11:15:18,988 - sec_monitor - INFO - Timestamp: 2025-05-02 11:15:18
2025-05-02 11:15:22,779 - sec_monitor - INFO - API call successful
2025-05-02 11:15:23,781 - sec_monitor - INFO - Processing filing 8/27: GDDY
2025-05-02 11:16:13,556 - sec_monitor - INFO - ==================================================
2025-05-02 11:16:13,556 - sec_monitor - INFO - Processing first chunk
2025-05-02 11:16:13,557 - sec_monitor - INFO - Timestamp: 2025-05-02 11:16:13
2025-05-02 11:16:14,455 - sec_monitor - INFO - token percentage = 42%
2025-05-02 11:16:14,455 - sec_monitor - INFO - Making API call - Attempt 1/3
2025-05-02 11:16:14,455 - sec_monitor - INFO - Timestamp: 2025-05-02 11:16:14
2025-05-02 11:16:29,680 - sec_monitor - INFO - API call successful
2025-05-02 11:16:59,700 - sec_monitor - INFO - ==================================================
2025-05-02 11:16:59,700 - sec_monitor - INFO - Processing middle chunk
2025-05-02 11:16:59,701 - sec_monitor - INFO - Timestamp: 2025-05-02 11:16:59
2025-05-02 11:17:00,271 - sec_monitor - INFO - token percentage = 53%
2025-05-02 11:17:00,271 - sec_monitor - INFO - Making API call - Attempt 1/3
2025-05-02 11:17:00,272 - sec_monitor - INFO - Timestamp: 2025-05-02 11:17:00
2025-05-02 11:17:19,518 - sec_monitor - INFO - API call successful
2025-05-02 11:17:49,548 - sec_monitor - INFO - ==================================================
2025-05-02 11:17:49,548 - sec_monitor - INFO - Processing last chunk
2025-05-02 11:17:49,549 - sec_monitor - INFO - Timestamp: 2025-05-02 11:17:49
2025-05-02 11:17:50,123 - sec_monitor - INFO - token percentage = 51%
2025-05-02 11:17:50,124 - sec_monitor - INFO - Making API call - Attempt 1/3
2025-05-02 11:17:50,124 - sec_monitor - INFO - Timestamp: 2025-05-02 11:17:50
2025-05-02 11:18:07,658 - sec_monitor - INFO - API call successful
2025-05-02 11:18:07,658 - sec_monitor - INFO - Making combine API call - Attempt 1/3
2025-05-02 11:18:07,658 - sec_monitor - INFO - Timestamp: 2025-05-02 11:18:07
2025-05-02 11:18:08,746 - sec_monitor - INFO - Combine API call successful
2025-05-02 11:18:09,748 - sec_monitor - INFO - Processing filing 9/27: AMGN
2025-05-02 11:19:02,887 - sec_monitor - INFO - ==================================================
2025-05-02 11:19:02,888 - sec_monitor - INFO - Processing first chunk
2025-05-02 11:19:02,888 - sec_monitor - INFO - Timestamp: 2025-05-02 11:19:02
2025-05-02 11:19:03,701 - sec_monitor - INFO - token percentage = 46%
2025-05-02 11:19:03,701 - sec_monitor - INFO - Making API call - Attempt 1/3
2025-05-02 11:19:03,701 - sec_monitor - INFO - Timestamp: 2025-05-02 11:19:03
2025-05-02 11:19:20,720 - sec_monitor - INFO - API call successful
2025-05-02 11:19:50,750 - sec_monitor - INFO - ==================================================
2025-05-02 11:19:50,751 - sec_monitor - INFO - Processing middle chunk
2025-05-02 11:19:50,751 - sec_monitor - INFO - Timestamp: 2025-05-02 11:19:50
2025-05-02 11:19:51,331 - sec_monitor - INFO - token percentage = 57%
2025-05-02 11:19:51,331 - sec_monitor - INFO - Making API call - Attempt 1/3
2025-05-02 11:19:51,332 - sec_monitor - INFO - Timestamp: 2025-05-02 11:19:51
2025-05-02 11:20:11,563 - sec_monitor - INFO - API call successful
2025-05-02 11:20:41,588 - sec_monitor - INFO - ==================================================
2025-05-02 11:20:41,588 - sec_monitor - INFO - Processing last chunk
2025-05-02 11:20:41,589 - sec_monitor - INFO - Timestamp: 2025-05-02 11:20:41
2025-05-02 11:20:42,464 - sec_monitor - INFO - token percentage = 35%
2025-05-02 11:20:42,465 - sec_monitor - INFO - Making API call - Attempt 1/3
2025-05-02 11:20:42,465 - sec_monitor - INFO - Timestamp: 2025-05-02 11:20:42
2025-05-02 11:20:55,454 - sec_monitor - INFO - API call successful
2025-05-02 11:20:55,454 - sec_monitor - INFO - Making combine API call - Attempt 1/3
2025-05-02 11:20:55,455 - sec_monitor - INFO - Timestamp: 2025-05-02 11:20:55
2025-05-02 11:20:56,628 - sec_monitor - INFO - Combine API call successful
2025-05-02 11:20:57,629 - sec_monitor - INFO - Processing filing 10/27: AMZN
2025-05-02 11:21:44,450 - sec_monitor - INFO - ==================================================
2025-05-02 11:21:44,450 - sec_monitor - INFO - Processing first chunk
2025-05-02 11:21:44,450 - sec_monitor - INFO - Timestamp: 2025-05-02 11:21:44
2025-05-02 11:21:45,488 - sec_monitor - INFO - token percentage = 51%
2025-05-02 11:21:45,489 - sec_monitor - INFO - Making API call - Attempt 1/3
2025-05-02 11:21:45,489 - sec_monitor - INFO - Timestamp: 2025-05-02 11:21:45
2025-05-02 11:22:03,849 - sec_monitor - INFO - API call successful
2025-05-02 11:22:33,869 - sec_monitor - INFO - ==================================================
2025-05-02 11:22:33,870 - sec_monitor - INFO - Processing middle chunk
2025-05-02 11:22:33,870 - sec_monitor - INFO - Timestamp: 2025-05-02 11:22:33
2025-05-02 11:22:34,661 - sec_monitor - INFO - token percentage = 44%
2025-05-02 11:22:34,662 - sec_monitor - INFO - Making API call - Attempt 1/3
2025-05-02 11:22:34,662 - sec_monitor - INFO - Timestamp: 2025-05-02 11:22:34
2025-05-02 11:22:51,460 - sec_monitor - INFO - API call successful
2025-05-02 11:23:21,490 - sec_monitor - INFO - ==================================================
2025-05-02 11:23:21,490 - sec_monitor - INFO - Processing last chunk
2025-05-02 11:23:21,490 - sec_monitor - INFO - Timestamp: 2025-05-02 11:23:21
2025-05-02 11:23:21,827 - sec_monitor - INFO - token percentage = 28%
2025-05-02 11:23:21,827 - sec_monitor - INFO - Making API call - Attempt 1/3
2025-05-02 11:23:21,827 - sec_monitor - INFO - Timestamp: 2025-05-02 11:23:21
2025-05-02 11:23:31,743 - sec_monitor - INFO - API call successful
2025-05-02 11:23:31,743 - sec_monitor - INFO - Making combine API call - Attempt 1/3
2025-05-02 11:23:31,743 - sec_monitor - INFO - Timestamp: 2025-05-02 11:23:31
2025-05-02 11:23:32,610 - sec_monitor - INFO - Combine API call successful
2025-05-02 11:23:33,611 - sec_monitor - INFO - Processing filing 11/27: GLW
2025-05-02 11:24:04,123 - sec_monitor - INFO - ==================================================
2025-05-02 11:24:04,123 - sec_monitor - INFO - Processing first chunk
2025-05-02 11:24:04,123 - sec_monitor - INFO - Timestamp: 2025-05-02 11:24:04
2025-05-02 11:24:04,259 - sec_monitor - INFO - token percentage = 4%
2025-05-02 11:24:04,259 - sec_monitor - INFO - Making API call - Attempt 1/3
2025-05-02 11:24:04,259 - sec_monitor - INFO - Timestamp: 2025-05-02 11:24:04
2025-05-02 11:24:07,777 - sec_monitor - INFO - API call successful
2025-05-02 11:24:08,779 - sec_monitor - INFO - Processing filing 12/27: DXCM
2025-05-02 11:24:56,372 - sec_monitor - INFO - ==================================================
2025-05-02 11:24:56,372 - sec_monitor - INFO - Processing first chunk
2025-05-02 11:24:56,373 - sec_monitor - INFO - Timestamp: 2025-05-02 11:24:56
2025-05-02 11:24:57,257 - sec_monitor - INFO - token percentage = 47%
2025-05-02 11:24:57,258 - sec_monitor - INFO - Making API call - Attempt 1/3
2025-05-02 11:24:57,258 - sec_monitor - INFO - Timestamp: 2025-05-02 11:24:57
2025-05-02 11:25:14,041 - sec_monitor - INFO - API call successful
2025-05-02 11:25:44,071 - sec_monitor - INFO - ==================================================
2025-05-02 11:25:44,072 - sec_monitor - INFO - Processing middle chunk
2025-05-02 11:25:44,072 - sec_monitor - INFO - Timestamp: 2025-05-02 11:25:44
2025-05-02 11:25:44,610 - sec_monitor - INFO - token percentage = 55%
2025-05-02 11:25:44,610 - sec_monitor - INFO - Making API call - Attempt 1/3
2025-05-02 11:25:44,610 - sec_monitor - INFO - Timestamp: 2025-05-02 11:25:44
2025-05-02 11:26:04,560 - sec_monitor - INFO - API call successful
2025-05-02 11:26:34,590 - sec_monitor - INFO - ==================================================
2025-05-02 11:26:34,591 - sec_monitor - INFO - Processing last chunk
2025-05-02 11:26:34,591 - sec_monitor - INFO - Timestamp: 2025-05-02 11:26:34
2025-05-02 11:26:35,150 - sec_monitor - INFO - token percentage = 26%
2025-05-02 11:26:35,151 - sec_monitor - INFO - Making API call - Attempt 1/3
2025-05-02 11:26:35,151 - sec_monitor - INFO - Timestamp: 2025-05-02 11:26:35
2025-05-02 11:26:44,463 - sec_monitor - INFO - API call successful
2025-05-02 11:26:44,463 - sec_monitor - INFO - Making combine API call - Attempt 1/3
2025-05-02 11:26:44,463 - sec_monitor - INFO - Timestamp: 2025-05-02 11:26:44
2025-05-02 11:26:45,765 - sec_monitor - INFO - Combine API call successful
2025-05-02 11:26:46,767 - sec_monitor - INFO - Processing filing 13/27: AES
2025-05-02 11:27:18,020 - sec_monitor - INFO - ==================================================
2025-05-02 11:27:18,020 - sec_monitor - INFO - Processing first chunk
2025-05-02 11:27:18,020 - sec_monitor - INFO - Timestamp: 2025-05-02 11:27:18
2025-05-02 11:27:18,165 - sec_monitor - INFO - token percentage = 8%
2025-05-02 11:27:18,165 - sec_monitor - INFO - Making API call - Attempt 1/3
2025-05-02 11:27:18,166 - sec_monitor - INFO - Timestamp: 2025-05-02 11:27:18
2025-05-02 11:27:22,811 - sec_monitor - INFO - API call successful
2025-05-02 11:27:23,812 - sec_monitor - INFO - Processing filing 14/27: MTD
2025-05-02 11:27:54,388 - sec_monitor - INFO - ==================================================
2025-05-02 11:27:54,389 - sec_monitor - INFO - Processing first chunk
2025-05-02 11:27:54,389 - sec_monitor - INFO - Timestamp: 2025-05-02 11:27:54
2025-05-02 11:27:54,530 - sec_monitor - INFO - token percentage = 4%
2025-05-02 11:27:54,530 - sec_monitor - INFO - Making API call - Attempt 1/3
2025-05-02 11:27:54,530 - sec_monitor - INFO - Timestamp: 2025-05-02 11:27:54
2025-05-02 11:27:58,004 - sec_monitor - INFO - API call successful
2025-05-02 11:27:59,004 - sec_monitor - INFO - Processing filing 15/27: SBAC
2025-05-02 11:28:59,178 - sec_monitor - INFO - ==================================================
2025-05-02 11:28:59,179 - sec_monitor - INFO - Processing first chunk
2025-05-02 11:28:59,179 - sec_monitor - INFO - Timestamp: 2025-05-02 11:28:59
2025-05-02 11:29:00,338 - sec_monitor - INFO - token percentage = 46%
2025-05-02 11:29:00,338 - sec_monitor - INFO - Making API call - Attempt 1/3
2025-05-02 11:29:00,338 - sec_monitor - INFO - Timestamp: 2025-05-02 11:29:00
2025-05-02 11:29:17,492 - sec_monitor - INFO - API call successful
2025-05-02 11:29:47,497 - sec_monitor - INFO - ==================================================
2025-05-02 11:29:47,497 - sec_monitor - INFO - Processing middle chunk
2025-05-02 11:29:47,497 - sec_monitor - INFO - Timestamp: 2025-05-02 11:29:47
2025-05-02 11:29:48,732 - sec_monitor - INFO - token percentage = 57%
2025-05-02 11:29:48,732 - sec_monitor - INFO - Making API call - Attempt 1/3
2025-05-02 11:29:48,732 - sec_monitor - INFO - Timestamp: 2025-05-02 11:29:48
2025-05-02 11:30:10,032 - sec_monitor - INFO - API call successful
2025-05-02 11:30:40,062 - sec_monitor - INFO - ==================================================
2025-05-02 11:30:40,063 - sec_monitor - INFO - Processing middle chunk
2025-05-02 11:30:40,063 - sec_monitor - INFO - Timestamp: 2025-05-02 11:30:40
2025-05-02 11:30:41,020 - sec_monitor - INFO - token percentage = 49%
2025-05-02 11:30:41,020 - sec_monitor - INFO - Making API call - Attempt 1/3
2025-05-02 11:30:41,021 - sec_monitor - INFO - Timestamp: 2025-05-02 11:30:41
2025-05-02 11:30:58,257 - sec_monitor - INFO - API call successful
2025-05-02 11:31:28,287 - sec_monitor - INFO - ==================================================
2025-05-02 11:31:28,287 - sec_monitor - INFO - Processing middle chunk
2025-05-02 11:31:28,287 - sec_monitor - INFO - Timestamp: 2025-05-02 11:31:28
2025-05-02 11:31:28,945 - sec_monitor - INFO - token percentage = 49%
2025-05-02 11:31:28,945 - sec_monitor - INFO - Making API call - Attempt 1/3
2025-05-02 11:31:28,945 - sec_monitor - INFO - Timestamp: 2025-05-02 11:31:28
2025-05-02 11:31:46,311 - sec_monitor - INFO - API call successful
2025-05-02 11:32:16,342 - sec_monitor - INFO - ==================================================
2025-05-02 11:32:16,342 - sec_monitor - INFO - Processing middle chunk
2025-05-02 11:32:16,342 - sec_monitor - INFO - Timestamp: 2025-05-02 11:32:16
2025-05-02 11:32:17,548 - sec_monitor - INFO - token percentage = 49%
2025-05-02 11:32:17,549 - sec_monitor - INFO - Making API call - Attempt 1/3
2025-05-02 11:32:17,549 - sec_monitor - INFO - Timestamp: 2025-05-02 11:32:17
2025-05-02 11:32:34,898 - sec_monitor - INFO - API call successful
2025-05-02 11:33:04,928 - sec_monitor - INFO - ==================================================
2025-05-02 11:33:04,929 - sec_monitor - INFO - Processing last chunk
2025-05-02 11:33:04,929 - sec_monitor - INFO - Timestamp: 2025-05-02 11:33:04
2025-05-02 11:33:05,129 - sec_monitor - INFO - token percentage = 6%
2025-05-02 11:33:05,130 - sec_monitor - INFO - Making API call - Attempt 1/3
2025-05-02 11:33:05,130 - sec_monitor - INFO - Timestamp: 2025-05-02 11:33:05
2025-05-02 11:33:08,890 - sec_monitor - INFO - API call successful
2025-05-02 11:33:08,890 - sec_monitor - INFO - Making combine API call - Attempt 1/3
2025-05-02 11:33:08,890 - sec_monitor - INFO - Timestamp: 2025-05-02 11:33:08
2025-05-02 11:33:09,936 - sec_monitor - INFO - Combine API call successful
2025-05-02 11:33:10,937 - sec_monitor - INFO - Processing filing 16/27: MSI
2025-05-02 11:34:04,827 - sec_monitor - INFO - ==================================================
2025-05-02 11:34:04,827 - sec_monitor - INFO - Processing first chunk
2025-05-02 11:34:04,827 - sec_monitor - INFO - Timestamp: 2025-05-02 11:34:04
2025-05-02 11:34:06,125 - sec_monitor - INFO - token percentage = 47%
2025-05-02 11:34:06,126 - sec_monitor - INFO - Making API call - Attempt 1/3
2025-05-02 11:34:06,126 - sec_monitor - INFO - Timestamp: 2025-05-02 11:34:06
2025-05-02 11:34:23,661 - sec_monitor - INFO - API call successful
2025-05-02 11:34:53,681 - sec_monitor - INFO - ==================================================
2025-05-02 11:34:53,682 - sec_monitor - INFO - Processing middle chunk
2025-05-02 11:34:53,682 - sec_monitor - INFO - Timestamp: 2025-05-02 11:34:53
2025-05-02 11:34:54,363 - sec_monitor - INFO - token percentage = 54%
2025-05-02 11:34:54,363 - sec_monitor - INFO - Making API call - Attempt 1/3
2025-05-02 11:34:54,363 - sec_monitor - INFO - Timestamp: 2025-05-02 11:34:54
2025-05-02 11:35:13,686 - sec_monitor - INFO - API call successful
2025-05-02 11:35:43,692 - sec_monitor - INFO - ==================================================
2025-05-02 11:35:43,692 - sec_monitor - INFO - Processing last chunk
2025-05-02 11:35:43,693 - sec_monitor - INFO - Timestamp: 2025-05-02 11:35:43
2025-05-02 11:35:44,572 - sec_monitor - INFO - token percentage = 49%
2025-05-02 11:35:44,572 - sec_monitor - INFO - Making API call - Attempt 1/3
2025-05-02 11:35:44,572 - sec_monitor - INFO - Timestamp: 2025-05-02 11:35:44
2025-05-02 11:36:01,725 - sec_monitor - INFO - API call successful
2025-05-02 11:36:01,725 - sec_monitor - INFO - Making combine API call - Attempt 1/3
2025-05-02 11:36:01,725 - sec_monitor - INFO - Timestamp: 2025-05-02 11:36:01
2025-05-02 11:36:02,745 - sec_monitor - INFO - Combine API call successful
2025-05-02 11:36:03,746 - sec_monitor - INFO - Processing filing 17/27: GWW
2025-05-02 11:36:44,989 - sec_monitor - INFO - ==================================================
2025-05-02 11:36:44,989 - sec_monitor - INFO - Processing first chunk
2025-05-02 11:36:44,989 - sec_monitor - INFO - Timestamp: 2025-05-02 11:36:44
2025-05-02 11:36:46,216 - sec_monitor - INFO - token percentage = 44%
2025-05-02 11:36:46,216 - sec_monitor - INFO - Making API call - Attempt 1/3
2025-05-02 11:36:46,216 - sec_monitor - INFO - Timestamp: 2025-05-02 11:36:46
2025-05-02 11:37:01,956 - sec_monitor - INFO - API call successful
2025-05-02 11:37:31,987 - sec_monitor - INFO - ==================================================
2025-05-02 11:37:31,987 - sec_monitor - INFO - Processing last chunk
2025-05-02 11:37:31,987 - sec_monitor - INFO - Timestamp: 2025-05-02 11:37:31
2025-05-02 11:37:32,514 - sec_monitor - INFO - token percentage = 37%
2025-05-02 11:37:32,514 - sec_monitor - INFO - Making API call - Attempt 1/3
2025-05-02 11:37:32,514 - sec_monitor - INFO - Timestamp: 2025-05-02 11:37:32
2025-05-02 11:37:45,771 - sec_monitor - INFO - API call successful
2025-05-02 11:37:45,772 - sec_monitor - INFO - Making combine API call - Attempt 1/3
2025-05-02 11:37:45,772 - sec_monitor - INFO - Timestamp: 2025-05-02 11:37:45
2025-05-02 11:37:46,808 - sec_monitor - INFO - Combine API call successful
2025-05-02 11:37:47,810 - sec_monitor - INFO - Processing filing 18/27: BIIB
2025-05-02 11:38:47,924 - sec_monitor - INFO - ==================================================
2025-05-02 11:38:47,924 - sec_monitor - INFO - Processing first chunk
2025-05-02 11:38:47,925 - sec_monitor - INFO - Timestamp: 2025-05-02 11:38:47
2025-05-02 11:38:48,830 - sec_monitor - INFO - token percentage = 51%
2025-05-02 11:38:48,830 - sec_monitor - INFO - Making API call - Attempt 1/3
2025-05-02 11:38:48,830 - sec_monitor - INFO - Timestamp: 2025-05-02 11:38:48
2025-05-02 11:39:07,947 - sec_monitor - INFO - API call successful
2025-05-02 11:39:37,956 - sec_monitor - INFO - ==================================================
2025-05-02 11:39:37,956 - sec_monitor - INFO - Processing middle chunk
2025-05-02 11:39:37,957 - sec_monitor - INFO - Timestamp: 2025-05-02 11:39:37
2025-05-02 11:39:39,071 - sec_monitor - INFO - token percentage = 44%
2025-05-02 11:39:39,072 - sec_monitor - INFO - Making API call - Attempt 1/3
2025-05-02 11:39:39,072 - sec_monitor - INFO - Timestamp: 2025-05-02 11:39:39
2025-05-02 11:39:55,425 - sec_monitor - INFO - API call successful
2025-05-02 11:40:25,428 - sec_monitor - INFO - ==================================================
2025-05-02 11:40:25,428 - sec_monitor - INFO - Processing middle chunk
2025-05-02 11:40:25,429 - sec_monitor - INFO - Timestamp: 2025-05-02 11:40:25
2025-05-02 11:40:26,426 - sec_monitor - INFO - token percentage = 47%
2025-05-02 11:40:26,427 - sec_monitor - INFO - Making API call - Attempt 1/3
2025-05-02 11:40:26,427 - sec_monitor - INFO - Timestamp: 2025-05-02 11:40:26
2025-05-02 11:40:42,750 - sec_monitor - INFO - API call successful
2025-05-02 11:41:12,780 - sec_monitor - INFO - ==================================================
2025-05-02 11:41:12,780 - sec_monitor - INFO - Processing middle chunk
2025-05-02 11:41:12,781 - sec_monitor - INFO - Timestamp: 2025-05-02 11:41:12
2025-05-02 11:41:13,931 - sec_monitor - INFO - token percentage = 64%
2025-05-02 11:41:13,931 - sec_monitor - INFO - Making API call - Attempt 1/3
2025-05-02 11:41:13,931 - sec_monitor - INFO - Timestamp: 2025-05-02 11:41:13
2025-05-02 11:41:37,428 - sec_monitor - INFO - API call successful
2025-05-02 11:42:07,459 - sec_monitor - INFO - ==================================================
2025-05-02 11:42:07,459 - sec_monitor - INFO - Processing last chunk
2025-05-02 11:42:07,459 - sec_monitor - INFO - Timestamp: 2025-05-02 11:42:07
2025-05-02 11:42:08,156 - sec_monitor - INFO - token percentage = 36%
2025-05-02 11:42:08,157 - sec_monitor - INFO - Making API call - Attempt 1/3
2025-05-02 11:42:08,157 - sec_monitor - INFO - Timestamp: 2025-05-02 11:42:08
2025-05-02 11:42:21,083 - sec_monitor - INFO - API call successful
2025-05-02 11:42:21,084 - sec_monitor - INFO - Making combine API call - Attempt 1/3
2025-05-02 11:42:21,084 - sec_monitor - INFO - Timestamp: 2025-05-02 11:42:21
2025-05-02 11:42:22,326 - sec_monitor - INFO - Combine API call successful
2025-05-02 11:42:23,328 - sec_monitor - INFO - Processing filing 19/27: ED
2025-05-02 11:43:28,352 - sec_monitor - INFO - ==================================================
2025-05-02 11:43:28,352 - sec_monitor - INFO - Processing first chunk
2025-05-02 11:43:28,352 - sec_monitor - INFO - Timestamp: 2025-05-02 11:43:28
2025-05-02 11:43:29,791 - sec_monitor - INFO - token percentage = 40%
2025-05-02 11:43:29,792 - sec_monitor - INFO - Making API call - Attempt 1/3
2025-05-02 11:43:29,792 - sec_monitor - INFO - Timestamp: 2025-05-02 11:43:29
2025-05-02 11:43:45,403 - sec_monitor - INFO - API call successful
2025-05-02 11:44:15,432 - sec_monitor - INFO - ==================================================
2025-05-02 11:44:15,432 - sec_monitor - INFO - Processing middle chunk
2025-05-02 11:44:15,432 - sec_monitor - INFO - Timestamp: 2025-05-02 11:44:15
2025-05-02 11:44:16,298 - sec_monitor - INFO - token percentage = 47%
2025-05-02 11:44:16,298 - sec_monitor - INFO - Making API call - Attempt 1/3
2025-05-02 11:44:16,298 - sec_monitor - INFO - Timestamp: 2025-05-02 11:44:16
2025-05-02 11:44:33,079 - sec_monitor - INFO - API call successful
2025-05-02 11:45:03,110 - sec_monitor - INFO - ==================================================
2025-05-02 11:45:03,110 - sec_monitor - INFO - Processing middle chunk
2025-05-02 11:45:03,110 - sec_monitor - INFO - Timestamp: 2025-05-02 11:45:03
2025-05-02 11:45:03,843 - sec_monitor - INFO - token percentage = 61%
2025-05-02 11:45:03,844 - sec_monitor - INFO - Making API call - Attempt 1/3
2025-05-02 11:45:03,844 - sec_monitor - INFO - Timestamp: 2025-05-02 11:45:03
2025-05-02 11:45:26,814 - sec_monitor - INFO - API call successful
2025-05-02 11:45:56,845 - sec_monitor - INFO - ==================================================
2025-05-02 11:45:56,845 - sec_monitor - INFO - Processing last chunk
2025-05-02 11:45:56,845 - sec_monitor - INFO - Timestamp: 2025-05-02 11:45:56
2025-05-02 11:45:57,560 - sec_monitor - INFO - token percentage = 41%
2025-05-02 11:45:57,560 - sec_monitor - INFO - Making API call - Attempt 1/3
2025-05-02 11:45:57,561 - sec_monitor - INFO - Timestamp: 2025-05-02 11:45:57
2025-05-02 11:46:12,376 - sec_monitor - INFO - API call successful
2025-05-02 11:46:12,376 - sec_monitor - INFO - Making combine API call - Attempt 1/3
2025-05-02 11:46:12,376 - sec_monitor - INFO - Timestamp: 2025-05-02 11:46:12
2025-05-02 11:46:13,590 - sec_monitor - INFO - Combine API call successful
2025-05-02 11:46:14,592 - sec_monitor - INFO - Processing filing 20/27: ED
2025-05-02 11:47:36,748 - sec_monitor - INFO - ==================================================
2025-05-02 11:47:36,748 - sec_monitor - INFO - Processing first chunk
2025-05-02 11:47:36,749 - sec_monitor - INFO - Timestamp: 2025-05-02 11:47:36
2025-05-02 11:47:37,131 - sec_monitor - INFO - token percentage = 48%
2025-05-02 11:47:37,131 - sec_monitor - INFO - Making API call - Attempt 1/3
2025-05-02 11:47:37,131 - sec_monitor - INFO - Timestamp: 2025-05-02 11:47:37
2025-05-02 11:47:53,912 - sec_monitor - INFO - API call successful
2025-05-02 11:48:23,942 - sec_monitor - INFO - ==================================================
2025-05-02 11:48:23,942 - sec_monitor - INFO - Processing middle chunk
2025-05-02 11:48:23,942 - sec_monitor - INFO - Timestamp: 2025-05-02 11:48:23
2025-05-02 11:48:24,227 - sec_monitor - INFO - token percentage = 51%
2025-05-02 11:48:24,227 - sec_monitor - INFO - Making API call - Attempt 1/3
2025-05-02 11:48:24,227 - sec_monitor - INFO - Timestamp: 2025-05-02 11:48:24
2025-05-02 11:48:41,952 - sec_monitor - INFO - API call successful
2025-05-02 11:49:11,983 - sec_monitor - INFO - ==================================================
2025-05-02 11:49:11,983 - sec_monitor - INFO - Processing middle chunk
2025-05-02 11:49:11,983 - sec_monitor - INFO - Timestamp: 2025-05-02 11:49:11
2025-05-02 11:49:12,495 - sec_monitor - INFO - token percentage = 50%
2025-05-02 11:49:12,495 - sec_monitor - INFO - Making API call - Attempt 1/3
2025-05-02 11:49:12,495 - sec_monitor - INFO - Timestamp: 2025-05-02 11:49:12
2025-05-02 11:49:29,537 - sec_monitor - INFO - API call successful
2025-05-02 11:49:59,567 - sec_monitor - INFO - ==================================================
2025-05-02 11:49:59,567 - sec_monitor - INFO - Processing middle chunk
2025-05-02 11:49:59,568 - sec_monitor - INFO - Timestamp: 2025-05-02 11:49:59
2025-05-02 11:50:00,097 - sec_monitor - INFO - token percentage = 51%
2025-05-02 11:50:00,097 - sec_monitor - INFO - Making API call - Attempt 1/3
2025-05-02 11:50:00,097 - sec_monitor - INFO - Timestamp: 2025-05-02 11:50:00
2025-05-02 11:50:17,262 - sec_monitor - INFO - API call successful
2025-05-02 11:50:47,292 - sec_monitor - INFO - ==================================================
2025-05-02 11:50:47,292 - sec_monitor - INFO - Processing middle chunk
2025-05-02 11:50:47,292 - sec_monitor - INFO - Timestamp: 2025-05-02 11:50:47
2025-05-02 11:50:47,708 - sec_monitor - INFO - token percentage = 50%
2025-05-02 11:50:47,708 - sec_monitor - INFO - Making API call - Attempt 1/3
2025-05-02 11:50:47,709 - sec_monitor - INFO - Timestamp: 2025-05-02 11:50:47
2025-05-02 11:51:05,090 - sec_monitor - INFO - API call successful
2025-05-02 11:51:35,111 - sec_monitor - INFO - ==================================================
2025-05-02 11:51:35,112 - sec_monitor - INFO - Processing middle chunk
2025-05-02 11:51:35,112 - sec_monitor - INFO - Timestamp: 2025-05-02 11:51:35
2025-05-02 11:51:35,618 - sec_monitor - INFO - token percentage = 49%
2025-05-02 11:51:35,619 - sec_monitor - INFO - Making API call - Attempt 1/3
2025-05-02 11:51:35,619 - sec_monitor - INFO - Timestamp: 2025-05-02 11:51:35
2025-05-02 11:51:52,575 - sec_monitor - INFO - API call successful
2025-05-02 11:52:22,600 - sec_monitor - INFO - ==================================================
2025-05-02 11:52:22,600 - sec_monitor - INFO - Processing middle chunk
2025-05-02 11:52:22,600 - sec_monitor - INFO - Timestamp: 2025-05-02 11:52:22
2025-05-02 11:52:22,895 - sec_monitor - INFO - token percentage = 50%
2025-05-02 11:52:22,895 - sec_monitor - INFO - Making API call - Attempt 1/3
2025-05-02 11:52:22,895 - sec_monitor - INFO - Timestamp: 2025-05-02 11:52:22
2025-05-02 11:52:40,551 - sec_monitor - INFO - API call successful
2025-05-02 11:53:10,582 - sec_monitor - INFO - ==================================================
2025-05-02 11:53:10,582 - sec_monitor - INFO - Processing last chunk
2025-05-02 11:53:10,582 - sec_monitor - INFO - Timestamp: 2025-05-02 11:53:10
2025-05-02 11:53:10,849 - sec_monitor - INFO - token percentage = 38%
2025-05-02 11:53:10,849 - sec_monitor - INFO - Making API call - Attempt 1/3
2025-05-02 11:53:10,849 - sec_monitor - INFO - Timestamp: 2025-05-02 11:53:10
2025-05-02 11:53:23,920 - sec_monitor - INFO - API call successful
2025-05-02 11:53:23,920 - sec_monitor - INFO - Making combine API call - Attempt 1/3
2025-05-02 11:53:23,920 - sec_monitor - INFO - Timestamp: 2025-05-02 11:53:23
2025-05-02 11:53:24,965 - sec_monitor - INFO - Combine API call successful
2025-05-02 11:53:25,967 - sec_monitor - INFO - Processing filing 21/27: AEE
2025-05-02 11:53:56,954 - sec_monitor - INFO - ==================================================
2025-05-02 11:53:56,954 - sec_monitor - INFO - Processing first chunk
2025-05-02 11:53:56,954 - sec_monitor - INFO - Timestamp: 2025-05-02 11:53:56
2025-05-02 11:53:57,120 - sec_monitor - INFO - token percentage = 8%
2025-05-02 11:53:57,121 - sec_monitor - INFO - Making API call - Attempt 1/3
2025-05-02 11:53:57,121 - sec_monitor - INFO - Timestamp: 2025-05-02 11:53:57
2025-05-02 11:54:01,940 - sec_monitor - INFO - API call successful
2025-05-02 11:54:02,941 - sec_monitor - INFO - Processing filing 22/27: PG
2025-05-02 11:54:34,020 - sec_monitor - INFO - ==================================================
2025-05-02 11:54:34,020 - sec_monitor - INFO - Processing first chunk
2025-05-02 11:54:34,021 - sec_monitor - INFO - Timestamp: 2025-05-02 11:54:34
2025-05-02 11:54:34,166 - sec_monitor - INFO - token percentage = 5%
2025-05-02 11:54:34,166 - sec_monitor - INFO - Making API call - Attempt 1/3
2025-05-02 11:54:34,166 - sec_monitor - INFO - Timestamp: 2025-05-02 11:54:34
2025-05-02 11:54:37,613 - sec_monitor - INFO - API call successful
2025-05-02 11:54:38,614 - sec_monitor - INFO - Processing filing 23/27: IEX
2025-05-02 11:55:24,991 - sec_monitor - INFO - ==================================================
2025-05-02 11:55:24,991 - sec_monitor - INFO - Processing first chunk
2025-05-02 11:55:24,991 - sec_monitor - INFO - Timestamp: 2025-05-02 11:55:24
2025-05-02 11:55:25,846 - sec_monitor - INFO - token percentage = 45%
2025-05-02 11:55:25,846 - sec_monitor - INFO - Making API call - Attempt 1/3
2025-05-02 11:55:25,846 - sec_monitor - INFO - Timestamp: 2025-05-02 11:55:25
2025-05-02 11:55:42,034 - sec_monitor - INFO - API call successful
2025-05-02 11:56:12,044 - sec_monitor - INFO - ==================================================
2025-05-02 11:56:12,044 - sec_monitor - INFO - Processing middle chunk
2025-05-02 11:56:12,045 - sec_monitor - INFO - Timestamp: 2025-05-02 11:56:12
2025-05-02 11:56:12,997 - sec_monitor - INFO - token percentage = 54%
2025-05-02 11:56:12,998 - sec_monitor - INFO - Making API call - Attempt 1/3
2025-05-02 11:56:12,998 - sec_monitor - INFO - Timestamp: 2025-05-02 11:56:12
2025-05-02 11:56:32,951 - sec_monitor - INFO - API call successful
2025-05-02 11:57:02,972 - sec_monitor - INFO - ==================================================
2025-05-02 11:57:02,973 - sec_monitor - INFO - Processing last chunk
2025-05-02 11:57:02,973 - sec_monitor - INFO - Timestamp: 2025-05-02 11:57:02
2025-05-02 11:57:03,507 - sec_monitor - INFO - token percentage = 38%
2025-05-02 11:57:03,508 - sec_monitor - INFO - Making API call - Attempt 1/3
2025-05-02 11:57:03,508 - sec_monitor - INFO - Timestamp: 2025-05-02 11:57:03
2025-05-02 11:57:16,593 - sec_monitor - INFO - API call successful
2025-05-02 11:57:16,593 - sec_monitor - INFO - Making combine API call - Attempt 1/3
2025-05-02 11:57:16,594 - sec_monitor - INFO - Timestamp: 2025-05-02 11:57:16
2025-05-02 11:57:17,646 - sec_monitor - INFO - Combine API call successful
2025-05-02 11:57:18,648 - sec_monitor - INFO - Processing filing 24/27: CPT
2025-05-02 12:01:27,909 - sec_monitor - INFO - ==================================================
2025-05-02 12:01:27,909 - sec_monitor - INFO - Processing first chunk
2025-05-02 12:01:27,909 - sec_monitor - INFO - Timestamp: 2025-05-02 12:01:27
2025-05-02 12:01:28,250 - sec_monitor - INFO - token percentage = 46%
2025-05-02 12:01:28,250 - sec_monitor - INFO - Making API call - Attempt 1/3
2025-05-02 12:01:28,250 - sec_monitor - INFO - Timestamp: 2025-05-02 12:01:28
2025-05-02 12:01:43,945 - sec_monitor - INFO - API call successful
2025-05-02 12:02:13,963 - sec_monitor - INFO - ==================================================
2025-05-02 12:02:13,963 - sec_monitor - INFO - Processing middle chunk
2025-05-02 12:02:13,963 - sec_monitor - INFO - Timestamp: 2025-05-02 12:02:13
2025-05-02 12:02:14,268 - sec_monitor - INFO - token percentage = 50%
2025-05-02 12:02:14,268 - sec_monitor - INFO - Making API call - Attempt 1/3
2025-05-02 12:02:14,268 - sec_monitor - INFO - Timestamp: 2025-05-02 12:02:14
2025-05-02 12:02:31,580 - sec_monitor - INFO - API call successful
2025-05-02 12:03:01,610 - sec_monitor - INFO - ==================================================
2025-05-02 12:03:01,610 - sec_monitor - INFO - Processing middle chunk
2025-05-02 12:03:01,610 - sec_monitor - INFO - Timestamp: 2025-05-02 12:03:01
2025-05-02 12:03:01,964 - sec_monitor - INFO - token percentage = 51%
2025-05-02 12:03:01,964 - sec_monitor - INFO - Making API call - Attempt 1/3
2025-05-02 12:03:01,964 - sec_monitor - INFO - Timestamp: 2025-05-02 12:03:01
2025-05-02 12:03:19,161 - sec_monitor - INFO - API call successful
2025-05-02 12:03:49,172 - sec_monitor - INFO - ==================================================
2025-05-02 12:03:49,172 - sec_monitor - INFO - Processing middle chunk
2025-05-02 12:03:49,173 - sec_monitor - INFO - Timestamp: 2025-05-02 12:03:49
2025-05-02 12:03:49,482 - sec_monitor - INFO - token percentage = 51%
2025-05-02 12:03:49,482 - sec_monitor - INFO - Making API call - Attempt 1/3
2025-05-02 12:03:49,482 - sec_monitor - INFO - Timestamp: 2025-05-02 12:03:49
2025-05-02 12:04:06,516 - sec_monitor - INFO - API call successful
2025-05-02 12:04:36,532 - sec_monitor - INFO - ==================================================
2025-05-02 12:04:36,532 - sec_monitor - INFO - Processing middle chunk
2025-05-02 12:04:36,533 - sec_monitor - INFO - Timestamp: 2025-05-02 12:04:36
2025-05-02 12:04:36,784 - sec_monitor - INFO - token percentage = 51%
2025-05-02 12:04:36,785 - sec_monitor - INFO - Making API call - Attempt 1/3
2025-05-02 12:04:36,785 - sec_monitor - INFO - Timestamp: 2025-05-02 12:04:36
2025-05-02 12:04:55,013 - sec_monitor - INFO - API call successful
2025-05-02 12:05:25,043 - sec_monitor - INFO - ==================================================
2025-05-02 12:05:25,043 - sec_monitor - INFO - Processing middle chunk
2025-05-02 12:05:25,043 - sec_monitor - INFO - Timestamp: 2025-05-02 12:05:25
2025-05-02 12:05:25,310 - sec_monitor - INFO - token percentage = 51%
2025-05-02 12:05:25,310 - sec_monitor - INFO - Making API call - Attempt 1/3
2025-05-02 12:05:25,310 - sec_monitor - INFO - Timestamp: 2025-05-02 12:05:25
2025-05-02 12:05:42,283 - sec_monitor - INFO - API call successful
2025-05-02 12:06:12,311 - sec_monitor - INFO - ==================================================
2025-05-02 12:06:12,312 - sec_monitor - INFO - Processing middle chunk
2025-05-02 12:06:12,312 - sec_monitor - INFO - Timestamp: 2025-05-02 12:06:12
2025-05-02 12:06:12,600 - sec_monitor - INFO - token percentage = 51%
2025-05-02 12:06:12,600 - sec_monitor - INFO - Making API call - Attempt 1/3
2025-05-02 12:06:12,600 - sec_monitor - INFO - Timestamp: 2025-05-02 12:06:12
2025-05-02 12:06:29,628 - sec_monitor - INFO - API call successful
2025-05-02 12:06:59,659 - sec_monitor - INFO - ==================================================
2025-05-02 12:06:59,659 - sec_monitor - INFO - Processing middle chunk
2025-05-02 12:06:59,659 - sec_monitor - INFO - Timestamp: 2025-05-02 12:06:59
2025-05-02 12:06:59,951 - sec_monitor - INFO - token percentage = 51%
2025-05-02 12:06:59,951 - sec_monitor - INFO - Making API call - Attempt 1/3
2025-05-02 12:06:59,951 - sec_monitor - INFO - Timestamp: 2025-05-02 12:06:59
2025-05-02 12:07:17,261 - sec_monitor - INFO - API call successful
2025-05-02 12:07:47,291 - sec_monitor - INFO - ==================================================
2025-05-02 12:07:47,292 - sec_monitor - INFO - Processing middle chunk
2025-05-02 12:07:47,292 - sec_monitor - INFO - Timestamp: 2025-05-02 12:07:47
2025-05-02 12:07:47,593 - sec_monitor - INFO - token percentage = 50%
2025-05-02 12:07:47,594 - sec_monitor - INFO - Making API call - Attempt 1/3
2025-05-02 12:07:47,594 - sec_monitor - INFO - Timestamp: 2025-05-02 12:07:47
2025-05-02 12:08:04,267 - sec_monitor - INFO - API call successful
2025-05-02 12:08:34,276 - sec_monitor - INFO - ==================================================
2025-05-02 12:08:34,276 - sec_monitor - INFO - Processing middle chunk
2025-05-02 12:08:34,277 - sec_monitor - INFO - Timestamp: 2025-05-02 12:08:34
2025-05-02 12:08:34,539 - sec_monitor - INFO - token percentage = 50%
2025-05-02 12:08:34,540 - sec_monitor - INFO - Making API call - Attempt 1/3
2025-05-02 12:08:34,540 - sec_monitor - INFO - Timestamp: 2025-05-02 12:08:34
2025-05-02 12:08:51,179 - sec_monitor - INFO - API call successful
2025-05-02 12:09:21,204 - sec_monitor - INFO - ==================================================
2025-05-02 12:09:21,204 - sec_monitor - INFO - Processing middle chunk
2025-05-02 12:09:21,205 - sec_monitor - INFO - Timestamp: 2025-05-02 12:09:21
2025-05-02 12:09:21,490 - sec_monitor - INFO - token percentage = 50%
2025-05-02 12:09:21,490 - sec_monitor - INFO - Making API call - Attempt 1/3
2025-05-02 12:09:21,490 - sec_monitor - INFO - Timestamp: 2025-05-02 12:09:21
2025-05-02 12:09:38,481 - sec_monitor - INFO - API call successful
2025-05-02 12:10:08,485 - sec_monitor - INFO - ==================================================
2025-05-02 12:10:08,485 - sec_monitor - INFO - Processing middle chunk
2025-05-02 12:10:08,486 - sec_monitor - INFO - Timestamp: 2025-05-02 12:10:08
2025-05-02 12:10:08,770 - sec_monitor - INFO - token percentage = 51%
2025-05-02 12:10:08,771 - sec_monitor - INFO - Making API call - Attempt 1/3
2025-05-02 12:10:08,771 - sec_monitor - INFO - Timestamp: 2025-05-02 12:10:08
2025-05-02 12:10:25,598 - sec_monitor - INFO - API call successful
2025-05-02 12:10:55,605 - sec_monitor - INFO - ==================================================
2025-05-02 12:10:55,605 - sec_monitor - INFO - Processing middle chunk
2025-05-02 12:10:55,605 - sec_monitor - INFO - Timestamp: 2025-05-02 12:10:55
2025-05-02 12:10:56,046 - sec_monitor - INFO - token percentage = 51%
2025-05-02 12:10:56,046 - sec_monitor - INFO - Making API call - Attempt 1/3
2025-05-02 12:10:56,047 - sec_monitor - INFO - Timestamp: 2025-05-02 12:10:56
2025-05-02 12:11:13,581 - sec_monitor - INFO - API call successful
2025-05-02 12:11:43,604 - sec_monitor - INFO - ==================================================
2025-05-02 12:11:43,604 - sec_monitor - INFO - Processing middle chunk
2025-05-02 12:11:43,605 - sec_monitor - INFO - Timestamp: 2025-05-02 12:11:43
2025-05-02 12:11:44,113 - sec_monitor - INFO - token percentage = 51%
2025-05-02 12:11:44,113 - sec_monitor - INFO - Making API call - Attempt 1/3
2025-05-02 12:11:44,113 - sec_monitor - INFO - Timestamp: 2025-05-02 12:11:44
2025-05-02 12:12:01,134 - sec_monitor - INFO - API call successful
2025-05-02 12:12:31,142 - sec_monitor - INFO - ==================================================
2025-05-02 12:12:31,142 - sec_monitor - INFO - Processing middle chunk
2025-05-02 12:12:31,143 - sec_monitor - INFO - Timestamp: 2025-05-02 12:12:31
2025-05-02 12:12:31,578 - sec_monitor - INFO - token percentage = 51%
2025-05-02 12:12:31,578 - sec_monitor - INFO - Making API call - Attempt 1/3
2025-05-02 12:12:31,578 - sec_monitor - INFO - Timestamp: 2025-05-02 12:12:31
2025-05-02 12:12:48,239 - sec_monitor - INFO - API call successful
2025-05-02 12:13:18,270 - sec_monitor - INFO - ==================================================
2025-05-02 12:13:18,270 - sec_monitor - INFO - Processing middle chunk
2025-05-02 12:13:18,270 - sec_monitor - INFO - Timestamp: 2025-05-02 12:13:18
2025-05-02 12:13:18,693 - sec_monitor - INFO - token percentage = 51%
2025-05-02 12:13:18,693 - sec_monitor - INFO - Making API call - Attempt 1/3
2025-05-02 12:13:18,693 - sec_monitor - INFO - Timestamp: 2025-05-02 12:13:18
2025-05-02 12:13:35,613 - sec_monitor - INFO - API call successful
2025-05-02 12:14:05,620 - sec_monitor - INFO - ==================================================
2025-05-02 12:14:05,620 - sec_monitor - INFO - Processing middle chunk
2025-05-02 12:14:05,621 - sec_monitor - INFO - Timestamp: 2025-05-02 12:14:05
2025-05-02 12:14:06,042 - sec_monitor - INFO - token percentage = 49%
2025-05-02 12:14:06,042 - sec_monitor - INFO - Making API call - Attempt 1/3
2025-05-02 12:14:06,042 - sec_monitor - INFO - Timestamp: 2025-05-02 12:14:06
2025-05-02 12:14:22,693 - sec_monitor - INFO - API call successful
2025-05-02 12:14:52,724 - sec_monitor - INFO - ==================================================
2025-05-02 12:14:52,724 - sec_monitor - INFO - Processing middle chunk
2025-05-02 12:14:52,724 - sec_monitor - INFO - Timestamp: 2025-05-02 12:14:52
2025-05-02 12:14:53,063 - sec_monitor - INFO - token percentage = 47%
2025-05-02 12:14:53,063 - sec_monitor - INFO - Making API call - Attempt 1/3
2025-05-02 12:14:53,063 - sec_monitor - INFO - Timestamp: 2025-05-02 12:14:53
2025-05-02 12:15:08,883 - sec_monitor - INFO - API call successful
2025-05-02 12:15:38,913 - sec_monitor - INFO - ==================================================
2025-05-02 12:15:38,913 - sec_monitor - INFO - Processing middle chunk
2025-05-02 12:15:38,913 - sec_monitor - INFO - Timestamp: 2025-05-02 12:15:38
2025-05-02 12:15:39,239 - sec_monitor - INFO - token percentage = 49%
2025-05-02 12:15:39,239 - sec_monitor - INFO - Making API call - Attempt 1/3
2025-05-02 12:15:39,239 - sec_monitor - INFO - Timestamp: 2025-05-02 12:15:39
2025-05-02 12:15:55,771 - sec_monitor - INFO - API call successful
2025-05-02 12:16:25,799 - sec_monitor - INFO - ==================================================
2025-05-02 12:16:25,800 - sec_monitor - INFO - Processing middle chunk
2025-05-02 12:16:25,800 - sec_monitor - INFO - Timestamp: 2025-05-02 12:16:25
2025-05-02 12:16:26,108 - sec_monitor - INFO - token percentage = 47%
2025-05-02 12:16:26,108 - sec_monitor - INFO - Making API call - Attempt 1/3
2025-05-02 12:16:26,108 - sec_monitor - INFO - Timestamp: 2025-05-02 12:16:26
2025-05-02 12:16:42,257 - sec_monitor - INFO - API call successful
2025-05-02 12:17:12,287 - sec_monitor - INFO - ==================================================
2025-05-02 12:17:12,287 - sec_monitor - INFO - Processing middle chunk
2025-05-02 12:17:12,288 - sec_monitor - INFO - Timestamp: 2025-05-02 12:17:12
2025-05-02 12:17:12,586 - sec_monitor - INFO - token percentage = 50%
2025-05-02 12:17:12,586 - sec_monitor - INFO - Making API call - Attempt 1/3
2025-05-02 12:17:12,586 - sec_monitor - INFO - Timestamp: 2025-05-02 12:17:12
2025-05-02 12:17:29,313 - sec_monitor - INFO - API call successful
2025-05-02 12:17:59,338 - sec_monitor - INFO - ==================================================
2025-05-02 12:17:59,338 - sec_monitor - INFO - Processing middle chunk
2025-05-02 12:17:59,338 - sec_monitor - INFO - Timestamp: 2025-05-02 12:17:59
2025-05-02 12:17:59,611 - sec_monitor - INFO - token percentage = 51%
2025-05-02 12:17:59,612 - sec_monitor - INFO - Making API call - Attempt 1/3
2025-05-02 12:17:59,612 - sec_monitor - INFO - Timestamp: 2025-05-02 12:17:59
2025-05-02 12:18:17,639 - sec_monitor - INFO - API call successful
2025-05-02 12:18:47,670 - sec_monitor - INFO - ==================================================
2025-05-02 12:18:47,670 - sec_monitor - INFO - Processing middle chunk
2025-05-02 12:18:47,670 - sec_monitor - INFO - Timestamp: 2025-05-02 12:18:47
2025-05-02 12:18:47,947 - sec_monitor - INFO - token percentage = 51%
2025-05-02 12:18:47,948 - sec_monitor - INFO - Making API call - Attempt 1/3
2025-05-02 12:18:47,948 - sec_monitor - INFO - Timestamp: 2025-05-02 12:18:47
2025-05-02 12:19:04,711 - sec_monitor - INFO - API call successful
2025-05-02 12:19:34,716 - sec_monitor - INFO - ==================================================
2025-05-02 12:19:34,716 - sec_monitor - INFO - Processing middle chunk
2025-05-02 12:19:34,717 - sec_monitor - INFO - Timestamp: 2025-05-02 12:19:34
2025-05-02 12:19:35,001 - sec_monitor - INFO - token percentage = 51%
2025-05-02 12:19:35,002 - sec_monitor - INFO - Making API call - Attempt 1/3
2025-05-02 12:19:35,002 - sec_monitor - INFO - Timestamp: 2025-05-02 12:19:35
2025-05-02 12:19:51,711 - sec_monitor - INFO - API call successful
2025-05-02 12:20:21,742 - sec_monitor - INFO - ==================================================
2025-05-02 12:20:21,742 - sec_monitor - INFO - Processing middle chunk
2025-05-02 12:20:21,742 - sec_monitor - INFO - Timestamp: 2025-05-02 12:20:21
2025-05-02 12:20:22,036 - sec_monitor - INFO - token percentage = 51%
2025-05-02 12:20:22,036 - sec_monitor - INFO - Making API call - Attempt 1/3
2025-05-02 12:20:22,036 - sec_monitor - INFO - Timestamp: 2025-05-02 12:20:22
2025-05-02 12:20:38,914 - sec_monitor - INFO - API call successful
2025-05-02 12:21:08,945 - sec_monitor - INFO - ==================================================
2025-05-02 12:21:08,945 - sec_monitor - INFO - Processing last chunk
2025-05-02 12:21:08,945 - sec_monitor - INFO - Timestamp: 2025-05-02 12:21:08
2025-05-02 12:21:09,075 - sec_monitor - INFO - token percentage = 7%
2025-05-02 12:21:09,075 - sec_monitor - INFO - Making API call - Attempt 1/3
2025-05-02 12:21:09,075 - sec_monitor - INFO - Timestamp: 2025-05-02 12:21:09
2025-05-02 12:21:12,974 - sec_monitor - INFO - API call successful
2025-05-02 12:21:12,974 - sec_monitor - INFO - Making combine API call - Attempt 1/3
2025-05-02 12:21:12,974 - sec_monitor - INFO - Timestamp: 2025-05-02 12:21:12
2025-05-02 12:21:14,102 - sec_monitor - INFO - Combine API call successful
2025-05-02 12:21:15,103 - sec_monitor - INFO - Processing filing 25/27: CBOE
2025-05-02 12:21:45,612 - sec_monitor - INFO - ==================================================
2025-05-02 12:21:45,612 - sec_monitor - INFO - Processing first chunk
2025-05-02 12:21:45,613 - sec_monitor - INFO - Timestamp: 2025-05-02 12:21:45
2025-05-02 12:21:45,762 - sec_monitor - INFO - token percentage = 4%
2025-05-02 12:21:45,762 - sec_monitor - INFO - Making API call - Attempt 1/3
2025-05-02 12:21:45,762 - sec_monitor - INFO - Timestamp: 2025-05-02 12:21:45
2025-05-02 12:21:49,728 - sec_monitor - INFO - API call successful
2025-05-02 12:21:50,729 - sec_monitor - INFO - Processing filing 26/27: IR
2025-05-02 12:22:21,438 - sec_monitor - INFO - ==================================================
2025-05-02 12:22:21,439 - sec_monitor - INFO - Processing first chunk
2025-05-02 12:22:21,439 - sec_monitor - INFO - Timestamp: 2025-05-02 12:22:21
2025-05-02 12:22:21,575 - sec_monitor - INFO - token percentage = 5%
2025-05-02 12:22:21,576 - sec_monitor - INFO - Making API call - Attempt 1/3
2025-05-02 12:22:21,576 - sec_monitor - INFO - Timestamp: 2025-05-02 12:22:21
2025-05-02 12:22:25,508 - sec_monitor - INFO - API call successful
2025-05-02 12:22:26,510 - sec_monitor - INFO - Processing filing 27/27: STZ
2025-05-02 12:22:57,237 - sec_monitor - INFO - ==================================================
2025-05-02 12:22:57,238 - sec_monitor - INFO - Processing first chunk
2025-05-02 12:22:57,238 - sec_monitor - INFO - Timestamp: 2025-05-02 12:22:57
2025-05-02 12:22:57,465 - sec_monitor - INFO - token percentage = 8%
2025-05-02 12:22:57,465 - sec_monitor - INFO - Making API call - Attempt 1/3
2025-05-02 12:22:57,465 - sec_monitor - INFO - Timestamp: 2025-05-02 12:22:57
2025-05-02 12:23:01,821 - sec_monitor - INFO - API call successful
2025-05-02 12:23:02,822 - sec_monitor - INFO - Fetching supplementary data...
2025-05-02 12:23:03,406 - sec_monitor - INFO - filing_tickers type: <class 'list'>
2025-05-02 12:23:03,406 - sec_monitor - INFO - filing_data type: <class 'list'>
2025-05-02 12:23:03,406 - sec_monitor - INFO - Market open: False
2025-05-02 12:23:03,406 - sec_monitor - INFO - Number of filing times mapped: 26
2025-05-02 12:23:03,479 - sec_monitor - INFO - Last trading day: 2025-05-02
2025-05-02 12:23:03,479 - sec_monitor - INFO - Processing ticker: ETN
2025-05-02 12:23:04,059 - sec_monitor - INFO - Number of bars for ETN: 4
2025-05-02 12:23:04,059 - sec_monitor - INFO - Last bar close for ETN: 301.92
2025-05-02 12:23:04,060 - sec_monitor - INFO - Outside market hours price for ETN: 301.92
2025-05-02 12:23:04,060 - sec_monitor - INFO - Processing ticker: XOM
2025-05-02 12:23:04,136 - sec_monitor - INFO - Number of bars for XOM: 4
2025-05-02 12:23:04,136 - sec_monitor - INFO - Last bar close for XOM: 105.82
2025-05-02 12:23:04,136 - sec_monitor - INFO - Outside market hours price for XOM: 105.82
2025-05-02 12:23:04,136 - sec_monitor - INFO - Processing ticker: CVX
2025-05-02 12:23:04,210 - sec_monitor - INFO - Number of bars for CVX: 4
2025-05-02 12:23:04,210 - sec_monitor - INFO - Last bar close for CVX: 136.12
2025-05-02 12:23:04,210 - sec_monitor - INFO - Outside market hours price for CVX: 136.12
2025-05-02 12:23:04,210 - sec_monitor - INFO - Processing ticker: CI
2025-05-02 12:23:04,287 - sec_monitor - INFO - Number of bars for CI: 4
2025-05-02 12:23:04,287 - sec_monitor - INFO - Last bar close for CI: 334.95
2025-05-02 12:23:04,287 - sec_monitor - INFO - Outside market hours price for CI: 334.95
2025-05-02 12:23:04,288 - sec_monitor - INFO - Processing ticker: DD
2025-05-02 12:23:04,360 - sec_monitor - INFO - Number of bars for DD: 4
2025-05-02 12:23:04,360 - sec_monitor - INFO - Last bar close for DD: 65.98
2025-05-02 12:23:04,360 - sec_monitor - INFO - Outside market hours price for DD: 65.98
2025-05-02 12:23:04,360 - sec_monitor - INFO - Processing ticker: AAPL
2025-05-02 12:23:04,435 - sec_monitor - INFO - Number of bars for AAPL: 4
2025-05-02 12:23:04,436 - sec_monitor - INFO - Last bar close for AAPL: 213.03
2025-05-02 12:23:04,436 - sec_monitor - INFO - Outside market hours price for AAPL: 213.03
2025-05-02 12:23:04,436 - sec_monitor - INFO - Processing ticker: NWS
2025-05-02 12:23:04,509 - sec_monitor - INFO - Number of bars for NWS: 4
2025-05-02 12:23:04,510 - sec_monitor - INFO - Last bar close for NWS: 31.26
2025-05-02 12:23:04,510 - sec_monitor - INFO - Outside market hours price for NWS: 31.26
2025-05-02 12:23:04,510 - sec_monitor - INFO - Processing ticker: GDDY
2025-05-02 12:23:04,585 - sec_monitor - INFO - Number of bars for GDDY: 4
2025-05-02 12:23:04,585 - sec_monitor - INFO - Last bar close for GDDY: 192.47
2025-05-02 12:23:04,585 - sec_monitor - INFO - Outside market hours price for GDDY: 192.47
2025-05-02 12:23:04,585 - sec_monitor - INFO - Processing ticker: AMGN
2025-05-02 12:23:04,655 - sec_monitor - INFO - Number of bars for AMGN: 4
2025-05-02 12:23:04,656 - sec_monitor - INFO - Last bar close for AMGN: 283.53
2025-05-02 12:23:04,656 - sec_monitor - INFO - Outside market hours price for AMGN: 283.53
2025-05-02 12:23:04,656 - sec_monitor - INFO - Processing ticker: AMZN
2025-05-02 12:23:04,727 - sec_monitor - INFO - Number of bars for AMZN: 4
2025-05-02 12:23:04,727 - sec_monitor - INFO - Last bar close for AMZN: 189.79
2025-05-02 12:23:04,727 - sec_monitor - INFO - Outside market hours price for AMZN: 189.79
2025-05-02 12:23:04,727 - sec_monitor - INFO - Processing ticker: GLW
2025-05-02 12:23:04,806 - sec_monitor - INFO - Number of bars for GLW: 4
2025-05-02 12:23:04,806 - sec_monitor - INFO - Last bar close for GLW: 44.73
2025-05-02 12:23:04,806 - sec_monitor - INFO - Outside market hours price for GLW: 44.73
2025-05-02 12:23:04,807 - sec_monitor - INFO - Processing ticker: DXCM
2025-05-02 12:23:04,882 - sec_monitor - INFO - Number of bars for DXCM: 4
2025-05-02 12:23:04,882 - sec_monitor - INFO - Last bar close for DXCM: 70.23
2025-05-02 12:23:04,882 - sec_monitor - INFO - Outside market hours price for DXCM: 70.23
2025-05-02 12:23:04,882 - sec_monitor - INFO - Processing ticker: AES
2025-05-02 12:23:04,958 - sec_monitor - INFO - Number of bars for AES: 4
2025-05-02 12:23:04,958 - sec_monitor - INFO - Last bar close for AES: 9.92
2025-05-02 12:23:04,958 - sec_monitor - INFO - Outside market hours price for AES: 9.92
2025-05-02 12:23:04,958 - sec_monitor - INFO - Processing ticker: MTD
2025-05-02 12:23:05,030 - sec_monitor - INFO - Number of bars for MTD: 4
2025-05-02 12:23:05,030 - sec_monitor - INFO - Last bar close for MTD: 1055.26
2025-05-02 12:23:05,030 - sec_monitor - INFO - Outside market hours price for MTD: 1055.26
2025-05-02 12:23:05,030 - sec_monitor - INFO - Processing ticker: SBAC
2025-05-02 12:23:05,102 - sec_monitor - INFO - Number of bars for SBAC: 4
2025-05-02 12:23:05,103 - sec_monitor - INFO - Last bar close for SBAC: 240.63
2025-05-02 12:23:05,103 - sec_monitor - INFO - Outside market hours price for SBAC: 240.63
2025-05-02 12:23:05,103 - sec_monitor - INFO - Processing ticker: MSI
2025-05-02 12:23:05,229 - sec_monitor - INFO - Number of bars for MSI: 4
2025-05-02 12:23:05,229 - sec_monitor - INFO - Last bar close for MSI: 439.2
2025-05-02 12:23:05,230 - sec_monitor - INFO - Outside market hours price for MSI: 439.2
2025-05-02 12:23:05,230 - sec_monitor - INFO - Processing ticker: GWW
2025-05-02 12:23:05,307 - sec_monitor - INFO - Number of bars for GWW: 4
2025-05-02 12:23:05,307 - sec_monitor - INFO - Last bar close for GWW: 1048.37
2025-05-02 12:23:05,307 - sec_monitor - INFO - Outside market hours price for GWW: 1048.37
2025-05-02 12:23:05,307 - sec_monitor - INFO - Processing ticker: BIIB
2025-05-02 12:23:05,381 - sec_monitor - INFO - Number of bars for BIIB: 4
2025-05-02 12:23:05,381 - sec_monitor - INFO - Last bar close for BIIB: 120.95
2025-05-02 12:23:05,381 - sec_monitor - INFO - Outside market hours price for BIIB: 120.95
2025-05-02 12:23:05,381 - sec_monitor - INFO - Processing ticker: ED
2025-05-02 12:23:05,458 - sec_monitor - INFO - Number of bars for ED: 4
2025-05-02 12:23:05,459 - sec_monitor - INFO - Last bar close for ED: 112.53
2025-05-02 12:23:05,459 - sec_monitor - INFO - Outside market hours price for ED: 112.53
2025-05-02 12:23:05,459 - sec_monitor - INFO - Processing ticker: ED
2025-05-02 12:23:05,539 - sec_monitor - INFO - Number of bars for ED: 4
2025-05-02 12:23:05,539 - sec_monitor - INFO - Last bar close for ED: 112.53
2025-05-02 12:23:05,539 - sec_monitor - INFO - Outside market hours price for ED: 112.53
2025-05-02 12:23:05,539 - sec_monitor - INFO - Processing ticker: AEE
2025-05-02 12:23:05,615 - sec_monitor - INFO - Number of bars for AEE: 4
2025-05-02 12:23:05,615 - sec_monitor - INFO - Last bar close for AEE: 98.05
2025-05-02 12:23:05,615 - sec_monitor - INFO - Outside market hours price for AEE: 98.05
2025-05-02 12:23:05,615 - sec_monitor - INFO - Processing ticker: PG
2025-05-02 12:23:05,689 - sec_monitor - INFO - Number of bars for PG: 4
2025-05-02 12:23:05,689 - sec_monitor - INFO - Last bar close for PG: 159.93
2025-05-02 12:23:05,690 - sec_monitor - INFO - Outside market hours price for PG: 159.93
2025-05-02 12:23:05,690 - sec_monitor - INFO - Processing ticker: IEX
2025-05-02 12:23:05,766 - sec_monitor - INFO - Number of bars for IEX: 4
2025-05-02 12:23:05,766 - sec_monitor - INFO - Last bar close for IEX: 175.1
2025-05-02 12:23:05,766 - sec_monitor - INFO - Outside market hours price for IEX: 175.1
2025-05-02 12:23:05,766 - sec_monitor - INFO - Processing ticker: CPT
2025-05-02 12:23:05,840 - sec_monitor - INFO - Number of bars for CPT: 4
2025-05-02 12:23:05,840 - sec_monitor - INFO - Last bar close for CPT: 114.94
2025-05-02 12:23:05,840 - sec_monitor - INFO - Outside market hours price for CPT: 114.94
2025-05-02 12:23:05,840 - sec_monitor - INFO - Processing ticker: CBOE
2025-05-02 12:23:05,916 - sec_monitor - INFO - Number of bars for CBOE: 4
2025-05-02 12:23:05,917 - sec_monitor - INFO - Last bar close for CBOE: 220.87
2025-05-02 12:23:05,917 - sec_monitor - INFO - Outside market hours price for CBOE: 220.87
2025-05-02 12:23:05,917 - sec_monitor - INFO - Processing ticker: IR
2025-05-02 12:23:05,989 - sec_monitor - INFO - Number of bars for IR: 4
2025-05-02 12:23:05,989 - sec_monitor - INFO - Last bar close for IR: 76.22
2025-05-02 12:23:05,989 - sec_monitor - INFO - Outside market hours price for IR: 76.22
2025-05-02 12:23:05,989 - sec_monitor - INFO - Processing ticker: STZ
2025-05-02 12:23:06,119 - sec_monitor - INFO - Number of bars for STZ: 4
2025-05-02 12:23:06,119 - sec_monitor - INFO - Last bar close for STZ: 185.34
2025-05-02 12:23:06,119 - sec_monitor - INFO - Outside market hours price for STZ: 185.34
2025-05-02 12:23:12,255 - sec_monitor - INFO - Generating final output...
2025-05-02 12:23:12,256 - sec_monitor - INFO - Successfully saved/merged output to output/sec_filings.json
2025-05-02 12:23:12,256 - sec_monitor - INFO - Processing complete. Stats: {'input_words': 3279605, 'output_words': 1949, 'filings_processed': 27}
2025-05-02 12:38:56,450 - sec_monitor - INFO - Starting SEC filing monitor 
2025-05-02 12:38:56,450 - sec_monitor - INFO - Loading S&P 500 data...
2025-05-02 12:38:56,450 - sec_monitor - INFO - Starting S&P 500 data initialization
2025-05-02 12:38:56,451 - sec_monitor - INFO - Successfully loaded 503 S&P 500 tickers
2025-05-02 12:38:56,451 - sec_monitor - INFO - Successfully loaded 503 S&P 500 tickers
2025-05-02 12:38:56,451 - sec_monitor - INFO - Initializing components...
2025-05-02 12:38:56,451 - sec_monitor - INFO - Initializing components
2025-05-02 12:38:56,451 - sec_monitor - INFO - SEC fetcher initialized
2025-05-02 12:38:56,451 - sec_monitor - INFO - Filing analyzer initialized
2025-05-02 12:38:56,452 - sec_monitor - INFO - Alpaca clients initialized
2025-05-02 12:38:56,452 - sec_monitor - INFO - All components initialized successfully
2025-05-02 12:38:56,453 - sec_monitor - INFO - Found JSON file from today
2025-05-02 12:38:56,453 - sec_monitor - INFO - Found 27 previously processed accessions and 27 filing URLs
2025-05-02 12:38:56,453 - sec_monitor - INFO - Found 27 accession numbers and 27 URLs from previously processed filings
2025-05-02 12:38:56,453 - sec_monitor - INFO - Fetching SEC filings...
2025-05-02 12:39:22,349 - sec_monitor - INFO - No more entries found
2025-05-02 12:39:22,349 - sec_monitor - INFO - Completed fetching. Found 124 total filings
2025-05-02 12:39:22,350 - sec_monitor - INFO - Found 9 new interesting filings
2025-05-02 12:39:22,350 - sec_monitor - INFO - Found 9 new filings to process
2025-05-02 12:39:22,350 - sec_monitor - INFO - Processing filing 1/9: WMB
2025-05-02 12:39:52,881 - sec_monitor - INFO - ==================================================
2025-05-02 12:39:52,881 - sec_monitor - INFO - Processing first chunk
2025-05-02 12:39:52,881 - sec_monitor - INFO - Timestamp: 2025-05-02 12:39:52
2025-05-02 12:39:52,997 - sec_monitor - INFO - token percentage = 2%
2025-05-02 12:39:52,997 - sec_monitor - INFO - Making API call - Attempt 1/3
2025-05-02 12:39:52,997 - sec_monitor - INFO - Timestamp: 2025-05-02 12:39:52
2025-05-02 12:39:54,800 - sec_monitor - INFO - API call successful
2025-05-02 12:39:55,801 - sec_monitor - INFO - Processing filing 2/9: CBOE
2025-05-02 12:41:05,790 - sec_monitor - INFO - ==================================================
2025-05-02 12:41:05,790 - sec_monitor - INFO - Processing first chunk
2025-05-02 12:41:05,790 - sec_monitor - INFO - Timestamp: 2025-05-02 12:41:05
2025-05-02 12:41:06,568 - sec_monitor - INFO - token percentage = 55%
2025-05-02 12:41:06,568 - sec_monitor - INFO - Making API call - Attempt 1/3
2025-05-02 12:41:06,568 - sec_monitor - INFO - Timestamp: 2025-05-02 12:41:06
2025-05-02 12:41:26,058 - sec_monitor - INFO - API call successful
2025-05-02 12:41:56,088 - sec_monitor - INFO - ==================================================
2025-05-02 12:41:56,088 - sec_monitor - INFO - Processing middle chunk
2025-05-02 12:41:56,089 - sec_monitor - INFO - Timestamp: 2025-05-02 12:41:56
2025-05-02 12:41:56,990 - sec_monitor - INFO - token percentage = 47%
2025-05-02 12:41:56,990 - sec_monitor - INFO - Making API call - Attempt 1/3
2025-05-02 12:41:56,990 - sec_monitor - INFO - Timestamp: 2025-05-02 12:41:56
2025-05-02 12:42:14,336 - sec_monitor - INFO - API call successful
2025-05-02 12:42:44,353 - sec_monitor - INFO - ==================================================
2025-05-02 12:42:44,354 - sec_monitor - INFO - Processing middle chunk
2025-05-02 12:42:44,354 - sec_monitor - INFO - Timestamp: 2025-05-02 12:42:44
2025-05-02 12:42:45,028 - sec_monitor - INFO - token percentage = 71%
2025-05-02 12:42:45,028 - sec_monitor - INFO - Making API call - Attempt 1/3
2025-05-02 12:42:45,028 - sec_monitor - INFO - Timestamp: 2025-05-02 12:42:45
2025-05-02 12:43:10,798 - sec_monitor - INFO - API call successful
2025-05-02 12:43:40,828 - sec_monitor - INFO - ==================================================
2025-05-02 12:43:40,828 - sec_monitor - INFO - Processing middle chunk
2025-05-02 12:43:40,828 - sec_monitor - INFO - Timestamp: 2025-05-02 12:43:40
2025-05-02 12:43:41,600 - sec_monitor - INFO - token percentage = 39%
2025-05-02 12:43:41,600 - sec_monitor - INFO - Making API call - Attempt 1/3
2025-05-02 12:43:41,600 - sec_monitor - INFO - Timestamp: 2025-05-02 12:43:41
2025-05-02 12:43:55,893 - sec_monitor - INFO - API call successful
2025-05-02 12:44:25,924 - sec_monitor - INFO - ==================================================
2025-05-02 12:44:25,924 - sec_monitor - INFO - Processing middle chunk
2025-05-02 12:44:25,924 - sec_monitor - INFO - Timestamp: 2025-05-02 12:44:25
2025-05-02 12:44:26,628 - sec_monitor - INFO - token percentage = 46%
2025-05-02 12:44:26,628 - sec_monitor - INFO - Making API call - Attempt 1/3
2025-05-02 12:44:26,628 - sec_monitor - INFO - Timestamp: 2025-05-02 12:44:26
2025-05-02 12:44:42,867 - sec_monitor - INFO - API call successful
2025-05-02 12:45:12,897 - sec_monitor - INFO - ==================================================
2025-05-02 12:45:12,897 - sec_monitor - INFO - Processing last chunk
2025-05-02 12:45:12,897 - sec_monitor - INFO - Timestamp: 2025-05-02 12:45:12
2025-05-02 12:45:13,553 - sec_monitor - INFO - token percentage = 37%
2025-05-02 12:45:13,554 - sec_monitor - INFO - Making API call - Attempt 1/3
2025-05-02 12:45:13,554 - sec_monitor - INFO - Timestamp: 2025-05-02 12:45:13
2025-05-02 12:45:29,445 - sec_monitor - INFO - API call successful
2025-05-02 12:45:29,446 - sec_monitor - INFO - Making combine API call - Attempt 1/3
2025-05-02 12:45:29,446 - sec_monitor - INFO - Timestamp: 2025-05-02 12:45:29
2025-05-02 12:45:30,467 - sec_monitor - INFO - Combine API call successful
2025-05-02 12:45:31,468 - sec_monitor - INFO - Processing filing 3/9: HUBB
2025-05-02 12:46:32,182 - sec_monitor - INFO - ==================================================
2025-05-02 12:46:32,182 - sec_monitor - INFO - Processing first chunk
2025-05-02 12:46:32,182 - sec_monitor - INFO - Timestamp: 2025-05-02 12:46:32
2025-05-02 12:46:32,965 - sec_monitor - INFO - token percentage = 51%
2025-05-02 12:46:32,966 - sec_monitor - INFO - Making API call - Attempt 1/3
2025-05-02 12:46:32,966 - sec_monitor - INFO - Timestamp: 2025-05-02 12:46:32
2025-05-02 12:46:51,622 - sec_monitor - INFO - API call successful
2025-05-02 12:47:21,652 - sec_monitor - INFO - ==================================================
2025-05-02 12:47:21,652 - sec_monitor - INFO - Processing middle chunk
2025-05-02 12:47:21,652 - sec_monitor - INFO - Timestamp: 2025-05-02 12:47:21
2025-05-02 12:47:22,557 - sec_monitor - INFO - token percentage = 42%
2025-05-02 12:47:22,558 - sec_monitor - INFO - Making API call - Attempt 1/3
2025-05-02 12:47:22,558 - sec_monitor - INFO - Timestamp: 2025-05-02 12:47:22
2025-05-02 12:47:37,399 - sec_monitor - INFO - API call successful
2025-05-02 12:48:07,425 - sec_monitor - INFO - ==================================================
2025-05-02 12:48:07,425 - sec_monitor - INFO - Processing middle chunk
2025-05-02 12:48:07,425 - sec_monitor - INFO - Timestamp: 2025-05-02 12:48:07
2025-05-02 12:48:08,131 - sec_monitor - INFO - token percentage = 59%
2025-05-02 12:48:08,131 - sec_monitor - INFO - Making API call - Attempt 1/3
2025-05-02 12:48:08,131 - sec_monitor - INFO - Timestamp: 2025-05-02 12:48:08
2025-05-02 12:48:29,356 - sec_monitor - INFO - API call successful
2025-05-02 12:48:59,387 - sec_monitor - INFO - ==================================================
2025-05-02 12:48:59,387 - sec_monitor - INFO - Processing last chunk
2025-05-02 12:48:59,387 - sec_monitor - INFO - Timestamp: 2025-05-02 12:48:59
2025-05-02 12:48:59,890 - sec_monitor - INFO - token percentage = 26%
2025-05-02 12:48:59,890 - sec_monitor - INFO - Making API call - Attempt 1/3
2025-05-02 12:48:59,890 - sec_monitor - INFO - Timestamp: 2025-05-02 12:48:59
2025-05-02 12:49:10,239 - sec_monitor - INFO - API call successful
2025-05-02 12:49:10,240 - sec_monitor - INFO - Making combine API call - Attempt 1/3
2025-05-02 12:49:10,240 - sec_monitor - INFO - Timestamp: 2025-05-02 12:49:10
2025-05-02 12:49:11,578 - sec_monitor - INFO - Combine API call successful
2025-05-02 12:49:12,580 - sec_monitor - INFO - Processing filing 4/9: BG
2025-05-02 12:49:43,023 - sec_monitor - INFO - ==================================================
2025-05-02 12:49:43,023 - sec_monitor - INFO - Processing first chunk
2025-05-02 12:49:43,024 - sec_monitor - INFO - Timestamp: 2025-05-02 12:49:43
2025-05-02 12:49:43,167 - sec_monitor - INFO - token percentage = 4%
2025-05-02 12:49:43,167 - sec_monitor - INFO - Making API call - Attempt 1/3
2025-05-02 12:49:43,167 - sec_monitor - INFO - Timestamp: 2025-05-02 12:49:43
2025-05-02 12:49:46,658 - sec_monitor - INFO - API call successful
2025-05-02 12:49:47,659 - sec_monitor - INFO - Processing filing 5/9: HOLX
2025-05-02 12:50:41,191 - sec_monitor - INFO - ==================================================
2025-05-02 12:50:41,191 - sec_monitor - INFO - Processing first chunk
2025-05-02 12:50:41,191 - sec_monitor - INFO - Timestamp: 2025-05-02 12:50:41
2025-05-02 12:50:42,426 - sec_monitor - INFO - token percentage = 42%
2025-05-02 12:50:42,426 - sec_monitor - INFO - Making API call - Attempt 1/3
2025-05-02 12:50:42,426 - sec_monitor - INFO - Timestamp: 2025-05-02 12:50:42
2025-05-02 12:50:57,243 - sec_monitor - INFO - API call successful
2025-05-02 12:51:27,262 - sec_monitor - INFO - ==================================================
2025-05-02 12:51:27,262 - sec_monitor - INFO - Processing middle chunk
2025-05-02 12:51:27,262 - sec_monitor - INFO - Timestamp: 2025-05-02 12:51:27
2025-05-02 12:51:28,258 - sec_monitor - INFO - token percentage = 52%
2025-05-02 12:51:28,258 - sec_monitor - INFO - Making API call - Attempt 1/3
2025-05-02 12:51:28,258 - sec_monitor - INFO - Timestamp: 2025-05-02 12:51:28
2025-05-02 12:51:47,477 - sec_monitor - INFO - API call successful
2025-05-02 12:52:17,508 - sec_monitor - INFO - ==================================================
2025-05-02 12:52:17,508 - sec_monitor - INFO - Processing middle chunk
2025-05-02 12:52:17,508 - sec_monitor - INFO - Timestamp: 2025-05-02 12:52:17
2025-05-02 12:52:18,360 - sec_monitor - INFO - token percentage = 55%
2025-05-02 12:52:18,361 - sec_monitor - INFO - Making API call - Attempt 1/3
2025-05-02 12:52:18,361 - sec_monitor - INFO - Timestamp: 2025-05-02 12:52:18
2025-05-02 12:52:38,145 - sec_monitor - INFO - API call successful
2025-05-02 12:53:08,176 - sec_monitor - INFO - ==================================================
2025-05-02 12:53:08,176 - sec_monitor - INFO - Processing last chunk
2025-05-02 12:53:08,176 - sec_monitor - INFO - Timestamp: 2025-05-02 12:53:08
2025-05-02 12:53:08,547 - sec_monitor - INFO - token percentage = 17%
2025-05-02 12:53:08,548 - sec_monitor - INFO - Making API call - Attempt 1/3
2025-05-02 12:53:08,548 - sec_monitor - INFO - Timestamp: 2025-05-02 12:53:08
2025-05-02 12:53:15,393 - sec_monitor - INFO - API call successful
2025-05-02 12:53:15,393 - sec_monitor - INFO - Making combine API call - Attempt 1/3
2025-05-02 12:53:15,393 - sec_monitor - INFO - Timestamp: 2025-05-02 12:53:15
2025-05-02 12:53:16,632 - sec_monitor - INFO - Combine API call successful
2025-05-02 12:53:17,633 - sec_monitor - INFO - Processing filing 6/9: PPL
2025-05-02 12:53:48,102 - sec_monitor - INFO - ==================================================
2025-05-02 12:53:48,102 - sec_monitor - INFO - Processing first chunk
2025-05-02 12:53:48,102 - sec_monitor - INFO - Timestamp: 2025-05-02 12:53:48
2025-05-02 12:53:48,260 - sec_monitor - INFO - token percentage = 3%
2025-05-02 12:53:48,260 - sec_monitor - INFO - Making API call - Attempt 1/3
2025-05-02 12:53:48,260 - sec_monitor - INFO - Timestamp: 2025-05-02 12:53:48
2025-05-02 12:53:49,902 - sec_monitor - INFO - API call successful
2025-05-02 12:53:50,903 - sec_monitor - INFO - Processing filing 7/9: TTWO
2025-05-02 12:54:21,366 - sec_monitor - INFO - ==================================================
2025-05-02 12:54:21,366 - sec_monitor - INFO - Processing first chunk
2025-05-02 12:54:21,366 - sec_monitor - INFO - Timestamp: 2025-05-02 12:54:21
2025-05-02 12:54:21,515 - sec_monitor - INFO - token percentage = 3%
2025-05-02 12:54:21,515 - sec_monitor - INFO - Making API call - Attempt 1/3
2025-05-02 12:54:21,515 - sec_monitor - INFO - Timestamp: 2025-05-02 12:54:21
2025-05-02 12:54:23,185 - sec_monitor - INFO - API call successful
2025-05-02 12:54:24,187 - sec_monitor - INFO - Processing filing 8/9: CBOE
2025-05-02 12:54:55,638 - sec_monitor - INFO - ==================================================
2025-05-02 12:54:55,638 - sec_monitor - INFO - Processing first chunk
2025-05-02 12:54:55,638 - sec_monitor - INFO - Timestamp: 2025-05-02 12:54:55
2025-05-02 12:54:55,782 - sec_monitor - INFO - token percentage = 6%
2025-05-02 12:54:55,782 - sec_monitor - INFO - Making API call - Attempt 1/3
2025-05-02 12:54:55,782 - sec_monitor - INFO - Timestamp: 2025-05-02 12:54:55
2025-05-02 12:54:59,369 - sec_monitor - INFO - API call successful
2025-05-02 12:55:00,371 - sec_monitor - INFO - Processing filing 9/9: TROW
2025-05-02 12:55:43,325 - sec_monitor - INFO - ==================================================
2025-05-02 12:55:43,325 - sec_monitor - INFO - Processing first chunk
2025-05-02 12:55:43,325 - sec_monitor - INFO - Timestamp: 2025-05-02 12:55:43
2025-05-02 12:55:43,706 - sec_monitor - INFO - token percentage = 49%
2025-05-02 12:55:43,707 - sec_monitor - INFO - Making API call - Attempt 1/3
2025-05-02 12:55:43,707 - sec_monitor - INFO - Timestamp: 2025-05-02 12:55:43
2025-05-02 12:56:00,990 - sec_monitor - INFO - API call successful
2025-05-02 12:56:31,021 - sec_monitor - INFO - ==================================================
2025-05-02 12:56:31,021 - sec_monitor - INFO - Processing middle chunk
2025-05-02 12:56:31,021 - sec_monitor - INFO - Timestamp: 2025-05-02 12:56:31
2025-05-02 12:56:31,361 - sec_monitor - INFO - token percentage = 51%
2025-05-02 12:56:31,362 - sec_monitor - INFO - Making API call - Attempt 1/3
2025-05-02 12:56:31,362 - sec_monitor - INFO - Timestamp: 2025-05-02 12:56:31
2025-05-02 12:56:48,602 - sec_monitor - INFO - API call successful
2025-05-02 12:57:18,629 - sec_monitor - INFO - ==================================================
2025-05-02 12:57:18,629 - sec_monitor - INFO - Processing last chunk
2025-05-02 12:57:18,629 - sec_monitor - INFO - Timestamp: 2025-05-02 12:57:18
2025-05-02 12:57:18,928 - sec_monitor - INFO - token percentage = 49%
2025-05-02 12:57:18,928 - sec_monitor - INFO - Making API call - Attempt 1/3
2025-05-02 12:57:18,929 - sec_monitor - INFO - Timestamp: 2025-05-02 12:57:18
2025-05-02 12:57:36,052 - sec_monitor - INFO - API call successful
2025-05-02 12:57:36,052 - sec_monitor - INFO - Making combine API call - Attempt 1/3
2025-05-02 12:57:36,052 - sec_monitor - INFO - Timestamp: 2025-05-02 12:57:36
2025-05-02 12:57:37,399 - sec_monitor - INFO - Combine API call successful
2025-05-02 12:57:38,401 - sec_monitor - INFO - Fetching supplementary data...
2025-05-02 12:57:38,621 - sec_monitor - INFO - filing_tickers type: <class 'list'>
2025-05-02 12:57:38,621 - sec_monitor - INFO - filing_data type: <class 'list'>
2025-05-02 12:57:38,621 - sec_monitor - INFO - Market open: False
2025-05-02 12:57:38,621 - sec_monitor - INFO - Number of filing times mapped: 8
2025-05-02 12:57:38,638 - sec_monitor - INFO - Last trading day: 2025-05-02
2025-05-02 12:57:38,638 - sec_monitor - INFO - Processing ticker: WMB
2025-05-02 12:57:39,041 - sec_monitor - INFO - Number of bars for WMB: 4
2025-05-02 12:57:39,041 - sec_monitor - INFO - Last bar close for WMB: 58.79
2025-05-02 12:57:39,041 - sec_monitor - INFO - Outside market hours price for WMB: 58.79
2025-05-02 12:57:39,041 - sec_monitor - INFO - Processing ticker: CBOE
2025-05-02 12:57:39,063 - sec_monitor - INFO - Number of bars for CBOE: 4
2025-05-02 12:57:39,063 - sec_monitor - INFO - Last bar close for CBOE: 220.87
2025-05-02 12:57:39,063 - sec_monitor - INFO - Outside market hours price for CBOE: 220.87
2025-05-02 12:57:39,063 - sec_monitor - INFO - Processing ticker: HUBB
2025-05-02 12:57:39,084 - sec_monitor - INFO - Number of bars for HUBB: 4
2025-05-02 12:57:39,084 - sec_monitor - INFO - Last bar close for HUBB: 342.955
2025-05-02 12:57:39,084 - sec_monitor - INFO - Outside market hours price for HUBB: 342.955
2025-05-02 12:57:39,084 - sec_monitor - INFO - Processing ticker: BG
2025-05-02 12:57:39,104 - sec_monitor - INFO - Number of bars for BG: 4
2025-05-02 12:57:39,104 - sec_monitor - INFO - Last bar close for BG: 78.45
2025-05-02 12:57:39,104 - sec_monitor - INFO - Outside market hours price for BG: 78.45
2025-05-02 12:57:39,104 - sec_monitor - INFO - Processing ticker: HOLX
2025-05-02 12:57:39,124 - sec_monitor - INFO - Number of bars for HOLX: 4
2025-05-02 12:57:39,124 - sec_monitor - INFO - Last bar close for HOLX: 57.26
2025-05-02 12:57:39,124 - sec_monitor - INFO - Outside market hours price for HOLX: 57.26
2025-05-02 12:57:39,124 - sec_monitor - INFO - Processing ticker: PPL
2025-05-02 12:57:39,144 - sec_monitor - INFO - Number of bars for PPL: 4
2025-05-02 12:57:39,144 - sec_monitor - INFO - Last bar close for PPL: 36.06
2025-05-02 12:57:39,144 - sec_monitor - INFO - Outside market hours price for PPL: 36.06
2025-05-02 12:57:39,145 - sec_monitor - INFO - Processing ticker: TTWO
2025-05-02 12:57:39,168 - sec_monitor - INFO - Number of bars for TTWO: 4
2025-05-02 12:57:39,168 - sec_monitor - INFO - Last bar close for TTWO: 235.06
2025-05-02 12:57:39,168 - sec_monitor - INFO - Outside market hours price for TTWO: 235.06
2025-05-02 12:57:39,168 - sec_monitor - INFO - Processing ticker: CBOE
2025-05-02 12:57:39,189 - sec_monitor - INFO - Number of bars for CBOE: 4
2025-05-02 12:57:39,189 - sec_monitor - INFO - Last bar close for CBOE: 220.87
2025-05-02 12:57:39,189 - sec_monitor - INFO - Outside market hours price for CBOE: 220.87
2025-05-02 12:57:39,190 - sec_monitor - INFO - Processing ticker: TROW
2025-05-02 12:57:39,211 - sec_monitor - INFO - Number of bars for TROW: 4
2025-05-02 12:57:39,211 - sec_monitor - INFO - Last bar close for TROW: 88.03
2025-05-02 12:57:39,211 - sec_monitor - INFO - Outside market hours price for TROW: 88.03
2025-05-02 12:57:41,808 - sec_monitor - INFO - Generating final output...
2025-05-02 12:57:41,810 - sec_monitor - INFO - Successfully merged 9 new filings with existing JSON
2025-05-02 12:57:41,810 - sec_monitor - INFO - Cumulative stats - Input words: 4191364, Output words: 2590
2025-05-02 12:57:41,810 - sec_monitor - INFO - Successfully saved/merged output to output/sec_filings.json
2025-05-02 12:57:41,810 - sec_monitor - INFO - Processing complete. Stats: {'input_words': 911759, 'output_words': 641, 'filings_processed': 9}
