2025-06-30 11:10:44,777 - sec_monitor - INFO - Starting SEC filing monitor 
2025-06-30 11:10:44,777 - sec_monitor - INFO - Loading S&P 500 data...
2025-06-30 11:10:44,777 - sec_monitor - INFO - Starting S&P 500 data initialization
2025-06-30 11:10:44,777 - sec_monitor - INFO - Successfully loaded 503 S&P 500 tickers
2025-06-30 11:10:44,777 - sec_monitor - INFO - Successfully loaded 503 S&P 500 tickers
2025-06-30 11:10:44,777 - sec_monitor - INFO - Initializing components...
2025-06-30 11:10:44,777 - sec_monitor - INFO - Initializing components
2025-06-30 11:10:44,778 - sec_monitor - INFO - SEC fetcher initialized
2025-06-30 11:10:44,778 - sec_monitor - INFO - Filing analyzer initialized
2025-06-30 11:10:44,778 - sec_monitor - INFO - Alpaca clients initialized
2025-06-30 11:10:44,778 - sec_monitor - INFO - All components initialized successfully
2025-06-30 11:10:44,779 - sec_monitor - INFO - Found old JSON file, archiving
2025-06-30 11:10:44,779 - sec_monitor - INFO - Starting new filing collection for today
2025-06-30 11:10:44,779 - sec_monitor - INFO - Fetching SEC filings...
2025-06-30 11:10:45,768 - sec_monitor - INFO - Reached old filing, stopping. Found 2 total filings
2025-06-30 11:10:45,768 - sec_monitor - INFO - Found 1 new interesting filings
2025-06-30 11:10:45,768 - sec_monitor - INFO - Found 1 new filings to process
2025-06-30 11:10:45,768 - sec_monitor - INFO - Processing filing 1/1: SWK
2025-06-30 11:11:16,969 - sec_monitor - INFO - ==================================================
2025-06-30 11:11:16,969 - sec_monitor - INFO - Processing first chunk
2025-06-30 11:11:16,969 - sec_monitor - INFO - Timestamp: 2025-06-30 11:11:16
2025-06-30 11:11:17,237 - sec_monitor - INFO - token percentage = 9%
2025-06-30 11:11:17,237 - sec_monitor - INFO - Making API call - Attempt 1/3
2025-06-30 11:11:17,237 - sec_monitor - INFO - Timestamp: 2025-06-30 11:11:17
2025-06-30 11:11:25,621 - sec_monitor - INFO - API call successful
2025-06-30 11:11:26,623 - sec_monitor - INFO - Fetching supplementary data...
2025-06-30 11:11:27,101 - sec_monitor - INFO - filing_tickers type: <class 'list'>
2025-06-30 11:11:27,101 - sec_monitor - INFO - filing_data type: <class 'list'>
2025-06-30 11:11:27,101 - sec_monitor - INFO - Market open: False
2025-06-30 11:11:27,101 - sec_monitor - INFO - Number of filing times mapped: 1
2025-06-30 11:11:27,141 - sec_monitor - INFO - Last trading day: 2025-06-30
2025-06-30 11:11:27,141 - sec_monitor - INFO - Processing ticker: SWK
2025-06-30 11:11:27,480 - sec_monitor - INFO - Number of bars for SWK: 3
2025-06-30 11:11:27,480 - sec_monitor - INFO - Last bar close for SWK: 67.68
2025-06-30 11:11:27,480 - sec_monitor - INFO - Outside market hours price for SWK: 67.68
2025-06-30 11:11:27,953 - sec_monitor - INFO - Generating final output...
2025-06-30 11:11:27,954 - sec_monitor - INFO - Successfully saved/merged output to output/sec_filings.json
2025-06-30 11:11:27,954 - sec_monitor - INFO - Processing complete. Stats: {'input_words': 19775, 'output_words': 103, 'filings_processed': 1}
