2025-09-22 11:10:22,762 - sec_monitor - INFO - Starting SEC filing monitor 
2025-09-22 11:10:22,762 - sec_monitor - INFO - Loading S&P 500 data...
2025-09-22 11:10:22,762 - sec_monitor - INFO - Starting S&P 500 data initialization
2025-09-22 11:10:22,763 - sec_monitor - INFO - Successfully loaded 503 S&P 500 tickers
2025-09-22 11:10:22,763 - sec_monitor - INFO - Successfully loaded 503 S&P 500 tickers
2025-09-22 11:10:22,763 - sec_monitor - INFO - Initializing components...
2025-09-22 11:10:22,763 - sec_monitor - INFO - Initializing components
2025-09-22 11:10:22,763 - sec_monitor - INFO - SEC fetcher initialized
2025-09-22 11:10:22,763 - sec_monitor - INFO - Filing analyzer initialized
2025-09-22 11:10:22,763 - sec_monitor - INFO - Alpaca clients initialized
2025-09-22 11:10:22,763 - sec_monitor - INFO - All components initialized successfully
2025-09-22 11:10:22,764 - sec_monitor - INFO - Found old JSON file, archiving
2025-09-22 11:10:22,765 - sec_monitor - INFO - Starting new filing collection for today
2025-09-22 11:10:22,765 - sec_monitor - INFO - Fetching SEC filings...
2025-09-22 11:10:22,939 - sec_monitor - INFO - Reached old filing, stopping. Found 1 total filings
2025-09-22 11:10:22,939 - sec_monitor - INFO - Found 1 new interesting filings
2025-09-22 11:10:22,939 - sec_monitor - INFO - Found 1 new filings to process
2025-09-22 11:10:22,939 - sec_monitor - INFO - Processing filing 1/1: NI
2025-09-22 11:10:53,460 - sec_monitor - INFO - ==================================================
2025-09-22 11:10:53,460 - sec_monitor - INFO - Processing first chunk
2025-09-22 11:10:53,460 - sec_monitor - INFO - Timestamp: 2025-09-22 11:10:53
2025-09-22 11:10:53,612 - sec_monitor - INFO - token percentage = 2%
2025-09-22 11:10:53,612 - sec_monitor - INFO - Making API call - Attempt 1/3
2025-09-22 11:10:53,612 - sec_monitor - INFO - Timestamp: 2025-09-22 11:10:53
2025-09-22 11:10:57,055 - sec_monitor - INFO - API call successful
2025-09-22 11:10:58,057 - sec_monitor - INFO - Fetching supplementary data...
2025-09-22 11:10:58,728 - sec_monitor - INFO - filing_tickers type: <class 'list'>
2025-09-22 11:10:58,728 - sec_monitor - INFO - filing_data type: <class 'list'>
2025-09-22 11:10:58,729 - sec_monitor - INFO - Market open: False
2025-09-22 11:10:58,729 - sec_monitor - INFO - Number of filing times mapped: 1
2025-09-22 11:10:58,853 - sec_monitor - INFO - Last trading day: 2025-09-22
2025-09-22 11:10:58,853 - sec_monitor - INFO - Processing ticker: NI
2025-09-22 11:10:59,510 - sec_monitor - INFO - Number of bars for NI: 3
2025-09-22 11:10:59,510 - sec_monitor - INFO - Last bar close for NI: 40.32
2025-09-22 11:10:59,510 - sec_monitor - INFO - Outside market hours price for NI: 40.32
2025-09-22 11:10:59,835 - sec_monitor - INFO - Generating final output...
2025-09-22 11:10:59,835 - sec_monitor - INFO - Successfully saved/merged output to output/sec_filings.json
2025-09-22 11:10:59,835 - sec_monitor - INFO - Processing complete. Stats: {'input_words': 3857, 'output_words': 118, 'filings_processed': 1}
