2025-05-12 11:10:18,867 - sec_monitor - INFO - Starting SEC filing monitor 
2025-05-12 11:10:18,868 - sec_monitor - INFO - Loading S&P 500 data...
2025-05-12 11:10:18,868 - sec_monitor - INFO - Starting S&P 500 data initialization
2025-05-12 11:10:18,868 - sec_monitor - INFO - Successfully loaded 503 S&P 500 tickers
2025-05-12 11:10:18,868 - sec_monitor - INFO - Successfully loaded 503 S&P 500 tickers
2025-05-12 11:10:18,868 - sec_monitor - INFO - Initializing components...
2025-05-12 11:10:18,868 - sec_monitor - INFO - Initializing components
2025-05-12 11:10:18,868 - sec_monitor - INFO - SEC fetcher initialized
2025-05-12 11:10:18,869 - sec_monitor - INFO - Filing analyzer initialized
2025-05-12 11:10:18,869 - sec_monitor - INFO - Alpaca clients initialized
2025-05-12 11:10:18,869 - sec_monitor - INFO - All components initialized successfully
2025-05-12 11:10:18,870 - sec_monitor - INFO - Found old JSON file, archiving
2025-05-12 11:10:18,870 - sec_monitor - INFO - Starting new filing collection for today
2025-05-12 11:10:18,870 - sec_monitor - INFO - Fetching SEC filings...
2025-05-12 11:10:20,754 - sec_monitor - INFO - Reached old filing, stopping. Found 5 total filings
2025-05-12 11:10:20,754 - sec_monitor - INFO - Found 3 new interesting filings
2025-05-12 11:10:20,754 - sec_monitor - INFO - Found 3 new filings to process
2025-05-12 11:10:20,755 - sec_monitor - INFO - Processing filing 1/3: NRG
2025-05-12 11:10:51,516 - sec_monitor - INFO - ==================================================
2025-05-12 11:10:51,517 - sec_monitor - INFO - Processing first chunk
2025-05-12 11:10:51,517 - sec_monitor - INFO - Timestamp: 2025-05-12 11:10:51
2025-05-12 11:10:51,756 - sec_monitor - INFO - token percentage = 5%
2025-05-12 11:10:51,756 - sec_monitor - INFO - Making API call - Attempt 1/3
2025-05-12 11:10:51,756 - sec_monitor - INFO - Timestamp: 2025-05-12 11:10:51
2025-05-12 11:10:55,083 - sec_monitor - INFO - API call successful
2025-05-12 11:10:56,085 - sec_monitor - INFO - Processing filing 2/3: IVZ
2025-05-12 11:11:26,649 - sec_monitor - INFO - ==================================================
2025-05-12 11:11:26,649 - sec_monitor - INFO - Processing first chunk
2025-05-12 11:11:26,649 - sec_monitor - INFO - Timestamp: 2025-05-12 11:11:26
2025-05-12 11:11:26,813 - sec_monitor - INFO - token percentage = 4%
2025-05-12 11:11:26,814 - sec_monitor - INFO - Making API call - Attempt 1/3
2025-05-12 11:11:26,814 - sec_monitor - INFO - Timestamp: 2025-05-12 11:11:26
2025-05-12 11:11:30,130 - sec_monitor - INFO - API call successful
2025-05-12 11:11:31,131 - sec_monitor - INFO - Processing filing 3/3: AEE
2025-05-12 11:12:01,839 - sec_monitor - INFO - ==================================================
2025-05-12 11:12:01,839 - sec_monitor - INFO - Processing first chunk
2025-05-12 11:12:01,840 - sec_monitor - INFO - Timestamp: 2025-05-12 11:12:01
2025-05-12 11:12:02,019 - sec_monitor - INFO - token percentage = 4%
2025-05-12 11:12:02,019 - sec_monitor - INFO - Making API call - Attempt 1/3
2025-05-12 11:12:02,019 - sec_monitor - INFO - Timestamp: 2025-05-12 11:12:02
2025-05-12 11:12:05,743 - sec_monitor - INFO - API call successful
2025-05-12 11:12:06,744 - sec_monitor - INFO - Fetching supplementary data...
2025-05-12 11:12:07,258 - sec_monitor - INFO - filing_tickers type: <class 'list'>
2025-05-12 11:12:07,259 - sec_monitor - INFO - filing_data type: <class 'list'>
2025-05-12 11:12:07,259 - sec_monitor - INFO - Market open: False
2025-05-12 11:12:07,259 - sec_monitor - INFO - Number of filing times mapped: 3
2025-05-12 11:12:07,304 - sec_monitor - INFO - Last trading day: 2025-05-12
2025-05-12 11:12:07,304 - sec_monitor - INFO - Processing ticker: NRG
2025-05-12 11:12:07,551 - sec_monitor - INFO - Number of bars for NRG: 3
2025-05-12 11:12:07,551 - sec_monitor - INFO - Last bar close for NRG: 119.335
2025-05-12 11:12:07,551 - sec_monitor - INFO - Outside market hours price for NRG: 119.335
2025-05-12 11:12:07,551 - sec_monitor - INFO - Processing ticker: IVZ
2025-05-12 11:12:07,600 - sec_monitor - INFO - Number of bars for IVZ: 3
2025-05-12 11:12:07,600 - sec_monitor - INFO - Last bar close for IVZ: 14.83
2025-05-12 11:12:07,600 - sec_monitor - INFO - Outside market hours price for IVZ: 14.83
2025-05-12 11:12:07,600 - sec_monitor - INFO - Processing ticker: AEE
2025-05-12 11:12:07,647 - sec_monitor - INFO - Number of bars for AEE: 3
2025-05-12 11:12:07,648 - sec_monitor - INFO - Last bar close for AEE: 97.425
2025-05-12 11:12:07,648 - sec_monitor - INFO - Outside market hours price for AEE: 97.425
2025-05-12 11:12:08,716 - sec_monitor - INFO - Generating final output...
2025-05-12 11:12:08,716 - sec_monitor - INFO - Successfully saved/merged output to output/sec_filings.json
2025-05-12 11:12:08,716 - sec_monitor - INFO - Processing complete. Stats: {'input_words': 18563, 'output_words': 244, 'filings_processed': 3}
