2025-05-09 11:09:26,865 - sec_monitor - INFO - Starting SEC filing monitor 
2025-05-09 11:09:26,865 - sec_monitor - INFO - Loading S&P 500 data...
2025-05-09 11:09:26,865 - sec_monitor - INFO - Starting S&P 500 data initialization
2025-05-09 11:09:26,866 - sec_monitor - INFO - Successfully loaded 503 S&P 500 tickers
2025-05-09 11:09:26,866 - sec_monitor - INFO - Successfully loaded 503 S&P 500 tickers
2025-05-09 11:09:26,866 - sec_monitor - INFO - Initializing components...
2025-05-09 11:09:26,866 - sec_monitor - INFO - Initializing components
2025-05-09 11:09:26,866 - sec_monitor - INFO - SEC fetcher initialized
2025-05-09 11:09:26,866 - sec_monitor - INFO - Filing analyzer initialized
2025-05-09 11:09:26,866 - sec_monitor - INFO - Alpaca clients initialized
2025-05-09 11:09:26,866 - sec_monitor - INFO - All components initialized successfully
2025-05-09 11:09:26,868 - sec_monitor - INFO - Found old JSON file, archiving
2025-05-09 11:09:26,868 - sec_monitor - INFO - Starting new filing collection for today
2025-05-09 11:09:26,868 - sec_monitor - INFO - Fetching SEC filings...
2025-05-09 11:09:40,841 - sec_monitor - INFO - No more entries found
2025-05-09 11:09:40,841 - sec_monitor - INFO - Completed fetching. Found 166 total filings
2025-05-09 11:09:40,841 - sec_monitor - INFO - Found 25 new interesting filings
2025-05-09 11:09:40,841 - sec_monitor - INFO - Found 25 new filings to process
2025-05-09 11:09:40,841 - sec_monitor - INFO - Processing filing 1/25: EFX
2025-05-09 11:10:11,632 - sec_monitor - INFO - ==================================================
2025-05-09 11:10:11,633 - sec_monitor - INFO - Processing first chunk
2025-05-09 11:10:11,633 - sec_monitor - INFO - Timestamp: 2025-05-09 11:10:11
2025-05-09 11:10:11,776 - sec_monitor - INFO - token percentage = 2%
2025-05-09 11:10:11,777 - sec_monitor - INFO - Making API call - Attempt 1/3
2025-05-09 11:10:11,777 - sec_monitor - INFO - Timestamp: 2025-05-09 11:10:11
2025-05-09 11:10:13,480 - sec_monitor - INFO - API call successful
2025-05-09 11:10:14,482 - sec_monitor - INFO - Processing filing 2/25: SW
2025-05-09 11:11:37,952 - sec_monitor - INFO - ==================================================
2025-05-09 11:11:37,952 - sec_monitor - INFO - Processing first chunk
2025-05-09 11:11:37,952 - sec_monitor - INFO - Timestamp: 2025-05-09 11:11:37
2025-05-09 11:11:38,880 - sec_monitor - INFO - token percentage = 58%
2025-05-09 11:11:38,881 - sec_monitor - INFO - Making API call - Attempt 1/3
2025-05-09 11:11:38,881 - sec_monitor - INFO - Timestamp: 2025-05-09 11:11:38
2025-05-09 11:12:00,289 - sec_monitor - INFO - API call successful
2025-05-09 11:12:30,320 - sec_monitor - INFO - ==================================================
2025-05-09 11:12:30,320 - sec_monitor - INFO - Processing middle chunk
2025-05-09 11:12:30,320 - sec_monitor - INFO - Timestamp: 2025-05-09 11:12:30
2025-05-09 11:12:31,147 - sec_monitor - INFO - token percentage = 41%
2025-05-09 11:12:31,148 - sec_monitor - INFO - Making API call - Attempt 1/3
2025-05-09 11:12:31,148 - sec_monitor - INFO - Timestamp: 2025-05-09 11:12:31
2025-05-09 11:12:45,945 - sec_monitor - INFO - API call successful
2025-05-09 11:13:15,975 - sec_monitor - INFO - ==================================================
2025-05-09 11:13:15,975 - sec_monitor - INFO - Processing middle chunk
2025-05-09 11:13:15,975 - sec_monitor - INFO - Timestamp: 2025-05-09 11:13:15
2025-05-09 11:13:16,735 - sec_monitor - INFO - token percentage = 55%
2025-05-09 11:13:16,735 - sec_monitor - INFO - Making API call - Attempt 1/3
2025-05-09 11:13:16,735 - sec_monitor - INFO - Timestamp: 2025-05-09 11:13:16
2025-05-09 11:13:35,997 - sec_monitor - INFO - API call successful
2025-05-09 11:14:06,021 - sec_monitor - INFO - ==================================================
2025-05-09 11:14:06,021 - sec_monitor - INFO - Processing middle chunk
2025-05-09 11:14:06,021 - sec_monitor - INFO - Timestamp: 2025-05-09 11:14:06
2025-05-09 11:14:07,782 - sec_monitor - INFO - token percentage = 38%
2025-05-09 11:14:07,782 - sec_monitor - INFO - Making API call - Attempt 1/3
2025-05-09 11:14:07,782 - sec_monitor - INFO - Timestamp: 2025-05-09 11:14:07
2025-05-09 11:14:22,669 - sec_monitor - INFO - API call successful
2025-05-09 11:14:52,699 - sec_monitor - INFO - ==================================================
2025-05-09 11:14:52,699 - sec_monitor - INFO - Processing middle chunk
2025-05-09 11:14:52,700 - sec_monitor - INFO - Timestamp: 2025-05-09 11:14:52
2025-05-09 11:14:53,710 - sec_monitor - INFO - token percentage = 49%
2025-05-09 11:14:53,711 - sec_monitor - INFO - Making API call - Attempt 1/3
2025-05-09 11:14:53,711 - sec_monitor - INFO - Timestamp: 2025-05-09 11:14:53
2025-05-09 11:15:11,054 - sec_monitor - INFO - API call successful
2025-05-09 11:15:41,070 - sec_monitor - INFO - ==================================================
2025-05-09 11:15:41,070 - sec_monitor - INFO - Processing last chunk
2025-05-09 11:15:41,070 - sec_monitor - INFO - Timestamp: 2025-05-09 11:15:41
2025-05-09 11:15:41,271 - sec_monitor - INFO - token percentage = 24%
2025-05-09 11:15:41,272 - sec_monitor - INFO - Making API call - Attempt 1/3
2025-05-09 11:15:41,272 - sec_monitor - INFO - Timestamp: 2025-05-09 11:15:41
2025-05-09 11:15:50,108 - sec_monitor - INFO - API call successful
2025-05-09 11:15:50,108 - sec_monitor - INFO - Making combine API call - Attempt 1/3
2025-05-09 11:15:50,108 - sec_monitor - INFO - Timestamp: 2025-05-09 11:15:50
2025-05-09 11:15:51,413 - sec_monitor - INFO - Combine API call successful
2025-05-09 11:15:52,415 - sec_monitor - INFO - Processing filing 3/25: DAL
2025-05-09 11:16:22,996 - sec_monitor - INFO - ==================================================
2025-05-09 11:16:22,996 - sec_monitor - INFO - Processing first chunk
2025-05-09 11:16:22,996 - sec_monitor - INFO - Timestamp: 2025-05-09 11:16:22
2025-05-09 11:16:23,179 - sec_monitor - INFO - token percentage = 4%
2025-05-09 11:16:23,179 - sec_monitor - INFO - Making API call - Attempt 1/3
2025-05-09 11:16:23,179 - sec_monitor - INFO - Timestamp: 2025-05-09 11:16:23
2025-05-09 11:16:26,542 - sec_monitor - INFO - API call successful
2025-05-09 11:16:27,543 - sec_monitor - INFO - Processing filing 4/25: MNST
2025-05-09 11:17:29,325 - sec_monitor - INFO - ==================================================
2025-05-09 11:17:29,325 - sec_monitor - INFO - Processing first chunk
2025-05-09 11:17:29,325 - sec_monitor - INFO - Timestamp: 2025-05-09 11:17:29
2025-05-09 11:17:30,501 - sec_monitor - INFO - token percentage = 51%
2025-05-09 11:17:30,501 - sec_monitor - INFO - Making API call - Attempt 1/3
2025-05-09 11:17:30,501 - sec_monitor - INFO - Timestamp: 2025-05-09 11:17:30
2025-05-09 11:17:49,460 - sec_monitor - INFO - API call successful
2025-05-09 11:18:19,490 - sec_monitor - INFO - ==================================================
2025-05-09 11:18:19,491 - sec_monitor - INFO - Processing middle chunk
2025-05-09 11:18:19,491 - sec_monitor - INFO - Timestamp: 2025-05-09 11:18:19
2025-05-09 11:18:20,384 - sec_monitor - INFO - token percentage = 51%
2025-05-09 11:18:20,385 - sec_monitor - INFO - Making API call - Attempt 1/3
2025-05-09 11:18:20,385 - sec_monitor - INFO - Timestamp: 2025-05-09 11:18:20
2025-05-09 11:18:38,877 - sec_monitor - INFO - API call successful
2025-05-09 11:19:08,907 - sec_monitor - INFO - ==================================================
2025-05-09 11:19:08,908 - sec_monitor - INFO - Processing middle chunk
2025-05-09 11:19:08,908 - sec_monitor - INFO - Timestamp: 2025-05-09 11:19:08
2025-05-09 11:19:09,817 - sec_monitor - INFO - token percentage = 44%
2025-05-09 11:19:09,817 - sec_monitor - INFO - Making API call - Attempt 1/3
2025-05-09 11:19:09,817 - sec_monitor - INFO - Timestamp: 2025-05-09 11:19:09
2025-05-09 11:19:26,031 - sec_monitor - INFO - API call successful
2025-05-09 11:19:56,053 - sec_monitor - INFO - ==================================================
2025-05-09 11:19:56,054 - sec_monitor - INFO - Processing last chunk
2025-05-09 11:19:56,054 - sec_monitor - INFO - Timestamp: 2025-05-09 11:19:56
2025-05-09 11:19:56,529 - sec_monitor - INFO - token percentage = 28%
2025-05-09 11:19:56,530 - sec_monitor - INFO - Making API call - Attempt 1/3
2025-05-09 11:19:56,530 - sec_monitor - INFO - Timestamp: 2025-05-09 11:19:56
2025-05-09 11:20:06,797 - sec_monitor - INFO - API call successful
2025-05-09 11:20:06,798 - sec_monitor - INFO - Making combine API call - Attempt 1/3
2025-05-09 11:20:06,798 - sec_monitor - INFO - Timestamp: 2025-05-09 11:20:06
2025-05-09 11:20:07,842 - sec_monitor - INFO - Combine API call successful
2025-05-09 11:20:08,843 - sec_monitor - INFO - Processing filing 5/25: EVRG
2025-05-09 11:20:40,832 - sec_monitor - INFO - ==================================================
2025-05-09 11:20:40,832 - sec_monitor - INFO - Processing first chunk
2025-05-09 11:20:40,833 - sec_monitor - INFO - Timestamp: 2025-05-09 11:20:40
2025-05-09 11:20:41,436 - sec_monitor - INFO - token percentage = 17%
2025-05-09 11:20:41,436 - sec_monitor - INFO - Making API call - Attempt 1/3
2025-05-09 11:20:41,436 - sec_monitor - INFO - Timestamp: 2025-05-09 11:20:41
2025-05-09 11:20:48,810 - sec_monitor - INFO - API call successful
2025-05-09 11:20:49,811 - sec_monitor - INFO - Processing filing 6/25: LNT
2025-05-09 11:21:21,781 - sec_monitor - INFO - ==================================================
2025-05-09 11:21:21,781 - sec_monitor - INFO - Processing first chunk
2025-05-09 11:21:21,781 - sec_monitor - INFO - Timestamp: 2025-05-09 11:21:21
2025-05-09 11:21:22,055 - sec_monitor - INFO - token percentage = 36%
2025-05-09 11:21:22,056 - sec_monitor - INFO - Making API call - Attempt 1/3
2025-05-09 11:21:22,056 - sec_monitor - INFO - Timestamp: 2025-05-09 11:21:22
2025-05-09 11:21:34,735 - sec_monitor - INFO - API call successful
2025-05-09 11:21:35,736 - sec_monitor - INFO - Processing filing 7/25: PODD
2025-05-09 11:22:26,645 - sec_monitor - INFO - ==================================================
2025-05-09 11:22:26,645 - sec_monitor - INFO - Processing first chunk
2025-05-09 11:22:26,645 - sec_monitor - INFO - Timestamp: 2025-05-09 11:22:26
2025-05-09 11:22:27,964 - sec_monitor - INFO - token percentage = 45%
2025-05-09 11:22:27,965 - sec_monitor - INFO - Making API call - Attempt 1/3
2025-05-09 11:22:27,965 - sec_monitor - INFO - Timestamp: 2025-05-09 11:22:27
2025-05-09 11:22:44,585 - sec_monitor - INFO - API call successful
2025-05-09 11:23:14,592 - sec_monitor - INFO - ==================================================
2025-05-09 11:23:14,593 - sec_monitor - INFO - Processing middle chunk
2025-05-09 11:23:14,593 - sec_monitor - INFO - Timestamp: 2025-05-09 11:23:14
2025-05-09 11:23:15,363 - sec_monitor - INFO - token percentage = 56%
2025-05-09 11:23:15,363 - sec_monitor - INFO - Making API call - Attempt 1/3
2025-05-09 11:23:15,364 - sec_monitor - INFO - Timestamp: 2025-05-09 11:23:15
2025-05-09 11:23:36,301 - sec_monitor - INFO - API call successful
2025-05-09 11:24:06,309 - sec_monitor - INFO - ==================================================
2025-05-09 11:24:06,309 - sec_monitor - INFO - Processing last chunk
2025-05-09 11:24:06,309 - sec_monitor - INFO - Timestamp: 2025-05-09 11:24:06
2025-05-09 11:24:06,682 - sec_monitor - INFO - token percentage = 17%
2025-05-09 11:24:06,682 - sec_monitor - INFO - Making API call - Attempt 1/3
2025-05-09 11:24:06,682 - sec_monitor - INFO - Timestamp: 2025-05-09 11:24:06
2025-05-09 11:24:14,076 - sec_monitor - INFO - API call successful
2025-05-09 11:24:14,076 - sec_monitor - INFO - Making combine API call - Attempt 1/3
2025-05-09 11:24:14,076 - sec_monitor - INFO - Timestamp: 2025-05-09 11:24:14
2025-05-09 11:24:15,428 - sec_monitor - INFO - Combine API call successful
2025-05-09 11:24:16,429 - sec_monitor - INFO - Processing filing 8/25: EXPE
2025-05-09 11:25:01,391 - sec_monitor - INFO - ==================================================
2025-05-09 11:25:01,391 - sec_monitor - INFO - Processing first chunk
2025-05-09 11:25:01,391 - sec_monitor - INFO - Timestamp: 2025-05-09 11:25:01
2025-05-09 11:25:02,685 - sec_monitor - INFO - token percentage = 41%
2025-05-09 11:25:02,686 - sec_monitor - INFO - Making API call - Attempt 1/3
2025-05-09 11:25:02,686 - sec_monitor - INFO - Timestamp: 2025-05-09 11:25:02
2025-05-09 11:25:17,968 - sec_monitor - INFO - API call successful
2025-05-09 11:25:47,999 - sec_monitor - INFO - ==================================================
2025-05-09 11:25:47,999 - sec_monitor - INFO - Processing middle chunk
2025-05-09 11:25:47,999 - sec_monitor - INFO - Timestamp: 2025-05-09 11:25:47
2025-05-09 11:25:48,731 - sec_monitor - INFO - token percentage = 59%
2025-05-09 11:25:48,731 - sec_monitor - INFO - Making API call - Attempt 1/3
2025-05-09 11:25:48,731 - sec_monitor - INFO - Timestamp: 2025-05-09 11:25:48
2025-05-09 11:26:10,218 - sec_monitor - INFO - API call successful
2025-05-09 11:26:40,248 - sec_monitor - INFO - ==================================================
2025-05-09 11:26:40,248 - sec_monitor - INFO - Processing last chunk
2025-05-09 11:26:40,248 - sec_monitor - INFO - Timestamp: 2025-05-09 11:26:40
2025-05-09 11:26:40,491 - sec_monitor - INFO - token percentage = 9%
2025-05-09 11:26:40,491 - sec_monitor - INFO - Making API call - Attempt 1/3
2025-05-09 11:26:40,491 - sec_monitor - INFO - Timestamp: 2025-05-09 11:26:40
2025-05-09 11:26:44,529 - sec_monitor - INFO - API call successful
2025-05-09 11:26:44,530 - sec_monitor - INFO - Making combine API call - Attempt 1/3
2025-05-09 11:26:44,530 - sec_monitor - INFO - Timestamp: 2025-05-09 11:26:44
2025-05-09 11:26:45,514 - sec_monitor - INFO - Combine API call successful
2025-05-09 11:26:46,516 - sec_monitor - INFO - Processing filing 9/25: MCK
2025-05-09 11:28:08,192 - sec_monitor - INFO - ==================================================
2025-05-09 11:28:08,193 - sec_monitor - INFO - Processing first chunk
2025-05-09 11:28:08,193 - sec_monitor - INFO - Timestamp: 2025-05-09 11:28:08
2025-05-09 11:28:09,726 - sec_monitor - INFO - token percentage = 29%
2025-05-09 11:28:09,726 - sec_monitor - INFO - Making API call - Attempt 1/3
2025-05-09 11:28:09,726 - sec_monitor - INFO - Timestamp: 2025-05-09 11:28:09
2025-05-09 11:28:22,359 - sec_monitor - INFO - API call successful
2025-05-09 11:28:52,365 - sec_monitor - INFO - ==================================================
2025-05-09 11:28:52,365 - sec_monitor - INFO - Processing middle chunk
2025-05-09 11:28:52,366 - sec_monitor - INFO - Timestamp: 2025-05-09 11:28:52
2025-05-09 11:28:53,559 - sec_monitor - INFO - token percentage = 41%
2025-05-09 11:28:53,560 - sec_monitor - INFO - Making API call - Attempt 1/3
2025-05-09 11:28:53,560 - sec_monitor - INFO - Timestamp: 2025-05-09 11:28:53
2025-05-09 11:29:08,045 - sec_monitor - INFO - API call successful
2025-05-09 11:29:38,075 - sec_monitor - INFO - ==================================================
2025-05-09 11:29:38,075 - sec_monitor - INFO - Processing middle chunk
2025-05-09 11:29:38,075 - sec_monitor - INFO - Timestamp: 2025-05-09 11:29:38
2025-05-09 11:29:39,234 - sec_monitor - INFO - token percentage = 54%
2025-05-09 11:29:39,234 - sec_monitor - INFO - Making API call - Attempt 1/3
2025-05-09 11:29:39,234 - sec_monitor - INFO - Timestamp: 2025-05-09 11:29:39
2025-05-09 11:29:59,456 - sec_monitor - INFO - API call successful
2025-05-09 11:30:29,461 - sec_monitor - INFO - ==================================================
2025-05-09 11:30:29,461 - sec_monitor - INFO - Processing middle chunk
2025-05-09 11:30:29,461 - sec_monitor - INFO - Timestamp: 2025-05-09 11:30:29
2025-05-09 11:30:30,337 - sec_monitor - INFO - token percentage = 42%
2025-05-09 11:30:30,337 - sec_monitor - INFO - Making API call - Attempt 1/3
2025-05-09 11:30:30,337 - sec_monitor - INFO - Timestamp: 2025-05-09 11:30:30
2025-05-09 11:30:46,397 - sec_monitor - INFO - API call successful
2025-05-09 11:31:16,427 - sec_monitor - INFO - ==================================================
2025-05-09 11:31:16,427 - sec_monitor - INFO - Processing middle chunk
2025-05-09 11:31:16,427 - sec_monitor - INFO - Timestamp: 2025-05-09 11:31:16
2025-05-09 11:31:16,939 - sec_monitor - INFO - token percentage = 84%
2025-05-09 11:31:16,940 - sec_monitor - INFO - Making API call - Attempt 1/3
2025-05-09 11:31:16,940 - sec_monitor - INFO - Timestamp: 2025-05-09 11:31:16
2025-05-09 11:31:47,293 - sec_monitor - INFO - API call successful
2025-05-09 11:32:17,317 - sec_monitor - INFO - ==================================================
2025-05-09 11:32:17,317 - sec_monitor - INFO - Processing middle chunk
2025-05-09 11:32:17,317 - sec_monitor - INFO - Timestamp: 2025-05-09 11:32:17
2025-05-09 11:32:18,123 - sec_monitor - INFO - token percentage = 51%
2025-05-09 11:32:18,123 - sec_monitor - INFO - Making API call - Attempt 1/3
2025-05-09 11:32:18,123 - sec_monitor - INFO - Timestamp: 2025-05-09 11:32:18
2025-05-09 11:32:36,601 - sec_monitor - INFO - API call successful
2025-05-09 11:33:06,607 - sec_monitor - INFO - ==================================================
2025-05-09 11:33:06,607 - sec_monitor - INFO - Processing middle chunk
2025-05-09 11:33:06,607 - sec_monitor - INFO - Timestamp: 2025-05-09 11:33:06
2025-05-09 11:33:10,359 - sec_monitor - INFO - token percentage = 47%
2025-05-09 11:33:10,359 - sec_monitor - INFO - Making API call - Attempt 1/3
2025-05-09 11:33:10,359 - sec_monitor - INFO - Timestamp: 2025-05-09 11:33:10
2025-05-09 11:33:27,137 - sec_monitor - INFO - API call successful
2025-05-09 11:33:57,167 - sec_monitor - INFO - ==================================================
2025-05-09 11:33:57,167 - sec_monitor - INFO - Processing last chunk
2025-05-09 11:33:57,167 - sec_monitor - INFO - Timestamp: 2025-05-09 11:33:57
2025-05-09 11:33:57,488 - sec_monitor - INFO - token percentage = 14%
2025-05-09 11:33:57,488 - sec_monitor - INFO - Making API call - Attempt 1/3
2025-05-09 11:33:57,489 - sec_monitor - INFO - Timestamp: 2025-05-09 11:33:57
2025-05-09 11:34:03,843 - sec_monitor - INFO - API call successful
2025-05-09 11:34:03,844 - sec_monitor - INFO - Making combine API call - Attempt 1/3
2025-05-09 11:34:03,844 - sec_monitor - INFO - Timestamp: 2025-05-09 11:34:03
2025-05-09 11:34:04,862 - sec_monitor - INFO - Combine API call successful
2025-05-09 11:34:05,864 - sec_monitor - INFO - Processing filing 10/25: GILD
2025-05-09 11:34:36,297 - sec_monitor - INFO - ==================================================
2025-05-09 11:34:36,297 - sec_monitor - INFO - Processing first chunk
2025-05-09 11:34:36,297 - sec_monitor - INFO - Timestamp: 2025-05-09 11:34:36
2025-05-09 11:34:36,406 - sec_monitor - INFO - token percentage = 3%
2025-05-09 11:34:36,406 - sec_monitor - INFO - Making API call - Attempt 1/3
2025-05-09 11:34:36,406 - sec_monitor - INFO - Timestamp: 2025-05-09 11:34:36
2025-05-09 11:34:38,279 - sec_monitor - INFO - API call successful
2025-05-09 11:34:39,281 - sec_monitor - INFO - Processing filing 11/25: ALGN
2025-05-09 11:35:31,461 - sec_monitor - INFO - ==================================================
2025-05-09 11:35:31,461 - sec_monitor - INFO - Processing first chunk
2025-05-09 11:35:31,461 - sec_monitor - INFO - Timestamp: 2025-05-09 11:35:31
2025-05-09 11:35:32,403 - sec_monitor - INFO - token percentage = 44%
2025-05-09 11:35:32,404 - sec_monitor - INFO - Making API call - Attempt 1/3
2025-05-09 11:35:32,404 - sec_monitor - INFO - Timestamp: 2025-05-09 11:35:32
2025-05-09 11:35:48,724 - sec_monitor - INFO - API call successful
2025-05-09 11:36:18,733 - sec_monitor - INFO - ==================================================
2025-05-09 11:36:18,733 - sec_monitor - INFO - Processing middle chunk
2025-05-09 11:36:18,733 - sec_monitor - INFO - Timestamp: 2025-05-09 11:36:18
2025-05-09 11:36:19,454 - sec_monitor - INFO - token percentage = 57%
2025-05-09 11:36:19,454 - sec_monitor - INFO - Making API call - Attempt 1/3
2025-05-09 11:36:19,454 - sec_monitor - INFO - Timestamp: 2025-05-09 11:36:19
2025-05-09 11:36:39,956 - sec_monitor - INFO - API call successful
2025-05-09 11:37:09,987 - sec_monitor - INFO - ==================================================
2025-05-09 11:37:09,987 - sec_monitor - INFO - Processing last chunk
2025-05-09 11:37:09,987 - sec_monitor - INFO - Timestamp: 2025-05-09 11:37:09
2025-05-09 11:37:10,572 - sec_monitor - INFO - token percentage = 23%
2025-05-09 11:37:10,573 - sec_monitor - INFO - Making API call - Attempt 1/3
2025-05-09 11:37:10,573 - sec_monitor - INFO - Timestamp: 2025-05-09 11:37:10
2025-05-09 11:37:19,655 - sec_monitor - INFO - API call successful
2025-05-09 11:37:19,655 - sec_monitor - INFO - Making combine API call - Attempt 1/3
2025-05-09 11:37:19,655 - sec_monitor - INFO - Timestamp: 2025-05-09 11:37:19
2025-05-09 11:37:20,623 - sec_monitor - INFO - Combine API call successful
2025-05-09 11:37:21,624 - sec_monitor - INFO - Processing filing 12/25: EW
2025-05-09 11:37:52,042 - sec_monitor - INFO - ==================================================
2025-05-09 11:37:52,043 - sec_monitor - INFO - Processing first chunk
2025-05-09 11:37:52,043 - sec_monitor - INFO - Timestamp: 2025-05-09 11:37:52
2025-05-09 11:37:52,145 - sec_monitor - INFO - token percentage = 3%
2025-05-09 11:37:52,145 - sec_monitor - INFO - Making API call - Attempt 1/3
2025-05-09 11:37:52,145 - sec_monitor - INFO - Timestamp: 2025-05-09 11:37:52
2025-05-09 11:37:54,167 - sec_monitor - INFO - API call successful
2025-05-09 11:37:55,168 - sec_monitor - INFO - Processing filing 13/25: MOS
2025-05-09 11:38:25,676 - sec_monitor - INFO - ==================================================
2025-05-09 11:38:25,676 - sec_monitor - INFO - Processing first chunk
2025-05-09 11:38:25,676 - sec_monitor - INFO - Timestamp: 2025-05-09 11:38:25
2025-05-09 11:38:25,787 - sec_monitor - INFO - token percentage = 2%
2025-05-09 11:38:25,787 - sec_monitor - INFO - Making API call - Attempt 1/3
2025-05-09 11:38:25,787 - sec_monitor - INFO - Timestamp: 2025-05-09 11:38:25
2025-05-09 11:38:27,226 - sec_monitor - INFO - API call successful
2025-05-09 11:38:28,227 - sec_monitor - INFO - Processing filing 14/25: CTVA
2025-05-09 11:39:36,545 - sec_monitor - INFO - ==================================================
2025-05-09 11:39:36,545 - sec_monitor - INFO - Processing first chunk
2025-05-09 11:39:36,546 - sec_monitor - INFO - Timestamp: 2025-05-09 11:39:36
2025-05-09 11:39:38,496 - sec_monitor - INFO - token percentage = 40%
2025-05-09 11:39:38,496 - sec_monitor - INFO - Making API call - Attempt 1/3
2025-05-09 11:39:38,496 - sec_monitor - INFO - Timestamp: 2025-05-09 11:39:38
2025-05-09 11:39:54,111 - sec_monitor - INFO - API call successful
2025-05-09 11:40:24,117 - sec_monitor - INFO - ==================================================
2025-05-09 11:40:24,117 - sec_monitor - INFO - Processing middle chunk
2025-05-09 11:40:24,117 - sec_monitor - INFO - Timestamp: 2025-05-09 11:40:24
2025-05-09 11:40:25,089 - sec_monitor - INFO - token percentage = 61%
2025-05-09 11:40:25,089 - sec_monitor - INFO - Making API call - Attempt 1/3
2025-05-09 11:40:25,089 - sec_monitor - INFO - Timestamp: 2025-05-09 11:40:25
2025-05-09 11:40:47,434 - sec_monitor - INFO - API call successful
2025-05-09 11:41:17,464 - sec_monitor - INFO - ==================================================
2025-05-09 11:41:17,464 - sec_monitor - INFO - Processing middle chunk
2025-05-09 11:41:17,464 - sec_monitor - INFO - Timestamp: 2025-05-09 11:41:17
2025-05-09 11:41:18,219 - sec_monitor - INFO - token percentage = 48%
2025-05-09 11:41:18,219 - sec_monitor - INFO - Making API call - Attempt 1/3
2025-05-09 11:41:18,219 - sec_monitor - INFO - Timestamp: 2025-05-09 11:41:18
2025-05-09 11:41:35,820 - sec_monitor - INFO - API call successful
2025-05-09 11:42:05,848 - sec_monitor - INFO - ==================================================
2025-05-09 11:42:05,848 - sec_monitor - INFO - Processing middle chunk
2025-05-09 11:42:05,848 - sec_monitor - INFO - Timestamp: 2025-05-09 11:42:05
2025-05-09 11:42:06,566 - sec_monitor - INFO - token percentage = 49%
2025-05-09 11:42:06,566 - sec_monitor - INFO - Making API call - Attempt 1/3
2025-05-09 11:42:06,566 - sec_monitor - INFO - Timestamp: 2025-05-09 11:42:06
2025-05-09 11:42:24,389 - sec_monitor - INFO - API call successful
2025-05-09 11:42:54,419 - sec_monitor - INFO - ==================================================
2025-05-09 11:42:54,420 - sec_monitor - INFO - Processing last chunk
2025-05-09 11:42:54,420 - sec_monitor - INFO - Timestamp: 2025-05-09 11:42:54
2025-05-09 11:42:54,515 - sec_monitor - INFO - token percentage = 2%
2025-05-09 11:42:54,515 - sec_monitor - INFO - Making API call - Attempt 1/3
2025-05-09 11:42:54,515 - sec_monitor - INFO - Timestamp: 2025-05-09 11:42:54
2025-05-09 11:42:55,765 - sec_monitor - INFO - API call successful
2025-05-09 11:42:55,766 - sec_monitor - INFO - Making combine API call - Attempt 1/3
2025-05-09 11:42:55,766 - sec_monitor - INFO - Timestamp: 2025-05-09 11:42:55
2025-05-09 11:42:56,835 - sec_monitor - INFO - Combine API call successful
2025-05-09 11:42:57,836 - sec_monitor - INFO - Processing filing 15/25: TSCO
2025-05-09 11:43:39,824 - sec_monitor - INFO - ==================================================
2025-05-09 11:43:39,825 - sec_monitor - INFO - Processing first chunk
2025-05-09 11:43:39,825 - sec_monitor - INFO - Timestamp: 2025-05-09 11:43:39
2025-05-09 11:43:40,607 - sec_monitor - INFO - token percentage = 46%
2025-05-09 11:43:40,608 - sec_monitor - INFO - Making API call - Attempt 1/3
2025-05-09 11:43:40,608 - sec_monitor - INFO - Timestamp: 2025-05-09 11:43:40
2025-05-09 11:43:56,859 - sec_monitor - INFO - API call successful
2025-05-09 11:44:26,889 - sec_monitor - INFO - ==================================================
2025-05-09 11:44:26,889 - sec_monitor - INFO - Processing last chunk
2025-05-09 11:44:26,889 - sec_monitor - INFO - Timestamp: 2025-05-09 11:44:26
2025-05-09 11:44:27,459 - sec_monitor - INFO - token percentage = 52%
2025-05-09 11:44:27,459 - sec_monitor - INFO - Making API call - Attempt 1/3
2025-05-09 11:44:27,459 - sec_monitor - INFO - Timestamp: 2025-05-09 11:44:27
2025-05-09 11:44:46,067 - sec_monitor - INFO - API call successful
2025-05-09 11:44:46,067 - sec_monitor - INFO - Making combine API call - Attempt 1/3
2025-05-09 11:44:46,067 - sec_monitor - INFO - Timestamp: 2025-05-09 11:44:46
2025-05-09 11:44:47,666 - sec_monitor - INFO - Combine API call successful
2025-05-09 11:44:48,667 - sec_monitor - INFO - Processing filing 16/25: FCX
2025-05-09 11:45:50,769 - sec_monitor - INFO - ==================================================
2025-05-09 11:45:50,769 - sec_monitor - INFO - Processing first chunk
2025-05-09 11:45:50,769 - sec_monitor - INFO - Timestamp: 2025-05-09 11:45:50
2025-05-09 11:45:51,672 - sec_monitor - INFO - token percentage = 60%
2025-05-09 11:45:51,673 - sec_monitor - INFO - Making API call - Attempt 1/3
2025-05-09 11:45:51,673 - sec_monitor - INFO - Timestamp: 2025-05-09 11:45:51
2025-05-09 11:46:13,743 - sec_monitor - INFO - API call successful
2025-05-09 11:46:43,773 - sec_monitor - INFO - ==================================================
2025-05-09 11:46:43,774 - sec_monitor - INFO - Processing middle chunk
2025-05-09 11:46:43,774 - sec_monitor - INFO - Timestamp: 2025-05-09 11:46:43
2025-05-09 11:46:44,671 - sec_monitor - INFO - token percentage = 54%
2025-05-09 11:46:44,672 - sec_monitor - INFO - Making API call - Attempt 1/3
2025-05-09 11:46:44,672 - sec_monitor - INFO - Timestamp: 2025-05-09 11:46:44
2025-05-09 11:47:04,259 - sec_monitor - INFO - API call successful
2025-05-09 11:47:34,290 - sec_monitor - INFO - ==================================================
2025-05-09 11:47:34,290 - sec_monitor - INFO - Processing middle chunk
2025-05-09 11:47:34,290 - sec_monitor - INFO - Timestamp: 2025-05-09 11:47:34
2025-05-09 11:47:35,019 - sec_monitor - INFO - token percentage = 48%
2025-05-09 11:47:35,019 - sec_monitor - INFO - Making API call - Attempt 1/3
2025-05-09 11:47:35,020 - sec_monitor - INFO - Timestamp: 2025-05-09 11:47:35
2025-05-09 11:47:52,488 - sec_monitor - INFO - API call successful
2025-05-09 11:48:22,519 - sec_monitor - INFO - ==================================================
2025-05-09 11:48:22,519 - sec_monitor - INFO - Processing middle chunk
2025-05-09 11:48:22,519 - sec_monitor - INFO - Timestamp: 2025-05-09 11:48:22
2025-05-09 11:48:25,247 - sec_monitor - INFO - token percentage = 40%
2025-05-09 11:48:25,247 - sec_monitor - INFO - Making API call - Attempt 1/3
2025-05-09 11:48:25,247 - sec_monitor - INFO - Timestamp: 2025-05-09 11:48:25
2025-05-09 11:48:39,991 - sec_monitor - INFO - API call successful
2025-05-09 11:49:10,014 - sec_monitor - INFO - ==================================================
2025-05-09 11:49:10,015 - sec_monitor - INFO - Processing last chunk
2025-05-09 11:49:10,015 - sec_monitor - INFO - Timestamp: 2025-05-09 11:49:10
2025-05-09 11:49:10,323 - sec_monitor - INFO - token percentage = 20%
2025-05-09 11:49:10,323 - sec_monitor - INFO - Making API call - Attempt 1/3
2025-05-09 11:49:10,324 - sec_monitor - INFO - Timestamp: 2025-05-09 11:49:10
2025-05-09 11:49:17,964 - sec_monitor - INFO - API call successful
2025-05-09 11:49:17,964 - sec_monitor - INFO - Making combine API call - Attempt 1/3
2025-05-09 11:49:17,965 - sec_monitor - INFO - Timestamp: 2025-05-09 11:49:17
2025-05-09 11:49:19,288 - sec_monitor - INFO - Combine API call successful
2025-05-09 11:49:20,289 - sec_monitor - INFO - Processing filing 17/25: WST
2025-05-09 11:50:07,412 - sec_monitor - INFO - ==================================================
2025-05-09 11:50:07,412 - sec_monitor - INFO - Processing first chunk
2025-05-09 11:50:07,412 - sec_monitor - INFO - Timestamp: 2025-05-09 11:50:07
2025-05-09 11:50:07,766 - sec_monitor - INFO - token percentage = 48%
2025-05-09 11:50:07,766 - sec_monitor - INFO - Making API call - Attempt 1/3
2025-05-09 11:50:07,767 - sec_monitor - INFO - Timestamp: 2025-05-09 11:50:07
2025-05-09 11:50:24,455 - sec_monitor - INFO - API call successful
2025-05-09 11:50:54,461 - sec_monitor - INFO - ==================================================
2025-05-09 11:50:54,461 - sec_monitor - INFO - Processing middle chunk
2025-05-09 11:50:54,461 - sec_monitor - INFO - Timestamp: 2025-05-09 11:50:54
2025-05-09 11:50:54,802 - sec_monitor - INFO - token percentage = 51%
2025-05-09 11:50:54,802 - sec_monitor - INFO - Making API call - Attempt 1/3
2025-05-09 11:50:54,802 - sec_monitor - INFO - Timestamp: 2025-05-09 11:50:54
2025-05-09 11:51:11,937 - sec_monitor - INFO - API call successful
2025-05-09 11:51:41,941 - sec_monitor - INFO - ==================================================
2025-05-09 11:51:41,941 - sec_monitor - INFO - Processing middle chunk
2025-05-09 11:51:41,941 - sec_monitor - INFO - Timestamp: 2025-05-09 11:51:41
2025-05-09 11:51:42,311 - sec_monitor - INFO - token percentage = 51%
2025-05-09 11:51:42,311 - sec_monitor - INFO - Making API call - Attempt 1/3
2025-05-09 11:51:42,311 - sec_monitor - INFO - Timestamp: 2025-05-09 11:51:42
2025-05-09 11:51:59,457 - sec_monitor - INFO - API call successful
2025-05-09 11:52:29,488 - sec_monitor - INFO - ==================================================
2025-05-09 11:52:29,488 - sec_monitor - INFO - Processing last chunk
2025-05-09 11:52:29,488 - sec_monitor - INFO - Timestamp: 2025-05-09 11:52:29
2025-05-09 11:52:29,619 - sec_monitor - INFO - token percentage = 10%
2025-05-09 11:52:29,619 - sec_monitor - INFO - Making API call - Attempt 1/3
2025-05-09 11:52:29,619 - sec_monitor - INFO - Timestamp: 2025-05-09 11:52:29
2025-05-09 11:52:33,277 - sec_monitor - INFO - API call successful
2025-05-09 11:52:33,277 - sec_monitor - INFO - Making combine API call - Attempt 1/3
2025-05-09 11:52:33,277 - sec_monitor - INFO - Timestamp: 2025-05-09 11:52:33
2025-05-09 11:52:34,154 - sec_monitor - INFO - Combine API call successful
2025-05-09 11:52:35,156 - sec_monitor - INFO - Processing filing 18/25: FTNT
2025-05-09 11:53:38,312 - sec_monitor - INFO - ==================================================
2025-05-09 11:53:38,312 - sec_monitor - INFO - Processing first chunk
2025-05-09 11:53:38,312 - sec_monitor - INFO - Timestamp: 2025-05-09 11:53:38
2025-05-09 11:53:39,343 - sec_monitor - INFO - token percentage = 43%
2025-05-09 11:53:39,344 - sec_monitor - INFO - Making API call - Attempt 1/3
2025-05-09 11:53:39,344 - sec_monitor - INFO - Timestamp: 2025-05-09 11:53:39
2025-05-09 11:53:55,917 - sec_monitor - INFO - API call successful
2025-05-09 11:54:25,943 - sec_monitor - INFO - ==================================================
2025-05-09 11:54:25,943 - sec_monitor - INFO - Processing middle chunk
2025-05-09 11:54:25,943 - sec_monitor - INFO - Timestamp: 2025-05-09 11:54:25
2025-05-09 11:54:26,627 - sec_monitor - INFO - token percentage = 58%
2025-05-09 11:54:26,627 - sec_monitor - INFO - Making API call - Attempt 1/3
2025-05-09 11:54:26,627 - sec_monitor - INFO - Timestamp: 2025-05-09 11:54:26
2025-05-09 11:54:47,741 - sec_monitor - INFO - API call successful
2025-05-09 11:55:17,772 - sec_monitor - INFO - ==================================================
2025-05-09 11:55:17,772 - sec_monitor - INFO - Processing last chunk
2025-05-09 11:55:17,772 - sec_monitor - INFO - Timestamp: 2025-05-09 11:55:17
2025-05-09 11:55:18,657 - sec_monitor - INFO - token percentage = 41%
2025-05-09 11:55:18,658 - sec_monitor - INFO - Making API call - Attempt 1/3
2025-05-09 11:55:18,658 - sec_monitor - INFO - Timestamp: 2025-05-09 11:55:18
2025-05-09 11:55:33,492 - sec_monitor - INFO - API call successful
2025-05-09 11:55:33,492 - sec_monitor - INFO - Making combine API call - Attempt 1/3
2025-05-09 11:55:33,492 - sec_monitor - INFO - Timestamp: 2025-05-09 11:55:33
2025-05-09 11:55:34,865 - sec_monitor - INFO - Combine API call successful
2025-05-09 11:55:35,867 - sec_monitor - INFO - Processing filing 19/25: DHR
2025-05-09 11:56:06,997 - sec_monitor - INFO - ==================================================
2025-05-09 11:56:06,997 - sec_monitor - INFO - Processing first chunk
2025-05-09 11:56:06,997 - sec_monitor - INFO - Timestamp: 2025-05-09 11:56:06
2025-05-09 11:56:07,155 - sec_monitor - INFO - token percentage = 5%
2025-05-09 11:56:07,155 - sec_monitor - INFO - Making API call - Attempt 1/3
2025-05-09 11:56:07,155 - sec_monitor - INFO - Timestamp: 2025-05-09 11:56:07
2025-05-09 11:56:10,716 - sec_monitor - INFO - API call successful
2025-05-09 11:56:11,717 - sec_monitor - INFO - Processing filing 20/25: LLY
2025-05-09 11:56:42,757 - sec_monitor - INFO - ==================================================
2025-05-09 11:56:42,757 - sec_monitor - INFO - Processing first chunk
2025-05-09 11:56:42,757 - sec_monitor - INFO - Timestamp: 2025-05-09 11:56:42
2025-05-09 11:56:43,443 - sec_monitor - INFO - token percentage = 4%
2025-05-09 11:56:43,443 - sec_monitor - INFO - Making API call - Attempt 1/3
2025-05-09 11:56:43,443 - sec_monitor - INFO - Timestamp: 2025-05-09 11:56:43
2025-05-09 11:56:47,206 - sec_monitor - INFO - API call successful
2025-05-09 11:56:48,208 - sec_monitor - INFO - Processing filing 21/25: LKQ
2025-05-09 11:57:18,805 - sec_monitor - INFO - ==================================================
2025-05-09 11:57:18,805 - sec_monitor - INFO - Processing first chunk
2025-05-09 11:57:18,805 - sec_monitor - INFO - Timestamp: 2025-05-09 11:57:18
2025-05-09 11:57:19,075 - sec_monitor - INFO - token percentage = 3%
2025-05-09 11:57:19,076 - sec_monitor - INFO - Making API call - Attempt 1/3
2025-05-09 11:57:19,076 - sec_monitor - INFO - Timestamp: 2025-05-09 11:57:19
2025-05-09 11:57:21,606 - sec_monitor - INFO - API call successful
2025-05-09 11:57:22,607 - sec_monitor - INFO - Processing filing 22/25: URI
2025-05-09 11:57:53,330 - sec_monitor - INFO - ==================================================
2025-05-09 11:57:53,331 - sec_monitor - INFO - Processing first chunk
2025-05-09 11:57:53,331 - sec_monitor - INFO - Timestamp: 2025-05-09 11:57:53
2025-05-09 11:57:53,603 - sec_monitor - INFO - token percentage = 3%
2025-05-09 11:57:53,603 - sec_monitor - INFO - Making API call - Attempt 1/3
2025-05-09 11:57:53,604 - sec_monitor - INFO - Timestamp: 2025-05-09 11:57:53
2025-05-09 11:57:55,630 - sec_monitor - INFO - API call successful
2025-05-09 11:57:56,632 - sec_monitor - INFO - Processing filing 23/25: SBUX
2025-05-09 11:58:29,139 - sec_monitor - INFO - ==================================================
2025-05-09 11:58:29,139 - sec_monitor - INFO - Processing first chunk
2025-05-09 11:58:29,140 - sec_monitor - INFO - Timestamp: 2025-05-09 11:58:29
2025-05-09 11:58:30,110 - sec_monitor - INFO - token percentage = 26%
2025-05-09 11:58:30,111 - sec_monitor - INFO - Making API call - Attempt 1/3
2025-05-09 11:58:30,111 - sec_monitor - INFO - Timestamp: 2025-05-09 11:58:30
2025-05-09 11:58:41,281 - sec_monitor - INFO - API call successful
2025-05-09 11:58:42,283 - sec_monitor - INFO - Processing filing 24/25: TECH
2025-05-09 11:59:54,741 - sec_monitor - INFO - ==================================================
2025-05-09 11:59:54,741 - sec_monitor - INFO - Processing first chunk
2025-05-09 11:59:54,741 - sec_monitor - INFO - Timestamp: 2025-05-09 11:59:54
2025-05-09 11:59:58,895 - sec_monitor - INFO - token percentage = 49%
2025-05-09 11:59:58,896 - sec_monitor - INFO - Making API call - Attempt 1/3
2025-05-09 11:59:58,896 - sec_monitor - INFO - Timestamp: 2025-05-09 11:59:58
2025-05-09 12:00:16,465 - sec_monitor - INFO - API call successful
2025-05-09 12:00:46,471 - sec_monitor - INFO - ==================================================
2025-05-09 12:00:46,472 - sec_monitor - INFO - Processing middle chunk
2025-05-09 12:00:46,472 - sec_monitor - INFO - Timestamp: 2025-05-09 12:00:46
2025-05-09 12:00:47,739 - sec_monitor - INFO - token percentage = 60%
2025-05-09 12:00:47,740 - sec_monitor - INFO - Making API call - Attempt 1/3
2025-05-09 12:00:47,740 - sec_monitor - INFO - Timestamp: 2025-05-09 12:00:47
2025-05-09 12:01:10,117 - sec_monitor - INFO - API call successful
2025-05-09 12:01:40,147 - sec_monitor - INFO - ==================================================
2025-05-09 12:01:40,148 - sec_monitor - INFO - Processing middle chunk
2025-05-09 12:01:40,148 - sec_monitor - INFO - Timestamp: 2025-05-09 12:01:40
2025-05-09 12:01:41,627 - sec_monitor - INFO - token percentage = 45%
2025-05-09 12:01:41,628 - sec_monitor - INFO - Making API call - Attempt 1/3
2025-05-09 12:01:41,628 - sec_monitor - INFO - Timestamp: 2025-05-09 12:01:41
2025-05-09 12:01:59,226 - sec_monitor - INFO - API call successful
2025-05-09 12:02:29,256 - sec_monitor - INFO - ==================================================
2025-05-09 12:02:29,257 - sec_monitor - INFO - Processing middle chunk
2025-05-09 12:02:29,257 - sec_monitor - INFO - Timestamp: 2025-05-09 12:02:29
2025-05-09 12:02:30,748 - sec_monitor - INFO - token percentage = 46%
2025-05-09 12:02:30,748 - sec_monitor - INFO - Making API call - Attempt 1/3
2025-05-09 12:02:30,748 - sec_monitor - INFO - Timestamp: 2025-05-09 12:02:30
2025-05-09 12:02:47,517 - sec_monitor - INFO - API call successful
2025-05-09 12:03:17,541 - sec_monitor - INFO - ==================================================
2025-05-09 12:03:17,541 - sec_monitor - INFO - Processing last chunk
2025-05-09 12:03:17,541 - sec_monitor - INFO - Timestamp: 2025-05-09 12:03:17
2025-05-09 12:03:17,908 - sec_monitor - INFO - token percentage = 3%
2025-05-09 12:03:17,909 - sec_monitor - INFO - Making API call - Attempt 1/3
2025-05-09 12:03:17,909 - sec_monitor - INFO - Timestamp: 2025-05-09 12:03:17
2025-05-09 12:03:20,035 - sec_monitor - INFO - API call successful
2025-05-09 12:03:20,035 - sec_monitor - INFO - Making combine API call - Attempt 1/3
2025-05-09 12:03:20,035 - sec_monitor - INFO - Timestamp: 2025-05-09 12:03:20
2025-05-09 12:03:21,443 - sec_monitor - INFO - Combine API call successful
2025-05-09 12:03:22,445 - sec_monitor - INFO - Processing filing 25/25: ADP
2025-05-09 12:03:54,007 - sec_monitor - INFO - ==================================================
2025-05-09 12:03:54,008 - sec_monitor - INFO - Processing first chunk
2025-05-09 12:03:54,008 - sec_monitor - INFO - Timestamp: 2025-05-09 12:03:54
2025-05-09 12:03:54,660 - sec_monitor - INFO - token percentage = 11%
2025-05-09 12:03:54,661 - sec_monitor - INFO - Making API call - Attempt 1/3
2025-05-09 12:03:54,661 - sec_monitor - INFO - Timestamp: 2025-05-09 12:03:54
2025-05-09 12:04:01,620 - sec_monitor - INFO - API call successful
2025-05-09 12:04:02,622 - sec_monitor - INFO - Fetching supplementary data...
2025-05-09 12:04:02,797 - sec_monitor - INFO - filing_tickers type: <class 'list'>
2025-05-09 12:04:02,797 - sec_monitor - INFO - filing_data type: <class 'list'>
2025-05-09 12:04:02,798 - sec_monitor - INFO - Market open: False
2025-05-09 12:04:02,798 - sec_monitor - INFO - Number of filing times mapped: 25
2025-05-09 12:04:02,817 - sec_monitor - INFO - Last trading day: 2025-05-09
2025-05-09 12:04:02,817 - sec_monitor - INFO - Processing ticker: EFX
2025-05-09 12:04:03,267 - sec_monitor - INFO - Number of bars for EFX: 4
2025-05-09 12:04:03,267 - sec_monitor - INFO - Last bar close for EFX: 271.5
2025-05-09 12:04:03,267 - sec_monitor - INFO - Outside market hours price for EFX: 271.5
2025-05-09 12:04:03,267 - sec_monitor - INFO - Processing ticker: SW
2025-05-09 12:04:03,287 - sec_monitor - INFO - Number of bars for SW: 4
2025-05-09 12:04:03,287 - sec_monitor - INFO - Last bar close for SW: 41.68
2025-05-09 12:04:03,287 - sec_monitor - INFO - Outside market hours price for SW: 41.68
2025-05-09 12:04:03,287 - sec_monitor - INFO - Processing ticker: DAL
2025-05-09 12:04:03,302 - sec_monitor - INFO - Number of bars for DAL: 4
2025-05-09 12:04:03,302 - sec_monitor - INFO - Last bar close for DAL: 48.55
2025-05-09 12:04:03,302 - sec_monitor - INFO - Outside market hours price for DAL: 48.55
2025-05-09 12:04:03,303 - sec_monitor - INFO - Processing ticker: MNST
2025-05-09 12:04:03,325 - sec_monitor - INFO - Number of bars for MNST: 4
2025-05-09 12:04:03,325 - sec_monitor - INFO - Last bar close for MNST: 60.12
2025-05-09 12:04:03,325 - sec_monitor - INFO - Outside market hours price for MNST: 60.12
2025-05-09 12:04:03,325 - sec_monitor - INFO - Processing ticker: EVRG
2025-05-09 12:04:03,392 - sec_monitor - INFO - Number of bars for EVRG: 4
2025-05-09 12:04:03,393 - sec_monitor - INFO - Last bar close for EVRG: 66.59
2025-05-09 12:04:03,393 - sec_monitor - INFO - Outside market hours price for EVRG: 66.59
2025-05-09 12:04:03,393 - sec_monitor - INFO - Processing ticker: LNT
2025-05-09 12:04:03,413 - sec_monitor - INFO - Number of bars for LNT: 4
2025-05-09 12:04:03,413 - sec_monitor - INFO - Last bar close for LNT: 61.05
2025-05-09 12:04:03,413 - sec_monitor - INFO - Outside market hours price for LNT: 61.05
2025-05-09 12:04:03,413 - sec_monitor - INFO - Processing ticker: PODD
2025-05-09 12:04:03,433 - sec_monitor - INFO - Number of bars for PODD: 4
2025-05-09 12:04:03,433 - sec_monitor - INFO - Last bar close for PODD: 257.18
2025-05-09 12:04:03,433 - sec_monitor - INFO - Outside market hours price for PODD: 257.18
2025-05-09 12:04:03,433 - sec_monitor - INFO - Processing ticker: EXPE
2025-05-09 12:04:03,482 - sec_monitor - INFO - Number of bars for EXPE: 4
2025-05-09 12:04:03,482 - sec_monitor - INFO - Last bar close for EXPE: 169.14
2025-05-09 12:04:03,483 - sec_monitor - INFO - Outside market hours price for EXPE: 169.14
2025-05-09 12:04:03,483 - sec_monitor - INFO - Processing ticker: MCK
2025-05-09 12:04:03,505 - sec_monitor - INFO - Number of bars for MCK: 4
2025-05-09 12:04:03,505 - sec_monitor - INFO - Last bar close for MCK: 690.23
2025-05-09 12:04:03,505 - sec_monitor - INFO - Outside market hours price for MCK: 690.23
2025-05-09 12:04:03,505 - sec_monitor - INFO - Processing ticker: GILD
2025-05-09 12:04:03,525 - sec_monitor - INFO - Number of bars for GILD: 4
2025-05-09 12:04:03,525 - sec_monitor - INFO - Last bar close for GILD: 98.21
2025-05-09 12:04:03,525 - sec_monitor - INFO - Outside market hours price for GILD: 98.21
2025-05-09 12:04:03,525 - sec_monitor - INFO - Processing ticker: ALGN
2025-05-09 12:04:03,541 - sec_monitor - INFO - Number of bars for ALGN: 4
2025-05-09 12:04:03,541 - sec_monitor - INFO - Last bar close for ALGN: 180.915
2025-05-09 12:04:03,541 - sec_monitor - INFO - Outside market hours price for ALGN: 180.915
2025-05-09 12:04:03,541 - sec_monitor - INFO - Processing ticker: EW
2025-05-09 12:04:03,613 - sec_monitor - INFO - Number of bars for EW: 4
2025-05-09 12:04:03,613 - sec_monitor - INFO - Last bar close for EW: 74.64
2025-05-09 12:04:03,613 - sec_monitor - INFO - Outside market hours price for EW: 74.64
2025-05-09 12:04:03,613 - sec_monitor - INFO - Processing ticker: MOS
2025-05-09 12:04:03,636 - sec_monitor - INFO - Number of bars for MOS: 4
2025-05-09 12:04:03,636 - sec_monitor - INFO - Last bar close for MOS: 32.29
2025-05-09 12:04:03,636 - sec_monitor - INFO - Outside market hours price for MOS: 32.29
2025-05-09 12:04:03,636 - sec_monitor - INFO - Processing ticker: CTVA
2025-05-09 12:04:03,653 - sec_monitor - INFO - Number of bars for CTVA: 4
2025-05-09 12:04:03,653 - sec_monitor - INFO - Last bar close for CTVA: 66.88
2025-05-09 12:04:03,653 - sec_monitor - INFO - Outside market hours price for CTVA: 66.88
2025-05-09 12:04:03,654 - sec_monitor - INFO - Processing ticker: TSCO
2025-05-09 12:04:03,675 - sec_monitor - INFO - Number of bars for TSCO: 4
2025-05-09 12:04:03,675 - sec_monitor - INFO - Last bar close for TSCO: 51.41
2025-05-09 12:04:03,675 - sec_monitor - INFO - Outside market hours price for TSCO: 51.41
2025-05-09 12:04:03,675 - sec_monitor - INFO - Processing ticker: FCX
2025-05-09 12:04:03,711 - sec_monitor - INFO - Number of bars for FCX: 4
2025-05-09 12:04:03,711 - sec_monitor - INFO - Last bar close for FCX: 37.5
2025-05-09 12:04:03,711 - sec_monitor - INFO - Outside market hours price for FCX: 37.5
2025-05-09 12:04:03,711 - sec_monitor - INFO - Processing ticker: WST
2025-05-09 12:04:03,748 - sec_monitor - INFO - Number of bars for WST: 4
2025-05-09 12:04:03,748 - sec_monitor - INFO - Last bar close for WST: 214.45
2025-05-09 12:04:03,748 - sec_monitor - INFO - Outside market hours price for WST: 214.45
2025-05-09 12:04:03,748 - sec_monitor - INFO - Processing ticker: FTNT
2025-05-09 12:04:03,803 - sec_monitor - INFO - Number of bars for FTNT: 4
2025-05-09 12:04:03,803 - sec_monitor - INFO - Last bar close for FTNT: 97.71
2025-05-09 12:04:03,804 - sec_monitor - INFO - Outside market hours price for FTNT: 97.71
2025-05-09 12:04:03,804 - sec_monitor - INFO - Processing ticker: DHR
2025-05-09 12:04:03,818 - sec_monitor - INFO - Number of bars for DHR: 4
2025-05-09 12:04:03,818 - sec_monitor - INFO - Last bar close for DHR: 194.83
2025-05-09 12:04:03,818 - sec_monitor - INFO - Outside market hours price for DHR: 194.83
2025-05-09 12:04:03,819 - sec_monitor - INFO - Processing ticker: LLY
2025-05-09 12:04:03,836 - sec_monitor - INFO - Number of bars for LLY: 4
2025-05-09 12:04:03,836 - sec_monitor - INFO - Last bar close for LLY: 751.52
2025-05-09 12:04:03,836 - sec_monitor - INFO - Outside market hours price for LLY: 751.52
2025-05-09 12:04:03,836 - sec_monitor - INFO - Processing ticker: LKQ
2025-05-09 12:04:03,855 - sec_monitor - INFO - Number of bars for LKQ: 4
2025-05-09 12:04:03,855 - sec_monitor - INFO - Last bar close for LKQ: 40.05
2025-05-09 12:04:03,855 - sec_monitor - INFO - Outside market hours price for LKQ: 40.05
2025-05-09 12:04:03,856 - sec_monitor - INFO - Processing ticker: URI
2025-05-09 12:04:03,874 - sec_monitor - INFO - Number of bars for URI: 4
2025-05-09 12:04:03,874 - sec_monitor - INFO - Last bar close for URI: 670.24
2025-05-09 12:04:03,874 - sec_monitor - INFO - Outside market hours price for URI: 670.24
2025-05-09 12:04:03,874 - sec_monitor - INFO - Processing ticker: SBUX
2025-05-09 12:04:03,904 - sec_monitor - INFO - Number of bars for SBUX: 4
2025-05-09 12:04:03,904 - sec_monitor - INFO - Last bar close for SBUX: 82.19
2025-05-09 12:04:03,904 - sec_monitor - INFO - Outside market hours price for SBUX: 82.19
2025-05-09 12:04:03,904 - sec_monitor - INFO - Processing ticker: TECH
2025-05-09 12:04:03,931 - sec_monitor - INFO - Number of bars for TECH: 4
2025-05-09 12:04:03,931 - sec_monitor - INFO - Last bar close for TECH: 49.765
2025-05-09 12:04:03,932 - sec_monitor - INFO - Outside market hours price for TECH: 49.765
2025-05-09 12:04:03,932 - sec_monitor - INFO - Processing ticker: ADP
2025-05-09 12:04:03,949 - sec_monitor - INFO - Number of bars for ADP: 4
2025-05-09 12:04:03,949 - sec_monitor - INFO - Last bar close for ADP: 307.01
2025-05-09 12:04:03,949 - sec_monitor - INFO - Outside market hours price for ADP: 307.01
2025-05-09 12:04:09,526 - sec_monitor - INFO - Generating final output...
2025-05-09 12:04:09,527 - sec_monitor - INFO - Successfully saved/merged output to output/sec_filings.json
2025-05-09 12:04:09,527 - sec_monitor - INFO - Processing complete. Stats: {'input_words': 3110158, 'output_words': 1869, 'filings_processed': 25}
2025-05-09 12:39:31,607 - sec_monitor - INFO - Starting SEC filing monitor 
2025-05-09 12:39:31,607 - sec_monitor - INFO - Loading S&P 500 data...
2025-05-09 12:39:31,607 - sec_monitor - INFO - Starting S&P 500 data initialization
2025-05-09 12:39:31,607 - sec_monitor - INFO - Successfully loaded 503 S&P 500 tickers
2025-05-09 12:39:31,607 - sec_monitor - INFO - Successfully loaded 503 S&P 500 tickers
2025-05-09 12:39:31,607 - sec_monitor - INFO - Initializing components...
2025-05-09 12:39:31,608 - sec_monitor - INFO - Initializing components
2025-05-09 12:39:31,608 - sec_monitor - INFO - SEC fetcher initialized
2025-05-09 12:39:31,608 - sec_monitor - INFO - Filing analyzer initialized
2025-05-09 12:39:31,608 - sec_monitor - INFO - Alpaca clients initialized
2025-05-09 12:39:31,608 - sec_monitor - INFO - All components initialized successfully
2025-05-09 12:39:31,609 - sec_monitor - INFO - Found JSON file from today
2025-05-09 12:39:31,609 - sec_monitor - INFO - Found 25 previously processed accessions and 25 filing URLs
2025-05-09 12:39:31,609 - sec_monitor - INFO - Found 25 accession numbers and 25 URLs from previously processed filings
2025-05-09 12:39:31,609 - sec_monitor - INFO - Fetching SEC filings...
2025-05-09 12:40:02,838 - sec_monitor - INFO - No more entries found
2025-05-09 12:40:02,839 - sec_monitor - INFO - Completed fetching. Found 152 total filings
2025-05-09 12:40:02,839 - sec_monitor - INFO - Found 2 new interesting filings
2025-05-09 12:40:02,839 - sec_monitor - INFO - Found 2 new filings to process
2025-05-09 12:40:02,839 - sec_monitor - INFO - Processing filing 1/2: D
2025-05-09 12:40:46,384 - sec_monitor - INFO - ==================================================
2025-05-09 12:40:46,384 - sec_monitor - INFO - Processing first chunk
2025-05-09 12:40:46,384 - sec_monitor - INFO - Timestamp: 2025-05-09 12:40:46
2025-05-09 12:40:46,537 - sec_monitor - INFO - token percentage = 2%
2025-05-09 12:40:46,537 - sec_monitor - INFO - Making API call - Attempt 1/3
2025-05-09 12:40:46,537 - sec_monitor - INFO - Timestamp: 2025-05-09 12:40:46
2025-05-09 12:40:48,397 - sec_monitor - INFO - API call successful
2025-05-09 12:40:49,399 - sec_monitor - INFO - Processing filing 2/2: VLO
2025-05-09 12:41:19,873 - sec_monitor - INFO - ==================================================
2025-05-09 12:41:19,874 - sec_monitor - INFO - Processing first chunk
2025-05-09 12:41:19,874 - sec_monitor - INFO - Timestamp: 2025-05-09 12:41:19
2025-05-09 12:41:20,314 - sec_monitor - INFO - token percentage = 3%
2025-05-09 12:41:20,314 - sec_monitor - INFO - Making API call - Attempt 1/3
2025-05-09 12:41:20,314 - sec_monitor - INFO - Timestamp: 2025-05-09 12:41:20
2025-05-09 12:41:22,216 - sec_monitor - INFO - API call successful
2025-05-09 12:41:23,218 - sec_monitor - INFO - Fetching supplementary data...
2025-05-09 12:41:23,583 - sec_monitor - INFO - filing_tickers type: <class 'list'>
2025-05-09 12:41:23,583 - sec_monitor - INFO - filing_data type: <class 'list'>
2025-05-09 12:41:23,583 - sec_monitor - INFO - Market open: False
2025-05-09 12:41:23,583 - sec_monitor - INFO - Number of filing times mapped: 2
2025-05-09 12:41:23,604 - sec_monitor - INFO - Last trading day: 2025-05-09
2025-05-09 12:41:23,604 - sec_monitor - INFO - Processing ticker: D
2025-05-09 12:41:24,033 - sec_monitor - INFO - Number of bars for D: 4
2025-05-09 12:41:24,033 - sec_monitor - INFO - Last bar close for D: 55.02
2025-05-09 12:41:24,033 - sec_monitor - INFO - Outside market hours price for D: 55.02
2025-05-09 12:41:24,033 - sec_monitor - INFO - Processing ticker: VLO
2025-05-09 12:41:24,066 - sec_monitor - INFO - Number of bars for VLO: 4
2025-05-09 12:41:24,066 - sec_monitor - INFO - Last bar close for VLO: 121.745
2025-05-09 12:41:24,066 - sec_monitor - INFO - Outside market hours price for VLO: 121.745
2025-05-09 12:41:24,555 - sec_monitor - INFO - Generating final output...
2025-05-09 12:41:24,556 - sec_monitor - INFO - Successfully merged 2 new filings with existing JSON
2025-05-09 12:41:24,556 - sec_monitor - INFO - Cumulative stats - Input words: 3117876, Output words: 2024
2025-05-09 12:41:24,556 - sec_monitor - INFO - Successfully saved/merged output to output/sec_filings.json
2025-05-09 12:41:24,556 - sec_monitor - INFO - Processing complete. Stats: {'input_words': 7718, 'output_words': 155, 'filings_processed': 2}
2025-05-09 13:31:06,454 - sec_monitor - INFO - Starting SEC filing monitor 
2025-05-09 13:31:06,454 - sec_monitor - INFO - Loading S&P 500 data...
2025-05-09 13:31:06,454 - sec_monitor - INFO - Starting S&P 500 data initialization
2025-05-09 13:31:06,454 - sec_monitor - INFO - Successfully loaded 503 S&P 500 tickers
2025-05-09 13:31:06,455 - sec_monitor - INFO - Successfully loaded 503 S&P 500 tickers
2025-05-09 13:31:06,455 - sec_monitor - INFO - Initializing components...
2025-05-09 13:31:06,455 - sec_monitor - INFO - Initializing components
2025-05-09 13:31:06,455 - sec_monitor - INFO - SEC fetcher initialized
2025-05-09 13:31:06,455 - sec_monitor - INFO - Filing analyzer initialized
2025-05-09 13:31:06,455 - sec_monitor - INFO - Alpaca clients initialized
2025-05-09 13:31:06,455 - sec_monitor - INFO - All components initialized successfully
2025-05-09 13:31:06,456 - sec_monitor - INFO - Found JSON file from today
2025-05-09 13:31:06,456 - sec_monitor - INFO - Found 27 previously processed accessions and 27 filing URLs
2025-05-09 13:31:06,457 - sec_monitor - INFO - Found 27 accession numbers and 27 URLs from previously processed filings
2025-05-09 13:31:06,457 - sec_monitor - INFO - Fetching SEC filings...
2025-05-09 13:31:29,609 - sec_monitor - INFO - No more entries found
2025-05-09 13:31:29,609 - sec_monitor - INFO - Completed fetching. Found 131 total filings
2025-05-09 13:31:29,609 - sec_monitor - INFO - Found 3 new interesting filings
2025-05-09 13:31:29,609 - sec_monitor - INFO - Found 3 new filings to process
2025-05-09 13:31:29,610 - sec_monitor - INFO - Processing filing 1/3: CSGP
2025-05-09 13:36:26,420 - sec_monitor - INFO - ==================================================
2025-05-09 13:36:26,420 - sec_monitor - INFO - Processing first chunk
2025-05-09 13:36:26,420 - sec_monitor - INFO - Timestamp: 2025-05-09 13:36:26
2025-05-09 13:36:27,200 - sec_monitor - INFO - token percentage = 36%
2025-05-09 13:36:27,201 - sec_monitor - INFO - Making API call - Attempt 1/3
2025-05-09 13:36:27,201 - sec_monitor - INFO - Timestamp: 2025-05-09 13:36:27
2025-05-09 13:36:40,670 - sec_monitor - INFO - API call successful
2025-05-09 13:37:10,701 - sec_monitor - INFO - ==================================================
2025-05-09 13:37:10,701 - sec_monitor - INFO - Processing middle chunk
2025-05-09 13:37:10,701 - sec_monitor - INFO - Timestamp: 2025-05-09 13:37:10
2025-05-09 13:37:11,816 - sec_monitor - INFO - token percentage = 51%
2025-05-09 13:37:11,817 - sec_monitor - INFO - Making API call - Attempt 1/3
2025-05-09 13:37:11,817 - sec_monitor - INFO - Timestamp: 2025-05-09 13:37:11
2025-05-09 13:37:29,838 - sec_monitor - INFO - API call successful
2025-05-09 13:37:59,845 - sec_monitor - INFO - ==================================================
2025-05-09 13:37:59,845 - sec_monitor - INFO - Processing middle chunk
2025-05-09 13:37:59,845 - sec_monitor - INFO - Timestamp: 2025-05-09 13:37:59
2025-05-09 13:38:00,537 - sec_monitor - INFO - token percentage = 51%
2025-05-09 13:38:00,537 - sec_monitor - INFO - Making API call - Attempt 1/3
2025-05-09 13:38:00,537 - sec_monitor - INFO - Timestamp: 2025-05-09 13:38:00
2025-05-09 13:38:18,770 - sec_monitor - INFO - API call successful
2025-05-09 13:38:48,800 - sec_monitor - INFO - ==================================================
2025-05-09 13:38:48,800 - sec_monitor - INFO - Processing middle chunk
2025-05-09 13:38:48,800 - sec_monitor - INFO - Timestamp: 2025-05-09 13:38:48
2025-05-09 13:38:56,496 - sec_monitor - INFO - token percentage = 51%
2025-05-09 13:38:56,496 - sec_monitor - INFO - Making API call - Attempt 1/3
2025-05-09 13:38:56,496 - sec_monitor - INFO - Timestamp: 2025-05-09 13:38:56
2025-05-09 13:39:15,368 - sec_monitor - INFO - API call successful
2025-05-09 13:39:45,376 - sec_monitor - INFO - ==================================================
2025-05-09 13:39:45,376 - sec_monitor - INFO - Processing middle chunk
2025-05-09 13:39:45,377 - sec_monitor - INFO - Timestamp: 2025-05-09 13:39:45
2025-05-09 13:39:46,579 - sec_monitor - INFO - token percentage = 51%
2025-05-09 13:39:46,579 - sec_monitor - INFO - Making API call - Attempt 1/3
2025-05-09 13:39:46,580 - sec_monitor - INFO - Timestamp: 2025-05-09 13:39:46
2025-05-09 13:40:03,611 - sec_monitor - INFO - API call successful
2025-05-09 13:40:33,632 - sec_monitor - INFO - ==================================================
2025-05-09 13:40:33,633 - sec_monitor - INFO - Processing middle chunk
2025-05-09 13:40:33,633 - sec_monitor - INFO - Timestamp: 2025-05-09 13:40:33
2025-05-09 13:40:34,927 - sec_monitor - INFO - token percentage = 51%
2025-05-09 13:40:34,927 - sec_monitor - INFO - Making API call - Attempt 1/3
2025-05-09 13:40:34,927 - sec_monitor - INFO - Timestamp: 2025-05-09 13:40:34
2025-05-09 13:40:51,578 - sec_monitor - INFO - API call successful
2025-05-09 13:41:21,594 - sec_monitor - INFO - ==================================================
2025-05-09 13:41:21,594 - sec_monitor - INFO - Processing middle chunk
2025-05-09 13:41:21,594 - sec_monitor - INFO - Timestamp: 2025-05-09 13:41:21
2025-05-09 13:41:22,739 - sec_monitor - INFO - token percentage = 51%
2025-05-09 13:41:22,740 - sec_monitor - INFO - Making API call - Attempt 1/3
2025-05-09 13:41:22,740 - sec_monitor - INFO - Timestamp: 2025-05-09 13:41:22
2025-05-09 13:41:39,992 - sec_monitor - INFO - API call successful
2025-05-09 13:42:10,022 - sec_monitor - INFO - ==================================================
2025-05-09 13:42:10,022 - sec_monitor - INFO - Processing middle chunk
2025-05-09 13:42:10,023 - sec_monitor - INFO - Timestamp: 2025-05-09 13:42:10
2025-05-09 13:42:10,459 - sec_monitor - INFO - token percentage = 51%
2025-05-09 13:42:10,460 - sec_monitor - INFO - Making API call - Attempt 1/3
2025-05-09 13:42:10,460 - sec_monitor - INFO - Timestamp: 2025-05-09 13:42:10
2025-05-09 13:42:27,232 - sec_monitor - INFO - API call successful
2025-05-09 13:42:57,263 - sec_monitor - INFO - ==================================================
2025-05-09 13:42:57,263 - sec_monitor - INFO - Processing middle chunk
2025-05-09 13:42:57,263 - sec_monitor - INFO - Timestamp: 2025-05-09 13:42:57
2025-05-09 13:42:57,701 - sec_monitor - INFO - token percentage = 51%
2025-05-09 13:42:57,701 - sec_monitor - INFO - Making API call - Attempt 1/3
2025-05-09 13:42:57,701 - sec_monitor - INFO - Timestamp: 2025-05-09 13:42:57
2025-05-09 13:43:14,139 - sec_monitor - INFO - API call successful
2025-05-09 13:43:44,160 - sec_monitor - INFO - ==================================================
2025-05-09 13:43:44,160 - sec_monitor - INFO - Processing middle chunk
2025-05-09 13:43:44,161 - sec_monitor - INFO - Timestamp: 2025-05-09 13:43:44
2025-05-09 13:43:44,838 - sec_monitor - INFO - token percentage = 51%
2025-05-09 13:43:44,838 - sec_monitor - INFO - Making API call - Attempt 1/3
2025-05-09 13:43:44,838 - sec_monitor - INFO - Timestamp: 2025-05-09 13:43:44
2025-05-09 13:44:01,484 - sec_monitor - INFO - API call successful
2025-05-09 13:44:31,509 - sec_monitor - INFO - ==================================================
2025-05-09 13:44:31,509 - sec_monitor - INFO - Processing middle chunk
2025-05-09 13:44:31,509 - sec_monitor - INFO - Timestamp: 2025-05-09 13:44:31
2025-05-09 13:44:31,938 - sec_monitor - INFO - token percentage = 51%
2025-05-09 13:44:31,938 - sec_monitor - INFO - Making API call - Attempt 1/3
2025-05-09 13:44:31,938 - sec_monitor - INFO - Timestamp: 2025-05-09 13:44:31
2025-05-09 13:44:48,591 - sec_monitor - INFO - API call successful
2025-05-09 13:45:18,622 - sec_monitor - INFO - ==================================================
2025-05-09 13:45:18,622 - sec_monitor - INFO - Processing middle chunk
2025-05-09 13:45:18,622 - sec_monitor - INFO - Timestamp: 2025-05-09 13:45:18
2025-05-09 13:45:19,108 - sec_monitor - INFO - token percentage = 51%
2025-05-09 13:45:19,108 - sec_monitor - INFO - Making API call - Attempt 1/3
2025-05-09 13:45:19,109 - sec_monitor - INFO - Timestamp: 2025-05-09 13:45:19
2025-05-09 13:45:36,174 - sec_monitor - INFO - API call successful
2025-05-09 13:46:06,182 - sec_monitor - INFO - ==================================================
2025-05-09 13:46:06,182 - sec_monitor - INFO - Processing middle chunk
2025-05-09 13:46:06,182 - sec_monitor - INFO - Timestamp: 2025-05-09 13:46:06
2025-05-09 13:46:14,094 - sec_monitor - INFO - token percentage = 51%
2025-05-09 13:46:14,094 - sec_monitor - INFO - Making API call - Attempt 1/3
2025-05-09 13:46:14,094 - sec_monitor - INFO - Timestamp: 2025-05-09 13:46:14
2025-05-09 13:46:36,672 - sec_monitor - INFO - API call successful
2025-05-09 13:47:06,703 - sec_monitor - INFO - ==================================================
2025-05-09 13:47:06,703 - sec_monitor - INFO - Processing middle chunk
2025-05-09 13:47:06,703 - sec_monitor - INFO - Timestamp: 2025-05-09 13:47:06
2025-05-09 13:47:09,993 - sec_monitor - INFO - token percentage = 51%
2025-05-09 13:47:09,994 - sec_monitor - INFO - Making API call - Attempt 1/3
2025-05-09 13:47:09,994 - sec_monitor - INFO - Timestamp: 2025-05-09 13:47:09
2025-05-09 13:47:53,608 - sec_monitor - INFO - API call successful
2025-05-09 13:48:23,638 - sec_monitor - INFO - ==================================================
2025-05-09 13:48:23,638 - sec_monitor - INFO - Processing middle chunk
2025-05-09 13:48:23,638 - sec_monitor - INFO - Timestamp: 2025-05-09 13:48:23
2025-05-09 13:48:24,039 - sec_monitor - INFO - token percentage = 50%
2025-05-09 13:48:24,039 - sec_monitor - INFO - Making API call - Attempt 1/3
2025-05-09 13:48:24,039 - sec_monitor - INFO - Timestamp: 2025-05-09 13:48:24
2025-05-09 13:48:40,328 - sec_monitor - INFO - API call successful
2025-05-09 13:49:10,337 - sec_monitor - INFO - ==================================================
2025-05-09 13:49:10,338 - sec_monitor - INFO - Processing middle chunk
2025-05-09 13:49:10,338 - sec_monitor - INFO - Timestamp: 2025-05-09 13:49:10
2025-05-09 13:49:10,726 - sec_monitor - INFO - token percentage = 49%
2025-05-09 13:49:10,726 - sec_monitor - INFO - Making API call - Attempt 1/3
2025-05-09 13:49:10,726 - sec_monitor - INFO - Timestamp: 2025-05-09 13:49:10
2025-05-09 13:49:27,454 - sec_monitor - INFO - API call successful
2025-05-09 13:49:57,484 - sec_monitor - INFO - ==================================================
2025-05-09 13:49:57,485 - sec_monitor - INFO - Processing middle chunk
2025-05-09 13:49:57,485 - sec_monitor - INFO - Timestamp: 2025-05-09 13:49:57
2025-05-09 13:49:58,443 - sec_monitor - INFO - token percentage = 51%
2025-05-09 13:49:58,443 - sec_monitor - INFO - Making API call - Attempt 1/3
2025-05-09 13:49:58,443 - sec_monitor - INFO - Timestamp: 2025-05-09 13:49:58
2025-05-09 13:50:15,514 - sec_monitor - INFO - API call successful
2025-05-09 13:50:45,544 - sec_monitor - INFO - ==================================================
2025-05-09 13:50:45,544 - sec_monitor - INFO - Processing middle chunk
2025-05-09 13:50:45,544 - sec_monitor - INFO - Timestamp: 2025-05-09 13:50:45
2025-05-09 13:50:46,164 - sec_monitor - INFO - token percentage = 51%
2025-05-09 13:50:46,164 - sec_monitor - INFO - Making API call - Attempt 1/3
2025-05-09 13:50:46,164 - sec_monitor - INFO - Timestamp: 2025-05-09 13:50:46
2025-05-09 13:51:03,368 - sec_monitor - INFO - API call successful
2025-05-09 13:51:33,399 - sec_monitor - INFO - ==================================================
2025-05-09 13:51:33,399 - sec_monitor - INFO - Processing middle chunk
2025-05-09 13:51:33,399 - sec_monitor - INFO - Timestamp: 2025-05-09 13:51:33
2025-05-09 13:51:34,103 - sec_monitor - INFO - token percentage = 50%
2025-05-09 13:51:34,103 - sec_monitor - INFO - Making API call - Attempt 1/3
2025-05-09 13:51:34,103 - sec_monitor - INFO - Timestamp: 2025-05-09 13:51:34
2025-05-09 13:51:51,186 - sec_monitor - INFO - API call successful
2025-05-09 13:52:21,208 - sec_monitor - INFO - ==================================================
2025-05-09 13:52:21,208 - sec_monitor - INFO - Processing middle chunk
2025-05-09 13:52:21,208 - sec_monitor - INFO - Timestamp: 2025-05-09 13:52:21
2025-05-09 13:52:21,567 - sec_monitor - INFO - token percentage = 50%
2025-05-09 13:52:21,567 - sec_monitor - INFO - Making API call - Attempt 1/3
2025-05-09 13:52:21,567 - sec_monitor - INFO - Timestamp: 2025-05-09 13:52:21
2025-05-09 13:52:38,626 - sec_monitor - INFO - API call successful
2025-05-09 13:53:08,657 - sec_monitor - INFO - ==================================================
2025-05-09 13:53:08,657 - sec_monitor - INFO - Processing middle chunk
2025-05-09 13:53:08,657 - sec_monitor - INFO - Timestamp: 2025-05-09 13:53:08
2025-05-09 13:53:09,161 - sec_monitor - INFO - token percentage = 49%
2025-05-09 13:53:09,161 - sec_monitor - INFO - Making API call - Attempt 1/3
2025-05-09 13:53:09,161 - sec_monitor - INFO - Timestamp: 2025-05-09 13:53:09
2025-05-09 13:53:31,130 - sec_monitor - INFO - API call successful
2025-05-09 13:54:01,144 - sec_monitor - INFO - ==================================================
2025-05-09 13:54:01,144 - sec_monitor - INFO - Processing middle chunk
2025-05-09 13:54:01,145 - sec_monitor - INFO - Timestamp: 2025-05-09 13:54:01
2025-05-09 13:54:01,688 - sec_monitor - INFO - token percentage = 50%
2025-05-09 13:54:01,689 - sec_monitor - INFO - Making API call - Attempt 1/3
2025-05-09 13:54:01,689 - sec_monitor - INFO - Timestamp: 2025-05-09 13:54:01
2025-05-09 13:54:18,690 - sec_monitor - INFO - API call successful
2025-05-09 13:54:48,696 - sec_monitor - INFO - ==================================================
2025-05-09 13:54:48,696 - sec_monitor - INFO - Processing middle chunk
2025-05-09 13:54:48,697 - sec_monitor - INFO - Timestamp: 2025-05-09 13:54:48
2025-05-09 13:54:49,221 - sec_monitor - INFO - token percentage = 51%
2025-05-09 13:54:49,222 - sec_monitor - INFO - Making API call - Attempt 1/3
2025-05-09 13:54:49,222 - sec_monitor - INFO - Timestamp: 2025-05-09 13:54:49
2025-05-09 13:55:06,471 - sec_monitor - INFO - API call successful
2025-05-09 13:55:36,502 - sec_monitor - INFO - ==================================================
2025-05-09 13:55:36,502 - sec_monitor - INFO - Processing middle chunk
2025-05-09 13:55:36,502 - sec_monitor - INFO - Timestamp: 2025-05-09 13:55:36
2025-05-09 13:55:36,889 - sec_monitor - INFO - token percentage = 50%
2025-05-09 13:55:36,890 - sec_monitor - INFO - Making API call - Attempt 1/3
2025-05-09 13:55:36,890 - sec_monitor - INFO - Timestamp: 2025-05-09 13:55:36
2025-05-09 13:55:53,767 - sec_monitor - INFO - API call successful
2025-05-09 13:56:23,776 - sec_monitor - INFO - ==================================================
2025-05-09 13:56:23,776 - sec_monitor - INFO - Processing middle chunk
2025-05-09 13:56:23,777 - sec_monitor - INFO - Timestamp: 2025-05-09 13:56:23
2025-05-09 13:56:24,209 - sec_monitor - INFO - token percentage = 51%
2025-05-09 13:56:24,209 - sec_monitor - INFO - Making API call - Attempt 1/3
2025-05-09 13:56:24,210 - sec_monitor - INFO - Timestamp: 2025-05-09 13:56:24
2025-05-09 13:56:41,506 - sec_monitor - INFO - API call successful
2025-05-09 13:57:11,536 - sec_monitor - INFO - ==================================================
2025-05-09 13:57:11,537 - sec_monitor - INFO - Processing middle chunk
2025-05-09 13:57:11,537 - sec_monitor - INFO - Timestamp: 2025-05-09 13:57:11
2025-05-09 13:57:11,978 - sec_monitor - INFO - token percentage = 51%
2025-05-09 13:57:11,979 - sec_monitor - INFO - Making API call - Attempt 1/3
2025-05-09 13:57:11,979 - sec_monitor - INFO - Timestamp: 2025-05-09 13:57:11
2025-05-09 13:57:28,707 - sec_monitor - INFO - API call successful
2025-05-09 13:57:58,723 - sec_monitor - INFO - ==================================================
2025-05-09 13:57:58,723 - sec_monitor - INFO - Processing middle chunk
2025-05-09 13:57:58,723 - sec_monitor - INFO - Timestamp: 2025-05-09 13:57:58
2025-05-09 13:57:59,025 - sec_monitor - INFO - token percentage = 50%
2025-05-09 13:57:59,025 - sec_monitor - INFO - Making API call - Attempt 1/3
2025-05-09 13:57:59,025 - sec_monitor - INFO - Timestamp: 2025-05-09 13:57:59
2025-05-09 13:58:15,506 - sec_monitor - INFO - API call successful
2025-05-09 13:58:45,516 - sec_monitor - INFO - ==================================================
2025-05-09 13:58:45,516 - sec_monitor - INFO - Processing last chunk
2025-05-09 13:58:45,516 - sec_monitor - INFO - Timestamp: 2025-05-09 13:58:45
2025-05-09 13:58:45,589 - sec_monitor - INFO - token percentage = 1%
2025-05-09 13:58:45,589 - sec_monitor - INFO - Making API call - Attempt 1/3
2025-05-09 13:58:45,589 - sec_monitor - INFO - Timestamp: 2025-05-09 13:58:45
2025-05-09 13:58:46,425 - sec_monitor - INFO - API call successful
2025-05-09 13:58:46,426 - sec_monitor - INFO - Making combine API call - Attempt 1/3
2025-05-09 13:58:46,426 - sec_monitor - INFO - Timestamp: 2025-05-09 13:58:46
2025-05-09 13:58:47,349 - sec_monitor - INFO - Combine API call successful
2025-05-09 13:58:48,350 - sec_monitor - INFO - Processing filing 2/3: NSC
2025-05-09 13:59:18,848 - sec_monitor - INFO - ==================================================
2025-05-09 13:59:18,848 - sec_monitor - INFO - Processing first chunk
2025-05-09 13:59:18,848 - sec_monitor - INFO - Timestamp: 2025-05-09 13:59:18
2025-05-09 13:59:19,018 - sec_monitor - INFO - token percentage = 4%
2025-05-09 13:59:19,019 - sec_monitor - INFO - Making API call - Attempt 1/3
2025-05-09 13:59:19,019 - sec_monitor - INFO - Timestamp: 2025-05-09 13:59:19
2025-05-09 13:59:22,474 - sec_monitor - INFO - API call successful
2025-05-09 13:59:23,475 - sec_monitor - INFO - Processing filing 3/3: BR
2025-05-09 14:00:45,291 - sec_monitor - INFO - ==================================================
2025-05-09 14:00:45,291 - sec_monitor - INFO - Processing first chunk
2025-05-09 14:00:45,291 - sec_monitor - INFO - Timestamp: 2025-05-09 14:00:45
2025-05-09 14:00:45,691 - sec_monitor - INFO - token percentage = 47%
2025-05-09 14:00:45,691 - sec_monitor - INFO - Making API call - Attempt 1/3
2025-05-09 14:00:45,692 - sec_monitor - INFO - Timestamp: 2025-05-09 14:00:45
2025-05-09 14:01:02,740 - sec_monitor - INFO - API call successful
2025-05-09 14:01:32,769 - sec_monitor - INFO - ==================================================
2025-05-09 14:01:32,769 - sec_monitor - INFO - Processing middle chunk
2025-05-09 14:01:32,770 - sec_monitor - INFO - Timestamp: 2025-05-09 14:01:32
2025-05-09 14:01:33,169 - sec_monitor - INFO - token percentage = 50%
2025-05-09 14:01:33,169 - sec_monitor - INFO - Making API call - Attempt 1/3
2025-05-09 14:01:33,170 - sec_monitor - INFO - Timestamp: 2025-05-09 14:01:33
2025-05-09 14:01:50,891 - sec_monitor - INFO - API call successful
2025-05-09 14:02:20,921 - sec_monitor - INFO - ==================================================
2025-05-09 14:02:20,921 - sec_monitor - INFO - Processing middle chunk
2025-05-09 14:02:20,921 - sec_monitor - INFO - Timestamp: 2025-05-09 14:02:20
2025-05-09 14:02:21,275 - sec_monitor - INFO - token percentage = 50%
2025-05-09 14:02:21,275 - sec_monitor - INFO - Making API call - Attempt 1/3
2025-05-09 14:02:21,275 - sec_monitor - INFO - Timestamp: 2025-05-09 14:02:21
2025-05-09 14:02:38,495 - sec_monitor - INFO - API call successful
2025-05-09 14:03:08,525 - sec_monitor - INFO - ==================================================
2025-05-09 14:03:08,525 - sec_monitor - INFO - Processing middle chunk
2025-05-09 14:03:08,525 - sec_monitor - INFO - Timestamp: 2025-05-09 14:03:08
2025-05-09 14:03:08,903 - sec_monitor - INFO - token percentage = 50%
2025-05-09 14:03:08,903 - sec_monitor - INFO - Making API call - Attempt 1/3
2025-05-09 14:03:08,903 - sec_monitor - INFO - Timestamp: 2025-05-09 14:03:08
2025-05-09 14:03:26,174 - sec_monitor - INFO - API call successful
2025-05-09 14:03:56,195 - sec_monitor - INFO - ==================================================
2025-05-09 14:03:56,196 - sec_monitor - INFO - Processing middle chunk
2025-05-09 14:03:56,196 - sec_monitor - INFO - Timestamp: 2025-05-09 14:03:56
2025-05-09 14:03:56,519 - sec_monitor - INFO - token percentage = 50%
2025-05-09 14:03:56,520 - sec_monitor - INFO - Making API call - Attempt 1/3
2025-05-09 14:03:56,520 - sec_monitor - INFO - Timestamp: 2025-05-09 14:03:56
2025-05-09 14:04:13,536 - sec_monitor - INFO - API call successful
2025-05-09 14:04:43,566 - sec_monitor - INFO - ==================================================
2025-05-09 14:04:43,567 - sec_monitor - INFO - Processing middle chunk
2025-05-09 14:04:43,567 - sec_monitor - INFO - Timestamp: 2025-05-09 14:04:43
2025-05-09 14:04:43,863 - sec_monitor - INFO - token percentage = 50%
2025-05-09 14:04:43,863 - sec_monitor - INFO - Making API call - Attempt 1/3
2025-05-09 14:04:43,863 - sec_monitor - INFO - Timestamp: 2025-05-09 14:04:43
2025-05-09 14:05:01,846 - sec_monitor - INFO - API call successful
2025-05-09 14:05:31,875 - sec_monitor - INFO - ==================================================
2025-05-09 14:05:31,875 - sec_monitor - INFO - Processing middle chunk
2025-05-09 14:05:31,875 - sec_monitor - INFO - Timestamp: 2025-05-09 14:05:31
2025-05-09 14:05:32,242 - sec_monitor - INFO - token percentage = 50%
2025-05-09 14:05:32,242 - sec_monitor - INFO - Making API call - Attempt 1/3
2025-05-09 14:05:32,242 - sec_monitor - INFO - Timestamp: 2025-05-09 14:05:32
2025-05-09 14:05:49,092 - sec_monitor - INFO - API call successful
2025-05-09 14:06:19,123 - sec_monitor - INFO - ==================================================
2025-05-09 14:06:19,123 - sec_monitor - INFO - Processing middle chunk
2025-05-09 14:06:19,123 - sec_monitor - INFO - Timestamp: 2025-05-09 14:06:19
2025-05-09 14:06:19,495 - sec_monitor - INFO - token percentage = 50%
2025-05-09 14:06:19,495 - sec_monitor - INFO - Making API call - Attempt 1/3
2025-05-09 14:06:19,495 - sec_monitor - INFO - Timestamp: 2025-05-09 14:06:19
2025-05-09 14:06:36,170 - sec_monitor - INFO - API call successful
2025-05-09 14:07:06,175 - sec_monitor - INFO - ==================================================
2025-05-09 14:07:06,176 - sec_monitor - INFO - Processing middle chunk
2025-05-09 14:07:06,176 - sec_monitor - INFO - Timestamp: 2025-05-09 14:07:06
2025-05-09 14:07:06,492 - sec_monitor - INFO - token percentage = 51%
2025-05-09 14:07:06,493 - sec_monitor - INFO - Making API call - Attempt 1/3
2025-05-09 14:07:06,493 - sec_monitor - INFO - Timestamp: 2025-05-09 14:07:06
2025-05-09 14:07:22,882 - sec_monitor - INFO - API call successful
2025-05-09 14:07:52,912 - sec_monitor - INFO - ==================================================
2025-05-09 14:07:52,913 - sec_monitor - INFO - Processing middle chunk
2025-05-09 14:07:52,913 - sec_monitor - INFO - Timestamp: 2025-05-09 14:07:52
2025-05-09 14:07:53,265 - sec_monitor - INFO - token percentage = 49%
2025-05-09 14:07:53,266 - sec_monitor - INFO - Making API call - Attempt 1/3
2025-05-09 14:07:53,266 - sec_monitor - INFO - Timestamp: 2025-05-09 14:07:53
2025-05-09 14:08:09,272 - sec_monitor - INFO - API call successful
2025-05-09 14:08:39,288 - sec_monitor - INFO - ==================================================
2025-05-09 14:08:39,288 - sec_monitor - INFO - Processing last chunk
2025-05-09 14:08:39,289 - sec_monitor - INFO - Timestamp: 2025-05-09 14:08:39
2025-05-09 14:08:39,611 - sec_monitor - INFO - token percentage = 45%
2025-05-09 14:08:39,611 - sec_monitor - INFO - Making API call - Attempt 1/3
2025-05-09 14:08:39,611 - sec_monitor - INFO - Timestamp: 2025-05-09 14:08:39
2025-05-09 14:08:55,262 - sec_monitor - INFO - API call successful
2025-05-09 14:08:55,263 - sec_monitor - INFO - Making combine API call - Attempt 1/3
2025-05-09 14:08:55,263 - sec_monitor - INFO - Timestamp: 2025-05-09 14:08:55
2025-05-09 14:08:56,470 - sec_monitor - INFO - Combine API call successful
2025-05-09 14:08:57,472 - sec_monitor - INFO - Fetching supplementary data...
2025-05-09 14:08:57,988 - sec_monitor - INFO - filing_tickers type: <class 'list'>
2025-05-09 14:08:57,988 - sec_monitor - INFO - filing_data type: <class 'list'>
2025-05-09 14:08:57,989 - sec_monitor - INFO - Market open: True
2025-05-09 14:08:57,989 - sec_monitor - INFO - Number of filing times mapped: 3
2025-05-09 14:08:57,999 - sec_monitor - INFO - Last trading day: 2025-05-09
2025-05-09 14:08:58,000 - sec_monitor - INFO - Processing ticker: CSGP
2025-05-09 14:08:58,122 - sec_monitor - INFO - Number of bars for CSGP: 4
2025-05-09 14:08:58,122 - sec_monitor - INFO - Last bar close for CSGP: 75.87
2025-05-09 14:08:58,122 - sec_monitor - INFO - Market open price for CSGP: 75.87, change: 0.7703546287687585%
2025-05-09 14:08:58,122 - sec_monitor - INFO - Processing ticker: NSC
2025-05-09 14:08:58,143 - sec_monitor - INFO - Number of bars for NSC: 4
2025-05-09 14:08:58,143 - sec_monitor - INFO - Last bar close for NSC: 223.96
2025-05-09 14:08:58,143 - sec_monitor - INFO - Market open price for NSC: 223.96, change: 1.7260174418604703%
2025-05-09 14:08:58,143 - sec_monitor - INFO - Processing ticker: BR
2025-05-09 14:08:58,159 - sec_monitor - INFO - Number of bars for BR: 4
2025-05-09 14:08:58,160 - sec_monitor - INFO - Last bar close for BR: 236.03
2025-05-09 14:08:58,160 - sec_monitor - INFO - Market open price for BR: 236.03, change: -0.0867779964865547%
2025-05-09 14:08:58,873 - sec_monitor - INFO - Generating final output...
2025-05-09 14:08:58,874 - sec_monitor - INFO - Successfully merged 3 new filings with existing JSON
2025-05-09 14:08:58,874 - sec_monitor - INFO - Cumulative stats - Input words: 4396043, Output words: 2233
2025-05-09 14:08:58,874 - sec_monitor - INFO - Successfully saved/merged output to output/sec_filings.json
2025-05-09 14:08:58,874 - sec_monitor - INFO - Processing complete. Stats: {'input_words': 1278167, 'output_words': 209, 'filings_processed': 3}
