2025-05-19 11:10:19,776 - sec_monitor - INFO - Starting SEC filing monitor 
2025-05-19 11:10:19,776 - sec_monitor - INFO - Loading S&P 500 data...
2025-05-19 11:10:19,776 - sec_monitor - INFO - Starting S&P 500 data initialization
2025-05-19 11:10:19,776 - sec_monitor - INFO - Successfully loaded 503 S&P 500 tickers
2025-05-19 11:10:19,776 - sec_monitor - INFO - Successfully loaded 503 S&P 500 tickers
2025-05-19 11:10:19,777 - sec_monitor - INFO - Initializing components...
2025-05-19 11:10:19,777 - sec_monitor - INFO - Initializing components
2025-05-19 11:10:19,777 - sec_monitor - INFO - SEC fetcher initialized
2025-05-19 11:10:19,777 - sec_monitor - INFO - Filing analyzer initialized
2025-05-19 11:10:19,777 - sec_monitor - INFO - Alpaca clients initialized
2025-05-19 11:10:19,777 - sec_monitor - INFO - All components initialized successfully
2025-05-19 11:10:19,778 - sec_monitor - INFO - Found old JSON file, archiving
2025-05-19 11:10:19,778 - sec_monitor - INFO - Starting new filing collection for today
2025-05-19 11:10:19,779 - sec_monitor - INFO - Fetching SEC filings...
2025-05-19 11:10:20,534 - sec_monitor - INFO - Reached old filing, stopping. Found 2 total filings
2025-05-19 11:10:20,534 - sec_monitor - INFO - Found 0 new interesting filings
2025-05-19 11:10:20,535 - sec_monitor - INFO - No new filings to process
2025-05-19 12:42:40,386 - sec_monitor - INFO - Starting SEC filing monitor 
2025-05-19 12:42:40,386 - sec_monitor - INFO - Loading S&P 500 data...
2025-05-19 12:42:40,386 - sec_monitor - INFO - Starting S&P 500 data initialization
2025-05-19 12:42:40,387 - sec_monitor - INFO - Successfully loaded 503 S&P 500 tickers
2025-05-19 12:42:40,387 - sec_monitor - INFO - Successfully loaded 503 S&P 500 tickers
2025-05-19 12:42:40,387 - sec_monitor - INFO - Initializing components...
2025-05-19 12:42:40,387 - sec_monitor - INFO - Initializing components
2025-05-19 12:42:40,387 - sec_monitor - INFO - SEC fetcher initialized
2025-05-19 12:42:40,387 - sec_monitor - INFO - Filing analyzer initialized
2025-05-19 12:42:40,388 - sec_monitor - INFO - Alpaca clients initialized
2025-05-19 12:42:40,388 - sec_monitor - INFO - All components initialized successfully
2025-05-19 12:42:40,388 - sec_monitor - INFO - No existing JSON file found
2025-05-19 12:42:40,388 - sec_monitor - INFO - Starting new filing collection for today
2025-05-19 12:42:40,388 - sec_monitor - INFO - Fetching SEC filings...
2025-05-19 12:42:42,146 - sec_monitor - INFO - Reached old filing, stopping. Found 15 total filings
2025-05-19 12:42:42,147 - sec_monitor - INFO - Found 4 new interesting filings
2025-05-19 12:42:42,147 - sec_monitor - INFO - Found 4 new filings to process
2025-05-19 12:42:42,147 - sec_monitor - INFO - Processing filing 1/4: MO
2025-05-19 12:43:12,889 - sec_monitor - INFO - ==================================================
2025-05-19 12:43:12,889 - sec_monitor - INFO - Processing first chunk
2025-05-19 12:43:12,889 - sec_monitor - INFO - Timestamp: 2025-05-19 12:43:12
2025-05-19 12:43:13,018 - sec_monitor - INFO - token percentage = 3%
2025-05-19 12:43:13,018 - sec_monitor - INFO - Making API call - Attempt 1/3
2025-05-19 12:43:13,019 - sec_monitor - INFO - Timestamp: 2025-05-19 12:43:13
2025-05-19 12:43:17,477 - sec_monitor - INFO - API call successful
2025-05-19 12:43:18,479 - sec_monitor - INFO - Processing filing 2/4: BALL
2025-05-19 12:43:50,395 - sec_monitor - INFO - ==================================================
2025-05-19 12:43:50,395 - sec_monitor - INFO - Processing first chunk
2025-05-19 12:43:50,395 - sec_monitor - INFO - Timestamp: 2025-05-19 12:43:50
2025-05-19 12:43:50,681 - sec_monitor - INFO - token percentage = 17%
2025-05-19 12:43:50,682 - sec_monitor - INFO - Making API call - Attempt 1/3
2025-05-19 12:43:50,682 - sec_monitor - INFO - Timestamp: 2025-05-19 12:43:50
2025-05-19 12:44:06,756 - sec_monitor - INFO - API call successful
2025-05-19 12:44:07,758 - sec_monitor - INFO - Processing filing 3/4: AMD
2025-05-19 12:44:39,691 - sec_monitor - INFO - ==================================================
2025-05-19 12:44:39,691 - sec_monitor - INFO - Processing first chunk
2025-05-19 12:44:39,691 - sec_monitor - INFO - Timestamp: 2025-05-19 12:44:39
2025-05-19 12:44:40,284 - sec_monitor - INFO - token percentage = 20%
2025-05-19 12:44:40,285 - sec_monitor - INFO - Making API call - Attempt 1/3
2025-05-19 12:44:40,285 - sec_monitor - INFO - Timestamp: 2025-05-19 12:44:40
2025-05-19 12:44:51,452 - sec_monitor - INFO - API call successful
2025-05-19 12:44:52,453 - sec_monitor - INFO - Processing filing 4/4: DFS
2025-05-19 12:45:22,912 - sec_monitor - INFO - ==================================================
2025-05-19 12:45:22,913 - sec_monitor - INFO - Processing first chunk
2025-05-19 12:45:22,913 - sec_monitor - INFO - Timestamp: 2025-05-19 12:45:22
2025-05-19 12:45:23,093 - sec_monitor - INFO - token percentage = 3%
2025-05-19 12:45:23,093 - sec_monitor - INFO - Making API call - Attempt 1/3
2025-05-19 12:45:23,093 - sec_monitor - INFO - Timestamp: 2025-05-19 12:45:23
2025-05-19 12:45:31,638 - sec_monitor - INFO - API call successful
2025-05-19 12:45:32,639 - sec_monitor - INFO - Fetching supplementary data...
2025-05-19 12:45:33,273 - sec_monitor - INFO - filing_tickers type: <class 'list'>
2025-05-19 12:45:33,273 - sec_monitor - INFO - filing_data type: <class 'list'>
2025-05-19 12:45:33,273 - sec_monitor - INFO - Market open: False
2025-05-19 12:45:33,273 - sec_monitor - INFO - Number of filing times mapped: 4
2025-05-19 12:45:33,342 - sec_monitor - INFO - Last trading day: 2025-05-19
2025-05-19 12:45:33,343 - sec_monitor - INFO - Processing ticker: MO
2025-05-19 12:45:33,997 - sec_monitor - INFO - Number of bars for MO: 3
2025-05-19 12:45:33,997 - sec_monitor - INFO - Last bar close for MO: 58.88
2025-05-19 12:45:33,997 - sec_monitor - INFO - Outside market hours price for MO: 58.88
2025-05-19 12:45:33,997 - sec_monitor - INFO - Processing ticker: BALL
2025-05-19 12:45:34,075 - sec_monitor - INFO - Number of bars for BALL: 3
2025-05-19 12:45:34,075 - sec_monitor - INFO - Last bar close for BALL: 53.76
2025-05-19 12:45:34,075 - sec_monitor - INFO - Outside market hours price for BALL: 53.76
2025-05-19 12:45:34,075 - sec_monitor - INFO - Processing ticker: AMD
2025-05-19 12:45:34,154 - sec_monitor - INFO - Number of bars for AMD: 3
2025-05-19 12:45:34,154 - sec_monitor - INFO - Last bar close for AMD: 117.18
2025-05-19 12:45:34,154 - sec_monitor - INFO - Outside market hours price for AMD: 117.18
2025-05-19 12:45:34,154 - sec_monitor - INFO - Processing ticker: DFS
2025-05-19 12:45:34,231 - sec_monitor - INFO - Number of bars for DFS: 3
2025-05-19 12:45:34,231 - sec_monitor - INFO - Last bar close for DFS: 200.12
2025-05-19 12:45:34,231 - sec_monitor - INFO - Outside market hours price for DFS: 200.12
2025-05-19 12:45:35,489 - sec_monitor - INFO - Generating final output...
2025-05-19 12:45:35,490 - sec_monitor - INFO - Successfully saved/merged output to output/sec_filings.json
2025-05-19 12:45:35,490 - sec_monitor - INFO - Processing complete. Stats: {'input_words': 135186, 'output_words': 337, 'filings_processed': 4}
