2025-03-18 11:09:26,591 - sec_monitor - INFO - Starting SEC filing monitor 
2025-03-18 11:09:26,591 - sec_monitor - INFO - Loading S&P 500 data...
2025-03-18 11:09:26,591 - sec_monitor - INFO - Starting S&P 500 data initialization
2025-03-18 11:09:26,591 - sec_monitor - INFO - Successfully loaded 503 S&P 500 tickers
2025-03-18 11:09:26,591 - sec_monitor - INFO - Successfully loaded 503 S&P 500 tickers
2025-03-18 11:09:26,592 - sec_monitor - INFO - Initializing components...
2025-03-18 11:09:26,592 - sec_monitor - INFO - Initializing components
2025-03-18 11:09:26,592 - sec_monitor - INFO - SEC fetcher initialized
2025-03-18 11:09:26,592 - sec_monitor - INFO - Filing analyzer initialized
2025-03-18 11:09:26,592 - sec_monitor - INFO - Alpaca clients initialized
2025-03-18 11:09:26,592 - sec_monitor - INFO - All components initialized successfully
2025-03-18 11:09:26,593 - sec_monitor - INFO - Found old JSON file, archiving
2025-03-18 11:09:26,593 - sec_monitor - INFO - Starting new filing collection for today
2025-03-18 11:09:26,593 - sec_monitor - INFO - Fetching SEC filings...
2025-03-18 11:09:40,765 - sec_monitor - INFO - No more entries found
2025-03-18 11:09:40,765 - sec_monitor - INFO - Completed fetching. Found 63 total filings
2025-03-18 11:09:40,765 - sec_monitor - INFO - Found 13 new interesting filings
2025-03-18 11:09:40,765 - sec_monitor - INFO - Found 13 new filings to process
2025-03-18 11:09:40,765 - sec_monitor - INFO - Processing filing 1/13: CNP
2025-03-18 11:11:27,666 - sec_monitor - INFO - ==================================================
2025-03-18 11:11:27,666 - sec_monitor - INFO - Processing first chunk
2025-03-18 11:11:27,666 - sec_monitor - INFO - Timestamp: 2025-03-18 11:11:27
2025-03-18 11:11:27,946 - sec_monitor - INFO - token percentage = 44%
2025-03-18 11:11:27,947 - sec_monitor - INFO - Making API call - Attempt 1/3
2025-03-18 11:11:27,947 - sec_monitor - INFO - Timestamp: 2025-03-18 11:11:27
2025-03-18 11:11:41,967 - sec_monitor - INFO - API call successful
2025-03-18 11:12:11,998 - sec_monitor - INFO - ==================================================
2025-03-18 11:12:11,998 - sec_monitor - INFO - Processing middle chunk
2025-03-18 11:12:11,998 - sec_monitor - INFO - Timestamp: 2025-03-18 11:12:11
2025-03-18 11:12:12,381 - sec_monitor - INFO - token percentage = 51%
2025-03-18 11:12:12,381 - sec_monitor - INFO - Making API call - Attempt 1/3
2025-03-18 11:12:12,381 - sec_monitor - INFO - Timestamp: 2025-03-18 11:12:12
2025-03-18 11:12:27,729 - sec_monitor - INFO - API call successful
2025-03-18 11:12:57,759 - sec_monitor - INFO - ==================================================
2025-03-18 11:12:57,759 - sec_monitor - INFO - Processing middle chunk
2025-03-18 11:12:57,759 - sec_monitor - INFO - Timestamp: 2025-03-18 11:12:57
2025-03-18 11:12:58,163 - sec_monitor - INFO - token percentage = 51%
2025-03-18 11:12:58,163 - sec_monitor - INFO - Making API call - Attempt 1/3
2025-03-18 11:12:58,163 - sec_monitor - INFO - Timestamp: 2025-03-18 11:12:58
2025-03-18 11:13:13,706 - sec_monitor - INFO - API call successful
2025-03-18 11:13:43,736 - sec_monitor - INFO - ==================================================
2025-03-18 11:13:43,737 - sec_monitor - INFO - Processing middle chunk
2025-03-18 11:13:43,737 - sec_monitor - INFO - Timestamp: 2025-03-18 11:13:43
2025-03-18 11:13:44,089 - sec_monitor - INFO - token percentage = 51%
2025-03-18 11:13:44,089 - sec_monitor - INFO - Making API call - Attempt 1/3
2025-03-18 11:13:44,089 - sec_monitor - INFO - Timestamp: 2025-03-18 11:13:44
2025-03-18 11:13:59,022 - sec_monitor - INFO - API call successful
2025-03-18 11:14:29,052 - sec_monitor - INFO - ==================================================
2025-03-18 11:14:29,053 - sec_monitor - INFO - Processing middle chunk
2025-03-18 11:14:29,053 - sec_monitor - INFO - Timestamp: 2025-03-18 11:14:29
2025-03-18 11:14:29,329 - sec_monitor - INFO - token percentage = 50%
2025-03-18 11:14:29,330 - sec_monitor - INFO - Making API call - Attempt 1/3
2025-03-18 11:14:29,330 - sec_monitor - INFO - Timestamp: 2025-03-18 11:14:29
2025-03-18 11:14:44,144 - sec_monitor - INFO - API call successful
2025-03-18 11:15:14,158 - sec_monitor - INFO - ==================================================
2025-03-18 11:15:14,158 - sec_monitor - INFO - Processing middle chunk
2025-03-18 11:15:14,159 - sec_monitor - INFO - Timestamp: 2025-03-18 11:15:14
2025-03-18 11:15:14,498 - sec_monitor - INFO - token percentage = 51%
2025-03-18 11:15:14,498 - sec_monitor - INFO - Making API call - Attempt 1/3
2025-03-18 11:15:14,498 - sec_monitor - INFO - Timestamp: 2025-03-18 11:15:14
2025-03-18 11:15:29,521 - sec_monitor - INFO - API call successful
2025-03-18 11:15:59,551 - sec_monitor - INFO - ==================================================
2025-03-18 11:15:59,551 - sec_monitor - INFO - Processing middle chunk
2025-03-18 11:15:59,551 - sec_monitor - INFO - Timestamp: 2025-03-18 11:15:59
2025-03-18 11:15:59,946 - sec_monitor - INFO - token percentage = 51%
2025-03-18 11:15:59,947 - sec_monitor - INFO - Making API call - Attempt 1/3
2025-03-18 11:15:59,947 - sec_monitor - INFO - Timestamp: 2025-03-18 11:15:59
2025-03-18 11:16:14,958 - sec_monitor - INFO - API call successful
2025-03-18 11:16:44,989 - sec_monitor - INFO - ==================================================
2025-03-18 11:16:44,989 - sec_monitor - INFO - Processing middle chunk
2025-03-18 11:16:44,989 - sec_monitor - INFO - Timestamp: 2025-03-18 11:16:44
2025-03-18 11:16:45,308 - sec_monitor - INFO - token percentage = 51%
2025-03-18 11:16:45,309 - sec_monitor - INFO - Making API call - Attempt 1/3
2025-03-18 11:16:45,309 - sec_monitor - INFO - Timestamp: 2025-03-18 11:16:45
2025-03-18 11:17:00,455 - sec_monitor - INFO - API call successful
2025-03-18 11:17:30,471 - sec_monitor - INFO - ==================================================
2025-03-18 11:17:30,471 - sec_monitor - INFO - Processing middle chunk
2025-03-18 11:17:30,471 - sec_monitor - INFO - Timestamp: 2025-03-18 11:17:30
2025-03-18 11:17:30,746 - sec_monitor - INFO - token percentage = 51%
2025-03-18 11:17:30,747 - sec_monitor - INFO - Making API call - Attempt 1/3
2025-03-18 11:17:30,747 - sec_monitor - INFO - Timestamp: 2025-03-18 11:17:30
2025-03-18 11:17:45,459 - sec_monitor - INFO - API call successful
2025-03-18 11:18:15,470 - sec_monitor - INFO - ==================================================
2025-03-18 11:18:15,470 - sec_monitor - INFO - Processing middle chunk
2025-03-18 11:18:15,470 - sec_monitor - INFO - Timestamp: 2025-03-18 11:18:15
2025-03-18 11:18:15,750 - sec_monitor - INFO - token percentage = 48%
2025-03-18 11:18:15,750 - sec_monitor - INFO - Making API call - Attempt 1/3
2025-03-18 11:18:15,750 - sec_monitor - INFO - Timestamp: 2025-03-18 11:18:15
2025-03-18 11:18:30,521 - sec_monitor - INFO - API call successful
2025-03-18 11:19:00,552 - sec_monitor - INFO - ==================================================
2025-03-18 11:19:00,552 - sec_monitor - INFO - Processing middle chunk
2025-03-18 11:19:00,552 - sec_monitor - INFO - Timestamp: 2025-03-18 11:19:00
2025-03-18 11:19:00,922 - sec_monitor - INFO - token percentage = 51%
2025-03-18 11:19:00,922 - sec_monitor - INFO - Making API call - Attempt 1/3
2025-03-18 11:19:00,922 - sec_monitor - INFO - Timestamp: 2025-03-18 11:19:00
2025-03-18 11:19:16,331 - sec_monitor - INFO - API call successful
2025-03-18 11:19:46,358 - sec_monitor - INFO - ==================================================
2025-03-18 11:19:46,358 - sec_monitor - INFO - Processing middle chunk
2025-03-18 11:19:46,358 - sec_monitor - INFO - Timestamp: 2025-03-18 11:19:46
2025-03-18 11:19:46,724 - sec_monitor - INFO - token percentage = 51%
2025-03-18 11:19:46,724 - sec_monitor - INFO - Making API call - Attempt 1/3
2025-03-18 11:19:46,725 - sec_monitor - INFO - Timestamp: 2025-03-18 11:19:46
2025-03-18 11:20:02,088 - sec_monitor - INFO - API call successful
2025-03-18 11:20:32,100 - sec_monitor - INFO - ==================================================
2025-03-18 11:20:32,100 - sec_monitor - INFO - Processing middle chunk
2025-03-18 11:20:32,100 - sec_monitor - INFO - Timestamp: 2025-03-18 11:20:32
2025-03-18 11:20:32,415 - sec_monitor - INFO - token percentage = 51%
2025-03-18 11:20:32,415 - sec_monitor - INFO - Making API call - Attempt 1/3
2025-03-18 11:20:32,415 - sec_monitor - INFO - Timestamp: 2025-03-18 11:20:32
2025-03-18 11:20:47,755 - sec_monitor - INFO - API call successful
2025-03-18 11:21:17,785 - sec_monitor - INFO - ==================================================
2025-03-18 11:21:17,786 - sec_monitor - INFO - Processing last chunk
2025-03-18 11:21:17,786 - sec_monitor - INFO - Timestamp: 2025-03-18 11:21:17
2025-03-18 11:21:17,833 - sec_monitor - INFO - token percentage = 4%
2025-03-18 11:21:17,833 - sec_monitor - INFO - Making API call - Attempt 1/3
2025-03-18 11:21:17,833 - sec_monitor - INFO - Timestamp: 2025-03-18 11:21:17
2025-03-18 11:21:20,419 - sec_monitor - INFO - API call successful
2025-03-18 11:21:20,419 - sec_monitor - INFO - Making combine API call - Attempt 1/3
2025-03-18 11:21:20,419 - sec_monitor - INFO - Timestamp: 2025-03-18 11:21:20
2025-03-18 11:21:21,360 - sec_monitor - INFO - Combine API call successful
2025-03-18 11:21:22,361 - sec_monitor - INFO - Processing filing 2/13: NWS
2025-03-18 11:21:53,078 - sec_monitor - INFO - ==================================================
2025-03-18 11:21:53,078 - sec_monitor - INFO - Processing first chunk
2025-03-18 11:21:53,078 - sec_monitor - INFO - Timestamp: 2025-03-18 11:21:53
2025-03-18 11:21:53,183 - sec_monitor - INFO - token percentage = 7%
2025-03-18 11:21:53,184 - sec_monitor - INFO - Making API call - Attempt 1/3
2025-03-18 11:21:53,184 - sec_monitor - INFO - Timestamp: 2025-03-18 11:21:53
2025-03-18 11:21:57,295 - sec_monitor - INFO - API call successful
2025-03-18 11:21:58,296 - sec_monitor - INFO - Processing filing 3/13: CCI
2025-03-18 11:22:31,046 - sec_monitor - INFO - ==================================================
2025-03-18 11:22:31,046 - sec_monitor - INFO - Processing first chunk
2025-03-18 11:22:31,046 - sec_monitor - INFO - Timestamp: 2025-03-18 11:22:31
2025-03-18 11:22:31,171 - sec_monitor - INFO - token percentage = 21%
2025-03-18 11:22:31,171 - sec_monitor - INFO - Making API call - Attempt 1/3
2025-03-18 11:22:31,171 - sec_monitor - INFO - Timestamp: 2025-03-18 11:22:31
2025-03-18 11:22:38,039 - sec_monitor - INFO - API call successful
2025-03-18 11:22:39,040 - sec_monitor - INFO - Processing filing 4/13: PODD
2025-03-18 11:23:09,396 - sec_monitor - INFO - ==================================================
2025-03-18 11:23:09,396 - sec_monitor - INFO - Processing first chunk
2025-03-18 11:23:09,396 - sec_monitor - INFO - Timestamp: 2025-03-18 11:23:09
2025-03-18 11:23:09,452 - sec_monitor - INFO - token percentage = 2%
2025-03-18 11:23:09,452 - sec_monitor - INFO - Making API call - Attempt 1/3
2025-03-18 11:23:09,452 - sec_monitor - INFO - Timestamp: 2025-03-18 11:23:09
2025-03-18 11:23:11,055 - sec_monitor - INFO - API call successful
2025-03-18 11:23:12,056 - sec_monitor - INFO - Processing filing 5/13: CCI
2025-03-18 11:23:44,746 - sec_monitor - INFO - ==================================================
2025-03-18 11:23:44,747 - sec_monitor - INFO - Processing first chunk
2025-03-18 11:23:44,747 - sec_monitor - INFO - Timestamp: 2025-03-18 11:23:44
2025-03-18 11:23:44,960 - sec_monitor - INFO - token percentage = 21%
2025-03-18 11:23:44,961 - sec_monitor - INFO - Making API call - Attempt 1/3
2025-03-18 11:23:44,961 - sec_monitor - INFO - Timestamp: 2025-03-18 11:23:44
2025-03-18 11:23:52,159 - sec_monitor - INFO - API call successful
2025-03-18 11:23:53,161 - sec_monitor - INFO - Processing filing 6/13: CPAY
2025-03-18 11:24:23,501 - sec_monitor - INFO - ==================================================
2025-03-18 11:24:23,501 - sec_monitor - INFO - Processing first chunk
2025-03-18 11:24:23,501 - sec_monitor - INFO - Timestamp: 2025-03-18 11:24:23
2025-03-18 11:24:23,560 - sec_monitor - INFO - token percentage = 2%
2025-03-18 11:24:23,561 - sec_monitor - INFO - Making API call - Attempt 1/3
2025-03-18 11:24:23,561 - sec_monitor - INFO - Timestamp: 2025-03-18 11:24:23
2025-03-18 11:24:24,887 - sec_monitor - INFO - API call successful
2025-03-18 11:24:25,889 - sec_monitor - INFO - Processing filing 7/13: ANET
2025-03-18 11:24:56,287 - sec_monitor - INFO - ==================================================
2025-03-18 11:24:56,287 - sec_monitor - INFO - Processing first chunk
2025-03-18 11:24:56,287 - sec_monitor - INFO - Timestamp: 2025-03-18 11:24:56
2025-03-18 11:24:56,351 - sec_monitor - INFO - token percentage = 3%
2025-03-18 11:24:56,351 - sec_monitor - INFO - Making API call - Attempt 1/3
2025-03-18 11:24:56,352 - sec_monitor - INFO - Timestamp: 2025-03-18 11:24:56
2025-03-18 11:24:58,163 - sec_monitor - INFO - API call successful
2025-03-18 11:24:59,165 - sec_monitor - INFO - Processing filing 8/13: NUE
2025-03-18 11:25:31,630 - sec_monitor - INFO - ==================================================
2025-03-18 11:25:31,630 - sec_monitor - INFO - Processing first chunk
2025-03-18 11:25:31,630 - sec_monitor - INFO - Timestamp: 2025-03-18 11:25:31
2025-03-18 11:25:32,147 - sec_monitor - INFO - token percentage = 18%
2025-03-18 11:25:32,148 - sec_monitor - INFO - Making API call - Attempt 1/3
2025-03-18 11:25:32,148 - sec_monitor - INFO - Timestamp: 2025-03-18 11:25:32
2025-03-18 11:25:38,918 - sec_monitor - INFO - API call successful
2025-03-18 11:25:39,919 - sec_monitor - INFO - Processing filing 9/13: FI
2025-03-18 11:26:10,316 - sec_monitor - INFO - ==================================================
2025-03-18 11:26:10,316 - sec_monitor - INFO - Processing first chunk
2025-03-18 11:26:10,316 - sec_monitor - INFO - Timestamp: 2025-03-18 11:26:10
2025-03-18 11:26:10,388 - sec_monitor - INFO - token percentage = 3%
2025-03-18 11:26:10,388 - sec_monitor - INFO - Making API call - Attempt 1/3
2025-03-18 11:26:10,388 - sec_monitor - INFO - Timestamp: 2025-03-18 11:26:10
2025-03-18 11:26:12,100 - sec_monitor - INFO - API call successful
2025-03-18 11:26:13,101 - sec_monitor - INFO - Processing filing 10/13: AWK
2025-03-18 11:26:43,451 - sec_monitor - INFO - ==================================================
2025-03-18 11:26:43,451 - sec_monitor - INFO - Processing first chunk
2025-03-18 11:26:43,451 - sec_monitor - INFO - Timestamp: 2025-03-18 11:26:43
2025-03-18 11:26:43,516 - sec_monitor - INFO - token percentage = 3%
2025-03-18 11:26:43,517 - sec_monitor - INFO - Making API call - Attempt 1/3
2025-03-18 11:26:43,517 - sec_monitor - INFO - Timestamp: 2025-03-18 11:26:43
2025-03-18 11:26:45,450 - sec_monitor - INFO - API call successful
2025-03-18 11:26:46,452 - sec_monitor - INFO - Processing filing 11/13: WMT
2025-03-18 11:27:16,951 - sec_monitor - INFO - ==================================================
2025-03-18 11:27:16,952 - sec_monitor - INFO - Processing first chunk
2025-03-18 11:27:16,952 - sec_monitor - INFO - Timestamp: 2025-03-18 11:27:16
2025-03-18 11:27:17,017 - sec_monitor - INFO - token percentage = 3%
2025-03-18 11:27:17,017 - sec_monitor - INFO - Making API call - Attempt 1/3
2025-03-18 11:27:17,018 - sec_monitor - INFO - Timestamp: 2025-03-18 11:27:17
2025-03-18 11:27:20,106 - sec_monitor - INFO - API call successful
2025-03-18 11:27:21,108 - sec_monitor - INFO - Processing filing 12/13: WMT
2025-03-18 11:27:51,568 - sec_monitor - INFO - ==================================================
2025-03-18 11:27:51,568 - sec_monitor - INFO - Processing first chunk
2025-03-18 11:27:51,568 - sec_monitor - INFO - Timestamp: 2025-03-18 11:27:51
2025-03-18 11:27:51,634 - sec_monitor - INFO - token percentage = 3%
2025-03-18 11:27:51,634 - sec_monitor - INFO - Making API call - Attempt 1/3
2025-03-18 11:27:51,634 - sec_monitor - INFO - Timestamp: 2025-03-18 11:27:51
2025-03-18 11:27:54,898 - sec_monitor - INFO - API call successful
2025-03-18 11:27:55,899 - sec_monitor - INFO - Processing filing 13/13: NTAP
2025-03-18 11:28:26,900 - sec_monitor - INFO - ==================================================
2025-03-18 11:28:26,900 - sec_monitor - INFO - Processing first chunk
2025-03-18 11:28:26,900 - sec_monitor - INFO - Timestamp: 2025-03-18 11:28:26
2025-03-18 11:28:27,179 - sec_monitor - INFO - token percentage = 10%
2025-03-18 11:28:27,180 - sec_monitor - INFO - Making API call - Attempt 1/3
2025-03-18 11:28:27,180 - sec_monitor - INFO - Timestamp: 2025-03-18 11:28:27
2025-03-18 11:28:32,027 - sec_monitor - INFO - API call successful
2025-03-18 11:28:33,028 - sec_monitor - INFO - Fetching supplementary data...
2025-03-18 11:28:33,241 - sec_monitor - INFO - filing_tickers type: <class 'list'>
2025-03-18 11:28:33,241 - sec_monitor - INFO - filing_data type: <class 'list'>
2025-03-18 11:28:33,241 - sec_monitor - INFO - Market open: False
2025-03-18 11:28:33,241 - sec_monitor - INFO - Number of filing times mapped: 11
2025-03-18 11:28:33,252 - sec_monitor - INFO - Last trading day: 2025-03-18
2025-03-18 11:28:33,252 - sec_monitor - INFO - Processing ticker: CNP
2025-03-18 11:28:33,592 - sec_monitor - INFO - Number of bars for CNP: 3
2025-03-18 11:28:33,592 - sec_monitor - INFO - Last bar close for CNP: 35.59
2025-03-18 11:28:33,592 - sec_monitor - INFO - Outside market hours price for CNP: 35.59
2025-03-18 11:28:33,592 - sec_monitor - INFO - Processing ticker: NWS
2025-03-18 11:28:33,609 - sec_monitor - INFO - Number of bars for NWS: 4
2025-03-18 11:28:33,609 - sec_monitor - INFO - Last bar close for NWS: 31.01
2025-03-18 11:28:33,609 - sec_monitor - INFO - Outside market hours price for NWS: 31.01
2025-03-18 11:28:33,609 - sec_monitor - INFO - Processing ticker: CCI
2025-03-18 11:28:33,625 - sec_monitor - INFO - Number of bars for CCI: 4
2025-03-18 11:28:33,625 - sec_monitor - INFO - Last bar close for CCI: 102.895
2025-03-18 11:28:33,625 - sec_monitor - INFO - Outside market hours price for CCI: 102.895
2025-03-18 11:28:33,625 - sec_monitor - INFO - Processing ticker: PODD
2025-03-18 11:28:33,641 - sec_monitor - INFO - Number of bars for PODD: 4
2025-03-18 11:28:33,641 - sec_monitor - INFO - Last bar close for PODD: 261.585
2025-03-18 11:28:33,641 - sec_monitor - INFO - Outside market hours price for PODD: 261.585
2025-03-18 11:28:33,641 - sec_monitor - INFO - Processing ticker: CCI
2025-03-18 11:28:33,655 - sec_monitor - INFO - Number of bars for CCI: 4
2025-03-18 11:28:33,655 - sec_monitor - INFO - Last bar close for CCI: 102.895
2025-03-18 11:28:33,656 - sec_monitor - INFO - Outside market hours price for CCI: 102.895
2025-03-18 11:28:33,656 - sec_monitor - INFO - Processing ticker: CPAY
2025-03-18 11:28:33,676 - sec_monitor - INFO - Number of bars for CPAY: 4
2025-03-18 11:28:33,676 - sec_monitor - INFO - Last bar close for CPAY: 347.72
2025-03-18 11:28:33,677 - sec_monitor - INFO - Outside market hours price for CPAY: 347.72
2025-03-18 11:28:33,677 - sec_monitor - INFO - Processing ticker: ANET
2025-03-18 11:28:33,696 - sec_monitor - INFO - Number of bars for ANET: 4
2025-03-18 11:28:33,696 - sec_monitor - INFO - Last bar close for ANET: 85.08
2025-03-18 11:28:33,696 - sec_monitor - INFO - Outside market hours price for ANET: 85.08
2025-03-18 11:28:33,696 - sec_monitor - INFO - Processing ticker: NUE
2025-03-18 11:28:33,715 - sec_monitor - INFO - Number of bars for NUE: 4
2025-03-18 11:28:33,715 - sec_monitor - INFO - Last bar close for NUE: 129.54
2025-03-18 11:28:33,715 - sec_monitor - INFO - Outside market hours price for NUE: 129.54
2025-03-18 11:28:33,715 - sec_monitor - INFO - Processing ticker: FI
2025-03-18 11:28:33,733 - sec_monitor - INFO - Number of bars for FI: 4
2025-03-18 11:28:33,733 - sec_monitor - INFO - Last bar close for FI: 218.36
2025-03-18 11:28:33,733 - sec_monitor - INFO - Outside market hours price for FI: 218.36
2025-03-18 11:28:33,733 - sec_monitor - INFO - Processing ticker: AWK
2025-03-18 11:28:33,748 - sec_monitor - INFO - Number of bars for AWK: 4
2025-03-18 11:28:33,749 - sec_monitor - INFO - Last bar close for AWK: 144.84
2025-03-18 11:28:33,749 - sec_monitor - INFO - Outside market hours price for AWK: 144.84
2025-03-18 11:28:33,749 - sec_monitor - INFO - Processing ticker: WMT
2025-03-18 11:28:33,786 - sec_monitor - INFO - Number of bars for WMT: 4
2025-03-18 11:28:33,786 - sec_monitor - INFO - Last bar close for WMT: 87.49
2025-03-18 11:28:33,786 - sec_monitor - INFO - Outside market hours price for WMT: 87.49
2025-03-18 11:28:33,786 - sec_monitor - INFO - Processing ticker: WMT
2025-03-18 11:28:33,801 - sec_monitor - INFO - Number of bars for WMT: 4
2025-03-18 11:28:33,801 - sec_monitor - INFO - Last bar close for WMT: 87.49
2025-03-18 11:28:33,801 - sec_monitor - INFO - Outside market hours price for WMT: 87.49
2025-03-18 11:28:33,801 - sec_monitor - INFO - Processing ticker: NTAP
2025-03-18 11:28:33,819 - sec_monitor - INFO - Number of bars for NTAP: 4
2025-03-18 11:28:33,819 - sec_monitor - INFO - Last bar close for NTAP: 93.31
2025-03-18 11:28:33,819 - sec_monitor - INFO - Outside market hours price for NTAP: 93.31
2025-03-18 11:28:37,737 - sec_monitor - INFO - Generating final output...
2025-03-18 11:28:37,738 - sec_monitor - INFO - Successfully saved/merged output to output/sec_filings.json
2025-03-18 11:28:37,738 - sec_monitor - INFO - Processing complete. Stats: {'input_words': 562006, 'output_words': 991, 'filings_processed': 13}
2025-03-18 12:38:16,247 - sec_monitor - INFO - Starting SEC filing monitor 
2025-03-18 12:38:16,247 - sec_monitor - INFO - Loading S&P 500 data...
2025-03-18 12:38:16,247 - sec_monitor - INFO - Starting S&P 500 data initialization
2025-03-18 12:38:16,248 - sec_monitor - INFO - Successfully loaded 503 S&P 500 tickers
2025-03-18 12:38:16,248 - sec_monitor - INFO - Successfully loaded 503 S&P 500 tickers
2025-03-18 12:38:16,248 - sec_monitor - INFO - Initializing components...
2025-03-18 12:38:16,248 - sec_monitor - INFO - Initializing components
2025-03-18 12:38:16,248 - sec_monitor - INFO - SEC fetcher initialized
2025-03-18 12:38:16,248 - sec_monitor - INFO - Filing analyzer initialized
2025-03-18 12:38:16,249 - sec_monitor - INFO - Alpaca clients initialized
2025-03-18 12:38:16,249 - sec_monitor - INFO - All components initialized successfully
2025-03-18 12:38:16,250 - sec_monitor - INFO - Found JSON file from today
2025-03-18 12:38:16,250 - sec_monitor - INFO - Found 13 previously processed accessions and 13 filing URLs
2025-03-18 12:38:16,250 - sec_monitor - INFO - Found 13 accession numbers and 13 URLs from previously processed filings
2025-03-18 12:38:16,250 - sec_monitor - INFO - Fetching SEC filings...
2025-03-18 12:38:46,333 - sec_monitor - INFO - No more entries found
2025-03-18 12:38:46,333 - sec_monitor - INFO - Completed fetching. Found 59 total filings
2025-03-18 12:38:46,333 - sec_monitor - INFO - Found 1 new interesting filings
2025-03-18 12:38:46,333 - sec_monitor - INFO - Found 1 new filings to process
2025-03-18 12:38:46,334 - sec_monitor - INFO - Processing filing 1/1: PODD
2025-03-18 12:39:16,781 - sec_monitor - INFO - ==================================================
2025-03-18 12:39:16,781 - sec_monitor - INFO - Processing first chunk
2025-03-18 12:39:16,781 - sec_monitor - INFO - Timestamp: 2025-03-18 12:39:16
2025-03-18 12:39:16,867 - sec_monitor - INFO - token percentage = 3%
2025-03-18 12:39:16,867 - sec_monitor - INFO - Making API call - Attempt 1/3
2025-03-18 12:39:16,868 - sec_monitor - INFO - Timestamp: 2025-03-18 12:39:16
2025-03-18 12:39:18,706 - sec_monitor - INFO - API call successful
2025-03-18 12:39:19,707 - sec_monitor - INFO - Fetching supplementary data...
2025-03-18 12:39:20,200 - sec_monitor - INFO - filing_tickers type: <class 'list'>
2025-03-18 12:39:20,200 - sec_monitor - INFO - filing_data type: <class 'list'>
2025-03-18 12:39:20,200 - sec_monitor - INFO - Market open: False
2025-03-18 12:39:20,200 - sec_monitor - INFO - Number of filing times mapped: 1
2025-03-18 12:39:20,213 - sec_monitor - INFO - Last trading day: 2025-03-18
2025-03-18 12:39:20,213 - sec_monitor - INFO - Processing ticker: PODD
2025-03-18 12:39:20,490 - sec_monitor - INFO - Number of bars for PODD: 3
2025-03-18 12:39:20,490 - sec_monitor - INFO - Last bar close for PODD: 261.585
2025-03-18 12:39:20,491 - sec_monitor - INFO - Outside market hours price for PODD: 261.585
2025-03-18 12:39:20,724 - sec_monitor - INFO - Generating final output...
2025-03-18 12:39:20,725 - sec_monitor - INFO - Successfully merged 1 new filings with existing JSON
2025-03-18 12:39:20,725 - sec_monitor - INFO - Cumulative stats - Input words: 567192, Output words: 1079
2025-03-18 12:39:20,726 - sec_monitor - INFO - Successfully saved/merged output to output/sec_filings.json
2025-03-18 12:39:20,726 - sec_monitor - INFO - Processing complete. Stats: {'input_words': 5186, 'output_words': 88, 'filings_processed': 1}
2025-03-18 13:28:52,863 - sec_monitor - INFO - Starting SEC filing monitor 
2025-03-18 13:28:52,863 - sec_monitor - INFO - Loading S&P 500 data...
2025-03-18 13:28:52,864 - sec_monitor - INFO - Starting S&P 500 data initialization
2025-03-18 13:28:52,864 - sec_monitor - INFO - Successfully loaded 503 S&P 500 tickers
2025-03-18 13:28:52,864 - sec_monitor - INFO - Successfully loaded 503 S&P 500 tickers
2025-03-18 13:28:52,864 - sec_monitor - INFO - Initializing components...
2025-03-18 13:28:52,864 - sec_monitor - INFO - Initializing components
2025-03-18 13:28:52,864 - sec_monitor - INFO - SEC fetcher initialized
2025-03-18 13:28:52,865 - sec_monitor - INFO - Filing analyzer initialized
2025-03-18 13:28:52,865 - sec_monitor - INFO - Alpaca clients initialized
2025-03-18 13:28:52,865 - sec_monitor - INFO - All components initialized successfully
2025-03-18 13:28:52,866 - sec_monitor - INFO - Found JSON file from today
2025-03-18 13:28:52,866 - sec_monitor - INFO - Found 14 previously processed accessions and 14 filing URLs
2025-03-18 13:28:52,866 - sec_monitor - INFO - Found 14 accession numbers and 14 URLs from previously processed filings
2025-03-18 13:28:52,866 - sec_monitor - INFO - Fetching SEC filings...
2025-03-18 13:29:23,606 - sec_monitor - INFO - No more entries found
2025-03-18 13:29:23,606 - sec_monitor - INFO - Completed fetching. Found 56 total filings
2025-03-18 13:29:23,606 - sec_monitor - INFO - Found 3 new interesting filings
2025-03-18 13:29:23,606 - sec_monitor - INFO - Found 3 new filings to process
2025-03-18 13:29:23,606 - sec_monitor - INFO - Processing filing 1/3: CMI
2025-03-18 13:29:54,238 - sec_monitor - INFO - ==================================================
2025-03-18 13:29:54,238 - sec_monitor - INFO - Processing first chunk
2025-03-18 13:29:54,238 - sec_monitor - INFO - Timestamp: 2025-03-18 13:29:54
2025-03-18 13:29:54,507 - sec_monitor - INFO - token percentage = 5%
2025-03-18 13:29:54,507 - sec_monitor - INFO - Making API call - Attempt 1/3
2025-03-18 13:29:54,507 - sec_monitor - INFO - Timestamp: 2025-03-18 13:29:54
2025-03-18 13:29:57,230 - sec_monitor - INFO - API call successful
2025-03-18 13:29:58,232 - sec_monitor - INFO - Processing filing 2/3: VLO
2025-03-18 13:35:02,818 - sec_monitor - INFO - ==================================================
2025-03-18 13:35:02,818 - sec_monitor - INFO - Processing first chunk
2025-03-18 13:35:02,818 - sec_monitor - INFO - Timestamp: 2025-03-18 13:35:02
2025-03-18 13:35:03,396 - sec_monitor - INFO - token percentage = 46%
2025-03-18 13:35:03,396 - sec_monitor - INFO - Making API call - Attempt 1/3
2025-03-18 13:35:03,397 - sec_monitor - INFO - Timestamp: 2025-03-18 13:35:03
2025-03-18 13:35:17,198 - sec_monitor - INFO - API call successful
2025-03-18 13:35:47,228 - sec_monitor - INFO - ==================================================
2025-03-18 13:35:47,228 - sec_monitor - INFO - Processing middle chunk
2025-03-18 13:35:47,228 - sec_monitor - INFO - Timestamp: 2025-03-18 13:35:47
2025-03-18 13:35:47,698 - sec_monitor - INFO - token percentage = 50%
2025-03-18 13:35:47,698 - sec_monitor - INFO - Making API call - Attempt 1/3
2025-03-18 13:35:47,698 - sec_monitor - INFO - Timestamp: 2025-03-18 13:35:47
2025-03-18 13:36:02,768 - sec_monitor - INFO - API call successful
2025-03-18 13:36:32,779 - sec_monitor - INFO - ==================================================
2025-03-18 13:36:32,779 - sec_monitor - INFO - Processing middle chunk
2025-03-18 13:36:32,779 - sec_monitor - INFO - Timestamp: 2025-03-18 13:36:32
2025-03-18 13:36:33,346 - sec_monitor - INFO - token percentage = 50%
2025-03-18 13:36:33,346 - sec_monitor - INFO - Making API call - Attempt 1/3
2025-03-18 13:36:33,347 - sec_monitor - INFO - Timestamp: 2025-03-18 13:36:33
2025-03-18 13:36:48,239 - sec_monitor - INFO - API call successful
2025-03-18 13:37:18,269 - sec_monitor - INFO - ==================================================
2025-03-18 13:37:18,269 - sec_monitor - INFO - Processing middle chunk
2025-03-18 13:37:18,269 - sec_monitor - INFO - Timestamp: 2025-03-18 13:37:18
2025-03-18 13:37:18,768 - sec_monitor - INFO - token percentage = 50%
2025-03-18 13:37:18,769 - sec_monitor - INFO - Making API call - Attempt 1/3
2025-03-18 13:37:18,769 - sec_monitor - INFO - Timestamp: 2025-03-18 13:37:18
2025-03-18 13:37:33,914 - sec_monitor - INFO - API call successful
2025-03-18 13:38:03,944 - sec_monitor - INFO - ==================================================
2025-03-18 13:38:03,945 - sec_monitor - INFO - Processing middle chunk
2025-03-18 13:38:03,945 - sec_monitor - INFO - Timestamp: 2025-03-18 13:38:03
2025-03-18 13:38:04,409 - sec_monitor - INFO - token percentage = 50%
2025-03-18 13:38:04,410 - sec_monitor - INFO - Making API call - Attempt 1/3
2025-03-18 13:38:04,410 - sec_monitor - INFO - Timestamp: 2025-03-18 13:38:04
2025-03-18 13:38:18,996 - sec_monitor - INFO - API call successful
2025-03-18 13:38:49,027 - sec_monitor - INFO - ==================================================
2025-03-18 13:38:49,027 - sec_monitor - INFO - Processing middle chunk
2025-03-18 13:38:49,027 - sec_monitor - INFO - Timestamp: 2025-03-18 13:38:49
2025-03-18 13:38:49,556 - sec_monitor - INFO - token percentage = 50%
2025-03-18 13:38:49,556 - sec_monitor - INFO - Making API call - Attempt 1/3
2025-03-18 13:38:49,557 - sec_monitor - INFO - Timestamp: 2025-03-18 13:38:49
2025-03-18 13:39:04,208 - sec_monitor - INFO - API call successful
2025-03-18 13:39:34,218 - sec_monitor - INFO - ==================================================
2025-03-18 13:39:34,218 - sec_monitor - INFO - Processing middle chunk
2025-03-18 13:39:34,218 - sec_monitor - INFO - Timestamp: 2025-03-18 13:39:34
2025-03-18 13:39:34,530 - sec_monitor - INFO - token percentage = 50%
2025-03-18 13:39:34,530 - sec_monitor - INFO - Making API call - Attempt 1/3
2025-03-18 13:39:34,530 - sec_monitor - INFO - Timestamp: 2025-03-18 13:39:34
2025-03-18 13:39:49,367 - sec_monitor - INFO - API call successful
2025-03-18 13:40:19,397 - sec_monitor - INFO - ==================================================
2025-03-18 13:40:19,397 - sec_monitor - INFO - Processing middle chunk
2025-03-18 13:40:19,397 - sec_monitor - INFO - Timestamp: 2025-03-18 13:40:19
2025-03-18 13:40:19,695 - sec_monitor - INFO - token percentage = 50%
2025-03-18 13:40:19,695 - sec_monitor - INFO - Making API call - Attempt 1/3
2025-03-18 13:40:19,695 - sec_monitor - INFO - Timestamp: 2025-03-18 13:40:19
2025-03-18 13:40:34,436 - sec_monitor - INFO - API call successful
2025-03-18 13:41:04,466 - sec_monitor - INFO - ==================================================
2025-03-18 13:41:04,467 - sec_monitor - INFO - Processing middle chunk
2025-03-18 13:41:04,467 - sec_monitor - INFO - Timestamp: 2025-03-18 13:41:04
2025-03-18 13:41:04,787 - sec_monitor - INFO - token percentage = 50%
2025-03-18 13:41:04,787 - sec_monitor - INFO - Making API call - Attempt 1/3
2025-03-18 13:41:04,787 - sec_monitor - INFO - Timestamp: 2025-03-18 13:41:04
2025-03-18 13:41:19,184 - sec_monitor - INFO - API call successful
2025-03-18 13:41:49,215 - sec_monitor - INFO - ==================================================
2025-03-18 13:41:49,215 - sec_monitor - INFO - Processing middle chunk
2025-03-18 13:41:49,215 - sec_monitor - INFO - Timestamp: 2025-03-18 13:41:49
2025-03-18 13:41:49,540 - sec_monitor - INFO - token percentage = 50%
2025-03-18 13:41:49,541 - sec_monitor - INFO - Making API call - Attempt 1/3
2025-03-18 13:41:49,541 - sec_monitor - INFO - Timestamp: 2025-03-18 13:41:49
2025-03-18 13:42:04,273 - sec_monitor - INFO - API call successful
2025-03-18 13:42:34,295 - sec_monitor - INFO - ==================================================
2025-03-18 13:42:34,296 - sec_monitor - INFO - Processing middle chunk
2025-03-18 13:42:34,296 - sec_monitor - INFO - Timestamp: 2025-03-18 13:42:34
2025-03-18 13:42:34,626 - sec_monitor - INFO - token percentage = 50%
2025-03-18 13:42:34,626 - sec_monitor - INFO - Making API call - Attempt 1/3
2025-03-18 13:42:34,626 - sec_monitor - INFO - Timestamp: 2025-03-18 13:42:34
2025-03-18 13:42:49,142 - sec_monitor - INFO - API call successful
2025-03-18 13:43:19,172 - sec_monitor - INFO - ==================================================
2025-03-18 13:43:19,173 - sec_monitor - INFO - Processing middle chunk
2025-03-18 13:43:19,173 - sec_monitor - INFO - Timestamp: 2025-03-18 13:43:19
2025-03-18 13:43:19,478 - sec_monitor - INFO - token percentage = 50%
2025-03-18 13:43:19,478 - sec_monitor - INFO - Making API call - Attempt 1/3
2025-03-18 13:43:19,478 - sec_monitor - INFO - Timestamp: 2025-03-18 13:43:19
2025-03-18 13:43:34,064 - sec_monitor - INFO - API call successful
2025-03-18 13:44:04,065 - sec_monitor - INFO - ==================================================
2025-03-18 13:44:04,065 - sec_monitor - INFO - Processing middle chunk
2025-03-18 13:44:04,066 - sec_monitor - INFO - Timestamp: 2025-03-18 13:44:04
2025-03-18 13:44:04,409 - sec_monitor - INFO - token percentage = 50%
2025-03-18 13:44:04,409 - sec_monitor - INFO - Making API call - Attempt 1/3
2025-03-18 13:44:04,409 - sec_monitor - INFO - Timestamp: 2025-03-18 13:44:04
2025-03-18 13:44:19,395 - sec_monitor - INFO - API call successful
2025-03-18 13:44:49,426 - sec_monitor - INFO - ==================================================
2025-03-18 13:44:49,426 - sec_monitor - INFO - Processing middle chunk
2025-03-18 13:44:49,426 - sec_monitor - INFO - Timestamp: 2025-03-18 13:44:49
2025-03-18 13:44:49,783 - sec_monitor - INFO - token percentage = 50%
2025-03-18 13:44:49,783 - sec_monitor - INFO - Making API call - Attempt 1/3
2025-03-18 13:44:49,783 - sec_monitor - INFO - Timestamp: 2025-03-18 13:44:49
2025-03-18 13:45:05,299 - sec_monitor - INFO - API call successful
2025-03-18 13:45:35,329 - sec_monitor - INFO - ==================================================
2025-03-18 13:45:35,329 - sec_monitor - INFO - Processing middle chunk
2025-03-18 13:45:35,329 - sec_monitor - INFO - Timestamp: 2025-03-18 13:45:35
2025-03-18 13:45:35,602 - sec_monitor - INFO - token percentage = 50%
2025-03-18 13:45:35,603 - sec_monitor - INFO - Making API call - Attempt 1/3
2025-03-18 13:45:35,603 - sec_monitor - INFO - Timestamp: 2025-03-18 13:45:35
2025-03-18 13:45:51,630 - sec_monitor - INFO - API call successful
2025-03-18 13:46:21,656 - sec_monitor - INFO - ==================================================
2025-03-18 13:46:21,656 - sec_monitor - INFO - Processing middle chunk
2025-03-18 13:46:21,657 - sec_monitor - INFO - Timestamp: 2025-03-18 13:46:21
2025-03-18 13:46:22,151 - sec_monitor - INFO - token percentage = 50%
2025-03-18 13:46:22,152 - sec_monitor - INFO - Making API call - Attempt 1/3
2025-03-18 13:46:22,152 - sec_monitor - INFO - Timestamp: 2025-03-18 13:46:22
2025-03-18 13:46:37,720 - sec_monitor - INFO - API call successful
2025-03-18 13:47:07,750 - sec_monitor - INFO - ==================================================
2025-03-18 13:47:07,751 - sec_monitor - INFO - Processing middle chunk
2025-03-18 13:47:07,751 - sec_monitor - INFO - Timestamp: 2025-03-18 13:47:07
2025-03-18 13:47:08,087 - sec_monitor - INFO - token percentage = 50%
2025-03-18 13:47:08,087 - sec_monitor - INFO - Making API call - Attempt 1/3
2025-03-18 13:47:08,087 - sec_monitor - INFO - Timestamp: 2025-03-18 13:47:08
2025-03-18 13:47:23,564 - sec_monitor - INFO - API call successful
2025-03-18 13:47:53,565 - sec_monitor - INFO - ==================================================
2025-03-18 13:47:53,565 - sec_monitor - INFO - Processing middle chunk
2025-03-18 13:47:53,565 - sec_monitor - INFO - Timestamp: 2025-03-18 13:47:53
2025-03-18 13:47:53,861 - sec_monitor - INFO - token percentage = 50%
2025-03-18 13:47:53,861 - sec_monitor - INFO - Making API call - Attempt 1/3
2025-03-18 13:47:53,861 - sec_monitor - INFO - Timestamp: 2025-03-18 13:47:53
2025-03-18 13:48:08,735 - sec_monitor - INFO - API call successful
2025-03-18 13:48:38,765 - sec_monitor - INFO - ==================================================
2025-03-18 13:48:38,765 - sec_monitor - INFO - Processing middle chunk
2025-03-18 13:48:38,765 - sec_monitor - INFO - Timestamp: 2025-03-18 13:48:38
2025-03-18 13:48:39,056 - sec_monitor - INFO - token percentage = 50%
2025-03-18 13:48:39,057 - sec_monitor - INFO - Making API call - Attempt 1/3
2025-03-18 13:48:39,057 - sec_monitor - INFO - Timestamp: 2025-03-18 13:48:39
2025-03-18 13:48:53,894 - sec_monitor - INFO - API call successful
2025-03-18 13:49:23,924 - sec_monitor - INFO - ==================================================
2025-03-18 13:49:23,924 - sec_monitor - INFO - Processing middle chunk
2025-03-18 13:49:23,924 - sec_monitor - INFO - Timestamp: 2025-03-18 13:49:23
2025-03-18 13:49:24,231 - sec_monitor - INFO - token percentage = 50%
2025-03-18 13:49:24,232 - sec_monitor - INFO - Making API call - Attempt 1/3
2025-03-18 13:49:24,232 - sec_monitor - INFO - Timestamp: 2025-03-18 13:49:24
2025-03-18 13:49:39,151 - sec_monitor - INFO - API call successful
2025-03-18 13:50:09,161 - sec_monitor - INFO - ==================================================
2025-03-18 13:50:09,161 - sec_monitor - INFO - Processing middle chunk
2025-03-18 13:50:09,162 - sec_monitor - INFO - Timestamp: 2025-03-18 13:50:09
2025-03-18 13:50:09,465 - sec_monitor - INFO - token percentage = 50%
2025-03-18 13:50:09,465 - sec_monitor - INFO - Making API call - Attempt 1/3
2025-03-18 13:50:09,465 - sec_monitor - INFO - Timestamp: 2025-03-18 13:50:09
2025-03-18 13:50:24,875 - sec_monitor - INFO - API call successful
2025-03-18 13:50:54,905 - sec_monitor - INFO - ==================================================
2025-03-18 13:50:54,905 - sec_monitor - INFO - Processing middle chunk
2025-03-18 13:50:54,906 - sec_monitor - INFO - Timestamp: 2025-03-18 13:50:54
2025-03-18 13:50:55,222 - sec_monitor - INFO - token percentage = 50%
2025-03-18 13:50:55,223 - sec_monitor - INFO - Making API call - Attempt 1/3
2025-03-18 13:50:55,223 - sec_monitor - INFO - Timestamp: 2025-03-18 13:50:55
2025-03-18 13:51:10,306 - sec_monitor - INFO - API call successful
2025-03-18 13:51:40,336 - sec_monitor - INFO - ==================================================
2025-03-18 13:51:40,336 - sec_monitor - INFO - Processing middle chunk
2025-03-18 13:51:40,336 - sec_monitor - INFO - Timestamp: 2025-03-18 13:51:40
2025-03-18 13:51:40,629 - sec_monitor - INFO - token percentage = 50%
2025-03-18 13:51:40,629 - sec_monitor - INFO - Making API call - Attempt 1/3
2025-03-18 13:51:40,629 - sec_monitor - INFO - Timestamp: 2025-03-18 13:51:40
2025-03-18 13:51:55,384 - sec_monitor - INFO - API call successful
2025-03-18 13:52:25,415 - sec_monitor - INFO - ==================================================
2025-03-18 13:52:25,415 - sec_monitor - INFO - Processing middle chunk
2025-03-18 13:52:25,415 - sec_monitor - INFO - Timestamp: 2025-03-18 13:52:25
2025-03-18 13:52:25,754 - sec_monitor - INFO - token percentage = 50%
2025-03-18 13:52:25,754 - sec_monitor - INFO - Making API call - Attempt 1/3
2025-03-18 13:52:25,755 - sec_monitor - INFO - Timestamp: 2025-03-18 13:52:25
2025-03-18 13:52:40,655 - sec_monitor - INFO - API call successful
2025-03-18 13:53:10,680 - sec_monitor - INFO - ==================================================
2025-03-18 13:53:10,680 - sec_monitor - INFO - Processing middle chunk
2025-03-18 13:53:10,680 - sec_monitor - INFO - Timestamp: 2025-03-18 13:53:10
2025-03-18 13:53:10,965 - sec_monitor - INFO - token percentage = 50%
2025-03-18 13:53:10,965 - sec_monitor - INFO - Making API call - Attempt 1/3
2025-03-18 13:53:10,965 - sec_monitor - INFO - Timestamp: 2025-03-18 13:53:10
2025-03-18 13:53:25,938 - sec_monitor - INFO - API call successful
2025-03-18 13:53:55,968 - sec_monitor - INFO - ==================================================
2025-03-18 13:53:55,968 - sec_monitor - INFO - Processing middle chunk
2025-03-18 13:53:55,968 - sec_monitor - INFO - Timestamp: 2025-03-18 13:53:55
2025-03-18 13:53:56,265 - sec_monitor - INFO - token percentage = 50%
2025-03-18 13:53:56,265 - sec_monitor - INFO - Making API call - Attempt 1/3
2025-03-18 13:53:56,265 - sec_monitor - INFO - Timestamp: 2025-03-18 13:53:56
2025-03-18 13:54:11,033 - sec_monitor - INFO - API call successful
2025-03-18 13:54:41,064 - sec_monitor - INFO - ==================================================
2025-03-18 13:54:41,064 - sec_monitor - INFO - Processing middle chunk
2025-03-18 13:54:41,064 - sec_monitor - INFO - Timestamp: 2025-03-18 13:54:41
2025-03-18 13:54:41,410 - sec_monitor - INFO - token percentage = 50%
2025-03-18 13:54:41,410 - sec_monitor - INFO - Making API call - Attempt 1/3
2025-03-18 13:54:41,410 - sec_monitor - INFO - Timestamp: 2025-03-18 13:54:41
2025-03-18 13:54:59,242 - sec_monitor - INFO - API call successful
2025-03-18 13:55:29,273 - sec_monitor - INFO - ==================================================
2025-03-18 13:55:29,273 - sec_monitor - INFO - Processing middle chunk
2025-03-18 13:55:29,273 - sec_monitor - INFO - Timestamp: 2025-03-18 13:55:29
2025-03-18 13:55:29,573 - sec_monitor - INFO - token percentage = 50%
2025-03-18 13:55:29,573 - sec_monitor - INFO - Making API call - Attempt 1/3
2025-03-18 13:55:29,573 - sec_monitor - INFO - Timestamp: 2025-03-18 13:55:29
2025-03-18 13:55:45,914 - sec_monitor - INFO - API call successful
2025-03-18 13:56:15,945 - sec_monitor - INFO - ==================================================
2025-03-18 13:56:15,945 - sec_monitor - INFO - Processing middle chunk
2025-03-18 13:56:15,945 - sec_monitor - INFO - Timestamp: 2025-03-18 13:56:15
2025-03-18 13:56:16,277 - sec_monitor - INFO - token percentage = 50%
2025-03-18 13:56:16,278 - sec_monitor - INFO - Making API call - Attempt 1/3
2025-03-18 13:56:16,278 - sec_monitor - INFO - Timestamp: 2025-03-18 13:56:16
2025-03-18 13:56:31,253 - sec_monitor - INFO - API call successful
2025-03-18 13:57:01,265 - sec_monitor - INFO - ==================================================
2025-03-18 13:57:01,265 - sec_monitor - INFO - Processing middle chunk
2025-03-18 13:57:01,265 - sec_monitor - INFO - Timestamp: 2025-03-18 13:57:01
2025-03-18 13:57:01,572 - sec_monitor - INFO - token percentage = 50%
2025-03-18 13:57:01,572 - sec_monitor - INFO - Making API call - Attempt 1/3
2025-03-18 13:57:01,572 - sec_monitor - INFO - Timestamp: 2025-03-18 13:57:01
2025-03-18 13:57:16,697 - sec_monitor - INFO - API call successful
2025-03-18 13:57:46,727 - sec_monitor - INFO - ==================================================
2025-03-18 13:57:46,728 - sec_monitor - INFO - Processing middle chunk
2025-03-18 13:57:46,728 - sec_monitor - INFO - Timestamp: 2025-03-18 13:57:46
2025-03-18 13:57:47,028 - sec_monitor - INFO - token percentage = 49%
2025-03-18 13:57:47,028 - sec_monitor - INFO - Making API call - Attempt 1/3
2025-03-18 13:57:47,028 - sec_monitor - INFO - Timestamp: 2025-03-18 13:57:47
2025-03-18 13:58:01,765 - sec_monitor - INFO - API call successful
2025-03-18 13:58:31,795 - sec_monitor - INFO - ==================================================
2025-03-18 13:58:31,796 - sec_monitor - INFO - Processing middle chunk
2025-03-18 13:58:31,796 - sec_monitor - INFO - Timestamp: 2025-03-18 13:58:31
2025-03-18 13:58:32,306 - sec_monitor - INFO - token percentage = 50%
2025-03-18 13:58:32,307 - sec_monitor - INFO - Making API call - Attempt 1/3
2025-03-18 13:58:32,307 - sec_monitor - INFO - Timestamp: 2025-03-18 13:58:32
2025-03-18 13:58:47,016 - sec_monitor - INFO - API call successful
2025-03-18 13:59:17,017 - sec_monitor - INFO - ==================================================
2025-03-18 13:59:17,017 - sec_monitor - INFO - Processing middle chunk
2025-03-18 13:59:17,017 - sec_monitor - INFO - Timestamp: 2025-03-18 13:59:17
2025-03-18 13:59:17,339 - sec_monitor - INFO - token percentage = 50%
2025-03-18 13:59:17,339 - sec_monitor - INFO - Making API call - Attempt 1/3
2025-03-18 13:59:17,339 - sec_monitor - INFO - Timestamp: 2025-03-18 13:59:17
2025-03-18 13:59:32,046 - sec_monitor - INFO - API call successful
2025-03-18 14:00:02,051 - sec_monitor - INFO - ==================================================
2025-03-18 14:00:02,051 - sec_monitor - INFO - Processing middle chunk
2025-03-18 14:00:02,052 - sec_monitor - INFO - Timestamp: 2025-03-18 14:00:02
2025-03-18 14:00:02,412 - sec_monitor - INFO - token percentage = 50%
2025-03-18 14:00:02,412 - sec_monitor - INFO - Making API call - Attempt 1/3
2025-03-18 14:00:02,412 - sec_monitor - INFO - Timestamp: 2025-03-18 14:00:02
2025-03-18 14:00:17,445 - sec_monitor - INFO - API call successful
2025-03-18 14:00:47,449 - sec_monitor - INFO - ==================================================
2025-03-18 14:00:47,450 - sec_monitor - INFO - Processing middle chunk
2025-03-18 14:00:47,450 - sec_monitor - INFO - Timestamp: 2025-03-18 14:00:47
2025-03-18 14:00:47,752 - sec_monitor - INFO - token percentage = 50%
2025-03-18 14:00:47,753 - sec_monitor - INFO - Making API call - Attempt 1/3
2025-03-18 14:00:47,753 - sec_monitor - INFO - Timestamp: 2025-03-18 14:00:47
2025-03-18 14:01:02,851 - sec_monitor - INFO - API call successful
2025-03-18 14:01:32,882 - sec_monitor - INFO - ==================================================
2025-03-18 14:01:32,882 - sec_monitor - INFO - Processing middle chunk
2025-03-18 14:01:32,882 - sec_monitor - INFO - Timestamp: 2025-03-18 14:01:32
2025-03-18 14:01:33,195 - sec_monitor - INFO - token percentage = 50%
2025-03-18 14:01:33,195 - sec_monitor - INFO - Making API call - Attempt 1/3
2025-03-18 14:01:33,195 - sec_monitor - INFO - Timestamp: 2025-03-18 14:01:33
2025-03-18 14:01:48,129 - sec_monitor - INFO - API call successful
2025-03-18 14:02:18,155 - sec_monitor - INFO - ==================================================
2025-03-18 14:02:18,155 - sec_monitor - INFO - Processing middle chunk
2025-03-18 14:02:18,156 - sec_monitor - INFO - Timestamp: 2025-03-18 14:02:18
2025-03-18 14:02:18,635 - sec_monitor - INFO - token percentage = 50%
2025-03-18 14:02:18,635 - sec_monitor - INFO - Making API call - Attempt 1/3
2025-03-18 14:02:18,635 - sec_monitor - INFO - Timestamp: 2025-03-18 14:02:18
2025-03-18 14:02:33,386 - sec_monitor - INFO - API call successful
2025-03-18 14:03:03,393 - sec_monitor - INFO - ==================================================
2025-03-18 14:03:03,393 - sec_monitor - INFO - Processing middle chunk
2025-03-18 14:03:03,394 - sec_monitor - INFO - Timestamp: 2025-03-18 14:03:03
2025-03-18 14:03:03,774 - sec_monitor - INFO - token percentage = 49%
2025-03-18 14:03:03,774 - sec_monitor - INFO - Making API call - Attempt 1/3
2025-03-18 14:03:03,774 - sec_monitor - INFO - Timestamp: 2025-03-18 14:03:03
2025-03-18 14:03:18,167 - sec_monitor - INFO - API call successful
2025-03-18 14:03:48,197 - sec_monitor - INFO - ==================================================
2025-03-18 14:03:48,197 - sec_monitor - INFO - Processing middle chunk
2025-03-18 14:03:48,197 - sec_monitor - INFO - Timestamp: 2025-03-18 14:03:48
2025-03-18 14:03:48,540 - sec_monitor - INFO - token percentage = 50%
2025-03-18 14:03:48,541 - sec_monitor - INFO - Making API call - Attempt 1/3
2025-03-18 14:03:48,541 - sec_monitor - INFO - Timestamp: 2025-03-18 14:03:48
2025-03-18 14:04:03,797 - sec_monitor - INFO - API call successful
2025-03-18 14:04:33,827 - sec_monitor - INFO - ==================================================
2025-03-18 14:04:33,828 - sec_monitor - INFO - Processing middle chunk
2025-03-18 14:04:33,828 - sec_monitor - INFO - Timestamp: 2025-03-18 14:04:33
2025-03-18 14:04:34,141 - sec_monitor - INFO - token percentage = 50%
2025-03-18 14:04:34,141 - sec_monitor - INFO - Making API call - Attempt 1/3
2025-03-18 14:04:34,141 - sec_monitor - INFO - Timestamp: 2025-03-18 14:04:34
2025-03-18 14:04:48,827 - sec_monitor - INFO - API call successful
2025-03-18 14:05:18,857 - sec_monitor - INFO - ==================================================
2025-03-18 14:05:18,857 - sec_monitor - INFO - Processing middle chunk
2025-03-18 14:05:18,857 - sec_monitor - INFO - Timestamp: 2025-03-18 14:05:18
2025-03-18 14:05:19,181 - sec_monitor - INFO - token percentage = 50%
2025-03-18 14:05:19,181 - sec_monitor - INFO - Making API call - Attempt 1/3
2025-03-18 14:05:19,182 - sec_monitor - INFO - Timestamp: 2025-03-18 14:05:19
2025-03-18 14:05:34,709 - sec_monitor - INFO - API call successful
2025-03-18 14:06:04,740 - sec_monitor - INFO - ==================================================
2025-03-18 14:06:04,740 - sec_monitor - INFO - Processing last chunk
2025-03-18 14:06:04,740 - sec_monitor - INFO - Timestamp: 2025-03-18 14:06:04
2025-03-18 14:06:04,887 - sec_monitor - INFO - token percentage = 6%
2025-03-18 14:06:04,887 - sec_monitor - INFO - Making API call - Attempt 1/3
2025-03-18 14:06:04,888 - sec_monitor - INFO - Timestamp: 2025-03-18 14:06:04
2025-03-18 14:06:07,891 - sec_monitor - INFO - API call successful
2025-03-18 14:06:07,891 - sec_monitor - INFO - Making combine API call - Attempt 1/3
2025-03-18 14:06:07,892 - sec_monitor - INFO - Timestamp: 2025-03-18 14:06:07
2025-03-18 14:06:09,099 - sec_monitor - INFO - Combine API call successful
2025-03-18 14:06:10,101 - sec_monitor - INFO - Processing filing 3/3: GOOG
2025-03-18 14:06:55,069 - sec_monitor - INFO - ==================================================
2025-03-18 14:06:55,069 - sec_monitor - INFO - Processing first chunk
2025-03-18 14:06:55,070 - sec_monitor - INFO - Timestamp: 2025-03-18 14:06:55
2025-03-18 14:06:55,407 - sec_monitor - INFO - token percentage = 50%
2025-03-18 14:06:55,407 - sec_monitor - INFO - Making API call - Attempt 1/3
2025-03-18 14:06:55,407 - sec_monitor - INFO - Timestamp: 2025-03-18 14:06:55
2025-03-18 14:07:10,252 - sec_monitor - INFO - API call successful
2025-03-18 14:07:40,265 - sec_monitor - INFO - ==================================================
2025-03-18 14:07:40,265 - sec_monitor - INFO - Processing last chunk
2025-03-18 14:07:40,266 - sec_monitor - INFO - Timestamp: 2025-03-18 14:07:40
2025-03-18 14:07:40,590 - sec_monitor - INFO - token percentage = 45%
2025-03-18 14:07:40,590 - sec_monitor - INFO - Making API call - Attempt 1/3
2025-03-18 14:07:40,590 - sec_monitor - INFO - Timestamp: 2025-03-18 14:07:40
2025-03-18 14:07:54,952 - sec_monitor - INFO - API call successful
2025-03-18 14:07:54,952 - sec_monitor - INFO - Making combine API call - Attempt 1/3
2025-03-18 14:07:54,952 - sec_monitor - INFO - Timestamp: 2025-03-18 14:07:54
2025-03-18 14:07:55,723 - sec_monitor - INFO - Combine API call successful
2025-03-18 14:07:56,725 - sec_monitor - INFO - Fetching supplementary data...
2025-03-18 14:07:57,527 - sec_monitor - INFO - filing_tickers type: <class 'list'>
2025-03-18 14:07:57,527 - sec_monitor - INFO - filing_data type: <class 'list'>
2025-03-18 14:07:57,528 - sec_monitor - INFO - Market open: True
2025-03-18 14:07:57,528 - sec_monitor - INFO - Number of filing times mapped: 3
2025-03-18 14:07:57,601 - sec_monitor - INFO - Last trading day: 2025-03-18
2025-03-18 14:07:57,601 - sec_monitor - INFO - Processing ticker: CMI
2025-03-18 14:07:57,880 - sec_monitor - INFO - Number of bars for CMI: 3
2025-03-18 14:07:57,880 - sec_monitor - INFO - Last bar close for CMI: 326.07
2025-03-18 14:07:57,881 - sec_monitor - INFO - Market open price for CMI: 326.07, change: 1.2922866639743928%
2025-03-18 14:07:57,881 - sec_monitor - INFO - Processing ticker: VLO
2025-03-18 14:07:57,959 - sec_monitor - INFO - Number of bars for VLO: 3
2025-03-18 14:07:57,960 - sec_monitor - INFO - Last bar close for VLO: 133.02
2025-03-18 14:07:57,960 - sec_monitor - INFO - Market open price for VLO: 133.02, change: 2.9805682434001883%
2025-03-18 14:07:57,960 - sec_monitor - INFO - Processing ticker: GOOG
2025-03-18 14:07:58,039 - sec_monitor - INFO - Number of bars for GOOG: 3
2025-03-18 14:07:58,039 - sec_monitor - INFO - Last bar close for GOOG: 166.575
2025-03-18 14:07:58,040 - sec_monitor - INFO - Market open price for GOOG: 166.575, change: -0.5878491286703351%
2025-03-18 14:07:59,250 - sec_monitor - INFO - Generating final output...
2025-03-18 14:07:59,252 - sec_monitor - INFO - Successfully merged 3 new filings with existing JSON
2025-03-18 14:07:59,252 - sec_monitor - INFO - Cumulative stats - Input words: 1561036, Output words: 1232
2025-03-18 14:07:59,252 - sec_monitor - INFO - Successfully saved/merged output to output/sec_filings.json
2025-03-18 14:07:59,252 - sec_monitor - INFO - Processing complete. Stats: {'input_words': 993844, 'output_words': 153, 'filings_processed': 3}
2025-03-18 15:20:46,435 - sec_monitor - INFO - Starting SEC filing monitor 
2025-03-18 15:20:46,435 - sec_monitor - INFO - Loading S&P 500 data...
2025-03-18 15:20:46,436 - sec_monitor - INFO - Starting S&P 500 data initialization
2025-03-18 15:20:46,436 - sec_monitor - INFO - Successfully loaded 503 S&P 500 tickers
2025-03-18 15:20:46,436 - sec_monitor - INFO - Successfully loaded 503 S&P 500 tickers
2025-03-18 15:20:46,436 - sec_monitor - INFO - Initializing components...
2025-03-18 15:20:46,436 - sec_monitor - INFO - Initializing components
2025-03-18 15:20:46,436 - sec_monitor - INFO - SEC fetcher initialized
2025-03-18 15:20:46,437 - sec_monitor - INFO - Filing analyzer initialized
2025-03-18 15:20:46,437 - sec_monitor - INFO - Alpaca clients initialized
2025-03-18 15:20:46,437 - sec_monitor - INFO - All components initialized successfully
2025-03-18 15:20:46,438 - sec_monitor - INFO - Found JSON file from today
2025-03-18 15:20:46,438 - sec_monitor - INFO - Found 17 previously processed accessions and 17 filing URLs
2025-03-18 15:20:46,438 - sec_monitor - INFO - Found 17 accession numbers and 17 URLs from previously processed filings
2025-03-18 15:20:46,438 - sec_monitor - INFO - Fetching SEC filings...
2025-03-18 15:21:38,325 - sec_monitor - INFO - No more entries found
2025-03-18 15:21:38,325 - sec_monitor - INFO - Completed fetching. Found 65 total filings
2025-03-18 15:21:38,325 - sec_monitor - INFO - Found 1 new interesting filings
2025-03-18 15:21:38,325 - sec_monitor - INFO - Found 1 new filings to process
2025-03-18 15:21:38,325 - sec_monitor - INFO - Processing filing 1/1: STLD
2025-03-18 15:22:08,795 - sec_monitor - INFO - ==================================================
2025-03-18 15:22:08,795 - sec_monitor - INFO - Processing first chunk
2025-03-18 15:22:08,795 - sec_monitor - INFO - Timestamp: 2025-03-18 15:22:08
2025-03-18 15:22:08,892 - sec_monitor - INFO - token percentage = 4%
2025-03-18 15:22:08,892 - sec_monitor - INFO - Making API call - Attempt 1/3
2025-03-18 15:22:08,892 - sec_monitor - INFO - Timestamp: 2025-03-18 15:22:08
2025-03-18 15:22:12,110 - sec_monitor - INFO - API call successful
2025-03-18 15:22:13,112 - sec_monitor - INFO - Fetching supplementary data...
2025-03-18 15:22:13,238 - sec_monitor - INFO - filing_tickers type: <class 'list'>
2025-03-18 15:22:13,238 - sec_monitor - INFO - filing_data type: <class 'list'>
2025-03-18 15:22:13,238 - sec_monitor - INFO - Market open: True
2025-03-18 15:22:13,238 - sec_monitor - INFO - Number of filing times mapped: 1
2025-03-18 15:22:13,248 - sec_monitor - INFO - Last trading day: 2025-03-18
2025-03-18 15:22:13,248 - sec_monitor - INFO - Processing ticker: STLD
2025-03-18 15:22:13,721 - sec_monitor - INFO - Number of bars for STLD: 3
2025-03-18 15:22:13,722 - sec_monitor - INFO - Last bar close for STLD: 124.95
2025-03-18 15:22:13,722 - sec_monitor - INFO - Market open price for STLD: 124.95, change: -1.730239874164375%
2025-03-18 15:22:14,181 - sec_monitor - INFO - Generating final output...
2025-03-18 15:22:14,182 - sec_monitor - INFO - Successfully merged 1 new filings with existing JSON
2025-03-18 15:22:14,182 - sec_monitor - INFO - Cumulative stats - Input words: 1567385, Output words: 1309
2025-03-18 15:22:14,182 - sec_monitor - INFO - Successfully saved/merged output to output/sec_filings.json
2025-03-18 15:22:14,182 - sec_monitor - INFO - Processing complete. Stats: {'input_words': 6349, 'output_words': 77, 'filings_processed': 1}
2025-03-18 18:21:57,287 - sec_monitor - INFO - Starting SEC filing monitor 
2025-03-18 18:21:57,287 - sec_monitor - INFO - Loading S&P 500 data...
2025-03-18 18:21:57,287 - sec_monitor - INFO - Starting S&P 500 data initialization
2025-03-18 18:21:57,287 - sec_monitor - INFO - Successfully loaded 503 S&P 500 tickers
2025-03-18 18:21:57,288 - sec_monitor - INFO - Successfully loaded 503 S&P 500 tickers
2025-03-18 18:21:57,288 - sec_monitor - INFO - Initializing components...
2025-03-18 18:21:57,288 - sec_monitor - INFO - Initializing components
2025-03-18 18:21:57,288 - sec_monitor - INFO - SEC fetcher initialized
2025-03-18 18:21:57,288 - sec_monitor - INFO - Filing analyzer initialized
2025-03-18 18:21:57,288 - sec_monitor - INFO - Alpaca clients initialized
2025-03-18 18:21:57,288 - sec_monitor - INFO - All components initialized successfully
2025-03-18 18:21:57,289 - sec_monitor - INFO - Found JSON file from today
2025-03-18 18:21:57,290 - sec_monitor - INFO - Found 18 previously processed accessions and 18 filing URLs
2025-03-18 18:21:57,290 - sec_monitor - INFO - Found 18 accession numbers and 18 URLs from previously processed filings
2025-03-18 18:21:57,290 - sec_monitor - INFO - Fetching SEC filings...
2025-03-18 18:22:26,077 - sec_monitor - INFO - No more entries found
2025-03-18 18:22:26,077 - sec_monitor - INFO - Completed fetching. Found 71 total filings
2025-03-18 18:22:26,077 - sec_monitor - INFO - Found 0 new interesting filings
2025-03-18 18:22:26,077 - sec_monitor - INFO - No new filings to process
2025-03-18 21:10:24,736 - sec_monitor - INFO - Starting SEC filing monitor 
2025-03-18 21:10:24,736 - sec_monitor - INFO - Loading S&P 500 data...
2025-03-18 21:10:24,736 - sec_monitor - INFO - Starting S&P 500 data initialization
2025-03-18 21:10:24,736 - sec_monitor - INFO - Successfully loaded 503 S&P 500 tickers
2025-03-18 21:10:24,737 - sec_monitor - INFO - Successfully loaded 503 S&P 500 tickers
2025-03-18 21:10:24,737 - sec_monitor - INFO - Initializing components...
2025-03-18 21:10:24,737 - sec_monitor - INFO - Initializing components
2025-03-18 21:10:24,737 - sec_monitor - INFO - SEC fetcher initialized
2025-03-18 21:10:24,737 - sec_monitor - INFO - Filing analyzer initialized
2025-03-18 21:10:24,737 - sec_monitor - INFO - Alpaca clients initialized
2025-03-18 21:10:24,737 - sec_monitor - INFO - All components initialized successfully
2025-03-18 21:10:24,738 - sec_monitor - INFO - Found JSON file from today
2025-03-18 21:10:24,739 - sec_monitor - INFO - Found 18 previously processed accessions and 18 filing URLs
2025-03-18 21:10:24,739 - sec_monitor - INFO - Found 18 accession numbers and 18 URLs from previously processed filings
2025-03-18 21:10:24,739 - sec_monitor - INFO - Fetching SEC filings...
2025-03-18 21:10:42,421 - sec_monitor - INFO - No more entries found
2025-03-18 21:10:42,421 - sec_monitor - INFO - Completed fetching. Found 130 total filings
2025-03-18 21:10:42,421 - sec_monitor - INFO - Found 4 new interesting filings
2025-03-18 21:10:42,421 - sec_monitor - INFO - Found 4 new filings to process
2025-03-18 21:10:42,421 - sec_monitor - INFO - Processing filing 1/4: EQT
2025-03-18 21:11:13,281 - sec_monitor - INFO - ==================================================
2025-03-18 21:11:13,282 - sec_monitor - INFO - Processing first chunk
2025-03-18 21:11:13,282 - sec_monitor - INFO - Timestamp: 2025-03-18 21:11:13
2025-03-18 21:11:13,419 - sec_monitor - INFO - token percentage = 7%
2025-03-18 21:11:13,419 - sec_monitor - INFO - Making API call - Attempt 1/3
2025-03-18 21:11:13,420 - sec_monitor - INFO - Timestamp: 2025-03-18 21:11:13
2025-03-18 21:11:17,626 - sec_monitor - INFO - API call successful
2025-03-18 21:11:18,627 - sec_monitor - INFO - Processing filing 2/4: YUM
2025-03-18 21:11:52,446 - sec_monitor - INFO - ==================================================
2025-03-18 21:11:52,446 - sec_monitor - INFO - Processing first chunk
2025-03-18 21:11:52,447 - sec_monitor - INFO - Timestamp: 2025-03-18 21:11:52
2025-03-18 21:11:52,703 - sec_monitor - INFO - token percentage = 49%
2025-03-18 21:11:52,703 - sec_monitor - INFO - Making API call - Attempt 1/3
2025-03-18 21:11:52,703 - sec_monitor - INFO - Timestamp: 2025-03-18 21:11:52
2025-03-18 21:12:07,484 - sec_monitor - INFO - API call successful
2025-03-18 21:12:08,485 - sec_monitor - INFO - Processing filing 3/4: PHM
2025-03-18 21:12:39,315 - sec_monitor - INFO - ==================================================
2025-03-18 21:12:39,315 - sec_monitor - INFO - Processing first chunk
2025-03-18 21:12:39,315 - sec_monitor - INFO - Timestamp: 2025-03-18 21:12:39
2025-03-18 21:12:39,410 - sec_monitor - INFO - token percentage = 12%
2025-03-18 21:12:39,411 - sec_monitor - INFO - Making API call - Attempt 1/3
2025-03-18 21:12:39,411 - sec_monitor - INFO - Timestamp: 2025-03-18 21:12:39
2025-03-18 21:12:43,796 - sec_monitor - INFO - API call successful
2025-03-18 21:12:44,797 - sec_monitor - INFO - Processing filing 4/4: MOH
2025-03-18 21:13:15,253 - sec_monitor - INFO - ==================================================
2025-03-18 21:13:15,254 - sec_monitor - INFO - Processing first chunk
2025-03-18 21:13:15,254 - sec_monitor - INFO - Timestamp: 2025-03-18 21:13:15
2025-03-18 21:13:15,332 - sec_monitor - INFO - token percentage = 3%
2025-03-18 21:13:15,332 - sec_monitor - INFO - Making API call - Attempt 1/3
2025-03-18 21:13:15,332 - sec_monitor - INFO - Timestamp: 2025-03-18 21:13:15
2025-03-18 21:13:16,888 - sec_monitor - INFO - API call successful
2025-03-18 21:13:17,890 - sec_monitor - INFO - Fetching supplementary data...
2025-03-18 21:13:18,267 - sec_monitor - INFO - filing_tickers type: <class 'list'>
2025-03-18 21:13:18,267 - sec_monitor - INFO - filing_data type: <class 'list'>
2025-03-18 21:13:18,267 - sec_monitor - INFO - Market open: False
2025-03-18 21:13:18,267 - sec_monitor - INFO - Number of filing times mapped: 4
2025-03-18 21:13:18,279 - sec_monitor - INFO - Last trading day: 2025-03-18
2025-03-18 21:13:18,279 - sec_monitor - INFO - Processing ticker: EQT
2025-03-18 21:13:18,589 - sec_monitor - INFO - Number of bars for EQT: 3
2025-03-18 21:13:18,589 - sec_monitor - INFO - Last bar close for EQT: 51.65
2025-03-18 21:13:18,589 - sec_monitor - INFO - Outside market hours price for EQT: 51.65
2025-03-18 21:13:18,589 - sec_monitor - INFO - Processing ticker: YUM
2025-03-18 21:13:18,605 - sec_monitor - INFO - Number of bars for YUM: 3
2025-03-18 21:13:18,605 - sec_monitor - INFO - Last bar close for YUM: 157.15
2025-03-18 21:13:18,605 - sec_monitor - INFO - Outside market hours price for YUM: 157.15
2025-03-18 21:13:18,605 - sec_monitor - INFO - Processing ticker: PHM
2025-03-18 21:13:18,625 - sec_monitor - INFO - Number of bars for PHM: 3
2025-03-18 21:13:18,626 - sec_monitor - INFO - Last bar close for PHM: 103.94
2025-03-18 21:13:18,626 - sec_monitor - INFO - Outside market hours price for PHM: 103.94
2025-03-18 21:13:18,626 - sec_monitor - INFO - Processing ticker: MOH
2025-03-18 21:13:18,644 - sec_monitor - INFO - Number of bars for MOH: 3
2025-03-18 21:13:18,644 - sec_monitor - INFO - Last bar close for MOH: 316.0
2025-03-18 21:13:18,644 - sec_monitor - INFO - Outside market hours price for MOH: 316.0
2025-03-18 21:13:19,855 - sec_monitor - INFO - Generating final output...
2025-03-18 21:13:19,856 - sec_monitor - INFO - Successfully merged 4 new filings with existing JSON
2025-03-18 21:13:19,856 - sec_monitor - INFO - Cumulative stats - Input words: 1629345, Output words: 1634
2025-03-18 21:13:19,856 - sec_monitor - INFO - Successfully saved/merged output to output/sec_filings.json
2025-03-18 21:13:19,856 - sec_monitor - INFO - Processing complete. Stats: {'input_words': 61960, 'output_words': 325, 'filings_processed': 4}
