2025-05-27 11:10:10,032 - sec_monitor - INFO - Starting SEC filing monitor 
2025-05-27 11:10:10,032 - sec_monitor - INFO - Loading S&P 500 data...
2025-05-27 11:10:10,032 - sec_monitor - INFO - Starting S&P 500 data initialization
2025-05-27 11:10:10,032 - sec_monitor - INFO - Successfully loaded 503 S&P 500 tickers
2025-05-27 11:10:10,032 - sec_monitor - INFO - Successfully loaded 503 S&P 500 tickers
2025-05-27 11:10:10,033 - sec_monitor - INFO - Initializing components...
2025-05-27 11:10:10,033 - sec_monitor - INFO - Initializing components
2025-05-27 11:10:10,033 - sec_monitor - INFO - SEC fetcher initialized
2025-05-27 11:10:10,033 - sec_monitor - INFO - Filing analyzer initialized
2025-05-27 11:10:10,033 - sec_monitor - INFO - Alpaca clients initialized
2025-05-27 11:10:10,033 - sec_monitor - INFO - All components initialized successfully
2025-05-27 11:10:10,033 - sec_monitor - INFO - No existing JSON file found
2025-05-27 11:10:10,033 - sec_monitor - INFO - Starting new filing collection for today
2025-05-27 11:10:10,033 - sec_monitor - INFO - Fetching SEC filings...
2025-05-27 11:10:10,838 - sec_monitor - INFO - Reached old filing, stopping. Found 4 total filings
2025-05-27 11:10:10,839 - sec_monitor - INFO - Found 3 new interesting filings
2025-05-27 11:10:10,839 - sec_monitor - INFO - Found 3 new filings to process
2025-05-27 11:10:10,839 - sec_monitor - INFO - Processing filing 1/3: AZO
2025-05-27 11:10:41,600 - sec_monitor - INFO - ==================================================
2025-05-27 11:10:41,600 - sec_monitor - INFO - Processing first chunk
2025-05-27 11:10:41,600 - sec_monitor - INFO - Timestamp: 2025-05-27 11:10:41
2025-05-27 11:10:41,789 - sec_monitor - INFO - token percentage = 4%
2025-05-27 11:10:41,789 - sec_monitor - INFO - Making API call - Attempt 1/3
2025-05-27 11:10:41,789 - sec_monitor - INFO - Timestamp: 2025-05-27 11:10:41
2025-05-27 11:10:47,957 - sec_monitor - INFO - API call successful
2025-05-27 11:10:48,958 - sec_monitor - INFO - Processing filing 2/3: IVZ
2025-05-27 11:11:19,320 - sec_monitor - INFO - ==================================================
2025-05-27 11:11:19,320 - sec_monitor - INFO - Processing first chunk
2025-05-27 11:11:19,320 - sec_monitor - INFO - Timestamp: 2025-05-27 11:11:19
2025-05-27 11:11:19,419 - sec_monitor - INFO - token percentage = 2%
2025-05-27 11:11:19,419 - sec_monitor - INFO - Making API call - Attempt 1/3
2025-05-27 11:11:19,419 - sec_monitor - INFO - Timestamp: 2025-05-27 11:11:19
2025-05-27 11:11:22,995 - sec_monitor - INFO - API call successful
2025-05-27 11:11:23,996 - sec_monitor - INFO - Processing filing 3/3: MDLZ
2025-05-27 11:11:54,559 - sec_monitor - INFO - ==================================================
2025-05-27 11:11:54,560 - sec_monitor - INFO - Processing first chunk
2025-05-27 11:11:54,560 - sec_monitor - INFO - Timestamp: 2025-05-27 11:11:54
2025-05-27 11:11:54,694 - sec_monitor - INFO - token percentage = 3%
2025-05-27 11:11:54,694 - sec_monitor - INFO - Making API call - Attempt 1/3
2025-05-27 11:11:54,695 - sec_monitor - INFO - Timestamp: 2025-05-27 11:11:54
2025-05-27 11:12:00,883 - sec_monitor - INFO - API call successful
2025-05-27 11:12:01,885 - sec_monitor - INFO - Fetching supplementary data...
2025-05-27 11:12:02,072 - sec_monitor - INFO - filing_tickers type: <class 'list'>
2025-05-27 11:12:02,072 - sec_monitor - INFO - filing_data type: <class 'list'>
2025-05-27 11:12:02,072 - sec_monitor - INFO - Market open: False
2025-05-27 11:12:02,073 - sec_monitor - INFO - Number of filing times mapped: 3
2025-05-27 11:12:02,079 - sec_monitor - INFO - Last trading day: 2025-05-27
2025-05-27 11:12:02,079 - sec_monitor - INFO - Processing ticker: AZO
2025-05-27 11:12:02,612 - sec_monitor - INFO - Number of bars for AZO: 2
2025-05-27 11:12:02,612 - sec_monitor - INFO - Last bar close for AZO: 3827.92
2025-05-27 11:12:02,612 - sec_monitor - INFO - Outside market hours price for AZO: 3827.92
2025-05-27 11:12:02,612 - sec_monitor - INFO - Processing ticker: IVZ
2025-05-27 11:12:02,624 - sec_monitor - INFO - Number of bars for IVZ: 2
2025-05-27 11:12:02,624 - sec_monitor - INFO - Last bar close for IVZ: 14.37
2025-05-27 11:12:02,624 - sec_monitor - INFO - Outside market hours price for IVZ: 14.37
2025-05-27 11:12:02,624 - sec_monitor - INFO - Processing ticker: MDLZ
2025-05-27 11:12:02,634 - sec_monitor - INFO - Number of bars for MDLZ: 2
2025-05-27 11:12:02,634 - sec_monitor - INFO - Last bar close for MDLZ: 66.16
2025-05-27 11:12:02,634 - sec_monitor - INFO - Outside market hours price for MDLZ: 66.16
2025-05-27 11:12:03,467 - sec_monitor - INFO - Generating final output...
2025-05-27 11:12:03,467 - sec_monitor - INFO - Successfully saved/merged output to output/sec_filings.json
2025-05-27 11:12:03,467 - sec_monitor - INFO - Processing complete. Stats: {'input_words': 15746, 'output_words': 220, 'filings_processed': 3}
