2025-03-25 11:09:38,378 - sec_monitor - INFO - Starting SEC filing monitor 
2025-03-25 11:09:38,378 - sec_monitor - INFO - Loading S&P 500 data...
2025-03-25 11:09:38,378 - sec_monitor - INFO - Starting S&P 500 data initialization
2025-03-25 11:09:38,378 - sec_monitor - INFO - Successfully loaded 503 S&P 500 tickers
2025-03-25 11:09:38,378 - sec_monitor - INFO - Successfully loaded 503 S&P 500 tickers
2025-03-25 11:09:38,378 - sec_monitor - INFO - Initializing components...
2025-03-25 11:09:38,379 - sec_monitor - INFO - Initializing components
2025-03-25 11:09:38,379 - sec_monitor - INFO - SEC fetcher initialized
2025-03-25 11:09:38,379 - sec_monitor - INFO - Filing analyzer initialized
2025-03-25 11:09:38,379 - sec_monitor - INFO - Alpaca clients initialized
2025-03-25 11:09:38,379 - sec_monitor - INFO - All components initialized successfully
2025-03-25 11:09:38,380 - sec_monitor - INFO - Found old JSON file, archiving
2025-03-25 11:09:38,380 - sec_monitor - INFO - Starting new filing collection for today
2025-03-25 11:09:38,380 - sec_monitor - INFO - Fetching SEC filings...
2025-03-25 11:09:53,409 - sec_monitor - INFO - No more entries found
2025-03-25 11:09:53,409 - sec_monitor - INFO - Completed fetching. Found 102 total filings
2025-03-25 11:09:53,409 - sec_monitor - INFO - Found 9 new interesting filings
2025-03-25 11:09:53,410 - sec_monitor - INFO - Found 9 new filings to process
2025-03-25 11:09:53,410 - sec_monitor - INFO - Processing filing 1/9: NWS
2025-03-25 11:10:24,146 - sec_monitor - INFO - ==================================================
2025-03-25 11:10:24,147 - sec_monitor - INFO - Processing first chunk
2025-03-25 11:10:24,147 - sec_monitor - INFO - Timestamp: 2025-03-25 11:10:24
2025-03-25 11:10:24,366 - sec_monitor - INFO - token percentage = 7%
2025-03-25 11:10:24,366 - sec_monitor - INFO - Making API call - Attempt 1/3
2025-03-25 11:10:24,366 - sec_monitor - INFO - Timestamp: 2025-03-25 11:10:24
2025-03-25 11:10:28,920 - sec_monitor - INFO - API call successful
2025-03-25 11:10:29,921 - sec_monitor - INFO - Processing filing 2/9: OTIS
2025-03-25 11:11:00,843 - sec_monitor - INFO - ==================================================
2025-03-25 11:11:00,844 - sec_monitor - INFO - Processing first chunk
2025-03-25 11:11:00,844 - sec_monitor - INFO - Timestamp: 2025-03-25 11:11:00
2025-03-25 11:11:01,234 - sec_monitor - INFO - token percentage = 9%
2025-03-25 11:11:01,234 - sec_monitor - INFO - Making API call - Attempt 1/3
2025-03-25 11:11:01,234 - sec_monitor - INFO - Timestamp: 2025-03-25 11:11:01
2025-03-25 11:11:05,042 - sec_monitor - INFO - API call successful
2025-03-25 11:11:06,044 - sec_monitor - INFO - Processing filing 3/9: EG
2025-03-25 11:11:37,026 - sec_monitor - INFO - ==================================================
2025-03-25 11:11:37,027 - sec_monitor - INFO - Processing first chunk
2025-03-25 11:11:37,027 - sec_monitor - INFO - Timestamp: 2025-03-25 11:11:37
2025-03-25 11:11:37,253 - sec_monitor - INFO - token percentage = 8%
2025-03-25 11:11:37,253 - sec_monitor - INFO - Making API call - Attempt 1/3
2025-03-25 11:11:37,253 - sec_monitor - INFO - Timestamp: 2025-03-25 11:11:37
2025-03-25 11:11:41,094 - sec_monitor - INFO - API call successful
2025-03-25 11:11:42,095 - sec_monitor - INFO - Processing filing 4/9: CCI
2025-03-25 11:12:12,640 - sec_monitor - INFO - ==================================================
2025-03-25 11:12:12,640 - sec_monitor - INFO - Processing first chunk
2025-03-25 11:12:12,640 - sec_monitor - INFO - Timestamp: 2025-03-25 11:12:12
2025-03-25 11:12:12,787 - sec_monitor - INFO - token percentage = 5%
2025-03-25 11:12:12,788 - sec_monitor - INFO - Making API call - Attempt 1/3
2025-03-25 11:12:12,788 - sec_monitor - INFO - Timestamp: 2025-03-25 11:12:12
2025-03-25 11:12:15,970 - sec_monitor - INFO - API call successful
2025-03-25 11:12:16,971 - sec_monitor - INFO - Processing filing 5/9: ED
2025-03-25 11:12:48,421 - sec_monitor - INFO - ==================================================
2025-03-25 11:12:48,421 - sec_monitor - INFO - Processing first chunk
2025-03-25 11:12:48,421 - sec_monitor - INFO - Timestamp: 2025-03-25 11:12:48
2025-03-25 11:12:49,010 - sec_monitor - INFO - token percentage = 14%
2025-03-25 11:12:49,010 - sec_monitor - INFO - Making API call - Attempt 1/3
2025-03-25 11:12:49,010 - sec_monitor - INFO - Timestamp: 2025-03-25 11:12:49
2025-03-25 11:12:54,748 - sec_monitor - INFO - API call successful
2025-03-25 11:12:55,750 - sec_monitor - INFO - Processing filing 6/9: CTAS
2025-03-25 11:13:26,342 - sec_monitor - INFO - ==================================================
2025-03-25 11:13:26,343 - sec_monitor - INFO - Processing first chunk
2025-03-25 11:13:26,343 - sec_monitor - INFO - Timestamp: 2025-03-25 11:13:26
2025-03-25 11:13:26,481 - sec_monitor - INFO - token percentage = 5%
2025-03-25 11:13:26,481 - sec_monitor - INFO - Making API call - Attempt 1/3
2025-03-25 11:13:26,481 - sec_monitor - INFO - Timestamp: 2025-03-25 11:13:26
2025-03-25 11:13:29,512 - sec_monitor - INFO - API call successful
2025-03-25 11:13:30,513 - sec_monitor - INFO - Processing filing 7/9: LOW
2025-03-25 11:14:29,756 - sec_monitor - INFO - ==================================================
2025-03-25 11:14:29,756 - sec_monitor - INFO - Processing first chunk
2025-03-25 11:14:29,756 - sec_monitor - INFO - Timestamp: 2025-03-25 11:14:29
2025-03-25 11:14:30,969 - sec_monitor - INFO - token percentage = 44%
2025-03-25 11:14:30,969 - sec_monitor - INFO - Making API call - Attempt 1/3
2025-03-25 11:14:30,969 - sec_monitor - INFO - Timestamp: 2025-03-25 11:14:30
2025-03-25 11:14:45,758 - sec_monitor - INFO - API call successful
2025-03-25 11:15:15,760 - sec_monitor - INFO - ==================================================
2025-03-25 11:15:15,761 - sec_monitor - INFO - Processing middle chunk
2025-03-25 11:15:15,761 - sec_monitor - INFO - Timestamp: 2025-03-25 11:15:15
2025-03-25 11:15:16,650 - sec_monitor - INFO - token percentage = 62%
2025-03-25 11:15:16,650 - sec_monitor - INFO - Making API call - Attempt 1/3
2025-03-25 11:15:16,650 - sec_monitor - INFO - Timestamp: 2025-03-25 11:15:16
2025-03-25 11:15:36,763 - sec_monitor - INFO - API call successful
2025-03-25 11:16:06,793 - sec_monitor - INFO - ==================================================
2025-03-25 11:16:06,793 - sec_monitor - INFO - Processing middle chunk
2025-03-25 11:16:06,793 - sec_monitor - INFO - Timestamp: 2025-03-25 11:16:06
2025-03-25 11:16:07,928 - sec_monitor - INFO - token percentage = 45%
2025-03-25 11:16:07,929 - sec_monitor - INFO - Making API call - Attempt 1/3
2025-03-25 11:16:07,929 - sec_monitor - INFO - Timestamp: 2025-03-25 11:16:07
2025-03-25 11:16:23,847 - sec_monitor - INFO - API call successful
2025-03-25 11:16:53,872 - sec_monitor - INFO - ==================================================
2025-03-25 11:16:53,873 - sec_monitor - INFO - Processing middle chunk
2025-03-25 11:16:53,873 - sec_monitor - INFO - Timestamp: 2025-03-25 11:16:53
2025-03-25 11:16:54,649 - sec_monitor - INFO - token percentage = 45%
2025-03-25 11:16:54,650 - sec_monitor - INFO - Making API call - Attempt 1/3
2025-03-25 11:16:54,650 - sec_monitor - INFO - Timestamp: 2025-03-25 11:16:54
2025-03-25 11:17:09,918 - sec_monitor - INFO - API call successful
2025-03-25 11:17:39,928 - sec_monitor - INFO - ==================================================
2025-03-25 11:17:39,929 - sec_monitor - INFO - Processing last chunk
2025-03-25 11:17:39,929 - sec_monitor - INFO - Timestamp: 2025-03-25 11:17:39
2025-03-25 11:17:40,328 - sec_monitor - INFO - token percentage = 25%
2025-03-25 11:17:40,329 - sec_monitor - INFO - Making API call - Attempt 1/3
2025-03-25 11:17:40,329 - sec_monitor - INFO - Timestamp: 2025-03-25 11:17:40
2025-03-25 11:17:48,440 - sec_monitor - INFO - API call successful
2025-03-25 11:17:48,440 - sec_monitor - INFO - Making combine API call - Attempt 1/3
2025-03-25 11:17:48,440 - sec_monitor - INFO - Timestamp: 2025-03-25 11:17:48
2025-03-25 11:17:49,379 - sec_monitor - INFO - Combine API call successful
2025-03-25 11:17:50,381 - sec_monitor - INFO - Processing filing 8/9: DIS
2025-03-25 11:18:20,818 - sec_monitor - INFO - ==================================================
2025-03-25 11:18:20,818 - sec_monitor - INFO - Processing first chunk
2025-03-25 11:18:20,818 - sec_monitor - INFO - Timestamp: 2025-03-25 11:18:20
2025-03-25 11:18:20,939 - sec_monitor - INFO - token percentage = 3%
2025-03-25 11:18:20,939 - sec_monitor - INFO - Making API call - Attempt 1/3
2025-03-25 11:18:20,939 - sec_monitor - INFO - Timestamp: 2025-03-25 11:18:20
2025-03-25 11:18:23,017 - sec_monitor - INFO - API call successful
2025-03-25 11:18:24,019 - sec_monitor - INFO - Processing filing 9/9: AMD
2025-03-25 11:18:54,787 - sec_monitor - INFO - ==================================================
2025-03-25 11:18:54,787 - sec_monitor - INFO - Processing first chunk
2025-03-25 11:18:54,787 - sec_monitor - INFO - Timestamp: 2025-03-25 11:18:54
2025-03-25 11:18:54,982 - sec_monitor - INFO - token percentage = 8%
2025-03-25 11:18:54,983 - sec_monitor - INFO - Making API call - Attempt 1/3
2025-03-25 11:18:54,983 - sec_monitor - INFO - Timestamp: 2025-03-25 11:18:54
2025-03-25 11:18:59,294 - sec_monitor - INFO - API call successful
2025-03-25 11:19:00,296 - sec_monitor - INFO - Fetching supplementary data...
2025-03-25 11:19:00,859 - sec_monitor - INFO - filing_tickers type: <class 'list'>
2025-03-25 11:19:00,859 - sec_monitor - INFO - filing_data type: <class 'list'>
2025-03-25 11:19:00,860 - sec_monitor - INFO - Market open: False
2025-03-25 11:19:00,860 - sec_monitor - INFO - Number of filing times mapped: 9
2025-03-25 11:19:00,936 - sec_monitor - INFO - Last trading day: 2025-03-25
2025-03-25 11:19:00,936 - sec_monitor - INFO - Processing ticker: NWS
2025-03-25 11:19:01,497 - sec_monitor - INFO - Number of bars for NWS: 4
2025-03-25 11:19:01,497 - sec_monitor - INFO - Last bar close for NWS: 30.74
2025-03-25 11:19:01,497 - sec_monitor - INFO - Outside market hours price for NWS: 30.74
2025-03-25 11:19:01,497 - sec_monitor - INFO - Processing ticker: OTIS
2025-03-25 11:19:01,627 - sec_monitor - INFO - Number of bars for OTIS: 4
2025-03-25 11:19:01,628 - sec_monitor - INFO - Last bar close for OTIS: 101.38
2025-03-25 11:19:01,628 - sec_monitor - INFO - Outside market hours price for OTIS: 101.38
2025-03-25 11:19:01,628 - sec_monitor - INFO - Processing ticker: EG
2025-03-25 11:19:01,716 - sec_monitor - INFO - Number of bars for EG: 4
2025-03-25 11:19:01,716 - sec_monitor - INFO - Last bar close for EG: 359.28
2025-03-25 11:19:01,716 - sec_monitor - INFO - Outside market hours price for EG: 359.28
2025-03-25 11:19:01,716 - sec_monitor - INFO - Processing ticker: CCI
2025-03-25 11:19:01,798 - sec_monitor - INFO - Number of bars for CCI: 4
2025-03-25 11:19:01,798 - sec_monitor - INFO - Last bar close for CCI: 104.3
2025-03-25 11:19:01,798 - sec_monitor - INFO - Outside market hours price for CCI: 104.3
2025-03-25 11:19:01,798 - sec_monitor - INFO - Processing ticker: ED
2025-03-25 11:19:01,878 - sec_monitor - INFO - Number of bars for ED: 4
2025-03-25 11:19:01,878 - sec_monitor - INFO - Last bar close for ED: 106.85
2025-03-25 11:19:01,879 - sec_monitor - INFO - Outside market hours price for ED: 106.85
2025-03-25 11:19:01,879 - sec_monitor - INFO - Processing ticker: CTAS
2025-03-25 11:19:01,985 - sec_monitor - INFO - Number of bars for CTAS: 4
2025-03-25 11:19:01,986 - sec_monitor - INFO - Last bar close for CTAS: 194.48
2025-03-25 11:19:01,986 - sec_monitor - INFO - Outside market hours price for CTAS: 194.48
2025-03-25 11:19:01,986 - sec_monitor - INFO - Processing ticker: LOW
2025-03-25 11:19:02,072 - sec_monitor - INFO - Number of bars for LOW: 4
2025-03-25 11:19:02,072 - sec_monitor - INFO - Last bar close for LOW: 232.88
2025-03-25 11:19:02,072 - sec_monitor - INFO - Outside market hours price for LOW: 232.88
2025-03-25 11:19:02,072 - sec_monitor - INFO - Processing ticker: DIS
2025-03-25 11:19:02,155 - sec_monitor - INFO - Number of bars for DIS: 4
2025-03-25 11:19:02,155 - sec_monitor - INFO - Last bar close for DIS: 100.15
2025-03-25 11:19:02,155 - sec_monitor - INFO - Outside market hours price for DIS: 100.15
2025-03-25 11:19:02,155 - sec_monitor - INFO - Processing ticker: AMD
2025-03-25 11:19:02,246 - sec_monitor - INFO - Number of bars for AMD: 4
2025-03-25 11:19:02,247 - sec_monitor - INFO - Last bar close for AMD: 113.88
2025-03-25 11:19:02,247 - sec_monitor - INFO - Outside market hours price for AMD: 113.88
2025-03-25 11:19:05,390 - sec_monitor - INFO - Generating final output...
2025-03-25 11:19:05,391 - sec_monitor - INFO - Successfully saved/merged output to output/sec_filings.json
2025-03-25 11:19:05,391 - sec_monitor - INFO - Processing complete. Stats: {'input_words': 437201, 'output_words': 636, 'filings_processed': 9}
2025-03-25 12:38:17,658 - sec_monitor - INFO - Starting SEC filing monitor 
2025-03-25 12:38:17,658 - sec_monitor - INFO - Loading S&P 500 data...
2025-03-25 12:38:17,658 - sec_monitor - INFO - Starting S&P 500 data initialization
2025-03-25 12:38:17,658 - sec_monitor - INFO - Successfully loaded 503 S&P 500 tickers
2025-03-25 12:38:17,659 - sec_monitor - INFO - Successfully loaded 503 S&P 500 tickers
2025-03-25 12:38:17,659 - sec_monitor - INFO - Initializing components...
2025-03-25 12:38:17,659 - sec_monitor - INFO - Initializing components
2025-03-25 12:38:17,659 - sec_monitor - INFO - SEC fetcher initialized
2025-03-25 12:38:17,659 - sec_monitor - INFO - Filing analyzer initialized
2025-03-25 12:38:17,659 - sec_monitor - INFO - Alpaca clients initialized
2025-03-25 12:38:17,659 - sec_monitor - INFO - All components initialized successfully
2025-03-25 12:38:17,660 - sec_monitor - INFO - Found JSON file from today
2025-03-25 12:38:17,660 - sec_monitor - INFO - Found 9 previously processed accessions and 9 filing URLs
2025-03-25 12:38:17,660 - sec_monitor - INFO - Found 9 accession numbers and 9 URLs from previously processed filings
2025-03-25 12:38:17,661 - sec_monitor - INFO - Fetching SEC filings...
2025-03-25 12:38:39,297 - sec_monitor - INFO - No more entries found
2025-03-25 12:38:39,297 - sec_monitor - INFO - Completed fetching. Found 94 total filings
2025-03-25 12:38:39,297 - sec_monitor - INFO - Found 2 new interesting filings
2025-03-25 12:38:39,297 - sec_monitor - INFO - Found 2 new filings to process
2025-03-25 12:38:39,297 - sec_monitor - INFO - Processing filing 1/2: CTSH
2025-03-25 12:39:10,562 - sec_monitor - INFO - ==================================================
2025-03-25 12:39:10,562 - sec_monitor - INFO - Processing first chunk
2025-03-25 12:39:10,562 - sec_monitor - INFO - Timestamp: 2025-03-25 12:39:10
2025-03-25 12:39:10,773 - sec_monitor - INFO - token percentage = 13%
2025-03-25 12:39:10,773 - sec_monitor - INFO - Making API call - Attempt 1/3
2025-03-25 12:39:10,773 - sec_monitor - INFO - Timestamp: 2025-03-25 12:39:10
2025-03-25 12:39:16,203 - sec_monitor - INFO - API call successful
2025-03-25 12:39:17,205 - sec_monitor - INFO - Processing filing 2/2: PM
2025-03-25 12:39:50,559 - sec_monitor - INFO - ==================================================
2025-03-25 12:39:50,559 - sec_monitor - INFO - Processing first chunk
2025-03-25 12:39:50,559 - sec_monitor - INFO - Timestamp: 2025-03-25 12:39:50
2025-03-25 12:39:50,837 - sec_monitor - INFO - token percentage = 13%
2025-03-25 12:39:50,837 - sec_monitor - INFO - Making API call - Attempt 1/3
2025-03-25 12:39:50,837 - sec_monitor - INFO - Timestamp: 2025-03-25 12:39:50
2025-03-25 12:39:56,957 - sec_monitor - INFO - API call successful
2025-03-25 12:39:57,958 - sec_monitor - INFO - Fetching supplementary data...
2025-03-25 12:39:58,340 - sec_monitor - INFO - filing_tickers type: <class 'list'>
2025-03-25 12:39:58,340 - sec_monitor - INFO - filing_data type: <class 'list'>
2025-03-25 12:39:58,340 - sec_monitor - INFO - Market open: False
2025-03-25 12:39:58,341 - sec_monitor - INFO - Number of filing times mapped: 2
2025-03-25 12:39:58,348 - sec_monitor - INFO - Last trading day: 2025-03-25
2025-03-25 12:39:58,348 - sec_monitor - INFO - Processing ticker: CTSH
2025-03-25 12:39:58,652 - sec_monitor - INFO - Number of bars for CTSH: 3
2025-03-25 12:39:58,652 - sec_monitor - INFO - Last bar close for CTSH: 77.92
2025-03-25 12:39:58,652 - sec_monitor - INFO - Outside market hours price for CTSH: 77.92
2025-03-25 12:39:58,652 - sec_monitor - INFO - Processing ticker: PM
2025-03-25 12:39:58,665 - sec_monitor - INFO - Number of bars for PM: 3
2025-03-25 12:39:58,665 - sec_monitor - INFO - Last bar close for PM: 151.54
2025-03-25 12:39:58,666 - sec_monitor - INFO - Outside market hours price for PM: 151.54
2025-03-25 12:39:59,383 - sec_monitor - INFO - Generating final output...
2025-03-25 12:39:59,384 - sec_monitor - INFO - Successfully merged 2 new filings with existing JSON
2025-03-25 12:39:59,384 - sec_monitor - INFO - Cumulative stats - Input words: 467116, Output words: 817
2025-03-25 12:39:59,384 - sec_monitor - INFO - Successfully saved/merged output to output/sec_filings.json
2025-03-25 12:39:59,384 - sec_monitor - INFO - Processing complete. Stats: {'input_words': 29915, 'output_words': 181, 'filings_processed': 2}
