2025-03-07 11:08:56,750 - sec_monitor - INFO - Starting SEC filing monitor 
2025-03-07 11:08:56,751 - sec_monitor - INFO - Loading S&P 500 data...
2025-03-07 11:08:56,751 - sec_monitor - INFO - Starting S&P 500 data initialization
2025-03-07 11:08:56,751 - sec_monitor - INFO - Successfully loaded 503 S&P 500 tickers
2025-03-07 11:08:56,751 - sec_monitor - INFO - Successfully loaded 503 S&P 500 tickers
2025-03-07 11:08:56,751 - sec_monitor - INFO - Initializing components...
2025-03-07 11:08:56,751 - sec_monitor - INFO - Initializing components
2025-03-07 11:08:56,751 - sec_monitor - INFO - SEC fetcher initialized
2025-03-07 11:08:56,752 - sec_monitor - INFO - Filing analyzer initialized
2025-03-07 11:08:56,752 - sec_monitor - INFO - Alpaca clients initialized
2025-03-07 11:08:56,752 - sec_monitor - INFO - All components initialized successfully
2025-03-07 11:08:56,753 - sec_monitor - INFO - Found old JSON file, archiving
2025-03-07 11:08:56,753 - sec_monitor - INFO - Starting new filing collection for today
2025-03-07 11:08:56,753 - sec_monitor - INFO - Fetching SEC filings...
2025-03-07 11:09:13,016 - sec_monitor - INFO - No more entries found
2025-03-07 11:09:13,016 - sec_monitor - INFO - Completed fetching. Found 99 total filings
2025-03-07 11:09:13,016 - sec_monitor - INFO - Found 4 new interesting filings
2025-03-07 11:09:13,016 - sec_monitor - INFO - Found 4 new filings to process
2025-03-07 11:09:13,016 - sec_monitor - INFO - Processing filing 1/4: NWS
2025-03-07 11:09:44,056 - sec_monitor - INFO - ==================================================
2025-03-07 11:09:44,056 - sec_monitor - INFO - Processing first chunk
2025-03-07 11:09:44,056 - sec_monitor - INFO - Timestamp: 2025-03-07 11:09:44
2025-03-07 11:09:44,253 - sec_monitor - INFO - token percentage = 7%
2025-03-07 11:09:44,253 - sec_monitor - INFO - Making API call - Attempt 1/3
2025-03-07 11:09:44,253 - sec_monitor - INFO - Timestamp: 2025-03-07 11:09:44
2025-03-07 11:09:48,519 - sec_monitor - INFO - API call successful
2025-03-07 11:09:49,520 - sec_monitor - INFO - Processing filing 2/4: WBA
2025-03-07 11:10:42,538 - sec_monitor - INFO - ==================================================
2025-03-07 11:10:42,538 - sec_monitor - INFO - Processing first chunk
2025-03-07 11:10:42,538 - sec_monitor - INFO - Timestamp: 2025-03-07 11:10:42
2025-03-07 11:10:43,004 - sec_monitor - INFO - token percentage = 48%
2025-03-07 11:10:43,004 - sec_monitor - INFO - Making API call - Attempt 1/3
2025-03-07 11:10:43,004 - sec_monitor - INFO - Timestamp: 2025-03-07 11:10:43
2025-03-07 11:10:58,537 - sec_monitor - INFO - API call successful
2025-03-07 11:11:28,559 - sec_monitor - INFO - ==================================================
2025-03-07 11:11:28,559 - sec_monitor - INFO - Processing middle chunk
2025-03-07 11:11:28,559 - sec_monitor - INFO - Timestamp: 2025-03-07 11:11:28
2025-03-07 11:11:28,975 - sec_monitor - INFO - token percentage = 51%
2025-03-07 11:11:28,975 - sec_monitor - INFO - Making API call - Attempt 1/3
2025-03-07 11:11:28,975 - sec_monitor - INFO - Timestamp: 2025-03-07 11:11:28
2025-03-07 11:11:44,650 - sec_monitor - INFO - API call successful
2025-03-07 11:12:14,675 - sec_monitor - INFO - ==================================================
2025-03-07 11:12:14,676 - sec_monitor - INFO - Processing middle chunk
2025-03-07 11:12:14,676 - sec_monitor - INFO - Timestamp: 2025-03-07 11:12:14
2025-03-07 11:12:15,183 - sec_monitor - INFO - token percentage = 51%
2025-03-07 11:12:15,183 - sec_monitor - INFO - Making API call - Attempt 1/3
2025-03-07 11:12:15,184 - sec_monitor - INFO - Timestamp: 2025-03-07 11:12:15
2025-03-07 11:12:30,948 - sec_monitor - INFO - API call successful
2025-03-07 11:13:00,978 - sec_monitor - INFO - ==================================================
2025-03-07 11:13:00,978 - sec_monitor - INFO - Processing middle chunk
2025-03-07 11:13:00,979 - sec_monitor - INFO - Timestamp: 2025-03-07 11:13:00
2025-03-07 11:13:01,536 - sec_monitor - INFO - token percentage = 49%
2025-03-07 11:13:01,536 - sec_monitor - INFO - Making API call - Attempt 1/3
2025-03-07 11:13:01,536 - sec_monitor - INFO - Timestamp: 2025-03-07 11:13:01
2025-03-07 11:13:16,013 - sec_monitor - INFO - API call successful
2025-03-07 11:13:46,044 - sec_monitor - INFO - ==================================================
2025-03-07 11:13:46,044 - sec_monitor - INFO - Processing last chunk
2025-03-07 11:13:46,044 - sec_monitor - INFO - Timestamp: 2025-03-07 11:13:46
2025-03-07 11:13:46,219 - sec_monitor - INFO - token percentage = 21%
2025-03-07 11:13:46,219 - sec_monitor - INFO - Making API call - Attempt 1/3
2025-03-07 11:13:46,219 - sec_monitor - INFO - Timestamp: 2025-03-07 11:13:46
2025-03-07 11:13:52,688 - sec_monitor - INFO - API call successful
2025-03-07 11:13:52,688 - sec_monitor - INFO - Making combine API call - Attempt 1/3
2025-03-07 11:13:52,688 - sec_monitor - INFO - Timestamp: 2025-03-07 11:13:52
2025-03-07 11:13:53,704 - sec_monitor - INFO - Combine API call successful
2025-03-07 11:13:54,705 - sec_monitor - INFO - Processing filing 3/4: PFG
2025-03-07 11:14:25,430 - sec_monitor - INFO - ==================================================
2025-03-07 11:14:25,430 - sec_monitor - INFO - Processing first chunk
2025-03-07 11:14:25,430 - sec_monitor - INFO - Timestamp: 2025-03-07 11:14:25
2025-03-07 11:14:25,598 - sec_monitor - INFO - token percentage = 3%
2025-03-07 11:14:25,598 - sec_monitor - INFO - Making API call - Attempt 1/3
2025-03-07 11:14:25,598 - sec_monitor - INFO - Timestamp: 2025-03-07 11:14:25
2025-03-07 11:14:28,974 - sec_monitor - INFO - API call successful
2025-03-07 11:14:29,975 - sec_monitor - INFO - Processing filing 4/4: PYPL
2025-03-07 11:15:01,787 - sec_monitor - INFO - ==================================================
2025-03-07 11:15:01,788 - sec_monitor - INFO - Processing first chunk
2025-03-07 11:15:01,788 - sec_monitor - INFO - Timestamp: 2025-03-07 11:15:01
2025-03-07 11:15:02,160 - sec_monitor - INFO - token percentage = 13%
2025-03-07 11:15:02,160 - sec_monitor - INFO - Making API call - Attempt 1/3
2025-03-07 11:15:02,160 - sec_monitor - INFO - Timestamp: 2025-03-07 11:15:02
2025-03-07 11:15:08,315 - sec_monitor - INFO - API call successful
2025-03-07 11:15:09,317 - sec_monitor - INFO - Fetching supplementary data...
2025-03-07 11:15:11,128 - sec_monitor - INFO - filing_tickers type: <class 'list'>
2025-03-07 11:15:11,128 - sec_monitor - INFO - filing_data type: <class 'list'>
2025-03-07 11:15:11,128 - sec_monitor - INFO - Market open: False
2025-03-07 11:15:11,128 - sec_monitor - INFO - Number of filing times mapped: 4
2025-03-07 11:15:11,195 - sec_monitor - INFO - Last trading day: 2025-03-07
2025-03-07 11:15:11,195 - sec_monitor - INFO - Processing ticker: NWS
2025-03-07 11:15:11,975 - sec_monitor - INFO - Number of bars for NWS: 4
2025-03-07 11:15:11,975 - sec_monitor - INFO - Last bar close for NWS: 31.88
2025-03-07 11:15:11,975 - sec_monitor - INFO - Outside market hours price for NWS: 31.88
2025-03-07 11:15:11,976 - sec_monitor - INFO - Processing ticker: WBA
2025-03-07 11:15:12,051 - sec_monitor - INFO - Number of bars for WBA: 4
2025-03-07 11:15:12,051 - sec_monitor - INFO - Last bar close for WBA: 10.6
2025-03-07 11:15:12,051 - sec_monitor - INFO - Outside market hours price for WBA: 10.6
2025-03-07 11:15:12,051 - sec_monitor - INFO - Processing ticker: PFG
2025-03-07 11:15:12,126 - sec_monitor - INFO - Number of bars for PFG: 4
2025-03-07 11:15:12,126 - sec_monitor - INFO - Last bar close for PFG: 86.62
2025-03-07 11:15:12,126 - sec_monitor - INFO - Outside market hours price for PFG: 86.62
2025-03-07 11:15:12,126 - sec_monitor - INFO - Processing ticker: PYPL
2025-03-07 11:15:12,201 - sec_monitor - INFO - Number of bars for PYPL: 4
2025-03-07 11:15:12,201 - sec_monitor - INFO - Last bar close for PYPL: 68.1
2025-03-07 11:15:12,201 - sec_monitor - INFO - Outside market hours price for PYPL: 68.1
2025-03-07 11:15:13,872 - sec_monitor - INFO - Generating final output...
2025-03-07 11:15:13,872 - sec_monitor - INFO - Successfully saved/merged output to output/sec_filings.json
2025-03-07 11:15:13,872 - sec_monitor - INFO - Processing complete. Stats: {'input_words': 163066, 'output_words': 341, 'filings_processed': 4}
