2025-09-24 11:09:30,157 - sec_monitor - INFO - Starting SEC filing monitor 
2025-09-24 11:09:30,157 - sec_monitor - INFO - Loading S&P 500 data...
2025-09-24 11:09:30,157 - sec_monitor - INFO - Starting S&P 500 data initialization
2025-09-24 11:09:30,158 - sec_monitor - INFO - Successfully loaded 503 S&P 500 tickers
2025-09-24 11:09:30,158 - sec_monitor - INFO - Successfully loaded 503 S&P 500 tickers
2025-09-24 11:09:30,158 - sec_monitor - INFO - Initializing components...
2025-09-24 11:09:30,158 - sec_monitor - INFO - Initializing components
2025-09-24 11:09:30,158 - sec_monitor - INFO - SEC fetcher initialized
2025-09-24 11:09:30,158 - sec_monitor - INFO - Filing analyzer initialized
2025-09-24 11:09:30,159 - sec_monitor - INFO - Alpaca clients initialized
2025-09-24 11:09:30,159 - sec_monitor - INFO - All components initialized successfully
2025-09-24 11:09:30,160 - sec_monitor - INFO - Found old JSON file, archiving
2025-09-24 11:09:30,160 - sec_monitor - INFO - Starting new filing collection for today
2025-09-24 11:09:30,160 - sec_monitor - INFO - Fetching SEC filings...
2025-09-24 11:28:37,968 - sec_monitor - INFO - No more entries found
2025-09-24 11:28:37,968 - sec_monitor - INFO - Completed fetching. Found 62 total filings
2025-09-24 11:28:37,968 - sec_monitor - INFO - Found 4 new interesting filings
2025-09-24 11:28:37,968 - sec_monitor - INFO - Found 4 new filings to process
2025-09-24 11:28:37,968 - sec_monitor - INFO - Processing filing 1/4: JCI
2025-09-24 11:29:08,679 - sec_monitor - INFO - ==================================================
2025-09-24 11:29:08,680 - sec_monitor - INFO - Processing first chunk
2025-09-24 11:29:08,680 - sec_monitor - INFO - Timestamp: 2025-09-24 11:29:08
2025-09-24 11:29:08,872 - sec_monitor - INFO - token percentage = 4%
2025-09-24 11:29:08,872 - sec_monitor - INFO - Making API call - Attempt 1/3
2025-09-24 11:29:08,872 - sec_monitor - INFO - Timestamp: 2025-09-24 11:29:08
2025-09-24 11:29:13,899 - sec_monitor - INFO - API call successful
2025-09-24 11:29:14,901 - sec_monitor - INFO - Processing filing 2/4: NWS
2025-09-24 11:29:45,564 - sec_monitor - INFO - ==================================================
2025-09-24 11:29:45,564 - sec_monitor - INFO - Processing first chunk
2025-09-24 11:29:45,564 - sec_monitor - INFO - Timestamp: 2025-09-24 11:29:45
2025-09-24 11:29:45,776 - sec_monitor - INFO - token percentage = 6%
2025-09-24 11:29:45,776 - sec_monitor - INFO - Making API call - Attempt 1/3
2025-09-24 11:29:45,776 - sec_monitor - INFO - Timestamp: 2025-09-24 11:29:45
2025-09-24 11:29:54,400 - sec_monitor - INFO - API call successful
2025-09-24 11:29:55,401 - sec_monitor - INFO - Processing filing 3/4: RCL
2025-09-24 11:30:26,129 - sec_monitor - INFO - ==================================================
2025-09-24 11:30:26,129 - sec_monitor - INFO - Processing first chunk
2025-09-24 11:30:26,129 - sec_monitor - INFO - Timestamp: 2025-09-24 11:30:26
2025-09-24 11:30:26,426 - sec_monitor - INFO - token percentage = 8%
2025-09-24 11:30:26,426 - sec_monitor - INFO - Making API call - Attempt 1/3
2025-09-24 11:30:26,426 - sec_monitor - INFO - Timestamp: 2025-09-24 11:30:26
2025-09-24 11:30:30,785 - sec_monitor - INFO - API call successful
2025-09-24 11:30:31,786 - sec_monitor - INFO - Processing filing 4/4: DELL
2025-09-24 11:31:02,529 - sec_monitor - INFO - ==================================================
2025-09-24 11:31:02,529 - sec_monitor - INFO - Processing first chunk
2025-09-24 11:31:02,529 - sec_monitor - INFO - Timestamp: 2025-09-24 11:31:02
2025-09-24 11:31:02,782 - sec_monitor - INFO - token percentage = 8%
2025-09-24 11:31:02,782 - sec_monitor - INFO - Making API call - Attempt 1/3
2025-09-24 11:31:02,782 - sec_monitor - INFO - Timestamp: 2025-09-24 11:31:02
2025-09-24 11:31:11,010 - sec_monitor - INFO - API call successful
2025-09-24 11:31:12,012 - sec_monitor - INFO - Fetching supplementary data...
2025-09-24 11:31:12,278 - sec_monitor - INFO - filing_tickers type: <class 'list'>
2025-09-24 11:31:12,279 - sec_monitor - INFO - filing_data type: <class 'list'>
2025-09-24 11:31:12,279 - sec_monitor - INFO - Market open: False
2025-09-24 11:31:12,279 - sec_monitor - INFO - Number of filing times mapped: 4
2025-09-24 11:31:12,417 - sec_monitor - INFO - Last trading day: 2025-09-24
2025-09-24 11:31:12,417 - sec_monitor - INFO - Processing ticker: JCI
2025-09-24 11:31:12,961 - sec_monitor - INFO - Number of bars for JCI: 3
2025-09-24 11:31:12,961 - sec_monitor - INFO - Last bar close for JCI: 108.24
2025-09-24 11:31:12,961 - sec_monitor - INFO - Outside market hours price for JCI: 108.24
2025-09-24 11:31:12,961 - sec_monitor - INFO - Processing ticker: NWS
2025-09-24 11:31:13,089 - sec_monitor - INFO - Number of bars for NWS: 4
2025-09-24 11:31:13,090 - sec_monitor - INFO - Last bar close for NWS: 33.735
2025-09-24 11:31:13,090 - sec_monitor - INFO - Outside market hours price for NWS: 33.735
2025-09-24 11:31:13,090 - sec_monitor - INFO - Processing ticker: RCL
2025-09-24 11:31:13,175 - sec_monitor - INFO - Number of bars for RCL: 4
2025-09-24 11:31:13,175 - sec_monitor - INFO - Last bar close for RCL: 330.54
2025-09-24 11:31:13,175 - sec_monitor - INFO - Outside market hours price for RCL: 330.54
2025-09-24 11:31:13,175 - sec_monitor - INFO - Processing ticker: DELL
2025-09-24 11:31:13,254 - sec_monitor - INFO - Number of bars for DELL: 4
2025-09-24 11:31:13,255 - sec_monitor - INFO - Last bar close for DELL: 134.32
2025-09-24 11:31:13,255 - sec_monitor - INFO - Outside market hours price for DELL: 134.32
2025-09-24 11:31:14,894 - sec_monitor - INFO - Generating final output...
2025-09-24 11:31:14,894 - sec_monitor - INFO - Successfully saved/merged output to output/sec_filings.json
2025-09-24 11:31:14,894 - sec_monitor - INFO - Processing complete. Stats: {'input_words': 60277, 'output_words': 328, 'filings_processed': 4}
