2025-03-27 11:09:29,933 - sec_monitor - INFO - Starting SEC filing monitor 
2025-03-27 11:09:29,933 - sec_monitor - INFO - Loading S&P 500 data...
2025-03-27 11:09:29,933 - sec_monitor - INFO - Starting S&P 500 data initialization
2025-03-27 11:09:29,933 - sec_monitor - INFO - Successfully loaded 503 S&P 500 tickers
2025-03-27 11:09:29,934 - sec_monitor - INFO - Successfully loaded 503 S&P 500 tickers
2025-03-27 11:09:29,934 - sec_monitor - INFO - Initializing components...
2025-03-27 11:09:29,934 - sec_monitor - INFO - Initializing components
2025-03-27 11:09:29,934 - sec_monitor - INFO - SEC fetcher initialized
2025-03-27 11:09:29,934 - sec_monitor - INFO - Filing analyzer initialized
2025-03-27 11:09:29,934 - sec_monitor - INFO - Alpaca clients initialized
2025-03-27 11:09:29,934 - sec_monitor - INFO - All components initialized successfully
2025-03-27 11:09:29,935 - sec_monitor - INFO - Found old JSON file, archiving
2025-03-27 11:09:29,935 - sec_monitor - INFO - Starting new filing collection for today
2025-03-27 11:09:29,936 - sec_monitor - INFO - Fetching SEC filings...
2025-03-27 11:09:45,949 - sec_monitor - INFO - No more entries found
2025-03-27 11:09:45,949 - sec_monitor - INFO - Completed fetching. Found 79 total filings
2025-03-27 11:09:45,949 - sec_monitor - INFO - Found 6 new interesting filings
2025-03-27 11:09:45,949 - sec_monitor - INFO - Found 6 new filings to process
2025-03-27 11:09:45,949 - sec_monitor - INFO - Processing filing 1/6: AEP
2025-03-27 11:10:18,715 - sec_monitor - INFO - ==================================================
2025-03-27 11:10:18,715 - sec_monitor - INFO - Processing first chunk
2025-03-27 11:10:18,715 - sec_monitor - INFO - Timestamp: 2025-03-27 11:10:18
2025-03-27 11:10:19,767 - sec_monitor - INFO - token percentage = 24%
2025-03-27 11:10:19,767 - sec_monitor - INFO - Making API call - Attempt 1/3
2025-03-27 11:10:19,767 - sec_monitor - INFO - Timestamp: 2025-03-27 11:10:19
2025-03-27 11:10:28,594 - sec_monitor - INFO - API call successful
2025-03-27 11:10:29,595 - sec_monitor - INFO - Processing filing 2/6: NWS
2025-03-27 11:11:00,388 - sec_monitor - INFO - ==================================================
2025-03-27 11:11:00,388 - sec_monitor - INFO - Processing first chunk
2025-03-27 11:11:00,388 - sec_monitor - INFO - Timestamp: 2025-03-27 11:11:00
2025-03-27 11:11:00,519 - sec_monitor - INFO - token percentage = 7%
2025-03-27 11:11:00,519 - sec_monitor - INFO - Making API call - Attempt 1/3
2025-03-27 11:11:00,520 - sec_monitor - INFO - Timestamp: 2025-03-27 11:11:00
2025-03-27 11:11:04,844 - sec_monitor - INFO - API call successful
2025-03-27 11:11:05,845 - sec_monitor - INFO - Processing filing 3/6: HRL
2025-03-27 11:20:40,973 - sec_monitor - INFO - ==================================================
2025-03-27 11:20:40,973 - sec_monitor - INFO - Processing first chunk
2025-03-27 11:20:40,974 - sec_monitor - INFO - Timestamp: 2025-03-27 11:20:40
2025-03-27 11:20:41,716 - sec_monitor - INFO - token percentage = 25%
2025-03-27 11:20:41,717 - sec_monitor - INFO - Making API call - Attempt 1/3
2025-03-27 11:20:41,717 - sec_monitor - INFO - Timestamp: 2025-03-27 11:20:41
2025-03-27 11:20:50,668 - sec_monitor - INFO - API call successful
2025-03-27 11:21:20,680 - sec_monitor - INFO - ==================================================
2025-03-27 11:21:20,680 - sec_monitor - INFO - Processing middle chunk
2025-03-27 11:21:20,680 - sec_monitor - INFO - Timestamp: 2025-03-27 11:21:20
2025-03-27 11:21:21,088 - sec_monitor - INFO - token percentage = 50%
2025-03-27 11:21:21,088 - sec_monitor - INFO - Making API call - Attempt 1/3
2025-03-27 11:21:21,088 - sec_monitor - INFO - Timestamp: 2025-03-27 11:21:21
2025-03-27 11:21:36,275 - sec_monitor - INFO - API call successful
2025-03-27 11:22:06,299 - sec_monitor - INFO - ==================================================
2025-03-27 11:22:06,300 - sec_monitor - INFO - Processing middle chunk
2025-03-27 11:22:06,300 - sec_monitor - INFO - Timestamp: 2025-03-27 11:22:06
2025-03-27 11:22:06,703 - sec_monitor - INFO - token percentage = 51%
2025-03-27 11:22:06,704 - sec_monitor - INFO - Making API call - Attempt 1/3
2025-03-27 11:22:06,704 - sec_monitor - INFO - Timestamp: 2025-03-27 11:22:06
2025-03-27 11:22:21,737 - sec_monitor - INFO - API call successful
2025-03-27 11:22:51,758 - sec_monitor - INFO - ==================================================
2025-03-27 11:22:51,758 - sec_monitor - INFO - Processing middle chunk
2025-03-27 11:22:51,758 - sec_monitor - INFO - Timestamp: 2025-03-27 11:22:51
2025-03-27 11:22:52,144 - sec_monitor - INFO - token percentage = 51%
2025-03-27 11:22:52,145 - sec_monitor - INFO - Making API call - Attempt 1/3
2025-03-27 11:22:52,145 - sec_monitor - INFO - Timestamp: 2025-03-27 11:22:52
2025-03-27 11:23:36,903 - sec_monitor - INFO - API call successful
2025-03-27 11:24:06,933 - sec_monitor - INFO - ==================================================
2025-03-27 11:24:06,933 - sec_monitor - INFO - Processing middle chunk
2025-03-27 11:24:06,933 - sec_monitor - INFO - Timestamp: 2025-03-27 11:24:06
2025-03-27 11:24:07,293 - sec_monitor - INFO - token percentage = 51%
2025-03-27 11:24:07,294 - sec_monitor - INFO - Making API call - Attempt 1/3
2025-03-27 11:24:07,294 - sec_monitor - INFO - Timestamp: 2025-03-27 11:24:07
2025-03-27 11:24:26,666 - sec_monitor - INFO - API call successful
2025-03-27 11:24:56,697 - sec_monitor - INFO - ==================================================
2025-03-27 11:24:56,697 - sec_monitor - INFO - Processing middle chunk
2025-03-27 11:24:56,697 - sec_monitor - INFO - Timestamp: 2025-03-27 11:24:56
2025-03-27 11:24:56,989 - sec_monitor - INFO - token percentage = 51%
2025-03-27 11:24:56,990 - sec_monitor - INFO - Making API call - Attempt 1/3
2025-03-27 11:24:56,990 - sec_monitor - INFO - Timestamp: 2025-03-27 11:24:56
2025-03-27 11:25:12,583 - sec_monitor - INFO - API call successful
2025-03-27 11:25:42,592 - sec_monitor - INFO - ==================================================
2025-03-27 11:25:42,593 - sec_monitor - INFO - Processing middle chunk
2025-03-27 11:25:42,593 - sec_monitor - INFO - Timestamp: 2025-03-27 11:25:42
2025-03-27 11:25:42,955 - sec_monitor - INFO - token percentage = 51%
2025-03-27 11:25:42,956 - sec_monitor - INFO - Making API call - Attempt 1/3
2025-03-27 11:25:42,956 - sec_monitor - INFO - Timestamp: 2025-03-27 11:25:42
2025-03-27 11:26:22,434 - sec_monitor - INFO - API call successful
2025-03-27 11:26:52,462 - sec_monitor - INFO - ==================================================
2025-03-27 11:26:52,462 - sec_monitor - INFO - Processing middle chunk
2025-03-27 11:26:52,462 - sec_monitor - INFO - Timestamp: 2025-03-27 11:26:52
2025-03-27 11:26:52,754 - sec_monitor - INFO - token percentage = 51%
2025-03-27 11:26:52,755 - sec_monitor - INFO - Making API call - Attempt 1/3
2025-03-27 11:26:52,755 - sec_monitor - INFO - Timestamp: 2025-03-27 11:26:52
2025-03-27 11:27:08,833 - sec_monitor - INFO - API call successful
2025-03-27 11:27:38,864 - sec_monitor - INFO - ==================================================
2025-03-27 11:27:38,864 - sec_monitor - INFO - Processing middle chunk
2025-03-27 11:27:38,864 - sec_monitor - INFO - Timestamp: 2025-03-27 11:27:38
2025-03-27 11:27:39,161 - sec_monitor - INFO - token percentage = 51%
2025-03-27 11:27:39,162 - sec_monitor - INFO - Making API call - Attempt 1/3
2025-03-27 11:27:39,162 - sec_monitor - INFO - Timestamp: 2025-03-27 11:27:39
2025-03-27 11:27:54,472 - sec_monitor - INFO - API call successful
2025-03-27 11:28:24,502 - sec_monitor - INFO - ==================================================
2025-03-27 11:28:24,502 - sec_monitor - INFO - Processing middle chunk
2025-03-27 11:28:24,503 - sec_monitor - INFO - Timestamp: 2025-03-27 11:28:24
2025-03-27 11:28:24,831 - sec_monitor - INFO - token percentage = 51%
2025-03-27 11:28:24,831 - sec_monitor - INFO - Making API call - Attempt 1/3
2025-03-27 11:28:24,832 - sec_monitor - INFO - Timestamp: 2025-03-27 11:28:24
2025-03-27 11:28:40,264 - sec_monitor - INFO - API call successful
2025-03-27 11:29:10,295 - sec_monitor - INFO - ==================================================
2025-03-27 11:29:10,295 - sec_monitor - INFO - Processing middle chunk
2025-03-27 11:29:10,295 - sec_monitor - INFO - Timestamp: 2025-03-27 11:29:10
2025-03-27 11:29:10,635 - sec_monitor - INFO - token percentage = 51%
2025-03-27 11:29:10,635 - sec_monitor - INFO - Making API call - Attempt 1/3
2025-03-27 11:29:10,635 - sec_monitor - INFO - Timestamp: 2025-03-27 11:29:10
2025-03-27 11:29:25,911 - sec_monitor - INFO - API call successful
2025-03-27 11:29:55,941 - sec_monitor - INFO - ==================================================
2025-03-27 11:29:55,941 - sec_monitor - INFO - Processing middle chunk
2025-03-27 11:29:55,941 - sec_monitor - INFO - Timestamp: 2025-03-27 11:29:55
2025-03-27 11:29:56,213 - sec_monitor - INFO - token percentage = 51%
2025-03-27 11:29:56,213 - sec_monitor - INFO - Making API call - Attempt 1/3
2025-03-27 11:29:56,213 - sec_monitor - INFO - Timestamp: 2025-03-27 11:29:56
2025-03-27 11:30:11,331 - sec_monitor - INFO - API call successful
2025-03-27 11:30:41,361 - sec_monitor - INFO - ==================================================
2025-03-27 11:30:41,362 - sec_monitor - INFO - Processing middle chunk
2025-03-27 11:30:41,362 - sec_monitor - INFO - Timestamp: 2025-03-27 11:30:41
2025-03-27 11:30:41,668 - sec_monitor - INFO - token percentage = 51%
2025-03-27 11:30:41,668 - sec_monitor - INFO - Making API call - Attempt 1/3
2025-03-27 11:30:41,668 - sec_monitor - INFO - Timestamp: 2025-03-27 11:30:41
2025-03-27 11:30:56,923 - sec_monitor - INFO - API call successful
2025-03-27 11:31:26,924 - sec_monitor - INFO - ==================================================
2025-03-27 11:31:26,924 - sec_monitor - INFO - Processing middle chunk
2025-03-27 11:31:26,924 - sec_monitor - INFO - Timestamp: 2025-03-27 11:31:26
2025-03-27 11:31:27,251 - sec_monitor - INFO - token percentage = 51%
2025-03-27 11:31:27,251 - sec_monitor - INFO - Making API call - Attempt 1/3
2025-03-27 11:31:27,252 - sec_monitor - INFO - Timestamp: 2025-03-27 11:31:27
2025-03-27 11:31:42,791 - sec_monitor - INFO - API call successful
2025-03-27 11:32:12,819 - sec_monitor - INFO - ==================================================
2025-03-27 11:32:12,820 - sec_monitor - INFO - Processing middle chunk
2025-03-27 11:32:12,820 - sec_monitor - INFO - Timestamp: 2025-03-27 11:32:12
2025-03-27 11:32:13,138 - sec_monitor - INFO - token percentage = 51%
2025-03-27 11:32:13,139 - sec_monitor - INFO - Making API call - Attempt 1/3
2025-03-27 11:32:13,139 - sec_monitor - INFO - Timestamp: 2025-03-27 11:32:13
2025-03-27 11:32:28,411 - sec_monitor - INFO - API call successful
2025-03-27 11:32:58,441 - sec_monitor - INFO - ==================================================
2025-03-27 11:32:58,442 - sec_monitor - INFO - Processing middle chunk
2025-03-27 11:32:58,442 - sec_monitor - INFO - Timestamp: 2025-03-27 11:32:58
2025-03-27 11:32:58,777 - sec_monitor - INFO - token percentage = 51%
2025-03-27 11:32:58,777 - sec_monitor - INFO - Making API call - Attempt 1/3
2025-03-27 11:32:58,778 - sec_monitor - INFO - Timestamp: 2025-03-27 11:32:58
2025-03-27 11:33:14,287 - sec_monitor - INFO - API call successful
2025-03-27 11:33:44,300 - sec_monitor - INFO - ==================================================
2025-03-27 11:33:44,300 - sec_monitor - INFO - Processing middle chunk
2025-03-27 11:33:44,300 - sec_monitor - INFO - Timestamp: 2025-03-27 11:33:44
2025-03-27 11:33:44,591 - sec_monitor - INFO - token percentage = 51%
2025-03-27 11:33:44,591 - sec_monitor - INFO - Making API call - Attempt 1/3
2025-03-27 11:33:44,591 - sec_monitor - INFO - Timestamp: 2025-03-27 11:33:44
2025-03-27 11:33:59,638 - sec_monitor - INFO - API call successful
2025-03-27 11:34:29,654 - sec_monitor - INFO - ==================================================
2025-03-27 11:34:29,654 - sec_monitor - INFO - Processing middle chunk
2025-03-27 11:34:29,654 - sec_monitor - INFO - Timestamp: 2025-03-27 11:34:29
2025-03-27 11:34:29,907 - sec_monitor - INFO - token percentage = 51%
2025-03-27 11:34:29,907 - sec_monitor - INFO - Making API call - Attempt 1/3
2025-03-27 11:34:29,907 - sec_monitor - INFO - Timestamp: 2025-03-27 11:34:29
2025-03-27 11:34:45,227 - sec_monitor - INFO - API call successful
2025-03-27 11:35:15,258 - sec_monitor - INFO - ==================================================
2025-03-27 11:35:15,258 - sec_monitor - INFO - Processing middle chunk
2025-03-27 11:35:15,258 - sec_monitor - INFO - Timestamp: 2025-03-27 11:35:15
2025-03-27 11:35:15,618 - sec_monitor - INFO - token percentage = 51%
2025-03-27 11:35:15,619 - sec_monitor - INFO - Making API call - Attempt 1/3
2025-03-27 11:35:15,619 - sec_monitor - INFO - Timestamp: 2025-03-27 11:35:15
2025-03-27 11:35:31,065 - sec_monitor - INFO - API call successful
2025-03-27 11:36:01,095 - sec_monitor - INFO - ==================================================
2025-03-27 11:36:01,095 - sec_monitor - INFO - Processing middle chunk
2025-03-27 11:36:01,096 - sec_monitor - INFO - Timestamp: 2025-03-27 11:36:01
2025-03-27 11:36:01,382 - sec_monitor - INFO - token percentage = 51%
2025-03-27 11:36:01,383 - sec_monitor - INFO - Making API call - Attempt 1/3
2025-03-27 11:36:01,383 - sec_monitor - INFO - Timestamp: 2025-03-27 11:36:01
2025-03-27 11:36:16,894 - sec_monitor - INFO - API call successful
2025-03-27 11:36:46,925 - sec_monitor - INFO - ==================================================
2025-03-27 11:36:46,925 - sec_monitor - INFO - Processing middle chunk
2025-03-27 11:36:46,925 - sec_monitor - INFO - Timestamp: 2025-03-27 11:36:46
2025-03-27 11:36:47,223 - sec_monitor - INFO - token percentage = 51%
2025-03-27 11:36:47,224 - sec_monitor - INFO - Making API call - Attempt 1/3
2025-03-27 11:36:47,224 - sec_monitor - INFO - Timestamp: 2025-03-27 11:36:47
2025-03-27 11:37:02,403 - sec_monitor - INFO - API call successful
2025-03-27 11:37:32,420 - sec_monitor - INFO - ==================================================
2025-03-27 11:37:32,420 - sec_monitor - INFO - Processing middle chunk
2025-03-27 11:37:32,421 - sec_monitor - INFO - Timestamp: 2025-03-27 11:37:32
2025-03-27 11:37:32,740 - sec_monitor - INFO - token percentage = 51%
2025-03-27 11:37:32,740 - sec_monitor - INFO - Making API call - Attempt 1/3
2025-03-27 11:37:32,740 - sec_monitor - INFO - Timestamp: 2025-03-27 11:37:32
2025-03-27 11:37:48,196 - sec_monitor - INFO - API call successful
2025-03-27 11:38:18,221 - sec_monitor - INFO - ==================================================
2025-03-27 11:38:18,222 - sec_monitor - INFO - Processing middle chunk
2025-03-27 11:38:18,222 - sec_monitor - INFO - Timestamp: 2025-03-27 11:38:18
2025-03-27 11:38:18,483 - sec_monitor - INFO - token percentage = 51%
2025-03-27 11:38:18,483 - sec_monitor - INFO - Making API call - Attempt 1/3
2025-03-27 11:38:18,483 - sec_monitor - INFO - Timestamp: 2025-03-27 11:38:18
2025-03-27 11:38:33,629 - sec_monitor - INFO - API call successful
2025-03-27 11:39:03,660 - sec_monitor - INFO - ==================================================
2025-03-27 11:39:03,660 - sec_monitor - INFO - Processing middle chunk
2025-03-27 11:39:03,660 - sec_monitor - INFO - Timestamp: 2025-03-27 11:39:03
2025-03-27 11:39:04,052 - sec_monitor - INFO - token percentage = 51%
2025-03-27 11:39:04,053 - sec_monitor - INFO - Making API call - Attempt 1/3
2025-03-27 11:39:04,053 - sec_monitor - INFO - Timestamp: 2025-03-27 11:39:04
2025-03-27 11:39:19,550 - sec_monitor - INFO - API call successful
2025-03-27 11:39:49,554 - sec_monitor - INFO - ==================================================
2025-03-27 11:39:49,554 - sec_monitor - INFO - Processing middle chunk
2025-03-27 11:39:49,554 - sec_monitor - INFO - Timestamp: 2025-03-27 11:39:49
2025-03-27 11:39:49,865 - sec_monitor - INFO - token percentage = 51%
2025-03-27 11:39:49,865 - sec_monitor - INFO - Making API call - Attempt 1/3
2025-03-27 11:39:49,865 - sec_monitor - INFO - Timestamp: 2025-03-27 11:39:49
2025-03-27 11:40:05,242 - sec_monitor - INFO - API call successful
2025-03-27 11:40:35,254 - sec_monitor - INFO - ==================================================
2025-03-27 11:40:35,254 - sec_monitor - INFO - Processing middle chunk
2025-03-27 11:40:35,254 - sec_monitor - INFO - Timestamp: 2025-03-27 11:40:35
2025-03-27 11:40:35,569 - sec_monitor - INFO - token percentage = 51%
2025-03-27 11:40:35,569 - sec_monitor - INFO - Making API call - Attempt 1/3
2025-03-27 11:40:35,569 - sec_monitor - INFO - Timestamp: 2025-03-27 11:40:35
2025-03-27 11:40:50,999 - sec_monitor - INFO - API call successful
2025-03-27 11:41:21,006 - sec_monitor - INFO - ==================================================
2025-03-27 11:41:21,006 - sec_monitor - INFO - Processing middle chunk
2025-03-27 11:41:21,006 - sec_monitor - INFO - Timestamp: 2025-03-27 11:41:21
2025-03-27 11:41:21,320 - sec_monitor - INFO - token percentage = 51%
2025-03-27 11:41:21,320 - sec_monitor - INFO - Making API call - Attempt 1/3
2025-03-27 11:41:21,320 - sec_monitor - INFO - Timestamp: 2025-03-27 11:41:21
2025-03-27 11:41:36,518 - sec_monitor - INFO - API call successful
2025-03-27 11:42:06,549 - sec_monitor - INFO - ==================================================
2025-03-27 11:42:06,549 - sec_monitor - INFO - Processing middle chunk
2025-03-27 11:42:06,549 - sec_monitor - INFO - Timestamp: 2025-03-27 11:42:06
2025-03-27 11:42:07,037 - sec_monitor - INFO - token percentage = 51%
2025-03-27 11:42:07,037 - sec_monitor - INFO - Making API call - Attempt 1/3
2025-03-27 11:42:07,037 - sec_monitor - INFO - Timestamp: 2025-03-27 11:42:07
2025-03-27 11:42:22,496 - sec_monitor - INFO - API call successful
2025-03-27 11:42:52,526 - sec_monitor - INFO - ==================================================
2025-03-27 11:42:52,526 - sec_monitor - INFO - Processing middle chunk
2025-03-27 11:42:52,527 - sec_monitor - INFO - Timestamp: 2025-03-27 11:42:52
2025-03-27 11:42:52,806 - sec_monitor - INFO - token percentage = 51%
2025-03-27 11:42:52,807 - sec_monitor - INFO - Making API call - Attempt 1/3
2025-03-27 11:42:52,807 - sec_monitor - INFO - Timestamp: 2025-03-27 11:42:52
2025-03-27 11:43:08,439 - sec_monitor - INFO - API call successful
2025-03-27 11:43:38,456 - sec_monitor - INFO - ==================================================
2025-03-27 11:43:38,456 - sec_monitor - INFO - Processing middle chunk
2025-03-27 11:43:38,457 - sec_monitor - INFO - Timestamp: 2025-03-27 11:43:38
2025-03-27 11:43:38,764 - sec_monitor - INFO - token percentage = 51%
2025-03-27 11:43:38,764 - sec_monitor - INFO - Making API call - Attempt 1/3
2025-03-27 11:43:38,764 - sec_monitor - INFO - Timestamp: 2025-03-27 11:43:38
2025-03-27 11:43:53,941 - sec_monitor - INFO - API call successful
2025-03-27 11:44:23,971 - sec_monitor - INFO - ==================================================
2025-03-27 11:44:23,971 - sec_monitor - INFO - Processing middle chunk
2025-03-27 11:44:23,971 - sec_monitor - INFO - Timestamp: 2025-03-27 11:44:23
2025-03-27 11:44:24,328 - sec_monitor - INFO - token percentage = 51%
2025-03-27 11:44:24,328 - sec_monitor - INFO - Making API call - Attempt 1/3
2025-03-27 11:44:24,328 - sec_monitor - INFO - Timestamp: 2025-03-27 11:44:24
2025-03-27 11:44:39,742 - sec_monitor - INFO - API call successful
2025-03-27 11:45:09,742 - sec_monitor - INFO - ==================================================
2025-03-27 11:45:09,742 - sec_monitor - INFO - Processing middle chunk
2025-03-27 11:45:09,742 - sec_monitor - INFO - Timestamp: 2025-03-27 11:45:09
2025-03-27 11:45:10,080 - sec_monitor - INFO - token percentage = 51%
2025-03-27 11:45:10,080 - sec_monitor - INFO - Making API call - Attempt 1/3
2025-03-27 11:45:10,081 - sec_monitor - INFO - Timestamp: 2025-03-27 11:45:10
2025-03-27 11:45:25,698 - sec_monitor - INFO - API call successful
2025-03-27 11:45:55,709 - sec_monitor - INFO - ==================================================
2025-03-27 11:45:55,709 - sec_monitor - INFO - Processing middle chunk
2025-03-27 11:45:55,710 - sec_monitor - INFO - Timestamp: 2025-03-27 11:45:55
2025-03-27 11:45:56,153 - sec_monitor - INFO - token percentage = 51%
2025-03-27 11:45:56,153 - sec_monitor - INFO - Making API call - Attempt 1/3
2025-03-27 11:45:56,153 - sec_monitor - INFO - Timestamp: 2025-03-27 11:45:56
2025-03-27 11:46:11,563 - sec_monitor - INFO - API call successful
2025-03-27 11:46:41,593 - sec_monitor - INFO - ==================================================
2025-03-27 11:46:41,593 - sec_monitor - INFO - Processing middle chunk
2025-03-27 11:46:41,593 - sec_monitor - INFO - Timestamp: 2025-03-27 11:46:41
2025-03-27 11:46:41,934 - sec_monitor - INFO - token percentage = 47%
2025-03-27 11:46:41,935 - sec_monitor - INFO - Making API call - Attempt 1/3
2025-03-27 11:46:41,935 - sec_monitor - INFO - Timestamp: 2025-03-27 11:46:41
2025-03-27 11:46:56,007 - sec_monitor - INFO - API call successful
2025-03-27 11:47:26,033 - sec_monitor - INFO - ==================================================
2025-03-27 11:47:26,033 - sec_monitor - INFO - Processing middle chunk
2025-03-27 11:47:26,033 - sec_monitor - INFO - Timestamp: 2025-03-27 11:47:26
2025-03-27 11:47:26,351 - sec_monitor - INFO - token percentage = 48%
2025-03-27 11:47:26,351 - sec_monitor - INFO - Making API call - Attempt 1/3
2025-03-27 11:47:26,351 - sec_monitor - INFO - Timestamp: 2025-03-27 11:47:26
2025-03-27 11:47:41,186 - sec_monitor - INFO - API call successful
2025-03-27 11:48:11,190 - sec_monitor - INFO - ==================================================
2025-03-27 11:48:11,190 - sec_monitor - INFO - Processing middle chunk
2025-03-27 11:48:11,190 - sec_monitor - INFO - Timestamp: 2025-03-27 11:48:11
2025-03-27 11:48:11,660 - sec_monitor - INFO - token percentage = 46%
2025-03-27 11:48:11,661 - sec_monitor - INFO - Making API call - Attempt 1/3
2025-03-27 11:48:11,661 - sec_monitor - INFO - Timestamp: 2025-03-27 11:48:11
2025-03-27 11:48:27,425 - sec_monitor - INFO - API call successful
2025-03-27 11:48:57,446 - sec_monitor - INFO - ==================================================
2025-03-27 11:48:57,446 - sec_monitor - INFO - Processing middle chunk
2025-03-27 11:48:57,446 - sec_monitor - INFO - Timestamp: 2025-03-27 11:48:57
2025-03-27 11:48:57,744 - sec_monitor - INFO - token percentage = 50%
2025-03-27 11:48:57,744 - sec_monitor - INFO - Making API call - Attempt 1/3
2025-03-27 11:48:57,745 - sec_monitor - INFO - Timestamp: 2025-03-27 11:48:57
2025-03-27 11:49:13,760 - sec_monitor - INFO - API call successful
2025-03-27 11:49:43,790 - sec_monitor - INFO - ==================================================
2025-03-27 11:49:43,791 - sec_monitor - INFO - Processing middle chunk
2025-03-27 11:49:43,791 - sec_monitor - INFO - Timestamp: 2025-03-27 11:49:43
2025-03-27 11:49:44,086 - sec_monitor - INFO - token percentage = 50%
2025-03-27 11:49:44,087 - sec_monitor - INFO - Making API call - Attempt 1/3
2025-03-27 11:49:44,087 - sec_monitor - INFO - Timestamp: 2025-03-27 11:49:44
2025-03-27 11:49:59,240 - sec_monitor - INFO - API call successful
2025-03-27 11:50:29,270 - sec_monitor - INFO - ==================================================
2025-03-27 11:50:29,270 - sec_monitor - INFO - Processing middle chunk
2025-03-27 11:50:29,270 - sec_monitor - INFO - Timestamp: 2025-03-27 11:50:29
2025-03-27 11:50:29,603 - sec_monitor - INFO - token percentage = 49%
2025-03-27 11:50:29,603 - sec_monitor - INFO - Making API call - Attempt 1/3
2025-03-27 11:50:29,603 - sec_monitor - INFO - Timestamp: 2025-03-27 11:50:29
2025-03-27 11:50:44,707 - sec_monitor - INFO - API call successful
2025-03-27 11:51:14,738 - sec_monitor - INFO - ==================================================
2025-03-27 11:51:14,738 - sec_monitor - INFO - Processing middle chunk
2025-03-27 11:51:14,738 - sec_monitor - INFO - Timestamp: 2025-03-27 11:51:14
2025-03-27 11:51:14,993 - sec_monitor - INFO - token percentage = 49%
2025-03-27 11:51:14,993 - sec_monitor - INFO - Making API call - Attempt 1/3
2025-03-27 11:51:14,993 - sec_monitor - INFO - Timestamp: 2025-03-27 11:51:14
2025-03-27 11:51:37,352 - sec_monitor - INFO - API call successful
2025-03-27 11:52:07,382 - sec_monitor - INFO - ==================================================
2025-03-27 11:52:07,382 - sec_monitor - INFO - Processing middle chunk
2025-03-27 11:52:07,382 - sec_monitor - INFO - Timestamp: 2025-03-27 11:52:07
2025-03-27 11:52:07,699 - sec_monitor - INFO - token percentage = 50%
2025-03-27 11:52:07,700 - sec_monitor - INFO - Making API call - Attempt 1/3
2025-03-27 11:52:07,700 - sec_monitor - INFO - Timestamp: 2025-03-27 11:52:07
2025-03-27 11:52:23,281 - sec_monitor - INFO - API call successful
2025-03-27 11:52:53,301 - sec_monitor - INFO - ==================================================
2025-03-27 11:52:53,302 - sec_monitor - INFO - Processing middle chunk
2025-03-27 11:52:53,302 - sec_monitor - INFO - Timestamp: 2025-03-27 11:52:53
2025-03-27 11:52:53,627 - sec_monitor - INFO - token percentage = 51%
2025-03-27 11:52:53,627 - sec_monitor - INFO - Making API call - Attempt 1/3
2025-03-27 11:52:53,627 - sec_monitor - INFO - Timestamp: 2025-03-27 11:52:53
2025-03-27 11:53:09,247 - sec_monitor - INFO - API call successful
2025-03-27 11:53:39,278 - sec_monitor - INFO - ==================================================
2025-03-27 11:53:39,278 - sec_monitor - INFO - Processing middle chunk
2025-03-27 11:53:39,278 - sec_monitor - INFO - Timestamp: 2025-03-27 11:53:39
2025-03-27 11:53:39,628 - sec_monitor - INFO - token percentage = 51%
2025-03-27 11:53:39,629 - sec_monitor - INFO - Making API call - Attempt 1/3
2025-03-27 11:53:39,629 - sec_monitor - INFO - Timestamp: 2025-03-27 11:53:39
2025-03-27 11:53:54,880 - sec_monitor - INFO - API call successful
2025-03-27 11:54:24,910 - sec_monitor - INFO - ==================================================
2025-03-27 11:54:24,911 - sec_monitor - INFO - Processing middle chunk
2025-03-27 11:54:24,911 - sec_monitor - INFO - Timestamp: 2025-03-27 11:54:24
2025-03-27 11:54:25,318 - sec_monitor - INFO - token percentage = 51%
2025-03-27 11:54:25,319 - sec_monitor - INFO - Making API call - Attempt 1/3
2025-03-27 11:54:25,319 - sec_monitor - INFO - Timestamp: 2025-03-27 11:54:25
2025-03-27 11:54:40,211 - sec_monitor - INFO - API call successful
2025-03-27 11:55:10,221 - sec_monitor - INFO - ==================================================
2025-03-27 11:55:10,221 - sec_monitor - INFO - Processing middle chunk
2025-03-27 11:55:10,221 - sec_monitor - INFO - Timestamp: 2025-03-27 11:55:10
2025-03-27 11:55:10,470 - sec_monitor - INFO - token percentage = 51%
2025-03-27 11:55:10,470 - sec_monitor - INFO - Making API call - Attempt 1/3
2025-03-27 11:55:10,471 - sec_monitor - INFO - Timestamp: 2025-03-27 11:55:10
2025-03-27 11:55:25,689 - sec_monitor - INFO - API call successful
2025-03-27 11:55:55,698 - sec_monitor - INFO - ==================================================
2025-03-27 11:55:55,699 - sec_monitor - INFO - Processing middle chunk
2025-03-27 11:55:55,699 - sec_monitor - INFO - Timestamp: 2025-03-27 11:55:55
2025-03-27 11:55:55,972 - sec_monitor - INFO - token percentage = 51%
2025-03-27 11:55:55,973 - sec_monitor - INFO - Making API call - Attempt 1/3
2025-03-27 11:55:55,973 - sec_monitor - INFO - Timestamp: 2025-03-27 11:55:55
2025-03-27 11:56:11,043 - sec_monitor - INFO - API call successful
2025-03-27 11:56:41,074 - sec_monitor - INFO - ==================================================
2025-03-27 11:56:41,074 - sec_monitor - INFO - Processing middle chunk
2025-03-27 11:56:41,074 - sec_monitor - INFO - Timestamp: 2025-03-27 11:56:41
2025-03-27 11:56:41,363 - sec_monitor - INFO - token percentage = 51%
2025-03-27 11:56:41,364 - sec_monitor - INFO - Making API call - Attempt 1/3
2025-03-27 11:56:41,364 - sec_monitor - INFO - Timestamp: 2025-03-27 11:56:41
2025-03-27 11:56:56,517 - sec_monitor - INFO - API call successful
2025-03-27 11:57:26,547 - sec_monitor - INFO - ==================================================
2025-03-27 11:57:26,547 - sec_monitor - INFO - Processing middle chunk
2025-03-27 11:57:26,547 - sec_monitor - INFO - Timestamp: 2025-03-27 11:57:26
2025-03-27 11:57:26,843 - sec_monitor - INFO - token percentage = 50%
2025-03-27 11:57:26,844 - sec_monitor - INFO - Making API call - Attempt 1/3
2025-03-27 11:57:26,844 - sec_monitor - INFO - Timestamp: 2025-03-27 11:57:26
2025-03-27 11:57:42,399 - sec_monitor - INFO - API call successful
2025-03-27 11:58:12,422 - sec_monitor - INFO - ==================================================
2025-03-27 11:58:12,422 - sec_monitor - INFO - Processing middle chunk
2025-03-27 11:58:12,422 - sec_monitor - INFO - Timestamp: 2025-03-27 11:58:12
2025-03-27 11:58:12,754 - sec_monitor - INFO - token percentage = 51%
2025-03-27 11:58:12,755 - sec_monitor - INFO - Making API call - Attempt 1/3
2025-03-27 11:58:12,755 - sec_monitor - INFO - Timestamp: 2025-03-27 11:58:12
2025-03-27 11:58:28,211 - sec_monitor - INFO - API call successful
2025-03-27 11:58:58,241 - sec_monitor - INFO - ==================================================
2025-03-27 11:58:58,242 - sec_monitor - INFO - Processing last chunk
2025-03-27 11:58:58,242 - sec_monitor - INFO - Timestamp: 2025-03-27 11:58:58
2025-03-27 11:58:58,331 - sec_monitor - INFO - token percentage = 5%
2025-03-27 11:58:58,331 - sec_monitor - INFO - Making API call - Attempt 1/3
2025-03-27 11:58:58,331 - sec_monitor - INFO - Timestamp: 2025-03-27 11:58:58
2025-03-27 11:59:00,944 - sec_monitor - INFO - API call successful
2025-03-27 11:59:00,944 - sec_monitor - INFO - Making combine API call - Attempt 1/3
2025-03-27 11:59:00,944 - sec_monitor - INFO - Timestamp: 2025-03-27 11:59:00
2025-03-27 11:59:02,116 - sec_monitor - INFO - Combine API call successful
2025-03-27 11:59:03,118 - sec_monitor - INFO - Processing filing 4/6: BLK
2025-03-27 11:59:34,627 - sec_monitor - INFO - ==================================================
2025-03-27 11:59:34,627 - sec_monitor - INFO - Processing first chunk
2025-03-27 11:59:34,627 - sec_monitor - INFO - Timestamp: 2025-03-27 11:59:34
2025-03-27 11:59:34,848 - sec_monitor - INFO - token percentage = 7%
2025-03-27 11:59:34,849 - sec_monitor - INFO - Making API call - Attempt 1/3
2025-03-27 11:59:34,849 - sec_monitor - INFO - Timestamp: 2025-03-27 11:59:34
2025-03-27 11:59:39,151 - sec_monitor - INFO - API call successful
2025-03-27 11:59:40,152 - sec_monitor - INFO - Processing filing 5/6: FE
2025-03-27 12:00:10,666 - sec_monitor - INFO - ==================================================
2025-03-27 12:00:10,666 - sec_monitor - INFO - Processing first chunk
2025-03-27 12:00:10,666 - sec_monitor - INFO - Timestamp: 2025-03-27 12:00:10
2025-03-27 12:00:10,784 - sec_monitor - INFO - token percentage = 3%
2025-03-27 12:00:10,784 - sec_monitor - INFO - Making API call - Attempt 1/3
2025-03-27 12:00:10,784 - sec_monitor - INFO - Timestamp: 2025-03-27 12:00:10
2025-03-27 12:00:12,718 - sec_monitor - INFO - API call successful
2025-03-27 12:00:13,720 - sec_monitor - INFO - Processing filing 6/6: HUBB
2025-03-27 12:00:45,783 - sec_monitor - INFO - ==================================================
2025-03-27 12:00:45,783 - sec_monitor - INFO - Processing first chunk
2025-03-27 12:00:45,783 - sec_monitor - INFO - Timestamp: 2025-03-27 12:00:45
2025-03-27 12:00:46,649 - sec_monitor - INFO - token percentage = 20%
2025-03-27 12:00:46,650 - sec_monitor - INFO - Making API call - Attempt 1/3
2025-03-27 12:00:46,650 - sec_monitor - INFO - Timestamp: 2025-03-27 12:00:46
2025-03-27 12:00:54,267 - sec_monitor - INFO - API call successful
2025-03-27 12:00:55,269 - sec_monitor - INFO - Fetching supplementary data...
2025-03-27 12:00:55,546 - sec_monitor - INFO - filing_tickers type: <class 'list'>
2025-03-27 12:00:55,547 - sec_monitor - INFO - filing_data type: <class 'list'>
2025-03-27 12:00:55,547 - sec_monitor - INFO - Market open: False
2025-03-27 12:00:55,547 - sec_monitor - INFO - Number of filing times mapped: 6
2025-03-27 12:00:55,610 - sec_monitor - INFO - Last trading day: 2025-03-27
2025-03-27 12:00:55,610 - sec_monitor - INFO - Processing ticker: AEP
2025-03-27 12:00:55,925 - sec_monitor - INFO - Number of bars for AEP: 4
2025-03-27 12:00:55,925 - sec_monitor - INFO - Last bar close for AEP: 103.9
2025-03-27 12:00:55,925 - sec_monitor - INFO - Outside market hours price for AEP: 103.9
2025-03-27 12:00:55,925 - sec_monitor - INFO - Processing ticker: NWS
2025-03-27 12:00:55,988 - sec_monitor - INFO - Number of bars for NWS: 4
2025-03-27 12:00:55,988 - sec_monitor - INFO - Last bar close for NWS: 30.78
2025-03-27 12:00:55,989 - sec_monitor - INFO - Outside market hours price for NWS: 30.78
2025-03-27 12:00:55,989 - sec_monitor - INFO - Processing ticker: HRL
2025-03-27 12:00:56,054 - sec_monitor - INFO - Number of bars for HRL: 4
2025-03-27 12:00:56,054 - sec_monitor - INFO - Last bar close for HRL: 29.58
2025-03-27 12:00:56,054 - sec_monitor - INFO - Outside market hours price for HRL: 29.58
2025-03-27 12:00:56,054 - sec_monitor - INFO - Processing ticker: BLK
2025-03-27 12:00:56,139 - sec_monitor - INFO - Number of bars for BLK: 4
2025-03-27 12:00:56,139 - sec_monitor - INFO - Last bar close for BLK: 968.87
2025-03-27 12:00:56,140 - sec_monitor - INFO - Outside market hours price for BLK: 968.87
2025-03-27 12:00:56,140 - sec_monitor - INFO - Processing ticker: FE
2025-03-27 12:00:56,207 - sec_monitor - INFO - Number of bars for FE: 4
2025-03-27 12:00:56,207 - sec_monitor - INFO - Last bar close for FE: 38.46
2025-03-27 12:00:56,207 - sec_monitor - INFO - Outside market hours price for FE: 38.46
2025-03-27 12:00:56,207 - sec_monitor - INFO - Processing ticker: HUBB
2025-03-27 12:00:56,273 - sec_monitor - INFO - Number of bars for HUBB: 4
2025-03-27 12:00:56,273 - sec_monitor - INFO - Last bar close for HUBB: 346.59
2025-03-27 12:00:56,274 - sec_monitor - INFO - Outside market hours price for HUBB: 346.59
2025-03-27 12:00:57,957 - sec_monitor - INFO - Generating final output...
2025-03-27 12:00:57,958 - sec_monitor - INFO - Successfully saved/merged output to output/sec_filings.json
2025-03-27 12:00:57,958 - sec_monitor - INFO - Processing complete. Stats: {'input_words': 1738591, 'output_words': 496, 'filings_processed': 6}
