2025-03-24 11:09:51,266 - sec_monitor - INFO - Starting SEC filing monitor 
2025-03-24 11:09:51,266 - sec_monitor - INFO - Loading S&P 500 data...
2025-03-24 11:09:51,266 - sec_monitor - INFO - Starting S&P 500 data initialization
2025-03-24 11:09:51,267 - sec_monitor - INFO - Successfully loaded 503 S&P 500 tickers
2025-03-24 11:09:51,267 - sec_monitor - INFO - Successfully loaded 503 S&P 500 tickers
2025-03-24 11:09:51,267 - sec_monitor - INFO - Initializing components...
2025-03-24 11:09:51,267 - sec_monitor - INFO - Initializing components
2025-03-24 11:09:51,267 - sec_monitor - INFO - SEC fetcher initialized
2025-03-24 11:09:51,267 - sec_monitor - INFO - Filing analyzer initialized
2025-03-24 11:09:51,267 - sec_monitor - INFO - Alpaca clients initialized
2025-03-24 11:09:51,267 - sec_monitor - INFO - All components initialized successfully
2025-03-24 11:09:51,268 - sec_monitor - INFO - Found old JSON file, archiving
2025-03-24 11:09:51,269 - sec_monitor - INFO - Starting new filing collection for today
2025-03-24 11:09:51,269 - sec_monitor - INFO - Fetching SEC filings...
2025-03-24 11:09:52,173 - sec_monitor - INFO - Reached old filing, stopping. Found 3 total filings
2025-03-24 11:09:52,174 - sec_monitor - INFO - Found 2 new interesting filings
2025-03-24 11:09:52,174 - sec_monitor - INFO - Found 2 new filings to process
2025-03-24 11:09:52,174 - sec_monitor - INFO - Processing filing 1/2: NWS
2025-03-24 11:10:23,042 - sec_monitor - INFO - ==================================================
2025-03-24 11:10:23,043 - sec_monitor - INFO - Processing first chunk
2025-03-24 11:10:23,043 - sec_monitor - INFO - Timestamp: 2025-03-24 11:10:23
2025-03-24 11:10:23,260 - sec_monitor - INFO - token percentage = 7%
2025-03-24 11:10:23,261 - sec_monitor - INFO - Making API call - Attempt 1/3
2025-03-24 11:10:23,261 - sec_monitor - INFO - Timestamp: 2025-03-24 11:10:23
2025-03-24 11:10:27,419 - sec_monitor - INFO - API call successful
2025-03-24 11:10:28,420 - sec_monitor - INFO - Processing filing 2/2: EQT
2025-03-24 11:10:59,904 - sec_monitor - INFO - ==================================================
2025-03-24 11:10:59,904 - sec_monitor - INFO - Processing first chunk
2025-03-24 11:10:59,904 - sec_monitor - INFO - Timestamp: 2025-03-24 11:10:59
2025-03-24 11:11:00,054 - sec_monitor - INFO - token percentage = 4%
2025-03-24 11:11:00,054 - sec_monitor - INFO - Making API call - Attempt 1/3
2025-03-24 11:11:00,054 - sec_monitor - INFO - Timestamp: 2025-03-24 11:11:00
2025-03-24 11:11:03,977 - sec_monitor - INFO - API call successful
2025-03-24 11:11:04,978 - sec_monitor - INFO - Fetching supplementary data...
2025-03-24 11:11:05,796 - sec_monitor - INFO - filing_tickers type: <class 'list'>
2025-03-24 11:11:05,796 - sec_monitor - INFO - filing_data type: <class 'list'>
2025-03-24 11:11:05,796 - sec_monitor - INFO - Market open: False
2025-03-24 11:11:05,796 - sec_monitor - INFO - Number of filing times mapped: 2
2025-03-24 11:11:05,856 - sec_monitor - INFO - Last trading day: 2025-03-24
2025-03-24 11:11:05,856 - sec_monitor - INFO - Processing ticker: NWS
2025-03-24 11:11:06,278 - sec_monitor - INFO - Number of bars for NWS: 3
2025-03-24 11:11:06,278 - sec_monitor - INFO - Last bar close for NWS: 30.76
2025-03-24 11:11:06,278 - sec_monitor - INFO - Outside market hours price for NWS: 30.76
2025-03-24 11:11:06,279 - sec_monitor - INFO - Processing ticker: EQT
2025-03-24 11:11:06,356 - sec_monitor - INFO - Number of bars for EQT: 3
2025-03-24 11:11:06,357 - sec_monitor - INFO - Last bar close for EQT: 52.87
2025-03-24 11:11:06,357 - sec_monitor - INFO - Outside market hours price for EQT: 52.87
2025-03-24 11:11:07,205 - sec_monitor - INFO - Generating final output...
2025-03-24 11:11:07,205 - sec_monitor - INFO - Successfully saved/merged output to output/sec_filings.json
2025-03-24 11:11:07,206 - sec_monitor - INFO - Processing complete. Stats: {'input_words': 15787, 'output_words': 207, 'filings_processed': 2}
2025-03-24 12:39:13,775 - sec_monitor - INFO - Starting SEC filing monitor 
2025-03-24 12:39:13,775 - sec_monitor - INFO - Loading S&P 500 data...
2025-03-24 12:39:13,775 - sec_monitor - INFO - Starting S&P 500 data initialization
2025-03-24 12:39:13,776 - sec_monitor - INFO - Successfully loaded 503 S&P 500 tickers
2025-03-24 12:39:13,776 - sec_monitor - INFO - Successfully loaded 503 S&P 500 tickers
2025-03-24 12:39:13,776 - sec_monitor - INFO - Initializing components...
2025-03-24 12:39:13,776 - sec_monitor - INFO - Initializing components
2025-03-24 12:39:13,776 - sec_monitor - INFO - SEC fetcher initialized
2025-03-24 12:39:13,776 - sec_monitor - INFO - Filing analyzer initialized
2025-03-24 12:39:13,776 - sec_monitor - INFO - Alpaca clients initialized
2025-03-24 12:39:13,776 - sec_monitor - INFO - All components initialized successfully
2025-03-24 12:39:13,777 - sec_monitor - INFO - Found JSON file from today
2025-03-24 12:39:13,777 - sec_monitor - INFO - Found 2 previously processed accessions and 2 filing URLs
2025-03-24 12:39:13,777 - sec_monitor - INFO - Found 2 accession numbers and 2 URLs from previously processed filings
2025-03-24 12:39:13,778 - sec_monitor - INFO - Fetching SEC filings...
2025-03-24 12:39:16,437 - sec_monitor - INFO - Reached old filing, stopping. Found 6 total filings
2025-03-24 12:39:16,438 - sec_monitor - INFO - Found 0 new interesting filings
2025-03-24 12:39:16,438 - sec_monitor - INFO - No new filings to process
2025-03-24 13:30:18,932 - sec_monitor - INFO - Starting SEC filing monitor 
2025-03-24 13:30:18,932 - sec_monitor - INFO - Loading S&P 500 data...
2025-03-24 13:30:18,932 - sec_monitor - INFO - Starting S&P 500 data initialization
2025-03-24 13:30:18,932 - sec_monitor - INFO - Successfully loaded 503 S&P 500 tickers
2025-03-24 13:30:18,933 - sec_monitor - INFO - Successfully loaded 503 S&P 500 tickers
2025-03-24 13:30:18,933 - sec_monitor - INFO - Initializing components...
2025-03-24 13:30:18,933 - sec_monitor - INFO - Initializing components
2025-03-24 13:30:18,933 - sec_monitor - INFO - SEC fetcher initialized
2025-03-24 13:30:18,933 - sec_monitor - INFO - Filing analyzer initialized
2025-03-24 13:30:18,933 - sec_monitor - INFO - Alpaca clients initialized
2025-03-24 13:30:18,933 - sec_monitor - INFO - All components initialized successfully
2025-03-24 13:30:18,934 - sec_monitor - INFO - Found JSON file from today
2025-03-24 13:30:18,934 - sec_monitor - INFO - Found 2 previously processed accessions and 2 filing URLs
2025-03-24 13:30:18,934 - sec_monitor - INFO - Found 2 accession numbers and 2 URLs from previously processed filings
2025-03-24 13:30:18,935 - sec_monitor - INFO - Fetching SEC filings...
2025-03-24 13:30:23,930 - sec_monitor - INFO - Reached old filing, stopping. Found 15 total filings
2025-03-24 13:30:23,930 - sec_monitor - INFO - Found 0 new interesting filings
2025-03-24 13:30:23,930 - sec_monitor - INFO - No new filings to process
2025-03-24 15:20:34,708 - sec_monitor - INFO - Starting SEC filing monitor 
2025-03-24 15:20:34,708 - sec_monitor - INFO - Loading S&P 500 data...
2025-03-24 15:20:34,708 - sec_monitor - INFO - Starting S&P 500 data initialization
2025-03-24 15:20:34,709 - sec_monitor - INFO - Successfully loaded 503 S&P 500 tickers
2025-03-24 15:20:34,709 - sec_monitor - INFO - Successfully loaded 503 S&P 500 tickers
2025-03-24 15:20:34,709 - sec_monitor - INFO - Initializing components...
2025-03-24 15:20:34,709 - sec_monitor - INFO - Initializing components
2025-03-24 15:20:34,709 - sec_monitor - INFO - SEC fetcher initialized
2025-03-24 15:20:34,709 - sec_monitor - INFO - Filing analyzer initialized
2025-03-24 15:20:34,709 - sec_monitor - INFO - Alpaca clients initialized
2025-03-24 15:20:34,709 - sec_monitor - INFO - All components initialized successfully
2025-03-24 15:20:34,710 - sec_monitor - INFO - Found JSON file from today
2025-03-24 15:20:34,711 - sec_monitor - INFO - Found 2 previously processed accessions and 2 filing URLs
2025-03-24 15:20:34,711 - sec_monitor - INFO - Found 2 accession numbers and 2 URLs from previously processed filings
2025-03-24 15:20:34,711 - sec_monitor - INFO - Fetching SEC filings...
2025-03-24 15:20:45,089 - sec_monitor - INFO - Reached old filing, stopping. Found 23 total filings
2025-03-24 15:20:45,090 - sec_monitor - INFO - Found 0 new interesting filings
2025-03-24 15:20:45,090 - sec_monitor - INFO - No new filings to process
2025-03-24 18:22:16,630 - sec_monitor - INFO - Starting SEC filing monitor 
2025-03-24 18:22:16,630 - sec_monitor - INFO - Loading S&P 500 data...
2025-03-24 18:22:16,630 - sec_monitor - INFO - Starting S&P 500 data initialization
2025-03-24 18:22:16,630 - sec_monitor - INFO - Successfully loaded 503 S&P 500 tickers
2025-03-24 18:22:16,631 - sec_monitor - INFO - Successfully loaded 503 S&P 500 tickers
2025-03-24 18:22:16,631 - sec_monitor - INFO - Initializing components...
2025-03-24 18:22:16,631 - sec_monitor - INFO - Initializing components
2025-03-24 18:22:16,631 - sec_monitor - INFO - SEC fetcher initialized
2025-03-24 18:22:16,631 - sec_monitor - INFO - Filing analyzer initialized
2025-03-24 18:22:16,631 - sec_monitor - INFO - Alpaca clients initialized
2025-03-24 18:22:16,631 - sec_monitor - INFO - All components initialized successfully
2025-03-24 18:22:16,632 - sec_monitor - INFO - Found JSON file from today
2025-03-24 18:22:16,632 - sec_monitor - INFO - Found 2 previously processed accessions and 2 filing URLs
2025-03-24 18:22:16,633 - sec_monitor - INFO - Found 2 accession numbers and 2 URLs from previously processed filings
2025-03-24 18:22:16,633 - sec_monitor - INFO - Fetching SEC filings...
2025-03-24 18:22:29,999 - sec_monitor - INFO - Reached old filing, stopping. Found 26 total filings
2025-03-24 18:22:30,000 - sec_monitor - INFO - Found 0 new interesting filings
2025-03-24 18:22:30,000 - sec_monitor - INFO - No new filings to process
2025-03-24 21:10:26,757 - sec_monitor - INFO - Starting SEC filing monitor 
2025-03-24 21:10:26,757 - sec_monitor - INFO - Loading S&P 500 data...
2025-03-24 21:10:26,758 - sec_monitor - INFO - Starting S&P 500 data initialization
2025-03-24 21:10:26,758 - sec_monitor - INFO - Successfully loaded 503 S&P 500 tickers
2025-03-24 21:10:26,758 - sec_monitor - INFO - Successfully loaded 503 S&P 500 tickers
2025-03-24 21:10:26,758 - sec_monitor - INFO - Initializing components...
2025-03-24 21:10:26,758 - sec_monitor - INFO - Initializing components
2025-03-24 21:10:26,758 - sec_monitor - INFO - SEC fetcher initialized
2025-03-24 21:10:26,758 - sec_monitor - INFO - Filing analyzer initialized
2025-03-24 21:10:26,759 - sec_monitor - INFO - Alpaca clients initialized
2025-03-24 21:10:26,759 - sec_monitor - INFO - All components initialized successfully
2025-03-24 21:10:26,760 - sec_monitor - INFO - Found JSON file from today
2025-03-24 21:10:26,760 - sec_monitor - INFO - Found 2 previously processed accessions and 2 filing URLs
2025-03-24 21:10:26,760 - sec_monitor - INFO - Found 2 accession numbers and 2 URLs from previously processed filings
2025-03-24 21:10:26,760 - sec_monitor - INFO - Fetching SEC filings...
2025-03-24 21:10:40,370 - sec_monitor - INFO - No more entries found
2025-03-24 21:10:40,370 - sec_monitor - INFO - Completed fetching. Found 111 total filings
2025-03-24 21:10:40,370 - sec_monitor - INFO - Found 7 new interesting filings
2025-03-24 21:10:40,370 - sec_monitor - INFO - Found 7 new filings to process
2025-03-24 21:10:40,370 - sec_monitor - INFO - Processing filing 1/7: EG
2025-03-24 21:11:11,013 - sec_monitor - INFO - ==================================================
2025-03-24 21:11:11,013 - sec_monitor - INFO - Processing first chunk
2025-03-24 21:11:11,013 - sec_monitor - INFO - Timestamp: 2025-03-24 21:11:11
2025-03-24 21:11:11,177 - sec_monitor - INFO - token percentage = 8%
2025-03-24 21:11:11,177 - sec_monitor - INFO - Making API call - Attempt 1/3
2025-03-24 21:11:11,178 - sec_monitor - INFO - Timestamp: 2025-03-24 21:11:11
2025-03-24 21:11:14,803 - sec_monitor - INFO - API call successful
2025-03-24 21:11:15,804 - sec_monitor - INFO - Processing filing 2/7: CCI
2025-03-24 21:11:46,321 - sec_monitor - INFO - ==================================================
2025-03-24 21:11:46,321 - sec_monitor - INFO - Processing first chunk
2025-03-24 21:11:46,321 - sec_monitor - INFO - Timestamp: 2025-03-24 21:11:46
2025-03-24 21:11:46,480 - sec_monitor - INFO - token percentage = 5%
2025-03-24 21:11:46,481 - sec_monitor - INFO - Making API call - Attempt 1/3
2025-03-24 21:11:46,481 - sec_monitor - INFO - Timestamp: 2025-03-24 21:11:46
2025-03-24 21:11:49,908 - sec_monitor - INFO - API call successful
2025-03-24 21:11:50,910 - sec_monitor - INFO - Processing filing 3/7: ED
2025-03-24 21:12:22,824 - sec_monitor - INFO - ==================================================
2025-03-24 21:12:22,824 - sec_monitor - INFO - Processing first chunk
2025-03-24 21:12:22,825 - sec_monitor - INFO - Timestamp: 2025-03-24 21:12:22
2025-03-24 21:12:23,389 - sec_monitor - INFO - token percentage = 14%
2025-03-24 21:12:23,389 - sec_monitor - INFO - Making API call - Attempt 1/3
2025-03-24 21:12:23,389 - sec_monitor - INFO - Timestamp: 2025-03-24 21:12:23
2025-03-24 21:12:29,031 - sec_monitor - INFO - API call successful
2025-03-24 21:12:30,032 - sec_monitor - INFO - Processing filing 4/7: CTAS
2025-03-24 21:13:00,514 - sec_monitor - INFO - ==================================================
2025-03-24 21:13:00,514 - sec_monitor - INFO - Processing first chunk
2025-03-24 21:13:00,514 - sec_monitor - INFO - Timestamp: 2025-03-24 21:13:00
2025-03-24 21:13:00,649 - sec_monitor - INFO - token percentage = 5%
2025-03-24 21:13:00,650 - sec_monitor - INFO - Making API call - Attempt 1/3
2025-03-24 21:13:00,650 - sec_monitor - INFO - Timestamp: 2025-03-24 21:13:00
2025-03-24 21:13:03,478 - sec_monitor - INFO - API call successful
2025-03-24 21:13:04,479 - sec_monitor - INFO - Processing filing 5/7: LOW
2025-03-24 21:14:02,596 - sec_monitor - INFO - ==================================================
2025-03-24 21:14:02,597 - sec_monitor - INFO - Processing first chunk
2025-03-24 21:14:02,597 - sec_monitor - INFO - Timestamp: 2025-03-24 21:14:02
2025-03-24 21:14:04,172 - sec_monitor - INFO - token percentage = 44%
2025-03-24 21:14:04,172 - sec_monitor - INFO - Making API call - Attempt 1/3
2025-03-24 21:14:04,172 - sec_monitor - INFO - Timestamp: 2025-03-24 21:14:04
2025-03-24 21:14:19,146 - sec_monitor - INFO - API call successful
2025-03-24 21:14:49,176 - sec_monitor - INFO - ==================================================
2025-03-24 21:14:49,177 - sec_monitor - INFO - Processing middle chunk
2025-03-24 21:14:49,177 - sec_monitor - INFO - Timestamp: 2025-03-24 21:14:49
2025-03-24 21:14:49,936 - sec_monitor - INFO - token percentage = 62%
2025-03-24 21:14:49,936 - sec_monitor - INFO - Making API call - Attempt 1/3
2025-03-24 21:14:49,936 - sec_monitor - INFO - Timestamp: 2025-03-24 21:14:49
2025-03-24 21:15:09,721 - sec_monitor - INFO - API call successful
2025-03-24 21:15:39,751 - sec_monitor - INFO - ==================================================
2025-03-24 21:15:39,751 - sec_monitor - INFO - Processing middle chunk
2025-03-24 21:15:39,752 - sec_monitor - INFO - Timestamp: 2025-03-24 21:15:39
2025-03-24 21:15:41,228 - sec_monitor - INFO - token percentage = 45%
2025-03-24 21:15:41,229 - sec_monitor - INFO - Making API call - Attempt 1/3
2025-03-24 21:15:41,229 - sec_monitor - INFO - Timestamp: 2025-03-24 21:15:41
2025-03-24 21:15:56,180 - sec_monitor - INFO - API call successful
2025-03-24 21:16:26,210 - sec_monitor - INFO - ==================================================
2025-03-24 21:16:26,211 - sec_monitor - INFO - Processing middle chunk
2025-03-24 21:16:26,211 - sec_monitor - INFO - Timestamp: 2025-03-24 21:16:26
2025-03-24 21:16:27,276 - sec_monitor - INFO - token percentage = 45%
2025-03-24 21:16:27,277 - sec_monitor - INFO - Making API call - Attempt 1/3
2025-03-24 21:16:27,277 - sec_monitor - INFO - Timestamp: 2025-03-24 21:16:27
2025-03-24 21:16:42,357 - sec_monitor - INFO - API call successful
2025-03-24 21:17:12,387 - sec_monitor - INFO - ==================================================
2025-03-24 21:17:12,388 - sec_monitor - INFO - Processing last chunk
2025-03-24 21:17:12,388 - sec_monitor - INFO - Timestamp: 2025-03-24 21:17:12
2025-03-24 21:17:12,811 - sec_monitor - INFO - token percentage = 25%
2025-03-24 21:17:12,812 - sec_monitor - INFO - Making API call - Attempt 1/3
2025-03-24 21:17:12,812 - sec_monitor - INFO - Timestamp: 2025-03-24 21:17:12
2025-03-24 21:17:20,916 - sec_monitor - INFO - API call successful
2025-03-24 21:17:20,916 - sec_monitor - INFO - Making combine API call - Attempt 1/3
2025-03-24 21:17:20,916 - sec_monitor - INFO - Timestamp: 2025-03-24 21:17:20
2025-03-24 21:17:21,734 - sec_monitor - INFO - Combine API call successful
2025-03-24 21:17:22,735 - sec_monitor - INFO - Processing filing 6/7: DIS
2025-03-24 21:17:53,615 - sec_monitor - INFO - ==================================================
2025-03-24 21:17:53,616 - sec_monitor - INFO - Processing first chunk
2025-03-24 21:17:53,616 - sec_monitor - INFO - Timestamp: 2025-03-24 21:17:53
2025-03-24 21:17:53,711 - sec_monitor - INFO - token percentage = 3%
2025-03-24 21:17:53,711 - sec_monitor - INFO - Making API call - Attempt 1/3
2025-03-24 21:17:53,711 - sec_monitor - INFO - Timestamp: 2025-03-24 21:17:53
2025-03-24 21:17:56,140 - sec_monitor - INFO - API call successful
2025-03-24 21:17:57,141 - sec_monitor - INFO - Processing filing 7/7: AMD
2025-03-24 21:18:28,022 - sec_monitor - INFO - ==================================================
2025-03-24 21:18:28,022 - sec_monitor - INFO - Processing first chunk
2025-03-24 21:18:28,023 - sec_monitor - INFO - Timestamp: 2025-03-24 21:18:28
2025-03-24 21:18:28,289 - sec_monitor - INFO - token percentage = 8%
2025-03-24 21:18:28,290 - sec_monitor - INFO - Making API call - Attempt 1/3
2025-03-24 21:18:28,290 - sec_monitor - INFO - Timestamp: 2025-03-24 21:18:28
2025-03-24 21:18:32,440 - sec_monitor - INFO - API call successful
2025-03-24 21:18:33,442 - sec_monitor - INFO - Fetching supplementary data...
2025-03-24 21:18:33,749 - sec_monitor - INFO - filing_tickers type: <class 'list'>
2025-03-24 21:18:33,749 - sec_monitor - INFO - filing_data type: <class 'list'>
2025-03-24 21:18:33,749 - sec_monitor - INFO - Market open: False
2025-03-24 21:18:33,750 - sec_monitor - INFO - Number of filing times mapped: 7
2025-03-24 21:18:33,755 - sec_monitor - INFO - Last trading day: 2025-03-24
2025-03-24 21:18:33,755 - sec_monitor - INFO - Processing ticker: EG
2025-03-24 21:18:34,139 - sec_monitor - INFO - Number of bars for EG: 3
2025-03-24 21:18:34,139 - sec_monitor - INFO - Last bar close for EG: 352.515
2025-03-24 21:18:34,139 - sec_monitor - INFO - Outside market hours price for EG: 352.515
2025-03-24 21:18:34,140 - sec_monitor - INFO - Processing ticker: CCI
2025-03-24 21:18:34,151 - sec_monitor - INFO - Number of bars for CCI: 3
2025-03-24 21:18:34,151 - sec_monitor - INFO - Last bar close for CCI: 106.415
2025-03-24 21:18:34,151 - sec_monitor - INFO - Outside market hours price for CCI: 106.415
2025-03-24 21:18:34,151 - sec_monitor - INFO - Processing ticker: ED
2025-03-24 21:18:34,170 - sec_monitor - INFO - Number of bars for ED: 3
2025-03-24 21:18:34,170 - sec_monitor - INFO - Last bar close for ED: 107.84
2025-03-24 21:18:34,170 - sec_monitor - INFO - Outside market hours price for ED: 107.84
2025-03-24 21:18:34,170 - sec_monitor - INFO - Processing ticker: CTAS
2025-03-24 21:18:34,187 - sec_monitor - INFO - Number of bars for CTAS: 3
2025-03-24 21:18:34,187 - sec_monitor - INFO - Last bar close for CTAS: 191.14
2025-03-24 21:18:34,187 - sec_monitor - INFO - Outside market hours price for CTAS: 191.14
2025-03-24 21:18:34,187 - sec_monitor - INFO - Processing ticker: LOW
2025-03-24 21:18:34,203 - sec_monitor - INFO - Number of bars for LOW: 3
2025-03-24 21:18:34,203 - sec_monitor - INFO - Last bar close for LOW: 226.905
2025-03-24 21:18:34,203 - sec_monitor - INFO - Outside market hours price for LOW: 226.905
2025-03-24 21:18:34,203 - sec_monitor - INFO - Processing ticker: DIS
2025-03-24 21:18:34,216 - sec_monitor - INFO - Number of bars for DIS: 3
2025-03-24 21:18:34,216 - sec_monitor - INFO - Last bar close for DIS: 99.46
2025-03-24 21:18:34,217 - sec_monitor - INFO - Outside market hours price for DIS: 99.46
2025-03-24 21:18:34,217 - sec_monitor - INFO - Processing ticker: AMD
2025-03-24 21:18:34,229 - sec_monitor - INFO - Number of bars for AMD: 3
2025-03-24 21:18:34,229 - sec_monitor - INFO - Last bar close for AMD: 106.43
2025-03-24 21:18:34,230 - sec_monitor - INFO - Outside market hours price for AMD: 106.43
2025-03-24 21:18:37,024 - sec_monitor - INFO - Generating final output...
2025-03-24 21:18:37,025 - sec_monitor - INFO - Successfully merged 7 new filings with existing JSON
2025-03-24 21:18:37,025 - sec_monitor - INFO - Cumulative stats - Input words: 418860, Output words: 719
2025-03-24 21:18:37,025 - sec_monitor - INFO - Successfully saved/merged output to output/sec_filings.json
2025-03-24 21:18:37,025 - sec_monitor - INFO - Processing complete. Stats: {'input_words': 403073, 'output_words': 512, 'filings_processed': 7}
