2025-08-15 11:10:19,918 - sec_monitor - INFO - Starting SEC filing monitor 
2025-08-15 11:10:19,919 - sec_monitor - INFO - Loading S&P 500 data...
2025-08-15 11:10:19,919 - sec_monitor - INFO - Starting S&P 500 data initialization
2025-08-15 11:10:19,919 - sec_monitor - INFO - Successfully loaded 503 S&P 500 tickers
2025-08-15 11:10:19,919 - sec_monitor - INFO - Successfully loaded 503 S&P 500 tickers
2025-08-15 11:10:19,919 - sec_monitor - INFO - Initializing components...
2025-08-15 11:10:19,920 - sec_monitor - INFO - Initializing components
2025-08-15 11:10:19,920 - sec_monitor - INFO - SEC fetcher initialized
2025-08-15 11:10:19,920 - sec_monitor - INFO - Filing analyzer initialized
2025-08-15 11:10:19,920 - sec_monitor - INFO - Alpaca clients initialized
2025-08-15 11:10:19,920 - sec_monitor - INFO - All components initialized successfully
2025-08-15 11:10:19,921 - sec_monitor - INFO - Found old JSON file, archiving
2025-08-15 11:10:19,921 - sec_monitor - INFO - Starting new filing collection for today
2025-08-15 11:10:19,921 - sec_monitor - INFO - Fetching SEC filings...
2025-08-15 11:10:34,249 - sec_monitor - INFO - No more entries found
2025-08-15 11:10:34,249 - sec_monitor - INFO - Completed fetching. Found 39 total filings
2025-08-15 11:10:34,249 - sec_monitor - INFO - Found 1 new interesting filings
2025-08-15 11:10:34,249 - sec_monitor - INFO - Found 1 new filings to process
2025-08-15 11:10:34,250 - sec_monitor - INFO - Processing filing 1/1: EQIX
2025-08-15 11:11:05,066 - sec_monitor - INFO - ==================================================
2025-08-15 11:11:05,066 - sec_monitor - INFO - Processing first chunk
2025-08-15 11:11:05,067 - sec_monitor - INFO - Timestamp: 2025-08-15 11:11:05
2025-08-15 11:11:05,204 - sec_monitor - INFO - token percentage = 4%
2025-08-15 11:11:05,205 - sec_monitor - INFO - Making API call - Attempt 1/3
2025-08-15 11:11:05,205 - sec_monitor - INFO - Timestamp: 2025-08-15 11:11:05
2025-08-15 11:11:09,314 - sec_monitor - INFO - API call successful
2025-08-15 11:11:10,315 - sec_monitor - INFO - Fetching supplementary data...
2025-08-15 11:11:10,686 - sec_monitor - INFO - filing_tickers type: <class 'list'>
2025-08-15 11:11:10,686 - sec_monitor - INFO - filing_data type: <class 'list'>
2025-08-15 11:11:10,686 - sec_monitor - INFO - Market open: False
2025-08-15 11:11:10,686 - sec_monitor - INFO - Number of filing times mapped: 1
2025-08-15 11:11:10,748 - sec_monitor - INFO - Last trading day: 2025-08-15
2025-08-15 11:11:10,748 - sec_monitor - INFO - Processing ticker: EQIX
2025-08-15 11:11:10,989 - sec_monitor - INFO - Number of bars for EQIX: 4
2025-08-15 11:11:10,989 - sec_monitor - INFO - Last bar close for EQIX: 774.95
2025-08-15 11:11:10,989 - sec_monitor - INFO - Outside market hours price for EQIX: 774.95
2025-08-15 11:11:11,379 - sec_monitor - INFO - Generating final output...
2025-08-15 11:11:11,380 - sec_monitor - INFO - Successfully saved/merged output to output/sec_filings.json
2025-08-15 11:11:11,380 - sec_monitor - INFO - Processing complete. Stats: {'input_words': 5473, 'output_words': 50, 'filings_processed': 1}
