2025-02-25 11:09:03,117 - sec_monitor - INFO - Starting SEC filing monitor 
2025-02-25 11:09:03,117 - sec_monitor - INFO - Loading S&P 500 data...
2025-02-25 11:09:03,117 - sec_monitor - INFO - Starting S&P 500 data initialization
2025-02-25 11:09:03,117 - sec_monitor - INFO - Successfully loaded 503 S&P 500 tickers
2025-02-25 11:09:03,118 - sec_monitor - INFO - Successfully loaded 503 S&P 500 tickers
2025-02-25 11:09:03,118 - sec_monitor - INFO - Initializing components...
2025-02-25 11:09:03,118 - sec_monitor - INFO - Initializing components
2025-02-25 11:09:03,118 - sec_monitor - INFO - SEC fetcher initialized
2025-02-25 11:09:03,118 - sec_monitor - INFO - Filing analyzer initialized
2025-02-25 11:09:03,118 - sec_monitor - INFO - Alpaca clients initialized
2025-02-25 11:09:03,118 - sec_monitor - INFO - All components initialized successfully
2025-02-25 11:09:03,119 - sec_monitor - INFO - Found old JSON file, archiving
2025-02-25 11:09:03,119 - sec_monitor - INFO - Starting new filing collection for today
2025-02-25 11:09:03,119 - sec_monitor - INFO - Fetching SEC filings...
2025-02-25 11:09:18,775 - sec_monitor - INFO - No more entries found
2025-02-25 11:09:18,775 - sec_monitor - INFO - Completed fetching. Found 202 total filings
2025-02-25 11:09:18,776 - sec_monitor - INFO - Found 10 new interesting filings
2025-02-25 11:09:18,776 - sec_monitor - INFO - Found 10 new filings to process
2025-02-25 11:09:18,776 - sec_monitor - INFO - Processing filing 1/10: ALGN
2025-02-25 11:09:49,176 - sec_monitor - INFO - ==================================================
2025-02-25 11:09:49,176 - sec_monitor - INFO - Processing first chunk
2025-02-25 11:09:49,176 - sec_monitor - INFO - Timestamp: 2025-02-25 11:09:49
2025-02-25 11:09:49,252 - sec_monitor - INFO - token percentage = 4%
2025-02-25 11:09:49,252 - sec_monitor - INFO - Making API call - Attempt 1/3
2025-02-25 11:09:49,253 - sec_monitor - INFO - Timestamp: 2025-02-25 11:09:49
2025-02-25 11:09:52,016 - sec_monitor - INFO - API call successful
2025-02-25 11:09:53,017 - sec_monitor - INFO - Processing filing 2/10: NWS
2025-02-25 11:10:23,618 - sec_monitor - INFO - ==================================================
2025-02-25 11:10:23,618 - sec_monitor - INFO - Processing first chunk
2025-02-25 11:10:23,618 - sec_monitor - INFO - Timestamp: 2025-02-25 11:10:23
2025-02-25 11:10:23,718 - sec_monitor - INFO - token percentage = 7%
2025-02-25 11:10:23,718 - sec_monitor - INFO - Making API call - Attempt 1/3
2025-02-25 11:10:23,718 - sec_monitor - INFO - Timestamp: 2025-02-25 11:10:23
2025-02-25 11:10:31,429 - sec_monitor - INFO - API call successful
2025-02-25 11:10:32,431 - sec_monitor - INFO - Processing filing 3/10: CTRA
2025-02-25 11:11:04,056 - sec_monitor - INFO - ==================================================
2025-02-25 11:11:04,056 - sec_monitor - INFO - Processing first chunk
2025-02-25 11:11:04,056 - sec_monitor - INFO - Timestamp: 2025-02-25 11:11:04
2025-02-25 11:11:04,188 - sec_monitor - INFO - token percentage = 11%
2025-02-25 11:11:04,188 - sec_monitor - INFO - Making API call - Attempt 1/3
2025-02-25 11:11:04,188 - sec_monitor - INFO - Timestamp: 2025-02-25 11:11:04
2025-02-25 11:11:09,491 - sec_monitor - INFO - API call successful
2025-02-25 11:11:10,493 - sec_monitor - INFO - Processing filing 4/10: AMD
2025-02-25 11:11:40,767 - sec_monitor - INFO - ==================================================
2025-02-25 11:11:40,767 - sec_monitor - INFO - Processing first chunk
2025-02-25 11:11:40,767 - sec_monitor - INFO - Timestamp: 2025-02-25 11:11:40
2025-02-25 11:11:40,820 - sec_monitor - INFO - token percentage = 3%
2025-02-25 11:11:40,820 - sec_monitor - INFO - Making API call - Attempt 1/3
2025-02-25 11:11:40,820 - sec_monitor - INFO - Timestamp: 2025-02-25 11:11:40
2025-02-25 11:11:42,304 - sec_monitor - INFO - API call successful
2025-02-25 11:11:43,305 - sec_monitor - INFO - Processing filing 5/10: AKAM
2025-02-25 11:12:42,049 - sec_monitor - INFO - ==================================================
2025-02-25 11:12:42,049 - sec_monitor - INFO - Processing first chunk
2025-02-25 11:12:42,049 - sec_monitor - INFO - Timestamp: 2025-02-25 11:12:42
2025-02-25 11:12:43,677 - sec_monitor - INFO - token percentage = 37%
2025-02-25 11:12:43,677 - sec_monitor - INFO - Making API call - Attempt 1/3
2025-02-25 11:12:43,677 - sec_monitor - INFO - Timestamp: 2025-02-25 11:12:43
2025-02-25 11:12:57,368 - sec_monitor - INFO - API call successful
2025-02-25 11:13:27,372 - sec_monitor - INFO - ==================================================
2025-02-25 11:13:27,372 - sec_monitor - INFO - Processing middle chunk
2025-02-25 11:13:27,372 - sec_monitor - INFO - Timestamp: 2025-02-25 11:13:27
2025-02-25 11:13:28,361 - sec_monitor - INFO - token percentage = 50%
2025-02-25 11:13:28,362 - sec_monitor - INFO - Making API call - Attempt 1/3
2025-02-25 11:13:28,362 - sec_monitor - INFO - Timestamp: 2025-02-25 11:13:28
2025-02-25 11:13:45,307 - sec_monitor - INFO - API call successful
2025-02-25 11:14:15,337 - sec_monitor - INFO - ==================================================
2025-02-25 11:14:15,338 - sec_monitor - INFO - Processing middle chunk
2025-02-25 11:14:15,338 - sec_monitor - INFO - Timestamp: 2025-02-25 11:14:15
2025-02-25 11:14:16,199 - sec_monitor - INFO - token percentage = 66%
2025-02-25 11:14:16,199 - sec_monitor - INFO - Making API call - Attempt 1/3
2025-02-25 11:14:16,199 - sec_monitor - INFO - Timestamp: 2025-02-25 11:14:16
2025-02-25 11:14:37,947 - sec_monitor - INFO - API call successful
2025-02-25 11:15:07,977 - sec_monitor - INFO - ==================================================
2025-02-25 11:15:07,978 - sec_monitor - INFO - Processing middle chunk
2025-02-25 11:15:07,978 - sec_monitor - INFO - Timestamp: 2025-02-25 11:15:07
2025-02-25 11:15:09,035 - sec_monitor - INFO - token percentage = 46%
2025-02-25 11:15:09,035 - sec_monitor - INFO - Making API call - Attempt 1/3
2025-02-25 11:15:09,036 - sec_monitor - INFO - Timestamp: 2025-02-25 11:15:09
2025-02-25 11:15:24,353 - sec_monitor - INFO - API call successful
2025-02-25 11:15:54,381 - sec_monitor - INFO - ==================================================
2025-02-25 11:15:54,381 - sec_monitor - INFO - Processing last chunk
2025-02-25 11:15:54,381 - sec_monitor - INFO - Timestamp: 2025-02-25 11:15:54
2025-02-25 11:15:54,601 - sec_monitor - INFO - token percentage = 14%
2025-02-25 11:15:54,602 - sec_monitor - INFO - Making API call - Attempt 1/3
2025-02-25 11:15:54,602 - sec_monitor - INFO - Timestamp: 2025-02-25 11:15:54
2025-02-25 11:16:00,241 - sec_monitor - INFO - API call successful
2025-02-25 11:16:00,241 - sec_monitor - INFO - Making combine API call - Attempt 1/3
2025-02-25 11:16:00,241 - sec_monitor - INFO - Timestamp: 2025-02-25 11:16:00
2025-02-25 11:16:01,207 - sec_monitor - INFO - Combine API call successful
2025-02-25 11:16:02,208 - sec_monitor - INFO - Processing filing 6/10: ROP
2025-02-25 11:17:12,312 - sec_monitor - INFO - ==================================================
2025-02-25 11:17:12,312 - sec_monitor - INFO - Processing first chunk
2025-02-25 11:17:12,312 - sec_monitor - INFO - Timestamp: 2025-02-25 11:17:12
2025-02-25 11:17:13,579 - sec_monitor - INFO - token percentage = 43%
2025-02-25 11:17:13,580 - sec_monitor - INFO - Making API call - Attempt 1/3
2025-02-25 11:17:13,580 - sec_monitor - INFO - Timestamp: 2025-02-25 11:17:13
2025-02-25 11:17:28,088 - sec_monitor - INFO - API call successful
2025-02-25 11:17:58,091 - sec_monitor - INFO - ==================================================
2025-02-25 11:17:58,091 - sec_monitor - INFO - Processing middle chunk
2025-02-25 11:17:58,091 - sec_monitor - INFO - Timestamp: 2025-02-25 11:17:58
2025-02-25 11:17:58,989 - sec_monitor - INFO - token percentage = 47%
2025-02-25 11:17:58,989 - sec_monitor - INFO - Making API call - Attempt 1/3
2025-02-25 11:17:58,989 - sec_monitor - INFO - Timestamp: 2025-02-25 11:17:58
2025-02-25 11:18:14,882 - sec_monitor - INFO - API call successful
2025-02-25 11:18:44,913 - sec_monitor - INFO - ==================================================
2025-02-25 11:18:44,913 - sec_monitor - INFO - Processing middle chunk
2025-02-25 11:18:44,913 - sec_monitor - INFO - Timestamp: 2025-02-25 11:18:44
2025-02-25 11:18:45,797 - sec_monitor - INFO - token percentage = 61%
2025-02-25 11:18:45,797 - sec_monitor - INFO - Making API call - Attempt 1/3
2025-02-25 11:18:45,797 - sec_monitor - INFO - Timestamp: 2025-02-25 11:18:45
2025-02-25 11:19:05,583 - sec_monitor - INFO - API call successful
2025-02-25 11:19:35,614 - sec_monitor - INFO - ==================================================
2025-02-25 11:19:35,614 - sec_monitor - INFO - Processing middle chunk
2025-02-25 11:19:35,614 - sec_monitor - INFO - Timestamp: 2025-02-25 11:19:35
2025-02-25 11:19:36,694 - sec_monitor - INFO - token percentage = 47%
2025-02-25 11:19:36,695 - sec_monitor - INFO - Making API call - Attempt 1/3
2025-02-25 11:19:36,695 - sec_monitor - INFO - Timestamp: 2025-02-25 11:19:36
2025-02-25 11:19:52,185 - sec_monitor - INFO - API call successful
2025-02-25 11:20:22,211 - sec_monitor - INFO - ==================================================
2025-02-25 11:20:22,211 - sec_monitor - INFO - Processing last chunk
2025-02-25 11:20:22,211 - sec_monitor - INFO - Timestamp: 2025-02-25 11:20:22
2025-02-25 11:20:52,641 - sec_monitor - INFO - token percentage = 3%
2025-02-25 11:20:52,641 - sec_monitor - INFO - Making API call - Attempt 1/3
2025-02-25 11:20:52,641 - sec_monitor - INFO - Timestamp: 2025-02-25 11:20:52
2025-02-25 11:20:54,274 - sec_monitor - INFO - API call successful
2025-02-25 11:20:54,274 - sec_monitor - INFO - Making combine API call - Attempt 1/3
2025-02-25 11:20:54,274 - sec_monitor - INFO - Timestamp: 2025-02-25 11:20:54
2025-02-25 11:20:55,291 - sec_monitor - INFO - Combine API call successful
2025-02-25 11:20:56,292 - sec_monitor - INFO - Processing filing 7/10: ROL
2025-02-25 11:21:28,088 - sec_monitor - INFO - ==================================================
2025-02-25 11:21:28,089 - sec_monitor - INFO - Processing first chunk
2025-02-25 11:21:28,089 - sec_monitor - INFO - Timestamp: 2025-02-25 11:21:28
2025-02-25 11:21:28,596 - sec_monitor - INFO - token percentage = 19%
2025-02-25 11:21:28,596 - sec_monitor - INFO - Making API call - Attempt 1/3
2025-02-25 11:21:28,596 - sec_monitor - INFO - Timestamp: 2025-02-25 11:21:28
2025-02-25 11:21:35,774 - sec_monitor - INFO - API call successful
2025-02-25 11:21:36,775 - sec_monitor - INFO - Processing filing 8/10: APD
2025-02-25 11:22:07,207 - sec_monitor - INFO - ==================================================
2025-02-25 11:22:07,207 - sec_monitor - INFO - Processing first chunk
2025-02-25 11:22:07,207 - sec_monitor - INFO - Timestamp: 2025-02-25 11:22:07
2025-02-25 11:22:07,282 - sec_monitor - INFO - token percentage = 4%
2025-02-25 11:22:07,282 - sec_monitor - INFO - Making API call - Attempt 1/3
2025-02-25 11:22:07,282 - sec_monitor - INFO - Timestamp: 2025-02-25 11:22:07
2025-02-25 11:22:10,510 - sec_monitor - INFO - API call successful
2025-02-25 11:22:11,511 - sec_monitor - INFO - Processing filing 9/10: OKE
2025-02-25 11:23:11,022 - sec_monitor - INFO - ==================================================
2025-02-25 11:23:11,022 - sec_monitor - INFO - Processing first chunk
2025-02-25 11:23:11,022 - sec_monitor - INFO - Timestamp: 2025-02-25 11:23:11
2025-02-25 11:23:11,393 - sec_monitor - INFO - token percentage = 48%
2025-02-25 11:23:11,394 - sec_monitor - INFO - Making API call - Attempt 1/3
2025-02-25 11:23:11,394 - sec_monitor - INFO - Timestamp: 2025-02-25 11:23:11
2025-02-25 11:23:26,153 - sec_monitor - INFO - API call successful
2025-02-25 11:23:56,184 - sec_monitor - INFO - ==================================================
2025-02-25 11:23:56,184 - sec_monitor - INFO - Processing middle chunk
2025-02-25 11:23:56,184 - sec_monitor - INFO - Timestamp: 2025-02-25 11:23:56
2025-02-25 11:23:56,512 - sec_monitor - INFO - token percentage = 51%
2025-02-25 11:23:56,513 - sec_monitor - INFO - Making API call - Attempt 1/3
2025-02-25 11:23:56,513 - sec_monitor - INFO - Timestamp: 2025-02-25 11:23:56
2025-02-25 11:24:12,966 - sec_monitor - INFO - API call successful
2025-02-25 11:24:42,996 - sec_monitor - INFO - ==================================================
2025-02-25 11:24:42,996 - sec_monitor - INFO - Processing middle chunk
2025-02-25 11:24:42,996 - sec_monitor - INFO - Timestamp: 2025-02-25 11:24:42
2025-02-25 11:24:43,311 - sec_monitor - INFO - token percentage = 51%
2025-02-25 11:24:43,311 - sec_monitor - INFO - Making API call - Attempt 1/3
2025-02-25 11:24:43,312 - sec_monitor - INFO - Timestamp: 2025-02-25 11:24:43
2025-02-25 11:24:58,132 - sec_monitor - INFO - API call successful
2025-02-25 11:25:28,162 - sec_monitor - INFO - ==================================================
2025-02-25 11:25:28,162 - sec_monitor - INFO - Processing middle chunk
2025-02-25 11:25:28,163 - sec_monitor - INFO - Timestamp: 2025-02-25 11:25:28
2025-02-25 11:25:28,365 - sec_monitor - INFO - token percentage = 49%
2025-02-25 11:25:28,365 - sec_monitor - INFO - Making API call - Attempt 1/3
2025-02-25 11:25:28,365 - sec_monitor - INFO - Timestamp: 2025-02-25 11:25:28
2025-02-25 11:25:43,472 - sec_monitor - INFO - API call successful
2025-02-25 11:26:13,502 - sec_monitor - INFO - ==================================================
2025-02-25 11:26:13,503 - sec_monitor - INFO - Processing last chunk
2025-02-25 11:26:13,503 - sec_monitor - INFO - Timestamp: 2025-02-25 11:26:13
2025-02-25 11:26:13,594 - sec_monitor - INFO - token percentage = 14%
2025-02-25 11:26:13,594 - sec_monitor - INFO - Making API call - Attempt 1/3
2025-02-25 11:26:13,594 - sec_monitor - INFO - Timestamp: 2025-02-25 11:26:13
2025-02-25 11:26:18,510 - sec_monitor - INFO - API call successful
2025-02-25 11:26:18,510 - sec_monitor - INFO - Making combine API call - Attempt 1/3
2025-02-25 11:26:18,510 - sec_monitor - INFO - Timestamp: 2025-02-25 11:26:18
2025-02-25 11:26:19,474 - sec_monitor - INFO - Combine API call successful
2025-02-25 11:26:20,475 - sec_monitor - INFO - Processing filing 10/10: CPB
2025-02-25 11:26:54,452 - sec_monitor - INFO - ==================================================
2025-02-25 11:26:54,452 - sec_monitor - INFO - Processing first chunk
2025-02-25 11:26:54,452 - sec_monitor - INFO - Timestamp: 2025-02-25 11:26:54
2025-02-25 11:26:54,681 - sec_monitor - INFO - token percentage = 35%
2025-02-25 11:26:54,681 - sec_monitor - INFO - Making API call - Attempt 1/3
2025-02-25 11:26:54,681 - sec_monitor - INFO - Timestamp: 2025-02-25 11:26:54
2025-02-25 11:27:05,271 - sec_monitor - INFO - API call successful
2025-02-25 11:27:06,272 - sec_monitor - INFO - Fetching supplementary data...
2025-02-25 11:27:06,461 - sec_monitor - INFO - filing_tickers type: <class 'list'>
2025-02-25 11:27:06,461 - sec_monitor - INFO - filing_data type: <class 'list'>
2025-02-25 11:27:09,518 - sec_monitor - INFO - Generating final output...
2025-02-25 11:27:09,519 - sec_monitor - INFO - Successfully saved/merged output to output/sec_filings.json
2025-02-25 11:27:09,519 - sec_monitor - INFO - Processing complete. Stats: {'input_words': 889334, 'output_words': 752, 'filings_processed': 10}
2025-02-25 12:36:51,083 - sec_monitor - INFO - Starting SEC filing monitor 
2025-02-25 12:36:51,083 - sec_monitor - INFO - Loading S&P 500 data...
2025-02-25 12:36:51,083 - sec_monitor - INFO - Starting S&P 500 data initialization
2025-02-25 12:36:51,083 - sec_monitor - INFO - Successfully loaded 503 S&P 500 tickers
2025-02-25 12:36:51,084 - sec_monitor - INFO - Successfully loaded 503 S&P 500 tickers
2025-02-25 12:36:51,084 - sec_monitor - INFO - Initializing components...
2025-02-25 12:36:51,084 - sec_monitor - INFO - Initializing components
2025-02-25 12:36:51,084 - sec_monitor - INFO - SEC fetcher initialized
2025-02-25 12:36:51,084 - sec_monitor - INFO - Filing analyzer initialized
2025-02-25 12:36:51,084 - sec_monitor - INFO - Alpaca clients initialized
2025-02-25 12:36:51,084 - sec_monitor - INFO - All components initialized successfully
2025-02-25 12:36:51,085 - sec_monitor - INFO - Found JSON file from today
2025-02-25 12:36:51,085 - sec_monitor - INFO - Found 0 previously processed filings
2025-02-25 12:36:51,085 - sec_monitor - INFO - Found 0 previously processed filings today
2025-02-25 12:36:51,086 - sec_monitor - INFO - Fetching SEC filings...
2025-02-25 12:37:06,142 - sec_monitor - INFO - No more entries found
2025-02-25 12:37:06,142 - sec_monitor - INFO - Completed fetching. Found 181 total filings
2025-02-25 12:37:06,142 - sec_monitor - INFO - Found 11 new interesting filings
2025-02-25 12:37:06,142 - sec_monitor - INFO - Found 11 new filings to process
2025-02-25 12:37:06,142 - sec_monitor - INFO - Processing filing 1/11: AMT
2025-02-25 12:37:37,996 - sec_monitor - INFO - ==================================================
2025-02-25 12:37:37,996 - sec_monitor - INFO - Processing first chunk
2025-02-25 12:37:37,996 - sec_monitor - INFO - Timestamp: 2025-02-25 12:37:37
2025-02-25 12:37:38,179 - sec_monitor - INFO - token percentage = 11%
2025-02-25 12:37:38,180 - sec_monitor - INFO - Making API call - Attempt 1/3
2025-02-25 12:37:38,180 - sec_monitor - INFO - Timestamp: 2025-02-25 12:37:38
2025-02-25 12:37:43,214 - sec_monitor - INFO - API call successful
2025-02-25 12:37:44,216 - sec_monitor - INFO - Processing filing 2/11: KDP
2025-02-25 12:38:27,089 - sec_monitor - INFO - ==================================================
2025-02-25 12:38:27,089 - sec_monitor - INFO - Processing first chunk
2025-02-25 12:38:27,089 - sec_monitor - INFO - Timestamp: 2025-02-25 12:38:27
2025-02-25 12:38:27,528 - sec_monitor - INFO - token percentage = 47%
2025-02-25 12:38:27,528 - sec_monitor - INFO - Making API call - Attempt 1/3
2025-02-25 12:38:27,528 - sec_monitor - INFO - Timestamp: 2025-02-25 12:38:27
2025-02-25 12:38:50,020 - sec_monitor - INFO - API call successful
2025-02-25 12:39:20,043 - sec_monitor - INFO - ==================================================
2025-02-25 12:39:20,043 - sec_monitor - INFO - Processing middle chunk
2025-02-25 12:39:20,043 - sec_monitor - INFO - Timestamp: 2025-02-25 12:39:20
2025-02-25 12:39:20,356 - sec_monitor - INFO - token percentage = 49%
2025-02-25 12:39:20,356 - sec_monitor - INFO - Making API call - Attempt 1/3
2025-02-25 12:39:20,356 - sec_monitor - INFO - Timestamp: 2025-02-25 12:39:20
2025-02-25 12:39:36,164 - sec_monitor - INFO - API call successful
2025-02-25 12:40:06,195 - sec_monitor - INFO - ==================================================
2025-02-25 12:40:06,195 - sec_monitor - INFO - Processing middle chunk
2025-02-25 12:40:06,195 - sec_monitor - INFO - Timestamp: 2025-02-25 12:40:06
2025-02-25 12:40:06,515 - sec_monitor - INFO - token percentage = 53%
2025-02-25 12:40:06,515 - sec_monitor - INFO - Making API call - Attempt 1/3
2025-02-25 12:40:06,516 - sec_monitor - INFO - Timestamp: 2025-02-25 12:40:06
2025-02-25 12:40:23,306 - sec_monitor - INFO - API call successful
2025-02-25 12:40:53,337 - sec_monitor - INFO - ==================================================
2025-02-25 12:40:53,337 - sec_monitor - INFO - Processing last chunk
2025-02-25 12:40:53,337 - sec_monitor - INFO - Timestamp: 2025-02-25 12:40:53
2025-02-25 12:40:53,530 - sec_monitor - INFO - token percentage = 31%
2025-02-25 12:40:53,530 - sec_monitor - INFO - Making API call - Attempt 1/3
2025-02-25 12:40:53,530 - sec_monitor - INFO - Timestamp: 2025-02-25 12:40:53
2025-02-25 12:41:02,867 - sec_monitor - INFO - API call successful
2025-02-25 12:41:02,867 - sec_monitor - INFO - Making combine API call - Attempt 1/3
2025-02-25 12:41:02,867 - sec_monitor - INFO - Timestamp: 2025-02-25 12:41:02
2025-02-25 12:41:04,077 - sec_monitor - INFO - Combine API call successful
2025-02-25 12:41:05,078 - sec_monitor - INFO - Processing filing 3/11: HD
2025-02-25 12:41:40,881 - sec_monitor - INFO - ==================================================
2025-02-25 12:41:40,881 - sec_monitor - INFO - Processing first chunk
2025-02-25 12:41:40,881 - sec_monitor - INFO - Timestamp: 2025-02-25 12:41:40
2025-02-25 12:41:41,175 - sec_monitor - INFO - token percentage = 49%
2025-02-25 12:41:41,175 - sec_monitor - INFO - Making API call - Attempt 1/3
2025-02-25 12:41:41,175 - sec_monitor - INFO - Timestamp: 2025-02-25 12:41:41
2025-02-25 12:41:57,133 - sec_monitor - INFO - API call successful
2025-02-25 12:42:27,163 - sec_monitor - INFO - ==================================================
2025-02-25 12:42:27,163 - sec_monitor - INFO - Processing last chunk
2025-02-25 12:42:27,163 - sec_monitor - INFO - Timestamp: 2025-02-25 12:42:27
2025-02-25 12:42:27,384 - sec_monitor - INFO - token percentage = 33%
2025-02-25 12:42:27,384 - sec_monitor - INFO - Making API call - Attempt 1/3
2025-02-25 12:42:27,384 - sec_monitor - INFO - Timestamp: 2025-02-25 12:42:27
2025-02-25 12:42:37,772 - sec_monitor - INFO - API call successful
2025-02-25 12:42:37,772 - sec_monitor - INFO - Making combine API call - Attempt 1/3
2025-02-25 12:42:37,772 - sec_monitor - INFO - Timestamp: 2025-02-25 12:42:37
2025-02-25 12:42:39,199 - sec_monitor - INFO - Combine API call successful
2025-02-25 12:42:40,200 - sec_monitor - INFO - Processing filing 4/11: HSIC
2025-02-25 12:43:11,366 - sec_monitor - INFO - ==================================================
2025-02-25 12:43:11,366 - sec_monitor - INFO - Processing first chunk
2025-02-25 12:43:11,367 - sec_monitor - INFO - Timestamp: 2025-02-25 12:43:11
2025-02-25 12:43:11,539 - sec_monitor - INFO - token percentage = 10%
2025-02-25 12:43:11,539 - sec_monitor - INFO - Making API call - Attempt 1/3
2025-02-25 12:43:11,539 - sec_monitor - INFO - Timestamp: 2025-02-25 12:43:11
2025-02-25 12:43:16,814 - sec_monitor - INFO - API call successful
2025-02-25 12:43:17,815 - sec_monitor - INFO - Processing filing 5/11: ALGN
2025-02-25 12:43:48,203 - sec_monitor - INFO - ==================================================
2025-02-25 12:43:48,204 - sec_monitor - INFO - Processing first chunk
2025-02-25 12:43:48,204 - sec_monitor - INFO - Timestamp: 2025-02-25 12:43:48
2025-02-25 12:43:48,291 - sec_monitor - INFO - token percentage = 4%
2025-02-25 12:43:48,291 - sec_monitor - INFO - Making API call - Attempt 1/3
2025-02-25 12:43:48,291 - sec_monitor - INFO - Timestamp: 2025-02-25 12:43:48
2025-02-25 12:43:51,360 - sec_monitor - INFO - API call successful
2025-02-25 12:43:52,361 - sec_monitor - INFO - Processing filing 6/11: NWS
2025-02-25 12:44:23,010 - sec_monitor - INFO - ==================================================
2025-02-25 12:44:23,011 - sec_monitor - INFO - Processing first chunk
2025-02-25 12:44:23,011 - sec_monitor - INFO - Timestamp: 2025-02-25 12:44:23
2025-02-25 12:44:23,112 - sec_monitor - INFO - token percentage = 7%
2025-02-25 12:44:23,113 - sec_monitor - INFO - Making API call - Attempt 1/3
2025-02-25 12:44:23,113 - sec_monitor - INFO - Timestamp: 2025-02-25 12:44:23
2025-02-25 12:44:28,654 - sec_monitor - INFO - API call successful
2025-02-25 12:44:29,655 - sec_monitor - INFO - Processing filing 7/11: CTRA
2025-02-25 12:45:01,471 - sec_monitor - INFO - ==================================================
2025-02-25 12:45:01,471 - sec_monitor - INFO - Processing first chunk
2025-02-25 12:45:01,471 - sec_monitor - INFO - Timestamp: 2025-02-25 12:45:01
2025-02-25 12:45:01,600 - sec_monitor - INFO - token percentage = 11%
2025-02-25 12:45:01,600 - sec_monitor - INFO - Making API call - Attempt 1/3
2025-02-25 12:45:01,600 - sec_monitor - INFO - Timestamp: 2025-02-25 12:45:01
2025-02-25 12:45:06,591 - sec_monitor - INFO - API call successful
2025-02-25 12:45:07,593 - sec_monitor - INFO - Processing filing 8/11: AMD
2025-02-25 12:45:37,932 - sec_monitor - INFO - ==================================================
2025-02-25 12:45:37,933 - sec_monitor - INFO - Processing first chunk
2025-02-25 12:45:37,933 - sec_monitor - INFO - Timestamp: 2025-02-25 12:45:37
2025-02-25 12:45:38,004 - sec_monitor - INFO - token percentage = 3%
2025-02-25 12:45:38,004 - sec_monitor - INFO - Making API call - Attempt 1/3
2025-02-25 12:45:38,004 - sec_monitor - INFO - Timestamp: 2025-02-25 12:45:38
2025-02-25 12:45:39,622 - sec_monitor - INFO - API call successful
2025-02-25 12:45:40,623 - sec_monitor - INFO - Processing filing 9/11: AKAM
2025-02-25 12:46:39,928 - sec_monitor - INFO - ==================================================
2025-02-25 12:46:39,929 - sec_monitor - INFO - Processing first chunk
2025-02-25 12:46:39,929 - sec_monitor - INFO - Timestamp: 2025-02-25 12:46:39
2025-02-25 12:46:41,385 - sec_monitor - INFO - token percentage = 37%
2025-02-25 12:46:41,386 - sec_monitor - INFO - Making API call - Attempt 1/3
2025-02-25 12:46:41,386 - sec_monitor - INFO - Timestamp: 2025-02-25 12:46:41
2025-02-25 12:46:55,136 - sec_monitor - INFO - API call successful
2025-02-25 12:47:25,166 - sec_monitor - INFO - ==================================================
2025-02-25 12:47:25,166 - sec_monitor - INFO - Processing middle chunk
2025-02-25 12:47:25,166 - sec_monitor - INFO - Timestamp: 2025-02-25 12:47:25
2025-02-25 12:47:26,216 - sec_monitor - INFO - token percentage = 50%
2025-02-25 12:47:26,216 - sec_monitor - INFO - Making API call - Attempt 1/3
2025-02-25 12:47:26,216 - sec_monitor - INFO - Timestamp: 2025-02-25 12:47:26
2025-02-25 12:47:42,610 - sec_monitor - INFO - API call successful
2025-02-25 12:48:12,637 - sec_monitor - INFO - ==================================================
2025-02-25 12:48:12,638 - sec_monitor - INFO - Processing middle chunk
2025-02-25 12:48:12,638 - sec_monitor - INFO - Timestamp: 2025-02-25 12:48:12
2025-02-25 12:48:13,248 - sec_monitor - INFO - token percentage = 66%
2025-02-25 12:48:13,249 - sec_monitor - INFO - Making API call - Attempt 1/3
2025-02-25 12:48:13,249 - sec_monitor - INFO - Timestamp: 2025-02-25 12:48:13
2025-02-25 12:48:38,095 - sec_monitor - INFO - API call successful
2025-02-25 12:49:08,105 - sec_monitor - INFO - ==================================================
2025-02-25 12:49:08,105 - sec_monitor - INFO - Processing middle chunk
2025-02-25 12:49:08,105 - sec_monitor - INFO - Timestamp: 2025-02-25 12:49:08
2025-02-25 12:49:10,053 - sec_monitor - INFO - token percentage = 46%
2025-02-25 12:49:10,053 - sec_monitor - INFO - Making API call - Attempt 1/3
2025-02-25 12:49:10,053 - sec_monitor - INFO - Timestamp: 2025-02-25 12:49:10
2025-02-25 12:49:26,764 - sec_monitor - INFO - API call successful
2025-02-25 12:49:56,788 - sec_monitor - INFO - ==================================================
2025-02-25 12:49:56,788 - sec_monitor - INFO - Processing last chunk
2025-02-25 12:49:56,788 - sec_monitor - INFO - Timestamp: 2025-02-25 12:49:56
2025-02-25 12:49:57,113 - sec_monitor - INFO - token percentage = 14%
2025-02-25 12:49:57,113 - sec_monitor - INFO - Making API call - Attempt 1/3
2025-02-25 12:49:57,113 - sec_monitor - INFO - Timestamp: 2025-02-25 12:49:57
2025-02-25 12:50:02,845 - sec_monitor - INFO - API call successful
2025-02-25 12:50:02,845 - sec_monitor - INFO - Making combine API call - Attempt 1/3
2025-02-25 12:50:02,845 - sec_monitor - INFO - Timestamp: 2025-02-25 12:50:02
2025-02-25 12:50:03,931 - sec_monitor - INFO - Combine API call successful
2025-02-25 12:50:04,932 - sec_monitor - INFO - Processing filing 10/11: ROP
2025-02-25 12:51:14,826 - sec_monitor - INFO - ==================================================
2025-02-25 12:51:14,826 - sec_monitor - INFO - Processing first chunk
2025-02-25 12:51:14,826 - sec_monitor - INFO - Timestamp: 2025-02-25 12:51:14
2025-02-25 12:51:16,004 - sec_monitor - INFO - token percentage = 43%
2025-02-25 12:51:16,004 - sec_monitor - INFO - Making API call - Attempt 1/3
2025-02-25 12:51:16,004 - sec_monitor - INFO - Timestamp: 2025-02-25 12:51:16
2025-02-25 12:51:31,976 - sec_monitor - INFO - API call successful
2025-02-25 12:52:01,997 - sec_monitor - INFO - ==================================================
2025-02-25 12:52:01,998 - sec_monitor - INFO - Processing middle chunk
2025-02-25 12:52:01,998 - sec_monitor - INFO - Timestamp: 2025-02-25 12:52:01
2025-02-25 12:52:02,979 - sec_monitor - INFO - token percentage = 47%
2025-02-25 12:52:02,979 - sec_monitor - INFO - Making API call - Attempt 1/3
2025-02-25 12:52:02,979 - sec_monitor - INFO - Timestamp: 2025-02-25 12:52:02
2025-02-25 12:52:19,034 - sec_monitor - INFO - API call successful
2025-02-25 12:52:49,065 - sec_monitor - INFO - ==================================================
2025-02-25 12:52:49,065 - sec_monitor - INFO - Processing middle chunk
2025-02-25 12:52:49,065 - sec_monitor - INFO - Timestamp: 2025-02-25 12:52:49
2025-02-25 12:52:49,894 - sec_monitor - INFO - token percentage = 61%
2025-02-25 12:52:49,894 - sec_monitor - INFO - Making API call - Attempt 1/3
2025-02-25 12:52:49,895 - sec_monitor - INFO - Timestamp: 2025-02-25 12:52:49
2025-02-25 12:53:09,117 - sec_monitor - INFO - API call successful
2025-02-25 12:53:39,145 - sec_monitor - INFO - ==================================================
2025-02-25 12:53:39,145 - sec_monitor - INFO - Processing middle chunk
2025-02-25 12:53:39,145 - sec_monitor - INFO - Timestamp: 2025-02-25 12:53:39
2025-02-25 12:53:40,218 - sec_monitor - INFO - token percentage = 47%
2025-02-25 12:53:40,218 - sec_monitor - INFO - Making API call - Attempt 1/3
2025-02-25 12:53:40,218 - sec_monitor - INFO - Timestamp: 2025-02-25 12:53:40
2025-02-25 12:53:55,973 - sec_monitor - INFO - API call successful
2025-02-25 12:54:26,003 - sec_monitor - INFO - ==================================================
2025-02-25 12:54:26,003 - sec_monitor - INFO - Processing last chunk
2025-02-25 12:54:26,003 - sec_monitor - INFO - Timestamp: 2025-02-25 12:54:26
2025-02-25 12:54:26,055 - sec_monitor - INFO - token percentage = 3%
2025-02-25 12:54:26,055 - sec_monitor - INFO - Making API call - Attempt 1/3
2025-02-25 12:54:26,055 - sec_monitor - INFO - Timestamp: 2025-02-25 12:54:26
2025-02-25 12:54:27,942 - sec_monitor - INFO - API call successful
2025-02-25 12:54:27,943 - sec_monitor - INFO - Making combine API call - Attempt 1/3
2025-02-25 12:54:27,943 - sec_monitor - INFO - Timestamp: 2025-02-25 12:54:27
2025-02-25 12:54:29,122 - sec_monitor - INFO - Combine API call successful
2025-02-25 12:54:30,124 - sec_monitor - INFO - Processing filing 11/11: ROL
2025-02-25 12:55:02,419 - sec_monitor - INFO - ==================================================
2025-02-25 12:55:02,419 - sec_monitor - INFO - Processing first chunk
2025-02-25 12:55:02,420 - sec_monitor - INFO - Timestamp: 2025-02-25 12:55:02
2025-02-25 12:55:03,427 - sec_monitor - INFO - token percentage = 19%
2025-02-25 12:55:03,427 - sec_monitor - INFO - Making API call - Attempt 1/3
2025-02-25 12:55:03,428 - sec_monitor - INFO - Timestamp: 2025-02-25 12:55:03
2025-02-25 12:55:10,766 - sec_monitor - INFO - API call successful
2025-02-25 12:55:11,768 - sec_monitor - INFO - Fetching supplementary data...
2025-02-25 12:55:12,250 - sec_monitor - INFO - filing_tickers type: <class 'list'>
2025-02-25 12:55:12,250 - sec_monitor - INFO - filing_data type: <class 'list'>
2025-02-25 12:55:15,990 - sec_monitor - INFO - Generating final output...
2025-02-25 12:55:15,992 - sec_monitor - INFO - Successfully merged 11 new filings with existing JSON
2025-02-25 12:55:15,992 - sec_monitor - INFO - Cumulative stats - Input words: 1810884, Output words: 1593
2025-02-25 12:55:15,992 - sec_monitor - INFO - Successfully saved/merged output to output/sec_filings.json
2025-02-25 12:55:15,992 - sec_monitor - INFO - Processing complete. Stats: {'input_words': 921550, 'output_words': 841, 'filings_processed': 11}
