2025-03-28 11:09:22,139 - sec_monitor - INFO - Starting SEC filing monitor 
2025-03-28 11:09:22,139 - sec_monitor - INFO - Loading S&P 500 data...
2025-03-28 11:09:22,139 - sec_monitor - INFO - Starting S&P 500 data initialization
2025-03-28 11:09:22,140 - sec_monitor - INFO - Successfully loaded 503 S&P 500 tickers
2025-03-28 11:09:22,140 - sec_monitor - INFO - Successfully loaded 503 S&P 500 tickers
2025-03-28 11:09:22,140 - sec_monitor - INFO - Initializing components...
2025-03-28 11:09:22,140 - sec_monitor - INFO - Initializing components
2025-03-28 11:09:22,140 - sec_monitor - INFO - SEC fetcher initialized
2025-03-28 11:09:22,140 - sec_monitor - INFO - Filing analyzer initialized
2025-03-28 11:09:22,140 - sec_monitor - INFO - Alpaca clients initialized
2025-03-28 11:09:22,140 - sec_monitor - INFO - All components initialized successfully
2025-03-28 11:09:22,141 - sec_monitor - INFO - Found old JSON file, archiving
2025-03-28 11:09:22,142 - sec_monitor - INFO - Starting new filing collection for today
2025-03-28 11:09:22,142 - sec_monitor - INFO - Fetching SEC filings...
2025-03-28 11:09:37,611 - sec_monitor - INFO - No more entries found
2025-03-28 11:09:37,611 - sec_monitor - INFO - Completed fetching. Found 91 total filings
2025-03-28 11:09:37,612 - sec_monitor - INFO - Found 9 new interesting filings
2025-03-28 11:09:37,612 - sec_monitor - INFO - Found 9 new filings to process
2025-03-28 11:09:37,612 - sec_monitor - INFO - Processing filing 1/9: IR
2025-03-28 11:10:08,072 - sec_monitor - INFO - ==================================================
2025-03-28 11:10:08,072 - sec_monitor - INFO - Processing first chunk
2025-03-28 11:10:08,072 - sec_monitor - INFO - Timestamp: 2025-03-28 11:10:08
2025-03-28 11:10:08,178 - sec_monitor - INFO - token percentage = 2%
2025-03-28 11:10:08,178 - sec_monitor - INFO - Making API call - Attempt 1/3
2025-03-28 11:10:08,178 - sec_monitor - INFO - Timestamp: 2025-03-28 11:10:08
2025-03-28 11:10:09,657 - sec_monitor - INFO - API call successful
2025-03-28 11:10:10,658 - sec_monitor - INFO - Processing filing 2/9: INTC
2025-03-28 11:10:41,078 - sec_monitor - INFO - ==================================================
2025-03-28 11:10:41,078 - sec_monitor - INFO - Processing first chunk
2025-03-28 11:10:41,078 - sec_monitor - INFO - Timestamp: 2025-03-28 11:10:41
2025-03-28 11:10:41,235 - sec_monitor - INFO - token percentage = 3%
2025-03-28 11:10:41,235 - sec_monitor - INFO - Making API call - Attempt 1/3
2025-03-28 11:10:41,235 - sec_monitor - INFO - Timestamp: 2025-03-28 11:10:41
2025-03-28 11:10:43,139 - sec_monitor - INFO - API call successful
2025-03-28 11:10:44,141 - sec_monitor - INFO - Processing filing 3/9: NWS
2025-03-28 11:11:14,797 - sec_monitor - INFO - ==================================================
2025-03-28 11:11:14,797 - sec_monitor - INFO - Processing first chunk
2025-03-28 11:11:14,797 - sec_monitor - INFO - Timestamp: 2025-03-28 11:11:14
2025-03-28 11:11:14,951 - sec_monitor - INFO - token percentage = 7%
2025-03-28 11:11:14,952 - sec_monitor - INFO - Making API call - Attempt 1/3
2025-03-28 11:11:14,952 - sec_monitor - INFO - Timestamp: 2025-03-28 11:11:14
2025-03-28 11:11:18,944 - sec_monitor - INFO - API call successful
2025-03-28 11:11:19,945 - sec_monitor - INFO - Processing filing 4/9: J
2025-03-28 11:11:52,636 - sec_monitor - INFO - ==================================================
2025-03-28 11:11:52,636 - sec_monitor - INFO - Processing first chunk
2025-03-28 11:11:52,637 - sec_monitor - INFO - Timestamp: 2025-03-28 11:11:52
2025-03-28 11:11:53,416 - sec_monitor - INFO - token percentage = 22%
2025-03-28 11:11:53,416 - sec_monitor - INFO - Making API call - Attempt 1/3
2025-03-28 11:11:53,416 - sec_monitor - INFO - Timestamp: 2025-03-28 11:11:53
2025-03-28 11:12:01,921 - sec_monitor - INFO - API call successful
2025-03-28 11:12:02,923 - sec_monitor - INFO - Processing filing 5/9: DELL
2025-03-28 11:12:33,840 - sec_monitor - INFO - ==================================================
2025-03-28 11:12:33,840 - sec_monitor - INFO - Processing first chunk
2025-03-28 11:12:33,840 - sec_monitor - INFO - Timestamp: 2025-03-28 11:12:33
2025-03-28 11:12:34,091 - sec_monitor - INFO - token percentage = 8%
2025-03-28 11:12:34,091 - sec_monitor - INFO - Making API call - Attempt 1/3
2025-03-28 11:12:34,092 - sec_monitor - INFO - Timestamp: 2025-03-28 11:12:34
2025-03-28 11:12:38,246 - sec_monitor - INFO - API call successful
2025-03-28 11:12:39,247 - sec_monitor - INFO - Processing filing 6/9: TMUS
2025-03-28 11:13:11,397 - sec_monitor - INFO - ==================================================
2025-03-28 11:13:11,397 - sec_monitor - INFO - Processing first chunk
2025-03-28 11:13:11,397 - sec_monitor - INFO - Timestamp: 2025-03-28 11:13:11
2025-03-28 11:13:11,947 - sec_monitor - INFO - token percentage = 20%
2025-03-28 11:13:11,947 - sec_monitor - INFO - Making API call - Attempt 1/3
2025-03-28 11:13:11,947 - sec_monitor - INFO - Timestamp: 2025-03-28 11:13:11
2025-03-28 11:13:19,319 - sec_monitor - INFO - API call successful
2025-03-28 11:13:20,321 - sec_monitor - INFO - Processing filing 7/9: VICI
2025-03-28 11:13:51,420 - sec_monitor - INFO - ==================================================
2025-03-28 11:13:51,421 - sec_monitor - INFO - Processing first chunk
2025-03-28 11:13:51,421 - sec_monitor - INFO - Timestamp: 2025-03-28 11:13:51
2025-03-28 11:13:51,744 - sec_monitor - INFO - token percentage = 10%
2025-03-28 11:13:51,745 - sec_monitor - INFO - Making API call - Attempt 1/3
2025-03-28 11:13:51,745 - sec_monitor - INFO - Timestamp: 2025-03-28 11:13:51
2025-03-28 11:13:57,208 - sec_monitor - INFO - API call successful
2025-03-28 11:13:58,210 - sec_monitor - INFO - Processing filing 8/9: BDX
2025-03-28 11:14:28,761 - sec_monitor - INFO - ==================================================
2025-03-28 11:14:28,761 - sec_monitor - INFO - Processing first chunk
2025-03-28 11:14:28,761 - sec_monitor - INFO - Timestamp: 2025-03-28 11:14:28
2025-03-28 11:14:28,890 - sec_monitor - INFO - token percentage = 4%
2025-03-28 11:14:28,890 - sec_monitor - INFO - Making API call - Attempt 1/3
2025-03-28 11:14:28,891 - sec_monitor - INFO - Timestamp: 2025-03-28 11:14:28
2025-03-28 11:14:31,577 - sec_monitor - INFO - API call successful
2025-03-28 11:14:32,578 - sec_monitor - INFO - Processing filing 9/9: AEE
2025-03-28 11:15:02,960 - sec_monitor - INFO - ==================================================
2025-03-28 11:15:02,960 - sec_monitor - INFO - Processing first chunk
2025-03-28 11:15:02,960 - sec_monitor - INFO - Timestamp: 2025-03-28 11:15:02
2025-03-28 11:15:03,099 - sec_monitor - INFO - token percentage = 3%
2025-03-28 11:15:03,099 - sec_monitor - INFO - Making API call - Attempt 1/3
2025-03-28 11:15:03,099 - sec_monitor - INFO - Timestamp: 2025-03-28 11:15:03
2025-03-28 11:15:04,543 - sec_monitor - INFO - API call successful
2025-03-28 11:15:05,544 - sec_monitor - INFO - Fetching supplementary data...
2025-03-28 11:15:06,164 - sec_monitor - INFO - filing_tickers type: <class 'list'>
2025-03-28 11:15:06,164 - sec_monitor - INFO - filing_data type: <class 'list'>
2025-03-28 11:15:06,164 - sec_monitor - INFO - Market open: False
2025-03-28 11:15:06,164 - sec_monitor - INFO - Number of filing times mapped: 9
2025-03-28 11:15:06,232 - sec_monitor - INFO - Last trading day: 2025-03-28
2025-03-28 11:15:06,233 - sec_monitor - INFO - Processing ticker: IR
2025-03-28 11:15:06,609 - sec_monitor - INFO - Number of bars for IR: 4
2025-03-28 11:15:06,609 - sec_monitor - INFO - Last bar close for IR: 81.32
2025-03-28 11:15:06,609 - sec_monitor - INFO - Outside market hours price for IR: 81.32
2025-03-28 11:15:06,610 - sec_monitor - INFO - Processing ticker: INTC
2025-03-28 11:15:06,690 - sec_monitor - INFO - Number of bars for INTC: 4
2025-03-28 11:15:06,690 - sec_monitor - INFO - Last bar close for INTC: 23.63
2025-03-28 11:15:06,690 - sec_monitor - INFO - Outside market hours price for INTC: 23.63
2025-03-28 11:15:06,690 - sec_monitor - INFO - Processing ticker: NWS
2025-03-28 11:15:06,766 - sec_monitor - INFO - Number of bars for NWS: 4
2025-03-28 11:15:06,766 - sec_monitor - INFO - Last bar close for NWS: 30.245
2025-03-28 11:15:06,766 - sec_monitor - INFO - Outside market hours price for NWS: 30.245
2025-03-28 11:15:06,766 - sec_monitor - INFO - Processing ticker: J
2025-03-28 11:15:06,846 - sec_monitor - INFO - Number of bars for J: 4
2025-03-28 11:15:06,846 - sec_monitor - INFO - Last bar close for J: 123.425
2025-03-28 11:15:06,846 - sec_monitor - INFO - Outside market hours price for J: 123.425
2025-03-28 11:15:06,846 - sec_monitor - INFO - Processing ticker: DELL
2025-03-28 11:15:06,918 - sec_monitor - INFO - Number of bars for DELL: 4
2025-03-28 11:15:06,918 - sec_monitor - INFO - Last bar close for DELL: 97.04
2025-03-28 11:15:06,919 - sec_monitor - INFO - Outside market hours price for DELL: 97.04
2025-03-28 11:15:06,919 - sec_monitor - INFO - Processing ticker: TMUS
2025-03-28 11:15:06,996 - sec_monitor - INFO - Number of bars for TMUS: 4
2025-03-28 11:15:06,996 - sec_monitor - INFO - Last bar close for TMUS: 268.23
2025-03-28 11:15:06,996 - sec_monitor - INFO - Outside market hours price for TMUS: 268.23
2025-03-28 11:15:06,996 - sec_monitor - INFO - Processing ticker: VICI
2025-03-28 11:15:07,073 - sec_monitor - INFO - Number of bars for VICI: 4
2025-03-28 11:15:07,073 - sec_monitor - INFO - Last bar close for VICI: 31.86
2025-03-28 11:15:07,073 - sec_monitor - INFO - Outside market hours price for VICI: 31.86
2025-03-28 11:15:07,073 - sec_monitor - INFO - Processing ticker: BDX
2025-03-28 11:15:07,149 - sec_monitor - INFO - Number of bars for BDX: 4
2025-03-28 11:15:07,149 - sec_monitor - INFO - Last bar close for BDX: 228.71
2025-03-28 11:15:07,149 - sec_monitor - INFO - Outside market hours price for BDX: 228.71
2025-03-28 11:15:07,149 - sec_monitor - INFO - Processing ticker: AEE
2025-03-28 11:15:07,227 - sec_monitor - INFO - Number of bars for AEE: 4
2025-03-28 11:15:07,227 - sec_monitor - INFO - Last bar close for AEE: 98.64
2025-03-28 11:15:07,227 - sec_monitor - INFO - Outside market hours price for AEE: 98.64
2025-03-28 11:15:10,316 - sec_monitor - INFO - Generating final output...
2025-03-28 11:15:10,316 - sec_monitor - INFO - Successfully saved/merged output to output/sec_filings.json
2025-03-28 11:15:10,317 - sec_monitor - INFO - Processing complete. Stats: {'input_words': 203686, 'output_words': 664, 'filings_processed': 9}
2025-03-28 12:37:33,729 - sec_monitor - INFO - Starting SEC filing monitor 
2025-03-28 12:37:33,729 - sec_monitor - INFO - Loading S&P 500 data...
2025-03-28 12:37:33,729 - sec_monitor - INFO - Starting S&P 500 data initialization
2025-03-28 12:37:33,729 - sec_monitor - INFO - Successfully loaded 503 S&P 500 tickers
2025-03-28 12:37:33,729 - sec_monitor - INFO - Successfully loaded 503 S&P 500 tickers
2025-03-28 12:37:33,730 - sec_monitor - INFO - Initializing components...
2025-03-28 12:37:33,730 - sec_monitor - INFO - Initializing components
2025-03-28 12:37:33,730 - sec_monitor - INFO - SEC fetcher initialized
2025-03-28 12:37:33,730 - sec_monitor - INFO - Filing analyzer initialized
2025-03-28 12:37:33,730 - sec_monitor - INFO - Alpaca clients initialized
2025-03-28 12:37:33,730 - sec_monitor - INFO - All components initialized successfully
2025-03-28 12:37:33,731 - sec_monitor - INFO - Found JSON file from today
2025-03-28 12:37:33,731 - sec_monitor - INFO - Found 9 previously processed accessions and 9 filing URLs
2025-03-28 12:37:33,731 - sec_monitor - INFO - Found 9 accession numbers and 9 URLs from previously processed filings
2025-03-28 12:37:33,731 - sec_monitor - INFO - Fetching SEC filings...
2025-03-28 12:37:59,734 - sec_monitor - INFO - No more entries found
2025-03-28 12:37:59,735 - sec_monitor - INFO - Completed fetching. Found 97 total filings
2025-03-28 12:37:59,735 - sec_monitor - INFO - Found 0 new interesting filings
2025-03-28 12:37:59,735 - sec_monitor - INFO - No new filings to process
2025-03-28 13:28:12,987 - sec_monitor - INFO - Starting SEC filing monitor 
2025-03-28 13:28:12,987 - sec_monitor - INFO - Loading S&P 500 data...
2025-03-28 13:28:12,987 - sec_monitor - INFO - Starting S&P 500 data initialization
2025-03-28 13:28:12,988 - sec_monitor - INFO - Successfully loaded 503 S&P 500 tickers
2025-03-28 13:28:12,988 - sec_monitor - INFO - Successfully loaded 503 S&P 500 tickers
2025-03-28 13:28:12,988 - sec_monitor - INFO - Initializing components...
2025-03-28 13:28:12,988 - sec_monitor - INFO - Initializing components
2025-03-28 13:28:12,988 - sec_monitor - INFO - SEC fetcher initialized
2025-03-28 13:28:12,988 - sec_monitor - INFO - Filing analyzer initialized
2025-03-28 13:28:12,989 - sec_monitor - INFO - Alpaca clients initialized
2025-03-28 13:28:12,989 - sec_monitor - INFO - All components initialized successfully
2025-03-28 13:28:12,990 - sec_monitor - INFO - Found JSON file from today
2025-03-28 13:28:12,990 - sec_monitor - INFO - Found 9 previously processed accessions and 9 filing URLs
2025-03-28 13:28:12,990 - sec_monitor - INFO - Found 9 accession numbers and 9 URLs from previously processed filings
2025-03-28 13:28:12,990 - sec_monitor - INFO - Fetching SEC filings...
2025-03-28 13:28:38,783 - sec_monitor - INFO - No more entries found
2025-03-28 13:28:38,783 - sec_monitor - INFO - Completed fetching. Found 100 total filings
2025-03-28 13:28:38,783 - sec_monitor - INFO - Found 0 new interesting filings
2025-03-28 13:28:38,783 - sec_monitor - INFO - No new filings to process
