2025-04-25 11:09:33,689 - sec_monitor - INFO - Starting SEC filing monitor 
2025-04-25 11:09:33,689 - sec_monitor - INFO - Loading S&P 500 data...
2025-04-25 11:09:33,689 - sec_monitor - INFO - Starting S&P 500 data initialization
2025-04-25 11:09:33,690 - sec_monitor - INFO - Successfully loaded 503 S&P 500 tickers
2025-04-25 11:09:33,690 - sec_monitor - INFO - Successfully loaded 503 S&P 500 tickers
2025-04-25 11:09:33,690 - sec_monitor - INFO - Initializing components...
2025-04-25 11:09:33,690 - sec_monitor - INFO - Initializing components
2025-04-25 11:09:33,690 - sec_monitor - INFO - SEC fetcher initialized
2025-04-25 11:09:33,690 - sec_monitor - INFO - Filing analyzer initialized
2025-04-25 11:09:33,691 - sec_monitor - INFO - Alpaca clients initialized
2025-04-25 11:09:33,691 - sec_monitor - INFO - All components initialized successfully
2025-04-25 11:09:33,692 - sec_monitor - INFO - Found old JSON file, archiving
2025-04-25 11:09:33,692 - sec_monitor - INFO - Starting new filing collection for today
2025-04-25 11:09:33,692 - sec_monitor - INFO - Fetching SEC filings...
2025-04-25 11:09:48,179 - sec_monitor - INFO - No more entries found
2025-04-25 11:09:48,180 - sec_monitor - INFO - Completed fetching. Found 55 total filings
2025-04-25 11:09:48,180 - sec_monitor - INFO - Found 15 new interesting filings
2025-04-25 11:09:48,180 - sec_monitor - INFO - Found 15 new filings to process
2025-04-25 11:09:48,180 - sec_monitor - INFO - Processing filing 1/15: CHTR
2025-04-25 11:10:28,152 - sec_monitor - INFO - ==================================================
2025-04-25 11:10:28,152 - sec_monitor - INFO - Processing first chunk
2025-04-25 11:10:28,152 - sec_monitor - INFO - Timestamp: 2025-04-25 11:10:28
2025-04-25 11:10:28,962 - sec_monitor - INFO - token percentage = 44%
2025-04-25 11:10:28,962 - sec_monitor - INFO - Making API call - Attempt 1/3
2025-04-25 11:10:28,963 - sec_monitor - INFO - Timestamp: 2025-04-25 11:10:28
2025-04-25 11:10:53,471 - sec_monitor - INFO - API call successful
2025-04-25 11:11:23,500 - sec_monitor - INFO - ==================================================
2025-04-25 11:11:23,500 - sec_monitor - INFO - Processing last chunk
2025-04-25 11:11:23,500 - sec_monitor - INFO - Timestamp: 2025-04-25 11:11:23
2025-04-25 11:11:24,051 - sec_monitor - INFO - token percentage = 45%
2025-04-25 11:11:24,051 - sec_monitor - INFO - Making API call - Attempt 1/3
2025-04-25 11:11:24,052 - sec_monitor - INFO - Timestamp: 2025-04-25 11:11:24
2025-04-25 11:11:39,651 - sec_monitor - INFO - API call successful
2025-04-25 11:11:39,651 - sec_monitor - INFO - Making combine API call - Attempt 1/3
2025-04-25 11:11:39,651 - sec_monitor - INFO - Timestamp: 2025-04-25 11:11:39
2025-04-25 11:11:40,687 - sec_monitor - INFO - Combine API call successful
2025-04-25 11:11:41,689 - sec_monitor - INFO - Processing filing 2/15: CHTR
2025-04-25 11:12:15,773 - sec_monitor - INFO - ==================================================
2025-04-25 11:12:15,773 - sec_monitor - INFO - Processing first chunk
2025-04-25 11:12:15,773 - sec_monitor - INFO - Timestamp: 2025-04-25 11:12:15
2025-04-25 11:12:16,107 - sec_monitor - INFO - token percentage = 38%
2025-04-25 11:12:16,107 - sec_monitor - INFO - Making API call - Attempt 1/3
2025-04-25 11:12:16,107 - sec_monitor - INFO - Timestamp: 2025-04-25 11:12:16
2025-04-25 11:12:29,655 - sec_monitor - INFO - API call successful
2025-04-25 11:12:30,657 - sec_monitor - INFO - Processing filing 3/15: LYB
2025-04-25 11:13:01,575 - sec_monitor - INFO - ==================================================
2025-04-25 11:13:01,575 - sec_monitor - INFO - Processing first chunk
2025-04-25 11:13:01,575 - sec_monitor - INFO - Timestamp: 2025-04-25 11:13:01
2025-04-25 11:13:01,733 - sec_monitor - INFO - token percentage = 9%
2025-04-25 11:13:01,733 - sec_monitor - INFO - Making API call - Attempt 1/3
2025-04-25 11:13:01,733 - sec_monitor - INFO - Timestamp: 2025-04-25 11:13:01
2025-04-25 11:13:05,917 - sec_monitor - INFO - API call successful
2025-04-25 11:13:06,918 - sec_monitor - INFO - Processing filing 4/15: FI
2025-04-25 11:13:53,600 - sec_monitor - INFO - ==================================================
2025-04-25 11:13:53,600 - sec_monitor - INFO - Processing first chunk
2025-04-25 11:13:53,600 - sec_monitor - INFO - Timestamp: 2025-04-25 11:13:53
2025-04-25 11:13:54,691 - sec_monitor - INFO - token percentage = 46%
2025-04-25 11:13:54,692 - sec_monitor - INFO - Making API call - Attempt 1/3
2025-04-25 11:13:54,692 - sec_monitor - INFO - Timestamp: 2025-04-25 11:13:54
2025-04-25 11:14:11,970 - sec_monitor - INFO - API call successful
2025-04-25 11:14:41,987 - sec_monitor - INFO - ==================================================
2025-04-25 11:14:41,988 - sec_monitor - INFO - Processing middle chunk
2025-04-25 11:14:41,988 - sec_monitor - INFO - Timestamp: 2025-04-25 11:14:41
2025-04-25 11:14:42,938 - sec_monitor - INFO - token percentage = 55%
2025-04-25 11:14:42,939 - sec_monitor - INFO - Making API call - Attempt 1/3
2025-04-25 11:14:42,939 - sec_monitor - INFO - Timestamp: 2025-04-25 11:14:42
2025-04-25 11:15:02,653 - sec_monitor - INFO - API call successful
2025-04-25 11:15:32,665 - sec_monitor - INFO - ==================================================
2025-04-25 11:15:32,665 - sec_monitor - INFO - Processing last chunk
2025-04-25 11:15:32,665 - sec_monitor - INFO - Timestamp: 2025-04-25 11:15:32
2025-04-25 11:15:33,654 - sec_monitor - INFO - token percentage = 41%
2025-04-25 11:15:33,654 - sec_monitor - INFO - Making API call - Attempt 1/3
2025-04-25 11:15:33,654 - sec_monitor - INFO - Timestamp: 2025-04-25 11:15:33
2025-04-25 11:15:48,207 - sec_monitor - INFO - API call successful
2025-04-25 11:15:48,208 - sec_monitor - INFO - Making combine API call - Attempt 1/3
2025-04-25 11:15:48,208 - sec_monitor - INFO - Timestamp: 2025-04-25 11:15:48
2025-04-25 11:15:49,217 - sec_monitor - INFO - Combine API call successful
2025-04-25 11:15:50,219 - sec_monitor - INFO - Processing filing 5/15: AON
2025-04-25 11:16:21,960 - sec_monitor - INFO - ==================================================
2025-04-25 11:16:21,961 - sec_monitor - INFO - Processing first chunk
2025-04-25 11:16:21,961 - sec_monitor - INFO - Timestamp: 2025-04-25 11:16:21
2025-04-25 11:16:22,153 - sec_monitor - INFO - token percentage = 15%
2025-04-25 11:16:22,153 - sec_monitor - INFO - Making API call - Attempt 1/3
2025-04-25 11:16:22,153 - sec_monitor - INFO - Timestamp: 2025-04-25 11:16:22
2025-04-25 11:16:28,386 - sec_monitor - INFO - API call successful
2025-04-25 11:16:29,388 - sec_monitor - INFO - Processing filing 6/15: GOOG
2025-04-25 11:17:20,247 - sec_monitor - INFO - ==================================================
2025-04-25 11:17:20,248 - sec_monitor - INFO - Processing first chunk
2025-04-25 11:17:20,248 - sec_monitor - INFO - Timestamp: 2025-04-25 11:17:20
2025-04-25 11:17:21,624 - sec_monitor - INFO - token percentage = 48%
2025-04-25 11:17:21,624 - sec_monitor - INFO - Making API call - Attempt 1/3
2025-04-25 11:17:21,624 - sec_monitor - INFO - Timestamp: 2025-04-25 11:17:21
2025-04-25 11:17:38,920 - sec_monitor - INFO - API call successful
2025-04-25 11:18:08,928 - sec_monitor - INFO - ==================================================
2025-04-25 11:18:08,928 - sec_monitor - INFO - Processing middle chunk
2025-04-25 11:18:08,928 - sec_monitor - INFO - Timestamp: 2025-04-25 11:18:08
2025-04-25 11:18:09,820 - sec_monitor - INFO - token percentage = 51%
2025-04-25 11:18:09,820 - sec_monitor - INFO - Making API call - Attempt 1/3
2025-04-25 11:18:09,820 - sec_monitor - INFO - Timestamp: 2025-04-25 11:18:09
2025-04-25 11:18:28,250 - sec_monitor - INFO - API call successful
2025-04-25 11:18:58,272 - sec_monitor - INFO - ==================================================
2025-04-25 11:18:58,272 - sec_monitor - INFO - Processing middle chunk
2025-04-25 11:18:58,272 - sec_monitor - INFO - Timestamp: 2025-04-25 11:18:58
2025-04-25 11:18:59,224 - sec_monitor - INFO - token percentage = 43%
2025-04-25 11:18:59,225 - sec_monitor - INFO - Making API call - Attempt 1/3
2025-04-25 11:18:59,225 - sec_monitor - INFO - Timestamp: 2025-04-25 11:18:59
2025-04-25 11:19:15,515 - sec_monitor - INFO - API call successful
2025-04-25 11:19:45,544 - sec_monitor - INFO - ==================================================
2025-04-25 11:19:45,544 - sec_monitor - INFO - Processing last chunk
2025-04-25 11:19:45,544 - sec_monitor - INFO - Timestamp: 2025-04-25 11:19:45
2025-04-25 11:19:45,813 - sec_monitor - INFO - token percentage = 24%
2025-04-25 11:19:45,813 - sec_monitor - INFO - Making API call - Attempt 1/3
2025-04-25 11:19:45,813 - sec_monitor - INFO - Timestamp: 2025-04-25 11:19:45
2025-04-25 11:19:54,136 - sec_monitor - INFO - API call successful
2025-04-25 11:19:54,137 - sec_monitor - INFO - Making combine API call - Attempt 1/3
2025-04-25 11:19:54,137 - sec_monitor - INFO - Timestamp: 2025-04-25 11:19:54
2025-04-25 11:19:55,013 - sec_monitor - INFO - Combine API call successful
2025-04-25 11:19:56,014 - sec_monitor - INFO - Processing filing 7/15: CNC
2025-04-25 11:20:27,672 - sec_monitor - INFO - ==================================================
2025-04-25 11:20:27,672 - sec_monitor - INFO - Processing first chunk
2025-04-25 11:20:27,672 - sec_monitor - INFO - Timestamp: 2025-04-25 11:20:27
2025-04-25 11:20:27,834 - sec_monitor - INFO - token percentage = 14%
2025-04-25 11:20:27,834 - sec_monitor - INFO - Making API call - Attempt 1/3
2025-04-25 11:20:27,834 - sec_monitor - INFO - Timestamp: 2025-04-25 11:20:27
2025-04-25 11:20:34,265 - sec_monitor - INFO - API call successful
2025-04-25 11:20:35,266 - sec_monitor - INFO - Processing filing 8/15: CNC
2025-04-25 11:21:23,032 - sec_monitor - INFO - ==================================================
2025-04-25 11:21:23,032 - sec_monitor - INFO - Processing first chunk
2025-04-25 11:21:23,032 - sec_monitor - INFO - Timestamp: 2025-04-25 11:21:23
2025-04-25 11:21:24,233 - sec_monitor - INFO - token percentage = 48%
2025-04-25 11:21:24,233 - sec_monitor - INFO - Making API call - Attempt 1/3
2025-04-25 11:21:24,233 - sec_monitor - INFO - Timestamp: 2025-04-25 11:21:24
2025-04-25 11:21:41,275 - sec_monitor - INFO - API call successful
2025-04-25 11:22:11,305 - sec_monitor - INFO - ==================================================
2025-04-25 11:22:11,305 - sec_monitor - INFO - Processing middle chunk
2025-04-25 11:22:11,306 - sec_monitor - INFO - Timestamp: 2025-04-25 11:22:11
2025-04-25 11:22:12,243 - sec_monitor - INFO - token percentage = 47%
2025-04-25 11:22:12,244 - sec_monitor - INFO - Making API call - Attempt 1/3
2025-04-25 11:22:12,244 - sec_monitor - INFO - Timestamp: 2025-04-25 11:22:12
2025-04-25 11:22:29,750 - sec_monitor - INFO - API call successful
2025-04-25 11:22:59,780 - sec_monitor - INFO - ==================================================
2025-04-25 11:22:59,781 - sec_monitor - INFO - Processing last chunk
2025-04-25 11:22:59,781 - sec_monitor - INFO - Timestamp: 2025-04-25 11:22:59
2025-04-25 11:23:00,292 - sec_monitor - INFO - token percentage = 29%
2025-04-25 11:23:00,292 - sec_monitor - INFO - Making API call - Attempt 1/3
2025-04-25 11:23:00,292 - sec_monitor - INFO - Timestamp: 2025-04-25 11:23:00
2025-04-25 11:23:10,054 - sec_monitor - INFO - API call successful
2025-04-25 11:23:10,055 - sec_monitor - INFO - Making combine API call - Attempt 1/3
2025-04-25 11:23:10,055 - sec_monitor - INFO - Timestamp: 2025-04-25 11:23:10
2025-04-25 11:23:11,343 - sec_monitor - INFO - Combine API call successful
2025-04-25 11:23:12,345 - sec_monitor - INFO - Processing filing 9/15: RSG
2025-04-25 11:24:04,282 - sec_monitor - INFO - ==================================================
2025-04-25 11:24:04,282 - sec_monitor - INFO - Processing first chunk
2025-04-25 11:24:04,282 - sec_monitor - INFO - Timestamp: 2025-04-25 11:24:04
2025-04-25 11:24:05,237 - sec_monitor - INFO - token percentage = 44%
2025-04-25 11:24:05,237 - sec_monitor - INFO - Making API call - Attempt 1/3
2025-04-25 11:24:05,238 - sec_monitor - INFO - Timestamp: 2025-04-25 11:24:05
2025-04-25 11:24:21,426 - sec_monitor - INFO - API call successful
2025-04-25 11:24:51,445 - sec_monitor - INFO - ==================================================
2025-04-25 11:24:51,445 - sec_monitor - INFO - Processing middle chunk
2025-04-25 11:24:51,445 - sec_monitor - INFO - Timestamp: 2025-04-25 11:24:51
2025-04-25 11:24:52,386 - sec_monitor - INFO - token percentage = 57%
2025-04-25 11:24:52,386 - sec_monitor - INFO - Making API call - Attempt 1/3
2025-04-25 11:24:52,386 - sec_monitor - INFO - Timestamp: 2025-04-25 11:24:52
2025-04-25 11:25:12,876 - sec_monitor - INFO - API call successful
2025-04-25 11:25:42,906 - sec_monitor - INFO - ==================================================
2025-04-25 11:25:42,907 - sec_monitor - INFO - Processing last chunk
2025-04-25 11:25:42,907 - sec_monitor - INFO - Timestamp: 2025-04-25 11:25:42
2025-04-25 11:25:43,742 - sec_monitor - INFO - token percentage = 44%
2025-04-25 11:25:43,743 - sec_monitor - INFO - Making API call - Attempt 1/3
2025-04-25 11:25:43,743 - sec_monitor - INFO - Timestamp: 2025-04-25 11:25:43
2025-04-25 11:25:59,631 - sec_monitor - INFO - API call successful
2025-04-25 11:25:59,631 - sec_monitor - INFO - Making combine API call - Attempt 1/3
2025-04-25 11:25:59,631 - sec_monitor - INFO - Timestamp: 2025-04-25 11:25:59
2025-04-25 11:26:00,914 - sec_monitor - INFO - Combine API call successful
2025-04-25 11:26:01,915 - sec_monitor - INFO - Processing filing 10/15: INTC
2025-04-25 11:26:51,454 - sec_monitor - INFO - ==================================================
2025-04-25 11:26:51,454 - sec_monitor - INFO - Processing first chunk
2025-04-25 11:26:51,454 - sec_monitor - INFO - Timestamp: 2025-04-25 11:26:51
2025-04-25 11:26:52,875 - sec_monitor - INFO - token percentage = 41%
2025-04-25 11:26:52,876 - sec_monitor - INFO - Making API call - Attempt 1/3
2025-04-25 11:26:52,876 - sec_monitor - INFO - Timestamp: 2025-04-25 11:26:52
2025-04-25 11:27:08,202 - sec_monitor - INFO - API call successful
2025-04-25 11:27:38,232 - sec_monitor - INFO - ==================================================
2025-04-25 11:27:38,232 - sec_monitor - INFO - Processing middle chunk
2025-04-25 11:27:38,232 - sec_monitor - INFO - Timestamp: 2025-04-25 11:27:38
2025-04-25 11:27:39,171 - sec_monitor - INFO - token percentage = 44%
2025-04-25 11:27:39,172 - sec_monitor - INFO - Making API call - Attempt 1/3
2025-04-25 11:27:39,172 - sec_monitor - INFO - Timestamp: 2025-04-25 11:27:39
2025-04-25 11:27:54,517 - sec_monitor - INFO - API call successful
2025-04-25 11:28:24,544 - sec_monitor - INFO - ==================================================
2025-04-25 11:28:24,544 - sec_monitor - INFO - Processing middle chunk
2025-04-25 11:28:24,544 - sec_monitor - INFO - Timestamp: 2025-04-25 11:28:24
2025-04-25 11:28:25,206 - sec_monitor - INFO - token percentage = 64%
2025-04-25 11:28:25,206 - sec_monitor - INFO - Making API call - Attempt 1/3
2025-04-25 11:28:25,206 - sec_monitor - INFO - Timestamp: 2025-04-25 11:28:25
2025-04-25 11:28:48,440 - sec_monitor - INFO - API call successful
2025-04-25 11:29:18,471 - sec_monitor - INFO - ==================================================
2025-04-25 11:29:18,471 - sec_monitor - INFO - Processing last chunk
2025-04-25 11:29:18,471 - sec_monitor - INFO - Timestamp: 2025-04-25 11:29:18
2025-04-25 11:29:18,835 - sec_monitor - INFO - token percentage = 19%
2025-04-25 11:29:18,836 - sec_monitor - INFO - Making API call - Attempt 1/3
2025-04-25 11:29:18,836 - sec_monitor - INFO - Timestamp: 2025-04-25 11:29:18
2025-04-25 11:29:26,319 - sec_monitor - INFO - API call successful
2025-04-25 11:29:26,319 - sec_monitor - INFO - Making combine API call - Attempt 1/3
2025-04-25 11:29:26,319 - sec_monitor - INFO - Timestamp: 2025-04-25 11:29:26
2025-04-25 11:29:27,269 - sec_monitor - INFO - Combine API call successful
2025-04-25 11:29:28,270 - sec_monitor - INFO - Processing filing 11/15: LUV
2025-04-25 11:30:33,536 - sec_monitor - INFO - ==================================================
2025-04-25 11:30:33,536 - sec_monitor - INFO - Processing first chunk
2025-04-25 11:30:33,536 - sec_monitor - INFO - Timestamp: 2025-04-25 11:30:33
2025-04-25 11:30:34,244 - sec_monitor - INFO - token percentage = 61%
2025-04-25 11:30:34,244 - sec_monitor - INFO - Making API call - Attempt 1/3
2025-04-25 11:30:34,244 - sec_monitor - INFO - Timestamp: 2025-04-25 11:30:34
2025-04-25 11:30:56,406 - sec_monitor - INFO - API call successful
2025-04-25 11:31:26,436 - sec_monitor - INFO - ==================================================
2025-04-25 11:31:26,436 - sec_monitor - INFO - Processing middle chunk
2025-04-25 11:31:26,436 - sec_monitor - INFO - Timestamp: 2025-04-25 11:31:26
2025-04-25 11:31:27,173 - sec_monitor - INFO - token percentage = 50%
2025-04-25 11:31:27,173 - sec_monitor - INFO - Making API call - Attempt 1/3
2025-04-25 11:31:27,173 - sec_monitor - INFO - Timestamp: 2025-04-25 11:31:27
2025-04-25 11:31:44,951 - sec_monitor - INFO - API call successful
2025-04-25 11:32:14,968 - sec_monitor - INFO - ==================================================
2025-04-25 11:32:14,968 - sec_monitor - INFO - Processing middle chunk
2025-04-25 11:32:14,968 - sec_monitor - INFO - Timestamp: 2025-04-25 11:32:14
2025-04-25 11:32:15,662 - sec_monitor - INFO - token percentage = 42%
2025-04-25 11:32:15,663 - sec_monitor - INFO - Making API call - Attempt 1/3
2025-04-25 11:32:15,663 - sec_monitor - INFO - Timestamp: 2025-04-25 11:32:15
2025-04-25 11:32:30,577 - sec_monitor - INFO - API call successful
2025-04-25 11:33:00,607 - sec_monitor - INFO - ==================================================
2025-04-25 11:33:00,607 - sec_monitor - INFO - Processing middle chunk
2025-04-25 11:33:00,607 - sec_monitor - INFO - Timestamp: 2025-04-25 11:33:00
2025-04-25 11:33:01,330 - sec_monitor - INFO - token percentage = 38%
2025-04-25 11:33:01,330 - sec_monitor - INFO - Making API call - Attempt 1/3
2025-04-25 11:33:01,330 - sec_monitor - INFO - Timestamp: 2025-04-25 11:33:01
2025-04-25 11:33:14,622 - sec_monitor - INFO - API call successful
2025-04-25 11:33:44,632 - sec_monitor - INFO - ==================================================
2025-04-25 11:33:44,632 - sec_monitor - INFO - Processing last chunk
2025-04-25 11:33:44,632 - sec_monitor - INFO - Timestamp: 2025-04-25 11:33:44
2025-04-25 11:33:44,930 - sec_monitor - INFO - token percentage = 31%
2025-04-25 11:33:44,931 - sec_monitor - INFO - Making API call - Attempt 1/3
2025-04-25 11:33:44,931 - sec_monitor - INFO - Timestamp: 2025-04-25 11:33:44
2025-04-25 11:33:55,634 - sec_monitor - INFO - API call successful
2025-04-25 11:33:55,634 - sec_monitor - INFO - Making combine API call - Attempt 1/3
2025-04-25 11:33:55,634 - sec_monitor - INFO - Timestamp: 2025-04-25 11:33:55
2025-04-25 11:33:56,701 - sec_monitor - INFO - Combine API call successful
2025-04-25 11:33:57,703 - sec_monitor - INFO - Processing filing 12/15: IQV
2025-04-25 11:34:28,200 - sec_monitor - INFO - ==================================================
2025-04-25 11:34:28,200 - sec_monitor - INFO - Processing first chunk
2025-04-25 11:34:28,200 - sec_monitor - INFO - Timestamp: 2025-04-25 11:34:28
2025-04-25 11:34:28,329 - sec_monitor - INFO - token percentage = 4%
2025-04-25 11:34:28,329 - sec_monitor - INFO - Making API call - Attempt 1/3
2025-04-25 11:34:28,329 - sec_monitor - INFO - Timestamp: 2025-04-25 11:34:28
2025-04-25 11:34:31,861 - sec_monitor - INFO - API call successful
2025-04-25 11:34:32,862 - sec_monitor - INFO - Processing filing 13/15: ETN
2025-04-25 11:35:03,278 - sec_monitor - INFO - ==================================================
2025-04-25 11:35:03,279 - sec_monitor - INFO - Processing first chunk
2025-04-25 11:35:03,279 - sec_monitor - INFO - Timestamp: 2025-04-25 11:35:03
2025-04-25 11:35:03,371 - sec_monitor - INFO - token percentage = 3%
2025-04-25 11:35:03,371 - sec_monitor - INFO - Making API call - Attempt 1/3
2025-04-25 11:35:03,371 - sec_monitor - INFO - Timestamp: 2025-04-25 11:35:03
2025-04-25 11:35:04,976 - sec_monitor - INFO - API call successful
2025-04-25 11:35:05,978 - sec_monitor - INFO - Processing filing 14/15: ROL
2025-04-25 11:35:47,640 - sec_monitor - INFO - ==================================================
2025-04-25 11:35:47,640 - sec_monitor - INFO - Processing first chunk
2025-04-25 11:35:47,640 - sec_monitor - INFO - Timestamp: 2025-04-25 11:35:47
2025-04-25 11:35:48,934 - sec_monitor - INFO - token percentage = 52%
2025-04-25 11:35:48,935 - sec_monitor - INFO - Making API call - Attempt 1/3
2025-04-25 11:35:48,935 - sec_monitor - INFO - Timestamp: 2025-04-25 11:35:48
2025-04-25 11:36:07,675 - sec_monitor - INFO - API call successful
2025-04-25 11:36:37,705 - sec_monitor - INFO - ==================================================
2025-04-25 11:36:37,706 - sec_monitor - INFO - Processing middle chunk
2025-04-25 11:36:37,706 - sec_monitor - INFO - Timestamp: 2025-04-25 11:36:37
2025-04-25 11:36:38,518 - sec_monitor - INFO - token percentage = 47%
2025-04-25 11:36:38,518 - sec_monitor - INFO - Making API call - Attempt 1/3
2025-04-25 11:36:38,518 - sec_monitor - INFO - Timestamp: 2025-04-25 11:36:38
2025-04-25 11:36:54,994 - sec_monitor - INFO - API call successful
2025-04-25 11:37:25,024 - sec_monitor - INFO - ==================================================
2025-04-25 11:37:25,024 - sec_monitor - INFO - Processing last chunk
2025-04-25 11:37:25,024 - sec_monitor - INFO - Timestamp: 2025-04-25 11:37:25
2025-04-25 11:37:25,117 - sec_monitor - INFO - token percentage = 3%
2025-04-25 11:37:25,117 - sec_monitor - INFO - Making API call - Attempt 1/3
2025-04-25 11:37:25,118 - sec_monitor - INFO - Timestamp: 2025-04-25 11:37:25
2025-04-25 11:37:26,697 - sec_monitor - INFO - API call successful
2025-04-25 11:37:26,697 - sec_monitor - INFO - Making combine API call - Attempt 1/3
2025-04-25 11:37:26,697 - sec_monitor - INFO - Timestamp: 2025-04-25 11:37:26
2025-04-25 11:37:27,604 - sec_monitor - INFO - Combine API call successful
2025-04-25 11:37:28,605 - sec_monitor - INFO - Processing filing 15/15: VRSN
2025-04-25 11:38:04,984 - sec_monitor - INFO - ==================================================
2025-04-25 11:38:04,984 - sec_monitor - INFO - Processing first chunk
2025-04-25 11:38:04,984 - sec_monitor - INFO - Timestamp: 2025-04-25 11:38:04
2025-04-25 11:38:05,936 - sec_monitor - INFO - token percentage = 45%
2025-04-25 11:38:05,936 - sec_monitor - INFO - Making API call - Attempt 1/3
2025-04-25 11:38:05,936 - sec_monitor - INFO - Timestamp: 2025-04-25 11:38:05
2025-04-25 11:38:22,865 - sec_monitor - INFO - API call successful
2025-04-25 11:38:52,872 - sec_monitor - INFO - ==================================================
2025-04-25 11:38:52,872 - sec_monitor - INFO - Processing last chunk
2025-04-25 11:38:52,872 - sec_monitor - INFO - Timestamp: 2025-04-25 11:38:52
2025-04-25 11:38:53,217 - sec_monitor - INFO - token percentage = 24%
2025-04-25 11:38:53,218 - sec_monitor - INFO - Making API call - Attempt 1/3
2025-04-25 11:38:53,218 - sec_monitor - INFO - Timestamp: 2025-04-25 11:38:53
2025-04-25 11:39:02,146 - sec_monitor - INFO - API call successful
2025-04-25 11:39:02,146 - sec_monitor - INFO - Making combine API call - Attempt 1/3
2025-04-25 11:39:02,147 - sec_monitor - INFO - Timestamp: 2025-04-25 11:39:02
2025-04-25 11:39:03,198 - sec_monitor - INFO - Combine API call successful
2025-04-25 11:39:04,200 - sec_monitor - INFO - Fetching supplementary data...
2025-04-25 11:39:05,080 - sec_monitor - INFO - filing_tickers type: <class 'list'>
2025-04-25 11:39:05,080 - sec_monitor - INFO - filing_data type: <class 'list'>
2025-04-25 11:39:05,080 - sec_monitor - INFO - Market open: False
2025-04-25 11:39:05,080 - sec_monitor - INFO - Number of filing times mapped: 13
2025-04-25 11:39:05,102 - sec_monitor - INFO - Last trading day: 2025-04-25
2025-04-25 11:39:05,102 - sec_monitor - INFO - Processing ticker: CHTR
2025-04-25 11:39:05,222 - sec_monitor - INFO - Number of bars for CHTR: 4
2025-04-25 11:39:05,222 - sec_monitor - INFO - Last bar close for CHTR: 335.11
2025-04-25 11:39:05,222 - sec_monitor - INFO - Outside market hours price for CHTR: 335.11
2025-04-25 11:39:05,223 - sec_monitor - INFO - Processing ticker: CHTR
2025-04-25 11:39:05,251 - sec_monitor - INFO - Number of bars for CHTR: 4
2025-04-25 11:39:05,251 - sec_monitor - INFO - Last bar close for CHTR: 335.11
2025-04-25 11:39:05,251 - sec_monitor - INFO - Outside market hours price for CHTR: 335.11
2025-04-25 11:39:05,251 - sec_monitor - INFO - Processing ticker: LYB
2025-04-25 11:39:05,282 - sec_monitor - INFO - Number of bars for LYB: 4
2025-04-25 11:39:05,282 - sec_monitor - INFO - Last bar close for LYB: 59.24
2025-04-25 11:39:05,282 - sec_monitor - INFO - Outside market hours price for LYB: 59.24
2025-04-25 11:39:05,282 - sec_monitor - INFO - Processing ticker: FI
2025-04-25 11:39:05,314 - sec_monitor - INFO - Number of bars for FI: 4
2025-04-25 11:39:05,314 - sec_monitor - INFO - Last bar close for FI: 176.91
2025-04-25 11:39:05,314 - sec_monitor - INFO - Outside market hours price for FI: 176.91
2025-04-25 11:39:05,315 - sec_monitor - INFO - Processing ticker: AON
2025-04-25 11:39:05,345 - sec_monitor - INFO - Number of bars for AON: 4
2025-04-25 11:39:05,345 - sec_monitor - INFO - Last bar close for AON: 364.09
2025-04-25 11:39:05,345 - sec_monitor - INFO - Outside market hours price for AON: 364.09
2025-04-25 11:39:05,345 - sec_monitor - INFO - Processing ticker: GOOG
2025-04-25 11:39:05,376 - sec_monitor - INFO - Number of bars for GOOG: 4
2025-04-25 11:39:05,376 - sec_monitor - INFO - Last bar close for GOOG: 161.265
2025-04-25 11:39:05,376 - sec_monitor - INFO - Outside market hours price for GOOG: 161.265
2025-04-25 11:39:05,376 - sec_monitor - INFO - Processing ticker: CNC
2025-04-25 11:39:05,407 - sec_monitor - INFO - Number of bars for CNC: 4
2025-04-25 11:39:05,407 - sec_monitor - INFO - Last bar close for CNC: 61.52
2025-04-25 11:39:05,407 - sec_monitor - INFO - Outside market hours price for CNC: 61.52
2025-04-25 11:39:05,407 - sec_monitor - INFO - Processing ticker: CNC
2025-04-25 11:39:05,474 - sec_monitor - INFO - Number of bars for CNC: 4
2025-04-25 11:39:05,474 - sec_monitor - INFO - Last bar close for CNC: 61.52
2025-04-25 11:39:05,474 - sec_monitor - INFO - Outside market hours price for CNC: 61.52
2025-04-25 11:39:05,475 - sec_monitor - INFO - Processing ticker: RSG
2025-04-25 11:39:05,498 - sec_monitor - INFO - Number of bars for RSG: 4
2025-04-25 11:39:05,499 - sec_monitor - INFO - Last bar close for RSG: 240.43
2025-04-25 11:39:05,499 - sec_monitor - INFO - Outside market hours price for RSG: 240.43
2025-04-25 11:39:05,499 - sec_monitor - INFO - Processing ticker: INTC
2025-04-25 11:39:05,575 - sec_monitor - INFO - Number of bars for INTC: 4
2025-04-25 11:39:05,575 - sec_monitor - INFO - Last bar close for INTC: 21.485
2025-04-25 11:39:05,575 - sec_monitor - INFO - Outside market hours price for INTC: 21.485
2025-04-25 11:39:05,575 - sec_monitor - INFO - Processing ticker: LUV
2025-04-25 11:39:05,607 - sec_monitor - INFO - Number of bars for LUV: 4
2025-04-25 11:39:05,607 - sec_monitor - INFO - Last bar close for LUV: 26.445
2025-04-25 11:39:05,607 - sec_monitor - INFO - Outside market hours price for LUV: 26.445
2025-04-25 11:39:05,607 - sec_monitor - INFO - Processing ticker: IQV
2025-04-25 11:39:05,641 - sec_monitor - INFO - Number of bars for IQV: 4
2025-04-25 11:39:05,642 - sec_monitor - INFO - Last bar close for IQV: 150.64
2025-04-25 11:39:05,642 - sec_monitor - INFO - Outside market hours price for IQV: 150.64
2025-04-25 11:39:05,642 - sec_monitor - INFO - Processing ticker: ETN
2025-04-25 11:39:05,671 - sec_monitor - INFO - Number of bars for ETN: 4
2025-04-25 11:39:05,671 - sec_monitor - INFO - Last bar close for ETN: 287.15
2025-04-25 11:39:05,671 - sec_monitor - INFO - Outside market hours price for ETN: 287.15
2025-04-25 11:39:05,671 - sec_monitor - INFO - Processing ticker: ROL
2025-04-25 11:39:05,695 - sec_monitor - INFO - Number of bars for ROL: 4
2025-04-25 11:39:05,696 - sec_monitor - INFO - Last bar close for ROL: 55.495
2025-04-25 11:39:05,696 - sec_monitor - INFO - Outside market hours price for ROL: 55.495
2025-04-25 11:39:05,696 - sec_monitor - INFO - Processing ticker: VRSN
2025-04-25 11:39:05,731 - sec_monitor - INFO - Number of bars for VRSN: 4
2025-04-25 11:39:05,731 - sec_monitor - INFO - Last bar close for VRSN: 252.35
2025-04-25 11:39:05,731 - sec_monitor - INFO - Outside market hours price for VRSN: 252.35
2025-04-25 11:39:09,780 - sec_monitor - INFO - Generating final output...
2025-04-25 11:39:09,781 - sec_monitor - INFO - Successfully saved/merged output to output/sec_filings.json
2025-04-25 11:39:09,781 - sec_monitor - INFO - Processing complete. Stats: {'input_words': 1740615, 'output_words': 1066, 'filings_processed': 15}
