2025-07-07 11:10:51,475 - sec_monitor - INFO - Starting SEC filing monitor 
2025-07-07 11:10:51,476 - sec_monitor - INFO - Loading S&P 500 data...
2025-07-07 11:10:51,476 - sec_monitor - INFO - Starting S&P 500 data initialization
2025-07-07 11:10:51,476 - sec_monitor - INFO - Successfully loaded 503 S&P 500 tickers
2025-07-07 11:10:51,476 - sec_monitor - INFO - Successfully loaded 503 S&P 500 tickers
2025-07-07 11:10:51,476 - sec_monitor - INFO - Initializing components...
2025-07-07 11:10:51,476 - sec_monitor - INFO - Initializing components
2025-07-07 11:10:51,477 - sec_monitor - INFO - SEC fetcher initialized
2025-07-07 11:10:51,477 - sec_monitor - INFO - Filing analyzer initialized
2025-07-07 11:10:51,477 - sec_monitor - INFO - Alpaca clients initialized
2025-07-07 11:10:51,477 - sec_monitor - INFO - All components initialized successfully
2025-07-07 11:10:51,478 - sec_monitor - INFO - Found old JSON file, archiving
2025-07-07 11:10:51,478 - sec_monitor - INFO - Starting new filing collection for today
2025-07-07 11:10:51,478 - sec_monitor - INFO - Fetching SEC filings...
2025-07-07 11:10:51,630 - sec_monitor - INFO - Reached old filing, stopping. Found 2 total filings
2025-07-07 11:10:51,630 - sec_monitor - INFO - Found 2 new interesting filings
2025-07-07 11:10:51,630 - sec_monitor - INFO - Found 2 new filings to process
2025-07-07 11:10:51,630 - sec_monitor - INFO - Processing filing 1/2: MOH
2025-07-07 11:11:22,197 - sec_monitor - INFO - ==================================================
2025-07-07 11:11:22,197 - sec_monitor - INFO - Processing first chunk
2025-07-07 11:11:22,197 - sec_monitor - INFO - Timestamp: 2025-07-07 11:11:22
2025-07-07 11:11:22,286 - sec_monitor - INFO - token percentage = 3%
2025-07-07 11:11:22,287 - sec_monitor - INFO - Making API call - Attempt 1/3
2025-07-07 11:11:22,287 - sec_monitor - INFO - Timestamp: 2025-07-07 11:11:22
2025-07-07 11:11:28,276 - sec_monitor - INFO - API call successful
2025-07-07 11:11:29,278 - sec_monitor - INFO - Processing filing 2/2: DOW
2025-07-07 11:12:02,871 - sec_monitor - INFO - ==================================================
2025-07-07 11:12:02,871 - sec_monitor - INFO - Processing first chunk
2025-07-07 11:12:02,871 - sec_monitor - INFO - Timestamp: 2025-07-07 11:12:02
2025-07-07 11:12:03,281 - sec_monitor - INFO - token percentage = 45%
2025-07-07 11:12:03,282 - sec_monitor - INFO - Making API call - Attempt 1/3
2025-07-07 11:12:03,282 - sec_monitor - INFO - Timestamp: 2025-07-07 11:12:03
2025-07-07 11:12:18,852 - sec_monitor - INFO - API call successful
2025-07-07 11:12:19,853 - sec_monitor - INFO - Fetching supplementary data...
2025-07-07 11:12:20,144 - sec_monitor - INFO - filing_tickers type: <class 'list'>
2025-07-07 11:12:20,144 - sec_monitor - INFO - filing_data type: <class 'list'>
2025-07-07 11:12:20,144 - sec_monitor - INFO - Market open: False
2025-07-07 11:12:20,144 - sec_monitor - INFO - Number of filing times mapped: 2
2025-07-07 11:12:20,222 - sec_monitor - INFO - Last trading day: 2025-07-07
2025-07-07 11:12:20,222 - sec_monitor - INFO - Processing ticker: MOH
2025-07-07 11:12:20,651 - sec_monitor - INFO - Number of bars for MOH: 2
2025-07-07 11:12:20,651 - sec_monitor - INFO - Last bar close for MOH: 239.615
2025-07-07 11:12:20,651 - sec_monitor - INFO - Outside market hours price for MOH: 239.615
2025-07-07 11:12:20,651 - sec_monitor - INFO - Processing ticker: DOW
2025-07-07 11:12:20,676 - sec_monitor - INFO - Number of bars for DOW: 2
2025-07-07 11:12:20,676 - sec_monitor - INFO - Last bar close for DOW: 28.43
2025-07-07 11:12:20,677 - sec_monitor - INFO - Outside market hours price for DOW: 28.43
2025-07-07 11:12:21,399 - sec_monitor - INFO - Generating final output...
2025-07-07 11:12:21,399 - sec_monitor - INFO - Successfully saved/merged output to output/sec_filings.json
2025-07-07 11:12:21,400 - sec_monitor - INFO - Processing complete. Stats: {'input_words': 27754, 'output_words': 168, 'filings_processed': 2}
