2025-03-31 11:09:44,102 - sec_monitor - INFO - Starting SEC filing monitor 
2025-03-31 11:09:44,102 - sec_monitor - INFO - Loading S&P 500 data...
2025-03-31 11:09:44,102 - sec_monitor - INFO - Starting S&P 500 data initialization
2025-03-31 11:09:44,103 - sec_monitor - INFO - Successfully loaded 503 S&P 500 tickers
2025-03-31 11:09:44,103 - sec_monitor - INFO - Successfully loaded 503 S&P 500 tickers
2025-03-31 11:09:44,103 - sec_monitor - INFO - Initializing components...
2025-03-31 11:09:44,103 - sec_monitor - INFO - Initializing components
2025-03-31 11:09:44,103 - sec_monitor - INFO - SEC fetcher initialized
2025-03-31 11:09:44,103 - sec_monitor - INFO - Filing analyzer initialized
2025-03-31 11:09:44,104 - sec_monitor - INFO - Alpaca clients initialized
2025-03-31 11:09:44,104 - sec_monitor - INFO - All components initialized successfully
2025-03-31 11:09:44,105 - sec_monitor - INFO - Found old JSON file, archiving
2025-03-31 11:09:44,105 - sec_monitor - INFO - Starting new filing collection for today
2025-03-31 11:09:44,105 - sec_monitor - INFO - Fetching SEC filings...
2025-03-31 11:09:46,169 - sec_monitor - INFO - Reached old filing, stopping. Found 10 total filings
2025-03-31 11:09:46,169 - sec_monitor - INFO - Found 4 new interesting filings
2025-03-31 11:09:46,170 - sec_monitor - INFO - Found 4 new filings to process
2025-03-31 11:09:46,170 - sec_monitor - INFO - Processing filing 1/4: BKR
2025-03-31 11:10:16,689 - sec_monitor - INFO - ==================================================
2025-03-31 11:10:16,689 - sec_monitor - INFO - Processing first chunk
2025-03-31 11:10:16,689 - sec_monitor - INFO - Timestamp: 2025-03-31 11:10:16
2025-03-31 11:10:16,809 - sec_monitor - INFO - token percentage = 3%
2025-03-31 11:10:16,810 - sec_monitor - INFO - Making API call - Attempt 1/3
2025-03-31 11:10:16,810 - sec_monitor - INFO - Timestamp: 2025-03-31 11:10:16
2025-03-31 11:10:18,650 - sec_monitor - INFO - API call successful
2025-03-31 11:10:19,652 - sec_monitor - INFO - Processing filing 2/4: AVY
2025-03-31 11:10:50,152 - sec_monitor - INFO - ==================================================
2025-03-31 11:10:50,152 - sec_monitor - INFO - Processing first chunk
2025-03-31 11:10:50,152 - sec_monitor - INFO - Timestamp: 2025-03-31 11:10:50
2025-03-31 11:10:50,279 - sec_monitor - INFO - token percentage = 3%
2025-03-31 11:10:50,279 - sec_monitor - INFO - Making API call - Attempt 1/3
2025-03-31 11:10:50,280 - sec_monitor - INFO - Timestamp: 2025-03-31 11:10:50
2025-03-31 11:10:52,030 - sec_monitor - INFO - API call successful
2025-03-31 11:10:53,031 - sec_monitor - INFO - Processing filing 3/4: AIG
2025-03-31 11:13:21,418 - sec_monitor - INFO - ==================================================
2025-03-31 11:13:21,419 - sec_monitor - INFO - Processing first chunk
2025-03-31 11:13:21,419 - sec_monitor - INFO - Timestamp: 2025-03-31 11:13:21
2025-03-31 11:13:21,933 - sec_monitor - INFO - token percentage = 46%
2025-03-31 11:13:21,933 - sec_monitor - INFO - Making API call - Attempt 1/3
2025-03-31 11:13:21,933 - sec_monitor - INFO - Timestamp: 2025-03-31 11:13:21
2025-03-31 11:13:36,146 - sec_monitor - INFO - API call successful
2025-03-31 11:14:06,158 - sec_monitor - INFO - ==================================================
2025-03-31 11:14:06,158 - sec_monitor - INFO - Processing middle chunk
2025-03-31 11:14:06,158 - sec_monitor - INFO - Timestamp: 2025-03-31 11:14:06
2025-03-31 11:14:06,594 - sec_monitor - INFO - token percentage = 50%
2025-03-31 11:14:06,594 - sec_monitor - INFO - Making API call - Attempt 1/3
2025-03-31 11:14:06,594 - sec_monitor - INFO - Timestamp: 2025-03-31 11:14:06
2025-03-31 11:14:21,142 - sec_monitor - INFO - API call successful
2025-03-31 11:14:51,173 - sec_monitor - INFO - ==================================================
2025-03-31 11:14:51,173 - sec_monitor - INFO - Processing middle chunk
2025-03-31 11:14:51,173 - sec_monitor - INFO - Timestamp: 2025-03-31 11:14:51
2025-03-31 11:14:51,544 - sec_monitor - INFO - token percentage = 51%
2025-03-31 11:14:51,544 - sec_monitor - INFO - Making API call - Attempt 1/3
2025-03-31 11:14:51,544 - sec_monitor - INFO - Timestamp: 2025-03-31 11:14:51
2025-03-31 11:15:07,116 - sec_monitor - INFO - API call successful
2025-03-31 11:15:37,136 - sec_monitor - INFO - ==================================================
2025-03-31 11:15:37,137 - sec_monitor - INFO - Processing middle chunk
2025-03-31 11:15:37,137 - sec_monitor - INFO - Timestamp: 2025-03-31 11:15:37
2025-03-31 11:15:37,491 - sec_monitor - INFO - token percentage = 51%
2025-03-31 11:15:37,492 - sec_monitor - INFO - Making API call - Attempt 1/3
2025-03-31 11:15:37,492 - sec_monitor - INFO - Timestamp: 2025-03-31 11:15:37
2025-03-31 11:15:52,620 - sec_monitor - INFO - API call successful
2025-03-31 11:16:22,642 - sec_monitor - INFO - ==================================================
2025-03-31 11:16:22,643 - sec_monitor - INFO - Processing middle chunk
2025-03-31 11:16:22,643 - sec_monitor - INFO - Timestamp: 2025-03-31 11:16:22
2025-03-31 11:16:23,029 - sec_monitor - INFO - token percentage = 50%
2025-03-31 11:16:23,029 - sec_monitor - INFO - Making API call - Attempt 1/3
2025-03-31 11:16:23,029 - sec_monitor - INFO - Timestamp: 2025-03-31 11:16:23
2025-03-31 11:16:37,788 - sec_monitor - INFO - API call successful
2025-03-31 11:17:07,791 - sec_monitor - INFO - ==================================================
2025-03-31 11:17:07,791 - sec_monitor - INFO - Processing middle chunk
2025-03-31 11:17:07,791 - sec_monitor - INFO - Timestamp: 2025-03-31 11:17:07
2025-03-31 11:17:08,210 - sec_monitor - INFO - token percentage = 49%
2025-03-31 11:17:08,211 - sec_monitor - INFO - Making API call - Attempt 1/3
2025-03-31 11:17:08,211 - sec_monitor - INFO - Timestamp: 2025-03-31 11:17:08
2025-03-31 11:17:22,214 - sec_monitor - INFO - API call successful
2025-03-31 11:17:52,244 - sec_monitor - INFO - ==================================================
2025-03-31 11:17:52,245 - sec_monitor - INFO - Processing middle chunk
2025-03-31 11:17:52,245 - sec_monitor - INFO - Timestamp: 2025-03-31 11:17:52
2025-03-31 11:17:52,551 - sec_monitor - INFO - token percentage = 50%
2025-03-31 11:17:52,552 - sec_monitor - INFO - Making API call - Attempt 1/3
2025-03-31 11:17:52,552 - sec_monitor - INFO - Timestamp: 2025-03-31 11:17:52
2025-03-31 11:18:07,418 - sec_monitor - INFO - API call successful
2025-03-31 11:18:37,436 - sec_monitor - INFO - ==================================================
2025-03-31 11:18:37,436 - sec_monitor - INFO - Processing middle chunk
2025-03-31 11:18:37,436 - sec_monitor - INFO - Timestamp: 2025-03-31 11:18:37
2025-03-31 11:18:37,805 - sec_monitor - INFO - token percentage = 48%
2025-03-31 11:18:37,806 - sec_monitor - INFO - Making API call - Attempt 1/3
2025-03-31 11:18:37,806 - sec_monitor - INFO - Timestamp: 2025-03-31 11:18:37
2025-03-31 11:18:51,762 - sec_monitor - INFO - API call successful
2025-03-31 11:19:21,793 - sec_monitor - INFO - ==================================================
2025-03-31 11:19:21,793 - sec_monitor - INFO - Processing middle chunk
2025-03-31 11:19:21,793 - sec_monitor - INFO - Timestamp: 2025-03-31 11:19:21
2025-03-31 11:19:22,175 - sec_monitor - INFO - token percentage = 49%
2025-03-31 11:19:22,176 - sec_monitor - INFO - Making API call - Attempt 1/3
2025-03-31 11:19:22,176 - sec_monitor - INFO - Timestamp: 2025-03-31 11:19:22
2025-03-31 11:19:37,183 - sec_monitor - INFO - API call successful
2025-03-31 11:20:07,213 - sec_monitor - INFO - ==================================================
2025-03-31 11:20:07,214 - sec_monitor - INFO - Processing middle chunk
2025-03-31 11:20:07,214 - sec_monitor - INFO - Timestamp: 2025-03-31 11:20:07
2025-03-31 11:20:07,537 - sec_monitor - INFO - token percentage = 51%
2025-03-31 11:20:07,537 - sec_monitor - INFO - Making API call - Attempt 1/3
2025-03-31 11:20:07,537 - sec_monitor - INFO - Timestamp: 2025-03-31 11:20:07
2025-03-31 11:20:22,422 - sec_monitor - INFO - API call successful
2025-03-31 11:20:52,453 - sec_monitor - INFO - ==================================================
2025-03-31 11:20:52,453 - sec_monitor - INFO - Processing middle chunk
2025-03-31 11:20:52,453 - sec_monitor - INFO - Timestamp: 2025-03-31 11:20:52
2025-03-31 11:20:52,724 - sec_monitor - INFO - token percentage = 52%
2025-03-31 11:20:52,724 - sec_monitor - INFO - Making API call - Attempt 1/3
2025-03-31 11:20:52,724 - sec_monitor - INFO - Timestamp: 2025-03-31 11:20:52
2025-03-31 11:21:07,871 - sec_monitor - INFO - API call successful
2025-03-31 11:21:37,901 - sec_monitor - INFO - ==================================================
2025-03-31 11:21:37,901 - sec_monitor - INFO - Processing middle chunk
2025-03-31 11:21:37,901 - sec_monitor - INFO - Timestamp: 2025-03-31 11:21:37
2025-03-31 11:21:38,207 - sec_monitor - INFO - token percentage = 52%
2025-03-31 11:21:38,207 - sec_monitor - INFO - Making API call - Attempt 1/3
2025-03-31 11:21:38,207 - sec_monitor - INFO - Timestamp: 2025-03-31 11:21:38
2025-03-31 11:21:53,177 - sec_monitor - INFO - API call successful
2025-03-31 11:22:23,207 - sec_monitor - INFO - ==================================================
2025-03-31 11:22:23,207 - sec_monitor - INFO - Processing middle chunk
2025-03-31 11:22:23,208 - sec_monitor - INFO - Timestamp: 2025-03-31 11:22:23
2025-03-31 11:22:23,604 - sec_monitor - INFO - token percentage = 50%
2025-03-31 11:22:23,604 - sec_monitor - INFO - Making API call - Attempt 1/3
2025-03-31 11:22:23,604 - sec_monitor - INFO - Timestamp: 2025-03-31 11:22:23
2025-03-31 11:22:38,948 - sec_monitor - INFO - API call successful
2025-03-31 11:23:08,978 - sec_monitor - INFO - ==================================================
2025-03-31 11:23:08,979 - sec_monitor - INFO - Processing middle chunk
2025-03-31 11:23:08,979 - sec_monitor - INFO - Timestamp: 2025-03-31 11:23:08
2025-03-31 11:23:09,342 - sec_monitor - INFO - token percentage = 52%
2025-03-31 11:23:09,342 - sec_monitor - INFO - Making API call - Attempt 1/3
2025-03-31 11:23:09,342 - sec_monitor - INFO - Timestamp: 2025-03-31 11:23:09
2025-03-31 11:23:24,630 - sec_monitor - INFO - API call successful
2025-03-31 11:23:54,660 - sec_monitor - INFO - ==================================================
2025-03-31 11:23:54,660 - sec_monitor - INFO - Processing middle chunk
2025-03-31 11:23:54,660 - sec_monitor - INFO - Timestamp: 2025-03-31 11:23:54
2025-03-31 11:23:55,054 - sec_monitor - INFO - token percentage = 50%
2025-03-31 11:23:55,054 - sec_monitor - INFO - Making API call - Attempt 1/3
2025-03-31 11:23:55,055 - sec_monitor - INFO - Timestamp: 2025-03-31 11:23:55
2025-03-31 11:24:10,093 - sec_monitor - INFO - API call successful
2025-03-31 11:24:40,123 - sec_monitor - INFO - ==================================================
2025-03-31 11:24:40,124 - sec_monitor - INFO - Processing middle chunk
2025-03-31 11:24:40,124 - sec_monitor - INFO - Timestamp: 2025-03-31 11:24:40
2025-03-31 11:24:40,430 - sec_monitor - INFO - token percentage = 49%
2025-03-31 11:24:40,430 - sec_monitor - INFO - Making API call - Attempt 1/3
2025-03-31 11:24:40,430 - sec_monitor - INFO - Timestamp: 2025-03-31 11:24:40
2025-03-31 11:24:56,076 - sec_monitor - INFO - API call successful
2025-03-31 11:25:26,098 - sec_monitor - INFO - ==================================================
2025-03-31 11:25:26,099 - sec_monitor - INFO - Processing middle chunk
2025-03-31 11:25:26,099 - sec_monitor - INFO - Timestamp: 2025-03-31 11:25:26
2025-03-31 11:25:26,457 - sec_monitor - INFO - token percentage = 50%
2025-03-31 11:25:26,457 - sec_monitor - INFO - Making API call - Attempt 1/3
2025-03-31 11:25:26,457 - sec_monitor - INFO - Timestamp: 2025-03-31 11:25:26
2025-03-31 11:25:41,657 - sec_monitor - INFO - API call successful
2025-03-31 11:26:11,687 - sec_monitor - INFO - ==================================================
2025-03-31 11:26:11,687 - sec_monitor - INFO - Processing last chunk
2025-03-31 11:26:11,688 - sec_monitor - INFO - Timestamp: 2025-03-31 11:26:11
2025-03-31 11:26:11,805 - sec_monitor - INFO - token percentage = 8%
2025-03-31 11:26:11,805 - sec_monitor - INFO - Making API call - Attempt 1/3
2025-03-31 11:26:11,805 - sec_monitor - INFO - Timestamp: 2025-03-31 11:26:11
2025-03-31 11:26:15,045 - sec_monitor - INFO - API call successful
2025-03-31 11:26:15,045 - sec_monitor - INFO - Making combine API call - Attempt 1/3
2025-03-31 11:26:15,045 - sec_monitor - INFO - Timestamp: 2025-03-31 11:26:15
2025-03-31 11:26:15,913 - sec_monitor - INFO - Combine API call successful
2025-03-31 11:26:16,915 - sec_monitor - INFO - Processing filing 4/4: EQT
2025-03-31 11:26:47,442 - sec_monitor - INFO - ==================================================
2025-03-31 11:26:47,443 - sec_monitor - INFO - Processing first chunk
2025-03-31 11:26:47,443 - sec_monitor - INFO - Timestamp: 2025-03-31 11:26:47
2025-03-31 11:26:47,590 - sec_monitor - INFO - token percentage = 4%
2025-03-31 11:26:47,590 - sec_monitor - INFO - Making API call - Attempt 1/3
2025-03-31 11:26:47,590 - sec_monitor - INFO - Timestamp: 2025-03-31 11:26:47
2025-03-31 11:26:51,172 - sec_monitor - INFO - API call successful
2025-03-31 11:26:52,174 - sec_monitor - INFO - Fetching supplementary data...
2025-03-31 11:26:52,358 - sec_monitor - INFO - filing_tickers type: <class 'list'>
2025-03-31 11:26:52,358 - sec_monitor - INFO - filing_data type: <class 'list'>
2025-03-31 11:26:52,359 - sec_monitor - INFO - Market open: False
2025-03-31 11:26:52,359 - sec_monitor - INFO - Number of filing times mapped: 4
2025-03-31 11:26:52,371 - sec_monitor - INFO - Last trading day: 2025-03-31
2025-03-31 11:26:52,371 - sec_monitor - INFO - Processing ticker: BKR
2025-03-31 11:26:52,821 - sec_monitor - INFO - Number of bars for BKR: 3
2025-03-31 11:26:52,821 - sec_monitor - INFO - Last bar close for BKR: 43.08
2025-03-31 11:26:52,821 - sec_monitor - INFO - Outside market hours price for BKR: 43.08
2025-03-31 11:26:52,821 - sec_monitor - INFO - Processing ticker: AVY
2025-03-31 11:26:52,839 - sec_monitor - INFO - Number of bars for AVY: 3
2025-03-31 11:26:52,840 - sec_monitor - INFO - Last bar close for AVY: 175.66
2025-03-31 11:26:52,840 - sec_monitor - INFO - Outside market hours price for AVY: 175.66
2025-03-31 11:26:52,840 - sec_monitor - INFO - Processing ticker: AIG
2025-03-31 11:26:52,867 - sec_monitor - INFO - Number of bars for AIG: 3
2025-03-31 11:26:52,867 - sec_monitor - INFO - Last bar close for AIG: 83.58
2025-03-31 11:26:52,867 - sec_monitor - INFO - Outside market hours price for AIG: 83.58
2025-03-31 11:26:52,867 - sec_monitor - INFO - Processing ticker: EQT
2025-03-31 11:26:52,887 - sec_monitor - INFO - Number of bars for EQT: 3
2025-03-31 11:26:52,888 - sec_monitor - INFO - Last bar close for EQT: 53.005
2025-03-31 11:26:52,888 - sec_monitor - INFO - Outside market hours price for EQT: 53.005
2025-03-31 11:26:54,413 - sec_monitor - INFO - Generating final output...
2025-03-31 11:26:54,413 - sec_monitor - INFO - Successfully saved/merged output to output/sec_filings.json
2025-03-31 11:26:54,414 - sec_monitor - INFO - Processing complete. Stats: {'input_words': 704963, 'output_words': 306, 'filings_processed': 4}
2025-03-31 12:39:08,606 - sec_monitor - INFO - Starting SEC filing monitor 
2025-03-31 12:39:08,606 - sec_monitor - INFO - Loading S&P 500 data...
2025-03-31 12:39:08,607 - sec_monitor - INFO - Starting S&P 500 data initialization
2025-03-31 12:39:08,607 - sec_monitor - INFO - Successfully loaded 503 S&P 500 tickers
2025-03-31 12:39:08,607 - sec_monitor - INFO - Successfully loaded 503 S&P 500 tickers
2025-03-31 12:39:08,607 - sec_monitor - INFO - Initializing components...
2025-03-31 12:39:08,607 - sec_monitor - INFO - Initializing components
2025-03-31 12:39:08,607 - sec_monitor - INFO - SEC fetcher initialized
2025-03-31 12:39:08,608 - sec_monitor - INFO - Filing analyzer initialized
2025-03-31 12:39:08,608 - sec_monitor - INFO - Alpaca clients initialized
2025-03-31 12:39:08,608 - sec_monitor - INFO - All components initialized successfully
2025-03-31 12:39:08,609 - sec_monitor - INFO - Found JSON file from today
2025-03-31 12:39:08,609 - sec_monitor - INFO - Found 4 previously processed accessions and 4 filing URLs
2025-03-31 12:39:08,609 - sec_monitor - INFO - Found 4 accession numbers and 4 URLs from previously processed filings
2025-03-31 12:39:08,609 - sec_monitor - INFO - Fetching SEC filings...
2025-03-31 12:39:14,370 - sec_monitor - INFO - Reached old filing, stopping. Found 19 total filings
2025-03-31 12:39:14,371 - sec_monitor - INFO - Found 4 new interesting filings
2025-03-31 12:39:14,371 - sec_monitor - INFO - Found 4 new filings to process
2025-03-31 12:39:14,371 - sec_monitor - INFO - Processing filing 1/4: AMD
2025-03-31 12:39:47,246 - sec_monitor - INFO - ==================================================
2025-03-31 12:39:47,246 - sec_monitor - INFO - Processing first chunk
2025-03-31 12:39:47,246 - sec_monitor - INFO - Timestamp: 2025-03-31 12:39:47
2025-03-31 12:39:48,254 - sec_monitor - INFO - token percentage = 28%
2025-03-31 12:39:48,255 - sec_monitor - INFO - Making API call - Attempt 1/3
2025-03-31 12:39:48,255 - sec_monitor - INFO - Timestamp: 2025-03-31 12:39:48
2025-03-31 12:39:58,465 - sec_monitor - INFO - API call successful
2025-03-31 12:39:59,467 - sec_monitor - INFO - Processing filing 2/4: BXP
2025-03-31 12:40:33,837 - sec_monitor - INFO - ==================================================
2025-03-31 12:40:33,838 - sec_monitor - INFO - Processing first chunk
2025-03-31 12:40:33,838 - sec_monitor - INFO - Timestamp: 2025-03-31 12:40:33
2025-03-31 12:40:34,949 - sec_monitor - INFO - token percentage = 35%
2025-03-31 12:40:34,950 - sec_monitor - INFO - Making API call - Attempt 1/3
2025-03-31 12:40:34,950 - sec_monitor - INFO - Timestamp: 2025-03-31 12:40:34
2025-03-31 12:40:47,658 - sec_monitor - INFO - API call successful
2025-03-31 12:40:48,660 - sec_monitor - INFO - Processing filing 3/4: NWS
2025-03-31 12:41:19,405 - sec_monitor - INFO - ==================================================
2025-03-31 12:41:19,405 - sec_monitor - INFO - Processing first chunk
2025-03-31 12:41:19,405 - sec_monitor - INFO - Timestamp: 2025-03-31 12:41:19
2025-03-31 12:41:19,550 - sec_monitor - INFO - token percentage = 7%
2025-03-31 12:41:19,550 - sec_monitor - INFO - Making API call - Attempt 1/3
2025-03-31 12:41:19,550 - sec_monitor - INFO - Timestamp: 2025-03-31 12:41:19
2025-03-31 12:41:23,850 - sec_monitor - INFO - API call successful
2025-03-31 12:41:24,851 - sec_monitor - INFO - Processing filing 4/4: YUM
2025-03-31 12:41:55,272 - sec_monitor - INFO - ==================================================
2025-03-31 12:41:55,272 - sec_monitor - INFO - Processing first chunk
2025-03-31 12:41:55,272 - sec_monitor - INFO - Timestamp: 2025-03-31 12:41:55
2025-03-31 12:41:55,397 - sec_monitor - INFO - token percentage = 3%
2025-03-31 12:41:55,398 - sec_monitor - INFO - Making API call - Attempt 1/3
2025-03-31 12:41:55,398 - sec_monitor - INFO - Timestamp: 2025-03-31 12:41:55
2025-03-31 12:41:56,974 - sec_monitor - INFO - API call successful
2025-03-31 12:41:57,975 - sec_monitor - INFO - Fetching supplementary data...
2025-03-31 12:41:58,439 - sec_monitor - INFO - filing_tickers type: <class 'list'>
2025-03-31 12:41:58,439 - sec_monitor - INFO - filing_data type: <class 'list'>
2025-03-31 12:41:58,439 - sec_monitor - INFO - Market open: False
2025-03-31 12:41:58,440 - sec_monitor - INFO - Number of filing times mapped: 4
2025-03-31 12:41:58,451 - sec_monitor - INFO - Last trading day: 2025-03-31
2025-03-31 12:41:58,451 - sec_monitor - INFO - Processing ticker: AMD
2025-03-31 12:41:59,005 - sec_monitor - INFO - Number of bars for AMD: 3
2025-03-31 12:41:59,005 - sec_monitor - INFO - Last bar close for AMD: 103.215
2025-03-31 12:41:59,005 - sec_monitor - INFO - Outside market hours price for AMD: 103.215
2025-03-31 12:41:59,005 - sec_monitor - INFO - Processing ticker: BXP
2025-03-31 12:41:59,023 - sec_monitor - INFO - Number of bars for BXP: 3
2025-03-31 12:41:59,024 - sec_monitor - INFO - Last bar close for BXP: 67.65
2025-03-31 12:41:59,024 - sec_monitor - INFO - Outside market hours price for BXP: 67.65
2025-03-31 12:41:59,024 - sec_monitor - INFO - Processing ticker: NWS
2025-03-31 12:41:59,042 - sec_monitor - INFO - Number of bars for NWS: 3
2025-03-31 12:41:59,042 - sec_monitor - INFO - Last bar close for NWS: 29.65
2025-03-31 12:41:59,042 - sec_monitor - INFO - Outside market hours price for NWS: 29.65
2025-03-31 12:41:59,042 - sec_monitor - INFO - Processing ticker: YUM
2025-03-31 12:41:59,055 - sec_monitor - INFO - Number of bars for YUM: 3
2025-03-31 12:41:59,055 - sec_monitor - INFO - Last bar close for YUM: 155.765
2025-03-31 12:41:59,055 - sec_monitor - INFO - Outside market hours price for YUM: 155.765
2025-03-31 12:42:00,543 - sec_monitor - INFO - Generating final output...
2025-03-31 12:42:00,544 - sec_monitor - INFO - Successfully merged 4 new filings with existing JSON
2025-03-31 12:42:00,544 - sec_monitor - INFO - Cumulative stats - Input words: 934178, Output words: 660
2025-03-31 12:42:00,544 - sec_monitor - INFO - Successfully saved/merged output to output/sec_filings.json
2025-03-31 12:42:00,544 - sec_monitor - INFO - Processing complete. Stats: {'input_words': 229215, 'output_words': 354, 'filings_processed': 4}
2025-03-31 13:30:26,381 - sec_monitor - INFO - Starting SEC filing monitor 
2025-03-31 13:30:26,381 - sec_monitor - INFO - Loading S&P 500 data...
2025-03-31 13:30:26,382 - sec_monitor - INFO - Starting S&P 500 data initialization
2025-03-31 13:30:26,382 - sec_monitor - INFO - Successfully loaded 503 S&P 500 tickers
2025-03-31 13:30:26,382 - sec_monitor - INFO - Successfully loaded 503 S&P 500 tickers
2025-03-31 13:30:26,382 - sec_monitor - INFO - Initializing components...
2025-03-31 13:30:26,382 - sec_monitor - INFO - Initializing components
2025-03-31 13:30:26,382 - sec_monitor - INFO - SEC fetcher initialized
2025-03-31 13:30:26,382 - sec_monitor - INFO - Filing analyzer initialized
2025-03-31 13:30:26,383 - sec_monitor - INFO - Alpaca clients initialized
2025-03-31 13:30:26,383 - sec_monitor - INFO - All components initialized successfully
2025-03-31 13:30:26,383 - sec_monitor - INFO - Found JSON file from today
2025-03-31 13:30:26,384 - sec_monitor - INFO - Found 8 previously processed accessions and 8 filing URLs
2025-03-31 13:30:26,384 - sec_monitor - INFO - Found 8 accession numbers and 8 URLs from previously processed filings
2025-03-31 13:30:26,384 - sec_monitor - INFO - Fetching SEC filings...
2025-03-31 13:30:42,144 - sec_monitor - INFO - Reached old filing, stopping. Found 25 total filings
2025-03-31 13:30:42,145 - sec_monitor - INFO - Found 1 new interesting filings
2025-03-31 13:30:42,145 - sec_monitor - INFO - Found 1 new filings to process
2025-03-31 13:30:42,145 - sec_monitor - INFO - Processing filing 1/1: SMCI
2025-03-31 13:31:12,683 - sec_monitor - INFO - ==================================================
2025-03-31 13:31:12,684 - sec_monitor - INFO - Processing first chunk
2025-03-31 13:31:12,684 - sec_monitor - INFO - Timestamp: 2025-03-31 13:31:12
2025-03-31 13:31:12,787 - sec_monitor - INFO - token percentage = 4%
2025-03-31 13:31:12,787 - sec_monitor - INFO - Making API call - Attempt 1/3
2025-03-31 13:31:12,787 - sec_monitor - INFO - Timestamp: 2025-03-31 13:31:12
2025-03-31 13:31:15,925 - sec_monitor - INFO - API call successful
2025-03-31 13:31:16,927 - sec_monitor - INFO - Fetching supplementary data...
2025-03-31 13:31:17,273 - sec_monitor - INFO - filing_tickers type: <class 'list'>
2025-03-31 13:31:17,274 - sec_monitor - INFO - filing_data type: <class 'list'>
2025-03-31 13:31:17,274 - sec_monitor - INFO - Market open: True
2025-03-31 13:31:17,274 - sec_monitor - INFO - Number of filing times mapped: 1
2025-03-31 13:31:17,295 - sec_monitor - INFO - Last trading day: 2025-03-31
2025-03-31 13:31:17,295 - sec_monitor - INFO - Processing ticker: SMCI
2025-03-31 13:31:17,429 - sec_monitor - INFO - Number of bars for SMCI: 3
2025-03-31 13:31:17,430 - sec_monitor - INFO - Last bar close for SMCI: 34.28
2025-03-31 13:31:17,430 - sec_monitor - INFO - Market open price for SMCI: 34.28, change: -1.2957097610135209%
2025-03-31 13:31:17,799 - sec_monitor - INFO - Generating final output...
2025-03-31 13:31:17,800 - sec_monitor - INFO - Successfully merged 1 new filings with existing JSON
2025-03-31 13:31:17,800 - sec_monitor - INFO - Cumulative stats - Input words: 940037, Output words: 759
2025-03-31 13:31:17,800 - sec_monitor - INFO - Successfully saved/merged output to output/sec_filings.json
2025-03-31 13:31:17,801 - sec_monitor - INFO - Processing complete. Stats: {'input_words': 5859, 'output_words': 99, 'filings_processed': 1}
2025-03-31 15:20:03,920 - sec_monitor - INFO - Starting SEC filing monitor 
2025-03-31 15:20:03,920 - sec_monitor - INFO - Loading S&P 500 data...
2025-03-31 15:20:03,920 - sec_monitor - INFO - Starting S&P 500 data initialization
2025-03-31 15:20:03,921 - sec_monitor - INFO - Successfully loaded 503 S&P 500 tickers
2025-03-31 15:20:03,921 - sec_monitor - INFO - Successfully loaded 503 S&P 500 tickers
2025-03-31 15:20:03,921 - sec_monitor - INFO - Initializing components...
2025-03-31 15:20:03,921 - sec_monitor - INFO - Initializing components
2025-03-31 15:20:03,921 - sec_monitor - INFO - SEC fetcher initialized
2025-03-31 15:20:03,921 - sec_monitor - INFO - Filing analyzer initialized
2025-03-31 15:20:03,922 - sec_monitor - INFO - Alpaca clients initialized
2025-03-31 15:20:03,922 - sec_monitor - INFO - All components initialized successfully
2025-03-31 15:20:03,923 - sec_monitor - INFO - Found JSON file from today
2025-03-31 15:20:03,923 - sec_monitor - INFO - Found 9 previously processed accessions and 9 filing URLs
2025-03-31 15:20:03,923 - sec_monitor - INFO - Found 9 accession numbers and 9 URLs from previously processed filings
2025-03-31 15:20:03,923 - sec_monitor - INFO - Fetching SEC filings...
2025-03-31 15:20:32,215 - sec_monitor - INFO - Reached old filing, stopping. Found 47 total filings
2025-03-31 15:20:32,215 - sec_monitor - INFO - Found 0 new interesting filings
2025-03-31 15:20:32,215 - sec_monitor - INFO - No new filings to process
2025-03-31 18:21:57,370 - sec_monitor - INFO - Starting SEC filing monitor 
2025-03-31 18:21:57,370 - sec_monitor - INFO - Loading S&P 500 data...
2025-03-31 18:21:57,370 - sec_monitor - INFO - Starting S&P 500 data initialization
2025-03-31 18:21:57,370 - sec_monitor - INFO - Successfully loaded 503 S&P 500 tickers
2025-03-31 18:21:57,371 - sec_monitor - INFO - Successfully loaded 503 S&P 500 tickers
2025-03-31 18:21:57,371 - sec_monitor - INFO - Initializing components...
2025-03-31 18:21:57,371 - sec_monitor - INFO - Initializing components
2025-03-31 18:21:57,371 - sec_monitor - INFO - SEC fetcher initialized
2025-03-31 18:21:57,371 - sec_monitor - INFO - Filing analyzer initialized
2025-03-31 18:21:57,371 - sec_monitor - INFO - Alpaca clients initialized
2025-03-31 18:21:57,371 - sec_monitor - INFO - All components initialized successfully
2025-03-31 18:21:57,372 - sec_monitor - INFO - Found JSON file from today
2025-03-31 18:21:57,372 - sec_monitor - INFO - Found 9 previously processed accessions and 9 filing URLs
2025-03-31 18:21:57,372 - sec_monitor - INFO - Found 9 accession numbers and 9 URLs from previously processed filings
2025-03-31 18:21:57,372 - sec_monitor - INFO - Fetching SEC filings...
2025-03-31 18:22:35,679 - sec_monitor - INFO - No more entries found
2025-03-31 18:22:35,679 - sec_monitor - INFO - Completed fetching. Found 37 total filings
2025-03-31 18:22:35,679 - sec_monitor - INFO - Found 0 new interesting filings
2025-03-31 18:22:35,679 - sec_monitor - INFO - No new filings to process
2025-03-31 21:11:18,911 - sec_monitor - INFO - Starting SEC filing monitor 
2025-03-31 21:11:18,911 - sec_monitor - INFO - Loading S&P 500 data...
2025-03-31 21:11:18,911 - sec_monitor - INFO - Starting S&P 500 data initialization
2025-03-31 21:11:18,912 - sec_monitor - INFO - Successfully loaded 503 S&P 500 tickers
2025-03-31 21:11:18,912 - sec_monitor - INFO - Successfully loaded 503 S&P 500 tickers
2025-03-31 21:11:18,912 - sec_monitor - INFO - Initializing components...
2025-03-31 21:11:18,912 - sec_monitor - INFO - Initializing components
2025-03-31 21:11:18,912 - sec_monitor - INFO - SEC fetcher initialized
2025-03-31 21:11:18,912 - sec_monitor - INFO - Filing analyzer initialized
2025-03-31 21:11:18,913 - sec_monitor - INFO - Alpaca clients initialized
2025-03-31 21:11:18,913 - sec_monitor - INFO - All components initialized successfully
2025-03-31 21:11:18,914 - sec_monitor - INFO - Found JSON file from today
2025-03-31 21:11:18,914 - sec_monitor - INFO - Found 9 previously processed accessions and 9 filing URLs
2025-03-31 21:11:18,914 - sec_monitor - INFO - Found 9 accession numbers and 9 URLs from previously processed filings
2025-03-31 21:11:18,914 - sec_monitor - INFO - Fetching SEC filings...
2025-03-31 21:11:33,081 - sec_monitor - INFO - No more entries found
2025-03-31 21:11:33,081 - sec_monitor - INFO - Completed fetching. Found 62 total filings
2025-03-31 21:11:33,081 - sec_monitor - INFO - Found 12 new interesting filings
2025-03-31 21:11:33,081 - sec_monitor - INFO - Found 12 new filings to process
2025-03-31 21:11:33,081 - sec_monitor - INFO - Processing filing 1/12: GEHC
2025-03-31 21:12:05,950 - sec_monitor - INFO - ==================================================
2025-03-31 21:12:05,950 - sec_monitor - INFO - Processing first chunk
2025-03-31 21:12:05,950 - sec_monitor - INFO - Timestamp: 2025-03-31 21:12:05
2025-03-31 21:12:07,152 - sec_monitor - INFO - token percentage = 28%
2025-03-31 21:12:07,152 - sec_monitor - INFO - Making API call - Attempt 1/3
2025-03-31 21:12:07,152 - sec_monitor - INFO - Timestamp: 2025-03-31 21:12:07
2025-03-31 21:12:17,036 - sec_monitor - INFO - API call successful
2025-03-31 21:12:18,037 - sec_monitor - INFO - Processing filing 2/12: FCX
2025-03-31 21:12:51,051 - sec_monitor - INFO - ==================================================
2025-03-31 21:12:51,051 - sec_monitor - INFO - Processing first chunk
2025-03-31 21:12:51,051 - sec_monitor - INFO - Timestamp: 2025-03-31 21:12:51
2025-03-31 21:12:51,374 - sec_monitor - INFO - token percentage = 35%
2025-03-31 21:12:51,375 - sec_monitor - INFO - Making API call - Attempt 1/3
2025-03-31 21:12:51,375 - sec_monitor - INFO - Timestamp: 2025-03-31 21:12:51
2025-03-31 21:13:02,217 - sec_monitor - INFO - API call successful
2025-03-31 21:13:03,219 - sec_monitor - INFO - Processing filing 3/12: WBD
2025-03-31 21:13:38,894 - sec_monitor - INFO - ==================================================
2025-03-31 21:13:38,894 - sec_monitor - INFO - Processing first chunk
2025-03-31 21:13:38,895 - sec_monitor - INFO - Timestamp: 2025-03-31 21:13:38
2025-03-31 21:13:39,325 - sec_monitor - INFO - token percentage = 50%
2025-03-31 21:13:39,325 - sec_monitor - INFO - Making API call - Attempt 1/3
2025-03-31 21:13:39,325 - sec_monitor - INFO - Timestamp: 2025-03-31 21:13:39
2025-03-31 21:13:55,169 - sec_monitor - INFO - API call successful
2025-03-31 21:14:25,198 - sec_monitor - INFO - ==================================================
2025-03-31 21:14:25,198 - sec_monitor - INFO - Processing last chunk
2025-03-31 21:14:25,198 - sec_monitor - INFO - Timestamp: 2025-03-31 21:14:25
2025-03-31 21:14:25,273 - sec_monitor - INFO - token percentage = 1%
2025-03-31 21:14:25,273 - sec_monitor - INFO - Making API call - Attempt 1/3
2025-03-31 21:14:25,273 - sec_monitor - INFO - Timestamp: 2025-03-31 21:14:25
2025-03-31 21:14:26,212 - sec_monitor - INFO - API call successful
2025-03-31 21:14:26,212 - sec_monitor - INFO - Making combine API call - Attempt 1/3
2025-03-31 21:14:26,212 - sec_monitor - INFO - Timestamp: 2025-03-31 21:14:26
2025-03-31 21:14:27,060 - sec_monitor - INFO - Combine API call successful
2025-03-31 21:14:28,062 - sec_monitor - INFO - Processing filing 4/12: LUV
2025-03-31 21:14:59,603 - sec_monitor - INFO - ==================================================
2025-03-31 21:14:59,603 - sec_monitor - INFO - Processing first chunk
2025-03-31 21:14:59,604 - sec_monitor - INFO - Timestamp: 2025-03-31 21:14:59
2025-03-31 21:14:59,812 - sec_monitor - INFO - token percentage = 23%
2025-03-31 21:14:59,812 - sec_monitor - INFO - Making API call - Attempt 1/3
2025-03-31 21:14:59,812 - sec_monitor - INFO - Timestamp: 2025-03-31 21:14:59
2025-03-31 21:15:07,081 - sec_monitor - INFO - API call successful
2025-03-31 21:15:08,083 - sec_monitor - INFO - Processing filing 5/12: MHK
2025-03-31 21:15:43,857 - sec_monitor - INFO - ==================================================
2025-03-31 21:15:43,858 - sec_monitor - INFO - Processing first chunk
2025-03-31 21:15:43,858 - sec_monitor - INFO - Timestamp: 2025-03-31 21:15:43
2025-03-31 21:15:44,597 - sec_monitor - INFO - token percentage = 49%
2025-03-31 21:15:44,598 - sec_monitor - INFO - Making API call - Attempt 1/3
2025-03-31 21:15:44,598 - sec_monitor - INFO - Timestamp: 2025-03-31 21:15:44
2025-03-31 21:15:59,293 - sec_monitor - INFO - API call successful
2025-03-31 21:16:29,323 - sec_monitor - INFO - ==================================================
2025-03-31 21:16:29,323 - sec_monitor - INFO - Processing last chunk
2025-03-31 21:16:29,323 - sec_monitor - INFO - Timestamp: 2025-03-31 21:16:29
2025-03-31 21:16:29,548 - sec_monitor - INFO - token percentage = 31%
2025-03-31 21:16:29,549 - sec_monitor - INFO - Making API call - Attempt 1/3
2025-03-31 21:16:29,549 - sec_monitor - INFO - Timestamp: 2025-03-31 21:16:29
2025-03-31 21:16:38,392 - sec_monitor - INFO - API call successful
2025-03-31 21:16:38,393 - sec_monitor - INFO - Making combine API call - Attempt 1/3
2025-03-31 21:16:38,393 - sec_monitor - INFO - Timestamp: 2025-03-31 21:16:38
2025-03-31 21:16:39,272 - sec_monitor - INFO - Combine API call successful
2025-03-31 21:16:40,274 - sec_monitor - INFO - Processing filing 6/12: LH
2025-03-31 21:17:10,735 - sec_monitor - INFO - ==================================================
2025-03-31 21:17:10,735 - sec_monitor - INFO - Processing first chunk
2025-03-31 21:17:10,736 - sec_monitor - INFO - Timestamp: 2025-03-31 21:17:10
2025-03-31 21:17:10,851 - sec_monitor - INFO - token percentage = 3%
2025-03-31 21:17:10,851 - sec_monitor - INFO - Making API call - Attempt 1/3
2025-03-31 21:17:10,851 - sec_monitor - INFO - Timestamp: 2025-03-31 21:17:10
2025-03-31 21:17:12,387 - sec_monitor - INFO - API call successful
2025-03-31 21:17:13,388 - sec_monitor - INFO - Processing filing 7/12: V
2025-03-31 21:17:43,883 - sec_monitor - INFO - ==================================================
2025-03-31 21:17:43,883 - sec_monitor - INFO - Processing first chunk
2025-03-31 21:17:43,883 - sec_monitor - INFO - Timestamp: 2025-03-31 21:17:43
2025-03-31 21:17:44,004 - sec_monitor - INFO - token percentage = 4%
2025-03-31 21:17:44,004 - sec_monitor - INFO - Making API call - Attempt 1/3
2025-03-31 21:17:44,004 - sec_monitor - INFO - Timestamp: 2025-03-31 21:17:44
2025-03-31 21:17:47,061 - sec_monitor - INFO - API call successful
2025-03-31 21:17:48,062 - sec_monitor - INFO - Processing filing 8/12: KDP
2025-03-31 21:18:30,012 - sec_monitor - INFO - ==================================================
2025-03-31 21:18:30,013 - sec_monitor - INFO - Processing first chunk
2025-03-31 21:18:30,013 - sec_monitor - INFO - Timestamp: 2025-03-31 21:18:30
2025-03-31 21:18:31,010 - sec_monitor - INFO - token percentage = 36%
2025-03-31 21:18:31,011 - sec_monitor - INFO - Making API call - Attempt 1/3
2025-03-31 21:18:31,011 - sec_monitor - INFO - Timestamp: 2025-03-31 21:18:31
2025-03-31 21:18:42,278 - sec_monitor - INFO - API call successful
2025-03-31 21:19:12,309 - sec_monitor - INFO - ==================================================
2025-03-31 21:19:12,309 - sec_monitor - INFO - Processing middle chunk
2025-03-31 21:19:12,309 - sec_monitor - INFO - Timestamp: 2025-03-31 21:19:12
2025-03-31 21:19:12,623 - sec_monitor - INFO - token percentage = 53%
2025-03-31 21:19:12,623 - sec_monitor - INFO - Making API call - Attempt 1/3
2025-03-31 21:19:12,623 - sec_monitor - INFO - Timestamp: 2025-03-31 21:19:12
2025-03-31 21:19:28,737 - sec_monitor - INFO - API call successful
2025-03-31 21:19:58,768 - sec_monitor - INFO - ==================================================
2025-03-31 21:19:58,768 - sec_monitor - INFO - Processing middle chunk
2025-03-31 21:19:58,768 - sec_monitor - INFO - Timestamp: 2025-03-31 21:19:58
2025-03-31 21:19:59,235 - sec_monitor - INFO - token percentage = 59%
2025-03-31 21:19:59,236 - sec_monitor - INFO - Making API call - Attempt 1/3
2025-03-31 21:19:59,236 - sec_monitor - INFO - Timestamp: 2025-03-31 21:19:59
2025-03-31 21:20:16,371 - sec_monitor - INFO - API call successful
2025-03-31 21:20:46,402 - sec_monitor - INFO - ==================================================
2025-03-31 21:20:46,402 - sec_monitor - INFO - Processing last chunk
2025-03-31 21:20:46,402 - sec_monitor - INFO - Timestamp: 2025-03-31 21:20:46
2025-03-31 21:20:46,610 - sec_monitor - INFO - token percentage = 20%
2025-03-31 21:20:46,610 - sec_monitor - INFO - Making API call - Attempt 1/3
2025-03-31 21:20:46,611 - sec_monitor - INFO - Timestamp: 2025-03-31 21:20:46
2025-03-31 21:20:52,815 - sec_monitor - INFO - API call successful
2025-03-31 21:20:52,815 - sec_monitor - INFO - Making combine API call - Attempt 1/3
2025-03-31 21:20:52,815 - sec_monitor - INFO - Timestamp: 2025-03-31 21:20:52
2025-03-31 21:20:53,842 - sec_monitor - INFO - Combine API call successful
2025-03-31 21:20:54,844 - sec_monitor - INFO - Processing filing 9/12: TROW
2025-03-31 21:21:25,204 - sec_monitor - INFO - ==================================================
2025-03-31 21:21:25,204 - sec_monitor - INFO - Processing first chunk
2025-03-31 21:21:25,204 - sec_monitor - INFO - Timestamp: 2025-03-31 21:21:25
2025-03-31 21:21:25,289 - sec_monitor - INFO - token percentage = 2%
2025-03-31 21:21:25,289 - sec_monitor - INFO - Making API call - Attempt 1/3
2025-03-31 21:21:25,289 - sec_monitor - INFO - Timestamp: 2025-03-31 21:21:25
2025-03-31 21:21:26,832 - sec_monitor - INFO - API call successful
2025-03-31 21:21:27,834 - sec_monitor - INFO - Processing filing 10/12: HUM
2025-03-31 21:21:58,786 - sec_monitor - INFO - ==================================================
2025-03-31 21:21:58,787 - sec_monitor - INFO - Processing first chunk
2025-03-31 21:21:58,787 - sec_monitor - INFO - Timestamp: 2025-03-31 21:21:58
2025-03-31 21:21:59,015 - sec_monitor - INFO - token percentage = 10%
2025-03-31 21:21:59,016 - sec_monitor - INFO - Making API call - Attempt 1/3
2025-03-31 21:21:59,016 - sec_monitor - INFO - Timestamp: 2025-03-31 21:21:59
2025-03-31 21:22:02,947 - sec_monitor - INFO - API call successful
2025-03-31 21:22:03,949 - sec_monitor - INFO - Processing filing 11/12: EQIX
2025-03-31 21:22:34,583 - sec_monitor - INFO - ==================================================
2025-03-31 21:22:34,583 - sec_monitor - INFO - Processing first chunk
2025-03-31 21:22:34,583 - sec_monitor - INFO - Timestamp: 2025-03-31 21:22:34
2025-03-31 21:22:34,703 - sec_monitor - INFO - token percentage = 3%
2025-03-31 21:22:34,703 - sec_monitor - INFO - Making API call - Attempt 1/3
2025-03-31 21:22:34,703 - sec_monitor - INFO - Timestamp: 2025-03-31 21:22:34
2025-03-31 21:22:37,463 - sec_monitor - INFO - API call successful
2025-03-31 21:22:38,464 - sec_monitor - INFO - Processing filing 12/12: APTV
2025-03-31 21:23:10,839 - sec_monitor - INFO - ==================================================
2025-03-31 21:23:10,840 - sec_monitor - INFO - Processing first chunk
2025-03-31 21:23:10,840 - sec_monitor - INFO - Timestamp: 2025-03-31 21:23:10
2025-03-31 21:23:11,537 - sec_monitor - INFO - token percentage = 26%
2025-03-31 21:23:11,537 - sec_monitor - INFO - Making API call - Attempt 1/3
2025-03-31 21:23:11,538 - sec_monitor - INFO - Timestamp: 2025-03-31 21:23:11
2025-03-31 21:23:19,867 - sec_monitor - INFO - API call successful
2025-03-31 21:23:20,869 - sec_monitor - INFO - Fetching supplementary data...
2025-03-31 21:23:21,218 - sec_monitor - INFO - filing_tickers type: <class 'list'>
2025-03-31 21:23:21,218 - sec_monitor - INFO - filing_data type: <class 'list'>
2025-03-31 21:23:21,218 - sec_monitor - INFO - Market open: False
2025-03-31 21:23:21,219 - sec_monitor - INFO - Number of filing times mapped: 12
2025-03-31 21:23:21,236 - sec_monitor - INFO - Last trading day: 2025-03-31
2025-03-31 21:23:21,236 - sec_monitor - INFO - Processing ticker: GEHC
2025-03-31 21:23:21,653 - sec_monitor - INFO - Number of bars for GEHC: 3
2025-03-31 21:23:21,653 - sec_monitor - INFO - Last bar close for GEHC: 80.01
2025-03-31 21:23:21,653 - sec_monitor - INFO - Outside market hours price for GEHC: 80.01
2025-03-31 21:23:21,653 - sec_monitor - INFO - Processing ticker: FCX
2025-03-31 21:23:21,672 - sec_monitor - INFO - Number of bars for FCX: 3
2025-03-31 21:23:21,672 - sec_monitor - INFO - Last bar close for FCX: 38.4
2025-03-31 21:23:21,672 - sec_monitor - INFO - Outside market hours price for FCX: 38.4
2025-03-31 21:23:21,672 - sec_monitor - INFO - Processing ticker: WBD
2025-03-31 21:23:21,687 - sec_monitor - INFO - Number of bars for WBD: 3
2025-03-31 21:23:21,687 - sec_monitor - INFO - Last bar close for WBD: 10.37
2025-03-31 21:23:21,687 - sec_monitor - INFO - Outside market hours price for WBD: 10.37
2025-03-31 21:23:21,687 - sec_monitor - INFO - Processing ticker: LUV
2025-03-31 21:23:21,747 - sec_monitor - INFO - Number of bars for LUV: 3
2025-03-31 21:23:21,748 - sec_monitor - INFO - Last bar close for LUV: 33.61
2025-03-31 21:23:21,748 - sec_monitor - INFO - Outside market hours price for LUV: 33.61
2025-03-31 21:23:21,748 - sec_monitor - INFO - Processing ticker: MHK
2025-03-31 21:23:21,763 - sec_monitor - INFO - Number of bars for MHK: 3
2025-03-31 21:23:21,763 - sec_monitor - INFO - Last bar close for MHK: 113.76
2025-03-31 21:23:21,763 - sec_monitor - INFO - Outside market hours price for MHK: 113.76
2025-03-31 21:23:21,763 - sec_monitor - INFO - Processing ticker: LH
2025-03-31 21:23:21,781 - sec_monitor - INFO - Number of bars for LH: 3
2025-03-31 21:23:21,782 - sec_monitor - INFO - Last bar close for LH: 229.84
2025-03-31 21:23:21,782 - sec_monitor - INFO - Outside market hours price for LH: 229.84
2025-03-31 21:23:21,782 - sec_monitor - INFO - Processing ticker: V
2025-03-31 21:23:21,797 - sec_monitor - INFO - Number of bars for V: 3
2025-03-31 21:23:21,797 - sec_monitor - INFO - Last bar close for V: 342.77
2025-03-31 21:23:21,797 - sec_monitor - INFO - Outside market hours price for V: 342.77
2025-03-31 21:23:21,797 - sec_monitor - INFO - Processing ticker: KDP
2025-03-31 21:23:21,812 - sec_monitor - INFO - Number of bars for KDP: 3
2025-03-31 21:23:21,812 - sec_monitor - INFO - Last bar close for KDP: 33.74
2025-03-31 21:23:21,812 - sec_monitor - INFO - Outside market hours price for KDP: 33.74
2025-03-31 21:23:21,812 - sec_monitor - INFO - Processing ticker: TROW
2025-03-31 21:23:21,824 - sec_monitor - INFO - Number of bars for TROW: 3
2025-03-31 21:23:21,825 - sec_monitor - INFO - Last bar close for TROW: 91.555
2025-03-31 21:23:21,825 - sec_monitor - INFO - Outside market hours price for TROW: 91.555
2025-03-31 21:23:21,825 - sec_monitor - INFO - Processing ticker: HUM
2025-03-31 21:23:21,844 - sec_monitor - INFO - Number of bars for HUM: 3
2025-03-31 21:23:21,844 - sec_monitor - INFO - Last bar close for HUM: 264.495
2025-03-31 21:23:21,844 - sec_monitor - INFO - Outside market hours price for HUM: 264.495
2025-03-31 21:23:21,844 - sec_monitor - INFO - Processing ticker: EQIX
2025-03-31 21:23:21,869 - sec_monitor - INFO - Number of bars for EQIX: 3
2025-03-31 21:23:21,869 - sec_monitor - INFO - Last bar close for EQIX: 803.995
2025-03-31 21:23:21,869 - sec_monitor - INFO - Outside market hours price for EQIX: 803.995
2025-03-31 21:23:21,869 - sec_monitor - INFO - Processing ticker: APTV
2025-03-31 21:23:21,891 - sec_monitor - INFO - Number of bars for APTV: 3
2025-03-31 21:23:21,891 - sec_monitor - INFO - Last bar close for APTV: 60.61
2025-03-31 21:23:21,891 - sec_monitor - INFO - Outside market hours price for APTV: 60.61
2025-03-31 21:23:25,588 - sec_monitor - INFO - Generating final output...
2025-03-31 21:23:25,589 - sec_monitor - INFO - Successfully merged 12 new filings with existing JSON
2025-03-31 21:23:25,590 - sec_monitor - INFO - Cumulative stats - Input words: 1438594, Output words: 1573
2025-03-31 21:23:25,590 - sec_monitor - INFO - Successfully saved/merged output to output/sec_filings.json
2025-03-31 21:23:25,590 - sec_monitor - INFO - Processing complete. Stats: {'input_words': 498557, 'output_words': 814, 'filings_processed': 12}
