2025-03-19 11:09:22,853 - sec_monitor - INFO - Starting SEC filing monitor 
2025-03-19 11:09:22,853 - sec_monitor - INFO - Loading S&P 500 data...
2025-03-19 11:09:22,853 - sec_monitor - INFO - Starting S&P 500 data initialization
2025-03-19 11:09:22,854 - sec_monitor - INFO - Successfully loaded 503 S&P 500 tickers
2025-03-19 11:09:22,854 - sec_monitor - INFO - Successfully loaded 503 S&P 500 tickers
2025-03-19 11:09:22,854 - sec_monitor - INFO - Initializing components...
2025-03-19 11:09:22,854 - sec_monitor - INFO - Initializing components
2025-03-19 11:09:22,854 - sec_monitor - INFO - SEC fetcher initialized
2025-03-19 11:09:22,854 - sec_monitor - INFO - Filing analyzer initialized
2025-03-19 11:09:22,854 - sec_monitor - INFO - Alpaca clients initialized
2025-03-19 11:09:22,854 - sec_monitor - INFO - All components initialized successfully
2025-03-19 11:09:22,855 - sec_monitor - INFO - Found old JSON file, archiving
2025-03-19 11:09:22,856 - sec_monitor - INFO - Starting new filing collection for today
2025-03-19 11:09:22,856 - sec_monitor - INFO - Fetching SEC filings...
2025-03-19 11:09:38,187 - sec_monitor - INFO - No more entries found
2025-03-19 11:09:38,187 - sec_monitor - INFO - Completed fetching. Found 94 total filings
2025-03-19 11:09:38,187 - sec_monitor - INFO - Found 4 new interesting filings
2025-03-19 11:09:38,187 - sec_monitor - INFO - Found 4 new filings to process
2025-03-19 11:09:38,187 - sec_monitor - INFO - Processing filing 1/4: NWS
2025-03-19 11:10:08,883 - sec_monitor - INFO - ==================================================
2025-03-19 11:10:08,884 - sec_monitor - INFO - Processing first chunk
2025-03-19 11:10:08,884 - sec_monitor - INFO - Timestamp: 2025-03-19 11:10:08
2025-03-19 11:10:08,995 - sec_monitor - INFO - token percentage = 7%
2025-03-19 11:10:08,995 - sec_monitor - INFO - Making API call - Attempt 1/3
2025-03-19 11:10:08,995 - sec_monitor - INFO - Timestamp: 2025-03-19 11:10:08
2025-03-19 11:10:13,205 - sec_monitor - INFO - API call successful
2025-03-19 11:10:14,206 - sec_monitor - INFO - Processing filing 2/4: OMC
2025-03-19 11:10:44,711 - sec_monitor - INFO - ==================================================
2025-03-19 11:10:44,711 - sec_monitor - INFO - Processing first chunk
2025-03-19 11:10:44,712 - sec_monitor - INFO - Timestamp: 2025-03-19 11:10:44
2025-03-19 11:10:44,815 - sec_monitor - INFO - token percentage = 3%
2025-03-19 11:10:44,815 - sec_monitor - INFO - Making API call - Attempt 1/3
2025-03-19 11:10:44,816 - sec_monitor - INFO - Timestamp: 2025-03-19 11:10:44
2025-03-19 11:10:46,585 - sec_monitor - INFO - API call successful
2025-03-19 11:10:47,586 - sec_monitor - INFO - Processing filing 3/4: IPG
2025-03-19 11:11:17,954 - sec_monitor - INFO - ==================================================
2025-03-19 11:11:17,954 - sec_monitor - INFO - Processing first chunk
2025-03-19 11:11:17,954 - sec_monitor - INFO - Timestamp: 2025-03-19 11:11:17
2025-03-19 11:11:18,042 - sec_monitor - INFO - token percentage = 3%
2025-03-19 11:11:18,043 - sec_monitor - INFO - Making API call - Attempt 1/3
2025-03-19 11:11:18,043 - sec_monitor - INFO - Timestamp: 2025-03-19 11:11:18
2025-03-19 11:11:19,875 - sec_monitor - INFO - API call successful
2025-03-19 11:11:20,877 - sec_monitor - INFO - Processing filing 4/4: RSG
2025-03-19 11:11:52,118 - sec_monitor - INFO - ==================================================
2025-03-19 11:11:52,118 - sec_monitor - INFO - Processing first chunk
2025-03-19 11:11:52,118 - sec_monitor - INFO - Timestamp: 2025-03-19 11:11:52
2025-03-19 11:11:52,351 - sec_monitor - INFO - token percentage = 13%
2025-03-19 11:11:52,351 - sec_monitor - INFO - Making API call - Attempt 1/3
2025-03-19 11:11:52,351 - sec_monitor - INFO - Timestamp: 2025-03-19 11:11:52
2025-03-19 11:11:57,183 - sec_monitor - INFO - API call successful
2025-03-19 11:11:58,184 - sec_monitor - INFO - Fetching supplementary data...
2025-03-19 11:11:58,589 - sec_monitor - INFO - filing_tickers type: <class 'list'>
2025-03-19 11:11:58,589 - sec_monitor - INFO - filing_data type: <class 'list'>
2025-03-19 11:11:58,589 - sec_monitor - INFO - Market open: False
2025-03-19 11:11:58,589 - sec_monitor - INFO - Number of filing times mapped: 4
2025-03-19 11:11:58,610 - sec_monitor - INFO - Last trading day: 2025-03-19
2025-03-19 11:11:58,610 - sec_monitor - INFO - Processing ticker: NWS
2025-03-19 11:11:59,062 - sec_monitor - INFO - Number of bars for NWS: 4
2025-03-19 11:11:59,062 - sec_monitor - INFO - Last bar close for NWS: 30.7
2025-03-19 11:11:59,062 - sec_monitor - INFO - Outside market hours price for NWS: 30.7
2025-03-19 11:11:59,063 - sec_monitor - INFO - Processing ticker: OMC
2025-03-19 11:11:59,112 - sec_monitor - INFO - Number of bars for OMC: 4
2025-03-19 11:11:59,112 - sec_monitor - INFO - Last bar close for OMC: 81.44
2025-03-19 11:11:59,113 - sec_monitor - INFO - Outside market hours price for OMC: 81.44
2025-03-19 11:11:59,113 - sec_monitor - INFO - Processing ticker: IPG
2025-03-19 11:11:59,146 - sec_monitor - INFO - Number of bars for IPG: 4
2025-03-19 11:11:59,146 - sec_monitor - INFO - Last bar close for IPG: 26.57
2025-03-19 11:11:59,146 - sec_monitor - INFO - Outside market hours price for IPG: 26.57
2025-03-19 11:11:59,146 - sec_monitor - INFO - Processing ticker: RSG
2025-03-19 11:11:59,185 - sec_monitor - INFO - Number of bars for RSG: 4
2025-03-19 11:11:59,185 - sec_monitor - INFO - Last bar close for RSG: 233.93
2025-03-19 11:11:59,185 - sec_monitor - INFO - Outside market hours price for RSG: 233.93
2025-03-19 11:12:00,618 - sec_monitor - INFO - Generating final output...
2025-03-19 11:12:00,619 - sec_monitor - INFO - Successfully saved/merged output to output/sec_filings.json
2025-03-19 11:12:00,619 - sec_monitor - INFO - Processing complete. Stats: {'input_words': 55825, 'output_words': 300, 'filings_processed': 4}
