2025-04-04 11:09:26,012 - sec_monitor - INFO - Starting SEC filing monitor 
2025-04-04 11:09:26,012 - sec_monitor - INFO - Loading S&P 500 data...
2025-04-04 11:09:26,013 - sec_monitor - INFO - Starting S&P 500 data initialization
2025-04-04 11:09:26,013 - sec_monitor - INFO - Successfully loaded 503 S&P 500 tickers
2025-04-04 11:09:26,013 - sec_monitor - INFO - Successfully loaded 503 S&P 500 tickers
2025-04-04 11:09:26,013 - sec_monitor - INFO - Initializing components...
2025-04-04 11:09:26,013 - sec_monitor - INFO - Initializing components
2025-04-04 11:09:26,013 - sec_monitor - INFO - SEC fetcher initialized
2025-04-04 11:09:26,013 - sec_monitor - INFO - Filing analyzer initialized
2025-04-04 11:09:26,014 - sec_monitor - INFO - Alpaca clients initialized
2025-04-04 11:09:26,014 - sec_monitor - INFO - All components initialized successfully
2025-04-04 11:09:26,015 - sec_monitor - INFO - Found old JSON file, archiving
2025-04-04 11:09:26,015 - sec_monitor - INFO - Starting new filing collection for today
2025-04-04 11:09:26,015 - sec_monitor - INFO - Fetching SEC filings...
2025-04-04 11:09:41,031 - sec_monitor - INFO - No more entries found
2025-04-04 11:09:41,031 - sec_monitor - INFO - Completed fetching. Found 118 total filings
2025-04-04 11:09:41,032 - sec_monitor - INFO - Found 5 new interesting filings
2025-04-04 11:09:41,032 - sec_monitor - INFO - Found 5 new filings to process
2025-04-04 11:09:41,032 - sec_monitor - INFO - Processing filing 1/5: BG
2025-04-04 11:10:11,564 - sec_monitor - INFO - ==================================================
2025-04-04 11:10:11,564 - sec_monitor - INFO - Processing first chunk
2025-04-04 11:10:11,564 - sec_monitor - INFO - Timestamp: 2025-04-04 11:10:11
2025-04-04 11:10:11,697 - sec_monitor - INFO - token percentage = 4%
2025-04-04 11:10:11,697 - sec_monitor - INFO - Making API call - Attempt 1/3
2025-04-04 11:10:11,697 - sec_monitor - INFO - Timestamp: 2025-04-04 11:10:11
2025-04-04 11:10:15,162 - sec_monitor - INFO - API call successful
2025-04-04 11:10:16,164 - sec_monitor - INFO - Processing filing 2/5: ATO
2025-04-04 11:10:46,574 - sec_monitor - INFO - ==================================================
2025-04-04 11:10:46,574 - sec_monitor - INFO - Processing first chunk
2025-04-04 11:10:46,574 - sec_monitor - INFO - Timestamp: 2025-04-04 11:10:46
2025-04-04 11:10:46,664 - sec_monitor - INFO - token percentage = 3%
2025-04-04 11:10:46,664 - sec_monitor - INFO - Making API call - Attempt 1/3
2025-04-04 11:10:46,664 - sec_monitor - INFO - Timestamp: 2025-04-04 11:10:46
2025-04-04 11:10:48,382 - sec_monitor - INFO - API call successful
2025-04-04 11:10:49,383 - sec_monitor - INFO - Processing filing 3/5: FDS
2025-04-04 11:11:36,856 - sec_monitor - INFO - ==================================================
2025-04-04 11:11:36,857 - sec_monitor - INFO - Processing first chunk
2025-04-04 11:11:36,857 - sec_monitor - INFO - Timestamp: 2025-04-04 11:11:36
2025-04-04 11:11:38,209 - sec_monitor - INFO - token percentage = 47%
2025-04-04 11:11:38,209 - sec_monitor - INFO - Making API call - Attempt 1/3
2025-04-04 11:11:38,209 - sec_monitor - INFO - Timestamp: 2025-04-04 11:11:38
2025-04-04 11:11:54,193 - sec_monitor - INFO - API call successful
2025-04-04 11:12:24,224 - sec_monitor - INFO - ==================================================
2025-04-04 11:12:24,224 - sec_monitor - INFO - Processing middle chunk
2025-04-04 11:12:24,224 - sec_monitor - INFO - Timestamp: 2025-04-04 11:12:24
2025-04-04 11:12:25,121 - sec_monitor - INFO - token percentage = 56%
2025-04-04 11:12:25,121 - sec_monitor - INFO - Making API call - Attempt 1/3
2025-04-04 11:12:25,122 - sec_monitor - INFO - Timestamp: 2025-04-04 11:12:25
2025-04-04 11:12:43,224 - sec_monitor - INFO - API call successful
2025-04-04 11:13:13,255 - sec_monitor - INFO - ==================================================
2025-04-04 11:13:13,255 - sec_monitor - INFO - Processing last chunk
2025-04-04 11:13:13,255 - sec_monitor - INFO - Timestamp: 2025-04-04 11:13:13
2025-04-04 11:13:14,272 - sec_monitor - INFO - token percentage = 37%
2025-04-04 11:13:14,272 - sec_monitor - INFO - Making API call - Attempt 1/3
2025-04-04 11:13:14,272 - sec_monitor - INFO - Timestamp: 2025-04-04 11:13:14
2025-04-04 11:13:26,899 - sec_monitor - INFO - API call successful
2025-04-04 11:13:26,899 - sec_monitor - INFO - Making combine API call - Attempt 1/3
2025-04-04 11:13:26,899 - sec_monitor - INFO - Timestamp: 2025-04-04 11:13:26
2025-04-04 11:13:28,203 - sec_monitor - INFO - Combine API call successful
2025-04-04 11:13:29,205 - sec_monitor - INFO - Processing filing 4/5: NWS
2025-04-04 11:13:59,849 - sec_monitor - INFO - ==================================================
2025-04-04 11:13:59,850 - sec_monitor - INFO - Processing first chunk
2025-04-04 11:13:59,850 - sec_monitor - INFO - Timestamp: 2025-04-04 11:13:59
2025-04-04 11:13:59,964 - sec_monitor - INFO - token percentage = 7%
2025-04-04 11:13:59,964 - sec_monitor - INFO - Making API call - Attempt 1/3
2025-04-04 11:13:59,965 - sec_monitor - INFO - Timestamp: 2025-04-04 11:13:59
2025-04-04 11:14:03,927 - sec_monitor - INFO - API call successful
2025-04-04 11:14:04,928 - sec_monitor - INFO - Processing filing 5/5: DOV
2025-04-04 11:14:37,095 - sec_monitor - INFO - ==================================================
2025-04-04 11:14:37,095 - sec_monitor - INFO - Processing first chunk
2025-04-04 11:14:37,095 - sec_monitor - INFO - Timestamp: 2025-04-04 11:14:37
2025-04-04 11:14:37,852 - sec_monitor - INFO - token percentage = 20%
2025-04-04 11:14:37,852 - sec_monitor - INFO - Making API call - Attempt 1/3
2025-04-04 11:14:37,852 - sec_monitor - INFO - Timestamp: 2025-04-04 11:14:37
2025-04-04 11:14:45,216 - sec_monitor - INFO - API call successful
2025-04-04 11:14:46,217 - sec_monitor - INFO - Fetching supplementary data...
2025-04-04 11:14:47,406 - sec_monitor - INFO - filing_tickers type: <class 'list'>
2025-04-04 11:14:47,407 - sec_monitor - INFO - filing_data type: <class 'list'>
2025-04-04 11:14:47,407 - sec_monitor - INFO - Market open: False
2025-04-04 11:14:47,407 - sec_monitor - INFO - Number of filing times mapped: 5
2025-04-04 11:14:47,427 - sec_monitor - INFO - Last trading day: 2025-04-04
2025-04-04 11:14:47,427 - sec_monitor - INFO - Processing ticker: BG
2025-04-04 11:14:47,833 - sec_monitor - INFO - Number of bars for BG: 4
2025-04-04 11:14:47,834 - sec_monitor - INFO - Last bar close for BG: 78.2
2025-04-04 11:14:47,834 - sec_monitor - INFO - Outside market hours price for BG: 78.2
2025-04-04 11:14:47,834 - sec_monitor - INFO - Processing ticker: ATO
2025-04-04 11:14:47,863 - sec_monitor - INFO - Number of bars for ATO: 4
2025-04-04 11:14:47,863 - sec_monitor - INFO - Last bar close for ATO: 155.115
2025-04-04 11:14:47,863 - sec_monitor - INFO - Outside market hours price for ATO: 155.115
2025-04-04 11:14:47,863 - sec_monitor - INFO - Processing ticker: FDS
2025-04-04 11:14:47,892 - sec_monitor - INFO - Number of bars for FDS: 4
2025-04-04 11:14:47,892 - sec_monitor - INFO - Last bar close for FDS: 437.48
2025-04-04 11:14:47,892 - sec_monitor - INFO - Outside market hours price for FDS: 437.48
2025-04-04 11:14:47,892 - sec_monitor - INFO - Processing ticker: NWS
2025-04-04 11:14:47,921 - sec_monitor - INFO - Number of bars for NWS: 4
2025-04-04 11:14:47,921 - sec_monitor - INFO - Last bar close for NWS: 29.41
2025-04-04 11:14:47,921 - sec_monitor - INFO - Outside market hours price for NWS: 29.41
2025-04-04 11:14:47,922 - sec_monitor - INFO - Processing ticker: DOV
2025-04-04 11:14:47,948 - sec_monitor - INFO - Number of bars for DOV: 4
2025-04-04 11:14:47,948 - sec_monitor - INFO - Last bar close for DOV: 162.69
2025-04-04 11:14:47,949 - sec_monitor - INFO - Outside market hours price for DOV: 162.69
2025-04-04 11:14:49,491 - sec_monitor - INFO - Generating final output...
2025-04-04 11:14:49,492 - sec_monitor - INFO - Successfully saved/merged output to output/sec_filings.json
2025-04-04 11:14:49,492 - sec_monitor - INFO - Processing complete. Stats: {'input_words': 287176, 'output_words': 402, 'filings_processed': 5}
2025-04-04 12:38:14,903 - sec_monitor - INFO - Starting SEC filing monitor 
2025-04-04 12:38:14,903 - sec_monitor - INFO - Loading S&P 500 data...
2025-04-04 12:38:14,903 - sec_monitor - INFO - Starting S&P 500 data initialization
2025-04-04 12:38:14,903 - sec_monitor - INFO - Successfully loaded 503 S&P 500 tickers
2025-04-04 12:38:14,904 - sec_monitor - INFO - Successfully loaded 503 S&P 500 tickers
2025-04-04 12:38:14,904 - sec_monitor - INFO - Initializing components...
2025-04-04 12:38:14,904 - sec_monitor - INFO - Initializing components
2025-04-04 12:38:14,904 - sec_monitor - INFO - SEC fetcher initialized
2025-04-04 12:38:14,904 - sec_monitor - INFO - Filing analyzer initialized
2025-04-04 12:38:14,904 - sec_monitor - INFO - Alpaca clients initialized
2025-04-04 12:38:14,904 - sec_monitor - INFO - All components initialized successfully
2025-04-04 12:38:14,905 - sec_monitor - INFO - Found JSON file from today
2025-04-04 12:38:14,906 - sec_monitor - INFO - Found 5 previously processed accessions and 5 filing URLs
2025-04-04 12:38:14,906 - sec_monitor - INFO - Found 5 accession numbers and 5 URLs from previously processed filings
2025-04-04 12:38:14,906 - sec_monitor - INFO - Fetching SEC filings...
2025-04-04 12:38:48,105 - sec_monitor - INFO - No more entries found
2025-04-04 12:38:48,105 - sec_monitor - INFO - Completed fetching. Found 124 total filings
2025-04-04 12:38:48,105 - sec_monitor - INFO - Found 0 new interesting filings
2025-04-04 12:38:48,105 - sec_monitor - INFO - No new filings to process
