2025-03-03 11:09:38,900 - sec_monitor - INFO - Starting SEC filing monitor 
2025-03-03 11:09:38,900 - sec_monitor - INFO - Loading S&P 500 data...
2025-03-03 11:09:38,900 - sec_monitor - INFO - Starting S&P 500 data initialization
2025-03-03 11:09:38,900 - sec_monitor - INFO - Successfully loaded 503 S&P 500 tickers
2025-03-03 11:09:38,900 - sec_monitor - INFO - Successfully loaded 503 S&P 500 tickers
2025-03-03 11:09:38,901 - sec_monitor - INFO - Initializing components...
2025-03-03 11:09:38,901 - sec_monitor - INFO - Initializing components
2025-03-03 11:09:38,901 - sec_monitor - INFO - SEC fetcher initialized
2025-03-03 11:09:38,901 - sec_monitor - INFO - Filing analyzer initialized
2025-03-03 11:09:38,901 - sec_monitor - INFO - Alpaca clients initialized
2025-03-03 11:09:38,901 - sec_monitor - INFO - All components initialized successfully
2025-03-03 11:09:38,902 - sec_monitor - INFO - Found old JSON file, archiving
2025-03-03 11:09:38,902 - sec_monitor - INFO - Starting new filing collection for today
2025-03-03 11:09:38,903 - sec_monitor - INFO - Fetching SEC filings...
2025-03-03 11:09:39,021 - sec_monitor - INFO - Reached old filing, stopping. Found 2 total filings
2025-03-03 11:09:39,021 - sec_monitor - INFO - Found 1 new interesting filings
2025-03-03 11:09:39,021 - sec_monitor - INFO - Found 1 new filings to process
2025-03-03 11:09:39,021 - sec_monitor - INFO - Processing filing 1/1: AEE
2025-03-03 11:10:09,531 - sec_monitor - INFO - ==================================================
2025-03-03 11:10:09,531 - sec_monitor - INFO - Processing first chunk
2025-03-03 11:10:09,532 - sec_monitor - INFO - Timestamp: 2025-03-03 11:10:09
2025-03-03 11:10:09,626 - sec_monitor - INFO - token percentage = 4%
2025-03-03 11:10:09,626 - sec_monitor - INFO - Making API call - Attempt 1/3
2025-03-03 11:10:09,626 - sec_monitor - INFO - Timestamp: 2025-03-03 11:10:09
2025-03-03 11:10:12,543 - sec_monitor - INFO - API call successful
2025-03-03 11:10:13,544 - sec_monitor - INFO - Fetching supplementary data...
2025-03-03 11:10:14,038 - sec_monitor - INFO - filing_tickers type: <class 'list'>
2025-03-03 11:10:14,038 - sec_monitor - INFO - filing_data type: <class 'list'>
2025-03-03 11:10:14,038 - sec_monitor - INFO - Market open: False
2025-03-03 11:10:14,038 - sec_monitor - INFO - Number of filing times mapped: 1
2025-03-03 11:10:14,059 - sec_monitor - INFO - Last trading day: 2025-03-03
2025-03-03 11:10:14,060 - sec_monitor - INFO - Processing ticker: AEE
2025-03-03 11:10:14,432 - sec_monitor - INFO - Number of bars for AEE: 3
2025-03-03 11:10:14,432 - sec_monitor - INFO - Last bar close for AEE: 101.56
2025-03-03 11:10:14,433 - sec_monitor - INFO - Outside market hours price for AEE: 101.56
2025-03-03 11:10:14,801 - sec_monitor - INFO - Generating final output...
2025-03-03 11:10:14,802 - sec_monitor - INFO - Successfully saved/merged output to output/sec_filings.json
2025-03-03 11:10:14,802 - sec_monitor - INFO - Processing complete. Stats: {'input_words': 5399, 'output_words': 71, 'filings_processed': 1}
2025-03-03 12:37:12,969 - sec_monitor - INFO - Starting SEC filing monitor 
2025-03-03 12:37:12,969 - sec_monitor - INFO - Loading S&P 500 data...
2025-03-03 12:37:12,969 - sec_monitor - INFO - Starting S&P 500 data initialization
2025-03-03 12:37:12,970 - sec_monitor - INFO - Successfully loaded 503 S&P 500 tickers
2025-03-03 12:37:12,970 - sec_monitor - INFO - Successfully loaded 503 S&P 500 tickers
2025-03-03 12:37:12,970 - sec_monitor - INFO - Initializing components...
2025-03-03 12:37:12,970 - sec_monitor - INFO - Initializing components
2025-03-03 12:37:12,970 - sec_monitor - INFO - SEC fetcher initialized
2025-03-03 12:37:12,970 - sec_monitor - INFO - Filing analyzer initialized
2025-03-03 12:37:12,971 - sec_monitor - INFO - Alpaca clients initialized
2025-03-03 12:37:12,971 - sec_monitor - INFO - All components initialized successfully
2025-03-03 12:37:12,972 - sec_monitor - INFO - Found JSON file from today
2025-03-03 12:37:12,972 - sec_monitor - INFO - Found 1 previously processed accessions and 1 filing URLs
2025-03-03 12:37:12,972 - sec_monitor - INFO - Found 1 accession numbers and 1 URLs from previously processed filings
2025-03-03 12:37:12,972 - sec_monitor - INFO - Fetching SEC filings...
2025-03-03 12:37:15,161 - sec_monitor - INFO - Reached old filing, stopping. Found 10 total filings
2025-03-03 12:37:15,162 - sec_monitor - INFO - Found 4 new interesting filings
2025-03-03 12:37:15,162 - sec_monitor - INFO - Found 4 new filings to process
2025-03-03 12:37:15,162 - sec_monitor - INFO - Processing filing 1/4: HUM
2025-03-03 12:37:45,578 - sec_monitor - INFO - ==================================================
2025-03-03 12:37:45,579 - sec_monitor - INFO - Processing first chunk
2025-03-03 12:37:45,579 - sec_monitor - INFO - Timestamp: 2025-03-03 12:37:45
2025-03-03 12:37:45,647 - sec_monitor - INFO - token percentage = 2%
2025-03-03 12:37:45,647 - sec_monitor - INFO - Making API call - Attempt 1/3
2025-03-03 12:37:45,647 - sec_monitor - INFO - Timestamp: 2025-03-03 12:37:45
2025-03-03 12:37:47,407 - sec_monitor - INFO - API call successful
2025-03-03 12:37:48,408 - sec_monitor - INFO - Processing filing 2/4: KR
2025-03-03 12:38:18,814 - sec_monitor - INFO - ==================================================
2025-03-03 12:38:18,814 - sec_monitor - INFO - Processing first chunk
2025-03-03 12:38:18,814 - sec_monitor - INFO - Timestamp: 2025-03-03 12:38:18
2025-03-03 12:38:18,893 - sec_monitor - INFO - token percentage = 4%
2025-03-03 12:38:18,893 - sec_monitor - INFO - Making API call - Attempt 1/3
2025-03-03 12:38:18,893 - sec_monitor - INFO - Timestamp: 2025-03-03 12:38:18
2025-03-03 12:38:21,766 - sec_monitor - INFO - API call successful
2025-03-03 12:38:22,767 - sec_monitor - INFO - Processing filing 3/4: NWS
2025-03-03 12:38:53,403 - sec_monitor - INFO - ==================================================
2025-03-03 12:38:53,403 - sec_monitor - INFO - Processing first chunk
2025-03-03 12:38:53,403 - sec_monitor - INFO - Timestamp: 2025-03-03 12:38:53
2025-03-03 12:38:53,493 - sec_monitor - INFO - token percentage = 7%
2025-03-03 12:38:53,493 - sec_monitor - INFO - Making API call - Attempt 1/3
2025-03-03 12:38:53,494 - sec_monitor - INFO - Timestamp: 2025-03-03 12:38:53
2025-03-03 12:38:57,469 - sec_monitor - INFO - API call successful
2025-03-03 12:38:58,470 - sec_monitor - INFO - Processing filing 4/4: MCHP
2025-03-03 12:39:28,972 - sec_monitor - INFO - ==================================================
2025-03-03 12:39:28,972 - sec_monitor - INFO - Processing first chunk
2025-03-03 12:39:28,972 - sec_monitor - INFO - Timestamp: 2025-03-03 12:39:28
2025-03-03 12:39:29,052 - sec_monitor - INFO - token percentage = 6%
2025-03-03 12:39:29,053 - sec_monitor - INFO - Making API call - Attempt 1/3
2025-03-03 12:39:29,053 - sec_monitor - INFO - Timestamp: 2025-03-03 12:39:29
2025-03-03 12:39:32,034 - sec_monitor - INFO - API call successful
2025-03-03 12:39:33,035 - sec_monitor - INFO - Fetching supplementary data...
2025-03-03 12:39:33,365 - sec_monitor - INFO - filing_tickers type: <class 'list'>
2025-03-03 12:39:33,365 - sec_monitor - INFO - filing_data type: <class 'list'>
2025-03-03 12:39:33,365 - sec_monitor - INFO - Market open: False
2025-03-03 12:39:33,365 - sec_monitor - INFO - Number of filing times mapped: 4
2025-03-03 12:39:33,376 - sec_monitor - INFO - Last trading day: 2025-03-03
2025-03-03 12:39:33,376 - sec_monitor - INFO - Processing ticker: HUM
2025-03-03 12:39:33,931 - sec_monitor - INFO - Number of bars for HUM: 3
2025-03-03 12:39:33,931 - sec_monitor - INFO - Last bar close for HUM: 270.345
2025-03-03 12:39:33,931 - sec_monitor - INFO - Outside market hours price for HUM: 270.345
2025-03-03 12:39:33,931 - sec_monitor - INFO - Processing ticker: KR
2025-03-03 12:39:33,945 - sec_monitor - INFO - Number of bars for KR: 3
2025-03-03 12:39:33,945 - sec_monitor - INFO - Last bar close for KR: 64.79
2025-03-03 12:39:33,945 - sec_monitor - INFO - Outside market hours price for KR: 64.79
2025-03-03 12:39:33,945 - sec_monitor - INFO - Processing ticker: NWS
2025-03-03 12:39:33,957 - sec_monitor - INFO - Number of bars for NWS: 3
2025-03-03 12:39:33,957 - sec_monitor - INFO - Last bar close for NWS: 32.27
2025-03-03 12:39:33,958 - sec_monitor - INFO - Outside market hours price for NWS: 32.27
2025-03-03 12:39:33,958 - sec_monitor - INFO - Processing ticker: MCHP
2025-03-03 12:39:33,972 - sec_monitor - INFO - Number of bars for MCHP: 3
2025-03-03 12:39:33,972 - sec_monitor - INFO - Last bar close for MCHP: 58.9
2025-03-03 12:39:33,972 - sec_monitor - INFO - Outside market hours price for MCHP: 58.9
2025-03-03 12:39:35,471 - sec_monitor - INFO - Generating final output...
2025-03-03 12:39:35,471 - sec_monitor - INFO - Successfully merged 4 new filings with existing JSON
2025-03-03 12:39:35,471 - sec_monitor - INFO - Cumulative stats - Input words: 31859, Output words: 392
2025-03-03 12:39:35,471 - sec_monitor - INFO - Successfully saved/merged output to output/sec_filings.json
2025-03-03 12:39:35,471 - sec_monitor - INFO - Processing complete. Stats: {'input_words': 26460, 'output_words': 321, 'filings_processed': 4}
2025-03-03 13:27:36,937 - sec_monitor - INFO - Starting SEC filing monitor 
2025-03-03 13:27:36,937 - sec_monitor - INFO - Loading S&P 500 data...
2025-03-03 13:27:36,937 - sec_monitor - INFO - Starting S&P 500 data initialization
2025-03-03 13:27:36,938 - sec_monitor - INFO - Successfully loaded 503 S&P 500 tickers
2025-03-03 13:27:36,938 - sec_monitor - INFO - Successfully loaded 503 S&P 500 tickers
2025-03-03 13:27:36,938 - sec_monitor - INFO - Initializing components...
2025-03-03 13:27:36,938 - sec_monitor - INFO - Initializing components
2025-03-03 13:27:36,938 - sec_monitor - INFO - SEC fetcher initialized
2025-03-03 13:27:36,938 - sec_monitor - INFO - Filing analyzer initialized
2025-03-03 13:27:36,938 - sec_monitor - INFO - Alpaca clients initialized
2025-03-03 13:27:36,938 - sec_monitor - INFO - All components initialized successfully
2025-03-03 13:27:36,939 - sec_monitor - INFO - Found JSON file from today
2025-03-03 13:27:36,940 - sec_monitor - INFO - Found 5 previously processed accessions and 5 filing URLs
2025-03-03 13:27:36,940 - sec_monitor - INFO - Found 5 accession numbers and 5 URLs from previously processed filings
2025-03-03 13:27:36,940 - sec_monitor - INFO - Fetching SEC filings...
2025-03-03 13:27:40,327 - sec_monitor - INFO - Reached old filing, stopping. Found 13 total filings
2025-03-03 13:27:40,328 - sec_monitor - INFO - Found 2 new interesting filings
2025-03-03 13:27:40,328 - sec_monitor - INFO - Found 2 new filings to process
2025-03-03 13:27:40,328 - sec_monitor - INFO - Processing filing 1/2: HOLX
2025-03-03 13:28:10,779 - sec_monitor - INFO - ==================================================
2025-03-03 13:28:10,779 - sec_monitor - INFO - Processing first chunk
2025-03-03 13:28:10,779 - sec_monitor - INFO - Timestamp: 2025-03-03 13:28:10
2025-03-03 13:28:10,865 - sec_monitor - INFO - token percentage = 3%
2025-03-03 13:28:10,865 - sec_monitor - INFO - Making API call - Attempt 1/3
2025-03-03 13:28:10,865 - sec_monitor - INFO - Timestamp: 2025-03-03 13:28:10
2025-03-03 13:28:12,565 - sec_monitor - INFO - API call successful
2025-03-03 13:28:13,567 - sec_monitor - INFO - Processing filing 2/2: UPS
2025-03-03 13:28:44,138 - sec_monitor - INFO - ==================================================
2025-03-03 13:28:44,139 - sec_monitor - INFO - Processing first chunk
2025-03-03 13:28:44,139 - sec_monitor - INFO - Timestamp: 2025-03-03 13:28:44
2025-03-03 13:28:44,244 - sec_monitor - INFO - token percentage = 6%
2025-03-03 13:28:44,244 - sec_monitor - INFO - Making API call - Attempt 1/3
2025-03-03 13:28:44,244 - sec_monitor - INFO - Timestamp: 2025-03-03 13:28:44
2025-03-03 13:28:47,201 - sec_monitor - INFO - API call successful
2025-03-03 13:28:48,202 - sec_monitor - INFO - Fetching supplementary data...
2025-03-03 13:28:48,470 - sec_monitor - INFO - filing_tickers type: <class 'list'>
2025-03-03 13:28:48,470 - sec_monitor - INFO - filing_data type: <class 'list'>
2025-03-03 13:28:48,470 - sec_monitor - INFO - Market open: False
2025-03-03 13:28:48,470 - sec_monitor - INFO - Number of filing times mapped: 2
2025-03-03 13:28:48,491 - sec_monitor - INFO - Last trading day: 2025-03-03
2025-03-03 13:28:48,491 - sec_monitor - INFO - Processing ticker: HOLX
2025-03-03 13:28:48,843 - sec_monitor - INFO - Number of bars for HOLX: 3
2025-03-03 13:28:48,843 - sec_monitor - INFO - Last bar close for HOLX: 63.4
2025-03-03 13:28:48,843 - sec_monitor - INFO - Outside market hours price for HOLX: 63.4
2025-03-03 13:28:48,844 - sec_monitor - INFO - Processing ticker: UPS
2025-03-03 13:28:48,866 - sec_monitor - INFO - Number of bars for UPS: 3
2025-03-03 13:28:48,866 - sec_monitor - INFO - Last bar close for UPS: 118.96
2025-03-03 13:28:48,867 - sec_monitor - INFO - Outside market hours price for UPS: 118.96
2025-03-03 13:28:49,596 - sec_monitor - INFO - Generating final output...
2025-03-03 13:28:49,597 - sec_monitor - INFO - Successfully merged 2 new filings with existing JSON
2025-03-03 13:28:49,597 - sec_monitor - INFO - Cumulative stats - Input words: 42328, Output words: 530
2025-03-03 13:28:49,597 - sec_monitor - INFO - Successfully saved/merged output to output/sec_filings.json
2025-03-03 13:28:49,597 - sec_monitor - INFO - Processing complete. Stats: {'input_words': 10469, 'output_words': 138, 'filings_processed': 2}
2025-03-03 15:19:43,886 - sec_monitor - INFO - Starting SEC filing monitor 
2025-03-03 15:19:43,886 - sec_monitor - INFO - Loading S&P 500 data...
2025-03-03 15:19:43,886 - sec_monitor - INFO - Starting S&P 500 data initialization
2025-03-03 15:19:43,887 - sec_monitor - INFO - Successfully loaded 503 S&P 500 tickers
2025-03-03 15:19:43,887 - sec_monitor - INFO - Successfully loaded 503 S&P 500 tickers
2025-03-03 15:19:43,887 - sec_monitor - INFO - Initializing components...
2025-03-03 15:19:43,887 - sec_monitor - INFO - Initializing components
2025-03-03 15:19:43,887 - sec_monitor - INFO - SEC fetcher initialized
2025-03-03 15:19:43,887 - sec_monitor - INFO - Filing analyzer initialized
2025-03-03 15:19:43,887 - sec_monitor - INFO - Alpaca clients initialized
2025-03-03 15:19:43,887 - sec_monitor - INFO - All components initialized successfully
2025-03-03 15:19:43,888 - sec_monitor - INFO - Found JSON file from today
2025-03-03 15:19:43,889 - sec_monitor - INFO - Found 7 previously processed accessions and 7 filing URLs
2025-03-03 15:19:43,889 - sec_monitor - INFO - Found 7 accession numbers and 7 URLs from previously processed filings
2025-03-03 15:19:43,889 - sec_monitor - INFO - Fetching SEC filings...
2025-03-03 15:19:56,398 - sec_monitor - INFO - Reached old filing, stopping. Found 35 total filings
2025-03-03 15:19:56,399 - sec_monitor - INFO - Found 3 new interesting filings
2025-03-03 15:19:56,399 - sec_monitor - INFO - Found 3 new filings to process
2025-03-03 15:19:56,399 - sec_monitor - INFO - Processing filing 1/3: MTCH
2025-03-03 15:20:27,488 - sec_monitor - INFO - ==================================================
2025-03-03 15:20:27,488 - sec_monitor - INFO - Processing first chunk
2025-03-03 15:20:27,488 - sec_monitor - INFO - Timestamp: 2025-03-03 15:20:27
2025-03-03 15:20:27,758 - sec_monitor - INFO - token percentage = 6%
2025-03-03 15:20:27,758 - sec_monitor - INFO - Making API call - Attempt 1/3
2025-03-03 15:20:27,759 - sec_monitor - INFO - Timestamp: 2025-03-03 15:20:27
2025-03-03 15:20:31,481 - sec_monitor - INFO - API call successful
2025-03-03 15:20:32,482 - sec_monitor - INFO - Processing filing 2/3: BK
2025-03-03 15:21:03,181 - sec_monitor - INFO - ==================================================
2025-03-03 15:21:03,181 - sec_monitor - INFO - Processing first chunk
2025-03-03 15:21:03,181 - sec_monitor - INFO - Timestamp: 2025-03-03 15:21:03
2025-03-03 15:21:03,358 - sec_monitor - INFO - token percentage = 3%
2025-03-03 15:21:03,358 - sec_monitor - INFO - Making API call - Attempt 1/3
2025-03-03 15:21:03,358 - sec_monitor - INFO - Timestamp: 2025-03-03 15:21:03
2025-03-03 15:21:05,289 - sec_monitor - INFO - API call successful
2025-03-03 15:21:06,290 - sec_monitor - INFO - Processing filing 3/3: LVS
2025-03-03 15:21:36,783 - sec_monitor - INFO - ==================================================
2025-03-03 15:21:36,783 - sec_monitor - INFO - Processing first chunk
2025-03-03 15:21:36,784 - sec_monitor - INFO - Timestamp: 2025-03-03 15:21:36
2025-03-03 15:21:36,949 - sec_monitor - INFO - token percentage = 2%
2025-03-03 15:21:36,949 - sec_monitor - INFO - Making API call - Attempt 1/3
2025-03-03 15:21:36,949 - sec_monitor - INFO - Timestamp: 2025-03-03 15:21:36
2025-03-03 15:21:38,498 - sec_monitor - INFO - API call successful
2025-03-03 15:21:39,500 - sec_monitor - INFO - Fetching supplementary data...
2025-03-03 15:21:40,020 - sec_monitor - INFO - filing_tickers type: <class 'list'>
2025-03-03 15:21:40,020 - sec_monitor - INFO - filing_data type: <class 'list'>
2025-03-03 15:21:40,020 - sec_monitor - INFO - Market open: True
2025-03-03 15:21:40,021 - sec_monitor - INFO - Number of filing times mapped: 3
2025-03-03 15:21:40,093 - sec_monitor - INFO - Last trading day: 2025-03-03
2025-03-03 15:21:40,093 - sec_monitor - INFO - Processing ticker: MTCH
2025-03-03 15:21:40,718 - sec_monitor - INFO - Number of bars for MTCH: 3
2025-03-03 15:21:40,718 - sec_monitor - INFO - Last bar close for MTCH: 31.74
2025-03-03 15:21:40,718 - sec_monitor - INFO - Market open price for MTCH: 31.74, change: -0.5015673981191228%
2025-03-03 15:21:40,718 - sec_monitor - INFO - Processing ticker: BK
2025-03-03 15:21:40,795 - sec_monitor - INFO - Number of bars for BK: 3
2025-03-03 15:21:40,795 - sec_monitor - INFO - Last bar close for BK: 88.91
2025-03-03 15:21:40,795 - sec_monitor - INFO - Market open price for BK: 88.91, change: 2.295346027728229%
2025-03-03 15:21:40,795 - sec_monitor - INFO - Processing ticker: LVS
2025-03-03 15:21:40,872 - sec_monitor - INFO - Number of bars for LVS: 3
2025-03-03 15:21:40,872 - sec_monitor - INFO - Last bar close for LVS: 44.72
2025-03-03 15:21:40,872 - sec_monitor - INFO - Market open price for LVS: 44.72, change: 2.2405121170553195%
2025-03-03 15:21:42,207 - sec_monitor - INFO - Generating final output...
2025-03-03 15:21:42,208 - sec_monitor - INFO - Successfully merged 3 new filings with existing JSON
2025-03-03 15:21:42,208 - sec_monitor - INFO - Cumulative stats - Input words: 67162, Output words: 781
2025-03-03 15:21:42,208 - sec_monitor - INFO - Successfully saved/merged output to output/sec_filings.json
2025-03-03 15:21:42,208 - sec_monitor - INFO - Processing complete. Stats: {'input_words': 24834, 'output_words': 251, 'filings_processed': 3}
2025-03-03 18:20:31,428 - sec_monitor - INFO - Starting SEC filing monitor 
2025-03-03 18:20:31,428 - sec_monitor - INFO - Loading S&P 500 data...
2025-03-03 18:20:31,428 - sec_monitor - INFO - Starting S&P 500 data initialization
2025-03-03 18:20:31,429 - sec_monitor - INFO - Successfully loaded 503 S&P 500 tickers
2025-03-03 18:20:31,429 - sec_monitor - INFO - Successfully loaded 503 S&P 500 tickers
2025-03-03 18:20:31,429 - sec_monitor - INFO - Initializing components...
2025-03-03 18:20:31,429 - sec_monitor - INFO - Initializing components
2025-03-03 18:20:31,429 - sec_monitor - INFO - SEC fetcher initialized
2025-03-03 18:20:31,429 - sec_monitor - INFO - Filing analyzer initialized
2025-03-03 18:20:31,430 - sec_monitor - INFO - Alpaca clients initialized
2025-03-03 18:20:31,430 - sec_monitor - INFO - All components initialized successfully
2025-03-03 18:20:31,431 - sec_monitor - INFO - Found JSON file from today
2025-03-03 18:20:31,431 - sec_monitor - INFO - Found 10 previously processed accessions and 10 filing URLs
2025-03-03 18:20:31,431 - sec_monitor - INFO - Found 10 accession numbers and 10 URLs from previously processed filings
2025-03-03 18:20:31,431 - sec_monitor - INFO - Fetching SEC filings...
2025-03-03 18:22:21,415 - sec_monitor - INFO - No more entries found
2025-03-03 18:22:21,415 - sec_monitor - INFO - Completed fetching. Found 68 total filings
2025-03-03 18:22:21,415 - sec_monitor - INFO - Found 4 new interesting filings
2025-03-03 18:22:21,416 - sec_monitor - INFO - Found 4 new filings to process
2025-03-03 18:22:21,416 - sec_monitor - INFO - Processing filing 1/4: AEE
2025-03-03 18:22:52,715 - sec_monitor - INFO - ==================================================
2025-03-03 18:22:52,715 - sec_monitor - INFO - Processing first chunk
2025-03-03 18:22:52,716 - sec_monitor - INFO - Timestamp: 2025-03-03 18:22:52
2025-03-03 18:22:52,958 - sec_monitor - INFO - token percentage = 14%
2025-03-03 18:22:52,958 - sec_monitor - INFO - Making API call - Attempt 1/3
2025-03-03 18:22:52,958 - sec_monitor - INFO - Timestamp: 2025-03-03 18:22:52
2025-03-03 18:22:58,756 - sec_monitor - INFO - API call successful
2025-03-03 18:22:59,757 - sec_monitor - INFO - Processing filing 2/4: WTW
2025-03-03 18:23:30,149 - sec_monitor - INFO - ==================================================
2025-03-03 18:23:30,149 - sec_monitor - INFO - Processing first chunk
2025-03-03 18:23:30,149 - sec_monitor - INFO - Timestamp: 2025-03-03 18:23:30
2025-03-03 18:23:30,285 - sec_monitor - INFO - token percentage = 3%
2025-03-03 18:23:30,285 - sec_monitor - INFO - Making API call - Attempt 1/3
2025-03-03 18:23:30,285 - sec_monitor - INFO - Timestamp: 2025-03-03 18:23:30
2025-03-03 18:23:32,223 - sec_monitor - INFO - API call successful
2025-03-03 18:23:33,224 - sec_monitor - INFO - Processing filing 3/4: XYL
2025-03-03 18:25:06,670 - sec_monitor - INFO - ==================================================
2025-03-03 18:25:06,670 - sec_monitor - INFO - Processing first chunk
2025-03-03 18:25:06,670 - sec_monitor - INFO - Timestamp: 2025-03-03 18:25:06
2025-03-03 18:25:07,624 - sec_monitor - INFO - token percentage = 49%
2025-03-03 18:25:07,625 - sec_monitor - INFO - Making API call - Attempt 1/3
2025-03-03 18:25:07,625 - sec_monitor - INFO - Timestamp: 2025-03-03 18:25:07
2025-03-03 18:25:24,684 - sec_monitor - INFO - API call successful
2025-03-03 18:25:54,710 - sec_monitor - INFO - ==================================================
2025-03-03 18:25:54,710 - sec_monitor - INFO - Processing middle chunk
2025-03-03 18:25:54,710 - sec_monitor - INFO - Timestamp: 2025-03-03 18:25:54
2025-03-03 18:25:55,794 - sec_monitor - INFO - token percentage = 40%
2025-03-03 18:25:55,794 - sec_monitor - INFO - Making API call - Attempt 1/3
2025-03-03 18:25:55,794 - sec_monitor - INFO - Timestamp: 2025-03-03 18:25:55
2025-03-03 18:26:10,754 - sec_monitor - INFO - API call successful
2025-03-03 18:26:40,784 - sec_monitor - INFO - ==================================================
2025-03-03 18:26:40,785 - sec_monitor - INFO - Processing middle chunk
2025-03-03 18:26:40,785 - sec_monitor - INFO - Timestamp: 2025-03-03 18:26:40
2025-03-03 18:26:41,513 - sec_monitor - INFO - token percentage = 48%
2025-03-03 18:26:41,513 - sec_monitor - INFO - Making API call - Attempt 1/3
2025-03-03 18:26:41,514 - sec_monitor - INFO - Timestamp: 2025-03-03 18:26:41
2025-03-03 18:26:56,938 - sec_monitor - INFO - API call successful
2025-03-03 18:27:26,968 - sec_monitor - INFO - ==================================================
2025-03-03 18:27:26,969 - sec_monitor - INFO - Processing middle chunk
2025-03-03 18:27:26,969 - sec_monitor - INFO - Timestamp: 2025-03-03 18:27:26
2025-03-03 18:27:27,622 - sec_monitor - INFO - token percentage = 50%
2025-03-03 18:27:27,622 - sec_monitor - INFO - Making API call - Attempt 1/3
2025-03-03 18:27:27,622 - sec_monitor - INFO - Timestamp: 2025-03-03 18:27:27
2025-03-03 18:27:43,844 - sec_monitor - INFO - API call successful
2025-03-03 18:28:13,874 - sec_monitor - INFO - ==================================================
2025-03-03 18:28:13,874 - sec_monitor - INFO - Processing middle chunk
2025-03-03 18:28:13,874 - sec_monitor - INFO - Timestamp: 2025-03-03 18:28:13
2025-03-03 18:28:14,544 - sec_monitor - INFO - token percentage = 64%
2025-03-03 18:28:14,545 - sec_monitor - INFO - Making API call - Attempt 1/3
2025-03-03 18:28:14,545 - sec_monitor - INFO - Timestamp: 2025-03-03 18:28:14
2025-03-03 18:28:34,549 - sec_monitor - INFO - API call successful
2025-03-03 18:29:04,580 - sec_monitor - INFO - ==================================================
2025-03-03 18:29:04,580 - sec_monitor - INFO - Processing middle chunk
2025-03-03 18:29:04,580 - sec_monitor - INFO - Timestamp: 2025-03-03 18:29:04
2025-03-03 18:29:05,388 - sec_monitor - INFO - token percentage = 46%
2025-03-03 18:29:05,389 - sec_monitor - INFO - Making API call - Attempt 1/3
2025-03-03 18:29:05,389 - sec_monitor - INFO - Timestamp: 2025-03-03 18:29:05
2025-03-03 18:29:20,395 - sec_monitor - INFO - API call successful
2025-03-03 18:29:50,425 - sec_monitor - INFO - ==================================================
2025-03-03 18:29:50,425 - sec_monitor - INFO - Processing last chunk
2025-03-03 18:29:50,426 - sec_monitor - INFO - Timestamp: 2025-03-03 18:29:50
2025-03-03 18:29:51,279 - sec_monitor - INFO - token percentage = 52%
2025-03-03 18:29:51,279 - sec_monitor - INFO - Making API call - Attempt 1/3
2025-03-03 18:29:51,279 - sec_monitor - INFO - Timestamp: 2025-03-03 18:29:51
2025-03-03 18:30:07,883 - sec_monitor - INFO - API call successful
2025-03-03 18:30:07,884 - sec_monitor - INFO - Making combine API call - Attempt 1/3
2025-03-03 18:30:07,884 - sec_monitor - INFO - Timestamp: 2025-03-03 18:30:07
2025-03-03 18:30:09,099 - sec_monitor - INFO - Combine API call successful
2025-03-03 18:30:10,100 - sec_monitor - INFO - Processing filing 4/4: PGR
2025-03-03 18:31:45,946 - sec_monitor - INFO - ==================================================
2025-03-03 18:31:45,947 - sec_monitor - INFO - Processing first chunk
2025-03-03 18:31:45,947 - sec_monitor - INFO - Timestamp: 2025-03-03 18:31:45
2025-03-03 18:31:47,648 - sec_monitor - INFO - token percentage = 41%
2025-03-03 18:31:47,648 - sec_monitor - INFO - Making API call - Attempt 1/3
2025-03-03 18:31:47,648 - sec_monitor - INFO - Timestamp: 2025-03-03 18:31:47
2025-03-03 18:32:02,597 - sec_monitor - INFO - API call successful
2025-03-03 18:32:32,626 - sec_monitor - INFO - ==================================================
2025-03-03 18:32:32,626 - sec_monitor - INFO - Processing middle chunk
2025-03-03 18:32:32,626 - sec_monitor - INFO - Timestamp: 2025-03-03 18:32:32
2025-03-03 18:32:33,852 - sec_monitor - INFO - token percentage = 47%
2025-03-03 18:32:33,853 - sec_monitor - INFO - Making API call - Attempt 1/3
2025-03-03 18:32:33,853 - sec_monitor - INFO - Timestamp: 2025-03-03 18:32:33
2025-03-03 18:32:49,598 - sec_monitor - INFO - API call successful
2025-03-03 18:33:19,627 - sec_monitor - INFO - ==================================================
2025-03-03 18:33:19,627 - sec_monitor - INFO - Processing middle chunk
2025-03-03 18:33:19,627 - sec_monitor - INFO - Timestamp: 2025-03-03 18:33:19
2025-03-03 18:33:20,749 - sec_monitor - INFO - token percentage = 42%
2025-03-03 18:33:20,749 - sec_monitor - INFO - Making API call - Attempt 1/3
2025-03-03 18:33:20,749 - sec_monitor - INFO - Timestamp: 2025-03-03 18:33:20
2025-03-03 18:33:35,048 - sec_monitor - INFO - API call successful
2025-03-03 18:34:05,074 - sec_monitor - INFO - ==================================================
2025-03-03 18:34:05,074 - sec_monitor - INFO - Processing middle chunk
2025-03-03 18:34:05,074 - sec_monitor - INFO - Timestamp: 2025-03-03 18:34:05
2025-03-03 18:34:05,879 - sec_monitor - INFO - token percentage = 70%
2025-03-03 18:34:05,879 - sec_monitor - INFO - Making API call - Attempt 1/3
2025-03-03 18:34:05,879 - sec_monitor - INFO - Timestamp: 2025-03-03 18:34:05
2025-03-03 18:34:28,421 - sec_monitor - INFO - API call successful
2025-03-03 18:34:58,451 - sec_monitor - INFO - ==================================================
2025-03-03 18:34:58,451 - sec_monitor - INFO - Processing middle chunk
2025-03-03 18:34:58,451 - sec_monitor - INFO - Timestamp: 2025-03-03 18:34:58
2025-03-03 18:34:59,461 - sec_monitor - INFO - token percentage = 48%
2025-03-03 18:34:59,461 - sec_monitor - INFO - Making API call - Attempt 1/3
2025-03-03 18:34:59,461 - sec_monitor - INFO - Timestamp: 2025-03-03 18:34:59
2025-03-03 18:35:15,154 - sec_monitor - INFO - API call successful
2025-03-03 18:35:45,174 - sec_monitor - INFO - ==================================================
2025-03-03 18:35:45,175 - sec_monitor - INFO - Processing middle chunk
2025-03-03 18:35:45,175 - sec_monitor - INFO - Timestamp: 2025-03-03 18:35:45
2025-03-03 18:35:46,461 - sec_monitor - INFO - token percentage = 48%
2025-03-03 18:35:46,461 - sec_monitor - INFO - Making API call - Attempt 1/3
2025-03-03 18:35:46,461 - sec_monitor - INFO - Timestamp: 2025-03-03 18:35:46
2025-03-03 18:36:02,689 - sec_monitor - INFO - API call successful
2025-03-03 18:36:32,720 - sec_monitor - INFO - ==================================================
2025-03-03 18:36:32,720 - sec_monitor - INFO - Processing last chunk
2025-03-03 18:36:32,720 - sec_monitor - INFO - Timestamp: 2025-03-03 18:36:32
2025-03-03 18:36:33,453 - sec_monitor - INFO - token percentage = 52%
2025-03-03 18:36:33,453 - sec_monitor - INFO - Making API call - Attempt 1/3
2025-03-03 18:36:33,453 - sec_monitor - INFO - Timestamp: 2025-03-03 18:36:33
2025-03-03 18:36:50,035 - sec_monitor - INFO - API call successful
2025-03-03 18:36:50,035 - sec_monitor - INFO - Making combine API call - Attempt 1/3
2025-03-03 18:36:50,035 - sec_monitor - INFO - Timestamp: 2025-03-03 18:36:50
2025-03-03 18:36:50,997 - sec_monitor - INFO - Combine API call successful
2025-03-03 18:36:51,998 - sec_monitor - INFO - Fetching supplementary data...
2025-03-03 18:36:52,523 - sec_monitor - INFO - filing_tickers type: <class 'list'>
2025-03-03 18:36:52,523 - sec_monitor - INFO - filing_data type: <class 'list'>
2025-03-03 18:36:52,523 - sec_monitor - INFO - Market open: True
2025-03-03 18:36:52,523 - sec_monitor - INFO - Number of filing times mapped: 4
2025-03-03 18:36:52,533 - sec_monitor - INFO - Last trading day: 2025-03-03
2025-03-03 18:36:52,533 - sec_monitor - INFO - Processing ticker: AEE
2025-03-03 18:36:52,737 - sec_monitor - INFO - Number of bars for AEE: 3
2025-03-03 18:36:52,737 - sec_monitor - INFO - Last bar close for AEE: 101.56
2025-03-03 18:36:52,737 - sec_monitor - INFO - Market open price for AEE: 101.56, change: 2.080611116695153%
2025-03-03 18:36:52,737 - sec_monitor - INFO - Processing ticker: WTW
2025-03-03 18:36:52,753 - sec_monitor - INFO - Number of bars for WTW: 3
2025-03-03 18:36:52,753 - sec_monitor - INFO - Last bar close for WTW: 339.7
2025-03-03 18:36:52,753 - sec_monitor - INFO - Market open price for WTW: 339.7, change: 1.4105530263452393%
2025-03-03 18:36:52,753 - sec_monitor - INFO - Processing ticker: XYL
2025-03-03 18:36:52,767 - sec_monitor - INFO - Number of bars for XYL: 3
2025-03-03 18:36:52,767 - sec_monitor - INFO - Last bar close for XYL: 130.93
2025-03-03 18:36:52,768 - sec_monitor - INFO - Market open price for XYL: 130.93, change: 1.637944418568556%
2025-03-03 18:36:52,768 - sec_monitor - INFO - Processing ticker: PGR
2025-03-03 18:36:52,782 - sec_monitor - INFO - Number of bars for PGR: 3
2025-03-03 18:36:52,782 - sec_monitor - INFO - Last bar close for PGR: 282.015
2025-03-03 18:36:52,782 - sec_monitor - INFO - Market open price for PGR: 282.015, change: 1.1531563845050126%
2025-03-03 18:36:53,975 - sec_monitor - INFO - Generating final output...
2025-03-03 18:36:53,976 - sec_monitor - INFO - Successfully merged 4 new filings with existing JSON
2025-03-03 18:36:53,976 - sec_monitor - INFO - Cumulative stats - Input words: 1057242, Output words: 1068
2025-03-03 18:36:53,976 - sec_monitor - INFO - Successfully saved/merged output to output/sec_filings.json
2025-03-03 18:36:53,976 - sec_monitor - INFO - Processing complete. Stats: {'input_words': 990080, 'output_words': 287, 'filings_processed': 4}
2025-03-03 21:10:27,371 - sec_monitor - INFO - Starting SEC filing monitor 
2025-03-03 21:10:27,371 - sec_monitor - INFO - Loading S&P 500 data...
2025-03-03 21:10:27,371 - sec_monitor - INFO - Starting S&P 500 data initialization
2025-03-03 21:10:27,372 - sec_monitor - INFO - Successfully loaded 503 S&P 500 tickers
2025-03-03 21:10:27,372 - sec_monitor - INFO - Successfully loaded 503 S&P 500 tickers
2025-03-03 21:10:27,372 - sec_monitor - INFO - Initializing components...
2025-03-03 21:10:27,372 - sec_monitor - INFO - Initializing components
2025-03-03 21:10:27,372 - sec_monitor - INFO - SEC fetcher initialized
2025-03-03 21:10:27,372 - sec_monitor - INFO - Filing analyzer initialized
2025-03-03 21:10:27,373 - sec_monitor - INFO - Alpaca clients initialized
2025-03-03 21:10:27,373 - sec_monitor - INFO - All components initialized successfully
2025-03-03 21:10:27,374 - sec_monitor - INFO - Found JSON file from today
2025-03-03 21:10:27,374 - sec_monitor - INFO - Found 14 previously processed accessions and 14 filing URLs
2025-03-03 21:10:27,374 - sec_monitor - INFO - Found 14 accession numbers and 14 URLs from previously processed filings
2025-03-03 21:10:27,374 - sec_monitor - INFO - Fetching SEC filings...
2025-03-03 21:11:09,826 - sec_monitor - INFO - No more entries found
2025-03-03 21:11:09,826 - sec_monitor - INFO - Completed fetching. Found 77 total filings
2025-03-03 21:11:09,826 - sec_monitor - INFO - Found 4 new interesting filings
2025-03-03 21:11:09,826 - sec_monitor - INFO - Found 4 new filings to process
2025-03-03 21:11:09,827 - sec_monitor - INFO - Processing filing 1/4: LNT
2025-03-03 21:11:41,616 - sec_monitor - INFO - ==================================================
2025-03-03 21:11:41,617 - sec_monitor - INFO - Processing first chunk
2025-03-03 21:11:41,617 - sec_monitor - INFO - Timestamp: 2025-03-03 21:11:41
2025-03-03 21:11:42,209 - sec_monitor - INFO - token percentage = 16%
2025-03-03 21:11:42,209 - sec_monitor - INFO - Making API call - Attempt 1/3
2025-03-03 21:11:42,209 - sec_monitor - INFO - Timestamp: 2025-03-03 21:11:42
2025-03-03 21:11:48,475 - sec_monitor - INFO - API call successful
2025-03-03 21:11:49,477 - sec_monitor - INFO - Processing filing 2/4: WMB
2025-03-03 21:12:20,014 - sec_monitor - INFO - ==================================================
2025-03-03 21:12:20,015 - sec_monitor - INFO - Processing first chunk
2025-03-03 21:12:20,015 - sec_monitor - INFO - Timestamp: 2025-03-03 21:12:20
2025-03-03 21:12:20,188 - sec_monitor - INFO - token percentage = 2%
2025-03-03 21:12:20,188 - sec_monitor - INFO - Making API call - Attempt 1/3
2025-03-03 21:12:20,188 - sec_monitor - INFO - Timestamp: 2025-03-03 21:12:20
2025-03-03 21:12:22,118 - sec_monitor - INFO - API call successful
2025-03-03 21:12:23,120 - sec_monitor - INFO - Processing filing 3/4: MOS
2025-03-03 21:20:00,084 - sec_monitor - ERROR - Error processing filing MOS: 400 Request payload size exceeds the limit: 20971520 bytes.
2025-03-03 21:20:00,084 - sec_monitor - INFO - Processing filing 4/4: MPWR
2025-03-03 21:21:21,605 - sec_monitor - INFO - ==================================================
2025-03-03 21:21:21,605 - sec_monitor - INFO - Processing first chunk
2025-03-03 21:21:21,605 - sec_monitor - INFO - Timestamp: 2025-03-03 21:21:21
2025-03-03 21:21:22,907 - sec_monitor - INFO - token percentage = 41%
2025-03-03 21:21:22,907 - sec_monitor - INFO - Making API call - Attempt 1/3
2025-03-03 21:21:22,907 - sec_monitor - INFO - Timestamp: 2025-03-03 21:21:22
2025-03-03 21:21:36,765 - sec_monitor - INFO - API call successful
2025-03-03 21:22:06,795 - sec_monitor - INFO - ==================================================
2025-03-03 21:22:06,795 - sec_monitor - INFO - Processing middle chunk
2025-03-03 21:22:06,795 - sec_monitor - INFO - Timestamp: 2025-03-03 21:22:06
2025-03-03 21:22:07,684 - sec_monitor - INFO - token percentage = 52%
2025-03-03 21:22:07,684 - sec_monitor - INFO - Making API call - Attempt 1/3
2025-03-03 21:22:07,685 - sec_monitor - INFO - Timestamp: 2025-03-03 21:22:07
2025-03-03 21:22:24,813 - sec_monitor - INFO - API call successful
2025-03-03 21:22:54,831 - sec_monitor - INFO - ==================================================
2025-03-03 21:22:54,831 - sec_monitor - INFO - Processing middle chunk
2025-03-03 21:22:54,831 - sec_monitor - INFO - Timestamp: 2025-03-03 21:22:54
2025-03-03 21:22:56,106 - sec_monitor - INFO - token percentage = 57%
2025-03-03 21:22:56,106 - sec_monitor - INFO - Making API call - Attempt 1/3
2025-03-03 21:22:56,106 - sec_monitor - INFO - Timestamp: 2025-03-03 21:22:56
2025-03-03 21:23:15,476 - sec_monitor - INFO - API call successful
2025-03-03 21:23:45,504 - sec_monitor - INFO - ==================================================
2025-03-03 21:23:45,504 - sec_monitor - INFO - Processing last chunk
2025-03-03 21:23:45,504 - sec_monitor - INFO - Timestamp: 2025-03-03 21:23:45
2025-03-03 21:23:46,039 - sec_monitor - INFO - token percentage = 20%
2025-03-03 21:23:46,039 - sec_monitor - INFO - Making API call - Attempt 1/3
2025-03-03 21:23:46,039 - sec_monitor - INFO - Timestamp: 2025-03-03 21:23:46
2025-03-03 21:23:53,488 - sec_monitor - INFO - API call successful
2025-03-03 21:23:53,489 - sec_monitor - INFO - Making combine API call - Attempt 1/3
2025-03-03 21:23:53,489 - sec_monitor - INFO - Timestamp: 2025-03-03 21:23:53
2025-03-03 21:23:54,675 - sec_monitor - INFO - Combine API call successful
2025-03-03 21:23:55,677 - sec_monitor - INFO - Fetching supplementary data...
2025-03-03 21:23:56,335 - sec_monitor - INFO - filing_tickers type: <class 'list'>
2025-03-03 21:23:56,335 - sec_monitor - INFO - filing_data type: <class 'list'>
2025-03-03 21:23:56,335 - sec_monitor - INFO - Market open: False
2025-03-03 21:23:56,335 - sec_monitor - INFO - Number of filing times mapped: 4
2025-03-03 21:23:56,407 - sec_monitor - INFO - Last trading day: 2025-03-03
2025-03-03 21:23:56,408 - sec_monitor - INFO - Processing ticker: LNT
2025-03-03 21:23:56,982 - sec_monitor - INFO - Number of bars for LNT: 3
2025-03-03 21:23:56,982 - sec_monitor - INFO - Last bar close for LNT: 64.535
2025-03-03 21:23:56,982 - sec_monitor - INFO - Outside market hours price for LNT: 64.535
2025-03-03 21:23:56,982 - sec_monitor - INFO - Processing ticker: WMB
2025-03-03 21:23:57,063 - sec_monitor - INFO - Number of bars for WMB: 3
2025-03-03 21:23:57,063 - sec_monitor - INFO - Last bar close for WMB: 58.17
2025-03-03 21:23:57,063 - sec_monitor - INFO - Outside market hours price for WMB: 58.17
2025-03-03 21:23:57,063 - sec_monitor - INFO - Processing ticker: MOS
2025-03-03 21:23:57,141 - sec_monitor - INFO - Number of bars for MOS: 3
2025-03-03 21:23:57,142 - sec_monitor - INFO - Last bar close for MOS: 23.905
2025-03-03 21:23:57,142 - sec_monitor - INFO - Same-day filing price for MOS: 23.905, change: -4.722997210043837%
2025-03-03 21:23:57,142 - sec_monitor - INFO - Processing ticker: MPWR
2025-03-03 21:23:57,218 - sec_monitor - INFO - Number of bars for MPWR: 3
2025-03-03 21:23:57,219 - sec_monitor - INFO - Last bar close for MPWR: 609.89
2025-03-03 21:23:57,219 - sec_monitor - INFO - Same-day filing price for MPWR: 609.89, change: 0.11655011655012254%
2025-03-03 21:23:58,718 - sec_monitor - INFO - Generating final output...
2025-03-03 21:23:58,719 - sec_monitor - INFO - Successfully merged 4 new filings with existing JSON
2025-03-03 21:23:58,719 - sec_monitor - INFO - Cumulative stats - Input words: 3275215, Output words: 1313
2025-03-03 21:23:58,719 - sec_monitor - INFO - Successfully saved/merged output to output/sec_filings.json
2025-03-03 21:23:58,720 - sec_monitor - INFO - Processing complete. Stats: {'input_words': 2217973, 'output_words': 245, 'filings_processed': 4}
