2025-07-28 11:11:25,862 - sec_monitor - INFO - Starting SEC filing monitor 
2025-07-28 11:11:25,862 - sec_monitor - INFO - Loading S&P 500 data...
2025-07-28 11:11:25,863 - sec_monitor - INFO - Starting S&P 500 data initialization
2025-07-28 11:11:25,863 - sec_monitor - INFO - Successfully loaded 503 S&P 500 tickers
2025-07-28 11:11:25,863 - sec_monitor - INFO - Successfully loaded 503 S&P 500 tickers
2025-07-28 11:11:25,863 - sec_monitor - INFO - Initializing components...
2025-07-28 11:11:25,863 - sec_monitor - INFO - Initializing components
2025-07-28 11:11:25,863 - sec_monitor - INFO - SEC fetcher initialized
2025-07-28 11:11:25,864 - sec_monitor - INFO - Filing analyzer initialized
2025-07-28 11:11:25,864 - sec_monitor - INFO - Alpaca clients initialized
2025-07-28 11:11:25,864 - sec_monitor - INFO - All components initialized successfully
2025-07-28 11:11:25,865 - sec_monitor - INFO - Found old JSON file, archiving
2025-07-28 11:11:25,865 - sec_monitor - INFO - Starting new filing collection for today
2025-07-28 11:11:25,865 - sec_monitor - INFO - Fetching SEC filings...
2025-07-28 11:11:26,018 - sec_monitor - INFO - Reached old filing, stopping. Found 1 total filings
2025-07-28 11:11:26,018 - sec_monitor - INFO - Found 0 new interesting filings
2025-07-28 11:11:26,018 - sec_monitor - INFO - No new filings to process
2025-07-28 12:49:02,608 - sec_monitor - INFO - Starting SEC filing monitor 
2025-07-28 12:49:02,608 - sec_monitor - INFO - Loading S&P 500 data...
2025-07-28 12:49:02,608 - sec_monitor - INFO - Starting S&P 500 data initialization
2025-07-28 12:49:02,608 - sec_monitor - INFO - Successfully loaded 503 S&P 500 tickers
2025-07-28 12:49:02,608 - sec_monitor - INFO - Successfully loaded 503 S&P 500 tickers
2025-07-28 12:49:02,608 - sec_monitor - INFO - Initializing components...
2025-07-28 12:49:02,608 - sec_monitor - INFO - Initializing components
2025-07-28 12:49:02,609 - sec_monitor - INFO - SEC fetcher initialized
2025-07-28 12:49:02,609 - sec_monitor - INFO - Filing analyzer initialized
2025-07-28 12:49:02,609 - sec_monitor - INFO - Alpaca clients initialized
2025-07-28 12:49:02,609 - sec_monitor - INFO - All components initialized successfully
2025-07-28 12:49:02,609 - sec_monitor - INFO - No existing JSON file found
2025-07-28 12:49:02,609 - sec_monitor - INFO - Starting new filing collection for today
2025-07-28 12:49:02,609 - sec_monitor - INFO - Fetching SEC filings...
2025-07-28 12:49:03,637 - sec_monitor - INFO - Reached old filing, stopping. Found 4 total filings
2025-07-28 12:49:03,638 - sec_monitor - INFO - Found 2 new interesting filings
2025-07-28 12:49:03,638 - sec_monitor - INFO - Found 2 new filings to process
2025-07-28 12:49:03,638 - sec_monitor - INFO - Processing filing 1/2: ZBRA
2025-07-28 12:49:34,128 - sec_monitor - INFO - ==================================================
2025-07-28 12:49:34,129 - sec_monitor - INFO - Processing first chunk
2025-07-28 12:49:34,129 - sec_monitor - INFO - Timestamp: 2025-07-28 12:49:34
2025-07-28 12:49:34,237 - sec_monitor - INFO - token percentage = 3%
2025-07-28 12:49:34,237 - sec_monitor - INFO - Making API call - Attempt 1/3
2025-07-28 12:49:34,237 - sec_monitor - INFO - Timestamp: 2025-07-28 12:49:34
2025-07-28 12:49:38,133 - sec_monitor - INFO - API call successful
2025-07-28 12:49:39,135 - sec_monitor - INFO - Processing filing 2/2: RVTY
2025-07-28 12:50:10,026 - sec_monitor - INFO - ==================================================
2025-07-28 12:50:10,026 - sec_monitor - INFO - Processing first chunk
2025-07-28 12:50:10,026 - sec_monitor - INFO - Timestamp: 2025-07-28 12:50:10
2025-07-28 12:50:10,179 - sec_monitor - INFO - token percentage = 5%
2025-07-28 12:50:10,180 - sec_monitor - INFO - Making API call - Attempt 1/3
2025-07-28 12:50:10,180 - sec_monitor - INFO - Timestamp: 2025-07-28 12:50:10
2025-07-28 12:50:16,127 - sec_monitor - INFO - API call successful
2025-07-28 12:50:17,128 - sec_monitor - INFO - Fetching supplementary data...
2025-07-28 12:50:17,208 - sec_monitor - INFO - filing_tickers type: <class 'list'>
2025-07-28 12:50:17,208 - sec_monitor - INFO - filing_data type: <class 'list'>
2025-07-28 12:50:17,208 - sec_monitor - INFO - Market open: False
2025-07-28 12:50:17,208 - sec_monitor - INFO - Number of filing times mapped: 2
2025-07-28 12:50:17,290 - sec_monitor - INFO - Last trading day: 2025-07-28
2025-07-28 12:50:17,290 - sec_monitor - INFO - Processing ticker: ZBRA
2025-07-28 12:50:17,370 - sec_monitor - INFO - Number of bars for ZBRA: 3
2025-07-28 12:50:17,370 - sec_monitor - INFO - Last bar close for ZBRA: 335.77
2025-07-28 12:50:17,370 - sec_monitor - INFO - Outside market hours price for ZBRA: 335.77
2025-07-28 12:50:17,370 - sec_monitor - INFO - Processing ticker: RVTY
2025-07-28 12:50:17,381 - sec_monitor - INFO - Number of bars for RVTY: 3
2025-07-28 12:50:17,381 - sec_monitor - INFO - Last bar close for RVTY: 103.65
2025-07-28 12:50:17,381 - sec_monitor - INFO - Outside market hours price for RVTY: 103.65
2025-07-28 12:50:17,896 - sec_monitor - INFO - Generating final output...
2025-07-28 12:50:17,897 - sec_monitor - INFO - Successfully saved/merged output to output/sec_filings.json
2025-07-28 12:50:17,897 - sec_monitor - INFO - Processing complete. Stats: {'input_words': 12523, 'output_words': 136, 'filings_processed': 2}
2025-07-28 13:41:26,258 - sec_monitor - INFO - Starting SEC filing monitor 
2025-07-28 13:41:26,258 - sec_monitor - INFO - Loading S&P 500 data...
2025-07-28 13:41:26,258 - sec_monitor - INFO - Starting S&P 500 data initialization
2025-07-28 13:41:26,259 - sec_monitor - INFO - Successfully loaded 503 S&P 500 tickers
2025-07-28 13:41:26,259 - sec_monitor - INFO - Successfully loaded 503 S&P 500 tickers
2025-07-28 13:41:26,259 - sec_monitor - INFO - Initializing components...
2025-07-28 13:41:26,259 - sec_monitor - INFO - Initializing components
2025-07-28 13:41:26,259 - sec_monitor - INFO - SEC fetcher initialized
2025-07-28 13:41:26,259 - sec_monitor - INFO - Filing analyzer initialized
2025-07-28 13:41:26,260 - sec_monitor - INFO - Alpaca clients initialized
2025-07-28 13:41:26,260 - sec_monitor - INFO - All components initialized successfully
2025-07-28 13:41:26,261 - sec_monitor - INFO - Found JSON file from today
2025-07-28 13:41:26,261 - sec_monitor - INFO - Found 2 previously processed accessions and 2 filing URLs
2025-07-28 13:41:26,261 - sec_monitor - INFO - Found 2 accession numbers and 2 URLs from previously processed filings
2025-07-28 13:41:26,261 - sec_monitor - INFO - Fetching SEC filings...
2025-07-28 13:41:29,435 - sec_monitor - INFO - Reached old filing, stopping. Found 4 total filings
2025-07-28 13:41:29,436 - sec_monitor - INFO - Found 0 new interesting filings
2025-07-28 13:41:29,436 - sec_monitor - INFO - No new filings to process
2025-07-28 15:24:39,644 - sec_monitor - INFO - Starting SEC filing monitor 
2025-07-28 15:24:39,644 - sec_monitor - INFO - Loading S&P 500 data...
2025-07-28 15:24:39,644 - sec_monitor - INFO - Starting S&P 500 data initialization
2025-07-28 15:24:39,645 - sec_monitor - INFO - Successfully loaded 503 S&P 500 tickers
2025-07-28 15:24:39,645 - sec_monitor - INFO - Successfully loaded 503 S&P 500 tickers
2025-07-28 15:24:39,645 - sec_monitor - INFO - Initializing components...
2025-07-28 15:24:39,645 - sec_monitor - INFO - Initializing components
2025-07-28 15:24:39,645 - sec_monitor - INFO - SEC fetcher initialized
2025-07-28 15:24:39,645 - sec_monitor - INFO - Filing analyzer initialized
2025-07-28 15:24:39,646 - sec_monitor - INFO - Alpaca clients initialized
2025-07-28 15:24:39,646 - sec_monitor - INFO - All components initialized successfully
2025-07-28 15:24:39,647 - sec_monitor - INFO - Found JSON file from today
2025-07-28 15:24:39,647 - sec_monitor - INFO - Found 2 previously processed accessions and 2 filing URLs
2025-07-28 15:24:39,647 - sec_monitor - INFO - Found 2 accession numbers and 2 URLs from previously processed filings
2025-07-28 15:24:39,647 - sec_monitor - INFO - Fetching SEC filings...
2025-07-28 15:24:51,135 - sec_monitor - INFO - Reached old filing, stopping. Found 17 total filings
2025-07-28 15:24:51,135 - sec_monitor - INFO - Found 0 new interesting filings
2025-07-28 15:24:51,136 - sec_monitor - INFO - No new filings to process
