2025-03-13 11:09:53,768 - sec_monitor - INFO - Starting SEC filing monitor 
2025-03-13 11:09:53,768 - sec_monitor - INFO - Loading S&P 500 data...
2025-03-13 11:09:53,768 - sec_monitor - INFO - Starting S&P 500 data initialization
2025-03-13 11:09:53,768 - sec_monitor - INFO - Successfully loaded 503 S&P 500 tickers
2025-03-13 11:09:53,769 - sec_monitor - INFO - Successfully loaded 503 S&P 500 tickers
2025-03-13 11:09:53,769 - sec_monitor - INFO - Initializing components...
2025-03-13 11:09:53,769 - sec_monitor - INFO - Initializing components
2025-03-13 11:09:53,769 - sec_monitor - INFO - SEC fetcher initialized
2025-03-13 11:09:53,769 - sec_monitor - INFO - Filing analyzer initialized
2025-03-13 11:09:53,769 - sec_monitor - INFO - Alpaca clients initialized
2025-03-13 11:09:53,769 - sec_monitor - INFO - All components initialized successfully
2025-03-13 11:09:53,770 - sec_monitor - INFO - Found old JSON file, archiving
2025-03-13 11:09:53,771 - sec_monitor - INFO - Starting new filing collection for today
2025-03-13 11:09:53,771 - sec_monitor - INFO - Fetching SEC filings...
2025-03-13 11:10:08,415 - sec_monitor - INFO - No more entries found
2025-03-13 11:10:08,415 - sec_monitor - INFO - Completed fetching. Found 112 total filings
2025-03-13 11:10:08,416 - sec_monitor - INFO - Found 11 new interesting filings
2025-03-13 11:10:08,416 - sec_monitor - INFO - Found 11 new filings to process
2025-03-13 11:10:08,416 - sec_monitor - INFO - Processing filing 1/11: DG
2025-03-13 11:10:39,315 - sec_monitor - INFO - ==================================================
2025-03-13 11:10:39,315 - sec_monitor - INFO - Processing first chunk
2025-03-13 11:10:39,315 - sec_monitor - INFO - Timestamp: 2025-03-13 11:10:39
2025-03-13 11:10:39,460 - sec_monitor - INFO - token percentage = 7%
2025-03-13 11:10:39,460 - sec_monitor - INFO - Making API call - Attempt 1/3
2025-03-13 11:10:39,460 - sec_monitor - INFO - Timestamp: 2025-03-13 11:10:39
2025-03-13 11:10:44,018 - sec_monitor - INFO - API call successful
2025-03-13 11:10:45,019 - sec_monitor - INFO - Processing filing 2/11: RCL
2025-03-13 11:11:15,679 - sec_monitor - INFO - ==================================================
2025-03-13 11:11:15,679 - sec_monitor - INFO - Processing first chunk
2025-03-13 11:11:15,679 - sec_monitor - INFO - Timestamp: 2025-03-13 11:11:15
2025-03-13 11:11:15,855 - sec_monitor - INFO - token percentage = 7%
2025-03-13 11:11:15,855 - sec_monitor - INFO - Making API call - Attempt 1/3
2025-03-13 11:11:15,855 - sec_monitor - INFO - Timestamp: 2025-03-13 11:11:15
2025-03-13 11:11:19,568 - sec_monitor - INFO - API call successful
2025-03-13 11:11:20,569 - sec_monitor - INFO - Processing filing 3/11: IFF
2025-03-13 11:11:51,008 - sec_monitor - INFO - ==================================================
2025-03-13 11:11:51,008 - sec_monitor - INFO - Processing first chunk
2025-03-13 11:11:51,008 - sec_monitor - INFO - Timestamp: 2025-03-13 11:11:51
2025-03-13 11:11:51,089 - sec_monitor - INFO - token percentage = 3%
2025-03-13 11:11:51,090 - sec_monitor - INFO - Making API call - Attempt 1/3
2025-03-13 11:11:51,090 - sec_monitor - INFO - Timestamp: 2025-03-13 11:11:51
2025-03-13 11:11:52,619 - sec_monitor - INFO - API call successful
2025-03-13 11:11:53,621 - sec_monitor - INFO - Processing filing 4/11: NWS
2025-03-13 11:12:24,291 - sec_monitor - INFO - ==================================================
2025-03-13 11:12:24,291 - sec_monitor - INFO - Processing first chunk
2025-03-13 11:12:24,291 - sec_monitor - INFO - Timestamp: 2025-03-13 11:12:24
2025-03-13 11:12:24,396 - sec_monitor - INFO - token percentage = 7%
2025-03-13 11:12:24,396 - sec_monitor - INFO - Making API call - Attempt 1/3
2025-03-13 11:12:24,396 - sec_monitor - INFO - Timestamp: 2025-03-13 11:12:24
2025-03-13 11:12:28,543 - sec_monitor - INFO - API call successful
2025-03-13 11:12:29,544 - sec_monitor - INFO - Processing filing 5/11: COST
2025-03-13 11:13:17,461 - sec_monitor - INFO - ==================================================
2025-03-13 11:13:17,461 - sec_monitor - INFO - Processing first chunk
2025-03-13 11:13:17,461 - sec_monitor - INFO - Timestamp: 2025-03-13 11:13:17
2025-03-13 11:13:18,500 - sec_monitor - INFO - token percentage = 49%
2025-03-13 11:13:18,500 - sec_monitor - INFO - Making API call - Attempt 1/3
2025-03-13 11:13:18,500 - sec_monitor - INFO - Timestamp: 2025-03-13 11:13:18
2025-03-13 11:13:34,039 - sec_monitor - INFO - API call successful
2025-03-13 11:14:04,070 - sec_monitor - INFO - ==================================================
2025-03-13 11:14:04,070 - sec_monitor - INFO - Processing middle chunk
2025-03-13 11:14:04,070 - sec_monitor - INFO - Timestamp: 2025-03-13 11:14:04
2025-03-13 11:14:05,012 - sec_monitor - INFO - token percentage = 49%
2025-03-13 11:14:05,012 - sec_monitor - INFO - Making API call - Attempt 1/3
2025-03-13 11:14:05,012 - sec_monitor - INFO - Timestamp: 2025-03-13 11:14:05
2025-03-13 11:14:20,716 - sec_monitor - INFO - API call successful
2025-03-13 11:14:50,729 - sec_monitor - INFO - ==================================================
2025-03-13 11:14:50,729 - sec_monitor - INFO - Processing middle chunk
2025-03-13 11:14:50,729 - sec_monitor - INFO - Timestamp: 2025-03-13 11:14:50
2025-03-13 11:14:51,448 - sec_monitor - INFO - token percentage = 52%
2025-03-13 11:14:51,448 - sec_monitor - INFO - Making API call - Attempt 1/3
2025-03-13 11:14:51,449 - sec_monitor - INFO - Timestamp: 2025-03-13 11:14:51
2025-03-13 11:15:07,288 - sec_monitor - INFO - API call successful
2025-03-13 11:15:37,300 - sec_monitor - INFO - ==================================================
2025-03-13 11:15:37,300 - sec_monitor - INFO - Processing last chunk
2025-03-13 11:15:37,300 - sec_monitor - INFO - Timestamp: 2025-03-13 11:15:37
2025-03-13 11:15:37,354 - sec_monitor - INFO - token percentage = 2%
2025-03-13 11:15:37,354 - sec_monitor - INFO - Making API call - Attempt 1/3
2025-03-13 11:15:37,354 - sec_monitor - INFO - Timestamp: 2025-03-13 11:15:37
2025-03-13 11:15:39,143 - sec_monitor - INFO - API call successful
2025-03-13 11:15:39,143 - sec_monitor - INFO - Making combine API call - Attempt 1/3
2025-03-13 11:15:39,144 - sec_monitor - INFO - Timestamp: 2025-03-13 11:15:39
2025-03-13 11:15:40,306 - sec_monitor - INFO - Combine API call successful
2025-03-13 11:15:41,308 - sec_monitor - INFO - Processing filing 6/11: K
2025-03-13 11:16:16,901 - sec_monitor - INFO - ==================================================
2025-03-13 11:16:16,901 - sec_monitor - INFO - Processing first chunk
2025-03-13 11:16:16,901 - sec_monitor - INFO - Timestamp: 2025-03-13 11:16:16
2025-03-13 11:16:19,161 - sec_monitor - INFO - token percentage = 46%
2025-03-13 11:16:19,162 - sec_monitor - INFO - Making API call - Attempt 1/3
2025-03-13 11:16:19,162 - sec_monitor - INFO - Timestamp: 2025-03-13 11:16:19
2025-03-13 11:16:36,023 - sec_monitor - INFO - API call successful
2025-03-13 11:16:37,024 - sec_monitor - INFO - Processing filing 7/11: EMR
2025-03-13 11:17:07,537 - sec_monitor - INFO - ==================================================
2025-03-13 11:17:07,538 - sec_monitor - INFO - Processing first chunk
2025-03-13 11:17:07,538 - sec_monitor - INFO - Timestamp: 2025-03-13 11:17:07
2025-03-13 11:17:07,625 - sec_monitor - INFO - token percentage = 4%
2025-03-13 11:17:07,625 - sec_monitor - INFO - Making API call - Attempt 1/3
2025-03-13 11:17:07,625 - sec_monitor - INFO - Timestamp: 2025-03-13 11:17:07
2025-03-13 11:17:10,155 - sec_monitor - INFO - API call successful
2025-03-13 11:17:11,156 - sec_monitor - INFO - Processing filing 8/11: NVR
2025-03-13 11:17:43,927 - sec_monitor - INFO - ==================================================
2025-03-13 11:17:43,927 - sec_monitor - INFO - Processing first chunk
2025-03-13 11:17:43,927 - sec_monitor - INFO - Timestamp: 2025-03-13 11:17:43
2025-03-13 11:17:44,628 - sec_monitor - INFO - token percentage = 24%
2025-03-13 11:17:44,628 - sec_monitor - INFO - Making API call - Attempt 1/3
2025-03-13 11:17:44,628 - sec_monitor - INFO - Timestamp: 2025-03-13 11:17:44
2025-03-13 11:17:52,664 - sec_monitor - INFO - API call successful
2025-03-13 11:17:53,666 - sec_monitor - INFO - Processing filing 9/11: CCI
2025-03-13 11:18:26,409 - sec_monitor - INFO - ==================================================
2025-03-13 11:18:26,409 - sec_monitor - INFO - Processing first chunk
2025-03-13 11:18:26,410 - sec_monitor - INFO - Timestamp: 2025-03-13 11:18:26
2025-03-13 11:18:26,609 - sec_monitor - INFO - token percentage = 21%
2025-03-13 11:18:26,609 - sec_monitor - INFO - Making API call - Attempt 1/3
2025-03-13 11:18:26,609 - sec_monitor - INFO - Timestamp: 2025-03-13 11:18:26
2025-03-13 11:18:33,458 - sec_monitor - INFO - API call successful
2025-03-13 11:18:34,460 - sec_monitor - INFO - Processing filing 10/11: GILD
2025-03-13 11:19:04,841 - sec_monitor - INFO - ==================================================
2025-03-13 11:19:04,841 - sec_monitor - INFO - Processing first chunk
2025-03-13 11:19:04,842 - sec_monitor - INFO - Timestamp: 2025-03-13 11:19:04
2025-03-13 11:19:04,936 - sec_monitor - INFO - token percentage = 3%
2025-03-13 11:19:04,936 - sec_monitor - INFO - Making API call - Attempt 1/3
2025-03-13 11:19:04,936 - sec_monitor - INFO - Timestamp: 2025-03-13 11:19:04
2025-03-13 11:19:07,715 - sec_monitor - INFO - API call successful
2025-03-13 11:19:08,716 - sec_monitor - INFO - Processing filing 11/11: NDAQ
2025-03-13 11:19:39,176 - sec_monitor - INFO - ==================================================
2025-03-13 11:19:39,176 - sec_monitor - INFO - Processing first chunk
2025-03-13 11:19:39,176 - sec_monitor - INFO - Timestamp: 2025-03-13 11:19:39
2025-03-13 11:19:39,261 - sec_monitor - INFO - token percentage = 3%
2025-03-13 11:19:39,261 - sec_monitor - INFO - Making API call - Attempt 1/3
2025-03-13 11:19:39,261 - sec_monitor - INFO - Timestamp: 2025-03-13 11:19:39
2025-03-13 11:19:42,882 - sec_monitor - INFO - API call successful
2025-03-13 11:19:43,883 - sec_monitor - INFO - Fetching supplementary data...
2025-03-13 11:19:44,283 - sec_monitor - INFO - filing_tickers type: <class 'list'>
2025-03-13 11:19:44,283 - sec_monitor - INFO - filing_data type: <class 'list'>
2025-03-13 11:19:44,283 - sec_monitor - INFO - Market open: False
2025-03-13 11:19:44,283 - sec_monitor - INFO - Number of filing times mapped: 11
2025-03-13 11:19:44,300 - sec_monitor - INFO - Last trading day: 2025-03-13
2025-03-13 11:19:44,300 - sec_monitor - INFO - Processing ticker: DG
2025-03-13 11:19:44,573 - sec_monitor - INFO - Number of bars for DG: 3
2025-03-13 11:19:44,573 - sec_monitor - INFO - Last bar close for DG: 74.885
2025-03-13 11:19:44,573 - sec_monitor - INFO - Outside market hours price for DG: 74.885
2025-03-13 11:19:44,573 - sec_monitor - INFO - Processing ticker: RCL
2025-03-13 11:19:44,587 - sec_monitor - INFO - Number of bars for RCL: 3
2025-03-13 11:19:44,587 - sec_monitor - INFO - Last bar close for RCL: 207.47
2025-03-13 11:19:44,587 - sec_monitor - INFO - Outside market hours price for RCL: 207.47
2025-03-13 11:19:44,587 - sec_monitor - INFO - Processing ticker: IFF
2025-03-13 11:19:44,600 - sec_monitor - INFO - Number of bars for IFF: 3
2025-03-13 11:19:44,600 - sec_monitor - INFO - Last bar close for IFF: 79.58
2025-03-13 11:19:44,600 - sec_monitor - INFO - Outside market hours price for IFF: 79.58
2025-03-13 11:19:44,600 - sec_monitor - INFO - Processing ticker: NWS
2025-03-13 11:19:44,612 - sec_monitor - INFO - Number of bars for NWS: 4
2025-03-13 11:19:44,612 - sec_monitor - INFO - Last bar close for NWS: 30.7
2025-03-13 11:19:44,613 - sec_monitor - INFO - Outside market hours price for NWS: 30.7
2025-03-13 11:19:44,613 - sec_monitor - INFO - Processing ticker: COST
2025-03-13 11:19:44,626 - sec_monitor - INFO - Number of bars for COST: 4
2025-03-13 11:19:44,626 - sec_monitor - INFO - Last bar close for COST: 926.74
2025-03-13 11:19:44,626 - sec_monitor - INFO - Outside market hours price for COST: 926.74
2025-03-13 11:19:44,626 - sec_monitor - INFO - Processing ticker: K
2025-03-13 11:19:44,639 - sec_monitor - INFO - Number of bars for K: 4
2025-03-13 11:19:44,639 - sec_monitor - INFO - Last bar close for K: 82.27
2025-03-13 11:19:44,639 - sec_monitor - INFO - Outside market hours price for K: 82.27
2025-03-13 11:19:44,639 - sec_monitor - INFO - Processing ticker: EMR
2025-03-13 11:19:44,653 - sec_monitor - INFO - Number of bars for EMR: 4
2025-03-13 11:19:44,653 - sec_monitor - INFO - Last bar close for EMR: 110.83
2025-03-13 11:19:44,653 - sec_monitor - INFO - Outside market hours price for EMR: 110.83
2025-03-13 11:19:44,653 - sec_monitor - INFO - Processing ticker: NVR
2025-03-13 11:19:44,667 - sec_monitor - INFO - Number of bars for NVR: 4
2025-03-13 11:19:44,667 - sec_monitor - INFO - Last bar close for NVR: 7345.45
2025-03-13 11:19:44,667 - sec_monitor - INFO - Outside market hours price for NVR: 7345.45
2025-03-13 11:19:44,667 - sec_monitor - INFO - Processing ticker: CCI
2025-03-13 11:19:44,680 - sec_monitor - INFO - Number of bars for CCI: 4
2025-03-13 11:19:44,680 - sec_monitor - INFO - Last bar close for CCI: 95.29
2025-03-13 11:19:44,680 - sec_monitor - INFO - Outside market hours price for CCI: 95.29
2025-03-13 11:19:44,680 - sec_monitor - INFO - Processing ticker: GILD
2025-03-13 11:19:44,694 - sec_monitor - INFO - Number of bars for GILD: 4
2025-03-13 11:19:44,694 - sec_monitor - INFO - Last bar close for GILD: 113.94
2025-03-13 11:19:44,694 - sec_monitor - INFO - Outside market hours price for GILD: 113.94
2025-03-13 11:19:44,694 - sec_monitor - INFO - Processing ticker: NDAQ
2025-03-13 11:19:44,708 - sec_monitor - INFO - Number of bars for NDAQ: 4
2025-03-13 11:19:44,708 - sec_monitor - INFO - Last bar close for NDAQ: 72.95
2025-03-13 11:19:44,708 - sec_monitor - INFO - Outside market hours price for NDAQ: 72.95
2025-03-13 11:19:47,943 - sec_monitor - INFO - Generating final output...
2025-03-13 11:19:47,943 - sec_monitor - INFO - Successfully saved/merged output to output/sec_filings.json
2025-03-13 11:19:47,943 - sec_monitor - INFO - Processing complete. Stats: {'input_words': 516144, 'output_words': 866, 'filings_processed': 11}
2025-03-13 12:38:01,185 - sec_monitor - INFO - Starting SEC filing monitor 
2025-03-13 12:38:01,185 - sec_monitor - INFO - Loading S&P 500 data...
2025-03-13 12:38:01,185 - sec_monitor - INFO - Starting S&P 500 data initialization
2025-03-13 12:38:01,185 - sec_monitor - INFO - Successfully loaded 503 S&P 500 tickers
2025-03-13 12:38:01,185 - sec_monitor - INFO - Successfully loaded 503 S&P 500 tickers
2025-03-13 12:38:01,185 - sec_monitor - INFO - Initializing components...
2025-03-13 12:38:01,186 - sec_monitor - INFO - Initializing components
2025-03-13 12:38:01,186 - sec_monitor - INFO - SEC fetcher initialized
2025-03-13 12:38:01,186 - sec_monitor - INFO - Filing analyzer initialized
2025-03-13 12:38:01,186 - sec_monitor - INFO - Alpaca clients initialized
2025-03-13 12:38:01,186 - sec_monitor - INFO - All components initialized successfully
2025-03-13 12:38:01,187 - sec_monitor - INFO - Found JSON file from today
2025-03-13 12:38:01,187 - sec_monitor - INFO - Found 11 previously processed accessions and 11 filing URLs
2025-03-13 12:38:01,187 - sec_monitor - INFO - Found 11 accession numbers and 11 URLs from previously processed filings
2025-03-13 12:38:01,187 - sec_monitor - INFO - Fetching SEC filings...
2025-03-13 12:38:27,011 - sec_monitor - INFO - No more entries found
2025-03-13 12:38:27,011 - sec_monitor - INFO - Completed fetching. Found 107 total filings
2025-03-13 12:38:27,011 - sec_monitor - INFO - Found 2 new interesting filings
2025-03-13 12:38:27,012 - sec_monitor - INFO - Found 2 new filings to process
2025-03-13 12:38:27,012 - sec_monitor - INFO - Processing filing 1/2: AON
2025-03-13 12:38:57,744 - sec_monitor - INFO - ==================================================
2025-03-13 12:38:57,744 - sec_monitor - INFO - Processing first chunk
2025-03-13 12:38:57,744 - sec_monitor - INFO - Timestamp: 2025-03-13 12:38:57
2025-03-13 12:38:57,952 - sec_monitor - INFO - token percentage = 4%
2025-03-13 12:38:57,952 - sec_monitor - INFO - Making API call - Attempt 1/3
2025-03-13 12:38:57,952 - sec_monitor - INFO - Timestamp: 2025-03-13 12:38:57
2025-03-13 12:39:01,151 - sec_monitor - INFO - API call successful
2025-03-13 12:39:02,153 - sec_monitor - INFO - Processing filing 2/2: CI
2025-03-13 12:39:32,830 - sec_monitor - INFO - ==================================================
2025-03-13 12:39:32,830 - sec_monitor - INFO - Processing first chunk
2025-03-13 12:39:32,830 - sec_monitor - INFO - Timestamp: 2025-03-13 12:39:32
2025-03-13 12:39:33,024 - sec_monitor - INFO - token percentage = 3%
2025-03-13 12:39:33,024 - sec_monitor - INFO - Making API call - Attempt 1/3
2025-03-13 12:39:33,024 - sec_monitor - INFO - Timestamp: 2025-03-13 12:39:33
2025-03-13 12:39:35,486 - sec_monitor - INFO - API call successful
2025-03-13 12:39:36,488 - sec_monitor - INFO - Fetching supplementary data...
2025-03-13 12:39:36,743 - sec_monitor - INFO - filing_tickers type: <class 'list'>
2025-03-13 12:39:36,743 - sec_monitor - INFO - filing_data type: <class 'list'>
2025-03-13 12:39:36,743 - sec_monitor - INFO - Market open: False
2025-03-13 12:39:36,743 - sec_monitor - INFO - Number of filing times mapped: 2
2025-03-13 12:39:36,815 - sec_monitor - INFO - Last trading day: 2025-03-13
2025-03-13 12:39:36,815 - sec_monitor - INFO - Processing ticker: AON
2025-03-13 12:39:37,508 - sec_monitor - INFO - Number of bars for AON: 3
2025-03-13 12:39:37,508 - sec_monitor - INFO - Last bar close for AON: 398.13
2025-03-13 12:39:37,508 - sec_monitor - INFO - Outside market hours price for AON: 398.13
2025-03-13 12:39:37,508 - sec_monitor - INFO - Processing ticker: CI
2025-03-13 12:39:37,584 - sec_monitor - INFO - Number of bars for CI: 3
2025-03-13 12:39:37,584 - sec_monitor - INFO - Last bar close for CI: 311.135
2025-03-13 12:39:37,584 - sec_monitor - INFO - Outside market hours price for CI: 311.135
2025-03-13 12:39:38,048 - sec_monitor - INFO - Generating final output...
2025-03-13 12:39:38,049 - sec_monitor - INFO - Successfully merged 2 new filings with existing JSON
2025-03-13 12:39:38,049 - sec_monitor - INFO - Cumulative stats - Input words: 526827, Output words: 1058
2025-03-13 12:39:38,049 - sec_monitor - INFO - Successfully saved/merged output to output/sec_filings.json
2025-03-13 12:39:38,049 - sec_monitor - INFO - Processing complete. Stats: {'input_words': 10683, 'output_words': 192, 'filings_processed': 2}
2025-03-13 13:28:32,551 - sec_monitor - INFO - Starting SEC filing monitor 
2025-03-13 13:28:32,551 - sec_monitor - INFO - Loading S&P 500 data...
2025-03-13 13:28:32,551 - sec_monitor - INFO - Starting S&P 500 data initialization
2025-03-13 13:28:32,552 - sec_monitor - INFO - Successfully loaded 503 S&P 500 tickers
2025-03-13 13:28:32,552 - sec_monitor - INFO - Successfully loaded 503 S&P 500 tickers
2025-03-13 13:28:32,552 - sec_monitor - INFO - Initializing components...
2025-03-13 13:28:32,552 - sec_monitor - INFO - Initializing components
2025-03-13 13:28:32,552 - sec_monitor - INFO - SEC fetcher initialized
2025-03-13 13:28:32,552 - sec_monitor - INFO - Filing analyzer initialized
2025-03-13 13:28:32,552 - sec_monitor - INFO - Alpaca clients initialized
2025-03-13 13:28:32,552 - sec_monitor - INFO - All components initialized successfully
2025-03-13 13:28:32,553 - sec_monitor - INFO - Found JSON file from today
2025-03-13 13:28:32,554 - sec_monitor - INFO - Found 13 previously processed accessions and 13 filing URLs
2025-03-13 13:28:32,554 - sec_monitor - INFO - Found 13 accession numbers and 13 URLs from previously processed filings
2025-03-13 13:28:32,554 - sec_monitor - INFO - Fetching SEC filings...
2025-03-13 13:28:56,814 - sec_monitor - INFO - No more entries found
2025-03-13 13:28:56,814 - sec_monitor - INFO - Completed fetching. Found 105 total filings
2025-03-13 13:28:56,814 - sec_monitor - INFO - Found 1 new interesting filings
2025-03-13 13:28:56,814 - sec_monitor - INFO - Found 1 new filings to process
2025-03-13 13:28:56,815 - sec_monitor - INFO - Processing filing 1/1: J
2025-03-13 13:29:27,762 - sec_monitor - INFO - ==================================================
2025-03-13 13:29:27,762 - sec_monitor - INFO - Processing first chunk
2025-03-13 13:29:27,762 - sec_monitor - INFO - Timestamp: 2025-03-13 13:29:27
2025-03-13 13:29:27,949 - sec_monitor - INFO - token percentage = 17%
2025-03-13 13:29:27,949 - sec_monitor - INFO - Making API call - Attempt 1/3
2025-03-13 13:29:27,949 - sec_monitor - INFO - Timestamp: 2025-03-13 13:29:27
2025-03-13 13:29:34,382 - sec_monitor - INFO - API call successful
2025-03-13 13:29:35,383 - sec_monitor - INFO - Fetching supplementary data...
2025-03-13 13:29:35,698 - sec_monitor - INFO - filing_tickers type: <class 'list'>
2025-03-13 13:29:35,698 - sec_monitor - INFO - filing_data type: <class 'list'>
2025-03-13 13:29:35,698 - sec_monitor - INFO - Market open: False
2025-03-13 13:29:35,698 - sec_monitor - INFO - Number of filing times mapped: 1
2025-03-13 13:29:35,709 - sec_monitor - INFO - Last trading day: 2025-03-13
2025-03-13 13:29:35,709 - sec_monitor - INFO - Processing ticker: J
2025-03-13 13:29:35,823 - sec_monitor - INFO - Number of bars for J: 3
2025-03-13 13:29:35,823 - sec_monitor - INFO - Last bar close for J: 121.72
2025-03-13 13:29:35,823 - sec_monitor - INFO - Outside market hours price for J: 121.72
2025-03-13 13:29:36,261 - sec_monitor - INFO - Generating final output...
2025-03-13 13:29:36,262 - sec_monitor - INFO - Successfully merged 1 new filings with existing JSON
2025-03-13 13:29:36,262 - sec_monitor - INFO - Cumulative stats - Input words: 539128, Output words: 1144
2025-03-13 13:29:36,262 - sec_monitor - INFO - Successfully saved/merged output to output/sec_filings.json
2025-03-13 13:29:36,262 - sec_monitor - INFO - Processing complete. Stats: {'input_words': 12301, 'output_words': 86, 'filings_processed': 1}
2025-03-13 15:21:08,705 - sec_monitor - INFO - Starting SEC filing monitor 
2025-03-13 15:21:08,705 - sec_monitor - INFO - Loading S&P 500 data...
2025-03-13 15:21:08,705 - sec_monitor - INFO - Starting S&P 500 data initialization
2025-03-13 15:21:08,705 - sec_monitor - INFO - Successfully loaded 503 S&P 500 tickers
2025-03-13 15:21:08,706 - sec_monitor - INFO - Successfully loaded 503 S&P 500 tickers
2025-03-13 15:21:08,706 - sec_monitor - INFO - Initializing components...
2025-03-13 15:21:08,706 - sec_monitor - INFO - Initializing components
2025-03-13 15:21:08,706 - sec_monitor - INFO - SEC fetcher initialized
2025-03-13 15:21:08,706 - sec_monitor - INFO - Filing analyzer initialized
2025-03-13 15:21:08,706 - sec_monitor - INFO - Alpaca clients initialized
2025-03-13 15:21:08,706 - sec_monitor - INFO - All components initialized successfully
2025-03-13 15:21:08,707 - sec_monitor - INFO - Found JSON file from today
2025-03-13 15:21:08,707 - sec_monitor - INFO - Found 14 previously processed accessions and 14 filing URLs
2025-03-13 15:21:08,707 - sec_monitor - INFO - Found 14 accession numbers and 14 URLs from previously processed filings
2025-03-13 15:21:08,708 - sec_monitor - INFO - Fetching SEC filings...
2025-03-13 15:21:32,961 - sec_monitor - INFO - No more entries found
2025-03-13 15:21:32,961 - sec_monitor - INFO - Completed fetching. Found 90 total filings
2025-03-13 15:21:32,961 - sec_monitor - INFO - Found 0 new interesting filings
2025-03-13 15:21:32,961 - sec_monitor - INFO - No new filings to process
2025-03-13 18:21:13,511 - sec_monitor - INFO - Starting SEC filing monitor 
2025-03-13 18:21:13,511 - sec_monitor - INFO - Loading S&P 500 data...
2025-03-13 18:21:13,512 - sec_monitor - INFO - Starting S&P 500 data initialization
2025-03-13 18:21:13,512 - sec_monitor - INFO - Successfully loaded 503 S&P 500 tickers
2025-03-13 18:21:13,512 - sec_monitor - INFO - Successfully loaded 503 S&P 500 tickers
2025-03-13 18:21:13,512 - sec_monitor - INFO - Initializing components...
2025-03-13 18:21:13,512 - sec_monitor - INFO - Initializing components
2025-03-13 18:21:13,512 - sec_monitor - INFO - SEC fetcher initialized
2025-03-13 18:21:13,513 - sec_monitor - INFO - Filing analyzer initialized
2025-03-13 18:21:13,513 - sec_monitor - INFO - Alpaca clients initialized
2025-03-13 18:21:13,513 - sec_monitor - INFO - All components initialized successfully
2025-03-13 18:21:13,514 - sec_monitor - INFO - Found JSON file from today
2025-03-13 18:21:13,514 - sec_monitor - INFO - Found 14 previously processed accessions and 14 filing URLs
2025-03-13 18:21:13,514 - sec_monitor - INFO - Found 14 accession numbers and 14 URLs from previously processed filings
2025-03-13 18:21:13,514 - sec_monitor - INFO - Fetching SEC filings...
2025-03-13 18:21:39,872 - sec_monitor - INFO - No more entries found
2025-03-13 18:21:39,872 - sec_monitor - INFO - Completed fetching. Found 48 total filings
2025-03-13 18:21:39,872 - sec_monitor - INFO - Found 1 new interesting filings
2025-03-13 18:21:39,872 - sec_monitor - INFO - Found 1 new filings to process
2025-03-13 18:21:39,872 - sec_monitor - INFO - Processing filing 1/1: LII
2025-03-13 18:22:10,282 - sec_monitor - INFO - ==================================================
2025-03-13 18:22:10,282 - sec_monitor - INFO - Processing first chunk
2025-03-13 18:22:10,282 - sec_monitor - INFO - Timestamp: 2025-03-13 18:22:10
2025-03-13 18:22:10,351 - sec_monitor - INFO - token percentage = 3%
2025-03-13 18:22:10,351 - sec_monitor - INFO - Making API call - Attempt 1/3
2025-03-13 18:22:10,351 - sec_monitor - INFO - Timestamp: 2025-03-13 18:22:10
2025-03-13 18:22:12,299 - sec_monitor - INFO - API call successful
2025-03-13 18:22:13,300 - sec_monitor - INFO - Fetching supplementary data...
2025-03-13 18:22:13,428 - sec_monitor - INFO - filing_tickers type: <class 'list'>
2025-03-13 18:22:13,428 - sec_monitor - INFO - filing_data type: <class 'list'>
2025-03-13 18:22:13,428 - sec_monitor - INFO - Market open: True
2025-03-13 18:22:13,428 - sec_monitor - INFO - Number of filing times mapped: 1
2025-03-13 18:22:13,435 - sec_monitor - INFO - Last trading day: 2025-03-13
2025-03-13 18:22:13,435 - sec_monitor - INFO - Processing ticker: LII
2025-03-13 18:22:13,620 - sec_monitor - INFO - Number of bars for LII: 3
2025-03-13 18:22:13,620 - sec_monitor - INFO - Last bar close for LII: 570.36
2025-03-13 18:22:13,620 - sec_monitor - INFO - Market open price for LII: 570.36, change: 0.9361672005238224%
2025-03-13 18:22:13,979 - sec_monitor - INFO - Generating final output...
2025-03-13 18:22:13,980 - sec_monitor - INFO - Successfully merged 1 new filings with existing JSON
2025-03-13 18:22:13,980 - sec_monitor - INFO - Cumulative stats - Input words: 543163, Output words: 1217
2025-03-13 18:22:13,980 - sec_monitor - INFO - Successfully saved/merged output to output/sec_filings.json
2025-03-13 18:22:13,980 - sec_monitor - INFO - Processing complete. Stats: {'input_words': 4035, 'output_words': 73, 'filings_processed': 1}
2025-03-13 21:10:29,675 - sec_monitor - INFO - Starting SEC filing monitor 
2025-03-13 21:10:29,675 - sec_monitor - INFO - Loading S&P 500 data...
2025-03-13 21:10:29,675 - sec_monitor - INFO - Starting S&P 500 data initialization
2025-03-13 21:10:29,676 - sec_monitor - INFO - Successfully loaded 503 S&P 500 tickers
2025-03-13 21:10:29,676 - sec_monitor - INFO - Successfully loaded 503 S&P 500 tickers
2025-03-13 21:10:29,676 - sec_monitor - INFO - Initializing components...
2025-03-13 21:10:29,676 - sec_monitor - INFO - Initializing components
2025-03-13 21:10:29,676 - sec_monitor - INFO - SEC fetcher initialized
2025-03-13 21:10:29,676 - sec_monitor - INFO - Filing analyzer initialized
2025-03-13 21:10:29,676 - sec_monitor - INFO - Alpaca clients initialized
2025-03-13 21:10:29,676 - sec_monitor - INFO - All components initialized successfully
2025-03-13 21:10:29,677 - sec_monitor - INFO - Found JSON file from today
2025-03-13 21:10:29,677 - sec_monitor - INFO - Found 15 previously processed accessions and 15 filing URLs
2025-03-13 21:10:29,678 - sec_monitor - INFO - Found 15 accession numbers and 15 URLs from previously processed filings
2025-03-13 21:10:29,678 - sec_monitor - INFO - Fetching SEC filings...
2025-03-13 21:10:46,411 - sec_monitor - INFO - No more entries found
2025-03-13 21:10:46,411 - sec_monitor - INFO - Completed fetching. Found 123 total filings
2025-03-13 21:10:46,411 - sec_monitor - INFO - Found 11 new interesting filings
2025-03-13 21:10:46,411 - sec_monitor - INFO - Found 11 new filings to process
2025-03-13 21:10:46,412 - sec_monitor - INFO - Processing filing 1/11: TEL
2025-03-13 21:11:17,404 - sec_monitor - INFO - ==================================================
2025-03-13 21:11:17,404 - sec_monitor - INFO - Processing first chunk
2025-03-13 21:11:17,404 - sec_monitor - INFO - Timestamp: 2025-03-13 21:11:17
2025-03-13 21:11:17,635 - sec_monitor - INFO - token percentage = 5%
2025-03-13 21:11:17,635 - sec_monitor - INFO - Making API call - Attempt 1/3
2025-03-13 21:11:17,636 - sec_monitor - INFO - Timestamp: 2025-03-13 21:11:17
2025-03-13 21:11:21,136 - sec_monitor - INFO - API call successful
2025-03-13 21:11:22,138 - sec_monitor - INFO - Processing filing 2/11: FAST
2025-03-13 21:13:51,612 - sec_monitor - INFO - ==================================================
2025-03-13 21:13:51,612 - sec_monitor - INFO - Processing first chunk
2025-03-13 21:13:51,613 - sec_monitor - INFO - Timestamp: 2025-03-13 21:13:51
2025-03-13 21:13:52,185 - sec_monitor - INFO - token percentage = 50%
2025-03-13 21:13:52,185 - sec_monitor - INFO - Making API call - Attempt 1/3
2025-03-13 21:13:52,186 - sec_monitor - INFO - Timestamp: 2025-03-13 21:13:52
2025-03-13 21:14:09,747 - sec_monitor - INFO - API call successful
2025-03-13 21:14:39,777 - sec_monitor - INFO - ==================================================
2025-03-13 21:14:39,777 - sec_monitor - INFO - Processing middle chunk
2025-03-13 21:14:39,778 - sec_monitor - INFO - Timestamp: 2025-03-13 21:14:39
2025-03-13 21:14:40,358 - sec_monitor - INFO - token percentage = 50%
2025-03-13 21:14:40,358 - sec_monitor - INFO - Making API call - Attempt 1/3
2025-03-13 21:14:40,358 - sec_monitor - INFO - Timestamp: 2025-03-13 21:14:40
2025-03-13 21:14:57,769 - sec_monitor - INFO - API call successful
2025-03-13 21:15:27,799 - sec_monitor - INFO - ==================================================
2025-03-13 21:15:27,799 - sec_monitor - INFO - Processing middle chunk
2025-03-13 21:15:27,799 - sec_monitor - INFO - Timestamp: 2025-03-13 21:15:27
2025-03-13 21:15:28,246 - sec_monitor - INFO - token percentage = 50%
2025-03-13 21:15:28,247 - sec_monitor - INFO - Making API call - Attempt 1/3
2025-03-13 21:15:28,247 - sec_monitor - INFO - Timestamp: 2025-03-13 21:15:28
2025-03-13 21:15:43,747 - sec_monitor - INFO - API call successful
2025-03-13 21:16:13,777 - sec_monitor - INFO - ==================================================
2025-03-13 21:16:13,778 - sec_monitor - INFO - Processing middle chunk
2025-03-13 21:16:13,778 - sec_monitor - INFO - Timestamp: 2025-03-13 21:16:13
2025-03-13 21:16:14,260 - sec_monitor - INFO - token percentage = 50%
2025-03-13 21:16:14,261 - sec_monitor - INFO - Making API call - Attempt 1/3
2025-03-13 21:16:14,261 - sec_monitor - INFO - Timestamp: 2025-03-13 21:16:14
2025-03-13 21:16:29,526 - sec_monitor - INFO - API call successful
2025-03-13 21:16:59,556 - sec_monitor - INFO - ==================================================
2025-03-13 21:16:59,556 - sec_monitor - INFO - Processing middle chunk
2025-03-13 21:16:59,556 - sec_monitor - INFO - Timestamp: 2025-03-13 21:16:59
2025-03-13 21:17:00,090 - sec_monitor - INFO - token percentage = 50%
2025-03-13 21:17:00,090 - sec_monitor - INFO - Making API call - Attempt 1/3
2025-03-13 21:17:00,091 - sec_monitor - INFO - Timestamp: 2025-03-13 21:17:00
2025-03-13 21:17:15,842 - sec_monitor - INFO - API call successful
2025-03-13 21:17:45,872 - sec_monitor - INFO - ==================================================
2025-03-13 21:17:45,872 - sec_monitor - INFO - Processing middle chunk
2025-03-13 21:17:45,872 - sec_monitor - INFO - Timestamp: 2025-03-13 21:17:45
2025-03-13 21:17:46,242 - sec_monitor - INFO - token percentage = 50%
2025-03-13 21:17:46,242 - sec_monitor - INFO - Making API call - Attempt 1/3
2025-03-13 21:17:46,242 - sec_monitor - INFO - Timestamp: 2025-03-13 21:17:46
2025-03-13 21:18:01,486 - sec_monitor - INFO - API call successful
2025-03-13 21:18:31,502 - sec_monitor - INFO - ==================================================
2025-03-13 21:18:31,502 - sec_monitor - INFO - Processing middle chunk
2025-03-13 21:18:31,502 - sec_monitor - INFO - Timestamp: 2025-03-13 21:18:31
2025-03-13 21:18:31,944 - sec_monitor - INFO - token percentage = 50%
2025-03-13 21:18:31,944 - sec_monitor - INFO - Making API call - Attempt 1/3
2025-03-13 21:18:31,944 - sec_monitor - INFO - Timestamp: 2025-03-13 21:18:31
2025-03-13 21:18:47,764 - sec_monitor - INFO - API call successful
2025-03-13 21:19:17,794 - sec_monitor - INFO - ==================================================
2025-03-13 21:19:17,795 - sec_monitor - INFO - Processing middle chunk
2025-03-13 21:19:17,795 - sec_monitor - INFO - Timestamp: 2025-03-13 21:19:17
2025-03-13 21:19:18,110 - sec_monitor - INFO - token percentage = 50%
2025-03-13 21:19:18,111 - sec_monitor - INFO - Making API call - Attempt 1/3
2025-03-13 21:19:18,111 - sec_monitor - INFO - Timestamp: 2025-03-13 21:19:18
2025-03-13 21:19:33,737 - sec_monitor - INFO - API call successful
2025-03-13 21:20:03,767 - sec_monitor - INFO - ==================================================
2025-03-13 21:20:03,768 - sec_monitor - INFO - Processing middle chunk
2025-03-13 21:20:03,768 - sec_monitor - INFO - Timestamp: 2025-03-13 21:20:03
2025-03-13 21:20:04,130 - sec_monitor - INFO - token percentage = 50%
2025-03-13 21:20:04,130 - sec_monitor - INFO - Making API call - Attempt 1/3
2025-03-13 21:20:04,130 - sec_monitor - INFO - Timestamp: 2025-03-13 21:20:04
2025-03-13 21:20:19,344 - sec_monitor - INFO - API call successful
2025-03-13 21:20:49,364 - sec_monitor - INFO - ==================================================
2025-03-13 21:20:49,364 - sec_monitor - INFO - Processing middle chunk
2025-03-13 21:20:49,364 - sec_monitor - INFO - Timestamp: 2025-03-13 21:20:49
2025-03-13 21:20:49,771 - sec_monitor - INFO - token percentage = 50%
2025-03-13 21:20:49,771 - sec_monitor - INFO - Making API call - Attempt 1/3
2025-03-13 21:20:49,772 - sec_monitor - INFO - Timestamp: 2025-03-13 21:20:49
2025-03-13 21:21:04,692 - sec_monitor - INFO - API call successful
2025-03-13 21:21:34,722 - sec_monitor - INFO - ==================================================
2025-03-13 21:21:34,723 - sec_monitor - INFO - Processing middle chunk
2025-03-13 21:21:34,723 - sec_monitor - INFO - Timestamp: 2025-03-13 21:21:34
2025-03-13 21:21:35,100 - sec_monitor - INFO - token percentage = 50%
2025-03-13 21:21:35,100 - sec_monitor - INFO - Making API call - Attempt 1/3
2025-03-13 21:21:35,100 - sec_monitor - INFO - Timestamp: 2025-03-13 21:21:35
2025-03-13 21:21:50,318 - sec_monitor - INFO - API call successful
2025-03-13 21:22:20,346 - sec_monitor - INFO - ==================================================
2025-03-13 21:22:20,347 - sec_monitor - INFO - Processing middle chunk
2025-03-13 21:22:20,347 - sec_monitor - INFO - Timestamp: 2025-03-13 21:22:20
2025-03-13 21:22:20,797 - sec_monitor - INFO - token percentage = 50%
2025-03-13 21:22:20,797 - sec_monitor - INFO - Making API call - Attempt 1/3
2025-03-13 21:22:20,797 - sec_monitor - INFO - Timestamp: 2025-03-13 21:22:20
2025-03-13 21:22:39,106 - sec_monitor - INFO - API call successful
2025-03-13 21:23:09,136 - sec_monitor - INFO - ==================================================
2025-03-13 21:23:09,136 - sec_monitor - INFO - Processing middle chunk
2025-03-13 21:23:09,137 - sec_monitor - INFO - Timestamp: 2025-03-13 21:23:09
2025-03-13 21:23:09,488 - sec_monitor - INFO - token percentage = 49%
2025-03-13 21:23:09,488 - sec_monitor - INFO - Making API call - Attempt 1/3
2025-03-13 21:23:09,488 - sec_monitor - INFO - Timestamp: 2025-03-13 21:23:09
2025-03-13 21:23:25,083 - sec_monitor - INFO - API call successful
2025-03-13 21:23:55,113 - sec_monitor - INFO - ==================================================
2025-03-13 21:23:55,113 - sec_monitor - INFO - Processing middle chunk
2025-03-13 21:23:55,113 - sec_monitor - INFO - Timestamp: 2025-03-13 21:23:55
2025-03-13 21:23:55,447 - sec_monitor - INFO - token percentage = 50%
2025-03-13 21:23:55,447 - sec_monitor - INFO - Making API call - Attempt 1/3
2025-03-13 21:23:55,448 - sec_monitor - INFO - Timestamp: 2025-03-13 21:23:55
2025-03-13 21:24:10,995 - sec_monitor - INFO - API call successful
2025-03-13 21:24:41,025 - sec_monitor - INFO - ==================================================
2025-03-13 21:24:41,025 - sec_monitor - INFO - Processing middle chunk
2025-03-13 21:24:41,026 - sec_monitor - INFO - Timestamp: 2025-03-13 21:24:41
2025-03-13 21:24:41,444 - sec_monitor - INFO - token percentage = 50%
2025-03-13 21:24:41,444 - sec_monitor - INFO - Making API call - Attempt 1/3
2025-03-13 21:24:41,444 - sec_monitor - INFO - Timestamp: 2025-03-13 21:24:41
2025-03-13 21:24:58,118 - sec_monitor - INFO - API call successful
2025-03-13 21:25:28,145 - sec_monitor - INFO - ==================================================
2025-03-13 21:25:28,145 - sec_monitor - INFO - Processing middle chunk
2025-03-13 21:25:28,145 - sec_monitor - INFO - Timestamp: 2025-03-13 21:25:28
2025-03-13 21:25:28,591 - sec_monitor - INFO - token percentage = 50%
2025-03-13 21:25:28,591 - sec_monitor - INFO - Making API call - Attempt 1/3
2025-03-13 21:25:28,592 - sec_monitor - INFO - Timestamp: 2025-03-13 21:25:28
2025-03-13 21:25:44,391 - sec_monitor - INFO - API call successful
2025-03-13 21:26:14,421 - sec_monitor - INFO - ==================================================
2025-03-13 21:26:14,422 - sec_monitor - INFO - Processing middle chunk
2025-03-13 21:26:14,422 - sec_monitor - INFO - Timestamp: 2025-03-13 21:26:14
2025-03-13 21:26:14,905 - sec_monitor - INFO - token percentage = 50%
2025-03-13 21:26:14,906 - sec_monitor - INFO - Making API call - Attempt 1/3
2025-03-13 21:26:14,906 - sec_monitor - INFO - Timestamp: 2025-03-13 21:26:14
2025-03-13 21:26:32,675 - sec_monitor - INFO - API call successful
2025-03-13 21:27:02,705 - sec_monitor - INFO - ==================================================
2025-03-13 21:27:02,705 - sec_monitor - INFO - Processing last chunk
2025-03-13 21:27:02,705 - sec_monitor - INFO - Timestamp: 2025-03-13 21:27:02
2025-03-13 21:27:02,943 - sec_monitor - INFO - token percentage = 23%
2025-03-13 21:27:02,943 - sec_monitor - INFO - Making API call - Attempt 1/3
2025-03-13 21:27:02,943 - sec_monitor - INFO - Timestamp: 2025-03-13 21:27:02
2025-03-13 21:27:11,055 - sec_monitor - INFO - API call successful
2025-03-13 21:27:11,056 - sec_monitor - INFO - Making combine API call - Attempt 1/3
2025-03-13 21:27:11,056 - sec_monitor - INFO - Timestamp: 2025-03-13 21:27:11
2025-03-13 21:27:12,051 - sec_monitor - INFO - Combine API call successful
2025-03-13 21:27:13,052 - sec_monitor - INFO - Processing filing 3/11: ORLY
2025-03-13 21:27:43,734 - sec_monitor - INFO - ==================================================
2025-03-13 21:27:43,734 - sec_monitor - INFO - Processing first chunk
2025-03-13 21:27:43,734 - sec_monitor - INFO - Timestamp: 2025-03-13 21:27:43
2025-03-13 21:27:43,882 - sec_monitor - INFO - token percentage = 5%
2025-03-13 21:27:43,882 - sec_monitor - INFO - Making API call - Attempt 1/3
2025-03-13 21:27:43,882 - sec_monitor - INFO - Timestamp: 2025-03-13 21:27:43
2025-03-13 21:27:47,365 - sec_monitor - INFO - API call successful
2025-03-13 21:27:48,367 - sec_monitor - INFO - Processing filing 4/11: EVRG
2025-03-13 21:28:20,691 - sec_monitor - INFO - ==================================================
2025-03-13 21:28:20,691 - sec_monitor - INFO - Processing first chunk
2025-03-13 21:28:20,691 - sec_monitor - INFO - Timestamp: 2025-03-13 21:28:20
2025-03-13 21:28:21,316 - sec_monitor - INFO - token percentage = 21%
2025-03-13 21:28:21,316 - sec_monitor - INFO - Making API call - Attempt 1/3
2025-03-13 21:28:21,316 - sec_monitor - INFO - Timestamp: 2025-03-13 21:28:21
2025-03-13 21:28:29,644 - sec_monitor - INFO - API call successful
2025-03-13 21:28:30,645 - sec_monitor - INFO - Processing filing 5/11: WMB
2025-03-13 21:29:01,324 - sec_monitor - INFO - ==================================================
2025-03-13 21:29:01,324 - sec_monitor - INFO - Processing first chunk
2025-03-13 21:29:01,324 - sec_monitor - INFO - Timestamp: 2025-03-13 21:29:01
2025-03-13 21:29:01,456 - sec_monitor - INFO - token percentage = 4%
2025-03-13 21:29:01,456 - sec_monitor - INFO - Making API call - Attempt 1/3
2025-03-13 21:29:01,456 - sec_monitor - INFO - Timestamp: 2025-03-13 21:29:01
2025-03-13 21:29:04,091 - sec_monitor - INFO - API call successful
2025-03-13 21:29:05,093 - sec_monitor - INFO - Processing filing 6/11: CCI
2025-03-13 21:29:43,628 - sec_monitor - INFO - ==================================================
2025-03-13 21:29:43,629 - sec_monitor - INFO - Processing first chunk
2025-03-13 21:29:43,629 - sec_monitor - INFO - Timestamp: 2025-03-13 21:29:43
2025-03-13 21:29:44,055 - sec_monitor - INFO - token percentage = 46%
2025-03-13 21:29:44,056 - sec_monitor - INFO - Making API call - Attempt 1/3
2025-03-13 21:29:44,056 - sec_monitor - INFO - Timestamp: 2025-03-13 21:29:44
2025-03-13 21:29:58,950 - sec_monitor - INFO - API call successful
2025-03-13 21:30:28,955 - sec_monitor - INFO - ==================================================
2025-03-13 21:30:28,955 - sec_monitor - INFO - Processing last chunk
2025-03-13 21:30:28,955 - sec_monitor - INFO - Timestamp: 2025-03-13 21:30:28
2025-03-13 21:30:29,212 - sec_monitor - INFO - token percentage = 33%
2025-03-13 21:30:29,212 - sec_monitor - INFO - Making API call - Attempt 1/3
2025-03-13 21:30:29,212 - sec_monitor - INFO - Timestamp: 2025-03-13 21:30:29
2025-03-13 21:30:39,614 - sec_monitor - INFO - API call successful
2025-03-13 21:30:39,614 - sec_monitor - INFO - Making combine API call - Attempt 1/3
2025-03-13 21:30:39,614 - sec_monitor - INFO - Timestamp: 2025-03-13 21:30:39
2025-03-13 21:30:40,765 - sec_monitor - INFO - Combine API call successful
2025-03-13 21:30:41,767 - sec_monitor - INFO - Processing filing 7/11: ADI
2025-03-13 21:31:12,273 - sec_monitor - INFO - ==================================================
2025-03-13 21:31:12,273 - sec_monitor - INFO - Processing first chunk
2025-03-13 21:31:12,273 - sec_monitor - INFO - Timestamp: 2025-03-13 21:31:12
2025-03-13 21:31:12,371 - sec_monitor - INFO - token percentage = 3%
2025-03-13 21:31:12,371 - sec_monitor - INFO - Making API call - Attempt 1/3
2025-03-13 21:31:12,371 - sec_monitor - INFO - Timestamp: 2025-03-13 21:31:12
2025-03-13 21:31:14,337 - sec_monitor - INFO - API call successful
2025-03-13 21:31:15,339 - sec_monitor - INFO - Processing filing 8/11: ULTA
2025-03-13 21:31:46,520 - sec_monitor - INFO - ==================================================
2025-03-13 21:31:46,521 - sec_monitor - INFO - Processing first chunk
2025-03-13 21:31:46,521 - sec_monitor - INFO - Timestamp: 2025-03-13 21:31:46
2025-03-13 21:31:46,678 - sec_monitor - INFO - token percentage = 5%
2025-03-13 21:31:46,678 - sec_monitor - INFO - Making API call - Attempt 1/3
2025-03-13 21:31:46,678 - sec_monitor - INFO - Timestamp: 2025-03-13 21:31:46
2025-03-13 21:31:50,092 - sec_monitor - INFO - API call successful
2025-03-13 21:31:51,094 - sec_monitor - INFO - Processing filing 9/11: MMM
2025-03-13 21:32:22,795 - sec_monitor - INFO - ==================================================
2025-03-13 21:32:22,796 - sec_monitor - INFO - Processing first chunk
2025-03-13 21:32:22,796 - sec_monitor - INFO - Timestamp: 2025-03-13 21:32:22
2025-03-13 21:32:23,218 - sec_monitor - INFO - token percentage = 15%
2025-03-13 21:32:23,218 - sec_monitor - INFO - Making API call - Attempt 1/3
2025-03-13 21:32:23,218 - sec_monitor - INFO - Timestamp: 2025-03-13 21:32:23
2025-03-13 21:32:29,483 - sec_monitor - INFO - API call successful
2025-03-13 21:32:30,485 - sec_monitor - INFO - Processing filing 10/11: PTC
2025-03-13 21:33:00,940 - sec_monitor - INFO - ==================================================
2025-03-13 21:33:00,941 - sec_monitor - INFO - Processing first chunk
2025-03-13 21:33:00,941 - sec_monitor - INFO - Timestamp: 2025-03-13 21:33:00
2025-03-13 21:33:01,064 - sec_monitor - INFO - token percentage = 2%
2025-03-13 21:33:01,064 - sec_monitor - INFO - Making API call - Attempt 1/3
2025-03-13 21:33:01,064 - sec_monitor - INFO - Timestamp: 2025-03-13 21:33:01
2025-03-13 21:33:02,771 - sec_monitor - INFO - API call successful
2025-03-13 21:33:03,773 - sec_monitor - INFO - Processing filing 11/11: JBHT
2025-03-13 21:33:35,285 - sec_monitor - INFO - ==================================================
2025-03-13 21:33:35,285 - sec_monitor - INFO - Processing first chunk
2025-03-13 21:33:35,285 - sec_monitor - INFO - Timestamp: 2025-03-13 21:33:35
2025-03-13 21:33:35,614 - sec_monitor - INFO - token percentage = 12%
2025-03-13 21:33:35,614 - sec_monitor - INFO - Making API call - Attempt 1/3
2025-03-13 21:33:35,614 - sec_monitor - INFO - Timestamp: 2025-03-13 21:33:35
2025-03-13 21:33:41,179 - sec_monitor - INFO - API call successful
2025-03-13 21:33:42,180 - sec_monitor - INFO - Fetching supplementary data...
2025-03-13 21:33:43,416 - sec_monitor - INFO - filing_tickers type: <class 'list'>
2025-03-13 21:33:43,416 - sec_monitor - INFO - filing_data type: <class 'list'>
2025-03-13 21:33:43,416 - sec_monitor - INFO - Market open: False
2025-03-13 21:33:43,416 - sec_monitor - INFO - Number of filing times mapped: 11
2025-03-13 21:33:43,476 - sec_monitor - INFO - Last trading day: 2025-03-13
2025-03-13 21:33:43,476 - sec_monitor - INFO - Processing ticker: TEL
2025-03-13 21:33:44,743 - sec_monitor - INFO - Number of bars for TEL: 3
2025-03-13 21:33:44,743 - sec_monitor - INFO - Last bar close for TEL: 143.18
2025-03-13 21:33:44,743 - sec_monitor - INFO - Outside market hours price for TEL: 143.18
2025-03-13 21:33:44,743 - sec_monitor - INFO - Processing ticker: FAST
2025-03-13 21:33:44,809 - sec_monitor - INFO - Number of bars for FAST: 3
2025-03-13 21:33:44,810 - sec_monitor - INFO - Last bar close for FAST: 75.96
2025-03-13 21:33:44,810 - sec_monitor - INFO - Outside market hours price for FAST: 75.96
2025-03-13 21:33:44,810 - sec_monitor - INFO - Processing ticker: ORLY
2025-03-13 21:33:44,879 - sec_monitor - INFO - Number of bars for ORLY: 3
2025-03-13 21:33:44,879 - sec_monitor - INFO - Last bar close for ORLY: 1308.84
2025-03-13 21:33:44,879 - sec_monitor - INFO - Outside market hours price for ORLY: 1308.84
2025-03-13 21:33:44,879 - sec_monitor - INFO - Processing ticker: EVRG
2025-03-13 21:33:44,948 - sec_monitor - INFO - Number of bars for EVRG: 3
2025-03-13 21:33:44,948 - sec_monitor - INFO - Last bar close for EVRG: 66.31
2025-03-13 21:33:44,948 - sec_monitor - INFO - Outside market hours price for EVRG: 66.31
2025-03-13 21:33:44,948 - sec_monitor - INFO - Processing ticker: WMB
2025-03-13 21:33:45,028 - sec_monitor - INFO - Number of bars for WMB: 3
2025-03-13 21:33:45,029 - sec_monitor - INFO - Last bar close for WMB: 56.3
2025-03-13 21:33:45,029 - sec_monitor - INFO - Outside market hours price for WMB: 56.3
2025-03-13 21:33:45,029 - sec_monitor - INFO - Processing ticker: CCI
2025-03-13 21:33:45,097 - sec_monitor - INFO - Number of bars for CCI: 3
2025-03-13 21:33:45,097 - sec_monitor - INFO - Last bar close for CCI: 95.29
2025-03-13 21:33:45,097 - sec_monitor - INFO - Outside market hours price for CCI: 95.29
2025-03-13 21:33:45,097 - sec_monitor - INFO - Processing ticker: ADI
2025-03-13 21:33:45,163 - sec_monitor - INFO - Number of bars for ADI: 3
2025-03-13 21:33:45,163 - sec_monitor - INFO - Last bar close for ADI: 206.57
2025-03-13 21:33:45,163 - sec_monitor - INFO - Outside market hours price for ADI: 206.57
2025-03-13 21:33:45,163 - sec_monitor - INFO - Processing ticker: ULTA
2025-03-13 21:33:45,229 - sec_monitor - INFO - Number of bars for ULTA: 3
2025-03-13 21:33:45,229 - sec_monitor - INFO - Last bar close for ULTA: 329.4
2025-03-13 21:33:45,229 - sec_monitor - INFO - Outside market hours price for ULTA: 329.4
2025-03-13 21:33:45,229 - sec_monitor - INFO - Processing ticker: MMM
2025-03-13 21:33:45,300 - sec_monitor - INFO - Number of bars for MMM: 3
2025-03-13 21:33:45,300 - sec_monitor - INFO - Last bar close for MMM: 150.32
2025-03-13 21:33:45,300 - sec_monitor - INFO - Outside market hours price for MMM: 150.32
2025-03-13 21:33:45,300 - sec_monitor - INFO - Processing ticker: PTC
2025-03-13 21:33:45,365 - sec_monitor - INFO - Number of bars for PTC: 3
2025-03-13 21:33:45,365 - sec_monitor - INFO - Last bar close for PTC: 156.97
2025-03-13 21:33:45,366 - sec_monitor - INFO - Outside market hours price for PTC: 156.97
2025-03-13 21:33:45,366 - sec_monitor - INFO - Processing ticker: JBHT
2025-03-13 21:33:45,431 - sec_monitor - INFO - Number of bars for JBHT: 3
2025-03-13 21:33:45,431 - sec_monitor - INFO - Last bar close for JBHT: 154.46
2025-03-13 21:33:45,431 - sec_monitor - INFO - Same-day filing price for JBHT: 154.46, change: 0.18160591516409463%
2025-03-13 21:33:48,739 - sec_monitor - INFO - Generating final output...
2025-03-13 21:33:48,740 - sec_monitor - INFO - Successfully merged 11 new filings with existing JSON
2025-03-13 21:33:48,740 - sec_monitor - INFO - Cumulative stats - Input words: 1487722, Output words: 2084
2025-03-13 21:33:48,740 - sec_monitor - INFO - Successfully saved/merged output to output/sec_filings.json
2025-03-13 21:33:48,740 - sec_monitor - INFO - Processing complete. Stats: {'input_words': 944559, 'output_words': 867, 'filings_processed': 11}
