2025-03-17 11:09:22,834 - sec_monitor - INFO - Starting SEC filing monitor 
2025-03-17 11:09:22,834 - sec_monitor - INFO - Loading S&P 500 data...
2025-03-17 11:09:22,834 - sec_monitor - INFO - Starting S&P 500 data initialization
2025-03-17 11:09:22,835 - sec_monitor - INFO - Successfully loaded 503 S&P 500 tickers
2025-03-17 11:09:22,835 - sec_monitor - INFO - Successfully loaded 503 S&P 500 tickers
2025-03-17 11:09:22,835 - sec_monitor - INFO - Initializing components...
2025-03-17 11:09:22,835 - sec_monitor - INFO - Initializing components
2025-03-17 11:09:22,835 - sec_monitor - INFO - SEC fetcher initialized
2025-03-17 11:09:22,835 - sec_monitor - INFO - Filing analyzer initialized
2025-03-17 11:09:22,836 - sec_monitor - INFO - Alpaca clients initialized
2025-03-17 11:09:22,836 - sec_monitor - INFO - All components initialized successfully
2025-03-17 11:09:22,837 - sec_monitor - INFO - Found old JSON file, archiving
2025-03-17 11:09:22,837 - sec_monitor - INFO - Starting new filing collection for today
2025-03-17 11:09:22,837 - sec_monitor - INFO - Fetching SEC filings...
2025-03-17 11:09:23,564 - sec_monitor - INFO - Reached old filing, stopping. Found 3 total filings
2025-03-17 11:09:23,564 - sec_monitor - INFO - Found 1 new interesting filings
2025-03-17 11:09:23,564 - sec_monitor - INFO - Found 1 new filings to process
2025-03-17 11:09:23,564 - sec_monitor - INFO - Processing filing 1/1: NWS
2025-03-17 11:09:54,206 - sec_monitor - INFO - ==================================================
2025-03-17 11:09:54,206 - sec_monitor - INFO - Processing first chunk
2025-03-17 11:09:54,206 - sec_monitor - INFO - Timestamp: 2025-03-17 11:09:54
2025-03-17 11:09:54,296 - sec_monitor - INFO - token percentage = 7%
2025-03-17 11:09:54,296 - sec_monitor - INFO - Making API call - Attempt 1/3
2025-03-17 11:09:54,297 - sec_monitor - INFO - Timestamp: 2025-03-17 11:09:54
2025-03-17 11:09:58,351 - sec_monitor - INFO - API call successful
2025-03-17 11:09:59,352 - sec_monitor - INFO - Fetching supplementary data...
2025-03-17 11:09:59,425 - sec_monitor - INFO - filing_tickers type: <class 'list'>
2025-03-17 11:09:59,425 - sec_monitor - INFO - filing_data type: <class 'list'>
2025-03-17 11:09:59,425 - sec_monitor - INFO - Market open: False
2025-03-17 11:09:59,425 - sec_monitor - INFO - Number of filing times mapped: 1
2025-03-17 11:09:59,431 - sec_monitor - INFO - Last trading day: 2025-03-17
2025-03-17 11:09:59,431 - sec_monitor - INFO - Processing ticker: NWS
2025-03-17 11:09:59,504 - sec_monitor - INFO - Number of bars for NWS: 3
2025-03-17 11:09:59,504 - sec_monitor - INFO - Last bar close for NWS: 31.0
2025-03-17 11:09:59,505 - sec_monitor - INFO - Outside market hours price for NWS: 31.0
2025-03-17 11:10:00,046 - sec_monitor - INFO - Generating final output...
2025-03-17 11:10:00,047 - sec_monitor - INFO - Successfully saved/merged output to output/sec_filings.json
2025-03-17 11:10:00,047 - sec_monitor - INFO - Processing complete. Stats: {'input_words': 8505, 'output_words': 74, 'filings_processed': 1}
2025-03-17 12:38:51,200 - sec_monitor - INFO - Starting SEC filing monitor 
2025-03-17 12:38:51,200 - sec_monitor - INFO - Loading S&P 500 data...
2025-03-17 12:38:51,200 - sec_monitor - INFO - Starting S&P 500 data initialization
2025-03-17 12:38:51,201 - sec_monitor - INFO - Successfully loaded 503 S&P 500 tickers
2025-03-17 12:38:51,201 - sec_monitor - INFO - Successfully loaded 503 S&P 500 tickers
2025-03-17 12:38:51,201 - sec_monitor - INFO - Initializing components...
2025-03-17 12:38:51,201 - sec_monitor - INFO - Initializing components
2025-03-17 12:38:51,201 - sec_monitor - INFO - SEC fetcher initialized
2025-03-17 12:38:51,201 - sec_monitor - INFO - Filing analyzer initialized
2025-03-17 12:38:51,201 - sec_monitor - INFO - Alpaca clients initialized
2025-03-17 12:38:51,202 - sec_monitor - INFO - All components initialized successfully
2025-03-17 12:38:51,202 - sec_monitor - INFO - Found JSON file from today
2025-03-17 12:38:51,203 - sec_monitor - INFO - Found 1 previously processed accessions and 1 filing URLs
2025-03-17 12:38:51,203 - sec_monitor - INFO - Found 1 accession numbers and 1 URLs from previously processed filings
2025-03-17 12:38:51,203 - sec_monitor - INFO - Fetching SEC filings...
2025-03-17 12:38:55,211 - sec_monitor - INFO - Reached old filing, stopping. Found 7 total filings
2025-03-17 12:38:55,212 - sec_monitor - INFO - Found 2 new interesting filings
2025-03-17 12:38:55,212 - sec_monitor - INFO - Found 2 new filings to process
2025-03-17 12:38:55,212 - sec_monitor - INFO - Processing filing 1/2: GLW
2025-03-17 12:39:25,829 - sec_monitor - INFO - ==================================================
2025-03-17 12:39:25,829 - sec_monitor - INFO - Processing first chunk
2025-03-17 12:39:25,829 - sec_monitor - INFO - Timestamp: 2025-03-17 12:39:25
2025-03-17 12:39:26,023 - sec_monitor - INFO - token percentage = 4%
2025-03-17 12:39:26,023 - sec_monitor - INFO - Making API call - Attempt 1/3
2025-03-17 12:39:26,023 - sec_monitor - INFO - Timestamp: 2025-03-17 12:39:26
2025-03-17 12:39:29,063 - sec_monitor - INFO - API call successful
2025-03-17 12:39:30,065 - sec_monitor - INFO - Processing filing 2/2: AON
2025-03-17 12:40:00,885 - sec_monitor - INFO - ==================================================
2025-03-17 12:40:00,885 - sec_monitor - INFO - Processing first chunk
2025-03-17 12:40:00,885 - sec_monitor - INFO - Timestamp: 2025-03-17 12:40:00
2025-03-17 12:40:01,097 - sec_monitor - INFO - token percentage = 5%
2025-03-17 12:40:01,098 - sec_monitor - INFO - Making API call - Attempt 1/3
2025-03-17 12:40:01,098 - sec_monitor - INFO - Timestamp: 2025-03-17 12:40:01
2025-03-17 12:40:04,183 - sec_monitor - INFO - API call successful
2025-03-17 12:40:05,184 - sec_monitor - INFO - Fetching supplementary data...
2025-03-17 12:40:05,678 - sec_monitor - INFO - filing_tickers type: <class 'list'>
2025-03-17 12:40:05,678 - sec_monitor - INFO - filing_data type: <class 'list'>
2025-03-17 12:40:05,678 - sec_monitor - INFO - Market open: False
2025-03-17 12:40:05,678 - sec_monitor - INFO - Number of filing times mapped: 2
2025-03-17 12:40:05,750 - sec_monitor - INFO - Last trading day: 2025-03-17
2025-03-17 12:40:05,751 - sec_monitor - INFO - Processing ticker: GLW
2025-03-17 12:40:06,040 - sec_monitor - INFO - Number of bars for GLW: 3
2025-03-17 12:40:06,040 - sec_monitor - INFO - Last bar close for GLW: 46.75
2025-03-17 12:40:06,041 - sec_monitor - INFO - Outside market hours price for GLW: 46.75
2025-03-17 12:40:06,041 - sec_monitor - INFO - Processing ticker: AON
2025-03-17 12:40:06,117 - sec_monitor - INFO - Number of bars for AON: 3
2025-03-17 12:40:06,117 - sec_monitor - INFO - Last bar close for AON: 399.09
2025-03-17 12:40:06,117 - sec_monitor - INFO - Outside market hours price for AON: 399.09
2025-03-17 12:40:06,870 - sec_monitor - INFO - Generating final output...
2025-03-17 12:40:06,871 - sec_monitor - INFO - Successfully merged 2 new filings with existing JSON
2025-03-17 12:40:06,871 - sec_monitor - INFO - Cumulative stats - Input words: 21053, Output words: 221
2025-03-17 12:40:06,871 - sec_monitor - INFO - Successfully saved/merged output to output/sec_filings.json
2025-03-17 12:40:06,871 - sec_monitor - INFO - Processing complete. Stats: {'input_words': 12548, 'output_words': 147, 'filings_processed': 2}
