2025-05-08 11:10:08,025 - sec_monitor - INFO - Starting SEC filing monitor 
2025-05-08 11:10:08,025 - sec_monitor - INFO - Loading S&P 500 data...
2025-05-08 11:10:08,026 - sec_monitor - INFO - Starting S&P 500 data initialization
2025-05-08 11:10:08,026 - sec_monitor - INFO - Successfully loaded 503 S&P 500 tickers
2025-05-08 11:10:08,026 - sec_monitor - INFO - Successfully loaded 503 S&P 500 tickers
2025-05-08 11:10:08,026 - sec_monitor - INFO - Initializing components...
2025-05-08 11:10:08,026 - sec_monitor - INFO - Initializing components
2025-05-08 11:10:08,026 - sec_monitor - INFO - SEC fetcher initialized
2025-05-08 11:10:08,026 - sec_monitor - INFO - Filing analyzer initialized
2025-05-08 11:10:08,027 - sec_monitor - INFO - Alpaca clients initialized
2025-05-08 11:10:08,027 - sec_monitor - INFO - All components initialized successfully
2025-05-08 11:10:08,028 - sec_monitor - INFO - Found old JSON file, archiving
2025-05-08 11:10:08,028 - sec_monitor - INFO - Starting new filing collection for today
2025-05-08 11:10:08,028 - sec_monitor - INFO - Fetching SEC filings...
2025-05-08 11:10:22,697 - sec_monitor - INFO - No more entries found
2025-05-08 11:10:22,697 - sec_monitor - INFO - Completed fetching. Found 82 total filings
2025-05-08 11:10:22,697 - sec_monitor - INFO - Found 20 new interesting filings
2025-05-08 11:10:22,697 - sec_monitor - INFO - Found 20 new filings to process
2025-05-08 11:10:22,697 - sec_monitor - INFO - Processing filing 1/20: WBD
2025-05-08 11:11:49,126 - sec_monitor - INFO - ==================================================
2025-05-08 11:11:49,126 - sec_monitor - INFO - Processing first chunk
2025-05-08 11:11:49,127 - sec_monitor - INFO - Timestamp: 2025-05-08 11:11:49
2025-05-08 11:11:49,547 - sec_monitor - INFO - token percentage = 47%
2025-05-08 11:11:49,547 - sec_monitor - INFO - Making API call - Attempt 1/3
2025-05-08 11:11:49,547 - sec_monitor - INFO - Timestamp: 2025-05-08 11:11:49
2025-05-08 11:12:05,934 - sec_monitor - INFO - API call successful
2025-05-08 11:12:35,954 - sec_monitor - INFO - ==================================================
2025-05-08 11:12:35,954 - sec_monitor - INFO - Processing middle chunk
2025-05-08 11:12:35,954 - sec_monitor - INFO - Timestamp: 2025-05-08 11:12:35
2025-05-08 11:12:36,317 - sec_monitor - INFO - token percentage = 51%
2025-05-08 11:12:36,317 - sec_monitor - INFO - Making API call - Attempt 1/3
2025-05-08 11:12:36,317 - sec_monitor - INFO - Timestamp: 2025-05-08 11:12:36
2025-05-08 11:12:54,030 - sec_monitor - INFO - API call successful
2025-05-08 11:13:24,040 - sec_monitor - INFO - ==================================================
2025-05-08 11:13:24,040 - sec_monitor - INFO - Processing middle chunk
2025-05-08 11:13:24,040 - sec_monitor - INFO - Timestamp: 2025-05-08 11:13:24
2025-05-08 11:13:24,368 - sec_monitor - INFO - token percentage = 50%
2025-05-08 11:13:24,368 - sec_monitor - INFO - Making API call - Attempt 1/3
2025-05-08 11:13:24,368 - sec_monitor - INFO - Timestamp: 2025-05-08 11:13:24
2025-05-08 11:13:41,494 - sec_monitor - INFO - API call successful
2025-05-08 11:14:11,525 - sec_monitor - INFO - ==================================================
2025-05-08 11:14:11,525 - sec_monitor - INFO - Processing middle chunk
2025-05-08 11:14:11,525 - sec_monitor - INFO - Timestamp: 2025-05-08 11:14:11
2025-05-08 11:14:12,013 - sec_monitor - INFO - token percentage = 51%
2025-05-08 11:14:12,013 - sec_monitor - INFO - Making API call - Attempt 1/3
2025-05-08 11:14:12,013 - sec_monitor - INFO - Timestamp: 2025-05-08 11:14:12
2025-05-08 11:14:29,159 - sec_monitor - INFO - API call successful
2025-05-08 11:14:59,189 - sec_monitor - INFO - ==================================================
2025-05-08 11:14:59,189 - sec_monitor - INFO - Processing middle chunk
2025-05-08 11:14:59,189 - sec_monitor - INFO - Timestamp: 2025-05-08 11:14:59
2025-05-08 11:14:59,639 - sec_monitor - INFO - token percentage = 51%
2025-05-08 11:14:59,640 - sec_monitor - INFO - Making API call - Attempt 1/3
2025-05-08 11:14:59,640 - sec_monitor - INFO - Timestamp: 2025-05-08 11:14:59
2025-05-08 11:15:16,776 - sec_monitor - INFO - API call successful
2025-05-08 11:15:46,786 - sec_monitor - INFO - ==================================================
2025-05-08 11:15:46,786 - sec_monitor - INFO - Processing middle chunk
2025-05-08 11:15:46,786 - sec_monitor - INFO - Timestamp: 2025-05-08 11:15:46
2025-05-08 11:15:47,230 - sec_monitor - INFO - token percentage = 50%
2025-05-08 11:15:47,230 - sec_monitor - INFO - Making API call - Attempt 1/3
2025-05-08 11:15:47,230 - sec_monitor - INFO - Timestamp: 2025-05-08 11:15:47
2025-05-08 11:16:04,330 - sec_monitor - INFO - API call successful
2025-05-08 11:16:34,361 - sec_monitor - INFO - ==================================================
2025-05-08 11:16:34,361 - sec_monitor - INFO - Processing middle chunk
2025-05-08 11:16:34,361 - sec_monitor - INFO - Timestamp: 2025-05-08 11:16:34
2025-05-08 11:16:34,744 - sec_monitor - INFO - token percentage = 49%
2025-05-08 11:16:34,744 - sec_monitor - INFO - Making API call - Attempt 1/3
2025-05-08 11:16:34,744 - sec_monitor - INFO - Timestamp: 2025-05-08 11:16:34
2025-05-08 11:16:51,668 - sec_monitor - INFO - API call successful
2025-05-08 11:17:21,672 - sec_monitor - INFO - ==================================================
2025-05-08 11:17:21,672 - sec_monitor - INFO - Processing middle chunk
2025-05-08 11:17:21,672 - sec_monitor - INFO - Timestamp: 2025-05-08 11:17:21
2025-05-08 11:17:22,027 - sec_monitor - INFO - token percentage = 51%
2025-05-08 11:17:22,027 - sec_monitor - INFO - Making API call - Attempt 1/3
2025-05-08 11:17:22,027 - sec_monitor - INFO - Timestamp: 2025-05-08 11:17:22
2025-05-08 11:17:39,148 - sec_monitor - INFO - API call successful
2025-05-08 11:18:09,150 - sec_monitor - INFO - ==================================================
2025-05-08 11:18:09,150 - sec_monitor - INFO - Processing last chunk
2025-05-08 11:18:09,150 - sec_monitor - INFO - Timestamp: 2025-05-08 11:18:09
2025-05-08 11:18:09,283 - sec_monitor - INFO - token percentage = 6%
2025-05-08 11:18:09,283 - sec_monitor - INFO - Making API call - Attempt 1/3
2025-05-08 11:18:09,283 - sec_monitor - INFO - Timestamp: 2025-05-08 11:18:09
2025-05-08 11:18:12,209 - sec_monitor - INFO - API call successful
2025-05-08 11:18:12,210 - sec_monitor - INFO - Making combine API call - Attempt 1/3
2025-05-08 11:18:12,210 - sec_monitor - INFO - Timestamp: 2025-05-08 11:18:12
2025-05-08 11:18:13,419 - sec_monitor - INFO - Combine API call successful
2025-05-08 11:18:14,420 - sec_monitor - INFO - Processing filing 2/20: EVRG
2025-05-08 11:18:45,530 - sec_monitor - INFO - ==================================================
2025-05-08 11:18:45,530 - sec_monitor - INFO - Processing first chunk
2025-05-08 11:18:45,530 - sec_monitor - INFO - Timestamp: 2025-05-08 11:18:45
2025-05-08 11:18:45,696 - sec_monitor - INFO - token percentage = 4%
2025-05-08 11:18:45,696 - sec_monitor - INFO - Making API call - Attempt 1/3
2025-05-08 11:18:45,696 - sec_monitor - INFO - Timestamp: 2025-05-08 11:18:45
2025-05-08 11:18:49,330 - sec_monitor - INFO - API call successful
2025-05-08 11:18:50,331 - sec_monitor - INFO - Processing filing 3/20: KVUE
2025-05-08 11:19:22,254 - sec_monitor - INFO - ==================================================
2025-05-08 11:19:22,254 - sec_monitor - INFO - Processing first chunk
2025-05-08 11:19:22,254 - sec_monitor - INFO - Timestamp: 2025-05-08 11:19:22
2025-05-08 11:19:22,549 - sec_monitor - INFO - token percentage = 18%
2025-05-08 11:19:22,549 - sec_monitor - INFO - Making API call - Attempt 1/3
2025-05-08 11:19:22,549 - sec_monitor - INFO - Timestamp: 2025-05-08 11:19:22
2025-05-08 11:19:29,716 - sec_monitor - INFO - API call successful
2025-05-08 11:19:30,717 - sec_monitor - INFO - Processing filing 4/20: TPR
2025-05-08 11:20:23,029 - sec_monitor - INFO - ==================================================
2025-05-08 11:20:23,029 - sec_monitor - INFO - Processing first chunk
2025-05-08 11:20:23,029 - sec_monitor - INFO - Timestamp: 2025-05-08 11:20:23
2025-05-08 11:20:23,995 - sec_monitor - INFO - token percentage = 47%
2025-05-08 11:20:23,996 - sec_monitor - INFO - Making API call - Attempt 1/3
2025-05-08 11:20:23,996 - sec_monitor - INFO - Timestamp: 2025-05-08 11:20:23
2025-05-08 11:20:41,591 - sec_monitor - INFO - API call successful
2025-05-08 11:21:11,621 - sec_monitor - INFO - ==================================================
2025-05-08 11:21:11,621 - sec_monitor - INFO - Processing middle chunk
2025-05-08 11:21:11,621 - sec_monitor - INFO - Timestamp: 2025-05-08 11:21:11
2025-05-08 11:21:12,617 - sec_monitor - INFO - token percentage = 53%
2025-05-08 11:21:12,617 - sec_monitor - INFO - Making API call - Attempt 1/3
2025-05-08 11:21:12,617 - sec_monitor - INFO - Timestamp: 2025-05-08 11:21:12
2025-05-08 11:21:31,999 - sec_monitor - INFO - API call successful
2025-05-08 11:22:02,029 - sec_monitor - INFO - ==================================================
2025-05-08 11:22:02,030 - sec_monitor - INFO - Processing middle chunk
2025-05-08 11:22:02,030 - sec_monitor - INFO - Timestamp: 2025-05-08 11:22:02
2025-05-08 11:22:02,776 - sec_monitor - INFO - token percentage = 53%
2025-05-08 11:22:02,776 - sec_monitor - INFO - Making API call - Attempt 1/3
2025-05-08 11:22:02,776 - sec_monitor - INFO - Timestamp: 2025-05-08 11:22:02
2025-05-08 11:22:22,352 - sec_monitor - INFO - API call successful
2025-05-08 11:22:52,360 - sec_monitor - INFO - ==================================================
2025-05-08 11:22:52,360 - sec_monitor - INFO - Processing last chunk
2025-05-08 11:22:52,360 - sec_monitor - INFO - Timestamp: 2025-05-08 11:22:52
2025-05-08 11:22:52,769 - sec_monitor - INFO - token percentage = 16%
2025-05-08 11:22:52,769 - sec_monitor - INFO - Making API call - Attempt 1/3
2025-05-08 11:22:52,769 - sec_monitor - INFO - Timestamp: 2025-05-08 11:22:52
2025-05-08 11:22:59,137 - sec_monitor - INFO - API call successful
2025-05-08 11:22:59,138 - sec_monitor - INFO - Making combine API call - Attempt 1/3
2025-05-08 11:22:59,138 - sec_monitor - INFO - Timestamp: 2025-05-08 11:22:59
2025-05-08 11:23:00,181 - sec_monitor - INFO - Combine API call successful
2025-05-08 11:23:01,182 - sec_monitor - INFO - Processing filing 5/20: K
2025-05-08 11:23:31,976 - sec_monitor - INFO - ==================================================
2025-05-08 11:23:31,976 - sec_monitor - INFO - Processing first chunk
2025-05-08 11:23:31,977 - sec_monitor - INFO - Timestamp: 2025-05-08 11:23:31
2025-05-08 11:23:32,114 - sec_monitor - INFO - token percentage = 3%
2025-05-08 11:23:32,114 - sec_monitor - INFO - Making API call - Attempt 1/3
2025-05-08 11:23:32,114 - sec_monitor - INFO - Timestamp: 2025-05-08 11:23:32
2025-05-08 11:23:33,505 - sec_monitor - INFO - API call successful
2025-05-08 11:23:34,507 - sec_monitor - INFO - Processing filing 6/20: TPR
2025-05-08 11:24:05,977 - sec_monitor - INFO - ==================================================
2025-05-08 11:24:05,977 - sec_monitor - INFO - Processing first chunk
2025-05-08 11:24:05,978 - sec_monitor - INFO - Timestamp: 2025-05-08 11:24:05
2025-05-08 11:24:06,195 - sec_monitor - INFO - token percentage = 8%
2025-05-08 11:24:06,195 - sec_monitor - INFO - Making API call - Attempt 1/3
2025-05-08 11:24:06,195 - sec_monitor - INFO - Timestamp: 2025-05-08 11:24:06
2025-05-08 11:24:10,899 - sec_monitor - INFO - API call successful
2025-05-08 11:24:11,900 - sec_monitor - INFO - Processing filing 7/20: EPAM
2025-05-08 11:24:43,332 - sec_monitor - INFO - ==================================================
2025-05-08 11:24:43,333 - sec_monitor - INFO - Processing first chunk
2025-05-08 11:24:43,333 - sec_monitor - INFO - Timestamp: 2025-05-08 11:24:43
2025-05-08 11:24:43,560 - sec_monitor - INFO - token percentage = 14%
2025-05-08 11:24:43,560 - sec_monitor - INFO - Making API call - Attempt 1/3
2025-05-08 11:24:43,561 - sec_monitor - INFO - Timestamp: 2025-05-08 11:24:43
2025-05-08 11:24:50,833 - sec_monitor - INFO - API call successful
2025-05-08 11:24:51,834 - sec_monitor - INFO - Processing filing 8/20: VST
2025-05-08 11:26:27,479 - sec_monitor - INFO - ==================================================
2025-05-08 11:26:27,480 - sec_monitor - INFO - Processing first chunk
2025-05-08 11:26:27,480 - sec_monitor - INFO - Timestamp: 2025-05-08 11:26:27
2025-05-08 11:26:28,776 - sec_monitor - INFO - token percentage = 39%
2025-05-08 11:26:28,777 - sec_monitor - INFO - Making API call - Attempt 1/3
2025-05-08 11:26:28,777 - sec_monitor - INFO - Timestamp: 2025-05-08 11:26:28
2025-05-08 11:26:43,342 - sec_monitor - INFO - API call successful
2025-05-08 11:27:13,343 - sec_monitor - INFO - ==================================================
2025-05-08 11:27:13,343 - sec_monitor - INFO - Processing middle chunk
2025-05-08 11:27:13,343 - sec_monitor - INFO - Timestamp: 2025-05-08 11:27:13
2025-05-08 11:27:14,140 - sec_monitor - INFO - token percentage = 49%
2025-05-08 11:27:14,140 - sec_monitor - INFO - Making API call - Attempt 1/3
2025-05-08 11:27:14,140 - sec_monitor - INFO - Timestamp: 2025-05-08 11:27:14
2025-05-08 11:27:31,336 - sec_monitor - INFO - API call successful
2025-05-08 11:28:01,352 - sec_monitor - INFO - ==================================================
2025-05-08 11:28:01,352 - sec_monitor - INFO - Processing middle chunk
2025-05-08 11:28:01,352 - sec_monitor - INFO - Timestamp: 2025-05-08 11:28:01
2025-05-08 11:28:02,023 - sec_monitor - INFO - token percentage = 68%
2025-05-08 11:28:02,023 - sec_monitor - INFO - Making API call - Attempt 1/3
2025-05-08 11:28:02,023 - sec_monitor - INFO - Timestamp: 2025-05-08 11:28:02
2025-05-08 11:28:26,827 - sec_monitor - INFO - API call successful
2025-05-08 11:28:56,856 - sec_monitor - INFO - ==================================================
2025-05-08 11:28:56,856 - sec_monitor - INFO - Processing middle chunk
2025-05-08 11:28:56,856 - sec_monitor - INFO - Timestamp: 2025-05-08 11:28:56
2025-05-08 11:28:57,917 - sec_monitor - INFO - token percentage = 46%
2025-05-08 11:28:57,917 - sec_monitor - INFO - Making API call - Attempt 1/3
2025-05-08 11:28:57,917 - sec_monitor - INFO - Timestamp: 2025-05-08 11:28:57
2025-05-08 11:29:14,848 - sec_monitor - INFO - API call successful
2025-05-08 11:29:44,877 - sec_monitor - INFO - ==================================================
2025-05-08 11:29:44,877 - sec_monitor - INFO - Processing last chunk
2025-05-08 11:29:44,877 - sec_monitor - INFO - Timestamp: 2025-05-08 11:29:44
2025-05-08 11:29:45,835 - sec_monitor - INFO - token percentage = 43%
2025-05-08 11:29:45,835 - sec_monitor - INFO - Making API call - Attempt 1/3
2025-05-08 11:29:45,835 - sec_monitor - INFO - Timestamp: 2025-05-08 11:29:45
2025-05-08 11:30:01,875 - sec_monitor - INFO - API call successful
2025-05-08 11:30:01,875 - sec_monitor - INFO - Making combine API call - Attempt 1/3
2025-05-08 11:30:01,876 - sec_monitor - INFO - Timestamp: 2025-05-08 11:30:01
2025-05-08 11:30:03,352 - sec_monitor - INFO - Combine API call successful
2025-05-08 11:30:04,353 - sec_monitor - INFO - Processing filing 9/20: HON
2025-05-08 11:30:36,081 - sec_monitor - INFO - ==================================================
2025-05-08 11:30:36,081 - sec_monitor - INFO - Processing first chunk
2025-05-08 11:30:36,081 - sec_monitor - INFO - Timestamp: 2025-05-08 11:30:36
2025-05-08 11:30:36,638 - sec_monitor - INFO - token percentage = 15%
2025-05-08 11:30:36,638 - sec_monitor - INFO - Making API call - Attempt 1/3
2025-05-08 11:30:36,638 - sec_monitor - INFO - Timestamp: 2025-05-08 11:30:36
2025-05-08 11:30:42,837 - sec_monitor - INFO - API call successful
2025-05-08 11:30:43,838 - sec_monitor - INFO - Processing filing 10/20: EVRG
2025-05-08 11:31:52,129 - sec_monitor - INFO - ==================================================
2025-05-08 11:31:52,129 - sec_monitor - INFO - Processing first chunk
2025-05-08 11:31:52,129 - sec_monitor - INFO - Timestamp: 2025-05-08 11:31:52
2025-05-08 11:31:53,043 - sec_monitor - INFO - token percentage = 43%
2025-05-08 11:31:53,043 - sec_monitor - INFO - Making API call - Attempt 1/3
2025-05-08 11:31:53,044 - sec_monitor - INFO - Timestamp: 2025-05-08 11:31:53
2025-05-08 11:32:09,815 - sec_monitor - INFO - API call successful
2025-05-08 11:32:39,832 - sec_monitor - INFO - ==================================================
2025-05-08 11:32:39,832 - sec_monitor - INFO - Processing middle chunk
2025-05-08 11:32:39,832 - sec_monitor - INFO - Timestamp: 2025-05-08 11:32:39
2025-05-08 11:32:40,639 - sec_monitor - INFO - token percentage = 46%
2025-05-08 11:32:40,639 - sec_monitor - INFO - Making API call - Attempt 1/3
2025-05-08 11:32:40,639 - sec_monitor - INFO - Timestamp: 2025-05-08 11:32:40
2025-05-08 11:32:58,209 - sec_monitor - INFO - API call successful
2025-05-08 11:33:28,239 - sec_monitor - INFO - ==================================================
2025-05-08 11:33:28,240 - sec_monitor - INFO - Processing middle chunk
2025-05-08 11:33:28,240 - sec_monitor - INFO - Timestamp: 2025-05-08 11:33:28
2025-05-08 11:33:29,071 - sec_monitor - INFO - token percentage = 66%
2025-05-08 11:33:29,072 - sec_monitor - INFO - Making API call - Attempt 1/3
2025-05-08 11:33:29,072 - sec_monitor - INFO - Timestamp: 2025-05-08 11:33:29
2025-05-08 11:33:53,420 - sec_monitor - INFO - API call successful
2025-05-08 11:34:23,432 - sec_monitor - INFO - ==================================================
2025-05-08 11:34:23,432 - sec_monitor - INFO - Processing middle chunk
2025-05-08 11:34:23,433 - sec_monitor - INFO - Timestamp: 2025-05-08 11:34:23
2025-05-08 11:34:24,127 - sec_monitor - INFO - token percentage = 47%
2025-05-08 11:34:24,127 - sec_monitor - INFO - Making API call - Attempt 1/3
2025-05-08 11:34:24,127 - sec_monitor - INFO - Timestamp: 2025-05-08 11:34:24
2025-05-08 11:34:41,250 - sec_monitor - INFO - API call successful
2025-05-08 11:35:11,256 - sec_monitor - INFO - ==================================================
2025-05-08 11:35:11,256 - sec_monitor - INFO - Processing middle chunk
2025-05-08 11:35:11,256 - sec_monitor - INFO - Timestamp: 2025-05-08 11:35:11
2025-05-08 11:35:11,965 - sec_monitor - INFO - token percentage = 46%
2025-05-08 11:35:11,965 - sec_monitor - INFO - Making API call - Attempt 1/3
2025-05-08 11:35:11,965 - sec_monitor - INFO - Timestamp: 2025-05-08 11:35:11
2025-05-08 11:35:29,224 - sec_monitor - INFO - API call successful
2025-05-08 11:35:59,254 - sec_monitor - INFO - ==================================================
2025-05-08 11:35:59,254 - sec_monitor - INFO - Processing last chunk
2025-05-08 11:35:59,254 - sec_monitor - INFO - Timestamp: 2025-05-08 11:35:59
2025-05-08 11:35:59,469 - sec_monitor - INFO - token percentage = 6%
2025-05-08 11:35:59,470 - sec_monitor - INFO - Making API call - Attempt 1/3
2025-05-08 11:35:59,470 - sec_monitor - INFO - Timestamp: 2025-05-08 11:35:59
2025-05-08 11:36:03,226 - sec_monitor - INFO - API call successful
2025-05-08 11:36:03,227 - sec_monitor - INFO - Making combine API call - Attempt 1/3
2025-05-08 11:36:03,227 - sec_monitor - INFO - Timestamp: 2025-05-08 11:36:03
2025-05-08 11:36:04,350 - sec_monitor - INFO - Combine API call successful
2025-05-08 11:36:05,352 - sec_monitor - INFO - Processing filing 11/20: FI
2025-05-08 11:36:37,927 - sec_monitor - INFO - ==================================================
2025-05-08 11:36:37,927 - sec_monitor - INFO - Processing first chunk
2025-05-08 11:36:37,928 - sec_monitor - INFO - Timestamp: 2025-05-08 11:36:37
2025-05-08 11:36:38,602 - sec_monitor - INFO - token percentage = 23%
2025-05-08 11:36:38,603 - sec_monitor - INFO - Making API call - Attempt 1/3
2025-05-08 11:36:38,603 - sec_monitor - INFO - Timestamp: 2025-05-08 11:36:38
2025-05-08 11:36:49,031 - sec_monitor - INFO - API call successful
2025-05-08 11:36:50,032 - sec_monitor - INFO - Processing filing 12/20: UPS
2025-05-08 11:37:45,895 - sec_monitor - INFO - ==================================================
2025-05-08 11:37:45,895 - sec_monitor - INFO - Processing first chunk
2025-05-08 11:37:45,895 - sec_monitor - INFO - Timestamp: 2025-05-08 11:37:45
2025-05-08 11:37:47,492 - sec_monitor - INFO - token percentage = 41%
2025-05-08 11:37:47,493 - sec_monitor - INFO - Making API call - Attempt 1/3
2025-05-08 11:37:47,493 - sec_monitor - INFO - Timestamp: 2025-05-08 11:37:47
2025-05-08 11:38:03,224 - sec_monitor - INFO - API call successful
2025-05-08 11:38:33,254 - sec_monitor - INFO - ==================================================
2025-05-08 11:38:33,255 - sec_monitor - INFO - Processing middle chunk
2025-05-08 11:38:33,255 - sec_monitor - INFO - Timestamp: 2025-05-08 11:38:33
2025-05-08 11:38:33,950 - sec_monitor - INFO - token percentage = 50%
2025-05-08 11:38:33,950 - sec_monitor - INFO - Making API call - Attempt 1/3
2025-05-08 11:38:33,950 - sec_monitor - INFO - Timestamp: 2025-05-08 11:38:33
2025-05-08 11:38:51,752 - sec_monitor - INFO - API call successful
2025-05-08 11:39:21,782 - sec_monitor - INFO - ==================================================
2025-05-08 11:39:21,782 - sec_monitor - INFO - Processing middle chunk
2025-05-08 11:39:21,782 - sec_monitor - INFO - Timestamp: 2025-05-08 11:39:21
2025-05-08 11:39:22,587 - sec_monitor - INFO - token percentage = 61%
2025-05-08 11:39:22,588 - sec_monitor - INFO - Making API call - Attempt 1/3
2025-05-08 11:39:22,588 - sec_monitor - INFO - Timestamp: 2025-05-08 11:39:22
2025-05-08 11:39:45,128 - sec_monitor - INFO - API call successful
2025-05-08 11:40:15,158 - sec_monitor - INFO - ==================================================
2025-05-08 11:40:15,159 - sec_monitor - INFO - Processing last chunk
2025-05-08 11:40:15,159 - sec_monitor - INFO - Timestamp: 2025-05-08 11:40:15
2025-05-08 11:40:16,247 - sec_monitor - INFO - token percentage = 36%
2025-05-08 11:40:16,247 - sec_monitor - INFO - Making API call - Attempt 1/3
2025-05-08 11:40:16,247 - sec_monitor - INFO - Timestamp: 2025-05-08 11:40:16
2025-05-08 11:40:28,775 - sec_monitor - INFO - API call successful
2025-05-08 11:40:28,775 - sec_monitor - INFO - Making combine API call - Attempt 1/3
2025-05-08 11:40:28,775 - sec_monitor - INFO - Timestamp: 2025-05-08 11:40:28
2025-05-08 11:40:29,740 - sec_monitor - INFO - Combine API call successful
2025-05-08 11:40:30,741 - sec_monitor - INFO - Processing filing 13/20: SWKS
2025-05-08 11:41:12,136 - sec_monitor - INFO - ==================================================
2025-05-08 11:41:12,136 - sec_monitor - INFO - Processing first chunk
2025-05-08 11:41:12,136 - sec_monitor - INFO - Timestamp: 2025-05-08 11:41:12
2025-05-08 11:41:13,060 - sec_monitor - INFO - token percentage = 44%
2025-05-08 11:41:13,060 - sec_monitor - INFO - Making API call - Attempt 1/3
2025-05-08 11:41:13,060 - sec_monitor - INFO - Timestamp: 2025-05-08 11:41:13
2025-05-08 11:41:29,073 - sec_monitor - INFO - API call successful
2025-05-08 11:41:59,104 - sec_monitor - INFO - ==================================================
2025-05-08 11:41:59,104 - sec_monitor - INFO - Processing last chunk
2025-05-08 11:41:59,104 - sec_monitor - INFO - Timestamp: 2025-05-08 11:41:59
2025-05-08 11:41:59,963 - sec_monitor - INFO - token percentage = 47%
2025-05-08 11:41:59,963 - sec_monitor - INFO - Making API call - Attempt 1/3
2025-05-08 11:41:59,963 - sec_monitor - INFO - Timestamp: 2025-05-08 11:41:59
2025-05-08 11:42:16,218 - sec_monitor - INFO - API call successful
2025-05-08 11:42:16,218 - sec_monitor - INFO - Making combine API call - Attempt 1/3
2025-05-08 11:42:16,219 - sec_monitor - INFO - Timestamp: 2025-05-08 11:42:16
2025-05-08 11:42:17,297 - sec_monitor - INFO - Combine API call successful
2025-05-08 11:42:18,298 - sec_monitor - INFO - Processing filing 14/20: CF
2025-05-08 11:43:19,016 - sec_monitor - INFO - ==================================================
2025-05-08 11:43:19,016 - sec_monitor - INFO - Processing first chunk
2025-05-08 11:43:19,017 - sec_monitor - INFO - Timestamp: 2025-05-08 11:43:19
2025-05-08 11:43:19,424 - sec_monitor - INFO - token percentage = 49%
2025-05-08 11:43:19,424 - sec_monitor - INFO - Making API call - Attempt 1/3
2025-05-08 11:43:19,424 - sec_monitor - INFO - Timestamp: 2025-05-08 11:43:19
2025-05-08 11:43:36,167 - sec_monitor - INFO - API call successful
2025-05-08 11:44:06,197 - sec_monitor - INFO - ==================================================
2025-05-08 11:44:06,197 - sec_monitor - INFO - Processing middle chunk
2025-05-08 11:44:06,197 - sec_monitor - INFO - Timestamp: 2025-05-08 11:44:06
2025-05-08 11:44:06,603 - sec_monitor - INFO - token percentage = 51%
2025-05-08 11:44:06,603 - sec_monitor - INFO - Making API call - Attempt 1/3
2025-05-08 11:44:06,604 - sec_monitor - INFO - Timestamp: 2025-05-08 11:44:06
2025-05-08 11:44:24,010 - sec_monitor - INFO - API call successful
2025-05-08 11:44:54,040 - sec_monitor - INFO - ==================================================
2025-05-08 11:44:54,041 - sec_monitor - INFO - Processing middle chunk
2025-05-08 11:44:54,041 - sec_monitor - INFO - Timestamp: 2025-05-08 11:44:54
2025-05-08 11:44:54,487 - sec_monitor - INFO - token percentage = 51%
2025-05-08 11:44:54,487 - sec_monitor - INFO - Making API call - Attempt 1/3
2025-05-08 11:44:54,488 - sec_monitor - INFO - Timestamp: 2025-05-08 11:44:54
2025-05-08 11:45:11,467 - sec_monitor - INFO - API call successful
2025-05-08 11:45:41,497 - sec_monitor - INFO - ==================================================
2025-05-08 11:45:41,497 - sec_monitor - INFO - Processing middle chunk
2025-05-08 11:45:41,497 - sec_monitor - INFO - Timestamp: 2025-05-08 11:45:41
2025-05-08 11:45:42,196 - sec_monitor - INFO - token percentage = 51%
2025-05-08 11:45:42,196 - sec_monitor - INFO - Making API call - Attempt 1/3
2025-05-08 11:45:42,196 - sec_monitor - INFO - Timestamp: 2025-05-08 11:45:42
2025-05-08 11:45:59,187 - sec_monitor - INFO - API call successful
2025-05-08 11:46:29,215 - sec_monitor - INFO - ==================================================
2025-05-08 11:46:29,215 - sec_monitor - INFO - Processing middle chunk
2025-05-08 11:46:29,215 - sec_monitor - INFO - Timestamp: 2025-05-08 11:46:29
2025-05-08 11:46:29,752 - sec_monitor - INFO - token percentage = 49%
2025-05-08 11:46:29,752 - sec_monitor - INFO - Making API call - Attempt 1/3
2025-05-08 11:46:29,752 - sec_monitor - INFO - Timestamp: 2025-05-08 11:46:29
2025-05-08 11:46:47,211 - sec_monitor - INFO - API call successful
2025-05-08 11:47:17,242 - sec_monitor - INFO - ==================================================
2025-05-08 11:47:17,242 - sec_monitor - INFO - Processing last chunk
2025-05-08 11:47:17,242 - sec_monitor - INFO - Timestamp: 2025-05-08 11:47:17
2025-05-08 11:47:17,559 - sec_monitor - INFO - token percentage = 41%
2025-05-08 11:47:17,559 - sec_monitor - INFO - Making API call - Attempt 1/3
2025-05-08 11:47:17,559 - sec_monitor - INFO - Timestamp: 2025-05-08 11:47:17
2025-05-08 11:47:31,514 - sec_monitor - INFO - API call successful
2025-05-08 11:47:31,514 - sec_monitor - INFO - Making combine API call - Attempt 1/3
2025-05-08 11:47:31,514 - sec_monitor - INFO - Timestamp: 2025-05-08 11:47:31
2025-05-08 11:47:32,404 - sec_monitor - INFO - Combine API call successful
2025-05-08 11:47:33,406 - sec_monitor - INFO - Processing filing 15/20: AWK
2025-05-08 11:48:04,493 - sec_monitor - INFO - ==================================================
2025-05-08 11:48:04,493 - sec_monitor - INFO - Processing first chunk
2025-05-08 11:48:04,493 - sec_monitor - INFO - Timestamp: 2025-05-08 11:48:04
2025-05-08 11:48:04,701 - sec_monitor - INFO - token percentage = 9%
2025-05-08 11:48:04,701 - sec_monitor - INFO - Making API call - Attempt 1/3
2025-05-08 11:48:04,701 - sec_monitor - INFO - Timestamp: 2025-05-08 11:48:04
2025-05-08 11:48:08,944 - sec_monitor - INFO - API call successful
2025-05-08 11:48:09,945 - sec_monitor - INFO - Processing filing 16/20: BLK
2025-05-08 11:49:42,572 - sec_monitor - INFO - ==================================================
2025-05-08 11:49:42,572 - sec_monitor - INFO - Processing first chunk
2025-05-08 11:49:42,572 - sec_monitor - INFO - Timestamp: 2025-05-08 11:49:42
2025-05-08 11:49:43,518 - sec_monitor - INFO - token percentage = 39%
2025-05-08 11:49:43,518 - sec_monitor - INFO - Making API call - Attempt 1/3
2025-05-08 11:49:43,518 - sec_monitor - INFO - Timestamp: 2025-05-08 11:49:43
2025-05-08 11:49:57,482 - sec_monitor - INFO - API call successful
2025-05-08 11:50:27,496 - sec_monitor - INFO - ==================================================
2025-05-08 11:50:27,496 - sec_monitor - INFO - Processing middle chunk
2025-05-08 11:50:27,497 - sec_monitor - INFO - Timestamp: 2025-05-08 11:50:27
2025-05-08 11:50:28,533 - sec_monitor - INFO - token percentage = 51%
2025-05-08 11:50:28,533 - sec_monitor - INFO - Making API call - Attempt 1/3
2025-05-08 11:50:28,533 - sec_monitor - INFO - Timestamp: 2025-05-08 11:50:28
2025-05-08 11:50:47,384 - sec_monitor - INFO - API call successful
2025-05-08 11:51:17,415 - sec_monitor - INFO - ==================================================
2025-05-08 11:51:17,415 - sec_monitor - INFO - Processing middle chunk
2025-05-08 11:51:17,415 - sec_monitor - INFO - Timestamp: 2025-05-08 11:51:17
2025-05-08 11:51:18,158 - sec_monitor - INFO - token percentage = 59%
2025-05-08 11:51:18,159 - sec_monitor - INFO - Making API call - Attempt 1/3
2025-05-08 11:51:18,159 - sec_monitor - INFO - Timestamp: 2025-05-08 11:51:18
2025-05-08 11:51:39,523 - sec_monitor - INFO - API call successful
2025-05-08 11:52:09,553 - sec_monitor - INFO - ==================================================
2025-05-08 11:52:09,553 - sec_monitor - INFO - Processing middle chunk
2025-05-08 11:52:09,553 - sec_monitor - INFO - Timestamp: 2025-05-08 11:52:09
2025-05-08 11:52:10,437 - sec_monitor - INFO - token percentage = 54%
2025-05-08 11:52:10,438 - sec_monitor - INFO - Making API call - Attempt 1/3
2025-05-08 11:52:10,438 - sec_monitor - INFO - Timestamp: 2025-05-08 11:52:10
2025-05-08 11:52:29,901 - sec_monitor - INFO - API call successful
2025-05-08 11:52:59,932 - sec_monitor - INFO - ==================================================
2025-05-08 11:52:59,932 - sec_monitor - INFO - Processing middle chunk
2025-05-08 11:52:59,932 - sec_monitor - INFO - Timestamp: 2025-05-08 11:52:59
2025-05-08 11:53:00,969 - sec_monitor - INFO - token percentage = 49%
2025-05-08 11:53:00,970 - sec_monitor - INFO - Making API call - Attempt 1/3
2025-05-08 11:53:00,970 - sec_monitor - INFO - Timestamp: 2025-05-08 11:53:00
2025-05-08 11:53:18,850 - sec_monitor - INFO - API call successful
2025-05-08 11:53:48,872 - sec_monitor - INFO - ==================================================
2025-05-08 11:53:48,872 - sec_monitor - INFO - Processing middle chunk
2025-05-08 11:53:48,872 - sec_monitor - INFO - Timestamp: 2025-05-08 11:53:48
2025-05-08 11:53:49,913 - sec_monitor - INFO - token percentage = 49%
2025-05-08 11:53:49,913 - sec_monitor - INFO - Making API call - Attempt 1/3
2025-05-08 11:53:49,914 - sec_monitor - INFO - Timestamp: 2025-05-08 11:53:49
2025-05-08 11:54:07,729 - sec_monitor - INFO - API call successful
2025-05-08 11:54:37,760 - sec_monitor - INFO - ==================================================
2025-05-08 11:54:37,760 - sec_monitor - INFO - Processing middle chunk
2025-05-08 11:54:37,760 - sec_monitor - INFO - Timestamp: 2025-05-08 11:54:37
2025-05-08 11:54:38,718 - sec_monitor - INFO - token percentage = 49%
2025-05-08 11:54:38,719 - sec_monitor - INFO - Making API call - Attempt 1/3
2025-05-08 11:54:38,719 - sec_monitor - INFO - Timestamp: 2025-05-08 11:54:38
2025-05-08 11:54:56,488 - sec_monitor - INFO - API call successful
2025-05-08 11:55:26,518 - sec_monitor - INFO - ==================================================
2025-05-08 11:55:26,518 - sec_monitor - INFO - Processing last chunk
2025-05-08 11:55:26,518 - sec_monitor - INFO - Timestamp: 2025-05-08 11:55:26
2025-05-08 11:55:26,787 - sec_monitor - INFO - token percentage = 11%
2025-05-08 11:55:26,788 - sec_monitor - INFO - Making API call - Attempt 1/3
2025-05-08 11:55:26,788 - sec_monitor - INFO - Timestamp: 2025-05-08 11:55:26
2025-05-08 11:55:32,285 - sec_monitor - INFO - API call successful
2025-05-08 11:55:32,285 - sec_monitor - INFO - Making combine API call - Attempt 1/3
2025-05-08 11:55:32,285 - sec_monitor - INFO - Timestamp: 2025-05-08 11:55:32
2025-05-08 11:55:33,264 - sec_monitor - INFO - Combine API call successful
2025-05-08 11:55:34,265 - sec_monitor - INFO - Processing filing 17/20: CTVA
2025-05-08 11:56:12,543 - sec_monitor - INFO - ==================================================
2025-05-08 11:56:12,544 - sec_monitor - INFO - Processing first chunk
2025-05-08 11:56:12,544 - sec_monitor - INFO - Timestamp: 2025-05-08 11:56:12
2025-05-08 11:56:12,877 - sec_monitor - INFO - token percentage = 50%
2025-05-08 11:56:12,877 - sec_monitor - INFO - Making API call - Attempt 1/3
2025-05-08 11:56:12,878 - sec_monitor - INFO - Timestamp: 2025-05-08 11:56:12
2025-05-08 11:56:31,006 - sec_monitor - INFO - API call successful
2025-05-08 11:57:01,036 - sec_monitor - INFO - ==================================================
2025-05-08 11:57:01,037 - sec_monitor - INFO - Processing last chunk
2025-05-08 11:57:01,037 - sec_monitor - INFO - Timestamp: 2025-05-08 11:57:01
2025-05-08 11:57:01,314 - sec_monitor - INFO - token percentage = 26%
2025-05-08 11:57:01,315 - sec_monitor - INFO - Making API call - Attempt 1/3
2025-05-08 11:57:01,315 - sec_monitor - INFO - Timestamp: 2025-05-08 11:57:01
2025-05-08 11:57:10,283 - sec_monitor - INFO - API call successful
2025-05-08 11:57:10,283 - sec_monitor - INFO - Making combine API call - Attempt 1/3
2025-05-08 11:57:10,283 - sec_monitor - INFO - Timestamp: 2025-05-08 11:57:10
2025-05-08 11:57:11,362 - sec_monitor - INFO - Combine API call successful
2025-05-08 11:57:12,363 - sec_monitor - INFO - Processing filing 18/20: CF
2025-05-08 11:57:43,496 - sec_monitor - INFO - ==================================================
2025-05-08 11:57:43,496 - sec_monitor - INFO - Processing first chunk
2025-05-08 11:57:43,496 - sec_monitor - INFO - Timestamp: 2025-05-08 11:57:43
2025-05-08 11:57:43,692 - sec_monitor - INFO - token percentage = 6%
2025-05-08 11:57:43,692 - sec_monitor - INFO - Making API call - Attempt 1/3
2025-05-08 11:57:43,692 - sec_monitor - INFO - Timestamp: 2025-05-08 11:57:43
2025-05-08 11:57:47,456 - sec_monitor - INFO - API call successful
2025-05-08 11:57:48,457 - sec_monitor - INFO - Processing filing 19/20: AXON
2025-05-08 11:58:40,828 - sec_monitor - INFO - ==================================================
2025-05-08 11:58:40,828 - sec_monitor - INFO - Processing first chunk
2025-05-08 11:58:40,828 - sec_monitor - INFO - Timestamp: 2025-05-08 11:58:40
2025-05-08 11:58:41,828 - sec_monitor - INFO - token percentage = 39%
2025-05-08 11:58:41,828 - sec_monitor - INFO - Making API call - Attempt 1/3
2025-05-08 11:58:41,828 - sec_monitor - INFO - Timestamp: 2025-05-08 11:58:41
2025-05-08 11:58:57,699 - sec_monitor - INFO - API call successful
2025-05-08 11:59:27,729 - sec_monitor - INFO - ==================================================
2025-05-08 11:59:27,729 - sec_monitor - INFO - Processing middle chunk
2025-05-08 11:59:27,729 - sec_monitor - INFO - Timestamp: 2025-05-08 11:59:27
2025-05-08 11:59:28,646 - sec_monitor - INFO - token percentage = 47%
2025-05-08 11:59:28,647 - sec_monitor - INFO - Making API call - Attempt 1/3
2025-05-08 11:59:28,647 - sec_monitor - INFO - Timestamp: 2025-05-08 11:59:28
2025-05-08 11:59:45,510 - sec_monitor - INFO - API call successful
2025-05-08 12:00:15,512 - sec_monitor - INFO - ==================================================
2025-05-08 12:00:15,512 - sec_monitor - INFO - Processing middle chunk
2025-05-08 12:00:15,512 - sec_monitor - INFO - Timestamp: 2025-05-08 12:00:15
2025-05-08 12:00:16,538 - sec_monitor - INFO - token percentage = 65%
2025-05-08 12:00:16,539 - sec_monitor - INFO - Making API call - Attempt 1/3
2025-05-08 12:00:16,539 - sec_monitor - INFO - Timestamp: 2025-05-08 12:00:16
2025-05-08 12:00:39,953 - sec_monitor - INFO - API call successful
2025-05-08 12:01:09,973 - sec_monitor - INFO - ==================================================
2025-05-08 12:01:09,973 - sec_monitor - INFO - Processing last chunk
2025-05-08 12:01:09,973 - sec_monitor - INFO - Timestamp: 2025-05-08 12:01:09
2025-05-08 12:01:10,643 - sec_monitor - INFO - token percentage = 39%
2025-05-08 12:01:10,644 - sec_monitor - INFO - Making API call - Attempt 1/3
2025-05-08 12:01:10,644 - sec_monitor - INFO - Timestamp: 2025-05-08 12:01:10
2025-05-08 12:01:25,358 - sec_monitor - INFO - API call successful
2025-05-08 12:01:25,359 - sec_monitor - INFO - Making combine API call - Attempt 1/3
2025-05-08 12:01:25,359 - sec_monitor - INFO - Timestamp: 2025-05-08 12:01:25
2025-05-08 12:01:26,438 - sec_monitor - INFO - Combine API call successful
2025-05-08 12:01:27,440 - sec_monitor - INFO - Processing filing 20/20: ATO
2025-05-08 12:02:23,834 - sec_monitor - INFO - ==================================================
2025-05-08 12:02:23,834 - sec_monitor - INFO - Processing first chunk
2025-05-08 12:02:23,834 - sec_monitor - INFO - Timestamp: 2025-05-08 12:02:23
2025-05-08 12:02:24,593 - sec_monitor - INFO - token percentage = 47%
2025-05-08 12:02:24,593 - sec_monitor - INFO - Making API call - Attempt 1/3
2025-05-08 12:02:24,593 - sec_monitor - INFO - Timestamp: 2025-05-08 12:02:24
2025-05-08 12:02:42,420 - sec_monitor - INFO - API call successful
2025-05-08 12:03:12,450 - sec_monitor - INFO - ==================================================
2025-05-08 12:03:12,450 - sec_monitor - INFO - Processing middle chunk
2025-05-08 12:03:12,450 - sec_monitor - INFO - Timestamp: 2025-05-08 12:03:12
2025-05-08 12:03:13,409 - sec_monitor - INFO - token percentage = 56%
2025-05-08 12:03:13,409 - sec_monitor - INFO - Making API call - Attempt 1/3
2025-05-08 12:03:13,409 - sec_monitor - INFO - Timestamp: 2025-05-08 12:03:13
2025-05-08 12:03:34,021 - sec_monitor - INFO - API call successful
2025-05-08 12:04:04,052 - sec_monitor - INFO - ==================================================
2025-05-08 12:04:04,052 - sec_monitor - INFO - Processing middle chunk
2025-05-08 12:04:04,052 - sec_monitor - INFO - Timestamp: 2025-05-08 12:04:04
2025-05-08 12:04:05,111 - sec_monitor - INFO - token percentage = 47%
2025-05-08 12:04:05,112 - sec_monitor - INFO - Making API call - Attempt 1/3
2025-05-08 12:04:05,112 - sec_monitor - INFO - Timestamp: 2025-05-08 12:04:05
2025-05-08 12:04:22,445 - sec_monitor - INFO - API call successful
2025-05-08 12:04:52,476 - sec_monitor - INFO - ==================================================
2025-05-08 12:04:52,476 - sec_monitor - INFO - Processing last chunk
2025-05-08 12:04:52,476 - sec_monitor - INFO - Timestamp: 2025-05-08 12:04:52
2025-05-08 12:04:52,611 - sec_monitor - INFO - token percentage = 3%
2025-05-08 12:04:52,611 - sec_monitor - INFO - Making API call - Attempt 1/3
2025-05-08 12:04:52,611 - sec_monitor - INFO - Timestamp: 2025-05-08 12:04:52
2025-05-08 12:04:54,715 - sec_monitor - INFO - API call successful
2025-05-08 12:04:54,715 - sec_monitor - INFO - Making combine API call - Attempt 1/3
2025-05-08 12:04:54,716 - sec_monitor - INFO - Timestamp: 2025-05-08 12:04:54
2025-05-08 12:04:55,915 - sec_monitor - INFO - Combine API call successful
2025-05-08 12:04:56,916 - sec_monitor - INFO - Fetching supplementary data...
2025-05-08 12:04:57,212 - sec_monitor - INFO - filing_tickers type: <class 'list'>
2025-05-08 12:04:57,213 - sec_monitor - INFO - filing_data type: <class 'list'>
2025-05-08 12:04:57,213 - sec_monitor - INFO - Market open: False
2025-05-08 12:04:57,213 - sec_monitor - INFO - Number of filing times mapped: 17
2025-05-08 12:04:57,247 - sec_monitor - INFO - Last trading day: 2025-05-08
2025-05-08 12:04:57,247 - sec_monitor - INFO - Processing ticker: WBD
2025-05-08 12:04:57,671 - sec_monitor - INFO - Number of bars for WBD: 3
2025-05-08 12:04:57,671 - sec_monitor - INFO - Last bar close for WBD: 8.59
2025-05-08 12:04:57,671 - sec_monitor - INFO - Outside market hours price for WBD: 8.59
2025-05-08 12:04:57,671 - sec_monitor - INFO - Processing ticker: EVRG
2025-05-08 12:04:57,711 - sec_monitor - INFO - Number of bars for EVRG: 4
2025-05-08 12:04:57,711 - sec_monitor - INFO - Last bar close for EVRG: 69.62
2025-05-08 12:04:57,711 - sec_monitor - INFO - Outside market hours price for EVRG: 69.62
2025-05-08 12:04:57,712 - sec_monitor - INFO - Processing ticker: KVUE
2025-05-08 12:04:57,754 - sec_monitor - INFO - Number of bars for KVUE: 3
2025-05-08 12:04:57,754 - sec_monitor - INFO - Last bar close for KVUE: 23.11
2025-05-08 12:04:57,755 - sec_monitor - INFO - Outside market hours price for KVUE: 23.11
2025-05-08 12:04:57,755 - sec_monitor - INFO - Processing ticker: TPR
2025-05-08 12:04:57,796 - sec_monitor - INFO - Number of bars for TPR: 3
2025-05-08 12:04:57,797 - sec_monitor - INFO - Last bar close for TPR: 74.72
2025-05-08 12:04:57,797 - sec_monitor - INFO - Outside market hours price for TPR: 74.72
2025-05-08 12:04:57,797 - sec_monitor - INFO - Processing ticker: K
2025-05-08 12:04:57,837 - sec_monitor - INFO - Number of bars for K: 3
2025-05-08 12:04:57,837 - sec_monitor - INFO - Last bar close for K: 82.54
2025-05-08 12:04:57,837 - sec_monitor - INFO - Outside market hours price for K: 82.54
2025-05-08 12:04:57,837 - sec_monitor - INFO - Processing ticker: TPR
2025-05-08 12:04:57,878 - sec_monitor - INFO - Number of bars for TPR: 3
2025-05-08 12:04:57,878 - sec_monitor - INFO - Last bar close for TPR: 74.72
2025-05-08 12:04:57,878 - sec_monitor - INFO - Outside market hours price for TPR: 74.72
2025-05-08 12:04:57,878 - sec_monitor - INFO - Processing ticker: EPAM
2025-05-08 12:04:57,916 - sec_monitor - INFO - Number of bars for EPAM: 4
2025-05-08 12:04:57,916 - sec_monitor - INFO - Last bar close for EPAM: 159.33
2025-05-08 12:04:57,916 - sec_monitor - INFO - Outside market hours price for EPAM: 159.33
2025-05-08 12:04:57,917 - sec_monitor - INFO - Processing ticker: VST
2025-05-08 12:04:57,960 - sec_monitor - INFO - Number of bars for VST: 4
2025-05-08 12:04:57,960 - sec_monitor - INFO - Last bar close for VST: 139.45
2025-05-08 12:04:57,960 - sec_monitor - INFO - Outside market hours price for VST: 139.45
2025-05-08 12:04:57,960 - sec_monitor - INFO - Processing ticker: HON
2025-05-08 12:04:58,001 - sec_monitor - INFO - Number of bars for HON: 4
2025-05-08 12:04:58,001 - sec_monitor - INFO - Last bar close for HON: 214.595
2025-05-08 12:04:58,001 - sec_monitor - INFO - Outside market hours price for HON: 214.595
2025-05-08 12:04:58,001 - sec_monitor - INFO - Processing ticker: EVRG
2025-05-08 12:04:58,040 - sec_monitor - INFO - Number of bars for EVRG: 4
2025-05-08 12:04:58,040 - sec_monitor - INFO - Last bar close for EVRG: 69.62
2025-05-08 12:04:58,040 - sec_monitor - INFO - Outside market hours price for EVRG: 69.62
2025-05-08 12:04:58,040 - sec_monitor - INFO - Processing ticker: FI
2025-05-08 12:04:58,088 - sec_monitor - INFO - Number of bars for FI: 4
2025-05-08 12:04:58,088 - sec_monitor - INFO - Last bar close for FI: 182.17
2025-05-08 12:04:58,088 - sec_monitor - INFO - Outside market hours price for FI: 182.17
2025-05-08 12:04:58,088 - sec_monitor - INFO - Processing ticker: UPS
2025-05-08 12:04:58,125 - sec_monitor - INFO - Number of bars for UPS: 4
2025-05-08 12:04:58,125 - sec_monitor - INFO - Last bar close for UPS: 93.96
2025-05-08 12:04:58,125 - sec_monitor - INFO - Outside market hours price for UPS: 93.96
2025-05-08 12:04:58,125 - sec_monitor - INFO - Processing ticker: SWKS
2025-05-08 12:04:58,165 - sec_monitor - INFO - Number of bars for SWKS: 4
2025-05-08 12:04:58,165 - sec_monitor - INFO - Last bar close for SWKS: 66.9
2025-05-08 12:04:58,165 - sec_monitor - INFO - Outside market hours price for SWKS: 66.9
2025-05-08 12:04:58,165 - sec_monitor - INFO - Processing ticker: CF
2025-05-08 12:04:58,208 - sec_monitor - INFO - Number of bars for CF: 4
2025-05-08 12:04:58,208 - sec_monitor - INFO - Last bar close for CF: 80.625
2025-05-08 12:04:58,208 - sec_monitor - INFO - Outside market hours price for CF: 80.625
2025-05-08 12:04:58,208 - sec_monitor - INFO - Processing ticker: AWK
2025-05-08 12:04:58,247 - sec_monitor - INFO - Number of bars for AWK: 4
2025-05-08 12:04:58,247 - sec_monitor - INFO - Last bar close for AWK: 148.14
2025-05-08 12:04:58,247 - sec_monitor - INFO - Outside market hours price for AWK: 148.14
2025-05-08 12:04:58,247 - sec_monitor - INFO - Processing ticker: BLK
2025-05-08 12:04:58,287 - sec_monitor - INFO - Number of bars for BLK: 4
2025-05-08 12:04:58,287 - sec_monitor - INFO - Last bar close for BLK: 920.58
2025-05-08 12:04:58,287 - sec_monitor - INFO - Outside market hours price for BLK: 920.58
2025-05-08 12:04:58,287 - sec_monitor - INFO - Processing ticker: CTVA
2025-05-08 12:04:58,323 - sec_monitor - INFO - Number of bars for CTVA: 4
2025-05-08 12:04:58,323 - sec_monitor - INFO - Last bar close for CTVA: 62.42
2025-05-08 12:04:58,323 - sec_monitor - INFO - Outside market hours price for CTVA: 62.42
2025-05-08 12:04:58,323 - sec_monitor - INFO - Processing ticker: CF
2025-05-08 12:04:58,365 - sec_monitor - INFO - Number of bars for CF: 4
2025-05-08 12:04:58,365 - sec_monitor - INFO - Last bar close for CF: 80.625
2025-05-08 12:04:58,365 - sec_monitor - INFO - Outside market hours price for CF: 80.625
2025-05-08 12:04:58,365 - sec_monitor - INFO - Processing ticker: AXON
2025-05-08 12:04:58,405 - sec_monitor - INFO - Number of bars for AXON: 4
2025-05-08 12:04:58,405 - sec_monitor - INFO - Last bar close for AXON: 598.13
2025-05-08 12:04:58,405 - sec_monitor - INFO - Outside market hours price for AXON: 598.13
2025-05-08 12:04:58,405 - sec_monitor - INFO - Processing ticker: ATO
2025-05-08 12:04:58,448 - sec_monitor - INFO - Number of bars for ATO: 4
2025-05-08 12:04:58,448 - sec_monitor - INFO - Last bar close for ATO: 163.015
2025-05-08 12:04:58,448 - sec_monitor - INFO - Outside market hours price for ATO: 163.015
2025-05-08 12:05:05,111 - sec_monitor - INFO - Generating final output...
2025-05-08 12:05:05,113 - sec_monitor - INFO - Successfully saved/merged output to output/sec_filings.json
2025-05-08 12:05:05,113 - sec_monitor - INFO - Processing complete. Stats: {'input_words': 2741466, 'output_words': 1573, 'filings_processed': 20}
