2025-04-15 11:09:36,229 - sec_monitor - INFO - Starting SEC filing monitor 
2025-04-15 11:09:36,229 - sec_monitor - INFO - Loading S&P 500 data...
2025-04-15 11:09:36,229 - sec_monitor - INFO - Starting S&P 500 data initialization
2025-04-15 11:09:36,229 - sec_monitor - INFO - Successfully loaded 503 S&P 500 tickers
2025-04-15 11:09:36,229 - sec_monitor - INFO - Successfully loaded 503 S&P 500 tickers
2025-04-15 11:09:36,229 - sec_monitor - INFO - Initializing components...
2025-04-15 11:09:36,229 - sec_monitor - INFO - Initializing components
2025-04-15 11:09:36,230 - sec_monitor - INFO - SEC fetcher initialized
2025-04-15 11:09:36,230 - sec_monitor - INFO - Filing analyzer initialized
2025-04-15 11:09:36,230 - sec_monitor - INFO - Alpaca clients initialized
2025-04-15 11:09:36,230 - sec_monitor - INFO - All components initialized successfully
2025-04-15 11:09:36,231 - sec_monitor - INFO - Found old JSON file, archiving
2025-04-15 11:09:36,231 - sec_monitor - INFO - Starting new filing collection for today
2025-04-15 11:09:36,231 - sec_monitor - INFO - Fetching SEC filings...
2025-04-15 11:09:51,320 - sec_monitor - INFO - No more entries found
2025-04-15 11:09:51,320 - sec_monitor - INFO - Completed fetching. Found 80 total filings
2025-04-15 11:09:51,320 - sec_monitor - INFO - Found 7 new interesting filings
2025-04-15 11:09:51,320 - sec_monitor - INFO - Found 7 new filings to process
2025-04-15 11:09:51,320 - sec_monitor - INFO - Processing filing 1/7: CAT
2025-04-15 11:10:22,199 - sec_monitor - INFO - ==================================================
2025-04-15 11:10:22,199 - sec_monitor - INFO - Processing first chunk
2025-04-15 11:10:22,199 - sec_monitor - INFO - Timestamp: 2025-04-15 11:10:22
2025-04-15 11:10:22,378 - sec_monitor - INFO - token percentage = 5%
2025-04-15 11:10:22,378 - sec_monitor - INFO - Making API call - Attempt 1/3
2025-04-15 11:10:22,379 - sec_monitor - INFO - Timestamp: 2025-04-15 11:10:22
2025-04-15 11:14:52,291 - sec_monitor - INFO - API call successful
2025-04-15 11:14:53,293 - sec_monitor - INFO - Processing filing 2/7: PNC
2025-04-15 11:15:26,271 - sec_monitor - INFO - ==================================================
2025-04-15 11:15:26,271 - sec_monitor - INFO - Processing first chunk
2025-04-15 11:15:26,271 - sec_monitor - INFO - Timestamp: 2025-04-15 11:15:26
2025-04-15 11:15:26,588 - sec_monitor - INFO - token percentage = 16%
2025-04-15 11:15:26,588 - sec_monitor - INFO - Making API call - Attempt 1/3
2025-04-15 11:15:26,588 - sec_monitor - INFO - Timestamp: 2025-04-15 11:15:26
2025-04-15 11:17:34,525 - sec_monitor - INFO - API call successful
2025-04-15 11:17:35,527 - sec_monitor - INFO - Processing filing 3/7: NWS
2025-04-15 11:18:06,222 - sec_monitor - INFO - ==================================================
2025-04-15 11:18:06,223 - sec_monitor - INFO - Processing first chunk
2025-04-15 11:18:06,223 - sec_monitor - INFO - Timestamp: 2025-04-15 11:18:06
2025-04-15 11:18:06,408 - sec_monitor - INFO - token percentage = 7%
2025-04-15 11:18:06,408 - sec_monitor - INFO - Making API call - Attempt 1/3
2025-04-15 11:18:06,409 - sec_monitor - INFO - Timestamp: 2025-04-15 11:18:06
2025-04-15 11:20:12,143 - sec_monitor - INFO - API call successful
2025-04-15 11:20:13,145 - sec_monitor - INFO - Processing filing 4/7: AMAT
2025-04-15 11:20:43,680 - sec_monitor - INFO - ==================================================
2025-04-15 11:20:43,681 - sec_monitor - INFO - Processing first chunk
2025-04-15 11:20:43,681 - sec_monitor - INFO - Timestamp: 2025-04-15 11:20:43
2025-04-15 11:20:43,826 - sec_monitor - INFO - token percentage = 3%
2025-04-15 11:20:43,826 - sec_monitor - INFO - Making API call - Attempt 1/3
2025-04-15 11:20:43,826 - sec_monitor - INFO - Timestamp: 2025-04-15 11:20:43
2025-04-15 11:20:45,361 - sec_monitor - INFO - API call successful
2025-04-15 11:20:46,363 - sec_monitor - INFO - Processing filing 5/7: STZ
2025-04-15 11:21:19,378 - sec_monitor - INFO - ==================================================
2025-04-15 11:21:19,378 - sec_monitor - INFO - Processing first chunk
2025-04-15 11:21:19,378 - sec_monitor - INFO - Timestamp: 2025-04-15 11:21:19
2025-04-15 11:21:19,787 - sec_monitor - INFO - token percentage = 39%
2025-04-15 11:21:19,787 - sec_monitor - INFO - Making API call - Attempt 1/3
2025-04-15 11:21:19,787 - sec_monitor - INFO - Timestamp: 2025-04-15 11:21:19
2025-04-15 11:21:33,401 - sec_monitor - INFO - API call successful
2025-04-15 11:21:34,402 - sec_monitor - INFO - Processing filing 6/7: AZO
2025-04-15 11:22:05,738 - sec_monitor - INFO - ==================================================
2025-04-15 11:22:05,738 - sec_monitor - INFO - Processing first chunk
2025-04-15 11:22:05,738 - sec_monitor - INFO - Timestamp: 2025-04-15 11:22:05
2025-04-15 11:22:06,084 - sec_monitor - INFO - token percentage = 12%
2025-04-15 11:22:06,085 - sec_monitor - INFO - Making API call - Attempt 1/3
2025-04-15 11:22:06,085 - sec_monitor - INFO - Timestamp: 2025-04-15 11:22:06
2025-04-15 11:22:11,940 - sec_monitor - INFO - API call successful
2025-04-15 11:22:12,942 - sec_monitor - INFO - Processing filing 7/7: WST
2025-04-15 11:23:08,960 - sec_monitor - INFO - ==================================================
2025-04-15 11:23:08,961 - sec_monitor - INFO - Processing first chunk
2025-04-15 11:23:08,961 - sec_monitor - INFO - Timestamp: 2025-04-15 11:23:08
2025-04-15 11:23:09,433 - sec_monitor - INFO - token percentage = 49%
2025-04-15 11:23:09,433 - sec_monitor - INFO - Making API call - Attempt 1/3
2025-04-15 11:23:09,433 - sec_monitor - INFO - Timestamp: 2025-04-15 11:23:09
2025-04-15 11:23:27,227 - sec_monitor - INFO - API call successful
2025-04-15 11:23:57,258 - sec_monitor - INFO - ==================================================
2025-04-15 11:23:57,258 - sec_monitor - INFO - Processing middle chunk
2025-04-15 11:23:57,258 - sec_monitor - INFO - Timestamp: 2025-04-15 11:23:57
2025-04-15 11:23:57,668 - sec_monitor - INFO - token percentage = 51%
2025-04-15 11:23:57,669 - sec_monitor - INFO - Making API call - Attempt 1/3
2025-04-15 11:23:57,669 - sec_monitor - INFO - Timestamp: 2025-04-15 11:23:57
2025-04-15 11:24:15,383 - sec_monitor - INFO - API call successful
2025-04-15 11:24:45,384 - sec_monitor - INFO - ==================================================
2025-04-15 11:24:45,384 - sec_monitor - INFO - Processing middle chunk
2025-04-15 11:24:45,384 - sec_monitor - INFO - Timestamp: 2025-04-15 11:24:45
2025-04-15 11:24:45,871 - sec_monitor - INFO - token percentage = 50%
2025-04-15 11:24:45,871 - sec_monitor - INFO - Making API call - Attempt 1/3
2025-04-15 11:24:45,871 - sec_monitor - INFO - Timestamp: 2025-04-15 11:24:45
2025-04-15 11:25:04,987 - sec_monitor - INFO - API call successful
2025-04-15 11:25:35,007 - sec_monitor - INFO - ==================================================
2025-04-15 11:25:35,007 - sec_monitor - INFO - Processing last chunk
2025-04-15 11:25:35,007 - sec_monitor - INFO - Timestamp: 2025-04-15 11:25:35
2025-04-15 11:25:35,335 - sec_monitor - INFO - token percentage = 43%
2025-04-15 11:25:35,335 - sec_monitor - INFO - Making API call - Attempt 1/3
2025-04-15 11:25:35,335 - sec_monitor - INFO - Timestamp: 2025-04-15 11:25:35
2025-04-15 11:25:51,258 - sec_monitor - INFO - API call successful
2025-04-15 11:25:51,258 - sec_monitor - INFO - Making combine API call - Attempt 1/3
2025-04-15 11:25:51,258 - sec_monitor - INFO - Timestamp: 2025-04-15 11:25:51
2025-04-15 11:25:52,232 - sec_monitor - INFO - Combine API call successful
2025-04-15 11:25:53,233 - sec_monitor - INFO - Fetching supplementary data...
2025-04-15 11:25:53,535 - sec_monitor - INFO - filing_tickers type: <class 'list'>
2025-04-15 11:25:53,536 - sec_monitor - INFO - filing_data type: <class 'list'>
2025-04-15 11:25:53,536 - sec_monitor - INFO - Market open: False
2025-04-15 11:25:53,536 - sec_monitor - INFO - Number of filing times mapped: 7
2025-04-15 11:25:53,547 - sec_monitor - INFO - Last trading day: 2025-04-15
2025-04-15 11:25:53,547 - sec_monitor - INFO - Processing ticker: CAT
2025-04-15 11:25:53,661 - sec_monitor - INFO - Number of bars for CAT: 3
2025-04-15 11:25:53,661 - sec_monitor - INFO - Last bar close for CAT: 298.23
2025-04-15 11:25:53,662 - sec_monitor - INFO - Outside market hours price for CAT: 298.23
2025-04-15 11:25:53,662 - sec_monitor - INFO - Processing ticker: PNC
2025-04-15 11:25:53,678 - sec_monitor - INFO - Number of bars for PNC: 3
2025-04-15 11:25:53,678 - sec_monitor - INFO - Last bar close for PNC: 155.18
2025-04-15 11:25:53,678 - sec_monitor - INFO - Outside market hours price for PNC: 155.18
2025-04-15 11:25:53,679 - sec_monitor - INFO - Processing ticker: NWS
2025-04-15 11:25:53,697 - sec_monitor - INFO - Number of bars for NWS: 4
2025-04-15 11:25:53,697 - sec_monitor - INFO - Last bar close for NWS: 30.44
2025-04-15 11:25:53,697 - sec_monitor - INFO - Outside market hours price for NWS: 30.44
2025-04-15 11:25:53,697 - sec_monitor - INFO - Processing ticker: AMAT
2025-04-15 11:25:53,714 - sec_monitor - INFO - Number of bars for AMAT: 4
2025-04-15 11:25:53,714 - sec_monitor - INFO - Last bar close for AMAT: 144.53
2025-04-15 11:25:53,714 - sec_monitor - INFO - Outside market hours price for AMAT: 144.53
2025-04-15 11:25:53,714 - sec_monitor - INFO - Processing ticker: STZ
2025-04-15 11:25:53,729 - sec_monitor - INFO - Number of bars for STZ: 4
2025-04-15 11:25:53,729 - sec_monitor - INFO - Last bar close for STZ: 187.3
2025-04-15 11:25:53,729 - sec_monitor - INFO - Outside market hours price for STZ: 187.3
2025-04-15 11:25:53,729 - sec_monitor - INFO - Processing ticker: AZO
2025-04-15 11:25:53,743 - sec_monitor - INFO - Number of bars for AZO: 4
2025-04-15 11:25:53,743 - sec_monitor - INFO - Last bar close for AZO: 3677.185
2025-04-15 11:25:53,744 - sec_monitor - INFO - Outside market hours price for AZO: 3677.185
2025-04-15 11:25:53,744 - sec_monitor - INFO - Processing ticker: WST
2025-04-15 11:25:53,762 - sec_monitor - INFO - Number of bars for WST: 4
2025-04-15 11:25:53,762 - sec_monitor - INFO - Last bar close for WST: 212.86
2025-04-15 11:25:53,763 - sec_monitor - INFO - Outside market hours price for WST: 212.86
2025-04-15 11:25:55,974 - sec_monitor - INFO - Generating final output...
2025-04-15 11:25:55,974 - sec_monitor - INFO - Successfully saved/merged output to output/sec_filings.json
2025-04-15 11:25:55,974 - sec_monitor - INFO - Processing complete. Stats: {'input_words': 222731, 'output_words': 484, 'filings_processed': 7}
2025-04-15 12:39:23,865 - sec_monitor - INFO - Starting SEC filing monitor 
2025-04-15 12:39:23,865 - sec_monitor - INFO - Loading S&P 500 data...
2025-04-15 12:39:23,865 - sec_monitor - INFO - Starting S&P 500 data initialization
2025-04-15 12:39:23,866 - sec_monitor - INFO - Successfully loaded 503 S&P 500 tickers
2025-04-15 12:39:23,866 - sec_monitor - INFO - Successfully loaded 503 S&P 500 tickers
2025-04-15 12:39:23,866 - sec_monitor - INFO - Initializing components...
2025-04-15 12:39:23,866 - sec_monitor - INFO - Initializing components
2025-04-15 12:39:23,866 - sec_monitor - INFO - SEC fetcher initialized
2025-04-15 12:39:23,866 - sec_monitor - INFO - Filing analyzer initialized
2025-04-15 12:39:23,866 - sec_monitor - INFO - Alpaca clients initialized
2025-04-15 12:39:23,867 - sec_monitor - INFO - All components initialized successfully
2025-04-15 12:39:23,868 - sec_monitor - INFO - Found JSON file from today
2025-04-15 12:39:23,868 - sec_monitor - INFO - Found 7 previously processed accessions and 7 filing URLs
2025-04-15 12:39:23,868 - sec_monitor - INFO - Found 7 accession numbers and 7 URLs from previously processed filings
2025-04-15 12:39:23,868 - sec_monitor - INFO - Fetching SEC filings...
2025-04-15 12:39:50,879 - sec_monitor - INFO - No more entries found
2025-04-15 12:39:50,879 - sec_monitor - INFO - Completed fetching. Found 81 total filings
2025-04-15 12:39:50,879 - sec_monitor - INFO - Found 2 new interesting filings
2025-04-15 12:39:50,879 - sec_monitor - INFO - Found 2 new filings to process
2025-04-15 12:39:50,879 - sec_monitor - INFO - Processing filing 1/2: JNJ
2025-04-15 12:40:22,275 - sec_monitor - INFO - ==================================================
2025-04-15 12:40:22,275 - sec_monitor - INFO - Processing first chunk
2025-04-15 12:40:22,275 - sec_monitor - INFO - Timestamp: 2025-04-15 12:40:22
2025-04-15 12:40:22,493 - sec_monitor - INFO - token percentage = 7%
2025-04-15 12:40:22,494 - sec_monitor - INFO - Making API call - Attempt 1/3
2025-04-15 12:40:22,494 - sec_monitor - INFO - Timestamp: 2025-04-15 12:40:22
2025-04-15 12:40:27,318 - sec_monitor - INFO - API call successful
2025-04-15 12:40:28,320 - sec_monitor - INFO - Processing filing 2/2: HSIC
2025-04-15 12:40:59,147 - sec_monitor - INFO - ==================================================
2025-04-15 12:40:59,147 - sec_monitor - INFO - Processing first chunk
2025-04-15 12:40:59,147 - sec_monitor - INFO - Timestamp: 2025-04-15 12:40:59
2025-04-15 12:40:59,374 - sec_monitor - INFO - token percentage = 7%
2025-04-15 12:40:59,374 - sec_monitor - INFO - Making API call - Attempt 1/3
2025-04-15 12:40:59,374 - sec_monitor - INFO - Timestamp: 2025-04-15 12:40:59
2025-04-15 12:41:03,956 - sec_monitor - INFO - API call successful
2025-04-15 12:41:04,957 - sec_monitor - INFO - Fetching supplementary data...
2025-04-15 12:41:05,618 - sec_monitor - INFO - filing_tickers type: <class 'list'>
2025-04-15 12:41:05,618 - sec_monitor - INFO - filing_data type: <class 'list'>
2025-04-15 12:41:05,618 - sec_monitor - INFO - Market open: False
2025-04-15 12:41:05,618 - sec_monitor - INFO - Number of filing times mapped: 2
2025-04-15 12:41:05,690 - sec_monitor - INFO - Last trading day: 2025-04-15
2025-04-15 12:41:05,690 - sec_monitor - INFO - Processing ticker: JNJ
2025-04-15 12:41:06,242 - sec_monitor - INFO - Number of bars for JNJ: 3
2025-04-15 12:41:06,242 - sec_monitor - INFO - Last bar close for JNJ: 154.45
2025-04-15 12:41:06,243 - sec_monitor - INFO - Outside market hours price for JNJ: 154.45
2025-04-15 12:41:06,243 - sec_monitor - INFO - Processing ticker: HSIC
2025-04-15 12:41:06,322 - sec_monitor - INFO - Number of bars for HSIC: 3
2025-04-15 12:41:06,323 - sec_monitor - INFO - Last bar close for HSIC: 65.56
2025-04-15 12:41:06,323 - sec_monitor - INFO - Outside market hours price for HSIC: 65.56
2025-04-15 12:41:07,128 - sec_monitor - INFO - Generating final output...
2025-04-15 12:41:07,128 - sec_monitor - INFO - Successfully merged 2 new filings with existing JSON
2025-04-15 12:41:07,129 - sec_monitor - INFO - Cumulative stats - Input words: 252586, Output words: 665
2025-04-15 12:41:07,129 - sec_monitor - INFO - Successfully saved/merged output to output/sec_filings.json
2025-04-15 12:41:07,129 - sec_monitor - INFO - Processing complete. Stats: {'input_words': 29855, 'output_words': 181, 'filings_processed': 2}
2025-04-15 13:31:30,871 - sec_monitor - INFO - Starting SEC filing monitor 
2025-04-15 13:31:30,871 - sec_monitor - INFO - Loading S&P 500 data...
2025-04-15 13:31:30,871 - sec_monitor - INFO - Starting S&P 500 data initialization
2025-04-15 13:31:30,872 - sec_monitor - INFO - Successfully loaded 503 S&P 500 tickers
2025-04-15 13:31:30,872 - sec_monitor - INFO - Successfully loaded 503 S&P 500 tickers
2025-04-15 13:31:30,872 - sec_monitor - INFO - Initializing components...
2025-04-15 13:31:30,872 - sec_monitor - INFO - Initializing components
2025-04-15 13:31:30,872 - sec_monitor - INFO - SEC fetcher initialized
2025-04-15 13:31:30,872 - sec_monitor - INFO - Filing analyzer initialized
2025-04-15 13:31:30,872 - sec_monitor - INFO - Alpaca clients initialized
2025-04-15 13:31:30,873 - sec_monitor - INFO - All components initialized successfully
2025-04-15 13:31:30,873 - sec_monitor - INFO - Found JSON file from today
2025-04-15 13:31:30,874 - sec_monitor - INFO - Found 9 previously processed accessions and 9 filing URLs
2025-04-15 13:31:30,874 - sec_monitor - INFO - Found 9 accession numbers and 9 URLs from previously processed filings
2025-04-15 13:31:30,874 - sec_monitor - INFO - Fetching SEC filings...
2025-04-15 13:31:56,658 - sec_monitor - INFO - No more entries found
2025-04-15 13:31:56,659 - sec_monitor - INFO - Completed fetching. Found 78 total filings
2025-04-15 13:31:56,659 - sec_monitor - INFO - Found 0 new interesting filings
2025-04-15 13:31:56,659 - sec_monitor - INFO - No new filings to process
2025-04-15 15:20:39,777 - sec_monitor - INFO - Starting SEC filing monitor 
2025-04-15 15:20:39,777 - sec_monitor - INFO - Loading S&P 500 data...
2025-04-15 15:20:39,778 - sec_monitor - INFO - Starting S&P 500 data initialization
2025-04-15 15:20:39,778 - sec_monitor - INFO - Successfully loaded 503 S&P 500 tickers
2025-04-15 15:20:39,778 - sec_monitor - INFO - Successfully loaded 503 S&P 500 tickers
2025-04-15 15:20:39,778 - sec_monitor - INFO - Initializing components...
2025-04-15 15:20:39,778 - sec_monitor - INFO - Initializing components
2025-04-15 15:20:39,778 - sec_monitor - INFO - SEC fetcher initialized
2025-04-15 15:20:39,778 - sec_monitor - INFO - Filing analyzer initialized
2025-04-15 15:20:39,779 - sec_monitor - INFO - Alpaca clients initialized
2025-04-15 15:20:39,779 - sec_monitor - INFO - All components initialized successfully
2025-04-15 15:20:39,780 - sec_monitor - INFO - Found JSON file from today
2025-04-15 15:20:39,780 - sec_monitor - INFO - Found 9 previously processed accessions and 9 filing URLs
2025-04-15 15:20:39,780 - sec_monitor - INFO - Found 9 accession numbers and 9 URLs from previously processed filings
2025-04-15 15:20:39,780 - sec_monitor - INFO - Fetching SEC filings...
2025-04-15 15:21:05,493 - sec_monitor - INFO - No more entries found
2025-04-15 15:21:05,493 - sec_monitor - INFO - Completed fetching. Found 63 total filings
2025-04-15 15:21:05,494 - sec_monitor - INFO - Found 0 new interesting filings
2025-04-15 15:21:05,494 - sec_monitor - INFO - No new filings to process
2025-04-15 18:20:31,449 - sec_monitor - INFO - Starting SEC filing monitor 
2025-04-15 18:20:31,449 - sec_monitor - INFO - Loading S&P 500 data...
2025-04-15 18:20:31,449 - sec_monitor - INFO - Starting S&P 500 data initialization
2025-04-15 18:20:31,449 - sec_monitor - INFO - Successfully loaded 503 S&P 500 tickers
2025-04-15 18:20:31,449 - sec_monitor - INFO - Successfully loaded 503 S&P 500 tickers
2025-04-15 18:20:31,449 - sec_monitor - INFO - Initializing components...
2025-04-15 18:20:31,449 - sec_monitor - INFO - Initializing components
2025-04-15 18:20:31,450 - sec_monitor - INFO - SEC fetcher initialized
2025-04-15 18:20:31,450 - sec_monitor - INFO - Filing analyzer initialized
2025-04-15 18:20:31,450 - sec_monitor - INFO - Alpaca clients initialized
2025-04-15 18:20:31,450 - sec_monitor - INFO - All components initialized successfully
2025-04-15 18:20:31,451 - sec_monitor - INFO - Found JSON file from today
2025-04-15 18:20:31,451 - sec_monitor - INFO - Found 9 previously processed accessions and 9 filing URLs
2025-04-15 18:20:31,451 - sec_monitor - INFO - Found 9 accession numbers and 9 URLs from previously processed filings
2025-04-15 18:20:31,451 - sec_monitor - INFO - Fetching SEC filings...
2025-04-15 18:20:58,173 - sec_monitor - INFO - No more entries found
2025-04-15 18:20:58,173 - sec_monitor - INFO - Completed fetching. Found 31 total filings
2025-04-15 18:20:58,174 - sec_monitor - INFO - Found 2 new interesting filings
2025-04-15 18:20:58,174 - sec_monitor - INFO - Found 2 new filings to process
2025-04-15 18:20:58,174 - sec_monitor - INFO - Processing filing 1/2: PNC
2025-04-15 18:21:52,352 - sec_monitor - INFO - ==================================================
2025-04-15 18:21:52,352 - sec_monitor - INFO - Processing first chunk
2025-04-15 18:21:52,352 - sec_monitor - INFO - Timestamp: 2025-04-15 18:21:52
2025-04-15 18:21:52,784 - sec_monitor - INFO - token percentage = 48%
2025-04-15 18:21:52,784 - sec_monitor - INFO - Making API call - Attempt 1/3
2025-04-15 18:21:52,784 - sec_monitor - INFO - Timestamp: 2025-04-15 18:21:52
2025-04-15 18:22:11,585 - sec_monitor - INFO - API call successful
2025-04-15 18:22:41,608 - sec_monitor - INFO - ==================================================
2025-04-15 18:22:41,608 - sec_monitor - INFO - Processing middle chunk
2025-04-15 18:22:41,608 - sec_monitor - INFO - Timestamp: 2025-04-15 18:22:41
2025-04-15 18:22:42,038 - sec_monitor - INFO - token percentage = 51%
2025-04-15 18:22:42,039 - sec_monitor - INFO - Making API call - Attempt 1/3
2025-04-15 18:22:42,039 - sec_monitor - INFO - Timestamp: 2025-04-15 18:22:42
2025-04-15 18:23:00,950 - sec_monitor - INFO - API call successful
2025-04-15 18:23:30,980 - sec_monitor - INFO - ==================================================
2025-04-15 18:23:30,980 - sec_monitor - INFO - Processing middle chunk
2025-04-15 18:23:30,981 - sec_monitor - INFO - Timestamp: 2025-04-15 18:23:30
2025-04-15 18:23:31,365 - sec_monitor - INFO - token percentage = 51%
2025-04-15 18:23:31,366 - sec_monitor - INFO - Making API call - Attempt 1/3
2025-04-15 18:23:31,366 - sec_monitor - INFO - Timestamp: 2025-04-15 18:23:31
2025-04-15 18:24:06,531 - sec_monitor - INFO - API call successful
2025-04-15 18:24:36,561 - sec_monitor - INFO - ==================================================
2025-04-15 18:24:36,562 - sec_monitor - INFO - Processing middle chunk
2025-04-15 18:24:36,562 - sec_monitor - INFO - Timestamp: 2025-04-15 18:24:36
2025-04-15 18:24:36,995 - sec_monitor - INFO - token percentage = 49%
2025-04-15 18:24:36,996 - sec_monitor - INFO - Making API call - Attempt 1/3
2025-04-15 18:24:36,996 - sec_monitor - INFO - Timestamp: 2025-04-15 18:24:36
2025-04-15 18:24:54,669 - sec_monitor - INFO - API call successful
2025-04-15 18:25:24,672 - sec_monitor - INFO - ==================================================
2025-04-15 18:25:24,672 - sec_monitor - INFO - Processing last chunk
2025-04-15 18:25:24,672 - sec_monitor - INFO - Timestamp: 2025-04-15 18:25:24
2025-04-15 18:25:24,923 - sec_monitor - INFO - token percentage = 24%
2025-04-15 18:25:24,924 - sec_monitor - INFO - Making API call - Attempt 1/3
2025-04-15 18:25:24,924 - sec_monitor - INFO - Timestamp: 2025-04-15 18:25:24
2025-04-15 18:25:34,056 - sec_monitor - INFO - API call successful
2025-04-15 18:25:34,056 - sec_monitor - INFO - Making combine API call - Attempt 1/3
2025-04-15 18:25:34,056 - sec_monitor - INFO - Timestamp: 2025-04-15 18:25:34
2025-04-15 18:25:35,244 - sec_monitor - INFO - Combine API call successful
2025-04-15 18:25:36,245 - sec_monitor - INFO - Processing filing 2/2: AXP
2025-04-15 18:26:06,717 - sec_monitor - INFO - ==================================================
2025-04-15 18:26:06,718 - sec_monitor - INFO - Processing first chunk
2025-04-15 18:26:06,718 - sec_monitor - INFO - Timestamp: 2025-04-15 18:26:06
2025-04-15 18:26:06,830 - sec_monitor - INFO - token percentage = 2%
2025-04-15 18:26:06,830 - sec_monitor - INFO - Making API call - Attempt 1/3
2025-04-15 18:26:06,830 - sec_monitor - INFO - Timestamp: 2025-04-15 18:26:06
2025-04-15 18:26:09,007 - sec_monitor - INFO - API call successful
2025-04-15 18:26:10,008 - sec_monitor - INFO - Fetching supplementary data...
2025-04-15 18:26:10,523 - sec_monitor - INFO - filing_tickers type: <class 'list'>
2025-04-15 18:26:10,524 - sec_monitor - INFO - filing_data type: <class 'list'>
2025-04-15 18:26:10,524 - sec_monitor - INFO - Market open: True
2025-04-15 18:26:10,524 - sec_monitor - INFO - Number of filing times mapped: 2
2025-04-15 18:26:10,534 - sec_monitor - INFO - Last trading day: 2025-04-15
2025-04-15 18:26:10,534 - sec_monitor - INFO - Processing ticker: PNC
2025-04-15 18:26:10,945 - sec_monitor - INFO - Number of bars for PNC: 3
2025-04-15 18:26:10,945 - sec_monitor - INFO - Last bar close for PNC: 155.18
2025-04-15 18:26:10,945 - sec_monitor - INFO - Market open price for PNC: 155.18, change: 2.3277283217936042%
2025-04-15 18:26:10,946 - sec_monitor - INFO - Processing ticker: AXP
2025-04-15 18:26:10,959 - sec_monitor - INFO - Number of bars for AXP: 3
2025-04-15 18:26:10,960 - sec_monitor - INFO - Last bar close for AXP: 255.4
2025-04-15 18:26:10,960 - sec_monitor - INFO - Market open price for AXP: 255.4, change: 1.7327225652260483%
2025-04-15 18:26:11,761 - sec_monitor - INFO - Generating final output...
2025-04-15 18:26:11,762 - sec_monitor - INFO - Successfully merged 2 new filings with existing JSON
2025-04-15 18:26:11,762 - sec_monitor - INFO - Cumulative stats - Input words: 424275, Output words: 843
2025-04-15 18:26:11,762 - sec_monitor - INFO - Successfully saved/merged output to output/sec_filings.json
2025-04-15 18:26:11,762 - sec_monitor - INFO - Processing complete. Stats: {'input_words': 171689, 'output_words': 178, 'filings_processed': 2}
2025-04-15 21:11:21,178 - sec_monitor - INFO - Starting SEC filing monitor 
2025-04-15 21:11:21,178 - sec_monitor - INFO - Loading S&P 500 data...
2025-04-15 21:11:21,178 - sec_monitor - INFO - Starting S&P 500 data initialization
2025-04-15 21:11:21,178 - sec_monitor - INFO - Successfully loaded 503 S&P 500 tickers
2025-04-15 21:11:21,178 - sec_monitor - INFO - Successfully loaded 503 S&P 500 tickers
2025-04-15 21:11:21,178 - sec_monitor - INFO - Initializing components...
2025-04-15 21:11:21,179 - sec_monitor - INFO - Initializing components
2025-04-15 21:11:21,179 - sec_monitor - INFO - SEC fetcher initialized
2025-04-15 21:11:21,179 - sec_monitor - INFO - Filing analyzer initialized
2025-04-15 21:11:21,179 - sec_monitor - INFO - Alpaca clients initialized
2025-04-15 21:11:21,179 - sec_monitor - INFO - All components initialized successfully
2025-04-15 21:11:21,180 - sec_monitor - INFO - Found JSON file from today
2025-04-15 21:11:21,180 - sec_monitor - INFO - Found 11 previously processed accessions and 11 filing URLs
2025-04-15 21:11:21,180 - sec_monitor - INFO - Found 11 accession numbers and 11 URLs from previously processed filings
2025-04-15 21:11:21,180 - sec_monitor - INFO - Fetching SEC filings...
2025-04-15 21:11:36,527 - sec_monitor - INFO - No more entries found
2025-04-15 21:11:36,527 - sec_monitor - INFO - Completed fetching. Found 62 total filings
2025-04-15 21:11:36,528 - sec_monitor - INFO - Found 5 new interesting filings
2025-04-15 21:11:36,528 - sec_monitor - INFO - Found 5 new filings to process
2025-04-15 21:11:36,528 - sec_monitor - INFO - Processing filing 1/5: DOW
2025-04-15 21:12:07,227 - sec_monitor - INFO - ==================================================
2025-04-15 21:12:07,227 - sec_monitor - INFO - Processing first chunk
2025-04-15 21:12:07,227 - sec_monitor - INFO - Timestamp: 2025-04-15 21:12:07
2025-04-15 21:12:07,391 - sec_monitor - INFO - token percentage = 5%
2025-04-15 21:12:07,391 - sec_monitor - INFO - Making API call - Attempt 1/3
2025-04-15 21:12:07,391 - sec_monitor - INFO - Timestamp: 2025-04-15 21:12:07
2025-04-15 21:12:11,074 - sec_monitor - INFO - API call successful
2025-04-15 21:12:12,076 - sec_monitor - INFO - Processing filing 2/5: MCO
2025-04-15 21:12:42,538 - sec_monitor - INFO - ==================================================
2025-04-15 21:12:42,538 - sec_monitor - INFO - Processing first chunk
2025-04-15 21:12:42,539 - sec_monitor - INFO - Timestamp: 2025-04-15 21:12:42
2025-04-15 21:12:42,700 - sec_monitor - INFO - token percentage = 3%
2025-04-15 21:12:42,700 - sec_monitor - INFO - Making API call - Attempt 1/3
2025-04-15 21:12:42,700 - sec_monitor - INFO - Timestamp: 2025-04-15 21:12:42
2025-04-15 21:12:44,909 - sec_monitor - INFO - API call successful
2025-04-15 21:12:45,910 - sec_monitor - INFO - Processing filing 3/5: JBHT
2025-04-15 21:13:16,729 - sec_monitor - INFO - ==================================================
2025-04-15 21:13:16,729 - sec_monitor - INFO - Processing first chunk
2025-04-15 21:13:16,729 - sec_monitor - INFO - Timestamp: 2025-04-15 21:13:16
2025-04-15 21:13:16,918 - sec_monitor - INFO - token percentage = 6%
2025-04-15 21:13:16,918 - sec_monitor - INFO - Making API call - Attempt 1/3
2025-04-15 21:13:16,918 - sec_monitor - INFO - Timestamp: 2025-04-15 21:13:16
2025-04-15 21:13:23,577 - sec_monitor - INFO - API call successful
2025-04-15 21:13:24,578 - sec_monitor - INFO - Processing filing 4/5: OMC
2025-04-15 21:14:06,059 - sec_monitor - INFO - ==================================================
2025-04-15 21:14:06,059 - sec_monitor - INFO - Processing first chunk
2025-04-15 21:14:06,059 - sec_monitor - INFO - Timestamp: 2025-04-15 21:14:06
2025-04-15 21:14:06,591 - sec_monitor - INFO - token percentage = 48%
2025-04-15 21:14:06,591 - sec_monitor - INFO - Making API call - Attempt 1/3
2025-04-15 21:14:06,591 - sec_monitor - INFO - Timestamp: 2025-04-15 21:14:06
2025-04-15 21:14:24,451 - sec_monitor - INFO - API call successful
2025-04-15 21:14:54,466 - sec_monitor - INFO - ==================================================
2025-04-15 21:14:54,466 - sec_monitor - INFO - Processing middle chunk
2025-04-15 21:14:54,466 - sec_monitor - INFO - Timestamp: 2025-04-15 21:14:54
2025-04-15 21:14:54,957 - sec_monitor - INFO - token percentage = 51%
2025-04-15 21:14:54,958 - sec_monitor - INFO - Making API call - Attempt 1/3
2025-04-15 21:14:54,958 - sec_monitor - INFO - Timestamp: 2025-04-15 21:14:54
2025-04-15 21:15:13,436 - sec_monitor - INFO - API call successful
2025-04-15 21:15:43,467 - sec_monitor - INFO - ==================================================
2025-04-15 21:15:43,467 - sec_monitor - INFO - Processing middle chunk
2025-04-15 21:15:43,467 - sec_monitor - INFO - Timestamp: 2025-04-15 21:15:43
2025-04-15 21:15:43,902 - sec_monitor - INFO - token percentage = 51%
2025-04-15 21:15:43,902 - sec_monitor - INFO - Making API call - Attempt 1/3
2025-04-15 21:15:43,902 - sec_monitor - INFO - Timestamp: 2025-04-15 21:15:43
2025-04-15 21:16:09,222 - sec_monitor - INFO - API call successful
2025-04-15 21:16:39,253 - sec_monitor - INFO - ==================================================
2025-04-15 21:16:39,253 - sec_monitor - INFO - Processing last chunk
2025-04-15 21:16:39,253 - sec_monitor - INFO - Timestamp: 2025-04-15 21:16:39
2025-04-15 21:16:39,393 - sec_monitor - INFO - token percentage = 7%
2025-04-15 21:16:39,393 - sec_monitor - INFO - Making API call - Attempt 1/3
2025-04-15 21:16:39,394 - sec_monitor - INFO - Timestamp: 2025-04-15 21:16:39
2025-04-15 21:16:43,760 - sec_monitor - INFO - API call successful
2025-04-15 21:16:43,761 - sec_monitor - INFO - Making combine API call - Attempt 1/3
2025-04-15 21:16:43,761 - sec_monitor - INFO - Timestamp: 2025-04-15 21:16:43
2025-04-15 21:16:44,812 - sec_monitor - INFO - Combine API call successful
2025-04-15 21:16:45,814 - sec_monitor - INFO - Processing filing 5/5: UAL
2025-04-15 21:17:17,314 - sec_monitor - INFO - ==================================================
2025-04-15 21:17:17,314 - sec_monitor - INFO - Processing first chunk
2025-04-15 21:17:17,314 - sec_monitor - INFO - Timestamp: 2025-04-15 21:17:17
2025-04-15 21:17:17,497 - sec_monitor - INFO - token percentage = 14%
2025-04-15 21:17:17,497 - sec_monitor - INFO - Making API call - Attempt 1/3
2025-04-15 21:17:17,497 - sec_monitor - INFO - Timestamp: 2025-04-15 21:17:17
2025-04-15 21:17:25,219 - sec_monitor - INFO - API call successful
2025-04-15 21:17:26,220 - sec_monitor - INFO - Fetching supplementary data...
2025-04-15 21:17:27,010 - sec_monitor - INFO - filing_tickers type: <class 'list'>
2025-04-15 21:17:27,010 - sec_monitor - INFO - filing_data type: <class 'list'>
2025-04-15 21:17:27,010 - sec_monitor - INFO - Market open: False
2025-04-15 21:17:27,010 - sec_monitor - INFO - Number of filing times mapped: 5
2025-04-15 21:17:27,083 - sec_monitor - INFO - Last trading day: 2025-04-15
2025-04-15 21:17:27,083 - sec_monitor - INFO - Processing ticker: DOW
2025-04-15 21:17:27,656 - sec_monitor - INFO - Number of bars for DOW: 3
2025-04-15 21:17:27,656 - sec_monitor - INFO - Last bar close for DOW: 28.85
2025-04-15 21:17:27,657 - sec_monitor - INFO - Outside market hours price for DOW: 28.85
2025-04-15 21:17:27,657 - sec_monitor - INFO - Processing ticker: MCO
2025-04-15 21:17:27,734 - sec_monitor - INFO - Number of bars for MCO: 3
2025-04-15 21:17:27,734 - sec_monitor - INFO - Last bar close for MCO: 438.235
2025-04-15 21:17:27,735 - sec_monitor - INFO - Outside market hours price for MCO: 438.235
2025-04-15 21:17:27,735 - sec_monitor - INFO - Processing ticker: JBHT
2025-04-15 21:17:27,812 - sec_monitor - INFO - Number of bars for JBHT: 3
2025-04-15 21:17:27,812 - sec_monitor - INFO - Last bar close for JBHT: 137.83
2025-04-15 21:17:27,812 - sec_monitor - INFO - Outside market hours price for JBHT: 137.83
2025-04-15 21:17:27,813 - sec_monitor - INFO - Processing ticker: OMC
2025-04-15 21:17:27,910 - sec_monitor - INFO - Number of bars for OMC: 3
2025-04-15 21:17:27,910 - sec_monitor - INFO - Last bar close for OMC: 76.59
2025-04-15 21:17:27,910 - sec_monitor - INFO - Outside market hours price for OMC: 76.59
2025-04-15 21:17:27,910 - sec_monitor - INFO - Processing ticker: UAL
2025-04-15 21:17:27,989 - sec_monitor - INFO - Number of bars for UAL: 3
2025-04-15 21:17:27,989 - sec_monitor - INFO - Last bar close for UAL: 65.73
2025-04-15 21:17:27,989 - sec_monitor - INFO - Outside market hours price for UAL: 65.73
2025-04-15 21:17:29,609 - sec_monitor - INFO - Generating final output...
2025-04-15 21:17:29,610 - sec_monitor - INFO - Successfully merged 5 new filings with existing JSON
2025-04-15 21:17:29,610 - sec_monitor - INFO - Cumulative stats - Input words: 595989, Output words: 1228
2025-04-15 21:17:29,610 - sec_monitor - INFO - Successfully saved/merged output to output/sec_filings.json
2025-04-15 21:17:29,610 - sec_monitor - INFO - Processing complete. Stats: {'input_words': 171714, 'output_words': 385, 'filings_processed': 5}
