2025-09-08 11:09:19,484 - sec_monitor - INFO - Starting SEC filing monitor 
2025-09-08 11:09:19,484 - sec_monitor - INFO - Loading S&P 500 data...
2025-09-08 11:09:19,484 - sec_monitor - INFO - Starting S&P 500 data initialization
2025-09-08 11:09:19,485 - sec_monitor - INFO - Successfully loaded 503 S&P 500 tickers
2025-09-08 11:09:19,485 - sec_monitor - INFO - Successfully loaded 503 S&P 500 tickers
2025-09-08 11:09:19,485 - sec_monitor - INFO - Initializing components...
2025-09-08 11:09:19,485 - sec_monitor - INFO - Initializing components
2025-09-08 11:09:19,485 - sec_monitor - INFO - SEC fetcher initialized
2025-09-08 11:09:19,486 - sec_monitor - INFO - Filing analyzer initialized
2025-09-08 11:09:19,486 - sec_monitor - INFO - Alpaca clients initialized
2025-09-08 11:09:19,486 - sec_monitor - INFO - All components initialized successfully
2025-09-08 11:09:19,487 - sec_monitor - INFO - Found old JSON file, archiving
2025-09-08 11:09:19,487 - sec_monitor - INFO - Starting new filing collection for today
2025-09-08 11:09:19,487 - sec_monitor - INFO - Fetching SEC filings...
2025-09-08 11:09:20,309 - sec_monitor - INFO - Reached old filing, stopping. Found 5 total filings
2025-09-08 11:09:20,310 - sec_monitor - INFO - Found 3 new interesting filings
2025-09-08 11:09:20,310 - sec_monitor - INFO - Found 3 new filings to process
2025-09-08 11:09:20,310 - sec_monitor - INFO - Processing filing 1/3: NCLH
2025-09-08 11:09:50,976 - sec_monitor - INFO - ==================================================
2025-09-08 11:09:50,976 - sec_monitor - INFO - Processing first chunk
2025-09-08 11:09:50,976 - sec_monitor - INFO - Timestamp: 2025-09-08 11:09:50
2025-09-08 11:09:51,145 - sec_monitor - INFO - token percentage = 5%
2025-09-08 11:09:51,145 - sec_monitor - INFO - Making API call - Attempt 1/3
2025-09-08 11:09:51,145 - sec_monitor - INFO - Timestamp: 2025-09-08 11:09:51
2025-09-08 11:09:56,392 - sec_monitor - INFO - API call successful
2025-09-08 11:09:57,393 - sec_monitor - INFO - Processing filing 2/3: UNH
2025-09-08 11:10:27,897 - sec_monitor - INFO - ==================================================
2025-09-08 11:10:27,898 - sec_monitor - INFO - Processing first chunk
2025-09-08 11:10:27,898 - sec_monitor - INFO - Timestamp: 2025-09-08 11:10:27
2025-09-08 11:10:28,023 - sec_monitor - INFO - token percentage = 3%
2025-09-08 11:10:28,023 - sec_monitor - INFO - Making API call - Attempt 1/3
2025-09-08 11:10:28,024 - sec_monitor - INFO - Timestamp: 2025-09-08 11:10:28
2025-09-08 11:10:29,724 - sec_monitor - INFO - API call successful
2025-09-08 11:10:30,725 - sec_monitor - INFO - Processing filing 3/3: SYY
2025-09-08 11:11:02,622 - sec_monitor - INFO - ==================================================
2025-09-08 11:11:02,623 - sec_monitor - INFO - Processing first chunk
2025-09-08 11:11:02,623 - sec_monitor - INFO - Timestamp: 2025-09-08 11:11:02
2025-09-08 11:11:03,015 - sec_monitor - INFO - token percentage = 19%
2025-09-08 11:11:03,015 - sec_monitor - INFO - Making API call - Attempt 1/3
2025-09-08 11:11:03,016 - sec_monitor - INFO - Timestamp: 2025-09-08 11:11:03
2025-09-08 11:11:10,612 - sec_monitor - INFO - API call successful
2025-09-08 11:11:11,613 - sec_monitor - INFO - Fetching supplementary data...
2025-09-08 11:11:11,720 - sec_monitor - INFO - filing_tickers type: <class 'list'>
2025-09-08 11:11:11,720 - sec_monitor - INFO - filing_data type: <class 'list'>
2025-09-08 11:11:11,720 - sec_monitor - INFO - Market open: False
2025-09-08 11:11:11,721 - sec_monitor - INFO - Number of filing times mapped: 3
2025-09-08 11:11:11,732 - sec_monitor - INFO - Last trading day: 2025-09-08
2025-09-08 11:11:11,732 - sec_monitor - INFO - Processing ticker: NCLH
2025-09-08 11:11:11,853 - sec_monitor - INFO - Number of bars for NCLH: 3
2025-09-08 11:11:11,854 - sec_monitor - INFO - Last bar close for NCLH: 25.67
2025-09-08 11:11:11,854 - sec_monitor - INFO - Outside market hours price for NCLH: 25.67
2025-09-08 11:11:11,854 - sec_monitor - INFO - Processing ticker: UNH
2025-09-08 11:11:11,871 - sec_monitor - INFO - Number of bars for UNH: 3
2025-09-08 11:11:11,871 - sec_monitor - INFO - Last bar close for UNH: 315.34
2025-09-08 11:11:11,871 - sec_monitor - INFO - Outside market hours price for UNH: 315.34
2025-09-08 11:11:11,871 - sec_monitor - INFO - Processing ticker: SYY
2025-09-08 11:11:11,884 - sec_monitor - INFO - Number of bars for SYY: 3
2025-09-08 11:11:11,884 - sec_monitor - INFO - Last bar close for SYY: 82.495
2025-09-08 11:11:11,884 - sec_monitor - INFO - Outside market hours price for SYY: 82.495
2025-09-08 11:11:12,809 - sec_monitor - INFO - Generating final output...
2025-09-08 11:11:12,809 - sec_monitor - INFO - Successfully saved/merged output to output/sec_filings.json
2025-09-08 11:11:12,809 - sec_monitor - INFO - Processing complete. Stats: {'input_words': 82820, 'output_words': 271, 'filings_processed': 3}
