2025-06-06 11:10:35,233 - sec_monitor - INFO - Starting SEC filing monitor 
2025-06-06 11:10:35,233 - sec_monitor - INFO - Loading S&P 500 data...
2025-06-06 11:10:35,233 - sec_monitor - INFO - Starting S&P 500 data initialization
2025-06-06 11:10:35,233 - sec_monitor - INFO - Successfully loaded 503 S&P 500 tickers
2025-06-06 11:10:35,233 - sec_monitor - INFO - Successfully loaded 503 S&P 500 tickers
2025-06-06 11:10:35,233 - sec_monitor - INFO - Initializing components...
2025-06-06 11:10:35,234 - sec_monitor - INFO - Initializing components
2025-06-06 11:10:35,234 - sec_monitor - INFO - SEC fetcher initialized
2025-06-06 11:10:35,234 - sec_monitor - INFO - Filing analyzer initialized
2025-06-06 11:10:35,234 - sec_monitor - INFO - Alpaca clients initialized
2025-06-06 11:10:35,234 - sec_monitor - INFO - All components initialized successfully
2025-06-06 11:10:35,235 - sec_monitor - INFO - Found old JSON file, archiving
2025-06-06 11:10:35,235 - sec_monitor - INFO - Starting new filing collection for today
2025-06-06 11:10:35,236 - sec_monitor - INFO - Fetching SEC filings...
2025-06-06 11:10:49,350 - sec_monitor - INFO - No more entries found
2025-06-06 11:10:49,350 - sec_monitor - INFO - Completed fetching. Found 118 total filings
2025-06-06 11:10:49,350 - sec_monitor - INFO - Found 8 new interesting filings
2025-06-06 11:10:49,350 - sec_monitor - INFO - Found 8 new filings to process
2025-06-06 11:10:49,350 - sec_monitor - INFO - Processing filing 1/8: TT
2025-06-06 11:11:20,064 - sec_monitor - INFO - ==================================================
2025-06-06 11:11:20,065 - sec_monitor - INFO - Processing first chunk
2025-06-06 11:11:20,065 - sec_monitor - INFO - Timestamp: 2025-06-06 11:11:20
2025-06-06 11:11:20,212 - sec_monitor - INFO - token percentage = 3%
2025-06-06 11:11:20,212 - sec_monitor - INFO - Making API call - Attempt 1/3
2025-06-06 11:11:20,212 - sec_monitor - INFO - Timestamp: 2025-06-06 11:11:20
2025-06-06 11:11:24,458 - sec_monitor - INFO - API call successful
2025-06-06 11:11:25,460 - sec_monitor - INFO - Processing filing 2/8: TRGP
2025-06-06 11:11:56,554 - sec_monitor - INFO - ==================================================
2025-06-06 11:11:56,554 - sec_monitor - INFO - Processing first chunk
2025-06-06 11:11:56,554 - sec_monitor - INFO - Timestamp: 2025-06-06 11:11:56
2025-06-06 11:11:56,881 - sec_monitor - INFO - token percentage = 9%
2025-06-06 11:11:56,881 - sec_monitor - INFO - Making API call - Attempt 1/3
2025-06-06 11:11:56,881 - sec_monitor - INFO - Timestamp: 2025-06-06 11:11:56
2025-06-06 11:12:03,942 - sec_monitor - INFO - API call successful
2025-06-06 11:12:04,944 - sec_monitor - INFO - Processing filing 3/8: EXPE
2025-06-06 11:12:35,438 - sec_monitor - INFO - ==================================================
2025-06-06 11:12:35,438 - sec_monitor - INFO - Processing first chunk
2025-06-06 11:12:35,438 - sec_monitor - INFO - Timestamp: 2025-06-06 11:12:35
2025-06-06 11:12:35,580 - sec_monitor - INFO - token percentage = 2%
2025-06-06 11:12:35,580 - sec_monitor - INFO - Making API call - Attempt 1/3
2025-06-06 11:12:35,580 - sec_monitor - INFO - Timestamp: 2025-06-06 11:12:35
2025-06-06 11:12:39,169 - sec_monitor - INFO - API call successful
2025-06-06 11:12:40,171 - sec_monitor - INFO - Processing filing 4/8: LIN
2025-06-06 11:13:13,150 - sec_monitor - INFO - ==================================================
2025-06-06 11:13:13,151 - sec_monitor - INFO - Processing first chunk
2025-06-06 11:13:13,151 - sec_monitor - INFO - Timestamp: 2025-06-06 11:13:13
2025-06-06 11:13:13,602 - sec_monitor - INFO - token percentage = 24%
2025-06-06 11:13:13,602 - sec_monitor - INFO - Making API call - Attempt 1/3
2025-06-06 11:13:13,602 - sec_monitor - INFO - Timestamp: 2025-06-06 11:13:13
2025-06-06 11:13:23,647 - sec_monitor - INFO - API call successful
2025-06-06 11:13:24,649 - sec_monitor - INFO - Processing filing 5/8: EOG
2025-06-06 11:13:55,091 - sec_monitor - INFO - ==================================================
2025-06-06 11:13:55,091 - sec_monitor - INFO - Processing first chunk
2025-06-06 11:13:55,091 - sec_monitor - INFO - Timestamp: 2025-06-06 11:13:55
2025-06-06 11:13:55,226 - sec_monitor - INFO - token percentage = 2%
2025-06-06 11:13:55,226 - sec_monitor - INFO - Making API call - Attempt 1/3
2025-06-06 11:13:55,226 - sec_monitor - INFO - Timestamp: 2025-06-06 11:13:55
2025-06-06 11:13:58,579 - sec_monitor - INFO - API call successful
2025-06-06 11:13:59,580 - sec_monitor - INFO - Processing filing 6/8: CARR
2025-06-06 11:14:30,176 - sec_monitor - INFO - ==================================================
2025-06-06 11:14:30,176 - sec_monitor - INFO - Processing first chunk
2025-06-06 11:14:30,176 - sec_monitor - INFO - Timestamp: 2025-06-06 11:14:30
2025-06-06 11:14:30,309 - sec_monitor - INFO - token percentage = 3%
2025-06-06 11:14:30,309 - sec_monitor - INFO - Making API call - Attempt 1/3
2025-06-06 11:14:30,310 - sec_monitor - INFO - Timestamp: 2025-06-06 11:14:30
2025-06-06 11:14:35,277 - sec_monitor - INFO - API call successful
2025-06-06 11:14:36,279 - sec_monitor - INFO - Processing filing 7/8: RL
2025-06-06 11:15:07,755 - sec_monitor - INFO - ==================================================
2025-06-06 11:15:07,755 - sec_monitor - INFO - Processing first chunk
2025-06-06 11:15:07,755 - sec_monitor - INFO - Timestamp: 2025-06-06 11:15:07
2025-06-06 11:15:08,145 - sec_monitor - INFO - token percentage = 12%
2025-06-06 11:15:08,145 - sec_monitor - INFO - Making API call - Attempt 1/3
2025-06-06 11:15:08,145 - sec_monitor - INFO - Timestamp: 2025-06-06 11:15:08
2025-06-06 11:15:19,251 - sec_monitor - INFO - API call successful
2025-06-06 11:15:20,252 - sec_monitor - INFO - Processing filing 8/8: AVGO
2025-06-06 11:15:51,287 - sec_monitor - INFO - ==================================================
2025-06-06 11:15:51,287 - sec_monitor - INFO - Processing first chunk
2025-06-06 11:15:51,287 - sec_monitor - INFO - Timestamp: 2025-06-06 11:15:51
2025-06-06 11:15:51,427 - sec_monitor - INFO - token percentage = 4%
2025-06-06 11:15:51,427 - sec_monitor - INFO - Making API call - Attempt 1/3
2025-06-06 11:15:51,428 - sec_monitor - INFO - Timestamp: 2025-06-06 11:15:51
2025-06-06 11:15:57,070 - sec_monitor - INFO - API call successful
2025-06-06 11:15:58,071 - sec_monitor - INFO - Fetching supplementary data...
2025-06-06 11:15:58,587 - sec_monitor - INFO - filing_tickers type: <class 'list'>
2025-06-06 11:15:58,587 - sec_monitor - INFO - filing_data type: <class 'list'>
2025-06-06 11:15:58,587 - sec_monitor - INFO - Market open: False
2025-06-06 11:15:58,587 - sec_monitor - INFO - Number of filing times mapped: 8
2025-06-06 11:15:58,628 - sec_monitor - INFO - Last trading day: 2025-06-06
2025-06-06 11:15:58,628 - sec_monitor - INFO - Processing ticker: TT
2025-06-06 11:15:59,261 - sec_monitor - INFO - Number of bars for TT: 4
2025-06-06 11:15:59,261 - sec_monitor - INFO - Last bar close for TT: 431.02
2025-06-06 11:15:59,261 - sec_monitor - INFO - Outside market hours price for TT: 431.02
2025-06-06 11:15:59,261 - sec_monitor - INFO - Processing ticker: TRGP
2025-06-06 11:15:59,318 - sec_monitor - INFO - Number of bars for TRGP: 4
2025-06-06 11:15:59,318 - sec_monitor - INFO - Last bar close for TRGP: 164.13
2025-06-06 11:15:59,318 - sec_monitor - INFO - Outside market hours price for TRGP: 164.13
2025-06-06 11:15:59,318 - sec_monitor - INFO - Processing ticker: EXPE
2025-06-06 11:15:59,376 - sec_monitor - INFO - Number of bars for EXPE: 4
2025-06-06 11:15:59,376 - sec_monitor - INFO - Last bar close for EXPE: 173.365
2025-06-06 11:15:59,376 - sec_monitor - INFO - Outside market hours price for EXPE: 173.365
2025-06-06 11:15:59,376 - sec_monitor - INFO - Processing ticker: LIN
2025-06-06 11:15:59,430 - sec_monitor - INFO - Number of bars for LIN: 4
2025-06-06 11:15:59,430 - sec_monitor - INFO - Last bar close for LIN: 470.305
2025-06-06 11:15:59,430 - sec_monitor - INFO - Outside market hours price for LIN: 470.305
2025-06-06 11:15:59,430 - sec_monitor - INFO - Processing ticker: EOG
2025-06-06 11:15:59,485 - sec_monitor - INFO - Number of bars for EOG: 4
2025-06-06 11:15:59,485 - sec_monitor - INFO - Last bar close for EOG: 111.02
2025-06-06 11:15:59,485 - sec_monitor - INFO - Outside market hours price for EOG: 111.02
2025-06-06 11:15:59,485 - sec_monitor - INFO - Processing ticker: CARR
2025-06-06 11:15:59,540 - sec_monitor - INFO - Number of bars for CARR: 4
2025-06-06 11:15:59,540 - sec_monitor - INFO - Last bar close for CARR: 71.43
2025-06-06 11:15:59,540 - sec_monitor - INFO - Outside market hours price for CARR: 71.43
2025-06-06 11:15:59,541 - sec_monitor - INFO - Processing ticker: RL
2025-06-06 11:15:59,589 - sec_monitor - INFO - Number of bars for RL: 4
2025-06-06 11:15:59,589 - sec_monitor - INFO - Last bar close for RL: 274.74
2025-06-06 11:15:59,589 - sec_monitor - INFO - Outside market hours price for RL: 274.74
2025-06-06 11:15:59,589 - sec_monitor - INFO - Processing ticker: AVGO
2025-06-06 11:15:59,647 - sec_monitor - INFO - Number of bars for AVGO: 4
2025-06-06 11:15:59,647 - sec_monitor - INFO - Last bar close for AVGO: 260.07
2025-06-06 11:15:59,647 - sec_monitor - INFO - Outside market hours price for AVGO: 260.07
2025-06-06 11:16:02,083 - sec_monitor - INFO - Generating final output...
2025-06-06 11:16:02,083 - sec_monitor - INFO - Successfully saved/merged output to output/sec_filings.json
2025-06-06 11:16:02,083 - sec_monitor - INFO - Processing complete. Stats: {'input_words': 139179, 'output_words': 587, 'filings_processed': 8}
2025-06-06 12:41:12,397 - sec_monitor - INFO - Starting SEC filing monitor 
2025-06-06 12:41:12,398 - sec_monitor - INFO - Loading S&P 500 data...
2025-06-06 12:41:12,398 - sec_monitor - INFO - Starting S&P 500 data initialization
2025-06-06 12:41:12,398 - sec_monitor - INFO - Successfully loaded 503 S&P 500 tickers
2025-06-06 12:41:12,398 - sec_monitor - INFO - Successfully loaded 503 S&P 500 tickers
2025-06-06 12:41:12,398 - sec_monitor - INFO - Initializing components...
2025-06-06 12:41:12,398 - sec_monitor - INFO - Initializing components
2025-06-06 12:41:12,398 - sec_monitor - INFO - SEC fetcher initialized
2025-06-06 12:41:12,399 - sec_monitor - INFO - Filing analyzer initialized
2025-06-06 12:41:12,399 - sec_monitor - INFO - Alpaca clients initialized
2025-06-06 12:41:12,399 - sec_monitor - INFO - All components initialized successfully
2025-06-06 12:41:12,400 - sec_monitor - INFO - Found JSON file from today
2025-06-06 12:41:12,400 - sec_monitor - INFO - Found 8 previously processed accessions and 8 filing URLs
2025-06-06 12:41:12,400 - sec_monitor - INFO - Found 8 accession numbers and 8 URLs from previously processed filings
2025-06-06 12:41:12,400 - sec_monitor - INFO - Fetching SEC filings...
2025-06-06 12:41:45,003 - sec_monitor - INFO - No more entries found
2025-06-06 12:41:45,003 - sec_monitor - INFO - Completed fetching. Found 113 total filings
2025-06-06 12:41:45,003 - sec_monitor - INFO - Found 2 new interesting filings
2025-06-06 12:41:45,004 - sec_monitor - INFO - Found 2 new filings to process
2025-06-06 12:41:45,004 - sec_monitor - INFO - Processing filing 1/2: RCL
2025-06-06 12:42:15,542 - sec_monitor - INFO - ==================================================
2025-06-06 12:42:15,542 - sec_monitor - INFO - Processing first chunk
2025-06-06 12:42:15,542 - sec_monitor - INFO - Timestamp: 2025-06-06 12:42:15
2025-06-06 12:42:15,683 - sec_monitor - INFO - token percentage = 3%
2025-06-06 12:42:15,683 - sec_monitor - INFO - Making API call - Attempt 1/3
2025-06-06 12:42:15,683 - sec_monitor - INFO - Timestamp: 2025-06-06 12:42:15
2025-06-06 12:42:19,107 - sec_monitor - INFO - API call successful
2025-06-06 12:42:20,108 - sec_monitor - INFO - Processing filing 2/2: DVN
2025-06-06 12:42:50,457 - sec_monitor - INFO - ==================================================
2025-06-06 12:42:50,457 - sec_monitor - INFO - Processing first chunk
2025-06-06 12:42:50,457 - sec_monitor - INFO - Timestamp: 2025-06-06 12:42:50
2025-06-06 12:42:50,555 - sec_monitor - INFO - token percentage = 2%
2025-06-06 12:42:50,555 - sec_monitor - INFO - Making API call - Attempt 1/3
2025-06-06 12:42:50,555 - sec_monitor - INFO - Timestamp: 2025-06-06 12:42:50
2025-06-06 12:42:53,491 - sec_monitor - INFO - API call successful
2025-06-06 12:42:54,492 - sec_monitor - INFO - Fetching supplementary data...
2025-06-06 12:42:54,558 - sec_monitor - INFO - filing_tickers type: <class 'list'>
2025-06-06 12:42:54,558 - sec_monitor - INFO - filing_data type: <class 'list'>
2025-06-06 12:42:54,558 - sec_monitor - INFO - Market open: False
2025-06-06 12:42:54,559 - sec_monitor - INFO - Number of filing times mapped: 2
2025-06-06 12:42:54,565 - sec_monitor - INFO - Last trading day: 2025-06-06
2025-06-06 12:42:54,565 - sec_monitor - INFO - Processing ticker: RCL
2025-06-06 12:42:54,630 - sec_monitor - INFO - Number of bars for RCL: 4
2025-06-06 12:42:54,630 - sec_monitor - INFO - Last bar close for RCL: 271.47
2025-06-06 12:42:54,630 - sec_monitor - INFO - Outside market hours price for RCL: 271.47
2025-06-06 12:42:54,630 - sec_monitor - INFO - Processing ticker: DVN
2025-06-06 12:42:54,654 - sec_monitor - INFO - Number of bars for DVN: 4
2025-06-06 12:42:54,654 - sec_monitor - INFO - Last bar close for DVN: 31.42
2025-06-06 12:42:54,654 - sec_monitor - INFO - Outside market hours price for DVN: 31.42
2025-06-06 12:42:55,369 - sec_monitor - INFO - Generating final output...
2025-06-06 12:42:55,369 - sec_monitor - INFO - Successfully merged 2 new filings with existing JSON
2025-06-06 12:42:55,370 - sec_monitor - INFO - Cumulative stats - Input words: 147583, Output words: 723
2025-06-06 12:42:55,370 - sec_monitor - INFO - Successfully saved/merged output to output/sec_filings.json
2025-06-06 12:42:55,370 - sec_monitor - INFO - Processing complete. Stats: {'input_words': 8404, 'output_words': 136, 'filings_processed': 2}
2025-06-06 13:33:16,103 - sec_monitor - INFO - Starting SEC filing monitor 
2025-06-06 13:33:16,103 - sec_monitor - INFO - Loading S&P 500 data...
2025-06-06 13:33:16,103 - sec_monitor - INFO - Starting S&P 500 data initialization
2025-06-06 13:33:16,103 - sec_monitor - INFO - Successfully loaded 503 S&P 500 tickers
2025-06-06 13:33:16,104 - sec_monitor - INFO - Successfully loaded 503 S&P 500 tickers
2025-06-06 13:33:16,104 - sec_monitor - INFO - Initializing components...
2025-06-06 13:33:16,104 - sec_monitor - INFO - Initializing components
2025-06-06 13:33:16,104 - sec_monitor - INFO - SEC fetcher initialized
2025-06-06 13:33:16,104 - sec_monitor - INFO - Filing analyzer initialized
2025-06-06 13:33:16,104 - sec_monitor - INFO - Alpaca clients initialized
2025-06-06 13:33:16,104 - sec_monitor - INFO - All components initialized successfully
2025-06-06 13:33:16,105 - sec_monitor - INFO - Found JSON file from today
2025-06-06 13:33:16,106 - sec_monitor - INFO - Found 10 previously processed accessions and 10 filing URLs
2025-06-06 13:33:16,106 - sec_monitor - INFO - Found 10 accession numbers and 10 URLs from previously processed filings
2025-06-06 13:33:16,106 - sec_monitor - INFO - Fetching SEC filings...
2025-06-06 13:33:52,882 - sec_monitor - INFO - No more entries found
2025-06-06 13:33:52,882 - sec_monitor - INFO - Completed fetching. Found 108 total filings
2025-06-06 13:33:52,882 - sec_monitor - INFO - Found 1 new interesting filings
2025-06-06 13:33:52,882 - sec_monitor - INFO - Found 1 new filings to process
2025-06-06 13:33:52,882 - sec_monitor - INFO - Processing filing 1/1: WEC
2025-06-06 13:34:23,574 - sec_monitor - INFO - ==================================================
2025-06-06 13:34:23,575 - sec_monitor - INFO - Processing first chunk
2025-06-06 13:34:23,575 - sec_monitor - INFO - Timestamp: 2025-06-06 13:34:23
2025-06-06 13:34:23,739 - sec_monitor - INFO - token percentage = 7%
2025-06-06 13:34:23,739 - sec_monitor - INFO - Making API call - Attempt 1/3
2025-06-06 13:34:23,739 - sec_monitor - INFO - Timestamp: 2025-06-06 13:34:23
2025-06-06 13:34:30,854 - sec_monitor - INFO - API call successful
2025-06-06 13:34:31,856 - sec_monitor - INFO - Fetching supplementary data...
2025-06-06 13:34:32,345 - sec_monitor - INFO - filing_tickers type: <class 'list'>
2025-06-06 13:34:32,345 - sec_monitor - INFO - filing_data type: <class 'list'>
2025-06-06 13:34:32,345 - sec_monitor - INFO - Market open: True
2025-06-06 13:34:32,345 - sec_monitor - INFO - Number of filing times mapped: 1
2025-06-06 13:34:32,370 - sec_monitor - INFO - Last trading day: 2025-06-06
2025-06-06 13:34:32,370 - sec_monitor - INFO - Processing ticker: WEC
2025-06-06 13:34:32,680 - sec_monitor - INFO - Number of bars for WEC: 4
2025-06-06 13:34:32,680 - sec_monitor - INFO - Last bar close for WEC: 104.77
2025-06-06 13:34:32,680 - sec_monitor - INFO - Market open price for WEC: 104.77, change: -0.9079731391279748%
2025-06-06 13:34:33,399 - sec_monitor - INFO - Generating final output...
2025-06-06 13:34:33,400 - sec_monitor - INFO - Successfully merged 1 new filings with existing JSON
2025-06-06 13:34:33,400 - sec_monitor - INFO - Cumulative stats - Input words: 154854, Output words: 814
2025-06-06 13:34:33,401 - sec_monitor - INFO - Successfully saved/merged output to output/sec_filings.json
2025-06-06 13:34:33,401 - sec_monitor - INFO - Processing complete. Stats: {'input_words': 7271, 'output_words': 91, 'filings_processed': 1}
2025-06-06 15:18:54,893 - sec_monitor - INFO - Starting SEC filing monitor 
2025-06-06 15:18:54,893 - sec_monitor - INFO - Loading S&P 500 data...
2025-06-06 15:18:54,893 - sec_monitor - INFO - Starting S&P 500 data initialization
2025-06-06 15:18:54,894 - sec_monitor - INFO - Successfully loaded 503 S&P 500 tickers
2025-06-06 15:18:54,894 - sec_monitor - INFO - Successfully loaded 503 S&P 500 tickers
2025-06-06 15:18:54,894 - sec_monitor - INFO - Initializing components...
2025-06-06 15:18:54,894 - sec_monitor - INFO - Initializing components
2025-06-06 15:18:54,894 - sec_monitor - INFO - SEC fetcher initialized
2025-06-06 15:18:54,894 - sec_monitor - INFO - Filing analyzer initialized
2025-06-06 15:18:54,895 - sec_monitor - INFO - Alpaca clients initialized
2025-06-06 15:18:54,895 - sec_monitor - INFO - All components initialized successfully
2025-06-06 15:18:54,896 - sec_monitor - INFO - Found JSON file from today
2025-06-06 15:18:54,896 - sec_monitor - INFO - Found 11 previously processed accessions and 11 filing URLs
2025-06-06 15:18:54,896 - sec_monitor - INFO - Found 11 accession numbers and 11 URLs from previously processed filings
2025-06-06 15:18:54,896 - sec_monitor - INFO - Fetching SEC filings...
2025-06-06 15:19:24,279 - sec_monitor - INFO - No more entries found
2025-06-06 15:19:24,279 - sec_monitor - INFO - Completed fetching. Found 85 total filings
2025-06-06 15:19:24,280 - sec_monitor - INFO - Found 0 new interesting filings
2025-06-06 15:19:24,280 - sec_monitor - INFO - No new filings to process
2025-06-06 18:23:40,289 - sec_monitor - INFO - Starting SEC filing monitor 
2025-06-06 18:23:40,289 - sec_monitor - INFO - Loading S&P 500 data...
2025-06-06 18:23:40,289 - sec_monitor - INFO - Starting S&P 500 data initialization
2025-06-06 18:23:40,290 - sec_monitor - INFO - Successfully loaded 503 S&P 500 tickers
2025-06-06 18:23:40,290 - sec_monitor - INFO - Successfully loaded 503 S&P 500 tickers
2025-06-06 18:23:40,290 - sec_monitor - INFO - Initializing components...
2025-06-06 18:23:40,290 - sec_monitor - INFO - Initializing components
2025-06-06 18:23:40,290 - sec_monitor - INFO - SEC fetcher initialized
2025-06-06 18:23:40,290 - sec_monitor - INFO - Filing analyzer initialized
2025-06-06 18:23:40,290 - sec_monitor - INFO - Alpaca clients initialized
2025-06-06 18:23:40,291 - sec_monitor - INFO - All components initialized successfully
2025-06-06 18:23:40,292 - sec_monitor - INFO - Found JSON file from today
2025-06-06 18:23:40,292 - sec_monitor - INFO - Found 11 previously processed accessions and 11 filing URLs
2025-06-06 18:23:40,292 - sec_monitor - INFO - Found 11 accession numbers and 11 URLs from previously processed filings
2025-06-06 18:23:40,292 - sec_monitor - INFO - Fetching SEC filings...
2025-06-06 18:24:03,753 - sec_monitor - INFO - No more entries found
2025-06-06 18:24:03,753 - sec_monitor - INFO - Completed fetching. Found 59 total filings
2025-06-06 18:24:03,753 - sec_monitor - INFO - Found 0 new interesting filings
2025-06-06 18:24:03,753 - sec_monitor - INFO - No new filings to process
