2025-03-05 11:09:13,429 - sec_monitor - INFO - Starting SEC filing monitor 
2025-03-05 11:09:13,430 - sec_monitor - INFO - Loading S&P 500 data...
2025-03-05 11:09:13,430 - sec_monitor - INFO - Starting S&P 500 data initialization
2025-03-05 11:09:13,430 - sec_monitor - INFO - Successfully loaded 503 S&P 500 tickers
2025-03-05 11:09:13,430 - sec_monitor - INFO - Successfully loaded 503 S&P 500 tickers
2025-03-05 11:09:13,430 - sec_monitor - INFO - Initializing components...
2025-03-05 11:09:13,430 - sec_monitor - INFO - Initializing components
2025-03-05 11:09:13,431 - sec_monitor - INFO - SEC fetcher initialized
2025-03-05 11:09:13,431 - sec_monitor - INFO - Filing analyzer initialized
2025-03-05 11:09:13,431 - sec_monitor - INFO - Alpaca clients initialized
2025-03-05 11:09:13,431 - sec_monitor - INFO - All components initialized successfully
2025-03-05 11:09:13,432 - sec_monitor - INFO - Found old JSON file, archiving
2025-03-05 11:09:13,432 - sec_monitor - INFO - Starting new filing collection for today
2025-03-05 11:09:13,432 - sec_monitor - INFO - Fetching SEC filings...
2025-03-05 11:09:27,042 - sec_monitor - INFO - No more entries found
2025-03-05 11:09:27,042 - sec_monitor - INFO - Completed fetching. Found 200 total filings
2025-03-05 11:09:27,042 - sec_monitor - INFO - Found 0 new interesting filings
2025-03-05 11:09:27,042 - sec_monitor - INFO - No new filings to process
2025-03-05 12:37:09,470 - sec_monitor - INFO - Starting SEC filing monitor 
2025-03-05 12:37:09,470 - sec_monitor - INFO - Loading S&P 500 data...
2025-03-05 12:37:09,470 - sec_monitor - INFO - Starting S&P 500 data initialization
2025-03-05 12:37:09,470 - sec_monitor - INFO - Successfully loaded 503 S&P 500 tickers
2025-03-05 12:37:09,470 - sec_monitor - INFO - Successfully loaded 503 S&P 500 tickers
2025-03-05 12:37:09,470 - sec_monitor - INFO - Initializing components...
2025-03-05 12:37:09,471 - sec_monitor - INFO - Initializing components
2025-03-05 12:37:09,471 - sec_monitor - INFO - SEC fetcher initialized
2025-03-05 12:37:09,471 - sec_monitor - INFO - Filing analyzer initialized
2025-03-05 12:37:09,471 - sec_monitor - INFO - Alpaca clients initialized
2025-03-05 12:37:09,471 - sec_monitor - INFO - All components initialized successfully
2025-03-05 12:37:09,471 - sec_monitor - INFO - No existing JSON file found
2025-03-05 12:37:09,471 - sec_monitor - INFO - Starting new filing collection for today
2025-03-05 12:37:09,471 - sec_monitor - INFO - Fetching SEC filings...
2025-03-05 12:37:26,312 - sec_monitor - INFO - No more entries found
2025-03-05 12:37:26,312 - sec_monitor - INFO - Completed fetching. Found 180 total filings
2025-03-05 12:37:26,312 - sec_monitor - INFO - Found 5 new interesting filings
2025-03-05 12:37:26,312 - sec_monitor - INFO - Found 5 new filings to process
2025-03-05 12:37:26,312 - sec_monitor - INFO - Processing filing 1/5: CE
2025-03-05 12:37:57,081 - sec_monitor - INFO - ==================================================
2025-03-05 12:37:57,082 - sec_monitor - INFO - Processing first chunk
2025-03-05 12:37:57,082 - sec_monitor - INFO - Timestamp: 2025-03-05 12:37:57
2025-03-05 12:37:57,295 - sec_monitor - INFO - token percentage = 4%
2025-03-05 12:37:57,295 - sec_monitor - INFO - Making API call - Attempt 1/3
2025-03-05 12:37:57,295 - sec_monitor - INFO - Timestamp: 2025-03-05 12:37:57
2025-03-05 12:38:01,014 - sec_monitor - INFO - API call successful
2025-03-05 12:38:02,016 - sec_monitor - INFO - Processing filing 2/5: CPB
2025-03-05 12:38:57,126 - sec_monitor - INFO - ==================================================
2025-03-05 12:38:57,126 - sec_monitor - INFO - Processing first chunk
2025-03-05 12:38:57,126 - sec_monitor - INFO - Timestamp: 2025-03-05 12:38:57
2025-03-05 12:38:58,337 - sec_monitor - INFO - token percentage = 46%
2025-03-05 12:38:58,337 - sec_monitor - INFO - Making API call - Attempt 1/3
2025-03-05 12:38:58,338 - sec_monitor - INFO - Timestamp: 2025-03-05 12:38:58
2025-03-05 12:39:13,663 - sec_monitor - INFO - API call successful
2025-03-05 12:39:43,694 - sec_monitor - INFO - ==================================================
2025-03-05 12:39:43,694 - sec_monitor - INFO - Processing middle chunk
2025-03-05 12:39:43,694 - sec_monitor - INFO - Timestamp: 2025-03-05 12:39:43
2025-03-05 12:39:44,680 - sec_monitor - INFO - token percentage = 60%
2025-03-05 12:39:44,681 - sec_monitor - INFO - Making API call - Attempt 1/3
2025-03-05 12:39:44,681 - sec_monitor - INFO - Timestamp: 2025-03-05 12:39:44
2025-03-05 12:40:04,025 - sec_monitor - INFO - API call successful
2025-03-05 12:40:34,055 - sec_monitor - INFO - ==================================================
2025-03-05 12:40:34,055 - sec_monitor - INFO - Processing middle chunk
2025-03-05 12:40:34,055 - sec_monitor - INFO - Timestamp: 2025-03-05 12:40:34
2025-03-05 12:40:35,145 - sec_monitor - INFO - token percentage = 48%
2025-03-05 12:40:35,146 - sec_monitor - INFO - Making API call - Attempt 1/3
2025-03-05 12:40:35,146 - sec_monitor - INFO - Timestamp: 2025-03-05 12:40:35
2025-03-05 12:40:50,629 - sec_monitor - INFO - API call successful
2025-03-05 12:41:20,643 - sec_monitor - INFO - ==================================================
2025-03-05 12:41:20,643 - sec_monitor - INFO - Processing middle chunk
2025-03-05 12:41:20,643 - sec_monitor - INFO - Timestamp: 2025-03-05 12:41:20
2025-03-05 12:41:21,738 - sec_monitor - INFO - token percentage = 45%
2025-03-05 12:41:21,738 - sec_monitor - INFO - Making API call - Attempt 1/3
2025-03-05 12:41:21,738 - sec_monitor - INFO - Timestamp: 2025-03-05 12:41:21
2025-03-05 12:41:35,863 - sec_monitor - INFO - API call successful
2025-03-05 12:42:05,872 - sec_monitor - INFO - ==================================================
2025-03-05 12:42:05,872 - sec_monitor - INFO - Processing last chunk
2025-03-05 12:42:05,872 - sec_monitor - INFO - Timestamp: 2025-03-05 12:42:05
2025-03-05 12:42:06,010 - sec_monitor - INFO - token percentage = 4%
2025-03-05 12:42:06,011 - sec_monitor - INFO - Making API call - Attempt 1/3
2025-03-05 12:42:06,011 - sec_monitor - INFO - Timestamp: 2025-03-05 12:42:06
2025-03-05 12:42:09,001 - sec_monitor - INFO - API call successful
2025-03-05 12:42:09,001 - sec_monitor - INFO - Making combine API call - Attempt 1/3
2025-03-05 12:42:09,002 - sec_monitor - INFO - Timestamp: 2025-03-05 12:42:09
2025-03-05 12:42:10,288 - sec_monitor - INFO - Combine API call successful
2025-03-05 12:42:11,289 - sec_monitor - INFO - Processing filing 3/5: CPB
2025-03-05 12:43:02,663 - sec_monitor - INFO - ==================================================
2025-03-05 12:43:02,663 - sec_monitor - INFO - Processing first chunk
2025-03-05 12:43:02,663 - sec_monitor - INFO - Timestamp: 2025-03-05 12:43:02
2025-03-05 12:43:02,947 - sec_monitor - INFO - token percentage = 49%
2025-03-05 12:43:02,948 - sec_monitor - INFO - Making API call - Attempt 1/3
2025-03-05 12:43:02,948 - sec_monitor - INFO - Timestamp: 2025-03-05 12:43:02
2025-03-05 12:43:18,489 - sec_monitor - INFO - API call successful
2025-03-05 12:43:48,519 - sec_monitor - INFO - ==================================================
2025-03-05 12:43:48,519 - sec_monitor - INFO - Processing middle chunk
2025-03-05 12:43:48,519 - sec_monitor - INFO - Timestamp: 2025-03-05 12:43:48
2025-03-05 12:43:48,846 - sec_monitor - INFO - token percentage = 50%
2025-03-05 12:43:48,846 - sec_monitor - INFO - Making API call - Attempt 1/3
2025-03-05 12:43:48,846 - sec_monitor - INFO - Timestamp: 2025-03-05 12:43:48
2025-03-05 12:44:03,651 - sec_monitor - INFO - API call successful
2025-03-05 12:44:33,682 - sec_monitor - INFO - ==================================================
2025-03-05 12:44:33,682 - sec_monitor - INFO - Processing middle chunk
2025-03-05 12:44:33,682 - sec_monitor - INFO - Timestamp: 2025-03-05 12:44:33
2025-03-05 12:44:34,075 - sec_monitor - INFO - token percentage = 51%
2025-03-05 12:44:34,075 - sec_monitor - INFO - Making API call - Attempt 1/3
2025-03-05 12:44:34,076 - sec_monitor - INFO - Timestamp: 2025-03-05 12:44:34
2025-03-05 12:44:49,553 - sec_monitor - INFO - API call successful
2025-03-05 12:45:19,583 - sec_monitor - INFO - ==================================================
2025-03-05 12:45:19,583 - sec_monitor - INFO - Processing last chunk
2025-03-05 12:45:19,583 - sec_monitor - INFO - Timestamp: 2025-03-05 12:45:19
2025-03-05 12:45:19,742 - sec_monitor - INFO - token percentage = 19%
2025-03-05 12:45:19,742 - sec_monitor - INFO - Making API call - Attempt 1/3
2025-03-05 12:45:19,742 - sec_monitor - INFO - Timestamp: 2025-03-05 12:45:19
2025-03-05 12:45:29,745 - sec_monitor - INFO - API call successful
2025-03-05 12:45:29,745 - sec_monitor - INFO - Making combine API call - Attempt 1/3
2025-03-05 12:45:29,745 - sec_monitor - INFO - Timestamp: 2025-03-05 12:45:29
2025-03-05 12:45:31,151 - sec_monitor - INFO - Combine API call successful
2025-03-05 12:45:32,153 - sec_monitor - INFO - Processing filing 4/5: DVN
2025-03-05 12:46:02,566 - sec_monitor - INFO - ==================================================
2025-03-05 12:46:02,567 - sec_monitor - INFO - Processing first chunk
2025-03-05 12:46:02,567 - sec_monitor - INFO - Timestamp: 2025-03-05 12:46:02
2025-03-05 12:46:02,665 - sec_monitor - INFO - token percentage = 2%
2025-03-05 12:46:02,665 - sec_monitor - INFO - Making API call - Attempt 1/3
2025-03-05 12:46:02,665 - sec_monitor - INFO - Timestamp: 2025-03-05 12:46:02
2025-03-05 12:46:04,155 - sec_monitor - INFO - API call successful
2025-03-05 12:46:05,157 - sec_monitor - INFO - Processing filing 5/5: DLTR
2025-03-05 12:46:41,652 - sec_monitor - INFO - ==================================================
2025-03-05 12:46:41,652 - sec_monitor - INFO - Processing first chunk
2025-03-05 12:46:41,652 - sec_monitor - INFO - Timestamp: 2025-03-05 12:46:41
2025-03-05 12:46:41,974 - sec_monitor - INFO - token percentage = 50%
2025-03-05 12:46:41,974 - sec_monitor - INFO - Making API call - Attempt 1/3
2025-03-05 12:46:41,974 - sec_monitor - INFO - Timestamp: 2025-03-05 12:46:41
2025-03-05 12:46:57,203 - sec_monitor - INFO - API call successful
2025-03-05 12:47:27,233 - sec_monitor - INFO - ==================================================
2025-03-05 12:47:27,233 - sec_monitor - INFO - Processing last chunk
2025-03-05 12:47:27,233 - sec_monitor - INFO - Timestamp: 2025-03-05 12:47:27
2025-03-05 12:47:27,400 - sec_monitor - INFO - token percentage = 18%
2025-03-05 12:47:27,400 - sec_monitor - INFO - Making API call - Attempt 1/3
2025-03-05 12:47:27,400 - sec_monitor - INFO - Timestamp: 2025-03-05 12:47:27
2025-03-05 12:47:34,213 - sec_monitor - INFO - API call successful
2025-03-05 12:47:34,214 - sec_monitor - INFO - Making combine API call - Attempt 1/3
2025-03-05 12:47:34,214 - sec_monitor - INFO - Timestamp: 2025-03-05 12:47:34
2025-03-05 12:47:35,328 - sec_monitor - INFO - Combine API call successful
2025-03-05 12:47:36,329 - sec_monitor - INFO - Fetching supplementary data...
2025-03-05 12:47:36,972 - sec_monitor - INFO - filing_tickers type: <class 'list'>
2025-03-05 12:47:36,972 - sec_monitor - INFO - filing_data type: <class 'list'>
2025-03-05 12:47:36,972 - sec_monitor - INFO - Market open: False
2025-03-05 12:47:36,973 - sec_monitor - INFO - Number of filing times mapped: 4
2025-03-05 12:47:37,049 - sec_monitor - INFO - Last trading day: 2025-03-05
2025-03-05 12:47:37,049 - sec_monitor - INFO - Processing ticker: CE
2025-03-05 12:47:37,789 - sec_monitor - INFO - Number of bars for CE: 3
2025-03-05 12:47:37,790 - sec_monitor - INFO - Last bar close for CE: 48.19
2025-03-05 12:47:37,790 - sec_monitor - INFO - Outside market hours price for CE: 48.19
2025-03-05 12:47:37,790 - sec_monitor - INFO - Processing ticker: CPB
2025-03-05 12:47:37,875 - sec_monitor - INFO - Number of bars for CPB: 3
2025-03-05 12:47:37,875 - sec_monitor - INFO - Last bar close for CPB: 40.33
2025-03-05 12:47:37,875 - sec_monitor - INFO - Outside market hours price for CPB: 40.33
2025-03-05 12:47:37,875 - sec_monitor - INFO - Processing ticker: CPB
2025-03-05 12:47:37,956 - sec_monitor - INFO - Number of bars for CPB: 3
2025-03-05 12:47:37,957 - sec_monitor - INFO - Last bar close for CPB: 40.33
2025-03-05 12:47:37,957 - sec_monitor - INFO - Outside market hours price for CPB: 40.33
2025-03-05 12:47:37,957 - sec_monitor - INFO - Processing ticker: DVN
2025-03-05 12:47:38,036 - sec_monitor - INFO - Number of bars for DVN: 3
2025-03-05 12:47:38,036 - sec_monitor - INFO - Last bar close for DVN: 34.24
2025-03-05 12:47:38,036 - sec_monitor - INFO - Outside market hours price for DVN: 34.24
2025-03-05 12:47:38,036 - sec_monitor - INFO - Processing ticker: DLTR
2025-03-05 12:47:38,115 - sec_monitor - INFO - Number of bars for DLTR: 3
2025-03-05 12:47:38,115 - sec_monitor - INFO - Last bar close for DLTR: 66.68
2025-03-05 12:47:38,115 - sec_monitor - INFO - Outside market hours price for DLTR: 66.68
2025-03-05 12:47:39,619 - sec_monitor - INFO - Generating final output...
2025-03-05 12:47:39,620 - sec_monitor - INFO - Successfully saved/merged output to output/sec_filings.json
2025-03-05 12:47:39,620 - sec_monitor - INFO - Processing complete. Stats: {'input_words': 384620, 'output_words': 355, 'filings_processed': 5}
2025-03-05 13:27:18,291 - sec_monitor - INFO - Starting SEC filing monitor 
2025-03-05 13:27:18,291 - sec_monitor - INFO - Loading S&P 500 data...
2025-03-05 13:27:18,291 - sec_monitor - INFO - Starting S&P 500 data initialization
2025-03-05 13:27:18,292 - sec_monitor - INFO - Successfully loaded 503 S&P 500 tickers
2025-03-05 13:27:18,292 - sec_monitor - INFO - Successfully loaded 503 S&P 500 tickers
2025-03-05 13:27:18,292 - sec_monitor - INFO - Initializing components...
2025-03-05 13:27:18,292 - sec_monitor - INFO - Initializing components
2025-03-05 13:27:18,292 - sec_monitor - INFO - SEC fetcher initialized
2025-03-05 13:27:18,292 - sec_monitor - INFO - Filing analyzer initialized
2025-03-05 13:27:18,293 - sec_monitor - INFO - Alpaca clients initialized
2025-03-05 13:27:18,293 - sec_monitor - INFO - All components initialized successfully
2025-03-05 13:27:18,294 - sec_monitor - INFO - Found JSON file from today
2025-03-05 13:27:18,294 - sec_monitor - INFO - Found 5 previously processed accessions and 5 filing URLs
2025-03-05 13:27:18,294 - sec_monitor - INFO - Found 5 accession numbers and 5 URLs from previously processed filings
2025-03-05 13:27:18,294 - sec_monitor - INFO - Fetching SEC filings...
2025-03-05 13:27:45,061 - sec_monitor - INFO - No more entries found
2025-03-05 13:27:45,061 - sec_monitor - INFO - Completed fetching. Found 157 total filings
2025-03-05 13:27:45,061 - sec_monitor - INFO - Found 3 new interesting filings
2025-03-05 13:27:45,061 - sec_monitor - INFO - Found 3 new filings to process
2025-03-05 13:27:45,061 - sec_monitor - INFO - Processing filing 1/3: AMT
2025-03-05 13:28:15,659 - sec_monitor - INFO - ==================================================
2025-03-05 13:28:15,659 - sec_monitor - INFO - Processing first chunk
2025-03-05 13:28:15,659 - sec_monitor - INFO - Timestamp: 2025-03-05 13:28:15
2025-03-05 13:28:15,810 - sec_monitor - INFO - token percentage = 4%
2025-03-05 13:28:15,811 - sec_monitor - INFO - Making API call - Attempt 1/3
2025-03-05 13:28:15,811 - sec_monitor - INFO - Timestamp: 2025-03-05 13:28:15
2025-03-05 13:28:18,852 - sec_monitor - INFO - API call successful
2025-03-05 13:28:19,853 - sec_monitor - INFO - Processing filing 2/3: AXON
2025-03-05 13:28:50,375 - sec_monitor - INFO - ==================================================
2025-03-05 13:28:50,375 - sec_monitor - INFO - Processing first chunk
2025-03-05 13:28:50,375 - sec_monitor - INFO - Timestamp: 2025-03-05 13:28:50
2025-03-05 13:28:50,501 - sec_monitor - INFO - token percentage = 3%
2025-03-05 13:28:50,501 - sec_monitor - INFO - Making API call - Attempt 1/3
2025-03-05 13:28:50,501 - sec_monitor - INFO - Timestamp: 2025-03-05 13:28:50
2025-03-05 13:28:52,390 - sec_monitor - INFO - API call successful
2025-03-05 13:28:53,392 - sec_monitor - INFO - Processing filing 3/3: KVUE
2025-03-05 13:29:24,050 - sec_monitor - INFO - ==================================================
2025-03-05 13:29:24,050 - sec_monitor - INFO - Processing first chunk
2025-03-05 13:29:24,051 - sec_monitor - INFO - Timestamp: 2025-03-05 13:29:24
2025-03-05 13:29:24,237 - sec_monitor - INFO - token percentage = 6%
2025-03-05 13:29:24,237 - sec_monitor - INFO - Making API call - Attempt 1/3
2025-03-05 13:29:24,237 - sec_monitor - INFO - Timestamp: 2025-03-05 13:29:24
2025-03-05 13:29:27,749 - sec_monitor - INFO - API call successful
2025-03-05 13:29:28,751 - sec_monitor - INFO - Fetching supplementary data...
2025-03-05 13:29:29,090 - sec_monitor - INFO - filing_tickers type: <class 'list'>
2025-03-05 13:29:29,091 - sec_monitor - INFO - filing_data type: <class 'list'>
2025-03-05 13:29:29,091 - sec_monitor - INFO - Market open: False
2025-03-05 13:29:29,091 - sec_monitor - INFO - Number of filing times mapped: 3
2025-03-05 13:29:29,110 - sec_monitor - INFO - Last trading day: 2025-03-05
2025-03-05 13:29:29,110 - sec_monitor - INFO - Processing ticker: AMT
2025-03-05 13:29:29,600 - sec_monitor - INFO - Number of bars for AMT: 3
2025-03-05 13:29:29,600 - sec_monitor - INFO - Last bar close for AMT: 207.135
2025-03-05 13:29:29,600 - sec_monitor - INFO - Outside market hours price for AMT: 207.135
2025-03-05 13:29:29,600 - sec_monitor - INFO - Processing ticker: AXON
2025-03-05 13:29:29,623 - sec_monitor - INFO - Number of bars for AXON: 3
2025-03-05 13:29:29,623 - sec_monitor - INFO - Last bar close for AXON: 528.075
2025-03-05 13:29:29,623 - sec_monitor - INFO - Outside market hours price for AXON: 528.075
2025-03-05 13:29:29,623 - sec_monitor - INFO - Processing ticker: KVUE
2025-03-05 13:29:29,647 - sec_monitor - INFO - Number of bars for KVUE: 3
2025-03-05 13:29:29,648 - sec_monitor - INFO - Last bar close for KVUE: 23.42
2025-03-05 13:29:29,648 - sec_monitor - INFO - Outside market hours price for KVUE: 23.42
2025-03-05 13:29:30,707 - sec_monitor - INFO - Generating final output...
2025-03-05 13:29:30,707 - sec_monitor - INFO - Successfully merged 3 new filings with existing JSON
2025-03-05 13:29:30,707 - sec_monitor - INFO - Cumulative stats - Input words: 409449, Output words: 626
2025-03-05 13:29:30,708 - sec_monitor - INFO - Successfully saved/merged output to output/sec_filings.json
2025-03-05 13:29:30,708 - sec_monitor - INFO - Processing complete. Stats: {'input_words': 24829, 'output_words': 271, 'filings_processed': 3}
