2025-04-10 11:09:44,036 - sec_monitor - INFO - Starting SEC filing monitor 
2025-04-10 11:09:44,036 - sec_monitor - INFO - Loading S&P 500 data...
2025-04-10 11:09:44,036 - sec_monitor - INFO - Starting S&P 500 data initialization
2025-04-10 11:09:44,037 - sec_monitor - INFO - Successfully loaded 503 S&P 500 tickers
2025-04-10 11:09:44,037 - sec_monitor - INFO - Successfully loaded 503 S&P 500 tickers
2025-04-10 11:09:44,037 - sec_monitor - INFO - Initializing components...
2025-04-10 11:09:44,037 - sec_monitor - INFO - Initializing components
2025-04-10 11:09:44,037 - sec_monitor - INFO - SEC fetcher initialized
2025-04-10 11:09:44,037 - sec_monitor - INFO - Filing analyzer initialized
2025-04-10 11:09:44,038 - sec_monitor - INFO - Alpaca clients initialized
2025-04-10 11:09:44,038 - sec_monitor - INFO - All components initialized successfully
2025-04-10 11:09:44,039 - sec_monitor - INFO - Found old JSON file, archiving
2025-04-10 11:09:44,039 - sec_monitor - INFO - Starting new filing collection for today
2025-04-10 11:09:44,039 - sec_monitor - INFO - Fetching SEC filings...
2025-04-10 11:09:58,594 - sec_monitor - INFO - No more entries found
2025-04-10 11:09:58,594 - sec_monitor - INFO - Completed fetching. Found 89 total filings
2025-04-10 11:09:58,594 - sec_monitor - INFO - Found 9 new interesting filings
2025-04-10 11:09:58,595 - sec_monitor - INFO - Found 9 new filings to process
2025-04-10 11:09:58,595 - sec_monitor - INFO - Processing filing 1/9: KMX
2025-04-10 11:10:29,657 - sec_monitor - INFO - ==================================================
2025-04-10 11:10:29,657 - sec_monitor - INFO - Processing first chunk
2025-04-10 11:10:29,657 - sec_monitor - INFO - Timestamp: 2025-04-10 11:10:29
2025-04-10 11:10:29,841 - sec_monitor - INFO - token percentage = 6%
2025-04-10 11:10:29,841 - sec_monitor - INFO - Making API call - Attempt 1/3
2025-04-10 11:10:29,842 - sec_monitor - INFO - Timestamp: 2025-04-10 11:10:29
2025-04-10 11:10:33,627 - sec_monitor - INFO - API call successful
2025-04-10 11:10:34,629 - sec_monitor - INFO - Processing filing 2/9: LH
2025-04-10 11:11:05,039 - sec_monitor - INFO - ==================================================
2025-04-10 11:11:05,040 - sec_monitor - INFO - Processing first chunk
2025-04-10 11:11:05,040 - sec_monitor - INFO - Timestamp: 2025-04-10 11:11:05
2025-04-10 11:11:05,164 - sec_monitor - INFO - token percentage = 3%
2025-04-10 11:11:05,164 - sec_monitor - INFO - Making API call - Attempt 1/3
2025-04-10 11:11:05,164 - sec_monitor - INFO - Timestamp: 2025-04-10 11:11:05
2025-04-10 11:11:06,780 - sec_monitor - INFO - API call successful
2025-04-10 11:11:07,782 - sec_monitor - INFO - Processing filing 3/9: NWS
2025-04-10 11:11:38,546 - sec_monitor - INFO - ==================================================
2025-04-10 11:11:38,546 - sec_monitor - INFO - Processing first chunk
2025-04-10 11:11:38,546 - sec_monitor - INFO - Timestamp: 2025-04-10 11:11:38
2025-04-10 11:11:38,709 - sec_monitor - INFO - token percentage = 7%
2025-04-10 11:11:38,709 - sec_monitor - INFO - Making API call - Attempt 1/3
2025-04-10 11:11:38,710 - sec_monitor - INFO - Timestamp: 2025-04-10 11:11:38
2025-04-10 11:11:43,357 - sec_monitor - INFO - API call successful
2025-04-10 11:11:44,359 - sec_monitor - INFO - Processing filing 4/9: AMZN
2025-04-10 11:12:15,188 - sec_monitor - INFO - ==================================================
2025-04-10 11:12:15,188 - sec_monitor - INFO - Processing first chunk
2025-04-10 11:12:15,189 - sec_monitor - INFO - Timestamp: 2025-04-10 11:12:15
2025-04-10 11:12:15,424 - sec_monitor - INFO - token percentage = 8%
2025-04-10 11:12:15,424 - sec_monitor - INFO - Making API call - Attempt 1/3
2025-04-10 11:12:15,424 - sec_monitor - INFO - Timestamp: 2025-04-10 11:12:15
2025-04-10 11:12:20,207 - sec_monitor - INFO - API call successful
2025-04-10 11:12:21,209 - sec_monitor - INFO - Processing filing 5/9: STZ
2025-04-10 11:18:40,623 - sec_monitor - INFO - ==================================================
2025-04-10 11:18:40,623 - sec_monitor - INFO - Processing first chunk
2025-04-10 11:18:40,624 - sec_monitor - INFO - Timestamp: 2025-04-10 11:18:40
2025-04-10 11:18:41,025 - sec_monitor - INFO - token percentage = 47%
2025-04-10 11:18:41,025 - sec_monitor - INFO - Making API call - Attempt 1/3
2025-04-10 11:18:41,025 - sec_monitor - INFO - Timestamp: 2025-04-10 11:18:41
2025-04-10 11:18:58,543 - sec_monitor - INFO - API call successful
2025-04-10 11:19:28,573 - sec_monitor - INFO - ==================================================
2025-04-10 11:19:28,574 - sec_monitor - INFO - Processing middle chunk
2025-04-10 11:19:28,574 - sec_monitor - INFO - Timestamp: 2025-04-10 11:19:28
2025-04-10 11:19:29,000 - sec_monitor - INFO - token percentage = 51%
2025-04-10 11:19:29,000 - sec_monitor - INFO - Making API call - Attempt 1/3
2025-04-10 11:19:29,001 - sec_monitor - INFO - Timestamp: 2025-04-10 11:19:29
2025-04-10 11:19:47,021 - sec_monitor - INFO - API call successful
2025-04-10 11:20:17,050 - sec_monitor - INFO - ==================================================
2025-04-10 11:20:17,050 - sec_monitor - INFO - Processing middle chunk
2025-04-10 11:20:17,050 - sec_monitor - INFO - Timestamp: 2025-04-10 11:20:17
2025-04-10 11:20:17,534 - sec_monitor - INFO - token percentage = 51%
2025-04-10 11:20:17,534 - sec_monitor - INFO - Making API call - Attempt 1/3
2025-04-10 11:20:17,534 - sec_monitor - INFO - Timestamp: 2025-04-10 11:20:17
2025-04-10 11:20:35,756 - sec_monitor - INFO - API call successful
2025-04-10 11:21:05,786 - sec_monitor - INFO - ==================================================
2025-04-10 11:21:05,787 - sec_monitor - INFO - Processing middle chunk
2025-04-10 11:21:05,787 - sec_monitor - INFO - Timestamp: 2025-04-10 11:21:05
2025-04-10 11:21:06,307 - sec_monitor - INFO - token percentage = 51%
2025-04-10 11:21:06,308 - sec_monitor - INFO - Making API call - Attempt 1/3
2025-04-10 11:21:06,308 - sec_monitor - INFO - Timestamp: 2025-04-10 11:21:06
2025-04-10 11:21:24,865 - sec_monitor - INFO - API call successful
2025-04-10 11:21:54,895 - sec_monitor - INFO - ==================================================
2025-04-10 11:21:54,896 - sec_monitor - INFO - Processing middle chunk
2025-04-10 11:21:54,896 - sec_monitor - INFO - Timestamp: 2025-04-10 11:21:54
2025-04-10 11:21:55,394 - sec_monitor - INFO - token percentage = 51%
2025-04-10 11:21:55,394 - sec_monitor - INFO - Making API call - Attempt 1/3
2025-04-10 11:21:55,394 - sec_monitor - INFO - Timestamp: 2025-04-10 11:21:55
2025-04-10 11:22:13,484 - sec_monitor - INFO - API call successful
2025-04-10 11:22:43,495 - sec_monitor - INFO - ==================================================
2025-04-10 11:22:43,495 - sec_monitor - INFO - Processing middle chunk
2025-04-10 11:22:43,495 - sec_monitor - INFO - Timestamp: 2025-04-10 11:22:43
2025-04-10 11:22:43,935 - sec_monitor - INFO - token percentage = 48%
2025-04-10 11:22:43,935 - sec_monitor - INFO - Making API call - Attempt 1/3
2025-04-10 11:22:43,935 - sec_monitor - INFO - Timestamp: 2025-04-10 11:22:43
2025-04-10 11:23:00,724 - sec_monitor - INFO - API call successful
2025-04-10 11:23:30,740 - sec_monitor - INFO - ==================================================
2025-04-10 11:23:30,740 - sec_monitor - INFO - Processing middle chunk
2025-04-10 11:23:30,741 - sec_monitor - INFO - Timestamp: 2025-04-10 11:23:30
2025-04-10 11:23:31,200 - sec_monitor - INFO - token percentage = 49%
2025-04-10 11:23:31,200 - sec_monitor - INFO - Making API call - Attempt 1/3
2025-04-10 11:23:31,200 - sec_monitor - INFO - Timestamp: 2025-04-10 11:23:31
2025-04-10 11:23:48,743 - sec_monitor - INFO - API call successful
2025-04-10 11:24:18,774 - sec_monitor - INFO - ==================================================
2025-04-10 11:24:18,774 - sec_monitor - INFO - Processing middle chunk
2025-04-10 11:24:18,774 - sec_monitor - INFO - Timestamp: 2025-04-10 11:24:18
2025-04-10 11:24:19,180 - sec_monitor - INFO - token percentage = 48%
2025-04-10 11:24:19,180 - sec_monitor - INFO - Making API call - Attempt 1/3
2025-04-10 11:24:19,181 - sec_monitor - INFO - Timestamp: 2025-04-10 11:24:19
2025-04-10 11:24:36,383 - sec_monitor - INFO - API call successful
2025-04-10 11:25:06,413 - sec_monitor - INFO - ==================================================
2025-04-10 11:25:06,413 - sec_monitor - INFO - Processing middle chunk
2025-04-10 11:25:06,414 - sec_monitor - INFO - Timestamp: 2025-04-10 11:25:06
2025-04-10 11:25:06,735 - sec_monitor - INFO - token percentage = 48%
2025-04-10 11:25:06,736 - sec_monitor - INFO - Making API call - Attempt 1/3
2025-04-10 11:25:06,736 - sec_monitor - INFO - Timestamp: 2025-04-10 11:25:06
2025-04-10 11:25:23,583 - sec_monitor - INFO - API call successful
2025-04-10 11:25:53,614 - sec_monitor - INFO - ==================================================
2025-04-10 11:25:53,614 - sec_monitor - INFO - Processing middle chunk
2025-04-10 11:25:53,614 - sec_monitor - INFO - Timestamp: 2025-04-10 11:25:53
2025-04-10 11:25:54,474 - sec_monitor - INFO - token percentage = 49%
2025-04-10 11:25:54,474 - sec_monitor - INFO - Making API call - Attempt 1/3
2025-04-10 11:25:54,474 - sec_monitor - INFO - Timestamp: 2025-04-10 11:25:54
2025-04-10 11:26:12,788 - sec_monitor - INFO - API call successful
2025-04-10 11:26:42,796 - sec_monitor - INFO - ==================================================
2025-04-10 11:26:42,796 - sec_monitor - INFO - Processing middle chunk
2025-04-10 11:26:42,796 - sec_monitor - INFO - Timestamp: 2025-04-10 11:26:42
2025-04-10 11:26:43,183 - sec_monitor - INFO - token percentage = 50%
2025-04-10 11:26:43,183 - sec_monitor - INFO - Making API call - Attempt 1/3
2025-04-10 11:26:43,183 - sec_monitor - INFO - Timestamp: 2025-04-10 11:26:43
2025-04-10 11:27:01,300 - sec_monitor - INFO - API call successful
2025-04-10 11:27:31,330 - sec_monitor - INFO - ==================================================
2025-04-10 11:27:31,331 - sec_monitor - INFO - Processing middle chunk
2025-04-10 11:27:31,331 - sec_monitor - INFO - Timestamp: 2025-04-10 11:27:31
2025-04-10 11:27:31,841 - sec_monitor - INFO - token percentage = 51%
2025-04-10 11:27:31,842 - sec_monitor - INFO - Making API call - Attempt 1/3
2025-04-10 11:27:31,842 - sec_monitor - INFO - Timestamp: 2025-04-10 11:27:31
2025-04-10 11:27:49,761 - sec_monitor - INFO - API call successful
2025-04-10 11:28:19,790 - sec_monitor - INFO - ==================================================
2025-04-10 11:28:19,790 - sec_monitor - INFO - Processing middle chunk
2025-04-10 11:28:19,790 - sec_monitor - INFO - Timestamp: 2025-04-10 11:28:19
2025-04-10 11:28:20,231 - sec_monitor - INFO - token percentage = 51%
2025-04-10 11:28:20,231 - sec_monitor - INFO - Making API call - Attempt 1/3
2025-04-10 11:28:20,231 - sec_monitor - INFO - Timestamp: 2025-04-10 11:28:20
2025-04-10 11:28:38,121 - sec_monitor - INFO - API call successful
2025-04-10 11:29:08,151 - sec_monitor - INFO - ==================================================
2025-04-10 11:29:08,151 - sec_monitor - INFO - Processing middle chunk
2025-04-10 11:29:08,152 - sec_monitor - INFO - Timestamp: 2025-04-10 11:29:08
2025-04-10 11:29:08,538 - sec_monitor - INFO - token percentage = 51%
2025-04-10 11:29:08,539 - sec_monitor - INFO - Making API call - Attempt 1/3
2025-04-10 11:29:08,539 - sec_monitor - INFO - Timestamp: 2025-04-10 11:29:08
2025-04-10 11:29:25,847 - sec_monitor - INFO - API call successful
2025-04-10 11:29:55,878 - sec_monitor - INFO - ==================================================
2025-04-10 11:29:55,878 - sec_monitor - INFO - Processing middle chunk
2025-04-10 11:29:55,878 - sec_monitor - INFO - Timestamp: 2025-04-10 11:29:55
2025-04-10 11:29:56,280 - sec_monitor - INFO - token percentage = 50%
2025-04-10 11:29:56,280 - sec_monitor - INFO - Making API call - Attempt 1/3
2025-04-10 11:29:56,280 - sec_monitor - INFO - Timestamp: 2025-04-10 11:29:56
2025-04-10 11:30:14,560 - sec_monitor - INFO - API call successful
2025-04-10 11:30:44,586 - sec_monitor - INFO - ==================================================
2025-04-10 11:30:44,586 - sec_monitor - INFO - Processing middle chunk
2025-04-10 11:30:44,586 - sec_monitor - INFO - Timestamp: 2025-04-10 11:30:44
2025-04-10 11:30:45,184 - sec_monitor - INFO - token percentage = 47%
2025-04-10 11:30:45,184 - sec_monitor - INFO - Making API call - Attempt 1/3
2025-04-10 11:30:45,184 - sec_monitor - INFO - Timestamp: 2025-04-10 11:30:45
2025-04-10 11:31:02,241 - sec_monitor - INFO - API call successful
2025-04-10 11:31:32,266 - sec_monitor - INFO - ==================================================
2025-04-10 11:31:32,266 - sec_monitor - INFO - Processing middle chunk
2025-04-10 11:31:32,266 - sec_monitor - INFO - Timestamp: 2025-04-10 11:31:32
2025-04-10 11:31:32,591 - sec_monitor - INFO - token percentage = 51%
2025-04-10 11:31:32,591 - sec_monitor - INFO - Making API call - Attempt 1/3
2025-04-10 11:31:32,591 - sec_monitor - INFO - Timestamp: 2025-04-10 11:31:32
2025-04-10 11:31:50,598 - sec_monitor - INFO - API call successful
2025-04-10 11:32:20,628 - sec_monitor - INFO - ==================================================
2025-04-10 11:32:20,628 - sec_monitor - INFO - Processing middle chunk
2025-04-10 11:32:20,628 - sec_monitor - INFO - Timestamp: 2025-04-10 11:32:20
2025-04-10 11:32:21,094 - sec_monitor - INFO - token percentage = 51%
2025-04-10 11:32:21,094 - sec_monitor - INFO - Making API call - Attempt 1/3
2025-04-10 11:32:21,094 - sec_monitor - INFO - Timestamp: 2025-04-10 11:32:21
2025-04-10 11:32:38,894 - sec_monitor - INFO - API call successful
2025-04-10 11:33:08,925 - sec_monitor - INFO - ==================================================
2025-04-10 11:33:08,925 - sec_monitor - INFO - Processing middle chunk
2025-04-10 11:33:08,925 - sec_monitor - INFO - Timestamp: 2025-04-10 11:33:08
2025-04-10 11:33:09,251 - sec_monitor - INFO - token percentage = 51%
2025-04-10 11:33:09,252 - sec_monitor - INFO - Making API call - Attempt 1/3
2025-04-10 11:33:09,252 - sec_monitor - INFO - Timestamp: 2025-04-10 11:33:09
2025-04-10 11:33:27,148 - sec_monitor - INFO - API call successful
2025-04-10 11:33:57,159 - sec_monitor - INFO - ==================================================
2025-04-10 11:33:57,159 - sec_monitor - INFO - Processing middle chunk
2025-04-10 11:33:57,160 - sec_monitor - INFO - Timestamp: 2025-04-10 11:33:57
2025-04-10 11:33:57,499 - sec_monitor - INFO - token percentage = 51%
2025-04-10 11:33:57,499 - sec_monitor - INFO - Making API call - Attempt 1/3
2025-04-10 11:33:57,499 - sec_monitor - INFO - Timestamp: 2025-04-10 11:33:57
2025-04-10 11:34:15,523 - sec_monitor - INFO - API call successful
2025-04-10 11:34:45,546 - sec_monitor - INFO - ==================================================
2025-04-10 11:34:45,546 - sec_monitor - INFO - Processing middle chunk
2025-04-10 11:34:45,546 - sec_monitor - INFO - Timestamp: 2025-04-10 11:34:45
2025-04-10 11:34:45,882 - sec_monitor - INFO - token percentage = 50%
2025-04-10 11:34:45,882 - sec_monitor - INFO - Making API call - Attempt 1/3
2025-04-10 11:34:45,883 - sec_monitor - INFO - Timestamp: 2025-04-10 11:34:45
2025-04-10 11:35:03,712 - sec_monitor - INFO - API call successful
2025-04-10 11:35:33,742 - sec_monitor - INFO - ==================================================
2025-04-10 11:35:33,743 - sec_monitor - INFO - Processing middle chunk
2025-04-10 11:35:33,743 - sec_monitor - INFO - Timestamp: 2025-04-10 11:35:33
2025-04-10 11:35:34,177 - sec_monitor - INFO - token percentage = 50%
2025-04-10 11:35:34,178 - sec_monitor - INFO - Making API call - Attempt 1/3
2025-04-10 11:35:34,178 - sec_monitor - INFO - Timestamp: 2025-04-10 11:35:34
2025-04-10 11:35:51,776 - sec_monitor - INFO - API call successful
2025-04-10 11:36:21,807 - sec_monitor - INFO - ==================================================
2025-04-10 11:36:21,807 - sec_monitor - INFO - Processing middle chunk
2025-04-10 11:36:21,807 - sec_monitor - INFO - Timestamp: 2025-04-10 11:36:21
2025-04-10 11:36:22,177 - sec_monitor - INFO - token percentage = 51%
2025-04-10 11:36:22,177 - sec_monitor - INFO - Making API call - Attempt 1/3
2025-04-10 11:36:22,177 - sec_monitor - INFO - Timestamp: 2025-04-10 11:36:22
2025-04-10 11:36:39,733 - sec_monitor - INFO - API call successful
2025-04-10 11:37:09,763 - sec_monitor - INFO - ==================================================
2025-04-10 11:37:09,763 - sec_monitor - INFO - Processing middle chunk
2025-04-10 11:37:09,764 - sec_monitor - INFO - Timestamp: 2025-04-10 11:37:09
2025-04-10 11:37:10,221 - sec_monitor - INFO - token percentage = 50%
2025-04-10 11:37:10,221 - sec_monitor - INFO - Making API call - Attempt 1/3
2025-04-10 11:37:10,221 - sec_monitor - INFO - Timestamp: 2025-04-10 11:37:10
2025-04-10 11:37:27,858 - sec_monitor - INFO - API call successful
2025-04-10 11:37:57,888 - sec_monitor - INFO - ==================================================
2025-04-10 11:37:57,889 - sec_monitor - INFO - Processing middle chunk
2025-04-10 11:37:57,889 - sec_monitor - INFO - Timestamp: 2025-04-10 11:37:57
2025-04-10 11:37:58,284 - sec_monitor - INFO - token percentage = 50%
2025-04-10 11:37:58,284 - sec_monitor - INFO - Making API call - Attempt 1/3
2025-04-10 11:37:58,284 - sec_monitor - INFO - Timestamp: 2025-04-10 11:37:58
2025-04-10 11:38:15,693 - sec_monitor - INFO - API call successful
2025-04-10 11:38:45,724 - sec_monitor - INFO - ==================================================
2025-04-10 11:38:45,724 - sec_monitor - INFO - Processing middle chunk
2025-04-10 11:38:45,724 - sec_monitor - INFO - Timestamp: 2025-04-10 11:38:45
2025-04-10 11:38:46,214 - sec_monitor - INFO - token percentage = 50%
2025-04-10 11:38:46,215 - sec_monitor - INFO - Making API call - Attempt 1/3
2025-04-10 11:38:46,215 - sec_monitor - INFO - Timestamp: 2025-04-10 11:38:46
2025-04-10 11:39:04,432 - sec_monitor - INFO - API call successful
2025-04-10 11:39:34,458 - sec_monitor - INFO - ==================================================
2025-04-10 11:39:34,458 - sec_monitor - INFO - Processing middle chunk
2025-04-10 11:39:34,458 - sec_monitor - INFO - Timestamp: 2025-04-10 11:39:34
2025-04-10 11:39:34,857 - sec_monitor - INFO - token percentage = 51%
2025-04-10 11:39:34,858 - sec_monitor - INFO - Making API call - Attempt 1/3
2025-04-10 11:39:34,858 - sec_monitor - INFO - Timestamp: 2025-04-10 11:39:34
2025-04-10 11:39:53,348 - sec_monitor - INFO - API call successful
2025-04-10 11:40:23,378 - sec_monitor - INFO - ==================================================
2025-04-10 11:40:23,378 - sec_monitor - INFO - Processing middle chunk
2025-04-10 11:40:23,378 - sec_monitor - INFO - Timestamp: 2025-04-10 11:40:23
2025-04-10 11:40:23,782 - sec_monitor - INFO - token percentage = 49%
2025-04-10 11:40:23,782 - sec_monitor - INFO - Making API call - Attempt 1/3
2025-04-10 11:40:23,782 - sec_monitor - INFO - Timestamp: 2025-04-10 11:40:23
2025-04-10 11:40:40,722 - sec_monitor - INFO - API call successful
2025-04-10 11:41:10,752 - sec_monitor - INFO - ==================================================
2025-04-10 11:41:10,753 - sec_monitor - INFO - Processing middle chunk
2025-04-10 11:41:10,753 - sec_monitor - INFO - Timestamp: 2025-04-10 11:41:10
2025-04-10 11:41:11,202 - sec_monitor - INFO - token percentage = 51%
2025-04-10 11:41:11,202 - sec_monitor - INFO - Making API call - Attempt 1/3
2025-04-10 11:41:11,202 - sec_monitor - INFO - Timestamp: 2025-04-10 11:41:11
2025-04-10 11:41:29,003 - sec_monitor - INFO - API call successful
2025-04-10 11:41:59,034 - sec_monitor - INFO - ==================================================
2025-04-10 11:41:59,034 - sec_monitor - INFO - Processing middle chunk
2025-04-10 11:41:59,034 - sec_monitor - INFO - Timestamp: 2025-04-10 11:41:59
2025-04-10 11:41:59,412 - sec_monitor - INFO - token percentage = 51%
2025-04-10 11:41:59,413 - sec_monitor - INFO - Making API call - Attempt 1/3
2025-04-10 11:41:59,413 - sec_monitor - INFO - Timestamp: 2025-04-10 11:41:59
2025-04-10 11:42:17,341 - sec_monitor - INFO - API call successful
2025-04-10 11:42:47,355 - sec_monitor - INFO - ==================================================
2025-04-10 11:42:47,355 - sec_monitor - INFO - Processing middle chunk
2025-04-10 11:42:47,355 - sec_monitor - INFO - Timestamp: 2025-04-10 11:42:47
2025-04-10 11:42:47,659 - sec_monitor - INFO - token percentage = 50%
2025-04-10 11:42:47,659 - sec_monitor - INFO - Making API call - Attempt 1/3
2025-04-10 11:42:47,659 - sec_monitor - INFO - Timestamp: 2025-04-10 11:42:47
2025-04-10 11:43:05,816 - sec_monitor - INFO - API call successful
2025-04-10 11:43:35,823 - sec_monitor - INFO - ==================================================
2025-04-10 11:43:35,823 - sec_monitor - INFO - Processing middle chunk
2025-04-10 11:43:35,824 - sec_monitor - INFO - Timestamp: 2025-04-10 11:43:35
2025-04-10 11:43:36,102 - sec_monitor - INFO - token percentage = 49%
2025-04-10 11:43:36,102 - sec_monitor - INFO - Making API call - Attempt 1/3
2025-04-10 11:43:36,102 - sec_monitor - INFO - Timestamp: 2025-04-10 11:43:36
2025-04-10 11:43:53,180 - sec_monitor - INFO - API call successful
2025-04-10 11:44:23,202 - sec_monitor - INFO - ==================================================
2025-04-10 11:44:23,202 - sec_monitor - INFO - Processing middle chunk
2025-04-10 11:44:23,202 - sec_monitor - INFO - Timestamp: 2025-04-10 11:44:23
2025-04-10 11:44:23,559 - sec_monitor - INFO - token percentage = 51%
2025-04-10 11:44:23,559 - sec_monitor - INFO - Making API call - Attempt 1/3
2025-04-10 11:44:23,559 - sec_monitor - INFO - Timestamp: 2025-04-10 11:44:23
2025-04-10 11:44:41,985 - sec_monitor - INFO - API call successful
2025-04-10 11:45:11,993 - sec_monitor - INFO - ==================================================
2025-04-10 11:45:11,993 - sec_monitor - INFO - Processing middle chunk
2025-04-10 11:45:11,993 - sec_monitor - INFO - Timestamp: 2025-04-10 11:45:11
2025-04-10 11:45:12,344 - sec_monitor - INFO - token percentage = 47%
2025-04-10 11:45:12,344 - sec_monitor - INFO - Making API call - Attempt 1/3
2025-04-10 11:45:12,344 - sec_monitor - INFO - Timestamp: 2025-04-10 11:45:12
2025-04-10 11:45:29,309 - sec_monitor - INFO - API call successful
2025-04-10 11:45:59,340 - sec_monitor - INFO - ==================================================
2025-04-10 11:45:59,340 - sec_monitor - INFO - Processing middle chunk
2025-04-10 11:45:59,340 - sec_monitor - INFO - Timestamp: 2025-04-10 11:45:59
2025-04-10 11:45:59,818 - sec_monitor - INFO - token percentage = 51%
2025-04-10 11:45:59,818 - sec_monitor - INFO - Making API call - Attempt 1/3
2025-04-10 11:45:59,818 - sec_monitor - INFO - Timestamp: 2025-04-10 11:45:59
2025-04-10 11:46:18,748 - sec_monitor - INFO - API call successful
2025-04-10 11:46:48,760 - sec_monitor - INFO - ==================================================
2025-04-10 11:46:48,760 - sec_monitor - INFO - Processing last chunk
2025-04-10 11:46:48,760 - sec_monitor - INFO - Timestamp: 2025-04-10 11:46:48
2025-04-10 11:46:48,930 - sec_monitor - INFO - token percentage = 17%
2025-04-10 11:46:48,930 - sec_monitor - INFO - Making API call - Attempt 1/3
2025-04-10 11:46:48,930 - sec_monitor - INFO - Timestamp: 2025-04-10 11:46:48
2025-04-10 11:46:55,975 - sec_monitor - INFO - API call successful
2025-04-10 11:46:55,975 - sec_monitor - INFO - Making combine API call - Attempt 1/3
2025-04-10 11:46:55,975 - sec_monitor - INFO - Timestamp: 2025-04-10 11:46:55
2025-04-10 11:46:57,401 - sec_monitor - INFO - Combine API call successful
2025-04-10 11:46:58,403 - sec_monitor - INFO - Processing filing 6/9: CAT
2025-04-10 11:47:28,874 - sec_monitor - INFO - ==================================================
2025-04-10 11:47:28,874 - sec_monitor - INFO - Processing first chunk
2025-04-10 11:47:28,874 - sec_monitor - INFO - Timestamp: 2025-04-10 11:47:28
2025-04-10 11:47:29,009 - sec_monitor - INFO - token percentage = 4%
2025-04-10 11:47:29,009 - sec_monitor - INFO - Making API call - Attempt 1/3
2025-04-10 11:47:29,010 - sec_monitor - INFO - Timestamp: 2025-04-10 11:47:29
2025-04-10 11:47:31,968 - sec_monitor - INFO - API call successful
2025-04-10 11:47:32,969 - sec_monitor - INFO - Processing filing 7/9: IVZ
2025-04-10 11:48:03,507 - sec_monitor - INFO - ==================================================
2025-04-10 11:48:03,507 - sec_monitor - INFO - Processing first chunk
2025-04-10 11:48:03,507 - sec_monitor - INFO - Timestamp: 2025-04-10 11:48:03
2025-04-10 11:48:03,661 - sec_monitor - INFO - token percentage = 4%
2025-04-10 11:48:03,662 - sec_monitor - INFO - Making API call - Attempt 1/3
2025-04-10 11:48:03,662 - sec_monitor - INFO - Timestamp: 2025-04-10 11:48:03
2025-04-10 11:48:06,997 - sec_monitor - INFO - API call successful
2025-04-10 11:48:07,998 - sec_monitor - INFO - Processing filing 8/9: D
2025-04-10 11:48:41,079 - sec_monitor - INFO - ==================================================
2025-04-10 11:48:41,079 - sec_monitor - INFO - Processing first chunk
2025-04-10 11:48:41,079 - sec_monitor - INFO - Timestamp: 2025-04-10 11:48:41
2025-04-10 11:48:42,078 - sec_monitor - INFO - token percentage = 28%
2025-04-10 11:48:42,078 - sec_monitor - INFO - Making API call - Attempt 1/3
2025-04-10 11:48:42,078 - sec_monitor - INFO - Timestamp: 2025-04-10 11:48:42
2025-04-10 11:48:53,363 - sec_monitor - INFO - API call successful
2025-04-10 11:48:54,364 - sec_monitor - INFO - Processing filing 9/9: DAL
2025-04-10 11:49:37,723 - sec_monitor - INFO - ==================================================
2025-04-10 11:49:37,723 - sec_monitor - INFO - Processing first chunk
2025-04-10 11:49:37,723 - sec_monitor - INFO - Timestamp: 2025-04-10 11:49:37
2025-04-10 11:49:38,969 - sec_monitor - INFO - token percentage = 44%
2025-04-10 11:49:38,969 - sec_monitor - INFO - Making API call - Attempt 1/3
2025-04-10 11:49:38,969 - sec_monitor - INFO - Timestamp: 2025-04-10 11:49:38
2025-04-10 11:49:55,732 - sec_monitor - INFO - API call successful
2025-04-10 11:50:25,762 - sec_monitor - INFO - ==================================================
2025-04-10 11:50:25,763 - sec_monitor - INFO - Processing last chunk
2025-04-10 11:50:25,763 - sec_monitor - INFO - Timestamp: 2025-04-10 11:50:25
2025-04-10 11:50:26,831 - sec_monitor - INFO - token percentage = 53%
2025-04-10 11:50:26,832 - sec_monitor - INFO - Making API call - Attempt 1/3
2025-04-10 11:50:26,832 - sec_monitor - INFO - Timestamp: 2025-04-10 11:50:26
2025-04-10 11:50:46,778 - sec_monitor - INFO - API call successful
2025-04-10 11:50:46,778 - sec_monitor - INFO - Making combine API call - Attempt 1/3
2025-04-10 11:50:46,778 - sec_monitor - INFO - Timestamp: 2025-04-10 11:50:46
2025-04-10 11:50:47,691 - sec_monitor - INFO - Combine API call successful
2025-04-10 11:50:48,693 - sec_monitor - INFO - Fetching supplementary data...
2025-04-10 11:50:48,956 - sec_monitor - INFO - filing_tickers type: <class 'list'>
2025-04-10 11:50:48,956 - sec_monitor - INFO - filing_data type: <class 'list'>
2025-04-10 11:50:48,956 - sec_monitor - INFO - Market open: False
2025-04-10 11:50:48,956 - sec_monitor - INFO - Number of filing times mapped: 9
2025-04-10 11:50:48,967 - sec_monitor - INFO - Last trading day: 2025-04-10
2025-04-10 11:50:48,967 - sec_monitor - INFO - Processing ticker: KMX
2025-04-10 11:50:49,465 - sec_monitor - INFO - Number of bars for KMX: 3
2025-04-10 11:50:49,465 - sec_monitor - INFO - Last bar close for KMX: 80.04
2025-04-10 11:50:49,466 - sec_monitor - INFO - Outside market hours price for KMX: 80.04
2025-04-10 11:50:49,466 - sec_monitor - INFO - Processing ticker: LH
2025-04-10 11:50:49,479 - sec_monitor - INFO - Number of bars for LH: 3
2025-04-10 11:50:49,479 - sec_monitor - INFO - Last bar close for LH: 230.88
2025-04-10 11:50:49,479 - sec_monitor - INFO - Outside market hours price for LH: 230.88
2025-04-10 11:50:49,479 - sec_monitor - INFO - Processing ticker: NWS
2025-04-10 11:50:49,493 - sec_monitor - INFO - Number of bars for NWS: 4
2025-04-10 11:50:49,494 - sec_monitor - INFO - Last bar close for NWS: 30.2
2025-04-10 11:50:49,494 - sec_monitor - INFO - Outside market hours price for NWS: 30.2
2025-04-10 11:50:49,494 - sec_monitor - INFO - Processing ticker: AMZN
2025-04-10 11:50:49,515 - sec_monitor - INFO - Number of bars for AMZN: 4
2025-04-10 11:50:49,515 - sec_monitor - INFO - Last bar close for AMZN: 190.81
2025-04-10 11:50:49,515 - sec_monitor - INFO - Outside market hours price for AMZN: 190.81
2025-04-10 11:50:49,515 - sec_monitor - INFO - Processing ticker: STZ
2025-04-10 11:50:49,537 - sec_monitor - INFO - Number of bars for STZ: 4
2025-04-10 11:50:49,537 - sec_monitor - INFO - Last bar close for STZ: 183.2
2025-04-10 11:50:49,537 - sec_monitor - INFO - Outside market hours price for STZ: 183.2
2025-04-10 11:50:49,537 - sec_monitor - INFO - Processing ticker: CAT
2025-04-10 11:50:49,557 - sec_monitor - INFO - Number of bars for CAT: 4
2025-04-10 11:50:49,557 - sec_monitor - INFO - Last bar close for CAT: 300.97
2025-04-10 11:50:49,557 - sec_monitor - INFO - Outside market hours price for CAT: 300.97
2025-04-10 11:50:49,557 - sec_monitor - INFO - Processing ticker: IVZ
2025-04-10 11:50:49,575 - sec_monitor - INFO - Number of bars for IVZ: 4
2025-04-10 11:50:49,575 - sec_monitor - INFO - Last bar close for IVZ: 13.63
2025-04-10 11:50:49,575 - sec_monitor - INFO - Outside market hours price for IVZ: 13.63
2025-04-10 11:50:49,575 - sec_monitor - INFO - Processing ticker: D
2025-04-10 11:50:49,592 - sec_monitor - INFO - Number of bars for D: 4
2025-04-10 11:50:49,592 - sec_monitor - INFO - Last bar close for D: 52.255
2025-04-10 11:50:49,593 - sec_monitor - INFO - Outside market hours price for D: 52.255
2025-04-10 11:50:49,593 - sec_monitor - INFO - Processing ticker: DAL
2025-04-10 11:50:49,613 - sec_monitor - INFO - Number of bars for DAL: 4
2025-04-10 11:50:49,613 - sec_monitor - INFO - Last bar close for DAL: 44.26
2025-04-10 11:50:49,613 - sec_monitor - INFO - Outside market hours price for DAL: 44.26
2025-04-10 11:50:52,682 - sec_monitor - INFO - Generating final output...
2025-04-10 11:50:52,683 - sec_monitor - INFO - Successfully saved/merged output to output/sec_filings.json
2025-04-10 11:50:52,683 - sec_monitor - INFO - Processing complete. Stats: {'input_words': 1269582, 'output_words': 632, 'filings_processed': 9}
2025-04-10 12:39:48,764 - sec_monitor - INFO - Starting SEC filing monitor 
2025-04-10 12:39:48,765 - sec_monitor - INFO - Loading S&P 500 data...
2025-04-10 12:39:48,765 - sec_monitor - INFO - Starting S&P 500 data initialization
2025-04-10 12:39:48,765 - sec_monitor - INFO - Successfully loaded 503 S&P 500 tickers
2025-04-10 12:39:48,765 - sec_monitor - INFO - Successfully loaded 503 S&P 500 tickers
2025-04-10 12:39:48,765 - sec_monitor - INFO - Initializing components...
2025-04-10 12:39:48,766 - sec_monitor - INFO - Initializing components
2025-04-10 12:39:48,766 - sec_monitor - INFO - SEC fetcher initialized
2025-04-10 12:39:48,766 - sec_monitor - INFO - Filing analyzer initialized
2025-04-10 12:39:48,766 - sec_monitor - INFO - Alpaca clients initialized
2025-04-10 12:39:48,766 - sec_monitor - INFO - All components initialized successfully
2025-04-10 12:39:48,767 - sec_monitor - INFO - Found JSON file from today
2025-04-10 12:39:48,767 - sec_monitor - INFO - Found 9 previously processed accessions and 9 filing URLs
2025-04-10 12:39:48,767 - sec_monitor - INFO - Found 9 accession numbers and 9 URLs from previously processed filings
2025-04-10 12:39:48,767 - sec_monitor - INFO - Fetching SEC filings...
2025-04-10 12:40:09,757 - sec_monitor - INFO - No more entries found
2025-04-10 12:40:09,757 - sec_monitor - INFO - Completed fetching. Found 92 total filings
2025-04-10 12:40:09,757 - sec_monitor - INFO - Found 0 new interesting filings
2025-04-10 12:40:09,757 - sec_monitor - INFO - No new filings to process
2025-04-10 13:30:56,010 - sec_monitor - INFO - Starting SEC filing monitor 
2025-04-10 13:30:56,010 - sec_monitor - INFO - Loading S&P 500 data...
2025-04-10 13:30:56,010 - sec_monitor - INFO - Starting S&P 500 data initialization
2025-04-10 13:30:56,010 - sec_monitor - INFO - Successfully loaded 503 S&P 500 tickers
2025-04-10 13:30:56,010 - sec_monitor - INFO - Successfully loaded 503 S&P 500 tickers
2025-04-10 13:30:56,011 - sec_monitor - INFO - Initializing components...
2025-04-10 13:30:56,011 - sec_monitor - INFO - Initializing components
2025-04-10 13:30:56,011 - sec_monitor - INFO - SEC fetcher initialized
2025-04-10 13:30:56,011 - sec_monitor - INFO - Filing analyzer initialized
2025-04-10 13:30:56,011 - sec_monitor - INFO - Alpaca clients initialized
2025-04-10 13:30:56,011 - sec_monitor - INFO - All components initialized successfully
2025-04-10 13:30:56,012 - sec_monitor - INFO - Found JSON file from today
2025-04-10 13:30:56,012 - sec_monitor - INFO - Found 9 previously processed accessions and 9 filing URLs
2025-04-10 13:30:56,012 - sec_monitor - INFO - Found 9 accession numbers and 9 URLs from previously processed filings
2025-04-10 13:30:56,012 - sec_monitor - INFO - Fetching SEC filings...
2025-04-10 13:31:18,154 - sec_monitor - INFO - No more entries found
2025-04-10 13:31:18,154 - sec_monitor - INFO - Completed fetching. Found 88 total filings
2025-04-10 13:31:18,154 - sec_monitor - INFO - Found 0 new interesting filings
2025-04-10 13:31:18,154 - sec_monitor - INFO - No new filings to process
2025-04-10 15:20:47,901 - sec_monitor - INFO - Starting SEC filing monitor 
2025-04-10 15:20:47,901 - sec_monitor - INFO - Loading S&P 500 data...
2025-04-10 15:20:47,902 - sec_monitor - INFO - Starting S&P 500 data initialization
2025-04-10 15:20:47,902 - sec_monitor - INFO - Successfully loaded 503 S&P 500 tickers
2025-04-10 15:20:47,902 - sec_monitor - INFO - Successfully loaded 503 S&P 500 tickers
2025-04-10 15:20:47,902 - sec_monitor - INFO - Initializing components...
2025-04-10 15:20:47,902 - sec_monitor - INFO - Initializing components
2025-04-10 15:20:47,902 - sec_monitor - INFO - SEC fetcher initialized
2025-04-10 15:20:47,903 - sec_monitor - INFO - Filing analyzer initialized
2025-04-10 15:20:47,903 - sec_monitor - INFO - Alpaca clients initialized
2025-04-10 15:20:47,903 - sec_monitor - INFO - All components initialized successfully
2025-04-10 15:20:47,904 - sec_monitor - INFO - Found JSON file from today
2025-04-10 15:20:47,904 - sec_monitor - INFO - Found 9 previously processed accessions and 9 filing URLs
2025-04-10 15:20:47,904 - sec_monitor - INFO - Found 9 accession numbers and 9 URLs from previously processed filings
2025-04-10 15:20:47,904 - sec_monitor - INFO - Fetching SEC filings...
2025-04-10 15:21:13,850 - sec_monitor - INFO - No more entries found
2025-04-10 15:21:13,850 - sec_monitor - INFO - Completed fetching. Found 75 total filings
2025-04-10 15:21:13,850 - sec_monitor - INFO - Found 0 new interesting filings
2025-04-10 15:21:13,850 - sec_monitor - INFO - No new filings to process
2025-04-10 18:20:41,650 - sec_monitor - INFO - Starting SEC filing monitor 
2025-04-10 18:20:41,650 - sec_monitor - INFO - Loading S&P 500 data...
2025-04-10 18:20:41,650 - sec_monitor - INFO - Starting S&P 500 data initialization
2025-04-10 18:20:41,650 - sec_monitor - INFO - Successfully loaded 503 S&P 500 tickers
2025-04-10 18:20:41,650 - sec_monitor - INFO - Successfully loaded 503 S&P 500 tickers
2025-04-10 18:20:41,650 - sec_monitor - INFO - Initializing components...
2025-04-10 18:20:41,651 - sec_monitor - INFO - Initializing components
2025-04-10 18:20:41,651 - sec_monitor - INFO - SEC fetcher initialized
2025-04-10 18:20:41,651 - sec_monitor - INFO - Filing analyzer initialized
2025-04-10 18:20:41,651 - sec_monitor - INFO - Alpaca clients initialized
2025-04-10 18:20:41,651 - sec_monitor - INFO - All components initialized successfully
2025-04-10 18:20:41,652 - sec_monitor - INFO - Found JSON file from today
2025-04-10 18:20:41,652 - sec_monitor - INFO - Found 9 previously processed accessions and 9 filing URLs
2025-04-10 18:20:41,652 - sec_monitor - INFO - Found 9 accession numbers and 9 URLs from previously processed filings
2025-04-10 18:20:41,652 - sec_monitor - INFO - Fetching SEC filings...
2025-04-10 18:21:08,579 - sec_monitor - INFO - No more entries found
2025-04-10 18:21:08,579 - sec_monitor - INFO - Completed fetching. Found 40 total filings
2025-04-10 18:21:08,579 - sec_monitor - INFO - Found 0 new interesting filings
2025-04-10 18:21:08,579 - sec_monitor - INFO - No new filings to process
