2025-06-16 11:10:32,280 - sec_monitor - INFO - Starting SEC filing monitor 
2025-06-16 11:10:32,280 - sec_monitor - INFO - Loading S&P 500 data...
2025-06-16 11:10:32,280 - sec_monitor - INFO - Starting S&P 500 data initialization
2025-06-16 11:10:32,281 - sec_monitor - INFO - Successfully loaded 503 S&P 500 tickers
2025-06-16 11:10:32,281 - sec_monitor - INFO - Successfully loaded 503 S&P 500 tickers
2025-06-16 11:10:32,281 - sec_monitor - INFO - Initializing components...
2025-06-16 11:10:32,281 - sec_monitor - INFO - Initializing components
2025-06-16 11:10:32,281 - sec_monitor - INFO - SEC fetcher initialized
2025-06-16 11:10:32,281 - sec_monitor - INFO - Filing analyzer initialized
2025-06-16 11:10:32,282 - sec_monitor - INFO - Alpaca clients initialized
2025-06-16 11:10:32,282 - sec_monitor - INFO - All components initialized successfully
2025-06-16 11:10:32,283 - sec_monitor - INFO - Found old JSON file, archiving
2025-06-16 11:10:32,283 - sec_monitor - INFO - Starting new filing collection for today
2025-06-16 11:10:32,283 - sec_monitor - INFO - Fetching SEC filings...
2025-06-16 11:10:33,084 - sec_monitor - INFO - Reached old filing, stopping. Found 1 total filings
2025-06-16 11:10:33,084 - sec_monitor - INFO - Found 0 new interesting filings
2025-06-16 11:10:33,084 - sec_monitor - INFO - No new filings to process
2025-06-16 12:43:42,789 - sec_monitor - INFO - Starting SEC filing monitor 
2025-06-16 12:43:42,789 - sec_monitor - INFO - Loading S&P 500 data...
2025-06-16 12:43:42,789 - sec_monitor - INFO - Starting S&P 500 data initialization
2025-06-16 12:43:42,789 - sec_monitor - INFO - Successfully loaded 503 S&P 500 tickers
2025-06-16 12:43:42,789 - sec_monitor - INFO - Successfully loaded 503 S&P 500 tickers
2025-06-16 12:43:42,790 - sec_monitor - INFO - Initializing components...
2025-06-16 12:43:42,790 - sec_monitor - INFO - Initializing components
2025-06-16 12:43:42,790 - sec_monitor - INFO - SEC fetcher initialized
2025-06-16 12:43:42,790 - sec_monitor - INFO - Filing analyzer initialized
2025-06-16 12:43:42,790 - sec_monitor - INFO - Alpaca clients initialized
2025-06-16 12:43:42,790 - sec_monitor - INFO - All components initialized successfully
2025-06-16 12:43:42,790 - sec_monitor - INFO - No existing JSON file found
2025-06-16 12:43:42,790 - sec_monitor - INFO - Starting new filing collection for today
2025-06-16 12:43:42,791 - sec_monitor - INFO - Fetching SEC filings...
2025-06-16 12:43:44,505 - sec_monitor - INFO - Reached old filing, stopping. Found 5 total filings
2025-06-16 12:43:44,506 - sec_monitor - INFO - Found 1 new interesting filings
2025-06-16 12:43:44,506 - sec_monitor - INFO - Found 1 new filings to process
2025-06-16 12:43:44,506 - sec_monitor - INFO - Processing filing 1/1: TMUS
2025-06-16 12:44:15,140 - sec_monitor - INFO - ==================================================
2025-06-16 12:44:15,140 - sec_monitor - INFO - Processing first chunk
2025-06-16 12:44:15,140 - sec_monitor - INFO - Timestamp: 2025-06-16 12:44:15
2025-06-16 12:44:15,290 - sec_monitor - INFO - token percentage = 4%
2025-06-16 12:44:15,291 - sec_monitor - INFO - Making API call - Attempt 1/3
2025-06-16 12:44:15,291 - sec_monitor - INFO - Timestamp: 2025-06-16 12:44:15
2025-06-16 12:44:53,516 - sec_monitor - INFO - API call successful
2025-06-16 12:44:54,518 - sec_monitor - INFO - Fetching supplementary data...
2025-06-16 12:44:54,859 - sec_monitor - INFO - filing_tickers type: <class 'list'>
2025-06-16 12:44:54,859 - sec_monitor - INFO - filing_data type: <class 'list'>
2025-06-16 12:44:54,859 - sec_monitor - INFO - Market open: False
2025-06-16 12:44:54,859 - sec_monitor - INFO - Number of filing times mapped: 1
2025-06-16 12:44:54,870 - sec_monitor - INFO - Last trading day: 2025-06-16
2025-06-16 12:44:54,870 - sec_monitor - INFO - Processing ticker: TMUS
2025-06-16 12:44:55,278 - sec_monitor - INFO - Number of bars for TMUS: 3
2025-06-16 12:44:55,278 - sec_monitor - INFO - Last bar close for TMUS: 228.09
2025-06-16 12:44:55,278 - sec_monitor - INFO - Outside market hours price for TMUS: 228.09
2025-06-16 12:44:55,861 - sec_monitor - INFO - Generating final output...
2025-06-16 12:44:55,862 - sec_monitor - INFO - Successfully saved/merged output to output/sec_filings.json
2025-06-16 12:44:55,862 - sec_monitor - INFO - Processing complete. Stats: {'input_words': 6285, 'output_words': 89, 'filings_processed': 1}
2025-06-16 13:35:43,134 - sec_monitor - INFO - Starting SEC filing monitor 
2025-06-16 13:35:43,134 - sec_monitor - INFO - Loading S&P 500 data...
2025-06-16 13:35:43,134 - sec_monitor - INFO - Starting S&P 500 data initialization
2025-06-16 13:35:43,134 - sec_monitor - INFO - Successfully loaded 503 S&P 500 tickers
2025-06-16 13:35:43,134 - sec_monitor - INFO - Successfully loaded 503 S&P 500 tickers
2025-06-16 13:35:43,134 - sec_monitor - INFO - Initializing components...
2025-06-16 13:35:43,135 - sec_monitor - INFO - Initializing components
2025-06-16 13:35:43,135 - sec_monitor - INFO - SEC fetcher initialized
2025-06-16 13:35:43,135 - sec_monitor - INFO - Filing analyzer initialized
2025-06-16 13:35:43,135 - sec_monitor - INFO - Alpaca clients initialized
2025-06-16 13:35:43,135 - sec_monitor - INFO - All components initialized successfully
2025-06-16 13:35:43,136 - sec_monitor - INFO - Found JSON file from today
2025-06-16 13:35:43,136 - sec_monitor - INFO - Found 1 previously processed accessions and 1 filing URLs
2025-06-16 13:35:43,136 - sec_monitor - INFO - Found 1 accession numbers and 1 URLs from previously processed filings
2025-06-16 13:35:43,137 - sec_monitor - INFO - Fetching SEC filings...
2025-06-16 13:35:45,729 - sec_monitor - INFO - Reached old filing, stopping. Found 7 total filings
2025-06-16 13:35:45,730 - sec_monitor - INFO - Found 0 new interesting filings
2025-06-16 13:35:45,730 - sec_monitor - INFO - No new filings to process
