2025-04-11 11:09:28,525 - sec_monitor - INFO - Starting SEC filing monitor 
2025-04-11 11:09:28,525 - sec_monitor - INFO - Loading S&P 500 data...
2025-04-11 11:09:28,525 - sec_monitor - INFO - Starting S&P 500 data initialization
2025-04-11 11:09:28,525 - sec_monitor - INFO - Successfully loaded 503 S&P 500 tickers
2025-04-11 11:09:28,526 - sec_monitor - INFO - Successfully loaded 503 S&P 500 tickers
2025-04-11 11:09:28,526 - sec_monitor - INFO - Initializing components...
2025-04-11 11:09:28,526 - sec_monitor - INFO - Initializing components
2025-04-11 11:09:28,526 - sec_monitor - INFO - SEC fetcher initialized
2025-04-11 11:09:28,526 - sec_monitor - INFO - Filing analyzer initialized
2025-04-11 11:09:28,526 - sec_monitor - INFO - Alpaca clients initialized
2025-04-11 11:09:28,526 - sec_monitor - INFO - All components initialized successfully
2025-04-11 11:09:28,527 - sec_monitor - INFO - Found old JSON file, archiving
2025-04-11 11:09:28,527 - sec_monitor - INFO - Starting new filing collection for today
2025-04-11 11:09:28,528 - sec_monitor - INFO - Fetching SEC filings...
2025-04-11 11:09:43,049 - sec_monitor - INFO - No more entries found
2025-04-11 11:09:43,049 - sec_monitor - INFO - Completed fetching. Found 63 total filings
2025-04-11 11:09:43,049 - sec_monitor - INFO - Found 9 new interesting filings
2025-04-11 11:09:43,049 - sec_monitor - INFO - Found 9 new filings to process
2025-04-11 11:09:43,049 - sec_monitor - INFO - Processing filing 1/9: BLK
2025-04-11 11:11:11,598 - sec_monitor - INFO - ==================================================
2025-04-11 11:11:11,598 - sec_monitor - INFO - Processing first chunk
2025-04-11 11:11:11,598 - sec_monitor - INFO - Timestamp: 2025-04-11 11:11:11
2025-04-11 11:11:12,120 - sec_monitor - INFO - token percentage = 44%
2025-04-11 11:11:12,120 - sec_monitor - INFO - Making API call - Attempt 1/3
2025-04-11 11:11:12,120 - sec_monitor - INFO - Timestamp: 2025-04-11 11:11:12
2025-04-11 11:11:28,370 - sec_monitor - INFO - API call successful
2025-04-11 11:11:58,374 - sec_monitor - INFO - ==================================================
2025-04-11 11:11:58,374 - sec_monitor - INFO - Processing middle chunk
2025-04-11 11:11:58,374 - sec_monitor - INFO - Timestamp: 2025-04-11 11:11:58
2025-04-11 11:11:58,823 - sec_monitor - INFO - token percentage = 49%
2025-04-11 11:11:58,823 - sec_monitor - INFO - Making API call - Attempt 1/3
2025-04-11 11:11:58,823 - sec_monitor - INFO - Timestamp: 2025-04-11 11:11:58
2025-04-11 11:12:16,570 - sec_monitor - INFO - API call successful
2025-04-11 11:12:46,601 - sec_monitor - INFO - ==================================================
2025-04-11 11:12:46,601 - sec_monitor - INFO - Processing middle chunk
2025-04-11 11:12:46,601 - sec_monitor - INFO - Timestamp: 2025-04-11 11:12:46
2025-04-11 11:12:47,011 - sec_monitor - INFO - token percentage = 50%
2025-04-11 11:12:47,011 - sec_monitor - INFO - Making API call - Attempt 1/3
2025-04-11 11:12:47,011 - sec_monitor - INFO - Timestamp: 2025-04-11 11:12:47
2025-04-11 11:13:05,108 - sec_monitor - INFO - API call successful
2025-04-11 11:13:35,139 - sec_monitor - INFO - ==================================================
2025-04-11 11:13:35,139 - sec_monitor - INFO - Processing middle chunk
2025-04-11 11:13:35,139 - sec_monitor - INFO - Timestamp: 2025-04-11 11:13:35
2025-04-11 11:13:35,945 - sec_monitor - INFO - token percentage = 49%
2025-04-11 11:13:35,946 - sec_monitor - INFO - Making API call - Attempt 1/3
2025-04-11 11:13:35,946 - sec_monitor - INFO - Timestamp: 2025-04-11 11:13:35
2025-04-11 11:13:53,617 - sec_monitor - INFO - API call successful
2025-04-11 11:14:23,630 - sec_monitor - INFO - ==================================================
2025-04-11 11:14:23,630 - sec_monitor - INFO - Processing middle chunk
2025-04-11 11:14:23,630 - sec_monitor - INFO - Timestamp: 2025-04-11 11:14:23
2025-04-11 11:14:24,171 - sec_monitor - INFO - token percentage = 50%
2025-04-11 11:14:24,172 - sec_monitor - INFO - Making API call - Attempt 1/3
2025-04-11 11:14:24,172 - sec_monitor - INFO - Timestamp: 2025-04-11 11:14:24
2025-04-11 11:14:42,212 - sec_monitor - INFO - API call successful
2025-04-11 11:15:12,242 - sec_monitor - INFO - ==================================================
2025-04-11 11:15:12,242 - sec_monitor - INFO - Processing middle chunk
2025-04-11 11:15:12,242 - sec_monitor - INFO - Timestamp: 2025-04-11 11:15:12
2025-04-11 11:15:12,983 - sec_monitor - INFO - token percentage = 51%
2025-04-11 11:15:12,983 - sec_monitor - INFO - Making API call - Attempt 1/3
2025-04-11 11:15:12,983 - sec_monitor - INFO - Timestamp: 2025-04-11 11:15:12
2025-04-11 11:15:30,627 - sec_monitor - INFO - API call successful
2025-04-11 11:16:00,657 - sec_monitor - INFO - ==================================================
2025-04-11 11:16:00,658 - sec_monitor - INFO - Processing middle chunk
2025-04-11 11:16:00,658 - sec_monitor - INFO - Timestamp: 2025-04-11 11:16:00
2025-04-11 11:16:01,038 - sec_monitor - INFO - token percentage = 53%
2025-04-11 11:16:01,039 - sec_monitor - INFO - Making API call - Attempt 1/3
2025-04-11 11:16:01,039 - sec_monitor - INFO - Timestamp: 2025-04-11 11:16:01
2025-04-11 11:16:20,217 - sec_monitor - INFO - API call successful
2025-04-11 11:16:50,237 - sec_monitor - INFO - ==================================================
2025-04-11 11:16:50,237 - sec_monitor - INFO - Processing middle chunk
2025-04-11 11:16:50,237 - sec_monitor - INFO - Timestamp: 2025-04-11 11:16:50
2025-04-11 11:16:50,705 - sec_monitor - INFO - token percentage = 51%
2025-04-11 11:16:50,706 - sec_monitor - INFO - Making API call - Attempt 1/3
2025-04-11 11:16:50,706 - sec_monitor - INFO - Timestamp: 2025-04-11 11:16:50
2025-04-11 11:17:08,948 - sec_monitor - INFO - API call successful
2025-04-11 11:17:38,949 - sec_monitor - INFO - ==================================================
2025-04-11 11:17:38,949 - sec_monitor - INFO - Processing middle chunk
2025-04-11 11:17:38,950 - sec_monitor - INFO - Timestamp: 2025-04-11 11:17:38
2025-04-11 11:17:39,420 - sec_monitor - INFO - token percentage = 51%
2025-04-11 11:17:39,420 - sec_monitor - INFO - Making API call - Attempt 1/3
2025-04-11 11:17:39,420 - sec_monitor - INFO - Timestamp: 2025-04-11 11:17:39
2025-04-11 11:17:57,192 - sec_monitor - INFO - API call successful
2025-04-11 11:18:27,203 - sec_monitor - INFO - ==================================================
2025-04-11 11:18:27,203 - sec_monitor - INFO - Processing last chunk
2025-04-11 11:18:27,204 - sec_monitor - INFO - Timestamp: 2025-04-11 11:18:27
2025-04-11 11:18:27,440 - sec_monitor - INFO - token percentage = 25%
2025-04-11 11:18:27,440 - sec_monitor - INFO - Making API call - Attempt 1/3
2025-04-11 11:18:27,440 - sec_monitor - INFO - Timestamp: 2025-04-11 11:18:27
2025-04-11 11:18:36,636 - sec_monitor - INFO - API call successful
2025-04-11 11:18:36,637 - sec_monitor - INFO - Making combine API call - Attempt 1/3
2025-04-11 11:18:36,637 - sec_monitor - INFO - Timestamp: 2025-04-11 11:18:36
2025-04-11 11:18:37,723 - sec_monitor - INFO - Combine API call successful
2025-04-11 11:18:38,724 - sec_monitor - INFO - Processing filing 2/9: NWS
2025-04-11 11:19:09,787 - sec_monitor - INFO - ==================================================
2025-04-11 11:19:09,787 - sec_monitor - INFO - Processing first chunk
2025-04-11 11:19:09,788 - sec_monitor - INFO - Timestamp: 2025-04-11 11:19:09
2025-04-11 11:19:09,937 - sec_monitor - INFO - token percentage = 7%
2025-04-11 11:19:09,937 - sec_monitor - INFO - Making API call - Attempt 1/3
2025-04-11 11:19:09,937 - sec_monitor - INFO - Timestamp: 2025-04-11 11:19:09
2025-04-11 11:19:14,440 - sec_monitor - INFO - API call successful
2025-04-11 11:19:15,442 - sec_monitor - INFO - Processing filing 3/9: AON
2025-04-11 11:19:45,991 - sec_monitor - INFO - ==================================================
2025-04-11 11:19:45,991 - sec_monitor - INFO - Processing first chunk
2025-04-11 11:19:45,991 - sec_monitor - INFO - Timestamp: 2025-04-11 11:19:45
2025-04-11 11:19:46,124 - sec_monitor - INFO - token percentage = 4%
2025-04-11 11:19:46,124 - sec_monitor - INFO - Making API call - Attempt 1/3
2025-04-11 11:19:46,125 - sec_monitor - INFO - Timestamp: 2025-04-11 11:19:46
2025-04-11 11:19:49,252 - sec_monitor - INFO - API call successful
2025-04-11 11:19:50,253 - sec_monitor - INFO - Processing filing 4/9: MLM
2025-04-11 11:20:20,770 - sec_monitor - INFO - ==================================================
2025-04-11 11:20:20,770 - sec_monitor - INFO - Processing first chunk
2025-04-11 11:20:20,770 - sec_monitor - INFO - Timestamp: 2025-04-11 11:20:20
2025-04-11 11:20:20,900 - sec_monitor - INFO - token percentage = 3%
2025-04-11 11:20:20,900 - sec_monitor - INFO - Making API call - Attempt 1/3
2025-04-11 11:20:20,900 - sec_monitor - INFO - Timestamp: 2025-04-11 11:20:20
2025-04-11 11:20:24,739 - sec_monitor - INFO - API call successful
2025-04-11 11:20:25,740 - sec_monitor - INFO - Processing filing 5/9: EOG
2025-04-11 11:20:56,289 - sec_monitor - INFO - ==================================================
2025-04-11 11:20:56,290 - sec_monitor - INFO - Processing first chunk
2025-04-11 11:20:56,290 - sec_monitor - INFO - Timestamp: 2025-04-11 11:20:56
2025-04-11 11:20:56,444 - sec_monitor - INFO - token percentage = 3%
2025-04-11 11:20:56,444 - sec_monitor - INFO - Making API call - Attempt 1/3
2025-04-11 11:20:56,445 - sec_monitor - INFO - Timestamp: 2025-04-11 11:20:56
2025-04-11 11:20:58,379 - sec_monitor - INFO - API call successful
2025-04-11 11:20:59,381 - sec_monitor - INFO - Processing filing 6/9: FAST
2025-04-11 11:21:29,751 - sec_monitor - INFO - ==================================================
2025-04-11 11:21:29,751 - sec_monitor - INFO - Processing first chunk
2025-04-11 11:21:29,751 - sec_monitor - INFO - Timestamp: 2025-04-11 11:21:29
2025-04-11 11:21:29,846 - sec_monitor - INFO - token percentage = 2%
2025-04-11 11:21:29,846 - sec_monitor - INFO - Making API call - Attempt 1/3
2025-04-11 11:21:29,846 - sec_monitor - INFO - Timestamp: 2025-04-11 11:21:29
2025-04-11 11:21:31,540 - sec_monitor - INFO - API call successful
2025-04-11 11:21:32,541 - sec_monitor - INFO - Processing filing 7/9: EQT
2025-04-11 11:22:02,909 - sec_monitor - INFO - ==================================================
2025-04-11 11:22:02,910 - sec_monitor - INFO - Processing first chunk
2025-04-11 11:22:02,910 - sec_monitor - INFO - Timestamp: 2025-04-11 11:22:02
2025-04-11 11:22:02,997 - sec_monitor - INFO - token percentage = 2%
2025-04-11 11:22:02,998 - sec_monitor - INFO - Making API call - Attempt 1/3
2025-04-11 11:22:02,998 - sec_monitor - INFO - Timestamp: 2025-04-11 11:22:02
2025-04-11 11:22:04,489 - sec_monitor - INFO - API call successful
2025-04-11 11:22:05,490 - sec_monitor - INFO - Processing filing 8/9: O
2025-04-11 11:22:36,489 - sec_monitor - INFO - ==================================================
2025-04-11 11:22:36,489 - sec_monitor - INFO - Processing first chunk
2025-04-11 11:22:36,489 - sec_monitor - INFO - Timestamp: 2025-04-11 11:22:36
2025-04-11 11:22:36,740 - sec_monitor - INFO - token percentage = 11%
2025-04-11 11:22:36,740 - sec_monitor - INFO - Making API call - Attempt 1/3
2025-04-11 11:22:36,740 - sec_monitor - INFO - Timestamp: 2025-04-11 11:22:36
2025-04-11 11:22:42,246 - sec_monitor - INFO - API call successful
2025-04-11 11:22:43,248 - sec_monitor - INFO - Processing filing 9/9: PAYX
2025-04-11 11:23:16,442 - sec_monitor - INFO - ==================================================
2025-04-11 11:23:16,442 - sec_monitor - INFO - Processing first chunk
2025-04-11 11:23:16,442 - sec_monitor - INFO - Timestamp: 2025-04-11 11:23:16
2025-04-11 11:23:17,642 - sec_monitor - INFO - token percentage = 23%
2025-04-11 11:23:17,642 - sec_monitor - INFO - Making API call - Attempt 1/3
2025-04-11 11:23:17,642 - sec_monitor - INFO - Timestamp: 2025-04-11 11:23:17
2025-04-11 11:23:26,486 - sec_monitor - INFO - API call successful
2025-04-11 11:23:27,487 - sec_monitor - INFO - Fetching supplementary data...
2025-04-11 11:23:27,875 - sec_monitor - INFO - filing_tickers type: <class 'list'>
2025-04-11 11:23:27,875 - sec_monitor - INFO - filing_data type: <class 'list'>
2025-04-11 11:23:27,875 - sec_monitor - INFO - Market open: False
2025-04-11 11:23:27,875 - sec_monitor - INFO - Number of filing times mapped: 9
2025-04-11 11:23:27,896 - sec_monitor - INFO - Last trading day: 2025-04-11
2025-04-11 11:23:27,896 - sec_monitor - INFO - Processing ticker: BLK
2025-04-11 11:23:28,217 - sec_monitor - INFO - Number of bars for BLK: 4
2025-04-11 11:23:28,217 - sec_monitor - INFO - Last bar close for BLK: 859.48
2025-04-11 11:23:28,217 - sec_monitor - INFO - Outside market hours price for BLK: 859.48
2025-04-11 11:23:28,217 - sec_monitor - INFO - Processing ticker: NWS
2025-04-11 11:23:28,245 - sec_monitor - INFO - Number of bars for NWS: 4
2025-04-11 11:23:28,245 - sec_monitor - INFO - Last bar close for NWS: 29.59
2025-04-11 11:23:28,245 - sec_monitor - INFO - Outside market hours price for NWS: 29.59
2025-04-11 11:23:28,246 - sec_monitor - INFO - Processing ticker: AON
2025-04-11 11:23:28,275 - sec_monitor - INFO - Number of bars for AON: 4
2025-04-11 11:23:28,275 - sec_monitor - INFO - Last bar close for AON: 369.02
2025-04-11 11:23:28,275 - sec_monitor - INFO - Outside market hours price for AON: 369.02
2025-04-11 11:23:28,275 - sec_monitor - INFO - Processing ticker: MLM
2025-04-11 11:23:28,307 - sec_monitor - INFO - Number of bars for MLM: 4
2025-04-11 11:23:28,307 - sec_monitor - INFO - Last bar close for MLM: 475.58
2025-04-11 11:23:28,307 - sec_monitor - INFO - Outside market hours price for MLM: 475.58
2025-04-11 11:23:28,307 - sec_monitor - INFO - Processing ticker: EOG
2025-04-11 11:23:28,335 - sec_monitor - INFO - Number of bars for EOG: 4
2025-04-11 11:23:28,335 - sec_monitor - INFO - Last bar close for EOG: 104.59
2025-04-11 11:23:28,335 - sec_monitor - INFO - Outside market hours price for EOG: 104.59
2025-04-11 11:23:28,335 - sec_monitor - INFO - Processing ticker: FAST
2025-04-11 11:23:28,367 - sec_monitor - INFO - Number of bars for FAST: 4
2025-04-11 11:23:28,367 - sec_monitor - INFO - Last bar close for FAST: 75.8
2025-04-11 11:23:28,368 - sec_monitor - INFO - Outside market hours price for FAST: 75.8
2025-04-11 11:23:28,368 - sec_monitor - INFO - Processing ticker: EQT
2025-04-11 11:23:28,396 - sec_monitor - INFO - Number of bars for EQT: 4
2025-04-11 11:23:28,396 - sec_monitor - INFO - Last bar close for EQT: 48.49
2025-04-11 11:23:28,396 - sec_monitor - INFO - Outside market hours price for EQT: 48.49
2025-04-11 11:23:28,396 - sec_monitor - INFO - Processing ticker: O
2025-04-11 11:23:28,424 - sec_monitor - INFO - Number of bars for O: 4
2025-04-11 11:23:28,424 - sec_monitor - INFO - Last bar close for O: 54.145
2025-04-11 11:23:28,424 - sec_monitor - INFO - Outside market hours price for O: 54.145
2025-04-11 11:23:28,424 - sec_monitor - INFO - Processing ticker: PAYX
2025-04-11 11:23:28,456 - sec_monitor - INFO - Number of bars for PAYX: 4
2025-04-11 11:23:28,456 - sec_monitor - INFO - Last bar close for PAYX: 144.42
2025-04-11 11:23:28,457 - sec_monitor - INFO - Outside market hours price for PAYX: 144.42
2025-04-11 11:23:31,051 - sec_monitor - INFO - Generating final output...
2025-04-11 11:23:31,051 - sec_monitor - INFO - Successfully saved/merged output to output/sec_filings.json
2025-04-11 11:23:31,052 - sec_monitor - INFO - Processing complete. Stats: {'input_words': 582168, 'output_words': 712, 'filings_processed': 9}
