2025-02-26 11:09:27,459 - sec_monitor - INFO - Starting SEC filing monitor 
2025-02-26 11:09:27,459 - sec_monitor - INFO - Loading S&P 500 data...
2025-02-26 11:09:27,459 - sec_monitor - INFO - Starting S&P 500 data initialization
2025-02-26 11:09:27,460 - sec_monitor - INFO - Successfully loaded 503 S&P 500 tickers
2025-02-26 11:09:27,460 - sec_monitor - INFO - Successfully loaded 503 S&P 500 tickers
2025-02-26 11:09:27,460 - sec_monitor - INFO - Initializing components...
2025-02-26 11:09:27,460 - sec_monitor - INFO - Initializing components
2025-02-26 11:09:27,460 - sec_monitor - INFO - SEC fetcher initialized
2025-02-26 11:09:27,460 - sec_monitor - INFO - Filing analyzer initialized
2025-02-26 11:09:27,461 - sec_monitor - INFO - Alpaca clients initialized
2025-02-26 11:09:27,461 - sec_monitor - INFO - All components initialized successfully
2025-02-26 11:09:27,462 - sec_monitor - INFO - Found old JSON file, archiving
2025-02-26 11:09:27,462 - sec_monitor - INFO - Starting new filing collection for today
2025-02-26 11:09:27,462 - sec_monitor - INFO - Fetching SEC filings...
2025-02-26 11:09:43,532 - sec_monitor - INFO - No more entries found
2025-02-26 11:09:43,532 - sec_monitor - INFO - Completed fetching. Found 186 total filings
2025-02-26 11:09:43,532 - sec_monitor - INFO - Found 6 new interesting filings
2025-02-26 11:09:43,532 - sec_monitor - INFO - Found 6 new filings to process
2025-02-26 11:09:43,532 - sec_monitor - INFO - Processing filing 1/6: NWS
2025-02-26 11:10:14,431 - sec_monitor - INFO - ==================================================
2025-02-26 11:10:14,431 - sec_monitor - INFO - Processing first chunk
2025-02-26 11:10:14,432 - sec_monitor - INFO - Timestamp: 2025-02-26 11:10:14
2025-02-26 11:10:14,643 - sec_monitor - INFO - token percentage = 7%
2025-02-26 11:10:14,643 - sec_monitor - INFO - Making API call - Attempt 1/3
2025-02-26 11:10:14,644 - sec_monitor - INFO - Timestamp: 2025-02-26 11:10:14
2025-02-26 11:10:18,740 - sec_monitor - INFO - API call successful
2025-02-26 11:10:19,741 - sec_monitor - INFO - Processing filing 2/6: CTRA
2025-02-26 11:11:18,583 - sec_monitor - INFO - ==================================================
2025-02-26 11:11:18,584 - sec_monitor - INFO - Processing first chunk
2025-02-26 11:11:18,584 - sec_monitor - INFO - Timestamp: 2025-02-26 11:11:18
2025-02-26 11:11:20,321 - sec_monitor - INFO - token percentage = 37%
2025-02-26 11:11:20,322 - sec_monitor - INFO - Making API call - Attempt 1/3
2025-02-26 11:11:20,322 - sec_monitor - INFO - Timestamp: 2025-02-26 11:11:20
2025-02-26 11:11:34,616 - sec_monitor - INFO - API call successful
2025-02-26 11:12:04,647 - sec_monitor - INFO - ==================================================
2025-02-26 11:12:04,647 - sec_monitor - INFO - Processing middle chunk
2025-02-26 11:12:04,647 - sec_monitor - INFO - Timestamp: 2025-02-26 11:12:04
2025-02-26 11:12:05,686 - sec_monitor - INFO - token percentage = 61%
2025-02-26 11:12:05,686 - sec_monitor - INFO - Making API call - Attempt 1/3
2025-02-26 11:12:05,686 - sec_monitor - INFO - Timestamp: 2025-02-26 11:12:05
2025-02-26 11:12:26,468 - sec_monitor - INFO - API call successful
2025-02-26 11:12:56,470 - sec_monitor - INFO - ==================================================
2025-02-26 11:12:56,471 - sec_monitor - INFO - Processing middle chunk
2025-02-26 11:12:56,471 - sec_monitor - INFO - Timestamp: 2025-02-26 11:12:56
2025-02-26 11:12:57,519 - sec_monitor - INFO - token percentage = 48%
2025-02-26 11:12:57,520 - sec_monitor - INFO - Making API call - Attempt 1/3
2025-02-26 11:12:57,520 - sec_monitor - INFO - Timestamp: 2025-02-26 11:12:57
2025-02-26 11:13:14,548 - sec_monitor - INFO - API call successful
2025-02-26 11:13:44,567 - sec_monitor - INFO - ==================================================
2025-02-26 11:13:44,568 - sec_monitor - INFO - Processing middle chunk
2025-02-26 11:13:44,568 - sec_monitor - INFO - Timestamp: 2025-02-26 11:13:44
2025-02-26 11:13:45,811 - sec_monitor - INFO - token percentage = 47%
2025-02-26 11:13:45,811 - sec_monitor - INFO - Making API call - Attempt 1/3
2025-02-26 11:13:45,811 - sec_monitor - INFO - Timestamp: 2025-02-26 11:13:45
2025-02-26 11:14:01,478 - sec_monitor - INFO - API call successful
2025-02-26 11:14:31,508 - sec_monitor - INFO - ==================================================
2025-02-26 11:14:31,509 - sec_monitor - INFO - Processing last chunk
2025-02-26 11:14:31,509 - sec_monitor - INFO - Timestamp: 2025-02-26 11:14:31
2025-02-26 11:14:31,789 - sec_monitor - INFO - token percentage = 22%
2025-02-26 11:14:31,789 - sec_monitor - INFO - Making API call - Attempt 1/3
2025-02-26 11:14:31,789 - sec_monitor - INFO - Timestamp: 2025-02-26 11:14:31
2025-02-26 11:14:38,950 - sec_monitor - INFO - API call successful
2025-02-26 11:14:38,950 - sec_monitor - INFO - Making combine API call - Attempt 1/3
2025-02-26 11:14:38,950 - sec_monitor - INFO - Timestamp: 2025-02-26 11:14:38
2025-02-26 11:14:39,986 - sec_monitor - INFO - Combine API call successful
2025-02-26 11:14:40,988 - sec_monitor - INFO - Processing filing 3/6: PEG
2025-02-26 11:18:19,889 - sec_monitor - ERROR - Error processing filing PEG: 400 Request payload size exceeds the limit: 20971520 bytes.
2025-02-26 11:18:19,889 - sec_monitor - INFO - Processing filing 4/6: WBA
2025-02-26 11:18:50,541 - sec_monitor - INFO - ==================================================
2025-02-26 11:18:50,542 - sec_monitor - INFO - Processing first chunk
2025-02-26 11:18:50,542 - sec_monitor - INFO - Timestamp: 2025-02-26 11:18:50
2025-02-26 11:18:50,676 - sec_monitor - INFO - token percentage = 3%
2025-02-26 11:18:50,676 - sec_monitor - INFO - Making API call - Attempt 1/3
2025-02-26 11:18:50,676 - sec_monitor - INFO - Timestamp: 2025-02-26 11:18:50
2025-02-26 11:18:52,418 - sec_monitor - INFO - API call successful
2025-02-26 11:18:53,419 - sec_monitor - INFO - Processing filing 5/6: TER
2025-02-26 11:19:23,944 - sec_monitor - INFO - ==================================================
2025-02-26 11:19:23,944 - sec_monitor - INFO - Processing first chunk
2025-02-26 11:19:23,944 - sec_monitor - INFO - Timestamp: 2025-02-26 11:19:23
2025-02-26 11:19:24,051 - sec_monitor - INFO - token percentage = 2%
2025-02-26 11:19:24,052 - sec_monitor - INFO - Making API call - Attempt 1/3
2025-02-26 11:19:24,052 - sec_monitor - INFO - Timestamp: 2025-02-26 11:19:24
2025-02-26 11:19:25,526 - sec_monitor - INFO - API call successful
2025-02-26 11:19:26,527 - sec_monitor - INFO - Processing filing 6/6: WMB
2025-02-26 11:21:18,450 - sec_monitor - INFO - ==================================================
2025-02-26 11:21:18,450 - sec_monitor - INFO - Processing first chunk
2025-02-26 11:21:18,450 - sec_monitor - INFO - Timestamp: 2025-02-26 11:21:18
2025-02-26 11:21:19,773 - sec_monitor - INFO - token percentage = 41%
2025-02-26 11:21:19,773 - sec_monitor - INFO - Making API call - Attempt 1/3
2025-02-26 11:21:19,773 - sec_monitor - INFO - Timestamp: 2025-02-26 11:21:19
2025-02-26 11:21:34,592 - sec_monitor - INFO - API call successful
2025-02-26 11:22:04,599 - sec_monitor - INFO - ==================================================
2025-02-26 11:22:04,600 - sec_monitor - INFO - Processing middle chunk
2025-02-26 11:22:04,600 - sec_monitor - INFO - Timestamp: 2025-02-26 11:22:04
2025-02-26 11:22:05,662 - sec_monitor - INFO - token percentage = 51%
2025-02-26 11:22:05,663 - sec_monitor - INFO - Making API call - Attempt 1/3
2025-02-26 11:22:05,663 - sec_monitor - INFO - Timestamp: 2025-02-26 11:22:05
2025-02-26 11:22:24,204 - sec_monitor - INFO - API call successful
2025-02-26 11:22:54,234 - sec_monitor - INFO - ==================================================
2025-02-26 11:22:54,234 - sec_monitor - INFO - Processing middle chunk
2025-02-26 11:22:54,234 - sec_monitor - INFO - Timestamp: 2025-02-26 11:22:54
2025-02-26 11:22:55,246 - sec_monitor - INFO - token percentage = 47%
2025-02-26 11:22:55,247 - sec_monitor - INFO - Making API call - Attempt 1/3
2025-02-26 11:22:55,247 - sec_monitor - INFO - Timestamp: 2025-02-26 11:22:55
2025-02-26 11:23:11,779 - sec_monitor - INFO - API call successful
2025-02-26 11:23:41,782 - sec_monitor - INFO - ==================================================
2025-02-26 11:23:41,783 - sec_monitor - INFO - Processing middle chunk
2025-02-26 11:23:41,783 - sec_monitor - INFO - Timestamp: 2025-02-26 11:23:41
2025-02-26 11:23:42,657 - sec_monitor - INFO - token percentage = 38%
2025-02-26 11:23:42,658 - sec_monitor - INFO - Making API call - Attempt 1/3
2025-02-26 11:23:42,658 - sec_monitor - INFO - Timestamp: 2025-02-26 11:23:42
2025-02-26 11:23:55,942 - sec_monitor - INFO - API call successful
2025-02-26 11:24:25,972 - sec_monitor - INFO - ==================================================
2025-02-26 11:24:25,972 - sec_monitor - INFO - Processing middle chunk
2025-02-26 11:24:25,972 - sec_monitor - INFO - Timestamp: 2025-02-26 11:24:25
2025-02-26 11:24:26,536 - sec_monitor - INFO - token percentage = 78%
2025-02-26 11:24:26,537 - sec_monitor - INFO - Making API call - Attempt 1/3
2025-02-26 11:24:26,537 - sec_monitor - INFO - Timestamp: 2025-02-26 11:24:26
2025-02-26 11:24:52,278 - sec_monitor - INFO - API call successful
2025-02-26 11:25:22,295 - sec_monitor - INFO - ==================================================
2025-02-26 11:25:22,296 - sec_monitor - INFO - Processing middle chunk
2025-02-26 11:25:22,296 - sec_monitor - INFO - Timestamp: 2025-02-26 11:25:22
2025-02-26 11:25:23,000 - sec_monitor - INFO - token percentage = 55%
2025-02-26 11:25:23,000 - sec_monitor - INFO - Making API call - Attempt 1/3
2025-02-26 11:25:23,000 - sec_monitor - INFO - Timestamp: 2025-02-26 11:25:22
2025-02-26 11:25:40,958 - sec_monitor - INFO - API call successful
2025-02-26 11:26:10,984 - sec_monitor - INFO - ==================================================
2025-02-26 11:26:10,985 - sec_monitor - INFO - Processing middle chunk
2025-02-26 11:26:10,985 - sec_monitor - INFO - Timestamp: 2025-02-26 11:26:10
2025-02-26 11:26:12,127 - sec_monitor - INFO - token percentage = 46%
2025-02-26 11:26:12,128 - sec_monitor - INFO - Making API call - Attempt 1/3
2025-02-26 11:26:12,128 - sec_monitor - INFO - Timestamp: 2025-02-26 11:26:12
2025-02-26 11:26:27,341 - sec_monitor - INFO - API call successful
2025-02-26 11:26:57,372 - sec_monitor - INFO - ==================================================
2025-02-26 11:26:57,372 - sec_monitor - INFO - Processing middle chunk
2025-02-26 11:26:57,372 - sec_monitor - INFO - Timestamp: 2025-02-26 11:26:57
2025-02-26 11:26:58,329 - sec_monitor - INFO - token percentage = 46%
2025-02-26 11:26:58,330 - sec_monitor - INFO - Making API call - Attempt 1/3
2025-02-26 11:26:58,330 - sec_monitor - INFO - Timestamp: 2025-02-26 11:26:58
2025-02-26 11:27:13,353 - sec_monitor - INFO - API call successful
2025-02-26 11:27:43,383 - sec_monitor - INFO - ==================================================
2025-02-26 11:27:43,384 - sec_monitor - INFO - Processing last chunk
2025-02-26 11:27:43,384 - sec_monitor - INFO - Timestamp: 2025-02-26 11:27:43
2025-02-26 11:27:44,515 - sec_monitor - INFO - token percentage = 48%
2025-02-26 11:27:44,515 - sec_monitor - INFO - Making API call - Attempt 1/3
2025-02-26 11:27:44,515 - sec_monitor - INFO - Timestamp: 2025-02-26 11:27:44
2025-02-26 11:28:01,562 - sec_monitor - INFO - API call successful
2025-02-26 11:28:01,562 - sec_monitor - INFO - Making combine API call - Attempt 1/3
2025-02-26 11:28:01,563 - sec_monitor - INFO - Timestamp: 2025-02-26 11:28:01
2025-02-26 11:28:02,702 - sec_monitor - INFO - Combine API call successful
2025-02-26 11:28:03,703 - sec_monitor - INFO - Fetching supplementary data...
2025-02-26 11:28:05,416 - sec_monitor - INFO - filing_tickers type: <class 'list'>
2025-02-26 11:28:05,416 - sec_monitor - INFO - filing_data type: <class 'list'>
2025-02-26 11:28:09,746 - sec_monitor - INFO - Generating final output...
2025-02-26 11:28:09,747 - sec_monitor - INFO - Successfully saved/merged output to output/sec_filings.json
2025-02-26 11:28:09,747 - sec_monitor - INFO - Processing complete. Stats: {'input_words': 1971801, 'output_words': 299, 'filings_processed': 6}
