2025-04-17 11:09:21,719 - sec_monitor - INFO - Starting SEC filing monitor 
2025-04-17 11:09:21,719 - sec_monitor - INFO - Loading S&P 500 data...
2025-04-17 11:09:21,719 - sec_monitor - INFO - Starting S&P 500 data initialization
2025-04-17 11:09:21,720 - sec_monitor - INFO - Successfully loaded 503 S&P 500 tickers
2025-04-17 11:09:21,720 - sec_monitor - INFO - Successfully loaded 503 S&P 500 tickers
2025-04-17 11:09:21,720 - sec_monitor - INFO - Initializing components...
2025-04-17 11:09:21,720 - sec_monitor - INFO - Initializing components
2025-04-17 11:09:21,720 - sec_monitor - INFO - SEC fetcher initialized
2025-04-17 11:09:21,720 - sec_monitor - INFO - Filing analyzer initialized
2025-04-17 11:09:21,720 - sec_monitor - INFO - Alpaca clients initialized
2025-04-17 11:09:21,721 - sec_monitor - INFO - All components initialized successfully
2025-04-17 11:09:21,722 - sec_monitor - INFO - Found old JSON file, archiving
2025-04-17 11:09:21,722 - sec_monitor - INFO - Starting new filing collection for today
2025-04-17 11:09:21,722 - sec_monitor - INFO - Fetching SEC filings...
2025-04-17 11:09:35,856 - sec_monitor - INFO - No more entries found
2025-04-17 11:09:35,856 - sec_monitor - INFO - Completed fetching. Found 82 total filings
2025-04-17 11:09:35,856 - sec_monitor - INFO - Found 15 new interesting filings
2025-04-17 11:09:35,856 - sec_monitor - INFO - Found 15 new filings to process
2025-04-17 11:09:35,856 - sec_monitor - INFO - Processing filing 1/15: MMC
2025-04-17 11:10:07,622 - sec_monitor - INFO - ==================================================
2025-04-17 11:10:07,622 - sec_monitor - INFO - Processing first chunk
2025-04-17 11:10:07,622 - sec_monitor - INFO - Timestamp: 2025-04-17 11:10:07
2025-04-17 11:10:07,918 - sec_monitor - INFO - token percentage = 23%
2025-04-17 11:10:07,918 - sec_monitor - INFO - Making API call - Attempt 1/3
2025-04-17 11:10:07,918 - sec_monitor - INFO - Timestamp: 2025-04-17 11:10:07
2025-04-17 11:10:16,594 - sec_monitor - INFO - API call successful
2025-04-17 11:10:17,595 - sec_monitor - INFO - Processing filing 2/15: AXP
2025-04-17 11:10:49,442 - sec_monitor - INFO - ==================================================
2025-04-17 11:10:49,443 - sec_monitor - INFO - Processing first chunk
2025-04-17 11:10:49,443 - sec_monitor - INFO - Timestamp: 2025-04-17 11:10:49
2025-04-17 11:10:49,633 - sec_monitor - INFO - token percentage = 8%
2025-04-17 11:10:49,634 - sec_monitor - INFO - Making API call - Attempt 1/3
2025-04-17 11:10:49,634 - sec_monitor - INFO - Timestamp: 2025-04-17 11:10:49
2025-04-17 11:10:54,474 - sec_monitor - INFO - API call successful
2025-04-17 11:10:55,476 - sec_monitor - INFO - Processing filing 3/15: BX
2025-04-17 11:11:31,624 - sec_monitor - INFO - ==================================================
2025-04-17 11:11:31,625 - sec_monitor - INFO - Processing first chunk
2025-04-17 11:11:31,625 - sec_monitor - INFO - Timestamp: 2025-04-17 11:11:31
2025-04-17 11:11:32,175 - sec_monitor - INFO - token percentage = 48%
2025-04-17 11:11:32,175 - sec_monitor - INFO - Making API call - Attempt 1/3
2025-04-17 11:11:32,175 - sec_monitor - INFO - Timestamp: 2025-04-17 11:11:32
2025-04-17 11:11:49,575 - sec_monitor - INFO - API call successful
2025-04-17 11:11:50,577 - sec_monitor - INFO - Processing filing 4/15: SNA
2025-04-17 11:12:21,518 - sec_monitor - INFO - ==================================================
2025-04-17 11:12:21,518 - sec_monitor - INFO - Processing first chunk
2025-04-17 11:12:21,518 - sec_monitor - INFO - Timestamp: 2025-04-17 11:12:21
2025-04-17 11:12:21,727 - sec_monitor - INFO - token percentage = 4%
2025-04-17 11:12:21,727 - sec_monitor - INFO - Making API call - Attempt 1/3
2025-04-17 11:12:21,727 - sec_monitor - INFO - Timestamp: 2025-04-17 11:12:21
2025-04-17 11:12:25,353 - sec_monitor - INFO - API call successful
2025-04-17 11:12:26,355 - sec_monitor - INFO - Processing filing 5/15: PFG
2025-04-17 11:12:56,886 - sec_monitor - INFO - ==================================================
2025-04-17 11:12:56,886 - sec_monitor - INFO - Processing first chunk
2025-04-17 11:12:56,886 - sec_monitor - INFO - Timestamp: 2025-04-17 11:12:56
2025-04-17 11:12:57,028 - sec_monitor - INFO - token percentage = 3%
2025-04-17 11:12:57,029 - sec_monitor - INFO - Making API call - Attempt 1/3
2025-04-17 11:12:57,029 - sec_monitor - INFO - Timestamp: 2025-04-17 11:12:57
2025-04-17 11:12:58,986 - sec_monitor - INFO - API call successful
2025-04-17 11:12:59,988 - sec_monitor - INFO - Processing filing 6/15: UNH
2025-04-17 11:13:30,775 - sec_monitor - INFO - ==================================================
2025-04-17 11:13:30,775 - sec_monitor - INFO - Processing first chunk
2025-04-17 11:13:30,775 - sec_monitor - INFO - Timestamp: 2025-04-17 11:13:30
2025-04-17 11:13:30,943 - sec_monitor - INFO - token percentage = 7%
2025-04-17 11:13:30,943 - sec_monitor - INFO - Making API call - Attempt 1/3
2025-04-17 11:13:30,943 - sec_monitor - INFO - Timestamp: 2025-04-17 11:13:30
2025-04-17 11:13:35,758 - sec_monitor - INFO - API call successful
2025-04-17 11:13:36,759 - sec_monitor - INFO - Processing filing 7/15: NWS
2025-04-17 11:14:07,569 - sec_monitor - INFO - ==================================================
2025-04-17 11:14:07,569 - sec_monitor - INFO - Processing first chunk
2025-04-17 11:14:07,569 - sec_monitor - INFO - Timestamp: 2025-04-17 11:14:07
2025-04-17 11:14:07,725 - sec_monitor - INFO - token percentage = 7%
2025-04-17 11:14:07,726 - sec_monitor - INFO - Making API call - Attempt 1/3
2025-04-17 11:14:07,726 - sec_monitor - INFO - Timestamp: 2025-04-17 11:14:07
2025-04-17 11:14:12,491 - sec_monitor - INFO - API call successful
2025-04-17 11:14:13,492 - sec_monitor - INFO - Processing filing 8/15: EQT
2025-04-17 11:14:44,031 - sec_monitor - INFO - ==================================================
2025-04-17 11:14:44,031 - sec_monitor - INFO - Processing first chunk
2025-04-17 11:14:44,031 - sec_monitor - INFO - Timestamp: 2025-04-17 11:14:44
2025-04-17 11:14:44,200 - sec_monitor - INFO - token percentage = 3%
2025-04-17 11:14:44,201 - sec_monitor - INFO - Making API call - Attempt 1/3
2025-04-17 11:14:44,201 - sec_monitor - INFO - Timestamp: 2025-04-17 11:14:44
2025-04-17 11:14:46,000 - sec_monitor - INFO - API call successful
2025-04-17 11:14:47,002 - sec_monitor - INFO - Processing filing 9/15: COST
2025-04-17 11:15:17,457 - sec_monitor - INFO - ==================================================
2025-04-17 11:15:17,457 - sec_monitor - INFO - Processing first chunk
2025-04-17 11:15:17,457 - sec_monitor - INFO - Timestamp: 2025-04-17 11:15:17
2025-04-17 11:15:17,604 - sec_monitor - INFO - token percentage = 3%
2025-04-17 11:15:17,604 - sec_monitor - INFO - Making API call - Attempt 1/3
2025-04-17 11:15:17,604 - sec_monitor - INFO - Timestamp: 2025-04-17 11:15:17
2025-04-17 11:15:19,296 - sec_monitor - INFO - API call successful
2025-04-17 11:15:20,297 - sec_monitor - INFO - Processing filing 10/15: MGM
2025-04-17 11:15:52,707 - sec_monitor - INFO - ==================================================
2025-04-17 11:15:52,707 - sec_monitor - INFO - Processing first chunk
2025-04-17 11:15:52,707 - sec_monitor - INFO - Timestamp: 2025-04-17 11:15:52
2025-04-17 11:15:53,290 - sec_monitor - INFO - token percentage = 20%
2025-04-17 11:15:53,291 - sec_monitor - INFO - Making API call - Attempt 1/3
2025-04-17 11:15:53,291 - sec_monitor - INFO - Timestamp: 2025-04-17 11:15:53
2025-04-17 11:16:01,846 - sec_monitor - INFO - API call successful
2025-04-17 11:16:02,847 - sec_monitor - INFO - Processing filing 11/15: CNP
2025-04-17 11:16:33,311 - sec_monitor - INFO - ==================================================
2025-04-17 11:16:33,311 - sec_monitor - INFO - Processing first chunk
2025-04-17 11:16:33,311 - sec_monitor - INFO - Timestamp: 2025-04-17 11:16:33
2025-04-17 11:16:33,444 - sec_monitor - INFO - token percentage = 3%
2025-04-17 11:16:33,445 - sec_monitor - INFO - Making API call - Attempt 1/3
2025-04-17 11:16:33,445 - sec_monitor - INFO - Timestamp: 2025-04-17 11:16:33
2025-04-17 11:16:35,719 - sec_monitor - INFO - API call successful
2025-04-17 11:16:36,721 - sec_monitor - INFO - Processing filing 12/15: UAL
2025-04-17 11:17:22,550 - sec_monitor - INFO - ==================================================
2025-04-17 11:17:22,550 - sec_monitor - INFO - Processing first chunk
2025-04-17 11:17:22,550 - sec_monitor - INFO - Timestamp: 2025-04-17 11:17:22
2025-04-17 11:17:23,666 - sec_monitor - INFO - token percentage = 48%
2025-04-17 11:17:23,667 - sec_monitor - INFO - Making API call - Attempt 1/3
2025-04-17 11:17:23,667 - sec_monitor - INFO - Timestamp: 2025-04-17 11:17:23
2025-04-17 11:17:41,543 - sec_monitor - INFO - API call successful
2025-04-17 11:18:11,573 - sec_monitor - INFO - ==================================================
2025-04-17 11:18:11,574 - sec_monitor - INFO - Processing middle chunk
2025-04-17 11:18:11,574 - sec_monitor - INFO - Timestamp: 2025-04-17 11:18:11
2025-04-17 11:18:12,500 - sec_monitor - INFO - token percentage = 53%
2025-04-17 11:18:12,500 - sec_monitor - INFO - Making API call - Attempt 1/3
2025-04-17 11:18:12,500 - sec_monitor - INFO - Timestamp: 2025-04-17 11:18:12
2025-04-17 11:18:32,340 - sec_monitor - INFO - API call successful
2025-04-17 11:19:02,370 - sec_monitor - INFO - ==================================================
2025-04-17 11:19:02,370 - sec_monitor - INFO - Processing last chunk
2025-04-17 11:19:02,371 - sec_monitor - INFO - Timestamp: 2025-04-17 11:19:02
2025-04-17 11:19:02,729 - sec_monitor - INFO - token percentage = 16%
2025-04-17 11:19:02,730 - sec_monitor - INFO - Making API call - Attempt 1/3
2025-04-17 11:19:02,730 - sec_monitor - INFO - Timestamp: 2025-04-17 11:19:02
2025-04-17 11:19:09,461 - sec_monitor - INFO - API call successful
2025-04-17 11:19:09,462 - sec_monitor - INFO - Making combine API call - Attempt 1/3
2025-04-17 11:19:09,462 - sec_monitor - INFO - Timestamp: 2025-04-17 11:19:09
2025-04-17 11:19:10,368 - sec_monitor - INFO - Combine API call successful
2025-04-17 11:19:11,370 - sec_monitor - INFO - Processing filing 13/15: FANG
2025-04-17 11:19:42,819 - sec_monitor - INFO - ==================================================
2025-04-17 11:19:42,819 - sec_monitor - INFO - Processing first chunk
2025-04-17 11:19:42,819 - sec_monitor - INFO - Timestamp: 2025-04-17 11:19:42
2025-04-17 11:19:43,114 - sec_monitor - INFO - token percentage = 29%
2025-04-17 11:19:43,115 - sec_monitor - INFO - Making API call - Attempt 1/3
2025-04-17 11:19:43,115 - sec_monitor - INFO - Timestamp: 2025-04-17 11:19:43
2025-04-17 11:19:53,676 - sec_monitor - INFO - API call successful
2025-04-17 11:19:54,678 - sec_monitor - INFO - Processing filing 14/15: CSX
2025-04-17 11:20:39,866 - sec_monitor - INFO - ==================================================
2025-04-17 11:20:39,866 - sec_monitor - INFO - Processing first chunk
2025-04-17 11:20:39,866 - sec_monitor - INFO - Timestamp: 2025-04-17 11:20:39
2025-04-17 11:20:41,215 - sec_monitor - INFO - token percentage = 46%
2025-04-17 11:20:41,216 - sec_monitor - INFO - Making API call - Attempt 1/3
2025-04-17 11:20:41,216 - sec_monitor - INFO - Timestamp: 2025-04-17 11:20:41
2025-04-17 11:20:59,300 - sec_monitor - INFO - API call successful
2025-04-17 11:21:29,310 - sec_monitor - INFO - ==================================================
2025-04-17 11:21:29,311 - sec_monitor - INFO - Processing middle chunk
2025-04-17 11:21:29,311 - sec_monitor - INFO - Timestamp: 2025-04-17 11:21:29
2025-04-17 11:21:29,989 - sec_monitor - INFO - token percentage = 51%
2025-04-17 11:21:29,989 - sec_monitor - INFO - Making API call - Attempt 1/3
2025-04-17 11:21:29,989 - sec_monitor - INFO - Timestamp: 2025-04-17 11:21:29
2025-04-17 11:21:48,573 - sec_monitor - INFO - API call successful
2025-04-17 11:22:18,604 - sec_monitor - INFO - ==================================================
2025-04-17 11:22:18,604 - sec_monitor - INFO - Processing last chunk
2025-04-17 11:22:18,604 - sec_monitor - INFO - Timestamp: 2025-04-17 11:22:18
2025-04-17 11:22:18,754 - sec_monitor - INFO - token percentage = 7%
2025-04-17 11:22:18,754 - sec_monitor - INFO - Making API call - Attempt 1/3
2025-04-17 11:22:18,754 - sec_monitor - INFO - Timestamp: 2025-04-17 11:22:18
2025-04-17 11:22:23,032 - sec_monitor - INFO - API call successful
2025-04-17 11:22:23,033 - sec_monitor - INFO - Making combine API call - Attempt 1/3
2025-04-17 11:22:23,033 - sec_monitor - INFO - Timestamp: 2025-04-17 11:22:23
2025-04-17 11:22:24,086 - sec_monitor - INFO - Combine API call successful
2025-04-17 11:22:25,087 - sec_monitor - INFO - Processing filing 15/15: CSX
2025-04-17 11:24:10,933 - sec_monitor - INFO - ==================================================
2025-04-17 11:24:10,933 - sec_monitor - INFO - Processing first chunk
2025-04-17 11:24:10,933 - sec_monitor - INFO - Timestamp: 2025-04-17 11:24:10
2025-04-17 11:24:11,328 - sec_monitor - INFO - token percentage = 46%
2025-04-17 11:24:11,329 - sec_monitor - INFO - Making API call - Attempt 1/3
2025-04-17 11:24:11,329 - sec_monitor - INFO - Timestamp: 2025-04-17 11:24:11
2025-04-17 11:24:28,313 - sec_monitor - INFO - API call successful
2025-04-17 11:24:58,344 - sec_monitor - INFO - ==================================================
2025-04-17 11:24:58,344 - sec_monitor - INFO - Processing middle chunk
2025-04-17 11:24:58,344 - sec_monitor - INFO - Timestamp: 2025-04-17 11:24:58
2025-04-17 11:24:58,746 - sec_monitor - INFO - token percentage = 50%
2025-04-17 11:24:58,746 - sec_monitor - INFO - Making API call - Attempt 1/3
2025-04-17 11:24:58,746 - sec_monitor - INFO - Timestamp: 2025-04-17 11:24:58
2025-04-17 11:25:16,780 - sec_monitor - INFO - API call successful
2025-04-17 11:25:46,810 - sec_monitor - INFO - ==================================================
2025-04-17 11:25:46,810 - sec_monitor - INFO - Processing middle chunk
2025-04-17 11:25:46,811 - sec_monitor - INFO - Timestamp: 2025-04-17 11:25:46
2025-04-17 11:25:47,205 - sec_monitor - INFO - token percentage = 50%
2025-04-17 11:25:47,206 - sec_monitor - INFO - Making API call - Attempt 1/3
2025-04-17 11:25:47,206 - sec_monitor - INFO - Timestamp: 2025-04-17 11:25:47
2025-04-17 11:26:05,104 - sec_monitor - INFO - API call successful
2025-04-17 11:26:35,134 - sec_monitor - INFO - ==================================================
2025-04-17 11:26:35,134 - sec_monitor - INFO - Processing middle chunk
2025-04-17 11:26:35,134 - sec_monitor - INFO - Timestamp: 2025-04-17 11:26:35
2025-04-17 11:26:35,490 - sec_monitor - INFO - token percentage = 50%
2025-04-17 11:26:35,490 - sec_monitor - INFO - Making API call - Attempt 1/3
2025-04-17 11:26:35,490 - sec_monitor - INFO - Timestamp: 2025-04-17 11:26:35
2025-04-17 11:26:53,007 - sec_monitor - INFO - API call successful
2025-04-17 11:27:23,038 - sec_monitor - INFO - ==================================================
2025-04-17 11:27:23,038 - sec_monitor - INFO - Processing middle chunk
2025-04-17 11:27:23,038 - sec_monitor - INFO - Timestamp: 2025-04-17 11:27:23
2025-04-17 11:27:23,448 - sec_monitor - INFO - token percentage = 50%
2025-04-17 11:27:23,449 - sec_monitor - INFO - Making API call - Attempt 1/3
2025-04-17 11:27:23,449 - sec_monitor - INFO - Timestamp: 2025-04-17 11:27:23
2025-04-17 11:27:41,132 - sec_monitor - INFO - API call successful
2025-04-17 11:28:11,163 - sec_monitor - INFO - ==================================================
2025-04-17 11:28:11,163 - sec_monitor - INFO - Processing middle chunk
2025-04-17 11:28:11,163 - sec_monitor - INFO - Timestamp: 2025-04-17 11:28:11
2025-04-17 11:28:11,598 - sec_monitor - INFO - token percentage = 50%
2025-04-17 11:28:11,598 - sec_monitor - INFO - Making API call - Attempt 1/3
2025-04-17 11:28:11,598 - sec_monitor - INFO - Timestamp: 2025-04-17 11:28:11
2025-04-17 11:28:29,066 - sec_monitor - INFO - API call successful
2025-04-17 11:28:59,096 - sec_monitor - INFO - ==================================================
2025-04-17 11:28:59,097 - sec_monitor - INFO - Processing middle chunk
2025-04-17 11:28:59,097 - sec_monitor - INFO - Timestamp: 2025-04-17 11:28:59
2025-04-17 11:28:59,395 - sec_monitor - INFO - token percentage = 50%
2025-04-17 11:28:59,395 - sec_monitor - INFO - Making API call - Attempt 1/3
2025-04-17 11:28:59,395 - sec_monitor - INFO - Timestamp: 2025-04-17 11:28:59
2025-04-17 11:29:17,101 - sec_monitor - INFO - API call successful
2025-04-17 11:29:47,106 - sec_monitor - INFO - ==================================================
2025-04-17 11:29:47,106 - sec_monitor - INFO - Processing middle chunk
2025-04-17 11:29:47,106 - sec_monitor - INFO - Timestamp: 2025-04-17 11:29:47
2025-04-17 11:29:47,574 - sec_monitor - INFO - token percentage = 50%
2025-04-17 11:29:47,574 - sec_monitor - INFO - Making API call - Attempt 1/3
2025-04-17 11:29:47,574 - sec_monitor - INFO - Timestamp: 2025-04-17 11:29:47
2025-04-17 11:30:05,401 - sec_monitor - INFO - API call successful
2025-04-17 11:30:35,431 - sec_monitor - INFO - ==================================================
2025-04-17 11:30:35,431 - sec_monitor - INFO - Processing middle chunk
2025-04-17 11:30:35,431 - sec_monitor - INFO - Timestamp: 2025-04-17 11:30:35
2025-04-17 11:30:35,768 - sec_monitor - INFO - token percentage = 50%
2025-04-17 11:30:35,768 - sec_monitor - INFO - Making API call - Attempt 1/3
2025-04-17 11:30:35,769 - sec_monitor - INFO - Timestamp: 2025-04-17 11:30:35
2025-04-17 11:30:53,468 - sec_monitor - INFO - API call successful
2025-04-17 11:31:23,499 - sec_monitor - INFO - ==================================================
2025-04-17 11:31:23,499 - sec_monitor - INFO - Processing middle chunk
2025-04-17 11:31:23,499 - sec_monitor - INFO - Timestamp: 2025-04-17 11:31:23
2025-04-17 11:31:23,960 - sec_monitor - INFO - token percentage = 50%
2025-04-17 11:31:23,960 - sec_monitor - INFO - Making API call - Attempt 1/3
2025-04-17 11:31:23,960 - sec_monitor - INFO - Timestamp: 2025-04-17 11:31:23
2025-04-17 11:31:41,730 - sec_monitor - INFO - API call successful
2025-04-17 11:32:11,761 - sec_monitor - INFO - ==================================================
2025-04-17 11:32:11,761 - sec_monitor - INFO - Processing middle chunk
2025-04-17 11:32:11,761 - sec_monitor - INFO - Timestamp: 2025-04-17 11:32:11
2025-04-17 11:32:12,107 - sec_monitor - INFO - token percentage = 50%
2025-04-17 11:32:12,107 - sec_monitor - INFO - Making API call - Attempt 1/3
2025-04-17 11:32:12,107 - sec_monitor - INFO - Timestamp: 2025-04-17 11:32:12
2025-04-17 11:32:29,792 - sec_monitor - INFO - API call successful
2025-04-17 11:32:59,822 - sec_monitor - INFO - ==================================================
2025-04-17 11:32:59,822 - sec_monitor - INFO - Processing middle chunk
2025-04-17 11:32:59,823 - sec_monitor - INFO - Timestamp: 2025-04-17 11:32:59
2025-04-17 11:33:00,166 - sec_monitor - INFO - token percentage = 49%
2025-04-17 11:33:00,166 - sec_monitor - INFO - Making API call - Attempt 1/3
2025-04-17 11:33:00,166 - sec_monitor - INFO - Timestamp: 2025-04-17 11:33:00
2025-04-17 11:33:17,009 - sec_monitor - INFO - API call successful
2025-04-17 11:33:47,039 - sec_monitor - INFO - ==================================================
2025-04-17 11:33:47,039 - sec_monitor - INFO - Processing middle chunk
2025-04-17 11:33:47,040 - sec_monitor - INFO - Timestamp: 2025-04-17 11:33:47
2025-04-17 11:33:47,548 - sec_monitor - INFO - token percentage = 50%
2025-04-17 11:33:47,548 - sec_monitor - INFO - Making API call - Attempt 1/3
2025-04-17 11:33:47,548 - sec_monitor - INFO - Timestamp: 2025-04-17 11:33:47
2025-04-17 11:34:05,202 - sec_monitor - INFO - API call successful
2025-04-17 11:34:35,213 - sec_monitor - INFO - ==================================================
2025-04-17 11:34:35,214 - sec_monitor - INFO - Processing last chunk
2025-04-17 11:34:35,214 - sec_monitor - INFO - Timestamp: 2025-04-17 11:34:35
2025-04-17 11:34:35,440 - sec_monitor - INFO - token percentage = 20%
2025-04-17 11:34:35,440 - sec_monitor - INFO - Making API call - Attempt 1/3
2025-04-17 11:34:35,440 - sec_monitor - INFO - Timestamp: 2025-04-17 11:34:35
2025-04-17 11:34:43,193 - sec_monitor - INFO - API call successful
2025-04-17 11:34:43,194 - sec_monitor - INFO - Making combine API call - Attempt 1/3
2025-04-17 11:34:43,194 - sec_monitor - INFO - Timestamp: 2025-04-17 11:34:43
2025-04-17 11:34:44,407 - sec_monitor - INFO - Combine API call successful
2025-04-17 11:34:45,408 - sec_monitor - INFO - Fetching supplementary data...
2025-04-17 11:34:45,881 - sec_monitor - INFO - filing_tickers type: <class 'list'>
2025-04-17 11:34:45,881 - sec_monitor - INFO - filing_data type: <class 'list'>
2025-04-17 11:34:45,881 - sec_monitor - INFO - Market open: False
2025-04-17 11:34:45,881 - sec_monitor - INFO - Number of filing times mapped: 14
2025-04-17 11:34:45,893 - sec_monitor - INFO - Last trading day: 2025-04-17
2025-04-17 11:34:45,893 - sec_monitor - INFO - Processing ticker: MMC
2025-04-17 11:34:46,440 - sec_monitor - INFO - Number of bars for MMC: 3
2025-04-17 11:34:46,441 - sec_monitor - INFO - Last bar close for MMC: 231.31
2025-04-17 11:34:46,441 - sec_monitor - INFO - Outside market hours price for MMC: 231.31
2025-04-17 11:34:46,441 - sec_monitor - INFO - Processing ticker: AXP
2025-04-17 11:34:46,473 - sec_monitor - INFO - Number of bars for AXP: 3
2025-04-17 11:34:46,473 - sec_monitor - INFO - Last bar close for AXP: 253.12
2025-04-17 11:34:46,473 - sec_monitor - INFO - Outside market hours price for AXP: 253.12
2025-04-17 11:34:46,473 - sec_monitor - INFO - Processing ticker: BX
2025-04-17 11:34:46,492 - sec_monitor - INFO - Number of bars for BX: 3
2025-04-17 11:34:46,492 - sec_monitor - INFO - Last bar close for BX: 129.41
2025-04-17 11:34:46,492 - sec_monitor - INFO - Outside market hours price for BX: 129.41
2025-04-17 11:34:46,492 - sec_monitor - INFO - Processing ticker: SNA
2025-04-17 11:34:46,507 - sec_monitor - INFO - Number of bars for SNA: 3
2025-04-17 11:34:46,507 - sec_monitor - INFO - Last bar close for SNA: 332.32
2025-04-17 11:34:46,507 - sec_monitor - INFO - Outside market hours price for SNA: 332.32
2025-04-17 11:34:46,507 - sec_monitor - INFO - Processing ticker: PFG
2025-04-17 11:34:46,523 - sec_monitor - INFO - Number of bars for PFG: 3
2025-04-17 11:34:46,523 - sec_monitor - INFO - Last bar close for PFG: 71.64
2025-04-17 11:34:46,523 - sec_monitor - INFO - Outside market hours price for PFG: 71.64
2025-04-17 11:34:46,523 - sec_monitor - INFO - Processing ticker: UNH
2025-04-17 11:34:46,539 - sec_monitor - INFO - Number of bars for UNH: 3
2025-04-17 11:34:46,539 - sec_monitor - INFO - Last bar close for UNH: 584.92
2025-04-17 11:34:46,539 - sec_monitor - INFO - Outside market hours price for UNH: 584.92
2025-04-17 11:34:46,539 - sec_monitor - INFO - Processing ticker: NWS
2025-04-17 11:34:46,554 - sec_monitor - INFO - Number of bars for NWS: 4
2025-04-17 11:34:46,554 - sec_monitor - INFO - Last bar close for NWS: 29.75
2025-04-17 11:34:46,554 - sec_monitor - INFO - Outside market hours price for NWS: 29.75
2025-04-17 11:34:46,554 - sec_monitor - INFO - Processing ticker: EQT
2025-04-17 11:34:46,572 - sec_monitor - INFO - Number of bars for EQT: 4
2025-04-17 11:34:46,573 - sec_monitor - INFO - Last bar close for EQT: 50.8
2025-04-17 11:34:46,573 - sec_monitor - INFO - Outside market hours price for EQT: 50.8
2025-04-17 11:34:46,573 - sec_monitor - INFO - Processing ticker: COST
2025-04-17 11:34:46,586 - sec_monitor - INFO - Number of bars for COST: 4
2025-04-17 11:34:46,587 - sec_monitor - INFO - Last bar close for COST: 968.39
2025-04-17 11:34:46,587 - sec_monitor - INFO - Outside market hours price for COST: 968.39
2025-04-17 11:34:46,587 - sec_monitor - INFO - Processing ticker: MGM
2025-04-17 11:34:46,605 - sec_monitor - INFO - Number of bars for MGM: 4
2025-04-17 11:34:46,605 - sec_monitor - INFO - Last bar close for MGM: 28.47
2025-04-17 11:34:46,605 - sec_monitor - INFO - Outside market hours price for MGM: 28.47
2025-04-17 11:34:46,605 - sec_monitor - INFO - Processing ticker: CNP
2025-04-17 11:34:46,619 - sec_monitor - INFO - Number of bars for CNP: 4
2025-04-17 11:34:46,619 - sec_monitor - INFO - Last bar close for CNP: 36.79
2025-04-17 11:34:46,619 - sec_monitor - INFO - Outside market hours price for CNP: 36.79
2025-04-17 11:34:46,619 - sec_monitor - INFO - Processing ticker: UAL
2025-04-17 11:34:46,643 - sec_monitor - INFO - Number of bars for UAL: 4
2025-04-17 11:34:46,643 - sec_monitor - INFO - Last bar close for UAL: 66.99
2025-04-17 11:34:46,643 - sec_monitor - INFO - Outside market hours price for UAL: 66.99
2025-04-17 11:34:46,643 - sec_monitor - INFO - Processing ticker: FANG
2025-04-17 11:34:46,662 - sec_monitor - INFO - Number of bars for FANG: 4
2025-04-17 11:34:46,662 - sec_monitor - INFO - Last bar close for FANG: 130.24
2025-04-17 11:34:46,662 - sec_monitor - INFO - Outside market hours price for FANG: 130.24
2025-04-17 11:34:46,662 - sec_monitor - INFO - Processing ticker: CSX
2025-04-17 11:34:46,675 - sec_monitor - INFO - Number of bars for CSX: 4
2025-04-17 11:34:46,675 - sec_monitor - INFO - Last bar close for CSX: 27.32
2025-04-17 11:34:46,675 - sec_monitor - INFO - Outside market hours price for CSX: 27.32
2025-04-17 11:34:46,675 - sec_monitor - INFO - Processing ticker: CSX
2025-04-17 11:34:46,688 - sec_monitor - INFO - Number of bars for CSX: 4
2025-04-17 11:34:46,688 - sec_monitor - INFO - Last bar close for CSX: 27.32
2025-04-17 11:34:46,688 - sec_monitor - INFO - Outside market hours price for CSX: 27.32
2025-04-17 11:34:51,124 - sec_monitor - INFO - Generating final output...
2025-04-17 11:34:51,125 - sec_monitor - INFO - Successfully saved/merged output to output/sec_filings.json
2025-04-17 11:34:51,125 - sec_monitor - INFO - Processing complete. Stats: {'input_words': 751256, 'output_words': 1119, 'filings_processed': 15}
2025-04-17 12:38:59,400 - sec_monitor - INFO - Starting SEC filing monitor 
2025-04-17 12:38:59,400 - sec_monitor - INFO - Loading S&P 500 data...
2025-04-17 12:38:59,400 - sec_monitor - INFO - Starting S&P 500 data initialization
2025-04-17 12:38:59,401 - sec_monitor - INFO - Successfully loaded 503 S&P 500 tickers
2025-04-17 12:38:59,401 - sec_monitor - INFO - Successfully loaded 503 S&P 500 tickers
2025-04-17 12:38:59,401 - sec_monitor - INFO - Initializing components...
2025-04-17 12:38:59,401 - sec_monitor - INFO - Initializing components
2025-04-17 12:38:59,401 - sec_monitor - INFO - SEC fetcher initialized
2025-04-17 12:38:59,401 - sec_monitor - INFO - Filing analyzer initialized
2025-04-17 12:38:59,401 - sec_monitor - INFO - Alpaca clients initialized
2025-04-17 12:38:59,401 - sec_monitor - INFO - All components initialized successfully
2025-04-17 12:38:59,402 - sec_monitor - INFO - Found JSON file from today
2025-04-17 12:38:59,403 - sec_monitor - INFO - Found 15 previously processed accessions and 15 filing URLs
2025-04-17 12:38:59,403 - sec_monitor - INFO - Found 15 accession numbers and 15 URLs from previously processed filings
2025-04-17 12:38:59,403 - sec_monitor - INFO - Fetching SEC filings...
2025-04-17 12:39:25,788 - sec_monitor - INFO - No more entries found
2025-04-17 12:39:25,788 - sec_monitor - INFO - Completed fetching. Found 85 total filings
2025-04-17 12:39:25,788 - sec_monitor - INFO - Found 3 new interesting filings
2025-04-17 12:39:25,789 - sec_monitor - INFO - Found 3 new filings to process
2025-04-17 12:39:25,789 - sec_monitor - INFO - Processing filing 1/3: GPN
2025-04-17 12:40:06,728 - sec_monitor - INFO - ==================================================
2025-04-17 12:40:06,729 - sec_monitor - INFO - Processing first chunk
2025-04-17 12:40:06,729 - sec_monitor - INFO - Timestamp: 2025-04-17 12:40:06
2025-04-17 12:40:07,201 - sec_monitor - INFO - token percentage = 49%
2025-04-17 12:40:07,201 - sec_monitor - INFO - Making API call - Attempt 1/3
2025-04-17 12:40:07,201 - sec_monitor - INFO - Timestamp: 2025-04-17 12:40:07
2025-04-17 12:40:26,033 - sec_monitor - INFO - API call successful
2025-04-17 12:40:56,043 - sec_monitor - INFO - ==================================================
2025-04-17 12:40:56,044 - sec_monitor - INFO - Processing middle chunk
2025-04-17 12:40:56,044 - sec_monitor - INFO - Timestamp: 2025-04-17 12:40:56
2025-04-17 12:40:56,551 - sec_monitor - INFO - token percentage = 52%
2025-04-17 12:40:56,551 - sec_monitor - INFO - Making API call - Attempt 1/3
2025-04-17 12:40:56,551 - sec_monitor - INFO - Timestamp: 2025-04-17 12:40:56
2025-04-17 12:41:15,088 - sec_monitor - INFO - API call successful
2025-04-17 12:41:45,117 - sec_monitor - INFO - ==================================================
2025-04-17 12:41:45,117 - sec_monitor - INFO - Processing last chunk
2025-04-17 12:41:45,118 - sec_monitor - INFO - Timestamp: 2025-04-17 12:41:45
2025-04-17 12:41:45,410 - sec_monitor - INFO - token percentage = 28%
2025-04-17 12:41:45,411 - sec_monitor - INFO - Making API call - Attempt 1/3
2025-04-17 12:41:45,411 - sec_monitor - INFO - Timestamp: 2025-04-17 12:41:45
2025-04-17 12:41:55,871 - sec_monitor - INFO - API call successful
2025-04-17 12:41:55,871 - sec_monitor - INFO - Making combine API call - Attempt 1/3
2025-04-17 12:41:55,871 - sec_monitor - INFO - Timestamp: 2025-04-17 12:41:55
2025-04-17 12:41:57,164 - sec_monitor - INFO - Combine API call successful
2025-04-17 12:41:58,165 - sec_monitor - INFO - Processing filing 2/3: FIS
2025-04-17 12:43:22,660 - sec_monitor - INFO - ==================================================
2025-04-17 12:43:22,660 - sec_monitor - INFO - Processing first chunk
2025-04-17 12:43:22,660 - sec_monitor - INFO - Timestamp: 2025-04-17 12:43:22
2025-04-17 12:43:23,223 - sec_monitor - INFO - token percentage = 47%
2025-04-17 12:43:23,223 - sec_monitor - INFO - Making API call - Attempt 1/3
2025-04-17 12:43:23,223 - sec_monitor - INFO - Timestamp: 2025-04-17 12:43:23
2025-04-17 12:43:40,812 - sec_monitor - INFO - API call successful
2025-04-17 12:44:10,842 - sec_monitor - INFO - ==================================================
2025-04-17 12:44:10,842 - sec_monitor - INFO - Processing middle chunk
2025-04-17 12:44:10,843 - sec_monitor - INFO - Timestamp: 2025-04-17 12:44:10
2025-04-17 12:44:11,399 - sec_monitor - INFO - token percentage = 50%
2025-04-17 12:44:11,400 - sec_monitor - INFO - Making API call - Attempt 1/3
2025-04-17 12:44:11,400 - sec_monitor - INFO - Timestamp: 2025-04-17 12:44:11
2025-04-17 12:44:29,488 - sec_monitor - INFO - API call successful
2025-04-17 12:44:59,518 - sec_monitor - INFO - ==================================================
2025-04-17 12:44:59,518 - sec_monitor - INFO - Processing middle chunk
2025-04-17 12:44:59,518 - sec_monitor - INFO - Timestamp: 2025-04-17 12:44:59
2025-04-17 12:44:59,861 - sec_monitor - INFO - token percentage = 51%
2025-04-17 12:44:59,861 - sec_monitor - INFO - Making API call - Attempt 1/3
2025-04-17 12:44:59,861 - sec_monitor - INFO - Timestamp: 2025-04-17 12:44:59
2025-04-17 12:45:17,614 - sec_monitor - INFO - API call successful
2025-04-17 12:45:47,645 - sec_monitor - INFO - ==================================================
2025-04-17 12:45:47,645 - sec_monitor - INFO - Processing middle chunk
2025-04-17 12:45:47,645 - sec_monitor - INFO - Timestamp: 2025-04-17 12:45:47
2025-04-17 12:45:48,063 - sec_monitor - INFO - token percentage = 51%
2025-04-17 12:45:48,063 - sec_monitor - INFO - Making API call - Attempt 1/3
2025-04-17 12:45:48,064 - sec_monitor - INFO - Timestamp: 2025-04-17 12:45:48
2025-04-17 12:46:05,901 - sec_monitor - INFO - API call successful
2025-04-17 12:46:35,931 - sec_monitor - INFO - ==================================================
2025-04-17 12:46:35,931 - sec_monitor - INFO - Processing middle chunk
2025-04-17 12:46:35,931 - sec_monitor - INFO - Timestamp: 2025-04-17 12:46:35
2025-04-17 12:46:36,302 - sec_monitor - INFO - token percentage = 51%
2025-04-17 12:46:36,302 - sec_monitor - INFO - Making API call - Attempt 1/3
2025-04-17 12:46:36,302 - sec_monitor - INFO - Timestamp: 2025-04-17 12:46:36
2025-04-17 12:46:54,118 - sec_monitor - INFO - API call successful
2025-04-17 12:47:24,148 - sec_monitor - INFO - ==================================================
2025-04-17 12:47:24,148 - sec_monitor - INFO - Processing middle chunk
2025-04-17 12:47:24,148 - sec_monitor - INFO - Timestamp: 2025-04-17 12:47:24
2025-04-17 12:47:24,584 - sec_monitor - INFO - token percentage = 50%
2025-04-17 12:47:24,584 - sec_monitor - INFO - Making API call - Attempt 1/3
2025-04-17 12:47:24,584 - sec_monitor - INFO - Timestamp: 2025-04-17 12:47:24
2025-04-17 12:47:42,163 - sec_monitor - INFO - API call successful
2025-04-17 12:48:12,194 - sec_monitor - INFO - ==================================================
2025-04-17 12:48:12,194 - sec_monitor - INFO - Processing middle chunk
2025-04-17 12:48:12,194 - sec_monitor - INFO - Timestamp: 2025-04-17 12:48:12
2025-04-17 12:48:12,639 - sec_monitor - INFO - token percentage = 50%
2025-04-17 12:48:12,639 - sec_monitor - INFO - Making API call - Attempt 1/3
2025-04-17 12:48:12,639 - sec_monitor - INFO - Timestamp: 2025-04-17 12:48:12
2025-04-17 12:48:30,570 - sec_monitor - INFO - API call successful
2025-04-17 12:49:00,589 - sec_monitor - INFO - ==================================================
2025-04-17 12:49:00,589 - sec_monitor - INFO - Processing middle chunk
2025-04-17 12:49:00,590 - sec_monitor - INFO - Timestamp: 2025-04-17 12:49:00
2025-04-17 12:49:00,915 - sec_monitor - INFO - token percentage = 51%
2025-04-17 12:49:00,915 - sec_monitor - INFO - Making API call - Attempt 1/3
2025-04-17 12:49:00,915 - sec_monitor - INFO - Timestamp: 2025-04-17 12:49:00
2025-04-17 12:49:18,369 - sec_monitor - INFO - API call successful
2025-04-17 12:49:48,381 - sec_monitor - INFO - ==================================================
2025-04-17 12:49:48,382 - sec_monitor - INFO - Processing middle chunk
2025-04-17 12:49:48,382 - sec_monitor - INFO - Timestamp: 2025-04-17 12:49:48
2025-04-17 12:49:48,788 - sec_monitor - INFO - token percentage = 51%
2025-04-17 12:49:48,788 - sec_monitor - INFO - Making API call - Attempt 1/3
2025-04-17 12:49:48,789 - sec_monitor - INFO - Timestamp: 2025-04-17 12:49:48
2025-04-17 12:50:06,593 - sec_monitor - INFO - API call successful
2025-04-17 12:50:36,623 - sec_monitor - INFO - ==================================================
2025-04-17 12:50:36,624 - sec_monitor - INFO - Processing last chunk
2025-04-17 12:50:36,624 - sec_monitor - INFO - Timestamp: 2025-04-17 12:50:36
2025-04-17 12:50:36,929 - sec_monitor - INFO - token percentage = 39%
2025-04-17 12:50:36,929 - sec_monitor - INFO - Making API call - Attempt 1/3
2025-04-17 12:50:36,930 - sec_monitor - INFO - Timestamp: 2025-04-17 12:50:36
2025-04-17 12:50:50,090 - sec_monitor - INFO - API call successful
2025-04-17 12:50:50,091 - sec_monitor - INFO - Making combine API call - Attempt 1/3
2025-04-17 12:50:50,091 - sec_monitor - INFO - Timestamp: 2025-04-17 12:50:50
2025-04-17 12:50:51,194 - sec_monitor - INFO - Combine API call successful
2025-04-17 12:50:52,195 - sec_monitor - INFO - Processing filing 3/3: GIS
2025-04-17 12:51:23,638 - sec_monitor - INFO - ==================================================
2025-04-17 12:51:23,638 - sec_monitor - INFO - Processing first chunk
2025-04-17 12:51:23,638 - sec_monitor - INFO - Timestamp: 2025-04-17 12:51:23
2025-04-17 12:51:24,003 - sec_monitor - INFO - token percentage = 11%
2025-04-17 12:51:24,003 - sec_monitor - INFO - Making API call - Attempt 1/3
2025-04-17 12:51:24,003 - sec_monitor - INFO - Timestamp: 2025-04-17 12:51:24
2025-04-17 12:51:29,423 - sec_monitor - INFO - API call successful
2025-04-17 12:51:30,425 - sec_monitor - INFO - Fetching supplementary data...
2025-04-17 12:51:30,739 - sec_monitor - INFO - filing_tickers type: <class 'list'>
2025-04-17 12:51:30,739 - sec_monitor - INFO - filing_data type: <class 'list'>
2025-04-17 12:51:30,739 - sec_monitor - INFO - Market open: False
2025-04-17 12:51:30,739 - sec_monitor - INFO - Number of filing times mapped: 3
2025-04-17 12:51:30,749 - sec_monitor - INFO - Last trading day: 2025-04-17
2025-04-17 12:51:30,749 - sec_monitor - INFO - Processing ticker: GPN
2025-04-17 12:51:31,078 - sec_monitor - INFO - Number of bars for GPN: 3
2025-04-17 12:51:31,078 - sec_monitor - INFO - Last bar close for GPN: 84.13
2025-04-17 12:51:31,078 - sec_monitor - INFO - Outside market hours price for GPN: 84.13
2025-04-17 12:51:31,078 - sec_monitor - INFO - Processing ticker: FIS
2025-04-17 12:51:31,096 - sec_monitor - INFO - Number of bars for FIS: 3
2025-04-17 12:51:31,096 - sec_monitor - INFO - Last bar close for FIS: 68.6
2025-04-17 12:51:31,096 - sec_monitor - INFO - Outside market hours price for FIS: 68.6
2025-04-17 12:51:31,096 - sec_monitor - INFO - Processing ticker: GIS
2025-04-17 12:51:31,115 - sec_monitor - INFO - Number of bars for GIS: 3
2025-04-17 12:51:31,115 - sec_monitor - INFO - Last bar close for GIS: 56.46
2025-04-17 12:51:31,115 - sec_monitor - INFO - Outside market hours price for GIS: 56.46
2025-04-17 12:51:32,141 - sec_monitor - INFO - Generating final output...
2025-04-17 12:51:32,142 - sec_monitor - INFO - Successfully merged 3 new filings with existing JSON
2025-04-17 12:51:32,142 - sec_monitor - INFO - Cumulative stats - Input words: 1085160, Output words: 1355
2025-04-17 12:51:32,142 - sec_monitor - INFO - Successfully saved/merged output to output/sec_filings.json
2025-04-17 12:51:32,142 - sec_monitor - INFO - Processing complete. Stats: {'input_words': 333904, 'output_words': 236, 'filings_processed': 3}
2025-04-17 13:29:56,932 - sec_monitor - INFO - Starting SEC filing monitor 
2025-04-17 13:29:56,932 - sec_monitor - INFO - Loading S&P 500 data...
2025-04-17 13:29:56,932 - sec_monitor - INFO - Starting S&P 500 data initialization
2025-04-17 13:29:56,933 - sec_monitor - INFO - Successfully loaded 503 S&P 500 tickers
2025-04-17 13:29:56,933 - sec_monitor - INFO - Successfully loaded 503 S&P 500 tickers
2025-04-17 13:29:56,933 - sec_monitor - INFO - Initializing components...
2025-04-17 13:29:56,933 - sec_monitor - INFO - Initializing components
2025-04-17 13:29:56,933 - sec_monitor - INFO - SEC fetcher initialized
2025-04-17 13:29:56,933 - sec_monitor - INFO - Filing analyzer initialized
2025-04-17 13:29:56,934 - sec_monitor - INFO - Alpaca clients initialized
2025-04-17 13:29:56,934 - sec_monitor - INFO - All components initialized successfully
2025-04-17 13:29:56,935 - sec_monitor - INFO - Found JSON file from today
2025-04-17 13:29:56,935 - sec_monitor - INFO - Found 18 previously processed accessions and 18 filing URLs
2025-04-17 13:29:56,935 - sec_monitor - INFO - Found 18 accession numbers and 18 URLs from previously processed filings
2025-04-17 13:29:56,935 - sec_monitor - INFO - Fetching SEC filings...
2025-04-17 13:30:26,098 - sec_monitor - INFO - No more entries found
2025-04-17 13:30:26,098 - sec_monitor - INFO - Completed fetching. Found 83 total filings
2025-04-17 13:30:26,099 - sec_monitor - INFO - Found 1 new interesting filings
2025-04-17 13:30:26,099 - sec_monitor - INFO - Found 1 new filings to process
2025-04-17 13:30:26,099 - sec_monitor - INFO - Processing filing 1/1: GEN
2025-04-17 13:31:00,717 - sec_monitor - INFO - ==================================================
2025-04-17 13:31:00,718 - sec_monitor - INFO - Processing first chunk
2025-04-17 13:31:00,718 - sec_monitor - INFO - Timestamp: 2025-04-17 13:31:00
2025-04-17 13:31:02,846 - sec_monitor - INFO - token percentage = 43%
2025-04-17 13:31:02,846 - sec_monitor - INFO - Making API call - Attempt 1/3
2025-04-17 13:31:02,846 - sec_monitor - INFO - Timestamp: 2025-04-17 13:31:02
2025-04-17 13:31:19,846 - sec_monitor - INFO - API call successful
2025-04-17 13:31:20,847 - sec_monitor - INFO - Fetching supplementary data...
2025-04-17 13:31:21,387 - sec_monitor - INFO - filing_tickers type: <class 'list'>
2025-04-17 13:31:21,387 - sec_monitor - INFO - filing_data type: <class 'list'>
2025-04-17 13:31:21,387 - sec_monitor - INFO - Market open: True
2025-04-17 13:31:21,388 - sec_monitor - INFO - Number of filing times mapped: 1
2025-04-17 13:31:21,409 - sec_monitor - INFO - Last trading day: 2025-04-17
2025-04-17 13:31:21,409 - sec_monitor - INFO - Processing ticker: GEN
2025-04-17 13:31:21,611 - sec_monitor - INFO - Number of bars for GEN: 3
2025-04-17 13:31:21,611 - sec_monitor - INFO - Last bar close for GEN: 24.31
2025-04-17 13:31:21,611 - sec_monitor - INFO - Market open price for GEN: 24.31, change: -1.8768920282542882%
2025-04-17 13:31:22,129 - sec_monitor - INFO - Generating final output...
2025-04-17 13:31:22,130 - sec_monitor - INFO - Successfully merged 1 new filings with existing JSON
2025-04-17 13:31:22,130 - sec_monitor - INFO - Cumulative stats - Input words: 1232361, Output words: 1455
2025-04-17 13:31:22,130 - sec_monitor - INFO - Successfully saved/merged output to output/sec_filings.json
2025-04-17 13:31:22,130 - sec_monitor - INFO - Processing complete. Stats: {'input_words': 147201, 'output_words': 100, 'filings_processed': 1}
2025-04-17 15:20:03,716 - sec_monitor - INFO - Starting SEC filing monitor 
2025-04-17 15:20:03,716 - sec_monitor - INFO - Loading S&P 500 data...
2025-04-17 15:20:03,716 - sec_monitor - INFO - Starting S&P 500 data initialization
2025-04-17 15:20:03,717 - sec_monitor - INFO - Successfully loaded 503 S&P 500 tickers
2025-04-17 15:20:03,717 - sec_monitor - INFO - Successfully loaded 503 S&P 500 tickers
2025-04-17 15:20:03,717 - sec_monitor - INFO - Initializing components...
2025-04-17 15:20:03,717 - sec_monitor - INFO - Initializing components
2025-04-17 15:20:03,717 - sec_monitor - INFO - SEC fetcher initialized
2025-04-17 15:20:03,717 - sec_monitor - INFO - Filing analyzer initialized
2025-04-17 15:20:03,717 - sec_monitor - INFO - Alpaca clients initialized
2025-04-17 15:20:03,717 - sec_monitor - INFO - All components initialized successfully
2025-04-17 15:20:03,718 - sec_monitor - INFO - Found JSON file from today
2025-04-17 15:20:03,719 - sec_monitor - INFO - Found 19 previously processed accessions and 19 filing URLs
2025-04-17 15:20:03,719 - sec_monitor - INFO - Found 19 accession numbers and 19 URLs from previously processed filings
2025-04-17 15:20:03,719 - sec_monitor - INFO - Fetching SEC filings...
2025-04-17 15:20:48,040 - sec_monitor - INFO - No more entries found
2025-04-17 15:20:48,040 - sec_monitor - INFO - Completed fetching. Found 371 total filings
2025-04-17 15:20:48,040 - sec_monitor - INFO - Found 3 new interesting filings
2025-04-17 15:20:48,040 - sec_monitor - INFO - Found 3 new filings to process
2025-04-17 15:20:48,040 - sec_monitor - INFO - Processing filing 1/3: SNA
2025-04-17 15:21:50,027 - sec_monitor - INFO - ==================================================
2025-04-17 15:21:50,028 - sec_monitor - INFO - Processing first chunk
2025-04-17 15:21:50,028 - sec_monitor - INFO - Timestamp: 2025-04-17 15:21:50
2025-04-17 15:21:51,981 - sec_monitor - INFO - token percentage = 43%
2025-04-17 15:21:51,981 - sec_monitor - INFO - Making API call - Attempt 1/3
2025-04-17 15:21:51,981 - sec_monitor - INFO - Timestamp: 2025-04-17 15:21:51
2025-04-17 15:22:09,626 - sec_monitor - INFO - API call successful
2025-04-17 15:22:39,656 - sec_monitor - INFO - ==================================================
2025-04-17 15:22:39,656 - sec_monitor - INFO - Processing middle chunk
2025-04-17 15:22:39,657 - sec_monitor - INFO - Timestamp: 2025-04-17 15:22:39
2025-04-17 15:22:40,872 - sec_monitor - INFO - token percentage = 51%
2025-04-17 15:22:40,872 - sec_monitor - INFO - Making API call - Attempt 1/3
2025-04-17 15:22:40,873 - sec_monitor - INFO - Timestamp: 2025-04-17 15:22:40
2025-04-17 15:22:59,831 - sec_monitor - INFO - API call successful
2025-04-17 15:23:29,860 - sec_monitor - INFO - ==================================================
2025-04-17 15:23:29,860 - sec_monitor - INFO - Processing middle chunk
2025-04-17 15:23:29,860 - sec_monitor - INFO - Timestamp: 2025-04-17 15:23:29
2025-04-17 15:23:31,018 - sec_monitor - INFO - token percentage = 58%
2025-04-17 15:23:31,018 - sec_monitor - INFO - Making API call - Attempt 1/3
2025-04-17 15:23:31,018 - sec_monitor - INFO - Timestamp: 2025-04-17 15:23:31
2025-04-17 15:23:52,834 - sec_monitor - INFO - API call successful
2025-04-17 15:24:22,864 - sec_monitor - INFO - ==================================================
2025-04-17 15:24:22,864 - sec_monitor - INFO - Processing last chunk
2025-04-17 15:24:22,864 - sec_monitor - INFO - Timestamp: 2025-04-17 15:24:22
2025-04-17 15:24:23,894 - sec_monitor - INFO - token percentage = 29%
2025-04-17 15:24:23,895 - sec_monitor - INFO - Making API call - Attempt 1/3
2025-04-17 15:24:23,895 - sec_monitor - INFO - Timestamp: 2025-04-17 15:24:23
2025-04-17 15:24:34,758 - sec_monitor - INFO - API call successful
2025-04-17 15:24:34,758 - sec_monitor - INFO - Making combine API call - Attempt 1/3
2025-04-17 15:24:34,758 - sec_monitor - INFO - Timestamp: 2025-04-17 15:24:34
2025-04-17 15:24:35,811 - sec_monitor - INFO - Combine API call successful
2025-04-17 15:24:36,812 - sec_monitor - INFO - Processing filing 2/3: LMT
2025-04-17 15:25:07,699 - sec_monitor - INFO - ==================================================
2025-04-17 15:25:07,700 - sec_monitor - INFO - Processing first chunk
2025-04-17 15:25:07,700 - sec_monitor - INFO - Timestamp: 2025-04-17 15:25:07
2025-04-17 15:25:07,853 - sec_monitor - INFO - token percentage = 4%
2025-04-17 15:25:07,853 - sec_monitor - INFO - Making API call - Attempt 1/3
2025-04-17 15:25:07,853 - sec_monitor - INFO - Timestamp: 2025-04-17 15:25:07
2025-04-17 15:25:11,545 - sec_monitor - INFO - API call successful
2025-04-17 15:25:12,546 - sec_monitor - INFO - Processing filing 3/3: ELV
2025-04-17 15:25:43,064 - sec_monitor - INFO - ==================================================
2025-04-17 15:25:43,064 - sec_monitor - INFO - Processing first chunk
2025-04-17 15:25:43,065 - sec_monitor - INFO - Timestamp: 2025-04-17 15:25:43
2025-04-17 15:25:43,217 - sec_monitor - INFO - token percentage = 3%
2025-04-17 15:25:43,217 - sec_monitor - INFO - Making API call - Attempt 1/3
2025-04-17 15:25:43,217 - sec_monitor - INFO - Timestamp: 2025-04-17 15:25:43
2025-04-17 15:25:45,127 - sec_monitor - INFO - API call successful
2025-04-17 15:25:46,129 - sec_monitor - INFO - Fetching supplementary data...
2025-04-17 15:25:47,328 - sec_monitor - INFO - filing_tickers type: <class 'list'>
2025-04-17 15:25:47,328 - sec_monitor - INFO - filing_data type: <class 'list'>
2025-04-17 15:25:47,328 - sec_monitor - INFO - Market open: True
2025-04-17 15:25:47,328 - sec_monitor - INFO - Number of filing times mapped: 3
2025-04-17 15:25:47,398 - sec_monitor - INFO - Last trading day: 2025-04-17
2025-04-17 15:25:47,398 - sec_monitor - INFO - Processing ticker: SNA
2025-04-17 15:25:47,664 - sec_monitor - INFO - Number of bars for SNA: 3
2025-04-17 15:25:47,664 - sec_monitor - INFO - Last bar close for SNA: 332.32
2025-04-17 15:25:47,665 - sec_monitor - INFO - Market open price for SNA: 332.32, change: -1.4384435151407369%
2025-04-17 15:25:47,665 - sec_monitor - INFO - Processing ticker: LMT
2025-04-17 15:25:47,748 - sec_monitor - INFO - Number of bars for LMT: 3
2025-04-17 15:25:47,748 - sec_monitor - INFO - Last bar close for LMT: 476.92
2025-04-17 15:25:47,748 - sec_monitor - INFO - Market open price for LMT: 476.92, change: 1.6377721184481129%
2025-04-17 15:25:47,748 - sec_monitor - INFO - Processing ticker: ELV
2025-04-17 15:25:47,817 - sec_monitor - INFO - Number of bars for ELV: 3
2025-04-17 15:25:47,817 - sec_monitor - INFO - Last bar close for ELV: 434.82
2025-04-17 15:25:47,817 - sec_monitor - INFO - Market open price for ELV: 434.82, change: -0.7169604530094043%
2025-04-17 15:25:48,981 - sec_monitor - INFO - Generating final output...
2025-04-17 15:25:48,982 - sec_monitor - INFO - Successfully merged 3 new filings with existing JSON
2025-04-17 15:25:48,982 - sec_monitor - INFO - Cumulative stats - Input words: 1487144, Output words: 1681
2025-04-17 15:25:48,982 - sec_monitor - INFO - Successfully saved/merged output to output/sec_filings.json
2025-04-17 15:25:48,983 - sec_monitor - INFO - Processing complete. Stats: {'input_words': 254783, 'output_words': 226, 'filings_processed': 3}
2025-04-17 18:21:38,354 - sec_monitor - INFO - Starting SEC filing monitor 
2025-04-17 18:21:38,354 - sec_monitor - INFO - Loading S&P 500 data...
2025-04-17 18:21:38,354 - sec_monitor - INFO - Starting S&P 500 data initialization
2025-04-17 18:21:38,354 - sec_monitor - INFO - Successfully loaded 503 S&P 500 tickers
2025-04-17 18:21:38,354 - sec_monitor - INFO - Successfully loaded 503 S&P 500 tickers
2025-04-17 18:21:38,354 - sec_monitor - INFO - Initializing components...
2025-04-17 18:21:38,355 - sec_monitor - INFO - Initializing components
2025-04-17 18:21:38,355 - sec_monitor - INFO - SEC fetcher initialized
2025-04-17 18:21:38,355 - sec_monitor - INFO - Filing analyzer initialized
2025-04-17 18:21:38,355 - sec_monitor - INFO - Alpaca clients initialized
2025-04-17 18:21:38,355 - sec_monitor - INFO - All components initialized successfully
2025-04-17 18:21:38,356 - sec_monitor - INFO - Found JSON file from today
2025-04-17 18:21:38,356 - sec_monitor - INFO - Found 22 previously processed accessions and 22 filing URLs
2025-04-17 18:21:38,357 - sec_monitor - INFO - Found 22 accession numbers and 22 URLs from previously processed filings
2025-04-17 18:21:38,357 - sec_monitor - INFO - Fetching SEC filings...
2025-04-17 18:22:07,347 - sec_monitor - INFO - No more entries found
2025-04-17 18:22:07,347 - sec_monitor - INFO - Completed fetching. Found 351 total filings
2025-04-17 18:22:07,347 - sec_monitor - INFO - Found 1 new interesting filings
2025-04-17 18:22:07,348 - sec_monitor - INFO - Found 1 new filings to process
2025-04-17 18:22:07,348 - sec_monitor - INFO - Processing filing 1/1: DHI
2025-04-17 18:22:38,511 - sec_monitor - INFO - ==================================================
2025-04-17 18:22:38,512 - sec_monitor - INFO - Processing first chunk
2025-04-17 18:22:38,512 - sec_monitor - INFO - Timestamp: 2025-04-17 18:22:38
2025-04-17 18:22:38,714 - sec_monitor - INFO - token percentage = 6%
2025-04-17 18:22:38,714 - sec_monitor - INFO - Making API call - Attempt 1/3
2025-04-17 18:22:38,714 - sec_monitor - INFO - Timestamp: 2025-04-17 18:22:38
2025-04-17 18:22:42,531 - sec_monitor - INFO - API call successful
2025-04-17 18:22:43,532 - sec_monitor - INFO - Fetching supplementary data...
2025-04-17 18:22:44,101 - sec_monitor - INFO - filing_tickers type: <class 'list'>
2025-04-17 18:22:44,101 - sec_monitor - INFO - filing_data type: <class 'list'>
2025-04-17 18:22:44,101 - sec_monitor - INFO - Market open: True
2025-04-17 18:22:44,101 - sec_monitor - INFO - Number of filing times mapped: 1
2025-04-17 18:22:44,174 - sec_monitor - INFO - Last trading day: 2025-04-17
2025-04-17 18:22:44,174 - sec_monitor - INFO - Processing ticker: DHI
2025-04-17 18:22:44,829 - sec_monitor - INFO - Number of bars for DHI: 3
2025-04-17 18:22:44,829 - sec_monitor - INFO - Last bar close for DHI: 117.57
2025-04-17 18:22:44,829 - sec_monitor - INFO - Market open price for DHI: 117.57, change: -1.869626909273023%
2025-04-17 18:22:45,400 - sec_monitor - INFO - Generating final output...
2025-04-17 18:22:45,401 - sec_monitor - INFO - Successfully merged 1 new filings with existing JSON
2025-04-17 18:22:45,401 - sec_monitor - INFO - Cumulative stats - Input words: 1496267, Output words: 1762
2025-04-17 18:22:45,402 - sec_monitor - INFO - Successfully saved/merged output to output/sec_filings.json
2025-04-17 18:22:45,402 - sec_monitor - INFO - Processing complete. Stats: {'input_words': 9123, 'output_words': 81, 'filings_processed': 1}
2025-04-17 21:11:12,595 - sec_monitor - INFO - Starting SEC filing monitor 
2025-04-17 21:11:12,595 - sec_monitor - INFO - Loading S&P 500 data...
2025-04-17 21:11:12,595 - sec_monitor - INFO - Starting S&P 500 data initialization
2025-04-17 21:11:12,595 - sec_monitor - INFO - Successfully loaded 503 S&P 500 tickers
2025-04-17 21:11:12,595 - sec_monitor - INFO - Successfully loaded 503 S&P 500 tickers
2025-04-17 21:11:12,596 - sec_monitor - INFO - Initializing components...
2025-04-17 21:11:12,596 - sec_monitor - INFO - Initializing components
2025-04-17 21:11:12,596 - sec_monitor - INFO - SEC fetcher initialized
2025-04-17 21:11:12,596 - sec_monitor - INFO - Filing analyzer initialized
2025-04-17 21:11:12,596 - sec_monitor - INFO - Alpaca clients initialized
2025-04-17 21:11:12,596 - sec_monitor - INFO - All components initialized successfully
2025-04-17 21:11:12,597 - sec_monitor - INFO - Found JSON file from today
2025-04-17 21:11:12,598 - sec_monitor - INFO - Found 23 previously processed accessions and 23 filing URLs
2025-04-17 21:11:12,598 - sec_monitor - INFO - Found 23 accession numbers and 23 URLs from previously processed filings
2025-04-17 21:11:12,598 - sec_monitor - INFO - Fetching SEC filings...
2025-04-17 21:11:27,657 - sec_monitor - INFO - No more entries found
2025-04-17 21:11:27,657 - sec_monitor - INFO - Completed fetching. Found 109 total filings
2025-04-17 21:11:27,657 - sec_monitor - INFO - Found 9 new interesting filings
2025-04-17 21:11:27,657 - sec_monitor - INFO - Found 9 new filings to process
2025-04-17 21:11:27,657 - sec_monitor - INFO - Processing filing 1/9: HPQ
2025-04-17 21:11:58,295 - sec_monitor - INFO - ==================================================
2025-04-17 21:11:58,295 - sec_monitor - INFO - Processing first chunk
2025-04-17 21:11:58,296 - sec_monitor - INFO - Timestamp: 2025-04-17 21:11:58
2025-04-17 21:11:58,445 - sec_monitor - INFO - token percentage = 3%
2025-04-17 21:11:58,445 - sec_monitor - INFO - Making API call - Attempt 1/3
2025-04-17 21:11:58,445 - sec_monitor - INFO - Timestamp: 2025-04-17 21:11:58
2025-04-17 21:12:00,261 - sec_monitor - INFO - API call successful
2025-04-17 21:12:01,262 - sec_monitor - INFO - Processing filing 2/9: MNST
2025-04-17 21:12:31,744 - sec_monitor - INFO - ==================================================
2025-04-17 21:12:31,744 - sec_monitor - INFO - Processing first chunk
2025-04-17 21:12:31,744 - sec_monitor - INFO - Timestamp: 2025-04-17 21:12:31
2025-04-17 21:12:31,907 - sec_monitor - INFO - token percentage = 3%
2025-04-17 21:12:31,907 - sec_monitor - INFO - Making API call - Attempt 1/3
2025-04-17 21:12:31,907 - sec_monitor - INFO - Timestamp: 2025-04-17 21:12:31
2025-04-17 21:12:33,476 - sec_monitor - INFO - API call successful
2025-04-17 21:12:34,477 - sec_monitor - INFO - Processing filing 3/9: INTC
2025-04-17 21:13:04,991 - sec_monitor - INFO - ==================================================
2025-04-17 21:13:04,991 - sec_monitor - INFO - Processing first chunk
2025-04-17 21:13:04,991 - sec_monitor - INFO - Timestamp: 2025-04-17 21:13:04
2025-04-17 21:13:05,164 - sec_monitor - INFO - token percentage = 4%
2025-04-17 21:13:05,164 - sec_monitor - INFO - Making API call - Attempt 1/3
2025-04-17 21:13:05,165 - sec_monitor - INFO - Timestamp: 2025-04-17 21:13:05
2025-04-17 21:13:08,702 - sec_monitor - INFO - API call successful
2025-04-17 21:13:09,703 - sec_monitor - INFO - Processing filing 4/9: MHK
2025-04-17 21:21:40,292 - sec_monitor - INFO - ==================================================
2025-04-17 21:21:40,292 - sec_monitor - INFO - Processing first chunk
2025-04-17 21:21:40,292 - sec_monitor - INFO - Timestamp: 2025-04-17 21:21:40
2025-04-17 21:21:41,164 - sec_monitor - INFO - token percentage = 37%
2025-04-17 21:21:41,164 - sec_monitor - INFO - Making API call - Attempt 1/3
2025-04-17 21:21:41,164 - sec_monitor - INFO - Timestamp: 2025-04-17 21:21:41
2025-04-17 21:21:54,960 - sec_monitor - INFO - API call successful
2025-04-17 21:22:24,964 - sec_monitor - INFO - ==================================================
2025-04-17 21:22:24,964 - sec_monitor - INFO - Processing middle chunk
2025-04-17 21:22:24,964 - sec_monitor - INFO - Timestamp: 2025-04-17 21:22:24
2025-04-17 21:22:25,441 - sec_monitor - INFO - token percentage = 50%
2025-04-17 21:22:25,441 - sec_monitor - INFO - Making API call - Attempt 1/3
2025-04-17 21:22:25,441 - sec_monitor - INFO - Timestamp: 2025-04-17 21:22:25
2025-04-17 21:22:43,019 - sec_monitor - INFO - API call successful
2025-04-17 21:23:13,040 - sec_monitor - INFO - ==================================================
2025-04-17 21:23:13,040 - sec_monitor - INFO - Processing middle chunk
2025-04-17 21:23:13,040 - sec_monitor - INFO - Timestamp: 2025-04-17 21:23:13
2025-04-17 21:23:13,448 - sec_monitor - INFO - token percentage = 50%
2025-04-17 21:23:13,448 - sec_monitor - INFO - Making API call - Attempt 1/3
2025-04-17 21:23:13,448 - sec_monitor - INFO - Timestamp: 2025-04-17 21:23:13
2025-04-17 21:23:31,828 - sec_monitor - INFO - API call successful
2025-04-17 21:24:01,858 - sec_monitor - INFO - ==================================================
2025-04-17 21:24:01,858 - sec_monitor - INFO - Processing middle chunk
2025-04-17 21:24:01,858 - sec_monitor - INFO - Timestamp: 2025-04-17 21:24:01
2025-04-17 21:24:02,309 - sec_monitor - INFO - token percentage = 50%
2025-04-17 21:24:02,309 - sec_monitor - INFO - Making API call - Attempt 1/3
2025-04-17 21:24:02,309 - sec_monitor - INFO - Timestamp: 2025-04-17 21:24:02
2025-04-17 21:24:23,264 - sec_monitor - INFO - API call successful
2025-04-17 21:24:53,294 - sec_monitor - INFO - ==================================================
2025-04-17 21:24:53,295 - sec_monitor - INFO - Processing middle chunk
2025-04-17 21:24:53,295 - sec_monitor - INFO - Timestamp: 2025-04-17 21:24:53
2025-04-17 21:24:53,694 - sec_monitor - INFO - token percentage = 50%
2025-04-17 21:24:53,694 - sec_monitor - INFO - Making API call - Attempt 1/3
2025-04-17 21:24:53,694 - sec_monitor - INFO - Timestamp: 2025-04-17 21:24:53
2025-04-17 21:25:11,259 - sec_monitor - INFO - API call successful
2025-04-17 21:25:41,276 - sec_monitor - INFO - ==================================================
2025-04-17 21:25:41,276 - sec_monitor - INFO - Processing middle chunk
2025-04-17 21:25:41,276 - sec_monitor - INFO - Timestamp: 2025-04-17 21:25:41
2025-04-17 21:25:41,815 - sec_monitor - INFO - token percentage = 51%
2025-04-17 21:25:41,815 - sec_monitor - INFO - Making API call - Attempt 1/3
2025-04-17 21:25:41,815 - sec_monitor - INFO - Timestamp: 2025-04-17 21:25:41
2025-04-17 21:25:59,625 - sec_monitor - INFO - API call successful
2025-04-17 21:26:29,655 - sec_monitor - INFO - ==================================================
2025-04-17 21:26:29,655 - sec_monitor - INFO - Processing middle chunk
2025-04-17 21:26:29,656 - sec_monitor - INFO - Timestamp: 2025-04-17 21:26:29
2025-04-17 21:26:30,120 - sec_monitor - INFO - token percentage = 50%
2025-04-17 21:26:30,120 - sec_monitor - INFO - Making API call - Attempt 1/3
2025-04-17 21:26:30,121 - sec_monitor - INFO - Timestamp: 2025-04-17 21:26:30
2025-04-17 21:26:47,785 - sec_monitor - INFO - API call successful
2025-04-17 21:27:17,815 - sec_monitor - INFO - ==================================================
2025-04-17 21:27:17,815 - sec_monitor - INFO - Processing middle chunk
2025-04-17 21:27:17,816 - sec_monitor - INFO - Timestamp: 2025-04-17 21:27:17
2025-04-17 21:27:18,296 - sec_monitor - INFO - token percentage = 50%
2025-04-17 21:27:18,296 - sec_monitor - INFO - Making API call - Attempt 1/3
2025-04-17 21:27:18,296 - sec_monitor - INFO - Timestamp: 2025-04-17 21:27:18
2025-04-17 21:27:36,199 - sec_monitor - INFO - API call successful
2025-04-17 21:28:06,230 - sec_monitor - INFO - ==================================================
2025-04-17 21:28:06,230 - sec_monitor - INFO - Processing middle chunk
2025-04-17 21:28:06,230 - sec_monitor - INFO - Timestamp: 2025-04-17 21:28:06
2025-04-17 21:28:06,658 - sec_monitor - INFO - token percentage = 50%
2025-04-17 21:28:06,658 - sec_monitor - INFO - Making API call - Attempt 1/3
2025-04-17 21:28:06,658 - sec_monitor - INFO - Timestamp: 2025-04-17 21:28:06
2025-04-17 21:28:24,742 - sec_monitor - INFO - API call successful
2025-04-17 21:28:54,748 - sec_monitor - INFO - ==================================================
2025-04-17 21:28:54,748 - sec_monitor - INFO - Processing middle chunk
2025-04-17 21:28:54,748 - sec_monitor - INFO - Timestamp: 2025-04-17 21:28:54
2025-04-17 21:28:55,222 - sec_monitor - INFO - token percentage = 51%
2025-04-17 21:28:55,222 - sec_monitor - INFO - Making API call - Attempt 1/3
2025-04-17 21:28:55,222 - sec_monitor - INFO - Timestamp: 2025-04-17 21:28:55
2025-04-17 21:29:13,180 - sec_monitor - INFO - API call successful
2025-04-17 21:29:43,210 - sec_monitor - INFO - ==================================================
2025-04-17 21:29:43,210 - sec_monitor - INFO - Processing middle chunk
2025-04-17 21:29:43,211 - sec_monitor - INFO - Timestamp: 2025-04-17 21:29:43
2025-04-17 21:29:43,739 - sec_monitor - INFO - token percentage = 51%
2025-04-17 21:29:43,739 - sec_monitor - INFO - Making API call - Attempt 1/3
2025-04-17 21:29:43,739 - sec_monitor - INFO - Timestamp: 2025-04-17 21:29:43
2025-04-17 21:30:01,797 - sec_monitor - INFO - API call successful
2025-04-17 21:30:31,827 - sec_monitor - INFO - ==================================================
2025-04-17 21:30:31,828 - sec_monitor - INFO - Processing middle chunk
2025-04-17 21:30:31,828 - sec_monitor - INFO - Timestamp: 2025-04-17 21:30:31
2025-04-17 21:30:32,277 - sec_monitor - INFO - token percentage = 50%
2025-04-17 21:30:32,277 - sec_monitor - INFO - Making API call - Attempt 1/3
2025-04-17 21:30:32,277 - sec_monitor - INFO - Timestamp: 2025-04-17 21:30:32
2025-04-17 21:30:50,219 - sec_monitor - INFO - API call successful
2025-04-17 21:31:20,249 - sec_monitor - INFO - ==================================================
2025-04-17 21:31:20,250 - sec_monitor - INFO - Processing middle chunk
2025-04-17 21:31:20,250 - sec_monitor - INFO - Timestamp: 2025-04-17 21:31:20
2025-04-17 21:31:20,822 - sec_monitor - INFO - token percentage = 51%
2025-04-17 21:31:20,823 - sec_monitor - INFO - Making API call - Attempt 1/3
2025-04-17 21:31:20,823 - sec_monitor - INFO - Timestamp: 2025-04-17 21:31:20
2025-04-17 21:31:38,688 - sec_monitor - INFO - API call successful
2025-04-17 21:32:08,719 - sec_monitor - INFO - ==================================================
2025-04-17 21:32:08,719 - sec_monitor - INFO - Processing middle chunk
2025-04-17 21:32:08,719 - sec_monitor - INFO - Timestamp: 2025-04-17 21:32:08
2025-04-17 21:32:09,091 - sec_monitor - INFO - token percentage = 50%
2025-04-17 21:32:09,091 - sec_monitor - INFO - Making API call - Attempt 1/3
2025-04-17 21:32:09,091 - sec_monitor - INFO - Timestamp: 2025-04-17 21:32:09
2025-04-17 21:32:26,799 - sec_monitor - INFO - API call successful
2025-04-17 21:32:56,829 - sec_monitor - INFO - ==================================================
2025-04-17 21:32:56,829 - sec_monitor - INFO - Processing middle chunk
2025-04-17 21:32:56,829 - sec_monitor - INFO - Timestamp: 2025-04-17 21:32:56
2025-04-17 21:32:57,256 - sec_monitor - INFO - token percentage = 49%
2025-04-17 21:32:57,257 - sec_monitor - INFO - Making API call - Attempt 1/3
2025-04-17 21:32:57,257 - sec_monitor - INFO - Timestamp: 2025-04-17 21:32:57
2025-04-17 21:33:14,701 - sec_monitor - INFO - API call successful
2025-04-17 21:33:44,718 - sec_monitor - INFO - ==================================================
2025-04-17 21:33:44,718 - sec_monitor - INFO - Processing middle chunk
2025-04-17 21:33:44,718 - sec_monitor - INFO - Timestamp: 2025-04-17 21:33:44
2025-04-17 21:33:45,243 - sec_monitor - INFO - token percentage = 51%
2025-04-17 21:33:45,243 - sec_monitor - INFO - Making API call - Attempt 1/3
2025-04-17 21:33:45,243 - sec_monitor - INFO - Timestamp: 2025-04-17 21:33:45
2025-04-17 21:34:03,211 - sec_monitor - INFO - API call successful
2025-04-17 21:34:33,220 - sec_monitor - INFO - ==================================================
2025-04-17 21:34:33,220 - sec_monitor - INFO - Processing middle chunk
2025-04-17 21:34:33,220 - sec_monitor - INFO - Timestamp: 2025-04-17 21:34:33
2025-04-17 21:34:33,577 - sec_monitor - INFO - token percentage = 51%
2025-04-17 21:34:33,577 - sec_monitor - INFO - Making API call - Attempt 1/3
2025-04-17 21:34:33,577 - sec_monitor - INFO - Timestamp: 2025-04-17 21:34:33
2025-04-17 21:34:51,325 - sec_monitor - INFO - API call successful
2025-04-17 21:35:21,348 - sec_monitor - INFO - ==================================================
2025-04-17 21:35:21,348 - sec_monitor - INFO - Processing middle chunk
2025-04-17 21:35:21,348 - sec_monitor - INFO - Timestamp: 2025-04-17 21:35:21
2025-04-17 21:35:21,785 - sec_monitor - INFO - token percentage = 50%
2025-04-17 21:35:21,786 - sec_monitor - INFO - Making API call - Attempt 1/3
2025-04-17 21:35:21,786 - sec_monitor - INFO - Timestamp: 2025-04-17 21:35:21
2025-04-17 21:35:40,598 - sec_monitor - INFO - API call successful
2025-04-17 21:36:10,628 - sec_monitor - INFO - ==================================================
2025-04-17 21:36:10,628 - sec_monitor - INFO - Processing middle chunk
2025-04-17 21:36:10,628 - sec_monitor - INFO - Timestamp: 2025-04-17 21:36:10
2025-04-17 21:36:11,186 - sec_monitor - INFO - token percentage = 51%
2025-04-17 21:36:11,186 - sec_monitor - INFO - Making API call - Attempt 1/3
2025-04-17 21:36:11,186 - sec_monitor - INFO - Timestamp: 2025-04-17 21:36:11
2025-04-17 21:36:29,232 - sec_monitor - INFO - API call successful
2025-04-17 21:36:59,259 - sec_monitor - INFO - ==================================================
2025-04-17 21:36:59,259 - sec_monitor - INFO - Processing middle chunk
2025-04-17 21:36:59,259 - sec_monitor - INFO - Timestamp: 2025-04-17 21:36:59
2025-04-17 21:36:59,790 - sec_monitor - INFO - token percentage = 51%
2025-04-17 21:36:59,790 - sec_monitor - INFO - Making API call - Attempt 1/3
2025-04-17 21:36:59,790 - sec_monitor - INFO - Timestamp: 2025-04-17 21:36:59
2025-04-17 21:37:18,389 - sec_monitor - INFO - API call successful
2025-04-17 21:37:48,419 - sec_monitor - INFO - ==================================================
2025-04-17 21:37:48,419 - sec_monitor - INFO - Processing middle chunk
2025-04-17 21:37:48,420 - sec_monitor - INFO - Timestamp: 2025-04-17 21:37:48
2025-04-17 21:37:48,896 - sec_monitor - INFO - token percentage = 49%
2025-04-17 21:37:48,896 - sec_monitor - INFO - Making API call - Attempt 1/3
2025-04-17 21:37:48,896 - sec_monitor - INFO - Timestamp: 2025-04-17 21:37:48
2025-04-17 21:38:06,856 - sec_monitor - INFO - API call successful
2025-04-17 21:38:36,868 - sec_monitor - INFO - ==================================================
2025-04-17 21:38:36,868 - sec_monitor - INFO - Processing middle chunk
2025-04-17 21:38:36,868 - sec_monitor - INFO - Timestamp: 2025-04-17 21:38:36
2025-04-17 21:38:37,342 - sec_monitor - INFO - token percentage = 51%
2025-04-17 21:38:37,343 - sec_monitor - INFO - Making API call - Attempt 1/3
2025-04-17 21:38:37,343 - sec_monitor - INFO - Timestamp: 2025-04-17 21:38:37
2025-04-17 21:38:55,184 - sec_monitor - INFO - API call successful
2025-04-17 21:39:25,214 - sec_monitor - INFO - ==================================================
2025-04-17 21:39:25,214 - sec_monitor - INFO - Processing middle chunk
2025-04-17 21:39:25,214 - sec_monitor - INFO - Timestamp: 2025-04-17 21:39:25
2025-04-17 21:39:25,798 - sec_monitor - INFO - token percentage = 50%
2025-04-17 21:39:25,798 - sec_monitor - INFO - Making API call - Attempt 1/3
2025-04-17 21:39:25,798 - sec_monitor - INFO - Timestamp: 2025-04-17 21:39:25
2025-04-17 21:39:43,652 - sec_monitor - INFO - API call successful
2025-04-17 21:40:13,664 - sec_monitor - INFO - ==================================================
2025-04-17 21:40:13,664 - sec_monitor - INFO - Processing middle chunk
2025-04-17 21:40:13,664 - sec_monitor - INFO - Timestamp: 2025-04-17 21:40:13
2025-04-17 21:40:14,166 - sec_monitor - INFO - token percentage = 50%
2025-04-17 21:40:14,166 - sec_monitor - INFO - Making API call - Attempt 1/3
2025-04-17 21:40:14,166 - sec_monitor - INFO - Timestamp: 2025-04-17 21:40:14
2025-04-17 21:40:31,992 - sec_monitor - INFO - API call successful
2025-04-17 21:41:01,996 - sec_monitor - INFO - ==================================================
2025-04-17 21:41:01,996 - sec_monitor - INFO - Processing middle chunk
2025-04-17 21:41:01,996 - sec_monitor - INFO - Timestamp: 2025-04-17 21:41:01
2025-04-17 21:41:02,374 - sec_monitor - INFO - token percentage = 51%
2025-04-17 21:41:02,375 - sec_monitor - INFO - Making API call - Attempt 1/3
2025-04-17 21:41:02,375 - sec_monitor - INFO - Timestamp: 2025-04-17 21:41:02
2025-04-17 21:41:20,469 - sec_monitor - INFO - API call successful
2025-04-17 21:41:50,499 - sec_monitor - INFO - ==================================================
2025-04-17 21:41:50,499 - sec_monitor - INFO - Processing middle chunk
2025-04-17 21:41:50,499 - sec_monitor - INFO - Timestamp: 2025-04-17 21:41:50
2025-04-17 21:41:50,909 - sec_monitor - INFO - token percentage = 50%
2025-04-17 21:41:50,910 - sec_monitor - INFO - Making API call - Attempt 1/3
2025-04-17 21:41:50,910 - sec_monitor - INFO - Timestamp: 2025-04-17 21:41:50
2025-04-17 21:42:09,245 - sec_monitor - INFO - API call successful
2025-04-17 21:42:39,263 - sec_monitor - INFO - ==================================================
2025-04-17 21:42:39,263 - sec_monitor - INFO - Processing middle chunk
2025-04-17 21:42:39,263 - sec_monitor - INFO - Timestamp: 2025-04-17 21:42:39
2025-04-17 21:42:39,730 - sec_monitor - INFO - token percentage = 51%
2025-04-17 21:42:39,730 - sec_monitor - INFO - Making API call - Attempt 1/3
2025-04-17 21:42:39,731 - sec_monitor - INFO - Timestamp: 2025-04-17 21:42:39
2025-04-17 21:42:57,720 - sec_monitor - INFO - API call successful
2025-04-17 21:43:27,748 - sec_monitor - INFO - ==================================================
2025-04-17 21:43:27,748 - sec_monitor - INFO - Processing middle chunk
2025-04-17 21:43:27,748 - sec_monitor - INFO - Timestamp: 2025-04-17 21:43:27
2025-04-17 21:43:28,094 - sec_monitor - INFO - token percentage = 49%
2025-04-17 21:43:28,094 - sec_monitor - INFO - Making API call - Attempt 1/3
2025-04-17 21:43:28,094 - sec_monitor - INFO - Timestamp: 2025-04-17 21:43:28
2025-04-17 21:43:44,931 - sec_monitor - INFO - API call successful
2025-04-17 21:44:14,938 - sec_monitor - INFO - ==================================================
2025-04-17 21:44:14,938 - sec_monitor - INFO - Processing middle chunk
2025-04-17 21:44:14,938 - sec_monitor - INFO - Timestamp: 2025-04-17 21:44:14
2025-04-17 21:44:15,429 - sec_monitor - INFO - token percentage = 49%
2025-04-17 21:44:15,430 - sec_monitor - INFO - Making API call - Attempt 1/3
2025-04-17 21:44:15,430 - sec_monitor - INFO - Timestamp: 2025-04-17 21:44:15
2025-04-17 21:44:32,351 - sec_monitor - INFO - API call successful
2025-04-17 21:45:02,382 - sec_monitor - INFO - ==================================================
2025-04-17 21:45:02,382 - sec_monitor - INFO - Processing middle chunk
2025-04-17 21:45:02,382 - sec_monitor - INFO - Timestamp: 2025-04-17 21:45:02
2025-04-17 21:45:02,719 - sec_monitor - INFO - token percentage = 50%
2025-04-17 21:45:02,719 - sec_monitor - INFO - Making API call - Attempt 1/3
2025-04-17 21:45:02,719 - sec_monitor - INFO - Timestamp: 2025-04-17 21:45:02
2025-04-17 21:45:19,402 - sec_monitor - INFO - API call successful
2025-04-17 21:45:49,433 - sec_monitor - INFO - ==================================================
2025-04-17 21:45:49,433 - sec_monitor - INFO - Processing middle chunk
2025-04-17 21:45:49,433 - sec_monitor - INFO - Timestamp: 2025-04-17 21:45:49
2025-04-17 21:45:49,764 - sec_monitor - INFO - token percentage = 49%
2025-04-17 21:45:49,764 - sec_monitor - INFO - Making API call - Attempt 1/3
2025-04-17 21:45:49,765 - sec_monitor - INFO - Timestamp: 2025-04-17 21:45:49
2025-04-17 21:46:05,771 - sec_monitor - INFO - API call successful
2025-04-17 21:46:35,798 - sec_monitor - INFO - ==================================================
2025-04-17 21:46:35,799 - sec_monitor - INFO - Processing middle chunk
2025-04-17 21:46:35,799 - sec_monitor - INFO - Timestamp: 2025-04-17 21:46:35
2025-04-17 21:46:36,167 - sec_monitor - INFO - token percentage = 50%
2025-04-17 21:46:36,168 - sec_monitor - INFO - Making API call - Attempt 1/3
2025-04-17 21:46:36,168 - sec_monitor - INFO - Timestamp: 2025-04-17 21:46:36
2025-04-17 21:46:54,207 - sec_monitor - INFO - API call successful
2025-04-17 21:47:24,237 - sec_monitor - INFO - ==================================================
2025-04-17 21:47:24,237 - sec_monitor - INFO - Processing middle chunk
2025-04-17 21:47:24,237 - sec_monitor - INFO - Timestamp: 2025-04-17 21:47:24
2025-04-17 21:47:24,605 - sec_monitor - INFO - token percentage = 51%
2025-04-17 21:47:24,606 - sec_monitor - INFO - Making API call - Attempt 1/3
2025-04-17 21:47:24,606 - sec_monitor - INFO - Timestamp: 2025-04-17 21:47:24
2025-04-17 21:47:42,137 - sec_monitor - INFO - API call successful
2025-04-17 21:48:12,164 - sec_monitor - INFO - ==================================================
2025-04-17 21:48:12,164 - sec_monitor - INFO - Processing middle chunk
2025-04-17 21:48:12,164 - sec_monitor - INFO - Timestamp: 2025-04-17 21:48:12
2025-04-17 21:48:12,526 - sec_monitor - INFO - token percentage = 50%
2025-04-17 21:48:12,526 - sec_monitor - INFO - Making API call - Attempt 1/3
2025-04-17 21:48:12,527 - sec_monitor - INFO - Timestamp: 2025-04-17 21:48:12
2025-04-17 21:48:30,534 - sec_monitor - INFO - API call successful
2025-04-17 21:49:00,564 - sec_monitor - INFO - ==================================================
2025-04-17 21:49:00,564 - sec_monitor - INFO - Processing middle chunk
2025-04-17 21:49:00,564 - sec_monitor - INFO - Timestamp: 2025-04-17 21:49:00
2025-04-17 21:49:00,948 - sec_monitor - INFO - token percentage = 51%
2025-04-17 21:49:00,948 - sec_monitor - INFO - Making API call - Attempt 1/3
2025-04-17 21:49:00,948 - sec_monitor - INFO - Timestamp: 2025-04-17 21:49:00
2025-04-17 21:49:18,947 - sec_monitor - INFO - API call successful
2025-04-17 21:49:48,973 - sec_monitor - INFO - ==================================================
2025-04-17 21:49:48,974 - sec_monitor - INFO - Processing middle chunk
2025-04-17 21:49:48,974 - sec_monitor - INFO - Timestamp: 2025-04-17 21:49:48
2025-04-17 21:49:49,379 - sec_monitor - INFO - token percentage = 51%
2025-04-17 21:49:49,379 - sec_monitor - INFO - Making API call - Attempt 1/3
2025-04-17 21:49:49,379 - sec_monitor - INFO - Timestamp: 2025-04-17 21:49:49
2025-04-17 21:50:07,339 - sec_monitor - INFO - API call successful
2025-04-17 21:50:37,369 - sec_monitor - INFO - ==================================================
2025-04-17 21:50:37,370 - sec_monitor - INFO - Processing middle chunk
2025-04-17 21:50:37,370 - sec_monitor - INFO - Timestamp: 2025-04-17 21:50:37
2025-04-17 21:50:37,779 - sec_monitor - INFO - token percentage = 51%
2025-04-17 21:50:37,780 - sec_monitor - INFO - Making API call - Attempt 1/3
2025-04-17 21:50:37,780 - sec_monitor - INFO - Timestamp: 2025-04-17 21:50:37
2025-04-17 21:50:55,949 - sec_monitor - INFO - API call successful
2025-04-17 21:51:25,956 - sec_monitor - INFO - ==================================================
2025-04-17 21:51:25,956 - sec_monitor - INFO - Processing middle chunk
2025-04-17 21:51:25,956 - sec_monitor - INFO - Timestamp: 2025-04-17 21:51:25
2025-04-17 21:51:26,312 - sec_monitor - INFO - token percentage = 50%
2025-04-17 21:51:26,312 - sec_monitor - INFO - Making API call - Attempt 1/3
2025-04-17 21:51:26,312 - sec_monitor - INFO - Timestamp: 2025-04-17 21:51:26
2025-04-17 21:51:44,299 - sec_monitor - INFO - API call successful
2025-04-17 21:52:14,313 - sec_monitor - INFO - ==================================================
2025-04-17 21:52:14,313 - sec_monitor - INFO - Processing middle chunk
2025-04-17 21:52:14,314 - sec_monitor - INFO - Timestamp: 2025-04-17 21:52:14
2025-04-17 21:52:14,685 - sec_monitor - INFO - token percentage = 50%
2025-04-17 21:52:14,685 - sec_monitor - INFO - Making API call - Attempt 1/3
2025-04-17 21:52:14,685 - sec_monitor - INFO - Timestamp: 2025-04-17 21:52:14
2025-04-17 21:52:32,344 - sec_monitor - INFO - API call successful
2025-04-17 21:53:02,372 - sec_monitor - INFO - ==================================================
2025-04-17 21:53:02,372 - sec_monitor - INFO - Processing middle chunk
2025-04-17 21:53:02,372 - sec_monitor - INFO - Timestamp: 2025-04-17 21:53:02
2025-04-17 21:53:02,713 - sec_monitor - INFO - token percentage = 50%
2025-04-17 21:53:02,713 - sec_monitor - INFO - Making API call - Attempt 1/3
2025-04-17 21:53:02,713 - sec_monitor - INFO - Timestamp: 2025-04-17 21:53:02
2025-04-17 21:53:20,282 - sec_monitor - INFO - API call successful
2025-04-17 21:53:50,313 - sec_monitor - INFO - ==================================================
2025-04-17 21:53:50,313 - sec_monitor - INFO - Processing last chunk
2025-04-17 21:53:50,313 - sec_monitor - INFO - Timestamp: 2025-04-17 21:53:50
2025-04-17 21:53:50,606 - sec_monitor - INFO - token percentage = 38%
2025-04-17 21:53:50,607 - sec_monitor - INFO - Making API call - Attempt 1/3
2025-04-17 21:53:50,607 - sec_monitor - INFO - Timestamp: 2025-04-17 21:53:50
2025-04-17 21:54:03,597 - sec_monitor - INFO - API call successful
2025-04-17 21:54:03,598 - sec_monitor - INFO - Making combine API call - Attempt 1/3
2025-04-17 21:54:03,598 - sec_monitor - INFO - Timestamp: 2025-04-17 21:54:03
2025-04-17 21:54:04,864 - sec_monitor - INFO - Combine API call successful
2025-04-17 21:54:05,866 - sec_monitor - INFO - Processing filing 5/9: KEYS
2025-04-17 21:54:36,536 - sec_monitor - INFO - ==================================================
2025-04-17 21:54:36,536 - sec_monitor - INFO - Processing first chunk
2025-04-17 21:54:36,536 - sec_monitor - INFO - Timestamp: 2025-04-17 21:54:36
2025-04-17 21:54:36,823 - sec_monitor - INFO - token percentage = 6%
2025-04-17 21:54:36,823 - sec_monitor - INFO - Making API call - Attempt 1/3
2025-04-17 21:54:36,823 - sec_monitor - INFO - Timestamp: 2025-04-17 21:54:36
2025-04-17 21:54:40,323 - sec_monitor - INFO - API call successful
2025-04-17 21:54:41,324 - sec_monitor - INFO - Processing filing 6/9: EQT
2025-04-17 21:55:13,996 - sec_monitor - INFO - ==================================================
2025-04-17 21:55:13,996 - sec_monitor - INFO - Processing first chunk
2025-04-17 21:55:13,996 - sec_monitor - INFO - Timestamp: 2025-04-17 21:55:13
2025-04-17 21:55:14,291 - sec_monitor - INFO - token percentage = 9%
2025-04-17 21:55:14,291 - sec_monitor - INFO - Making API call - Attempt 1/3
2025-04-17 21:55:14,291 - sec_monitor - INFO - Timestamp: 2025-04-17 21:55:14
2025-04-17 21:55:18,779 - sec_monitor - INFO - API call successful
2025-04-17 21:55:19,780 - sec_monitor - INFO - Processing filing 7/9: CARR
2025-04-17 21:55:50,492 - sec_monitor - INFO - ==================================================
2025-04-17 21:55:50,492 - sec_monitor - INFO - Processing first chunk
2025-04-17 21:55:50,492 - sec_monitor - INFO - Timestamp: 2025-04-17 21:55:50
2025-04-17 21:55:50,624 - sec_monitor - INFO - token percentage = 4%
2025-04-17 21:55:50,624 - sec_monitor - INFO - Making API call - Attempt 1/3
2025-04-17 21:55:50,624 - sec_monitor - INFO - Timestamp: 2025-04-17 21:55:50
2025-04-17 21:55:53,930 - sec_monitor - INFO - API call successful
2025-04-17 21:55:54,931 - sec_monitor - INFO - Processing filing 8/9: MMC
2025-04-17 21:56:52,559 - sec_monitor - INFO - ==================================================
2025-04-17 21:56:52,559 - sec_monitor - INFO - Processing first chunk
2025-04-17 21:56:52,559 - sec_monitor - INFO - Timestamp: 2025-04-17 21:56:52
2025-04-17 21:56:54,080 - sec_monitor - INFO - token percentage = 43%
2025-04-17 21:56:54,080 - sec_monitor - INFO - Making API call - Attempt 1/3
2025-04-17 21:56:54,080 - sec_monitor - INFO - Timestamp: 2025-04-17 21:56:54
2025-04-17 21:57:11,204 - sec_monitor - INFO - API call successful
2025-04-17 21:57:41,205 - sec_monitor - INFO - ==================================================
2025-04-17 21:57:41,205 - sec_monitor - INFO - Processing middle chunk
2025-04-17 21:57:41,205 - sec_monitor - INFO - Timestamp: 2025-04-17 21:57:41
2025-04-17 21:57:42,313 - sec_monitor - INFO - token percentage = 59%
2025-04-17 21:57:42,313 - sec_monitor - INFO - Making API call - Attempt 1/3
2025-04-17 21:57:42,313 - sec_monitor - INFO - Timestamp: 2025-04-17 21:57:42
2025-04-17 21:58:04,662 - sec_monitor - INFO - API call successful
2025-04-17 21:58:34,693 - sec_monitor - INFO - ==================================================
2025-04-17 21:58:34,693 - sec_monitor - INFO - Processing middle chunk
2025-04-17 21:58:34,693 - sec_monitor - INFO - Timestamp: 2025-04-17 21:58:34
2025-04-17 21:58:36,007 - sec_monitor - INFO - token percentage = 48%
2025-04-17 21:58:36,008 - sec_monitor - INFO - Making API call - Attempt 1/3
2025-04-17 21:58:36,008 - sec_monitor - INFO - Timestamp: 2025-04-17 21:58:36
2025-04-17 21:58:53,880 - sec_monitor - INFO - API call successful
2025-04-17 21:59:23,910 - sec_monitor - INFO - ==================================================
2025-04-17 21:59:23,911 - sec_monitor - INFO - Processing last chunk
2025-04-17 21:59:23,911 - sec_monitor - INFO - Timestamp: 2025-04-17 21:59:23
2025-04-17 21:59:24,661 - sec_monitor - INFO - token percentage = 38%
2025-04-17 21:59:24,661 - sec_monitor - INFO - Making API call - Attempt 1/3
2025-04-17 21:59:24,661 - sec_monitor - INFO - Timestamp: 2025-04-17 21:59:24
2025-04-17 21:59:38,639 - sec_monitor - INFO - API call successful
2025-04-17 21:59:38,640 - sec_monitor - INFO - Making combine API call - Attempt 1/3
2025-04-17 21:59:38,640 - sec_monitor - INFO - Timestamp: 2025-04-17 21:59:38
2025-04-17 21:59:39,505 - sec_monitor - INFO - Combine API call successful
2025-04-17 21:59:40,506 - sec_monitor - INFO - Processing filing 9/9: NFLX
2025-04-17 22:00:11,945 - sec_monitor - INFO - ==================================================
2025-04-17 22:00:11,945 - sec_monitor - INFO - Processing first chunk
2025-04-17 22:00:11,945 - sec_monitor - INFO - Timestamp: 2025-04-17 22:00:11
2025-04-17 22:00:12,249 - sec_monitor - INFO - token percentage = 18%
2025-04-17 22:00:12,249 - sec_monitor - INFO - Making API call - Attempt 1/3
2025-04-17 22:00:12,250 - sec_monitor - INFO - Timestamp: 2025-04-17 22:00:12
2025-04-17 22:00:19,469 - sec_monitor - INFO - API call successful
2025-04-17 22:00:20,470 - sec_monitor - INFO - Fetching supplementary data...
2025-04-17 22:00:20,739 - sec_monitor - INFO - filing_tickers type: <class 'list'>
2025-04-17 22:00:20,739 - sec_monitor - INFO - filing_data type: <class 'list'>
2025-04-17 22:00:20,739 - sec_monitor - INFO - Market open: False
2025-04-17 22:00:20,739 - sec_monitor - INFO - Number of filing times mapped: 9
2025-04-17 22:00:20,749 - sec_monitor - INFO - Last trading day: 2025-04-17
2025-04-17 22:00:20,749 - sec_monitor - INFO - Processing ticker: HPQ
2025-04-17 22:00:21,247 - sec_monitor - INFO - Number of bars for HPQ: 3
2025-04-17 22:00:21,247 - sec_monitor - INFO - Last bar close for HPQ: 23.48
2025-04-17 22:00:21,248 - sec_monitor - INFO - Outside market hours price for HPQ: 23.48
2025-04-17 22:00:21,248 - sec_monitor - INFO - Processing ticker: MNST
2025-04-17 22:00:21,267 - sec_monitor - INFO - Number of bars for MNST: 3
2025-04-17 22:00:21,267 - sec_monitor - INFO - Last bar close for MNST: 57.96
2025-04-17 22:00:21,267 - sec_monitor - INFO - Outside market hours price for MNST: 57.96
2025-04-17 22:00:21,267 - sec_monitor - INFO - Processing ticker: INTC
2025-04-17 22:00:21,286 - sec_monitor - INFO - Number of bars for INTC: 3
2025-04-17 22:00:21,286 - sec_monitor - INFO - Last bar close for INTC: 19.24
2025-04-17 22:00:21,286 - sec_monitor - INFO - Outside market hours price for INTC: 19.24
2025-04-17 22:00:21,286 - sec_monitor - INFO - Processing ticker: MHK
2025-04-17 22:00:21,305 - sec_monitor - INFO - Number of bars for MHK: 3
2025-04-17 22:00:21,305 - sec_monitor - INFO - Last bar close for MHK: 101.03
2025-04-17 22:00:21,305 - sec_monitor - INFO - Outside market hours price for MHK: 101.03
2025-04-17 22:00:21,305 - sec_monitor - INFO - Processing ticker: KEYS
2025-04-17 22:00:21,323 - sec_monitor - INFO - Number of bars for KEYS: 3
2025-04-17 22:00:21,323 - sec_monitor - INFO - Last bar close for KEYS: 134.89
2025-04-17 22:00:21,323 - sec_monitor - INFO - Outside market hours price for KEYS: 134.89
2025-04-17 22:00:21,323 - sec_monitor - INFO - Processing ticker: EQT
2025-04-17 22:00:21,389 - sec_monitor - INFO - Number of bars for EQT: 3
2025-04-17 22:00:21,389 - sec_monitor - INFO - Last bar close for EQT: 50.8
2025-04-17 22:00:21,389 - sec_monitor - INFO - Outside market hours price for EQT: 50.8
2025-04-17 22:00:21,389 - sec_monitor - INFO - Processing ticker: CARR
2025-04-17 22:00:21,449 - sec_monitor - INFO - Number of bars for CARR: 3
2025-04-17 22:00:21,450 - sec_monitor - INFO - Last bar close for CARR: 59.215
2025-04-17 22:00:21,450 - sec_monitor - INFO - Outside market hours price for CARR: 59.215
2025-04-17 22:00:21,450 - sec_monitor - INFO - Processing ticker: MMC
2025-04-17 22:00:21,470 - sec_monitor - INFO - Number of bars for MMC: 3
2025-04-17 22:00:21,470 - sec_monitor - INFO - Last bar close for MMC: 231.31
2025-04-17 22:00:21,470 - sec_monitor - INFO - Outside market hours price for MMC: 231.31
2025-04-17 22:00:21,470 - sec_monitor - INFO - Processing ticker: NFLX
2025-04-17 22:00:21,492 - sec_monitor - INFO - Number of bars for NFLX: 3
2025-04-17 22:00:21,492 - sec_monitor - INFO - Last bar close for NFLX: 961.71
2025-04-17 22:00:21,492 - sec_monitor - INFO - Outside market hours price for NFLX: 961.71
2025-04-17 22:00:24,722 - sec_monitor - INFO - Generating final output...
2025-04-17 22:00:24,723 - sec_monitor - INFO - Successfully merged 9 new filings with existing JSON
2025-04-17 22:00:24,724 - sec_monitor - INFO - Cumulative stats - Input words: 3280957, Output words: 2426
2025-04-17 22:00:24,724 - sec_monitor - INFO - Successfully saved/merged output to output/sec_filings.json
2025-04-17 22:00:24,724 - sec_monitor - INFO - Processing complete. Stats: {'input_words': 1784690, 'output_words': 664, 'filings_processed': 9}
