2025-03-11 11:09:32,623 - sec_monitor - INFO - Starting SEC filing monitor 
2025-03-11 11:09:32,623 - sec_monitor - INFO - Loading S&P 500 data...
2025-03-11 11:09:32,623 - sec_monitor - INFO - Starting S&P 500 data initialization
2025-03-11 11:09:32,624 - sec_monitor - INFO - Successfully loaded 503 S&P 500 tickers
2025-03-11 11:09:32,624 - sec_monitor - INFO - Successfully loaded 503 S&P 500 tickers
2025-03-11 11:09:32,624 - sec_monitor - INFO - Initializing components...
2025-03-11 11:09:32,624 - sec_monitor - INFO - Initializing components
2025-03-11 11:09:32,624 - sec_monitor - INFO - SEC fetcher initialized
2025-03-11 11:09:32,624 - sec_monitor - INFO - Filing analyzer initialized
2025-03-11 11:09:32,624 - sec_monitor - INFO - Alpaca clients initialized
2025-03-11 11:09:32,625 - sec_monitor - INFO - All components initialized successfully
2025-03-11 11:09:32,626 - sec_monitor - INFO - Found old JSON file, archiving
2025-03-11 11:09:32,626 - sec_monitor - INFO - Starting new filing collection for today
2025-03-11 11:09:32,626 - sec_monitor - INFO - Fetching SEC filings...
2025-03-11 11:09:45,938 - sec_monitor - INFO - No more entries found
2025-03-11 11:09:45,938 - sec_monitor - INFO - Completed fetching. Found 138 total filings
2025-03-11 11:09:45,938 - sec_monitor - INFO - Found 8 new interesting filings
2025-03-11 11:09:45,938 - sec_monitor - INFO - Found 8 new filings to process
2025-03-11 11:09:45,938 - sec_monitor - INFO - Processing filing 1/8: SW
2025-03-11 11:10:16,380 - sec_monitor - INFO - ==================================================
2025-03-11 11:10:16,380 - sec_monitor - INFO - Processing first chunk
2025-03-11 11:10:16,380 - sec_monitor - INFO - Timestamp: 2025-03-11 11:10:16
2025-03-11 11:10:16,447 - sec_monitor - INFO - token percentage = 4%
2025-03-11 11:10:16,447 - sec_monitor - INFO - Making API call - Attempt 1/3
2025-03-11 11:10:16,448 - sec_monitor - INFO - Timestamp: 2025-03-11 11:10:16
2025-03-11 11:10:19,504 - sec_monitor - INFO - API call successful
2025-03-11 11:10:20,505 - sec_monitor - INFO - Processing filing 2/8: LUV
2025-03-11 11:11:18,730 - sec_monitor - INFO - ==================================================
2025-03-11 11:11:18,730 - sec_monitor - INFO - Processing first chunk
2025-03-11 11:11:18,730 - sec_monitor - INFO - Timestamp: 2025-03-11 11:11:18
2025-03-11 11:11:18,958 - sec_monitor - INFO - token percentage = 49%
2025-03-11 11:11:18,958 - sec_monitor - INFO - Making API call - Attempt 1/3
2025-03-11 11:11:18,958 - sec_monitor - INFO - Timestamp: 2025-03-11 11:11:18
2025-03-11 11:11:34,680 - sec_monitor - INFO - API call successful
2025-03-11 11:12:04,699 - sec_monitor - INFO - ==================================================
2025-03-11 11:12:04,700 - sec_monitor - INFO - Processing middle chunk
2025-03-11 11:12:04,700 - sec_monitor - INFO - Timestamp: 2025-03-11 11:12:04
2025-03-11 11:12:04,921 - sec_monitor - INFO - token percentage = 50%
2025-03-11 11:12:04,921 - sec_monitor - INFO - Making API call - Attempt 1/3
2025-03-11 11:12:04,921 - sec_monitor - INFO - Timestamp: 2025-03-11 11:12:04
2025-03-11 11:12:19,497 - sec_monitor - INFO - API call successful
2025-03-11 11:12:49,527 - sec_monitor - INFO - ==================================================
2025-03-11 11:12:49,527 - sec_monitor - INFO - Processing middle chunk
2025-03-11 11:12:49,527 - sec_monitor - INFO - Timestamp: 2025-03-11 11:12:49
2025-03-11 11:12:49,735 - sec_monitor - INFO - token percentage = 50%
2025-03-11 11:12:49,735 - sec_monitor - INFO - Making API call - Attempt 1/3
2025-03-11 11:12:49,735 - sec_monitor - INFO - Timestamp: 2025-03-11 11:12:49
2025-03-11 11:13:04,627 - sec_monitor - INFO - API call successful
2025-03-11 11:13:34,651 - sec_monitor - INFO - ==================================================
2025-03-11 11:13:34,652 - sec_monitor - INFO - Processing last chunk
2025-03-11 11:13:34,652 - sec_monitor - INFO - Timestamp: 2025-03-11 11:13:34
2025-03-11 11:13:34,826 - sec_monitor - INFO - token percentage = 44%
2025-03-11 11:13:34,827 - sec_monitor - INFO - Making API call - Attempt 1/3
2025-03-11 11:13:34,827 - sec_monitor - INFO - Timestamp: 2025-03-11 11:13:34
2025-03-11 11:13:48,168 - sec_monitor - INFO - API call successful
2025-03-11 11:13:48,168 - sec_monitor - INFO - Making combine API call - Attempt 1/3
2025-03-11 11:13:48,169 - sec_monitor - INFO - Timestamp: 2025-03-11 11:13:48
2025-03-11 11:13:49,107 - sec_monitor - INFO - Combine API call successful
2025-03-11 11:13:50,108 - sec_monitor - INFO - Processing filing 3/8: AES
2025-03-11 11:14:20,462 - sec_monitor - INFO - ==================================================
2025-03-11 11:14:20,462 - sec_monitor - INFO - Processing first chunk
2025-03-11 11:14:20,462 - sec_monitor - INFO - Timestamp: 2025-03-11 11:14:20
2025-03-11 11:14:20,527 - sec_monitor - INFO - token percentage = 3%
2025-03-11 11:14:20,527 - sec_monitor - INFO - Making API call - Attempt 1/3
2025-03-11 11:14:20,527 - sec_monitor - INFO - Timestamp: 2025-03-11 11:14:20
2025-03-11 11:14:23,938 - sec_monitor - INFO - API call successful
2025-03-11 11:14:24,939 - sec_monitor - INFO - Processing filing 4/8: AES
2025-03-11 11:17:40,001 - sec_monitor - INFO - ==================================================
2025-03-11 11:17:40,001 - sec_monitor - INFO - Processing first chunk
2025-03-11 11:17:40,001 - sec_monitor - INFO - Timestamp: 2025-03-11 11:17:40
2025-03-11 11:17:41,134 - sec_monitor - INFO - token percentage = 30%
2025-03-11 11:17:41,134 - sec_monitor - INFO - Making API call - Attempt 1/3
2025-03-11 11:17:41,134 - sec_monitor - INFO - Timestamp: 2025-03-11 11:17:41
2025-03-11 11:17:52,716 - sec_monitor - INFO - API call successful
2025-03-11 11:18:22,747 - sec_monitor - INFO - ==================================================
2025-03-11 11:18:22,747 - sec_monitor - INFO - Processing middle chunk
2025-03-11 11:18:22,747 - sec_monitor - INFO - Timestamp: 2025-03-11 11:18:22
2025-03-11 11:18:23,197 - sec_monitor - INFO - token percentage = 68%
2025-03-11 11:18:23,197 - sec_monitor - INFO - Making API call - Attempt 1/3
2025-03-11 11:18:23,197 - sec_monitor - INFO - Timestamp: 2025-03-11 11:18:23
2025-03-11 11:18:45,073 - sec_monitor - INFO - API call successful
2025-03-11 11:19:15,104 - sec_monitor - INFO - ==================================================
2025-03-11 11:19:15,104 - sec_monitor - INFO - Processing middle chunk
2025-03-11 11:19:15,104 - sec_monitor - INFO - Timestamp: 2025-03-11 11:19:15
2025-03-11 11:19:15,824 - sec_monitor - INFO - token percentage = 43%
2025-03-11 11:19:15,824 - sec_monitor - INFO - Making API call - Attempt 1/3
2025-03-11 11:19:15,824 - sec_monitor - INFO - Timestamp: 2025-03-11 11:19:15
2025-03-11 11:19:29,829 - sec_monitor - INFO - API call successful
2025-03-11 11:19:59,839 - sec_monitor - INFO - ==================================================
2025-03-11 11:19:59,840 - sec_monitor - INFO - Processing middle chunk
2025-03-11 11:19:59,840 - sec_monitor - INFO - Timestamp: 2025-03-11 11:19:59
2025-03-11 11:20:00,625 - sec_monitor - INFO - token percentage = 41%
2025-03-11 11:20:00,625 - sec_monitor - INFO - Making API call - Attempt 1/3
2025-03-11 11:20:00,625 - sec_monitor - INFO - Timestamp: 2025-03-11 11:20:00
2025-03-11 11:20:13,574 - sec_monitor - INFO - API call successful
2025-03-11 11:20:43,605 - sec_monitor - INFO - ==================================================
2025-03-11 11:20:43,605 - sec_monitor - INFO - Processing middle chunk
2025-03-11 11:20:43,605 - sec_monitor - INFO - Timestamp: 2025-03-11 11:20:43
2025-03-11 11:20:44,273 - sec_monitor - INFO - token percentage = 51%
2025-03-11 11:20:44,274 - sec_monitor - INFO - Making API call - Attempt 1/3
2025-03-11 11:20:44,274 - sec_monitor - INFO - Timestamp: 2025-03-11 11:20:44
2025-03-11 11:21:05,597 - sec_monitor - INFO - API call successful
2025-03-11 11:21:35,607 - sec_monitor - INFO - ==================================================
2025-03-11 11:21:35,607 - sec_monitor - INFO - Processing middle chunk
2025-03-11 11:21:35,607 - sec_monitor - INFO - Timestamp: 2025-03-11 11:21:35
2025-03-11 11:21:36,238 - sec_monitor - INFO - token percentage = 41%
2025-03-11 11:21:36,238 - sec_monitor - INFO - Making API call - Attempt 1/3
2025-03-11 11:21:36,238 - sec_monitor - INFO - Timestamp: 2025-03-11 11:21:36
2025-03-11 11:21:49,284 - sec_monitor - INFO - API call successful
2025-03-11 11:22:19,295 - sec_monitor - INFO - ==================================================
2025-03-11 11:22:19,296 - sec_monitor - INFO - Processing middle chunk
2025-03-11 11:22:19,296 - sec_monitor - INFO - Timestamp: 2025-03-11 11:22:19
2025-03-11 11:22:20,033 - sec_monitor - INFO - token percentage = 34%
2025-03-11 11:22:20,033 - sec_monitor - INFO - Making API call - Attempt 1/3
2025-03-11 11:22:20,033 - sec_monitor - INFO - Timestamp: 2025-03-11 11:22:20
2025-03-11 11:22:30,827 - sec_monitor - INFO - API call successful
2025-03-11 11:23:00,847 - sec_monitor - INFO - ==================================================
2025-03-11 11:23:00,847 - sec_monitor - INFO - Processing middle chunk
2025-03-11 11:23:00,847 - sec_monitor - INFO - Timestamp: 2025-03-11 11:23:00
2025-03-11 11:23:01,300 - sec_monitor - INFO - token percentage = 60%
2025-03-11 11:23:01,300 - sec_monitor - INFO - Making API call - Attempt 1/3
2025-03-11 11:23:01,300 - sec_monitor - INFO - Timestamp: 2025-03-11 11:23:01
2025-03-11 11:23:20,382 - sec_monitor - INFO - API call successful
2025-03-11 11:23:50,412 - sec_monitor - INFO - ==================================================
2025-03-11 11:23:50,412 - sec_monitor - INFO - Processing middle chunk
2025-03-11 11:23:50,412 - sec_monitor - INFO - Timestamp: 2025-03-11 11:23:50
2025-03-11 11:23:50,741 - sec_monitor - INFO - token percentage = 87%
2025-03-11 11:23:50,741 - sec_monitor - INFO - Making API call - Attempt 1/3
2025-03-11 11:23:50,741 - sec_monitor - INFO - Timestamp: 2025-03-11 11:23:50
2025-03-11 11:24:18,944 - sec_monitor - INFO - API call successful
2025-03-11 11:24:48,962 - sec_monitor - INFO - ==================================================
2025-03-11 11:24:48,963 - sec_monitor - INFO - Processing middle chunk
2025-03-11 11:24:48,963 - sec_monitor - INFO - Timestamp: 2025-03-11 11:24:48
2025-03-11 11:24:49,369 - sec_monitor - INFO - token percentage = 58%
2025-03-11 11:24:49,369 - sec_monitor - INFO - Making API call - Attempt 1/3
2025-03-11 11:24:49,369 - sec_monitor - INFO - Timestamp: 2025-03-11 11:24:49
2025-03-11 11:25:07,972 - sec_monitor - INFO - API call successful
2025-03-11 11:25:38,003 - sec_monitor - INFO - ==================================================
2025-03-11 11:25:38,003 - sec_monitor - INFO - Processing middle chunk
2025-03-11 11:25:38,003 - sec_monitor - INFO - Timestamp: 2025-03-11 11:25:38
2025-03-11 11:25:38,700 - sec_monitor - INFO - token percentage = 43%
2025-03-11 11:25:38,701 - sec_monitor - INFO - Making API call - Attempt 1/3
2025-03-11 11:25:38,701 - sec_monitor - INFO - Timestamp: 2025-03-11 11:25:38
2025-03-11 11:25:52,958 - sec_monitor - INFO - API call successful
2025-03-11 11:26:22,988 - sec_monitor - INFO - ==================================================
2025-03-11 11:26:22,989 - sec_monitor - INFO - Processing middle chunk
2025-03-11 11:26:22,989 - sec_monitor - INFO - Timestamp: 2025-03-11 11:26:22
2025-03-11 11:26:23,624 - sec_monitor - INFO - token percentage = 43%
2025-03-11 11:26:23,625 - sec_monitor - INFO - Making API call - Attempt 1/3
2025-03-11 11:26:23,625 - sec_monitor - INFO - Timestamp: 2025-03-11 11:26:23
2025-03-11 11:26:37,760 - sec_monitor - INFO - API call successful
2025-03-11 11:27:07,774 - sec_monitor - INFO - ==================================================
2025-03-11 11:27:07,775 - sec_monitor - INFO - Processing middle chunk
2025-03-11 11:27:07,775 - sec_monitor - INFO - Timestamp: 2025-03-11 11:27:07
2025-03-11 11:27:08,705 - sec_monitor - INFO - token percentage = 43%
2025-03-11 11:27:08,706 - sec_monitor - INFO - Making API call - Attempt 1/3
2025-03-11 11:27:08,706 - sec_monitor - INFO - Timestamp: 2025-03-11 11:27:08
2025-03-11 11:27:22,830 - sec_monitor - INFO - API call successful
2025-03-11 11:27:52,835 - sec_monitor - INFO - ==================================================
2025-03-11 11:27:52,836 - sec_monitor - INFO - Processing middle chunk
2025-03-11 11:27:52,836 - sec_monitor - INFO - Timestamp: 2025-03-11 11:27:52
2025-03-11 11:27:53,697 - sec_monitor - INFO - token percentage = 43%
2025-03-11 11:27:53,697 - sec_monitor - INFO - Making API call - Attempt 1/3
2025-03-11 11:27:53,697 - sec_monitor - INFO - Timestamp: 2025-03-11 11:27:53
2025-03-11 11:28:07,834 - sec_monitor - INFO - API call successful
2025-03-11 11:28:37,864 - sec_monitor - INFO - ==================================================
2025-03-11 11:28:37,865 - sec_monitor - INFO - Processing middle chunk
2025-03-11 11:28:37,865 - sec_monitor - INFO - Timestamp: 2025-03-11 11:28:37
2025-03-11 11:28:38,319 - sec_monitor - INFO - token percentage = 64%
2025-03-11 11:28:38,319 - sec_monitor - INFO - Making API call - Attempt 1/3
2025-03-11 11:28:38,319 - sec_monitor - INFO - Timestamp: 2025-03-11 11:28:38
2025-03-11 11:28:58,275 - sec_monitor - INFO - API call successful
2025-03-11 11:29:28,283 - sec_monitor - INFO - ==================================================
2025-03-11 11:29:28,283 - sec_monitor - INFO - Processing last chunk
2025-03-11 11:29:28,283 - sec_monitor - INFO - Timestamp: 2025-03-11 11:29:28
2025-03-11 11:29:28,324 - sec_monitor - INFO - token percentage = 4%
2025-03-11 11:29:28,324 - sec_monitor - INFO - Making API call - Attempt 1/3
2025-03-11 11:29:28,324 - sec_monitor - INFO - Timestamp: 2025-03-11 11:29:28
2025-03-11 11:29:30,932 - sec_monitor - INFO - API call successful
2025-03-11 11:29:30,932 - sec_monitor - INFO - Making combine API call - Attempt 1/3
2025-03-11 11:29:30,932 - sec_monitor - INFO - Timestamp: 2025-03-11 11:29:30
2025-03-11 11:29:32,018 - sec_monitor - INFO - Combine API call successful
2025-03-11 11:29:33,020 - sec_monitor - INFO - Processing filing 5/8: NWS
2025-03-11 11:30:03,587 - sec_monitor - INFO - ==================================================
2025-03-11 11:30:03,587 - sec_monitor - INFO - Processing first chunk
2025-03-11 11:30:03,588 - sec_monitor - INFO - Timestamp: 2025-03-11 11:30:03
2025-03-11 11:30:03,658 - sec_monitor - INFO - token percentage = 7%
2025-03-11 11:30:03,658 - sec_monitor - INFO - Making API call - Attempt 1/3
2025-03-11 11:30:03,658 - sec_monitor - INFO - Timestamp: 2025-03-11 11:30:03
2025-03-11 11:30:07,765 - sec_monitor - INFO - API call successful
2025-03-11 11:30:08,767 - sec_monitor - INFO - Processing filing 6/8: MNST
2025-03-11 11:30:39,140 - sec_monitor - INFO - ==================================================
2025-03-11 11:30:39,140 - sec_monitor - INFO - Processing first chunk
2025-03-11 11:30:39,140 - sec_monitor - INFO - Timestamp: 2025-03-11 11:30:39
2025-03-11 11:30:39,199 - sec_monitor - INFO - token percentage = 4%
2025-03-11 11:30:39,199 - sec_monitor - INFO - Making API call - Attempt 1/3
2025-03-11 11:30:39,199 - sec_monitor - INFO - Timestamp: 2025-03-11 11:30:39
2025-03-11 11:30:42,511 - sec_monitor - INFO - API call successful
2025-03-11 11:30:43,513 - sec_monitor - INFO - Processing filing 7/8: COR
2025-03-11 11:31:13,922 - sec_monitor - INFO - ==================================================
2025-03-11 11:31:13,922 - sec_monitor - INFO - Processing first chunk
2025-03-11 11:31:13,923 - sec_monitor - INFO - Timestamp: 2025-03-11 11:31:13
2025-03-11 11:31:13,973 - sec_monitor - INFO - token percentage = 3%
2025-03-11 11:31:13,974 - sec_monitor - INFO - Making API call - Attempt 1/3
2025-03-11 11:31:13,974 - sec_monitor - INFO - Timestamp: 2025-03-11 11:31:13
2025-03-11 11:31:17,186 - sec_monitor - INFO - API call successful
2025-03-11 11:31:18,188 - sec_monitor - INFO - Processing filing 8/8: BK
2025-03-11 11:31:49,418 - sec_monitor - INFO - ==================================================
2025-03-11 11:31:49,418 - sec_monitor - INFO - Processing first chunk
2025-03-11 11:31:49,418 - sec_monitor - INFO - Timestamp: 2025-03-11 11:31:49
2025-03-11 11:31:49,674 - sec_monitor - INFO - token percentage = 14%
2025-03-11 11:31:49,675 - sec_monitor - INFO - Making API call - Attempt 1/3
2025-03-11 11:31:49,675 - sec_monitor - INFO - Timestamp: 2025-03-11 11:31:49
2025-03-11 11:31:55,230 - sec_monitor - INFO - API call successful
2025-03-11 11:31:56,231 - sec_monitor - INFO - Fetching supplementary data...
2025-03-11 11:31:56,359 - sec_monitor - INFO - filing_tickers type: <class 'list'>
2025-03-11 11:31:56,359 - sec_monitor - INFO - filing_data type: <class 'list'>
2025-03-11 11:31:56,359 - sec_monitor - INFO - Market open: False
2025-03-11 11:31:56,359 - sec_monitor - INFO - Number of filing times mapped: 7
2025-03-11 11:31:56,367 - sec_monitor - INFO - Last trading day: 2025-03-11
2025-03-11 11:31:56,367 - sec_monitor - INFO - Processing ticker: SW
2025-03-11 11:31:56,461 - sec_monitor - INFO - Number of bars for SW: 3
2025-03-11 11:31:56,461 - sec_monitor - INFO - Last bar close for SW: 43.2
2025-03-11 11:31:56,461 - sec_monitor - INFO - Outside market hours price for SW: 43.2
2025-03-11 11:31:56,461 - sec_monitor - INFO - Processing ticker: LUV
2025-03-11 11:31:56,471 - sec_monitor - INFO - Number of bars for LUV: 3
2025-03-11 11:31:56,471 - sec_monitor - INFO - Last bar close for LUV: 28.19
2025-03-11 11:31:56,471 - sec_monitor - INFO - Outside market hours price for LUV: 28.19
2025-03-11 11:31:56,472 - sec_monitor - INFO - Processing ticker: AES
2025-03-11 11:31:56,481 - sec_monitor - INFO - Number of bars for AES: 4
2025-03-11 11:31:56,481 - sec_monitor - INFO - Last bar close for AES: 11.79
2025-03-11 11:31:56,481 - sec_monitor - INFO - Outside market hours price for AES: 11.79
2025-03-11 11:31:56,481 - sec_monitor - INFO - Processing ticker: AES
2025-03-11 11:31:56,490 - sec_monitor - INFO - Number of bars for AES: 4
2025-03-11 11:31:56,490 - sec_monitor - INFO - Last bar close for AES: 11.79
2025-03-11 11:31:56,490 - sec_monitor - INFO - Outside market hours price for AES: 11.79
2025-03-11 11:31:56,490 - sec_monitor - INFO - Processing ticker: NWS
2025-03-11 11:31:56,499 - sec_monitor - INFO - Number of bars for NWS: 4
2025-03-11 11:31:56,499 - sec_monitor - INFO - Last bar close for NWS: 31.09
2025-03-11 11:31:56,499 - sec_monitor - INFO - Outside market hours price for NWS: 31.09
2025-03-11 11:31:56,499 - sec_monitor - INFO - Processing ticker: MNST
2025-03-11 11:31:56,510 - sec_monitor - INFO - Number of bars for MNST: 4
2025-03-11 11:31:56,510 - sec_monitor - INFO - Last bar close for MNST: 55.76
2025-03-11 11:31:56,510 - sec_monitor - INFO - Outside market hours price for MNST: 55.76
2025-03-11 11:31:56,511 - sec_monitor - INFO - Processing ticker: COR
2025-03-11 11:31:56,538 - sec_monitor - INFO - Number of bars for COR: 4
2025-03-11 11:31:56,538 - sec_monitor - INFO - Last bar close for COR: 261.63
2025-03-11 11:31:56,538 - sec_monitor - INFO - Outside market hours price for COR: 261.63
2025-03-11 11:31:56,538 - sec_monitor - INFO - Processing ticker: BK
2025-03-11 11:31:56,548 - sec_monitor - INFO - Number of bars for BK: 4
2025-03-11 11:31:56,548 - sec_monitor - INFO - Last bar close for BK: 84.25
2025-03-11 11:31:56,548 - sec_monitor - INFO - Outside market hours price for BK: 84.25
2025-03-11 11:31:58,648 - sec_monitor - INFO - Generating final output...
2025-03-11 11:31:58,649 - sec_monitor - INFO - Successfully saved/merged output to output/sec_filings.json
2025-03-11 11:31:58,649 - sec_monitor - INFO - Processing complete. Stats: {'input_words': 1124914, 'output_words': 668, 'filings_processed': 8}
2025-03-11 12:37:48,184 - sec_monitor - INFO - Starting SEC filing monitor 
2025-03-11 12:37:48,185 - sec_monitor - INFO - Loading S&P 500 data...
2025-03-11 12:37:48,185 - sec_monitor - INFO - Starting S&P 500 data initialization
2025-03-11 12:37:48,185 - sec_monitor - INFO - Successfully loaded 503 S&P 500 tickers
2025-03-11 12:37:48,185 - sec_monitor - INFO - Successfully loaded 503 S&P 500 tickers
2025-03-11 12:37:48,185 - sec_monitor - INFO - Initializing components...
2025-03-11 12:37:48,185 - sec_monitor - INFO - Initializing components
2025-03-11 12:37:48,185 - sec_monitor - INFO - SEC fetcher initialized
2025-03-11 12:37:48,186 - sec_monitor - INFO - Filing analyzer initialized
2025-03-11 12:37:48,186 - sec_monitor - INFO - Alpaca clients initialized
2025-03-11 12:37:48,186 - sec_monitor - INFO - All components initialized successfully
2025-03-11 12:37:48,187 - sec_monitor - INFO - Found JSON file from today
2025-03-11 12:37:48,187 - sec_monitor - INFO - Found 8 previously processed accessions and 8 filing URLs
2025-03-11 12:37:48,187 - sec_monitor - INFO - Found 8 accession numbers and 8 URLs from previously processed filings
2025-03-11 12:37:48,187 - sec_monitor - INFO - Fetching SEC filings...
2025-03-11 12:38:09,197 - sec_monitor - INFO - No more entries found
2025-03-11 12:38:09,197 - sec_monitor - INFO - Completed fetching. Found 118 total filings
2025-03-11 12:38:09,197 - sec_monitor - INFO - Found 0 new interesting filings
2025-03-11 12:38:09,197 - sec_monitor - INFO - No new filings to process
2025-03-11 13:28:31,686 - sec_monitor - INFO - Starting SEC filing monitor 
2025-03-11 13:28:31,686 - sec_monitor - INFO - Loading S&P 500 data...
2025-03-11 13:28:31,686 - sec_monitor - INFO - Starting S&P 500 data initialization
2025-03-11 13:28:31,687 - sec_monitor - INFO - Successfully loaded 503 S&P 500 tickers
2025-03-11 13:28:31,687 - sec_monitor - INFO - Successfully loaded 503 S&P 500 tickers
2025-03-11 13:28:31,687 - sec_monitor - INFO - Initializing components...
2025-03-11 13:28:31,687 - sec_monitor - INFO - Initializing components
2025-03-11 13:28:31,687 - sec_monitor - INFO - SEC fetcher initialized
2025-03-11 13:28:31,687 - sec_monitor - INFO - Filing analyzer initialized
2025-03-11 13:28:31,687 - sec_monitor - INFO - Alpaca clients initialized
2025-03-11 13:28:31,687 - sec_monitor - INFO - All components initialized successfully
2025-03-11 13:28:31,688 - sec_monitor - INFO - Found JSON file from today
2025-03-11 13:28:31,688 - sec_monitor - INFO - Found 8 previously processed accessions and 8 filing URLs
2025-03-11 13:28:31,689 - sec_monitor - INFO - Found 8 accession numbers and 8 URLs from previously processed filings
2025-03-11 13:28:31,689 - sec_monitor - INFO - Fetching SEC filings...
2025-03-11 13:28:57,160 - sec_monitor - INFO - No more entries found
2025-03-11 13:28:57,160 - sec_monitor - INFO - Completed fetching. Found 122 total filings
2025-03-11 13:28:57,160 - sec_monitor - INFO - Found 3 new interesting filings
2025-03-11 13:28:57,160 - sec_monitor - INFO - Found 3 new filings to process
2025-03-11 13:28:57,160 - sec_monitor - INFO - Processing filing 1/3: D
2025-03-11 13:29:28,263 - sec_monitor - INFO - ==================================================
2025-03-11 13:29:28,264 - sec_monitor - INFO - Processing first chunk
2025-03-11 13:29:28,264 - sec_monitor - INFO - Timestamp: 2025-03-11 13:29:28
2025-03-11 13:29:28,579 - sec_monitor - INFO - token percentage = 11%
2025-03-11 13:29:28,579 - sec_monitor - INFO - Making API call - Attempt 1/3
2025-03-11 13:29:28,580 - sec_monitor - INFO - Timestamp: 2025-03-11 13:29:28
2025-03-11 13:29:34,063 - sec_monitor - INFO - API call successful
2025-03-11 13:29:35,064 - sec_monitor - INFO - Processing filing 2/3: VRSN
2025-03-11 13:30:06,139 - sec_monitor - INFO - ==================================================
2025-03-11 13:30:06,139 - sec_monitor - INFO - Processing first chunk
2025-03-11 13:30:06,140 - sec_monitor - INFO - Timestamp: 2025-03-11 13:30:06
2025-03-11 13:30:06,396 - sec_monitor - INFO - token percentage = 12%
2025-03-11 13:30:06,396 - sec_monitor - INFO - Making API call - Attempt 1/3
2025-03-11 13:30:06,396 - sec_monitor - INFO - Timestamp: 2025-03-11 13:30:06
2025-03-11 13:30:11,302 - sec_monitor - INFO - API call successful
2025-03-11 13:30:12,304 - sec_monitor - INFO - Processing filing 3/3: VZ
2025-03-11 13:30:42,977 - sec_monitor - INFO - ==================================================
2025-03-11 13:30:42,977 - sec_monitor - INFO - Processing first chunk
2025-03-11 13:30:42,978 - sec_monitor - INFO - Timestamp: 2025-03-11 13:30:42
2025-03-11 13:30:43,074 - sec_monitor - INFO - token percentage = 5%
2025-03-11 13:30:43,074 - sec_monitor - INFO - Making API call - Attempt 1/3
2025-03-11 13:30:43,075 - sec_monitor - INFO - Timestamp: 2025-03-11 13:30:43
2025-03-11 13:30:46,124 - sec_monitor - INFO - API call successful
2025-03-11 13:30:47,126 - sec_monitor - INFO - Fetching supplementary data...
2025-03-11 13:30:47,234 - sec_monitor - INFO - filing_tickers type: <class 'list'>
2025-03-11 13:30:47,234 - sec_monitor - INFO - filing_data type: <class 'list'>
2025-03-11 13:30:47,234 - sec_monitor - INFO - Market open: True
2025-03-11 13:30:47,234 - sec_monitor - INFO - Number of filing times mapped: 3
2025-03-11 13:30:47,245 - sec_monitor - INFO - Last trading day: 2025-03-11
2025-03-11 13:30:47,245 - sec_monitor - INFO - Processing ticker: D
2025-03-11 13:30:47,523 - sec_monitor - INFO - Number of bars for D: 3
2025-03-11 13:30:47,523 - sec_monitor - INFO - Last bar close for D: 56.53
2025-03-11 13:30:47,523 - sec_monitor - INFO - Market open price for D: 56.53, change: 2.372328866352775%
2025-03-11 13:30:47,524 - sec_monitor - INFO - Processing ticker: VRSN
2025-03-11 13:30:47,537 - sec_monitor - INFO - Number of bars for VRSN: 3
2025-03-11 13:30:47,537 - sec_monitor - INFO - Last bar close for VRSN: 238.92
2025-03-11 13:30:47,537 - sec_monitor - INFO - Market open price for VRSN: 238.92, change: -0.6734846595160907%
2025-03-11 13:30:47,537 - sec_monitor - INFO - Processing ticker: VZ
2025-03-11 13:30:47,557 - sec_monitor - INFO - Number of bars for VZ: 3
2025-03-11 13:30:47,557 - sec_monitor - INFO - Last bar close for VZ: 46.54
2025-03-11 13:30:47,558 - sec_monitor - INFO - Market open price for VZ: 46.54, change: 1.0640608034744887%
2025-03-11 13:30:48,354 - sec_monitor - INFO - Generating final output...
2025-03-11 13:30:48,355 - sec_monitor - INFO - Successfully merged 3 new filings with existing JSON
2025-03-11 13:30:48,355 - sec_monitor - INFO - Cumulative stats - Input words: 1198274, Output words: 915
2025-03-11 13:30:48,355 - sec_monitor - INFO - Successfully saved/merged output to output/sec_filings.json
2025-03-11 13:30:48,355 - sec_monitor - INFO - Processing complete. Stats: {'input_words': 73360, 'output_words': 247, 'filings_processed': 3}
2025-03-11 15:20:39,618 - sec_monitor - INFO - Starting SEC filing monitor 
2025-03-11 15:20:39,619 - sec_monitor - INFO - Loading S&P 500 data...
2025-03-11 15:20:39,619 - sec_monitor - INFO - Starting S&P 500 data initialization
2025-03-11 15:20:39,619 - sec_monitor - INFO - Successfully loaded 503 S&P 500 tickers
2025-03-11 15:20:39,619 - sec_monitor - INFO - Successfully loaded 503 S&P 500 tickers
2025-03-11 15:20:39,619 - sec_monitor - INFO - Initializing components...
2025-03-11 15:20:39,619 - sec_monitor - INFO - Initializing components
2025-03-11 15:20:39,619 - sec_monitor - INFO - SEC fetcher initialized
2025-03-11 15:20:39,620 - sec_monitor - INFO - Filing analyzer initialized
2025-03-11 15:20:39,620 - sec_monitor - INFO - Alpaca clients initialized
2025-03-11 15:20:39,620 - sec_monitor - INFO - All components initialized successfully
2025-03-11 15:20:39,621 - sec_monitor - INFO - Found JSON file from today
2025-03-11 15:20:39,621 - sec_monitor - INFO - Found 11 previously processed accessions and 11 filing URLs
2025-03-11 15:20:39,621 - sec_monitor - INFO - Found 11 accession numbers and 11 URLs from previously processed filings
2025-03-11 15:20:39,621 - sec_monitor - INFO - Fetching SEC filings...
2025-03-11 15:21:09,447 - sec_monitor - INFO - No more entries found
2025-03-11 15:21:09,448 - sec_monitor - INFO - Completed fetching. Found 103 total filings
2025-03-11 15:21:09,448 - sec_monitor - INFO - Found 0 new interesting filings
2025-03-11 15:21:09,448 - sec_monitor - INFO - No new filings to process
2025-03-11 18:21:34,137 - sec_monitor - INFO - Starting SEC filing monitor 
2025-03-11 18:21:34,137 - sec_monitor - INFO - Loading S&P 500 data...
2025-03-11 18:21:34,137 - sec_monitor - INFO - Starting S&P 500 data initialization
2025-03-11 18:21:34,138 - sec_monitor - INFO - Successfully loaded 503 S&P 500 tickers
2025-03-11 18:21:34,138 - sec_monitor - INFO - Successfully loaded 503 S&P 500 tickers
2025-03-11 18:21:34,138 - sec_monitor - INFO - Initializing components...
2025-03-11 18:21:34,138 - sec_monitor - INFO - Initializing components
2025-03-11 18:21:34,138 - sec_monitor - INFO - SEC fetcher initialized
2025-03-11 18:21:34,138 - sec_monitor - INFO - Filing analyzer initialized
2025-03-11 18:21:34,138 - sec_monitor - INFO - Alpaca clients initialized
2025-03-11 18:21:34,138 - sec_monitor - INFO - All components initialized successfully
2025-03-11 18:21:34,139 - sec_monitor - INFO - Found JSON file from today
2025-03-11 18:21:34,140 - sec_monitor - INFO - Found 11 previously processed accessions and 11 filing URLs
2025-03-11 18:21:34,140 - sec_monitor - INFO - Found 11 accession numbers and 11 URLs from previously processed filings
2025-03-11 18:21:34,140 - sec_monitor - INFO - Fetching SEC filings...
2025-03-11 18:22:02,330 - sec_monitor - INFO - No more entries found
2025-03-11 18:22:02,331 - sec_monitor - INFO - Completed fetching. Found 60 total filings
2025-03-11 18:22:02,331 - sec_monitor - INFO - Found 1 new interesting filings
2025-03-11 18:22:02,331 - sec_monitor - INFO - Found 1 new filings to process
2025-03-11 18:22:02,331 - sec_monitor - INFO - Processing filing 1/1: TYL
2025-03-11 18:22:32,781 - sec_monitor - INFO - ==================================================
2025-03-11 18:22:32,781 - sec_monitor - INFO - Processing first chunk
2025-03-11 18:22:32,782 - sec_monitor - INFO - Timestamp: 2025-03-11 18:22:32
2025-03-11 18:22:32,862 - sec_monitor - INFO - token percentage = 2%
2025-03-11 18:22:32,862 - sec_monitor - INFO - Making API call - Attempt 1/3
2025-03-11 18:22:32,863 - sec_monitor - INFO - Timestamp: 2025-03-11 18:22:32
2025-03-11 18:22:34,778 - sec_monitor - INFO - API call successful
2025-03-11 18:22:35,779 - sec_monitor - INFO - Fetching supplementary data...
2025-03-11 18:22:36,413 - sec_monitor - INFO - filing_tickers type: <class 'list'>
2025-03-11 18:22:36,414 - sec_monitor - INFO - filing_data type: <class 'list'>
2025-03-11 18:22:36,414 - sec_monitor - INFO - Market open: True
2025-03-11 18:22:36,414 - sec_monitor - INFO - Number of filing times mapped: 1
2025-03-11 18:22:36,448 - sec_monitor - INFO - Last trading day: 2025-03-11
2025-03-11 18:22:36,448 - sec_monitor - INFO - Processing ticker: TYL
2025-03-11 18:22:36,905 - sec_monitor - INFO - Number of bars for TYL: 3
2025-03-11 18:22:36,905 - sec_monitor - INFO - Last bar close for TYL: 570.095
2025-03-11 18:22:36,905 - sec_monitor - INFO - Market open price for TYL: 570.095, change: -3.1002745034716632%
2025-03-11 18:22:37,445 - sec_monitor - INFO - Generating final output...
2025-03-11 18:22:37,445 - sec_monitor - INFO - Successfully merged 1 new filings with existing JSON
2025-03-11 18:22:37,446 - sec_monitor - INFO - Cumulative stats - Input words: 1201939, Output words: 994
2025-03-11 18:22:37,446 - sec_monitor - INFO - Successfully saved/merged output to output/sec_filings.json
2025-03-11 18:22:37,446 - sec_monitor - INFO - Processing complete. Stats: {'input_words': 3665, 'output_words': 79, 'filings_processed': 1}
2025-03-11 21:09:03,586 - sec_monitor - INFO - Starting SEC filing monitor 
2025-03-11 21:09:03,586 - sec_monitor - INFO - Loading S&P 500 data...
2025-03-11 21:09:03,586 - sec_monitor - INFO - Starting S&P 500 data initialization
2025-03-11 21:09:03,587 - sec_monitor - INFO - Successfully loaded 503 S&P 500 tickers
2025-03-11 21:09:03,587 - sec_monitor - INFO - Successfully loaded 503 S&P 500 tickers
2025-03-11 21:09:03,587 - sec_monitor - INFO - Initializing components...
2025-03-11 21:09:03,587 - sec_monitor - INFO - Initializing components
2025-03-11 21:09:03,587 - sec_monitor - INFO - SEC fetcher initialized
2025-03-11 21:09:03,587 - sec_monitor - INFO - Filing analyzer initialized
2025-03-11 21:09:03,587 - sec_monitor - INFO - Alpaca clients initialized
2025-03-11 21:09:03,588 - sec_monitor - INFO - All components initialized successfully
2025-03-11 21:09:03,589 - sec_monitor - INFO - Found JSON file from today
2025-03-11 21:09:03,589 - sec_monitor - INFO - Found 12 previously processed accessions and 12 filing URLs
2025-03-11 21:09:03,589 - sec_monitor - INFO - Found 12 accession numbers and 12 URLs from previously processed filings
2025-03-11 21:09:03,589 - sec_monitor - INFO - Fetching SEC filings...
2025-03-11 21:09:19,845 - sec_monitor - INFO - No more entries found
2025-03-11 21:09:19,845 - sec_monitor - INFO - Completed fetching. Found 121 total filings
2025-03-11 21:09:19,845 - sec_monitor - INFO - Found 13 new interesting filings
2025-03-11 21:09:19,846 - sec_monitor - INFO - Found 13 new filings to process
2025-03-11 21:09:19,846 - sec_monitor - INFO - Processing filing 1/13: AMT
2025-03-11 21:09:50,531 - sec_monitor - INFO - ==================================================
2025-03-11 21:09:50,531 - sec_monitor - INFO - Processing first chunk
2025-03-11 21:09:50,531 - sec_monitor - INFO - Timestamp: 2025-03-11 21:09:50
2025-03-11 21:09:50,641 - sec_monitor - INFO - token percentage = 5%
2025-03-11 21:09:50,642 - sec_monitor - INFO - Making API call - Attempt 1/3
2025-03-11 21:09:50,642 - sec_monitor - INFO - Timestamp: 2025-03-11 21:09:50
2025-03-11 21:09:53,607 - sec_monitor - INFO - API call successful
2025-03-11 21:09:54,608 - sec_monitor - INFO - Processing filing 2/13: LVS
2025-03-11 21:10:24,994 - sec_monitor - INFO - ==================================================
2025-03-11 21:10:24,995 - sec_monitor - INFO - Processing first chunk
2025-03-11 21:10:24,995 - sec_monitor - INFO - Timestamp: 2025-03-11 21:10:24
2025-03-11 21:10:25,074 - sec_monitor - INFO - token percentage = 2%
2025-03-11 21:10:25,074 - sec_monitor - INFO - Making API call - Attempt 1/3
2025-03-11 21:10:25,074 - sec_monitor - INFO - Timestamp: 2025-03-11 21:10:25
2025-03-11 21:10:26,503 - sec_monitor - INFO - API call successful
2025-03-11 21:10:27,504 - sec_monitor - INFO - Processing filing 3/13: VRSN
2025-03-11 21:10:58,155 - sec_monitor - INFO - ==================================================
2025-03-11 21:10:58,155 - sec_monitor - INFO - Processing first chunk
2025-03-11 21:10:58,156 - sec_monitor - INFO - Timestamp: 2025-03-11 21:10:58
2025-03-11 21:10:58,317 - sec_monitor - INFO - token percentage = 6%
2025-03-11 21:10:58,317 - sec_monitor - INFO - Making API call - Attempt 1/3
2025-03-11 21:10:58,317 - sec_monitor - INFO - Timestamp: 2025-03-11 21:10:58
2025-03-11 21:11:01,270 - sec_monitor - INFO - API call successful
2025-03-11 21:11:02,271 - sec_monitor - INFO - Processing filing 4/13: IVZ
2025-03-11 21:11:32,770 - sec_monitor - INFO - ==================================================
2025-03-11 21:11:32,770 - sec_monitor - INFO - Processing first chunk
2025-03-11 21:11:32,770 - sec_monitor - INFO - Timestamp: 2025-03-11 21:11:32
2025-03-11 21:11:32,843 - sec_monitor - INFO - token percentage = 4%
2025-03-11 21:11:32,843 - sec_monitor - INFO - Making API call - Attempt 1/3
2025-03-11 21:11:32,843 - sec_monitor - INFO - Timestamp: 2025-03-11 21:11:32
2025-03-11 21:11:35,684 - sec_monitor - INFO - API call successful
2025-03-11 21:11:36,685 - sec_monitor - INFO - Processing filing 5/13: MCD
2025-03-11 21:12:10,345 - sec_monitor - INFO - ==================================================
2025-03-11 21:12:10,345 - sec_monitor - INFO - Processing first chunk
2025-03-11 21:12:10,345 - sec_monitor - INFO - Timestamp: 2025-03-11 21:12:10
2025-03-11 21:12:10,600 - sec_monitor - INFO - token percentage = 35%
2025-03-11 21:12:10,600 - sec_monitor - INFO - Making API call - Attempt 1/3
2025-03-11 21:12:10,601 - sec_monitor - INFO - Timestamp: 2025-03-11 21:12:10
2025-03-11 21:12:21,156 - sec_monitor - INFO - API call successful
2025-03-11 21:12:22,157 - sec_monitor - INFO - Processing filing 6/13: AXON
2025-03-11 21:12:59,151 - sec_monitor - INFO - ==================================================
2025-03-11 21:12:59,151 - sec_monitor - INFO - Processing first chunk
2025-03-11 21:12:59,152 - sec_monitor - INFO - Timestamp: 2025-03-11 21:12:59
2025-03-11 21:13:00,696 - sec_monitor - INFO - token percentage = 35%
2025-03-11 21:13:00,697 - sec_monitor - INFO - Making API call - Attempt 1/3
2025-03-11 21:13:00,697 - sec_monitor - INFO - Timestamp: 2025-03-11 21:13:00
2025-03-11 21:13:12,395 - sec_monitor - INFO - API call successful
2025-03-11 21:13:42,423 - sec_monitor - INFO - ==================================================
2025-03-11 21:13:42,423 - sec_monitor - INFO - Processing last chunk
2025-03-11 21:13:42,423 - sec_monitor - INFO - Timestamp: 2025-03-11 21:13:42
2025-03-11 21:13:42,586 - sec_monitor - INFO - token percentage = 29%
2025-03-11 21:13:42,586 - sec_monitor - INFO - Making API call - Attempt 1/3
2025-03-11 21:13:42,586 - sec_monitor - INFO - Timestamp: 2025-03-11 21:13:42
2025-03-11 21:13:50,897 - sec_monitor - INFO - API call successful
2025-03-11 21:13:50,898 - sec_monitor - INFO - Making combine API call - Attempt 1/3
2025-03-11 21:13:50,898 - sec_monitor - INFO - Timestamp: 2025-03-11 21:13:50
2025-03-11 21:13:51,744 - sec_monitor - INFO - Combine API call successful
2025-03-11 21:13:52,747 - sec_monitor - INFO - Processing filing 7/13: ORCL
2025-03-11 21:14:41,455 - sec_monitor - INFO - ==================================================
2025-03-11 21:14:41,456 - sec_monitor - INFO - Processing first chunk
2025-03-11 21:14:41,456 - sec_monitor - INFO - Timestamp: 2025-03-11 21:14:41
2025-03-11 21:14:42,540 - sec_monitor - INFO - token percentage = 45%
2025-03-11 21:14:42,541 - sec_monitor - INFO - Making API call - Attempt 1/3
2025-03-11 21:14:42,541 - sec_monitor - INFO - Timestamp: 2025-03-11 21:14:42
2025-03-11 21:14:56,658 - sec_monitor - INFO - API call successful
2025-03-11 21:15:26,689 - sec_monitor - INFO - ==================================================
2025-03-11 21:15:26,689 - sec_monitor - INFO - Processing middle chunk
2025-03-11 21:15:26,689 - sec_monitor - INFO - Timestamp: 2025-03-11 21:15:26
2025-03-11 21:15:27,480 - sec_monitor - INFO - token percentage = 57%
2025-03-11 21:15:27,481 - sec_monitor - INFO - Making API call - Attempt 1/3
2025-03-11 21:15:27,481 - sec_monitor - INFO - Timestamp: 2025-03-11 21:15:27
2025-03-11 21:15:45,960 - sec_monitor - INFO - API call successful
2025-03-11 21:16:15,990 - sec_monitor - INFO - ==================================================
2025-03-11 21:16:15,991 - sec_monitor - INFO - Processing middle chunk
2025-03-11 21:16:15,991 - sec_monitor - INFO - Timestamp: 2025-03-11 21:16:15
2025-03-11 21:16:16,955 - sec_monitor - INFO - token percentage = 46%
2025-03-11 21:16:16,956 - sec_monitor - INFO - Making API call - Attempt 1/3
2025-03-11 21:16:16,956 - sec_monitor - INFO - Timestamp: 2025-03-11 21:16:16
2025-03-11 21:16:32,181 - sec_monitor - INFO - API call successful
2025-03-11 21:17:02,205 - sec_monitor - INFO - ==================================================
2025-03-11 21:17:02,205 - sec_monitor - INFO - Processing last chunk
2025-03-11 21:17:02,205 - sec_monitor - INFO - Timestamp: 2025-03-11 21:17:02
2025-03-11 21:17:02,324 - sec_monitor - INFO - token percentage = 9%
2025-03-11 21:17:02,324 - sec_monitor - INFO - Making API call - Attempt 1/3
2025-03-11 21:17:02,325 - sec_monitor - INFO - Timestamp: 2025-03-11 21:17:02
2025-03-11 21:17:06,376 - sec_monitor - INFO - API call successful
2025-03-11 21:17:06,376 - sec_monitor - INFO - Making combine API call - Attempt 1/3
2025-03-11 21:17:06,376 - sec_monitor - INFO - Timestamp: 2025-03-11 21:17:06
2025-03-11 21:17:07,634 - sec_monitor - INFO - Combine API call successful
2025-03-11 21:17:08,636 - sec_monitor - INFO - Processing filing 8/13: DOW
2025-03-11 21:17:40,045 - sec_monitor - INFO - ==================================================
2025-03-11 21:17:40,045 - sec_monitor - INFO - Processing first chunk
2025-03-11 21:17:40,045 - sec_monitor - INFO - Timestamp: 2025-03-11 21:17:40
2025-03-11 21:17:40,371 - sec_monitor - INFO - token percentage = 15%
2025-03-11 21:17:40,371 - sec_monitor - INFO - Making API call - Attempt 1/3
2025-03-11 21:17:40,371 - sec_monitor - INFO - Timestamp: 2025-03-11 21:17:40
2025-03-11 21:17:46,269 - sec_monitor - INFO - API call successful
2025-03-11 21:17:47,270 - sec_monitor - INFO - Processing filing 9/13: WDAY
2025-03-11 21:18:56,358 - sec_monitor - INFO - ==================================================
2025-03-11 21:18:56,358 - sec_monitor - INFO - Processing first chunk
2025-03-11 21:18:56,358 - sec_monitor - INFO - Timestamp: 2025-03-11 21:18:56
2025-03-11 21:18:57,610 - sec_monitor - INFO - token percentage = 32%
2025-03-11 21:18:57,611 - sec_monitor - INFO - Making API call - Attempt 1/3
2025-03-11 21:18:57,611 - sec_monitor - INFO - Timestamp: 2025-03-11 21:18:57
2025-03-11 21:19:08,561 - sec_monitor - INFO - API call successful
2025-03-11 21:19:38,568 - sec_monitor - INFO - ==================================================
2025-03-11 21:19:38,568 - sec_monitor - INFO - Processing middle chunk
2025-03-11 21:19:38,568 - sec_monitor - INFO - Timestamp: 2025-03-11 21:19:38
2025-03-11 21:19:39,546 - sec_monitor - INFO - token percentage = 50%
2025-03-11 21:19:39,546 - sec_monitor - INFO - Making API call - Attempt 1/3
2025-03-11 21:19:39,546 - sec_monitor - INFO - Timestamp: 2025-03-11 21:19:39
2025-03-11 21:19:55,324 - sec_monitor - INFO - API call successful
2025-03-11 21:20:25,354 - sec_monitor - INFO - ==================================================
2025-03-11 21:20:25,354 - sec_monitor - INFO - Processing middle chunk
2025-03-11 21:20:25,354 - sec_monitor - INFO - Timestamp: 2025-03-11 21:20:25
2025-03-11 21:20:26,093 - sec_monitor - INFO - token percentage = 69%
2025-03-11 21:20:26,093 - sec_monitor - INFO - Making API call - Attempt 1/3
2025-03-11 21:20:26,094 - sec_monitor - INFO - Timestamp: 2025-03-11 21:20:26
2025-03-11 21:20:49,302 - sec_monitor - INFO - API call successful
2025-03-11 21:21:19,332 - sec_monitor - INFO - ==================================================
2025-03-11 21:21:19,332 - sec_monitor - INFO - Processing middle chunk
2025-03-11 21:21:19,332 - sec_monitor - INFO - Timestamp: 2025-03-11 21:21:19
2025-03-11 21:21:20,390 - sec_monitor - INFO - token percentage = 49%
2025-03-11 21:21:20,391 - sec_monitor - INFO - Making API call - Attempt 1/3
2025-03-11 21:21:20,391 - sec_monitor - INFO - Timestamp: 2025-03-11 21:21:20
2025-03-11 21:21:36,065 - sec_monitor - INFO - API call successful
2025-03-11 21:22:06,080 - sec_monitor - INFO - ==================================================
2025-03-11 21:22:06,080 - sec_monitor - INFO - Processing middle chunk
2025-03-11 21:22:06,080 - sec_monitor - INFO - Timestamp: 2025-03-11 21:22:06
2025-03-11 21:22:06,996 - sec_monitor - INFO - token percentage = 47%
2025-03-11 21:22:06,996 - sec_monitor - INFO - Making API call - Attempt 1/3
2025-03-11 21:22:06,997 - sec_monitor - INFO - Timestamp: 2025-03-11 21:22:06
2025-03-11 21:22:21,428 - sec_monitor - INFO - API call successful
2025-03-11 21:22:51,458 - sec_monitor - INFO - ==================================================
2025-03-11 21:22:51,458 - sec_monitor - INFO - Processing last chunk
2025-03-11 21:22:51,458 - sec_monitor - INFO - Timestamp: 2025-03-11 21:22:51
2025-03-11 21:22:51,541 - sec_monitor - INFO - token percentage = 7%
2025-03-11 21:22:51,541 - sec_monitor - INFO - Making API call - Attempt 1/3
2025-03-11 21:22:51,541 - sec_monitor - INFO - Timestamp: 2025-03-11 21:22:51
2025-03-11 21:22:54,457 - sec_monitor - INFO - API call successful
2025-03-11 21:22:54,457 - sec_monitor - INFO - Making combine API call - Attempt 1/3
2025-03-11 21:22:54,457 - sec_monitor - INFO - Timestamp: 2025-03-11 21:22:54
2025-03-11 21:22:55,633 - sec_monitor - INFO - Combine API call successful
2025-03-11 21:22:56,635 - sec_monitor - INFO - Processing filing 10/13: WST
2025-03-11 21:23:27,116 - sec_monitor - INFO - ==================================================
2025-03-11 21:23:27,117 - sec_monitor - INFO - Processing first chunk
2025-03-11 21:23:27,117 - sec_monitor - INFO - Timestamp: 2025-03-11 21:23:27
2025-03-11 21:23:27,199 - sec_monitor - INFO - token percentage = 5%
2025-03-11 21:23:27,199 - sec_monitor - INFO - Making API call - Attempt 1/3
2025-03-11 21:23:27,199 - sec_monitor - INFO - Timestamp: 2025-03-11 21:23:27
2025-03-11 21:23:29,854 - sec_monitor - INFO - API call successful
2025-03-11 21:23:30,856 - sec_monitor - INFO - Processing filing 11/13: VRSK
2025-03-11 21:24:01,804 - sec_monitor - INFO - ==================================================
2025-03-11 21:24:01,804 - sec_monitor - INFO - Processing first chunk
2025-03-11 21:24:01,805 - sec_monitor - INFO - Timestamp: 2025-03-11 21:24:01
2025-03-11 21:24:02,023 - sec_monitor - INFO - token percentage = 10%
2025-03-11 21:24:02,023 - sec_monitor - INFO - Making API call - Attempt 1/3
2025-03-11 21:24:02,023 - sec_monitor - INFO - Timestamp: 2025-03-11 21:24:02
2025-03-11 21:24:06,568 - sec_monitor - INFO - API call successful
2025-03-11 21:24:07,570 - sec_monitor - INFO - Processing filing 12/13: EXR
2025-03-11 21:24:38,435 - sec_monitor - INFO - ==================================================
2025-03-11 21:24:38,435 - sec_monitor - INFO - Processing first chunk
2025-03-11 21:24:38,435 - sec_monitor - INFO - Timestamp: 2025-03-11 21:24:38
2025-03-11 21:24:38,678 - sec_monitor - INFO - token percentage = 8%
2025-03-11 21:24:38,679 - sec_monitor - INFO - Making API call - Attempt 1/3
2025-03-11 21:24:38,679 - sec_monitor - INFO - Timestamp: 2025-03-11 21:24:38
2025-03-11 21:24:42,474 - sec_monitor - INFO - API call successful
2025-03-11 21:24:43,475 - sec_monitor - INFO - Processing filing 13/13: MCO
2025-03-11 21:25:13,855 - sec_monitor - INFO - ==================================================
2025-03-11 21:25:13,855 - sec_monitor - INFO - Processing first chunk
2025-03-11 21:25:13,855 - sec_monitor - INFO - Timestamp: 2025-03-11 21:25:13
2025-03-11 21:25:13,924 - sec_monitor - INFO - token percentage = 3%
2025-03-11 21:25:13,924 - sec_monitor - INFO - Making API call - Attempt 1/3
2025-03-11 21:25:13,924 - sec_monitor - INFO - Timestamp: 2025-03-11 21:25:13
2025-03-11 21:25:15,829 - sec_monitor - INFO - API call successful
2025-03-11 21:25:16,831 - sec_monitor - INFO - Fetching supplementary data...
2025-03-11 21:25:17,246 - sec_monitor - INFO - filing_tickers type: <class 'list'>
2025-03-11 21:25:17,246 - sec_monitor - INFO - filing_data type: <class 'list'>
2025-03-11 21:25:17,246 - sec_monitor - INFO - Market open: False
2025-03-11 21:25:17,246 - sec_monitor - INFO - Number of filing times mapped: 13
2025-03-11 21:25:17,272 - sec_monitor - INFO - Last trading day: 2025-03-11
2025-03-11 21:25:17,272 - sec_monitor - INFO - Processing ticker: AMT
2025-03-11 21:25:17,620 - sec_monitor - INFO - Number of bars for AMT: 3
2025-03-11 21:25:17,620 - sec_monitor - INFO - Last bar close for AMT: 212.95
2025-03-11 21:25:17,620 - sec_monitor - INFO - Outside market hours price for AMT: 212.95
2025-03-11 21:25:17,620 - sec_monitor - INFO - Processing ticker: LVS
2025-03-11 21:25:17,644 - sec_monitor - INFO - Number of bars for LVS: 3
2025-03-11 21:25:17,645 - sec_monitor - INFO - Last bar close for LVS: 45.34
2025-03-11 21:25:17,645 - sec_monitor - INFO - Outside market hours price for LVS: 45.34
2025-03-11 21:25:17,645 - sec_monitor - INFO - Processing ticker: VRSN
2025-03-11 21:25:17,673 - sec_monitor - INFO - Number of bars for VRSN: 3
2025-03-11 21:25:17,673 - sec_monitor - INFO - Last bar close for VRSN: 238.92
2025-03-11 21:25:17,673 - sec_monitor - INFO - Outside market hours price for VRSN: 238.92
2025-03-11 21:25:17,673 - sec_monitor - INFO - Processing ticker: IVZ
2025-03-11 21:25:17,702 - sec_monitor - INFO - Number of bars for IVZ: 3
2025-03-11 21:25:17,703 - sec_monitor - INFO - Last bar close for IVZ: 14.83
2025-03-11 21:25:17,703 - sec_monitor - INFO - Outside market hours price for IVZ: 14.83
2025-03-11 21:25:17,703 - sec_monitor - INFO - Processing ticker: MCD
2025-03-11 21:25:17,730 - sec_monitor - INFO - Number of bars for MCD: 3
2025-03-11 21:25:17,730 - sec_monitor - INFO - Last bar close for MCD: 317.205
2025-03-11 21:25:17,730 - sec_monitor - INFO - Outside market hours price for MCD: 317.205
2025-03-11 21:25:17,730 - sec_monitor - INFO - Processing ticker: AXON
2025-03-11 21:25:17,759 - sec_monitor - INFO - Number of bars for AXON: 3
2025-03-11 21:25:17,759 - sec_monitor - INFO - Last bar close for AXON: 515.57
2025-03-11 21:25:17,760 - sec_monitor - INFO - Outside market hours price for AXON: 515.57
2025-03-11 21:25:17,760 - sec_monitor - INFO - Processing ticker: ORCL
2025-03-11 21:25:17,786 - sec_monitor - INFO - Number of bars for ORCL: 3
2025-03-11 21:25:17,786 - sec_monitor - INFO - Last bar close for ORCL: 148.77
2025-03-11 21:25:17,787 - sec_monitor - INFO - Outside market hours price for ORCL: 148.77
2025-03-11 21:25:17,787 - sec_monitor - INFO - Processing ticker: DOW
2025-03-11 21:25:17,810 - sec_monitor - INFO - Number of bars for DOW: 3
2025-03-11 21:25:17,810 - sec_monitor - INFO - Last bar close for DOW: 37.41
2025-03-11 21:25:17,810 - sec_monitor - INFO - Outside market hours price for DOW: 37.41
2025-03-11 21:25:17,810 - sec_monitor - INFO - Processing ticker: WDAY
2025-03-11 21:25:17,834 - sec_monitor - INFO - Number of bars for WDAY: 3
2025-03-11 21:25:17,835 - sec_monitor - INFO - Last bar close for WDAY: 243.06
2025-03-11 21:25:17,835 - sec_monitor - INFO - Outside market hours price for WDAY: 243.06
2025-03-11 21:25:17,835 - sec_monitor - INFO - Processing ticker: WST
2025-03-11 21:25:17,859 - sec_monitor - INFO - Number of bars for WST: 3
2025-03-11 21:25:17,859 - sec_monitor - INFO - Last bar close for WST: 226.1
2025-03-11 21:25:17,859 - sec_monitor - INFO - Outside market hours price for WST: 226.1
2025-03-11 21:25:17,859 - sec_monitor - INFO - Processing ticker: VRSK
2025-03-11 21:25:17,883 - sec_monitor - INFO - Number of bars for VRSK: 3
2025-03-11 21:25:17,883 - sec_monitor - INFO - Last bar close for VRSK: 298.15
2025-03-11 21:25:17,884 - sec_monitor - INFO - Outside market hours price for VRSK: 298.15
2025-03-11 21:25:17,884 - sec_monitor - INFO - Processing ticker: EXR
2025-03-11 21:25:17,916 - sec_monitor - INFO - Number of bars for EXR: 3
2025-03-11 21:25:17,916 - sec_monitor - INFO - Last bar close for EXR: 155.59
2025-03-11 21:25:17,916 - sec_monitor - INFO - Outside market hours price for EXR: 155.59
2025-03-11 21:25:17,916 - sec_monitor - INFO - Processing ticker: MCO
2025-03-11 21:25:17,939 - sec_monitor - INFO - Number of bars for MCO: 3
2025-03-11 21:25:17,939 - sec_monitor - INFO - Last bar close for MCO: 449.815
2025-03-11 21:25:17,939 - sec_monitor - INFO - Outside market hours price for MCO: 449.815
2025-03-11 21:25:22,894 - sec_monitor - INFO - Generating final output...
2025-03-11 21:25:22,895 - sec_monitor - INFO - Successfully merged 13 new filings with existing JSON
2025-03-11 21:25:22,895 - sec_monitor - INFO - Cumulative stats - Input words: 2166784, Output words: 1900
2025-03-11 21:25:22,896 - sec_monitor - INFO - Successfully saved/merged output to output/sec_filings.json
2025-03-11 21:25:22,896 - sec_monitor - INFO - Processing complete. Stats: {'input_words': 964845, 'output_words': 906, 'filings_processed': 13}
