2025-05-23 11:10:00,599 - sec_monitor - INFO - Starting SEC filing monitor 
2025-05-23 11:10:00,599 - sec_monitor - INFO - Loading S&P 500 data...
2025-05-23 11:10:00,599 - sec_monitor - INFO - Starting S&P 500 data initialization
2025-05-23 11:10:00,599 - sec_monitor - INFO - Successfully loaded 503 S&P 500 tickers
2025-05-23 11:10:00,599 - sec_monitor - INFO - Successfully loaded 503 S&P 500 tickers
2025-05-23 11:10:00,599 - sec_monitor - INFO - Initializing components...
2025-05-23 11:10:00,600 - sec_monitor - INFO - Initializing components
2025-05-23 11:10:00,600 - sec_monitor - INFO - SEC fetcher initialized
2025-05-23 11:10:00,600 - sec_monitor - INFO - Filing analyzer initialized
2025-05-23 11:10:00,600 - sec_monitor - INFO - Alpaca clients initialized
2025-05-23 11:10:00,600 - sec_monitor - INFO - All components initialized successfully
2025-05-23 11:10:00,601 - sec_monitor - INFO - Found old JSON file, archiving
2025-05-23 11:10:00,602 - sec_monitor - INFO - Starting new filing collection for today
2025-05-23 11:10:00,602 - sec_monitor - INFO - Fetching SEC filings...
2025-05-23 11:10:14,084 - sec_monitor - INFO - No more entries found
2025-05-23 11:10:14,084 - sec_monitor - INFO - Completed fetching. Found 121 total filings
2025-05-23 11:10:14,084 - sec_monitor - INFO - Found 5 new interesting filings
2025-05-23 11:10:14,084 - sec_monitor - INFO - Found 5 new filings to process
2025-05-23 11:10:14,084 - sec_monitor - INFO - Processing filing 1/5: TPR
2025-05-23 11:10:45,927 - sec_monitor - INFO - ==================================================
2025-05-23 11:10:45,927 - sec_monitor - INFO - Processing first chunk
2025-05-23 11:10:45,927 - sec_monitor - INFO - Timestamp: 2025-05-23 11:10:45
2025-05-23 11:10:46,431 - sec_monitor - INFO - token percentage = 13%
2025-05-23 11:10:46,431 - sec_monitor - INFO - Making API call - Attempt 1/3
2025-05-23 11:10:46,431 - sec_monitor - INFO - Timestamp: 2025-05-23 11:10:46
2025-05-23 11:11:03,147 - sec_monitor - INFO - API call successful
2025-05-23 11:11:04,149 - sec_monitor - INFO - Processing filing 2/5: BKR
2025-05-23 11:11:34,642 - sec_monitor - INFO - ==================================================
2025-05-23 11:11:34,642 - sec_monitor - INFO - Processing first chunk
2025-05-23 11:11:34,642 - sec_monitor - INFO - Timestamp: 2025-05-23 11:11:34
2025-05-23 11:11:34,734 - sec_monitor - INFO - token percentage = 2%
2025-05-23 11:11:34,734 - sec_monitor - INFO - Making API call - Attempt 1/3
2025-05-23 11:11:34,734 - sec_monitor - INFO - Timestamp: 2025-05-23 11:11:34
2025-05-23 11:11:38,540 - sec_monitor - INFO - API call successful
2025-05-23 11:11:39,542 - sec_monitor - INFO - Processing filing 3/5: TMO
2025-05-23 11:12:10,196 - sec_monitor - INFO - ==================================================
2025-05-23 11:12:10,197 - sec_monitor - INFO - Processing first chunk
2025-05-23 11:12:10,197 - sec_monitor - INFO - Timestamp: 2025-05-23 11:12:10
2025-05-23 11:12:10,340 - sec_monitor - INFO - token percentage = 5%
2025-05-23 11:12:10,340 - sec_monitor - INFO - Making API call - Attempt 1/3
2025-05-23 11:12:10,340 - sec_monitor - INFO - Timestamp: 2025-05-23 11:12:10
2025-05-23 11:12:18,359 - sec_monitor - INFO - API call successful
2025-05-23 11:12:19,361 - sec_monitor - INFO - Processing filing 4/5: PNW
2025-05-23 11:12:49,748 - sec_monitor - INFO - ==================================================
2025-05-23 11:12:49,749 - sec_monitor - INFO - Processing first chunk
2025-05-23 11:12:49,749 - sec_monitor - INFO - Timestamp: 2025-05-23 11:12:49
2025-05-23 11:12:49,820 - sec_monitor - INFO - token percentage = 2%
2025-05-23 11:12:49,820 - sec_monitor - INFO - Making API call - Attempt 1/3
2025-05-23 11:12:49,820 - sec_monitor - INFO - Timestamp: 2025-05-23 11:12:49
2025-05-23 11:12:52,899 - sec_monitor - INFO - API call successful
2025-05-23 11:12:53,900 - sec_monitor - INFO - Processing filing 5/5: AWK
2025-05-23 11:13:24,564 - sec_monitor - INFO - ==================================================
2025-05-23 11:13:24,565 - sec_monitor - INFO - Processing first chunk
2025-05-23 11:13:24,565 - sec_monitor - INFO - Timestamp: 2025-05-23 11:13:24
2025-05-23 11:13:24,680 - sec_monitor - INFO - token percentage = 8%
2025-05-23 11:13:24,680 - sec_monitor - INFO - Making API call - Attempt 1/3
2025-05-23 11:13:24,681 - sec_monitor - INFO - Timestamp: 2025-05-23 11:13:24
2025-05-23 11:13:46,990 - sec_monitor - INFO - API call successful
2025-05-23 11:13:47,992 - sec_monitor - INFO - Fetching supplementary data...
2025-05-23 11:13:48,357 - sec_monitor - INFO - filing_tickers type: <class 'list'>
2025-05-23 11:13:48,357 - sec_monitor - INFO - filing_data type: <class 'list'>
2025-05-23 11:13:48,357 - sec_monitor - INFO - Market open: False
2025-05-23 11:13:48,357 - sec_monitor - INFO - Number of filing times mapped: 5
2025-05-23 11:13:48,382 - sec_monitor - INFO - Last trading day: 2025-05-23
2025-05-23 11:13:48,382 - sec_monitor - INFO - Processing ticker: TPR
2025-05-23 11:13:48,770 - sec_monitor - INFO - Number of bars for TPR: 4
2025-05-23 11:13:48,770 - sec_monitor - INFO - Last bar close for TPR: 78.97
2025-05-23 11:13:48,770 - sec_monitor - INFO - Outside market hours price for TPR: 78.97
2025-05-23 11:13:48,770 - sec_monitor - INFO - Processing ticker: BKR
2025-05-23 11:13:48,801 - sec_monitor - INFO - Number of bars for BKR: 4
2025-05-23 11:13:48,801 - sec_monitor - INFO - Last bar close for BKR: 36.59
2025-05-23 11:13:48,801 - sec_monitor - INFO - Outside market hours price for BKR: 36.59
2025-05-23 11:13:48,801 - sec_monitor - INFO - Processing ticker: TMO
2025-05-23 11:13:48,830 - sec_monitor - INFO - Number of bars for TMO: 4
2025-05-23 11:13:48,830 - sec_monitor - INFO - Last bar close for TMO: 400.24
2025-05-23 11:13:48,831 - sec_monitor - INFO - Outside market hours price for TMO: 400.24
2025-05-23 11:13:48,831 - sec_monitor - INFO - Processing ticker: PNW
2025-05-23 11:13:48,860 - sec_monitor - INFO - Number of bars for PNW: 4
2025-05-23 11:13:48,860 - sec_monitor - INFO - Last bar close for PNW: 89.87
2025-05-23 11:13:48,860 - sec_monitor - INFO - Outside market hours price for PNW: 89.87
2025-05-23 11:13:48,860 - sec_monitor - INFO - Processing ticker: AWK
2025-05-23 11:13:48,888 - sec_monitor - INFO - Number of bars for AWK: 4
2025-05-23 11:13:48,889 - sec_monitor - INFO - Last bar close for AWK: 141.83
2025-05-23 11:13:48,889 - sec_monitor - INFO - Outside market hours price for AWK: 141.83
2025-05-23 11:13:50,611 - sec_monitor - INFO - Generating final output...
2025-05-23 11:13:50,612 - sec_monitor - INFO - Successfully saved/merged output to output/sec_filings.json
2025-05-23 11:13:50,612 - sec_monitor - INFO - Processing complete. Stats: {'input_words': 95437, 'output_words': 440, 'filings_processed': 5}
