2025-02-28 11:08:59,470 - sec_monitor - INFO - Starting SEC filing monitor 
2025-02-28 11:08:59,470 - sec_monitor - INFO - Loading S&P 500 data...
2025-02-28 11:08:59,470 - sec_monitor - INFO - Starting S&P 500 data initialization
2025-02-28 11:08:59,470 - sec_monitor - INFO - Successfully loaded 503 S&P 500 tickers
2025-02-28 11:08:59,470 - sec_monitor - INFO - Successfully loaded 503 S&P 500 tickers
2025-02-28 11:08:59,471 - sec_monitor - INFO - Initializing components...
2025-02-28 11:08:59,471 - sec_monitor - INFO - Initializing components
2025-02-28 11:08:59,471 - sec_monitor - INFO - SEC fetcher initialized
2025-02-28 11:08:59,471 - sec_monitor - INFO - Filing analyzer initialized
2025-02-28 11:08:59,471 - sec_monitor - INFO - Alpaca clients initialized
2025-02-28 11:08:59,471 - sec_monitor - INFO - All components initialized successfully
2025-02-28 11:08:59,472 - sec_monitor - INFO - Found old JSON file, archiving
2025-02-28 11:08:59,473 - sec_monitor - INFO - Starting new filing collection for today
2025-02-28 11:08:59,473 - sec_monitor - INFO - Fetching SEC filings...
2025-02-28 11:09:12,952 - sec_monitor - INFO - No more entries found
2025-02-28 11:09:12,952 - sec_monitor - INFO - Completed fetching. Found 107 total filings
2025-02-28 11:09:12,952 - sec_monitor - INFO - Found 13 new interesting filings
2025-02-28 11:09:12,952 - sec_monitor - INFO - Found 13 new filings to process
2025-02-28 11:09:12,952 - sec_monitor - INFO - Processing filing 1/13: AES
2025-02-28 11:09:43,998 - sec_monitor - INFO - ==================================================
2025-02-28 11:09:43,998 - sec_monitor - INFO - Processing first chunk
2025-02-28 11:09:43,998 - sec_monitor - INFO - Timestamp: 2025-02-28 11:09:43
2025-02-28 11:09:44,154 - sec_monitor - INFO - token percentage = 9%
2025-02-28 11:09:44,154 - sec_monitor - INFO - Making API call - Attempt 1/3
2025-02-28 11:09:44,154 - sec_monitor - INFO - Timestamp: 2025-02-28 11:09:44
2025-02-28 11:09:48,242 - sec_monitor - INFO - API call successful
2025-02-28 11:09:49,244 - sec_monitor - INFO - Processing filing 2/13: EIX
2025-02-28 11:11:10,800 - sec_monitor - INFO - ==================================================
2025-02-28 11:11:10,800 - sec_monitor - INFO - Processing first chunk
2025-02-28 11:11:10,800 - sec_monitor - INFO - Timestamp: 2025-02-28 11:11:10
2025-02-28 11:11:11,201 - sec_monitor - INFO - token percentage = 47%
2025-02-28 11:11:11,202 - sec_monitor - INFO - Making API call - Attempt 1/3
2025-02-28 11:11:11,202 - sec_monitor - INFO - Timestamp: 2025-02-28 11:11:11
2025-02-28 11:11:25,753 - sec_monitor - INFO - API call successful
2025-02-28 11:11:55,784 - sec_monitor - INFO - ==================================================
2025-02-28 11:11:55,784 - sec_monitor - INFO - Processing middle chunk
2025-02-28 11:11:55,784 - sec_monitor - INFO - Timestamp: 2025-02-28 11:11:55
2025-02-28 11:11:56,014 - sec_monitor - INFO - token percentage = 50%
2025-02-28 11:11:56,014 - sec_monitor - INFO - Making API call - Attempt 1/3
2025-02-28 11:11:56,014 - sec_monitor - INFO - Timestamp: 2025-02-28 11:11:56
2025-02-28 11:12:11,171 - sec_monitor - INFO - API call successful
2025-02-28 11:12:41,201 - sec_monitor - INFO - ==================================================
2025-02-28 11:12:41,201 - sec_monitor - INFO - Processing middle chunk
2025-02-28 11:12:41,201 - sec_monitor - INFO - Timestamp: 2025-02-28 11:12:41
2025-02-28 11:12:41,558 - sec_monitor - INFO - token percentage = 50%
2025-02-28 11:12:41,558 - sec_monitor - INFO - Making API call - Attempt 1/3
2025-02-28 11:12:41,558 - sec_monitor - INFO - Timestamp: 2025-02-28 11:12:41
2025-02-28 11:12:56,646 - sec_monitor - INFO - API call successful
2025-02-28 11:13:26,654 - sec_monitor - INFO - ==================================================
2025-02-28 11:13:26,654 - sec_monitor - INFO - Processing middle chunk
2025-02-28 11:13:26,654 - sec_monitor - INFO - Timestamp: 2025-02-28 11:13:26
2025-02-28 11:13:26,940 - sec_monitor - INFO - token percentage = 51%
2025-02-28 11:13:26,940 - sec_monitor - INFO - Making API call - Attempt 1/3
2025-02-28 11:13:26,940 - sec_monitor - INFO - Timestamp: 2025-02-28 11:13:26
2025-02-28 11:13:42,451 - sec_monitor - INFO - API call successful
2025-02-28 11:14:12,470 - sec_monitor - INFO - ==================================================
2025-02-28 11:14:12,470 - sec_monitor - INFO - Processing middle chunk
2025-02-28 11:14:12,471 - sec_monitor - INFO - Timestamp: 2025-02-28 11:14:12
2025-02-28 11:14:12,730 - sec_monitor - INFO - token percentage = 51%
2025-02-28 11:14:12,730 - sec_monitor - INFO - Making API call - Attempt 1/3
2025-02-28 11:14:12,730 - sec_monitor - INFO - Timestamp: 2025-02-28 11:14:12
2025-02-28 11:14:27,748 - sec_monitor - INFO - API call successful
2025-02-28 11:14:57,779 - sec_monitor - INFO - ==================================================
2025-02-28 11:14:57,779 - sec_monitor - INFO - Processing middle chunk
2025-02-28 11:14:57,779 - sec_monitor - INFO - Timestamp: 2025-02-28 11:14:57
2025-02-28 11:14:57,992 - sec_monitor - INFO - token percentage = 50%
2025-02-28 11:14:57,992 - sec_monitor - INFO - Making API call - Attempt 1/3
2025-02-28 11:14:57,992 - sec_monitor - INFO - Timestamp: 2025-02-28 11:14:57
2025-02-28 11:15:13,085 - sec_monitor - INFO - API call successful
2025-02-28 11:15:43,115 - sec_monitor - INFO - ==================================================
2025-02-28 11:15:43,116 - sec_monitor - INFO - Processing middle chunk
2025-02-28 11:15:43,116 - sec_monitor - INFO - Timestamp: 2025-02-28 11:15:43
2025-02-28 11:15:43,468 - sec_monitor - INFO - token percentage = 50%
2025-02-28 11:15:43,468 - sec_monitor - INFO - Making API call - Attempt 1/3
2025-02-28 11:15:43,469 - sec_monitor - INFO - Timestamp: 2025-02-28 11:15:43
2025-02-28 11:15:58,217 - sec_monitor - INFO - API call successful
2025-02-28 11:16:28,234 - sec_monitor - INFO - ==================================================
2025-02-28 11:16:28,234 - sec_monitor - INFO - Processing middle chunk
2025-02-28 11:16:28,234 - sec_monitor - INFO - Timestamp: 2025-02-28 11:16:28
2025-02-28 11:16:28,444 - sec_monitor - INFO - token percentage = 50%
2025-02-28 11:16:28,445 - sec_monitor - INFO - Making API call - Attempt 1/3
2025-02-28 11:16:28,445 - sec_monitor - INFO - Timestamp: 2025-02-28 11:16:28
2025-02-28 11:16:44,367 - sec_monitor - INFO - API call successful
2025-02-28 11:17:14,397 - sec_monitor - INFO - ==================================================
2025-02-28 11:17:14,397 - sec_monitor - INFO - Processing middle chunk
2025-02-28 11:17:14,397 - sec_monitor - INFO - Timestamp: 2025-02-28 11:17:14
2025-02-28 11:17:14,764 - sec_monitor - INFO - token percentage = 49%
2025-02-28 11:17:14,765 - sec_monitor - INFO - Making API call - Attempt 1/3
2025-02-28 11:17:14,765 - sec_monitor - INFO - Timestamp: 2025-02-28 11:17:14
2025-02-28 11:17:29,056 - sec_monitor - INFO - API call successful
2025-02-28 11:17:59,086 - sec_monitor - INFO - ==================================================
2025-02-28 11:17:59,086 - sec_monitor - INFO - Processing middle chunk
2025-02-28 11:17:59,086 - sec_monitor - INFO - Timestamp: 2025-02-28 11:17:59
2025-02-28 11:17:59,300 - sec_monitor - INFO - token percentage = 51%
2025-02-28 11:17:59,300 - sec_monitor - INFO - Making API call - Attempt 1/3
2025-02-28 11:17:59,300 - sec_monitor - INFO - Timestamp: 2025-02-28 11:17:59
2025-02-28 11:18:14,475 - sec_monitor - INFO - API call successful
2025-02-28 11:18:44,504 - sec_monitor - INFO - ==================================================
2025-02-28 11:18:44,504 - sec_monitor - INFO - Processing last chunk
2025-02-28 11:18:44,504 - sec_monitor - INFO - Timestamp: 2025-02-28 11:18:44
2025-02-28 11:18:44,591 - sec_monitor - INFO - token percentage = 16%
2025-02-28 11:18:44,591 - sec_monitor - INFO - Making API call - Attempt 1/3
2025-02-28 11:18:44,592 - sec_monitor - INFO - Timestamp: 2025-02-28 11:18:44
2025-02-28 11:18:49,744 - sec_monitor - INFO - API call successful
2025-02-28 11:18:49,744 - sec_monitor - INFO - Making combine API call - Attempt 1/3
2025-02-28 11:18:49,744 - sec_monitor - INFO - Timestamp: 2025-02-28 11:18:49
2025-02-28 11:18:50,701 - sec_monitor - INFO - Combine API call successful
2025-02-28 11:18:51,703 - sec_monitor - INFO - Processing filing 3/13: INVH
2025-02-28 11:19:47,019 - sec_monitor - INFO - ==================================================
2025-02-28 11:19:47,019 - sec_monitor - INFO - Processing first chunk
2025-02-28 11:19:47,020 - sec_monitor - INFO - Timestamp: 2025-02-28 11:19:47
2025-02-28 11:19:47,267 - sec_monitor - INFO - token percentage = 49%
2025-02-28 11:19:47,268 - sec_monitor - INFO - Making API call - Attempt 1/3
2025-02-28 11:19:47,268 - sec_monitor - INFO - Timestamp: 2025-02-28 11:19:47
2025-02-28 11:20:03,335 - sec_monitor - INFO - API call successful
2025-02-28 11:20:33,351 - sec_monitor - INFO - ==================================================
2025-02-28 11:20:33,352 - sec_monitor - INFO - Processing middle chunk
2025-02-28 11:20:33,352 - sec_monitor - INFO - Timestamp: 2025-02-28 11:20:33
2025-02-28 11:20:33,683 - sec_monitor - INFO - token percentage = 50%
2025-02-28 11:20:33,684 - sec_monitor - INFO - Making API call - Attempt 1/3
2025-02-28 11:20:33,684 - sec_monitor - INFO - Timestamp: 2025-02-28 11:20:33
2025-02-28 11:20:48,613 - sec_monitor - INFO - API call successful
2025-02-28 11:21:18,642 - sec_monitor - INFO - ==================================================
2025-02-28 11:21:18,642 - sec_monitor - INFO - Processing middle chunk
2025-02-28 11:21:18,642 - sec_monitor - INFO - Timestamp: 2025-02-28 11:21:18
2025-02-28 11:21:18,907 - sec_monitor - INFO - token percentage = 50%
2025-02-28 11:21:18,907 - sec_monitor - INFO - Making API call - Attempt 1/3
2025-02-28 11:21:18,907 - sec_monitor - INFO - Timestamp: 2025-02-28 11:21:18
2025-02-28 11:21:33,919 - sec_monitor - INFO - API call successful
2025-02-28 11:22:03,936 - sec_monitor - INFO - ==================================================
2025-02-28 11:22:03,936 - sec_monitor - INFO - Processing middle chunk
2025-02-28 11:22:03,936 - sec_monitor - INFO - Timestamp: 2025-02-28 11:22:03
2025-02-28 11:22:04,302 - sec_monitor - INFO - token percentage = 49%
2025-02-28 11:22:04,302 - sec_monitor - INFO - Making API call - Attempt 1/3
2025-02-28 11:22:04,303 - sec_monitor - INFO - Timestamp: 2025-02-28 11:22:04
2025-02-28 11:22:18,464 - sec_monitor - INFO - API call successful
2025-02-28 11:22:48,494 - sec_monitor - INFO - ==================================================
2025-02-28 11:22:48,494 - sec_monitor - INFO - Processing last chunk
2025-02-28 11:22:48,495 - sec_monitor - INFO - Timestamp: 2025-02-28 11:22:48
2025-02-28 11:22:48,784 - sec_monitor - INFO - token percentage = 44%
2025-02-28 11:22:48,784 - sec_monitor - INFO - Making API call - Attempt 1/3
2025-02-28 11:22:48,784 - sec_monitor - INFO - Timestamp: 2025-02-28 11:22:48
2025-02-28 11:23:02,026 - sec_monitor - INFO - API call successful
2025-02-28 11:23:02,026 - sec_monitor - INFO - Making combine API call - Attempt 1/3
2025-02-28 11:23:02,026 - sec_monitor - INFO - Timestamp: 2025-02-28 11:23:02
2025-02-28 11:23:03,102 - sec_monitor - INFO - Combine API call successful
2025-02-28 11:23:04,104 - sec_monitor - INFO - Processing filing 4/13: NWS
2025-02-28 11:23:34,722 - sec_monitor - INFO - ==================================================
2025-02-28 11:23:34,722 - sec_monitor - INFO - Processing first chunk
2025-02-28 11:23:34,722 - sec_monitor - INFO - Timestamp: 2025-02-28 11:23:34
2025-02-28 11:23:34,822 - sec_monitor - INFO - token percentage = 7%
2025-02-28 11:23:34,822 - sec_monitor - INFO - Making API call - Attempt 1/3
2025-02-28 11:23:34,822 - sec_monitor - INFO - Timestamp: 2025-02-28 11:23:34
2025-02-28 11:23:38,847 - sec_monitor - INFO - API call successful
2025-02-28 11:23:39,848 - sec_monitor - INFO - Processing filing 5/13: VST
2025-02-28 11:25:29,321 - sec_monitor - INFO - ==================================================
2025-02-28 11:25:29,321 - sec_monitor - INFO - Processing first chunk
2025-02-28 11:25:29,321 - sec_monitor - INFO - Timestamp: 2025-02-28 11:25:29
2025-02-28 11:25:31,871 - sec_monitor - INFO - token percentage = 32%
2025-02-28 11:25:31,871 - sec_monitor - INFO - Making API call - Attempt 1/3
2025-02-28 11:25:31,872 - sec_monitor - INFO - Timestamp: 2025-02-28 11:25:31
2025-02-28 11:25:43,821 - sec_monitor - INFO - API call successful
2025-02-28 11:26:13,852 - sec_monitor - INFO - ==================================================
2025-02-28 11:26:13,852 - sec_monitor - INFO - Processing middle chunk
2025-02-28 11:26:13,852 - sec_monitor - INFO - Timestamp: 2025-02-28 11:26:13
2025-02-28 11:26:15,324 - sec_monitor - INFO - token percentage = 47%
2025-02-28 11:26:15,325 - sec_monitor - INFO - Making API call - Attempt 1/3
2025-02-28 11:26:15,325 - sec_monitor - INFO - Timestamp: 2025-02-28 11:26:15
2025-02-28 11:26:31,597 - sec_monitor - INFO - API call successful
2025-02-28 11:27:01,628 - sec_monitor - INFO - ==================================================
2025-02-28 11:27:01,628 - sec_monitor - INFO - Processing middle chunk
2025-02-28 11:27:01,628 - sec_monitor - INFO - Timestamp: 2025-02-28 11:27:01
2025-02-28 11:27:02,506 - sec_monitor - INFO - token percentage = 50%
2025-02-28 11:27:02,506 - sec_monitor - INFO - Making API call - Attempt 1/3
2025-02-28 11:27:02,506 - sec_monitor - INFO - Timestamp: 2025-02-28 11:27:02
2025-02-28 11:27:18,469 - sec_monitor - INFO - API call successful
2025-02-28 11:27:48,480 - sec_monitor - INFO - ==================================================
2025-02-28 11:27:48,480 - sec_monitor - INFO - Processing middle chunk
2025-02-28 11:27:48,480 - sec_monitor - INFO - Timestamp: 2025-02-28 11:27:48
2025-02-28 11:27:49,317 - sec_monitor - INFO - token percentage = 40%
2025-02-28 11:27:49,317 - sec_monitor - INFO - Making API call - Attempt 1/3
2025-02-28 11:27:49,317 - sec_monitor - INFO - Timestamp: 2025-02-28 11:27:49
2025-02-28 11:28:03,513 - sec_monitor - INFO - API call successful
2025-02-28 11:28:33,532 - sec_monitor - INFO - ==================================================
2025-02-28 11:28:33,532 - sec_monitor - INFO - Processing middle chunk
2025-02-28 11:28:33,532 - sec_monitor - INFO - Timestamp: 2025-02-28 11:28:33
2025-02-28 11:28:34,048 - sec_monitor - INFO - token percentage = 85%
2025-02-28 11:28:34,048 - sec_monitor - INFO - Making API call - Attempt 1/3
2025-02-28 11:28:34,048 - sec_monitor - INFO - Timestamp: 2025-02-28 11:28:34
2025-02-28 11:29:01,536 - sec_monitor - INFO - API call successful
2025-02-28 11:29:31,563 - sec_monitor - INFO - ==================================================
2025-02-28 11:29:31,563 - sec_monitor - INFO - Processing middle chunk
2025-02-28 11:29:31,564 - sec_monitor - INFO - Timestamp: 2025-02-28 11:29:31
2025-02-28 11:29:32,548 - sec_monitor - INFO - token percentage = 48%
2025-02-28 11:29:32,549 - sec_monitor - INFO - Making API call - Attempt 1/3
2025-02-28 11:29:32,549 - sec_monitor - INFO - Timestamp: 2025-02-28 11:29:32
2025-02-28 11:29:48,128 - sec_monitor - INFO - API call successful
2025-02-28 11:30:18,158 - sec_monitor - INFO - ==================================================
2025-02-28 11:30:18,159 - sec_monitor - INFO - Processing middle chunk
2025-02-28 11:30:18,159 - sec_monitor - INFO - Timestamp: 2025-02-28 11:30:18
2025-02-28 11:30:18,973 - sec_monitor - INFO - token percentage = 48%
2025-02-28 11:30:18,974 - sec_monitor - INFO - Making API call - Attempt 1/3
2025-02-28 11:30:18,974 - sec_monitor - INFO - Timestamp: 2025-02-28 11:30:18
2025-02-28 11:30:34,890 - sec_monitor - INFO - API call successful
2025-02-28 11:31:04,921 - sec_monitor - INFO - ==================================================
2025-02-28 11:31:04,921 - sec_monitor - INFO - Processing middle chunk
2025-02-28 11:31:04,921 - sec_monitor - INFO - Timestamp: 2025-02-28 11:31:04
2025-02-28 11:31:06,067 - sec_monitor - INFO - token percentage = 47%
2025-02-28 11:31:06,067 - sec_monitor - INFO - Making API call - Attempt 1/3
2025-02-28 11:31:06,067 - sec_monitor - INFO - Timestamp: 2025-02-28 11:31:06
2025-02-28 11:31:21,691 - sec_monitor - INFO - API call successful
2025-02-28 11:31:51,704 - sec_monitor - INFO - ==================================================
2025-02-28 11:31:51,704 - sec_monitor - INFO - Processing last chunk
2025-02-28 11:31:51,705 - sec_monitor - INFO - Timestamp: 2025-02-28 11:31:51
2025-02-28 11:31:51,864 - sec_monitor - INFO - token percentage = 17%
2025-02-28 11:31:51,864 - sec_monitor - INFO - Making API call - Attempt 1/3
2025-02-28 11:31:51,865 - sec_monitor - INFO - Timestamp: 2025-02-28 11:31:51
2025-02-28 11:31:58,690 - sec_monitor - INFO - API call successful
2025-02-28 11:31:58,691 - sec_monitor - INFO - Making combine API call - Attempt 1/3
2025-02-28 11:31:58,691 - sec_monitor - INFO - Timestamp: 2025-02-28 11:31:58
2025-02-28 11:31:59,762 - sec_monitor - INFO - Combine API call successful
2025-02-28 11:32:00,763 - sec_monitor - INFO - Processing filing 6/13: HPQ
2025-02-28 11:33:19,824 - sec_monitor - INFO - ==================================================
2025-02-28 11:33:19,825 - sec_monitor - INFO - Processing first chunk
2025-02-28 11:33:19,825 - sec_monitor - INFO - Timestamp: 2025-02-28 11:33:19
2025-02-28 11:33:20,864 - sec_monitor - INFO - token percentage = 46%
2025-02-28 11:33:20,864 - sec_monitor - INFO - Making API call - Attempt 1/3
2025-02-28 11:33:20,864 - sec_monitor - INFO - Timestamp: 2025-02-28 11:33:20
2025-02-28 11:33:37,738 - sec_monitor - INFO - API call successful
2025-02-28 11:34:07,741 - sec_monitor - INFO - ==================================================
2025-02-28 11:34:07,741 - sec_monitor - INFO - Processing middle chunk
2025-02-28 11:34:07,741 - sec_monitor - INFO - Timestamp: 2025-02-28 11:34:07
2025-02-28 11:34:08,489 - sec_monitor - INFO - token percentage = 53%
2025-02-28 11:34:08,490 - sec_monitor - INFO - Making API call - Attempt 1/3
2025-02-28 11:34:08,490 - sec_monitor - INFO - Timestamp: 2025-02-28 11:34:08
2025-02-28 11:34:25,518 - sec_monitor - INFO - API call successful
2025-02-28 11:34:55,532 - sec_monitor - INFO - ==================================================
2025-02-28 11:34:55,532 - sec_monitor - INFO - Processing middle chunk
2025-02-28 11:34:55,533 - sec_monitor - INFO - Timestamp: 2025-02-28 11:34:55
2025-02-28 11:34:56,348 - sec_monitor - INFO - token percentage = 53%
2025-02-28 11:34:56,348 - sec_monitor - INFO - Making API call - Attempt 1/3
2025-02-28 11:34:56,348 - sec_monitor - INFO - Timestamp: 2025-02-28 11:34:56
2025-02-28 11:35:14,262 - sec_monitor - INFO - API call successful
2025-02-28 11:35:44,292 - sec_monitor - INFO - ==================================================
2025-02-28 11:35:44,292 - sec_monitor - INFO - Processing last chunk
2025-02-28 11:35:44,292 - sec_monitor - INFO - Timestamp: 2025-02-28 11:35:44
2025-02-28 11:35:44,477 - sec_monitor - INFO - token percentage = 11%
2025-02-28 11:35:44,477 - sec_monitor - INFO - Making API call - Attempt 1/3
2025-02-28 11:35:44,477 - sec_monitor - INFO - Timestamp: 2025-02-28 11:35:44
2025-02-28 11:35:49,155 - sec_monitor - INFO - API call successful
2025-02-28 11:35:49,155 - sec_monitor - INFO - Making combine API call - Attempt 1/3
2025-02-28 11:35:49,155 - sec_monitor - INFO - Timestamp: 2025-02-28 11:35:49
2025-02-28 11:35:50,342 - sec_monitor - INFO - Combine API call successful
2025-02-28 11:35:51,343 - sec_monitor - INFO - Processing filing 7/13: PLTR
2025-02-28 11:36:21,680 - sec_monitor - INFO - ==================================================
2025-02-28 11:36:21,680 - sec_monitor - INFO - Processing first chunk
2025-02-28 11:36:21,680 - sec_monitor - INFO - Timestamp: 2025-02-28 11:36:21
2025-02-28 11:36:21,733 - sec_monitor - INFO - token percentage = 2%
2025-02-28 11:36:21,734 - sec_monitor - INFO - Making API call - Attempt 1/3
2025-02-28 11:36:21,734 - sec_monitor - INFO - Timestamp: 2025-02-28 11:36:21
2025-02-28 11:36:23,488 - sec_monitor - INFO - API call successful
2025-02-28 11:36:24,490 - sec_monitor - INFO - Processing filing 8/13: EPAM
2025-02-28 11:37:46,917 - sec_monitor - INFO - ==================================================
2025-02-28 11:37:46,917 - sec_monitor - INFO - Processing first chunk
2025-02-28 11:37:46,917 - sec_monitor - INFO - Timestamp: 2025-02-28 11:37:46
2025-02-28 11:37:47,890 - sec_monitor - INFO - token percentage = 54%
2025-02-28 11:37:47,891 - sec_monitor - INFO - Making API call - Attempt 1/3
2025-02-28 11:37:47,891 - sec_monitor - INFO - Timestamp: 2025-02-28 11:37:47
2025-02-28 11:38:05,731 - sec_monitor - INFO - API call successful
2025-02-28 11:38:35,761 - sec_monitor - INFO - ==================================================
2025-02-28 11:38:35,761 - sec_monitor - INFO - Processing middle chunk
2025-02-28 11:38:35,761 - sec_monitor - INFO - Timestamp: 2025-02-28 11:38:35
2025-02-28 11:38:36,487 - sec_monitor - INFO - token percentage = 54%
2025-02-28 11:38:36,488 - sec_monitor - INFO - Making API call - Attempt 1/3
2025-02-28 11:38:36,488 - sec_monitor - INFO - Timestamp: 2025-02-28 11:38:36
2025-02-28 11:38:54,565 - sec_monitor - INFO - API call successful
2025-02-28 11:39:24,595 - sec_monitor - INFO - ==================================================
2025-02-28 11:39:24,595 - sec_monitor - INFO - Processing middle chunk
2025-02-28 11:39:24,595 - sec_monitor - INFO - Timestamp: 2025-02-28 11:39:24
2025-02-28 11:39:25,436 - sec_monitor - INFO - token percentage = 46%
2025-02-28 11:39:25,437 - sec_monitor - INFO - Making API call - Attempt 1/3
2025-02-28 11:39:25,437 - sec_monitor - INFO - Timestamp: 2025-02-28 11:39:25
2025-02-28 11:39:39,826 - sec_monitor - INFO - API call successful
2025-02-28 11:40:09,856 - sec_monitor - INFO - ==================================================
2025-02-28 11:40:09,856 - sec_monitor - INFO - Processing middle chunk
2025-02-28 11:40:09,856 - sec_monitor - INFO - Timestamp: 2025-02-28 11:40:09
2025-02-28 11:40:10,773 - sec_monitor - INFO - token percentage = 53%
2025-02-28 11:40:10,773 - sec_monitor - INFO - Making API call - Attempt 1/3
2025-02-28 11:40:10,773 - sec_monitor - INFO - Timestamp: 2025-02-28 11:40:10
2025-02-28 11:40:27,529 - sec_monitor - INFO - API call successful
2025-02-28 11:40:57,559 - sec_monitor - INFO - ==================================================
2025-02-28 11:40:57,560 - sec_monitor - INFO - Processing middle chunk
2025-02-28 11:40:57,560 - sec_monitor - INFO - Timestamp: 2025-02-28 11:40:57
2025-02-28 11:40:58,626 - sec_monitor - INFO - token percentage = 47%
2025-02-28 11:40:58,626 - sec_monitor - INFO - Making API call - Attempt 1/3
2025-02-28 11:40:58,626 - sec_monitor - INFO - Timestamp: 2025-02-28 11:40:58
2025-02-28 11:41:13,368 - sec_monitor - INFO - API call successful
2025-02-28 11:41:43,398 - sec_monitor - INFO - ==================================================
2025-02-28 11:41:43,398 - sec_monitor - INFO - Processing middle chunk
2025-02-28 11:41:43,399 - sec_monitor - INFO - Timestamp: 2025-02-28 11:41:43
2025-02-28 11:41:44,128 - sec_monitor - INFO - token percentage = 44%
2025-02-28 11:41:44,128 - sec_monitor - INFO - Making API call - Attempt 1/3
2025-02-28 11:41:44,128 - sec_monitor - INFO - Timestamp: 2025-02-28 11:41:44
2025-02-28 11:41:58,505 - sec_monitor - INFO - API call successful
2025-02-28 11:42:28,536 - sec_monitor - INFO - ==================================================
2025-02-28 11:42:28,536 - sec_monitor - INFO - Processing last chunk
2025-02-28 11:42:28,536 - sec_monitor - INFO - Timestamp: 2025-02-28 11:42:28
2025-02-28 11:42:28,660 - sec_monitor - INFO - token percentage = 17%
2025-02-28 11:42:28,660 - sec_monitor - INFO - Making API call - Attempt 1/3
2025-02-28 11:42:28,661 - sec_monitor - INFO - Timestamp: 2025-02-28 11:42:28
2025-02-28 11:42:34,961 - sec_monitor - INFO - API call successful
2025-02-28 11:42:34,962 - sec_monitor - INFO - Making combine API call - Attempt 1/3
2025-02-28 11:42:34,962 - sec_monitor - INFO - Timestamp: 2025-02-28 11:42:34
2025-02-28 11:42:36,201 - sec_monitor - INFO - Combine API call successful
2025-02-28 11:42:37,203 - sec_monitor - INFO - Processing filing 9/13: FE
2025-02-28 11:44:08,236 - sec_monitor - INFO - ==================================================
2025-02-28 11:44:08,236 - sec_monitor - INFO - Processing first chunk
2025-02-28 11:44:08,236 - sec_monitor - INFO - Timestamp: 2025-02-28 11:44:08
2025-02-28 11:44:09,286 - sec_monitor - INFO - token percentage = 40%
2025-02-28 11:44:09,286 - sec_monitor - INFO - Making API call - Attempt 1/3
2025-02-28 11:44:09,286 - sec_monitor - INFO - Timestamp: 2025-02-28 11:44:09
2025-02-28 11:44:22,938 - sec_monitor - INFO - API call successful
2025-02-28 11:44:52,969 - sec_monitor - INFO - ==================================================
2025-02-28 11:44:52,969 - sec_monitor - INFO - Processing middle chunk
2025-02-28 11:44:52,969 - sec_monitor - INFO - Timestamp: 2025-02-28 11:44:52
2025-02-28 11:44:54,556 - sec_monitor - INFO - token percentage = 42%
2025-02-28 11:44:54,557 - sec_monitor - INFO - Making API call - Attempt 1/3
2025-02-28 11:44:54,557 - sec_monitor - INFO - Timestamp: 2025-02-28 11:44:54
2025-02-28 11:45:08,547 - sec_monitor - INFO - API call successful
2025-02-28 11:45:38,568 - sec_monitor - INFO - ==================================================
2025-02-28 11:45:38,568 - sec_monitor - INFO - Processing middle chunk
2025-02-28 11:45:38,568 - sec_monitor - INFO - Timestamp: 2025-02-28 11:45:38
2025-02-28 11:45:39,301 - sec_monitor - INFO - token percentage = 74%
2025-02-28 11:45:39,301 - sec_monitor - INFO - Making API call - Attempt 1/3
2025-02-28 11:45:39,301 - sec_monitor - INFO - Timestamp: 2025-02-28 11:45:39
2025-02-28 11:46:03,121 - sec_monitor - INFO - API call successful
2025-02-28 11:46:33,151 - sec_monitor - INFO - ==================================================
2025-02-28 11:46:33,152 - sec_monitor - INFO - Processing middle chunk
2025-02-28 11:46:33,153 - sec_monitor - INFO - Timestamp: 2025-02-28 11:46:33
2025-02-28 11:46:34,173 - sec_monitor - INFO - token percentage = 45%
2025-02-28 11:46:34,173 - sec_monitor - INFO - Making API call - Attempt 1/3
2025-02-28 11:46:34,173 - sec_monitor - INFO - Timestamp: 2025-02-28 11:46:34
2025-02-28 11:46:48,549 - sec_monitor - INFO - API call successful
2025-02-28 11:47:18,577 - sec_monitor - INFO - ==================================================
2025-02-28 11:47:18,577 - sec_monitor - INFO - Processing middle chunk
2025-02-28 11:47:18,577 - sec_monitor - INFO - Timestamp: 2025-02-28 11:47:18
2025-02-28 11:47:19,805 - sec_monitor - INFO - token percentage = 46%
2025-02-28 11:47:19,805 - sec_monitor - INFO - Making API call - Attempt 1/3
2025-02-28 11:47:19,806 - sec_monitor - INFO - Timestamp: 2025-02-28 11:47:19
2025-02-28 11:47:34,847 - sec_monitor - INFO - API call successful
2025-02-28 11:48:04,869 - sec_monitor - INFO - ==================================================
2025-02-28 11:48:04,869 - sec_monitor - INFO - Processing middle chunk
2025-02-28 11:48:04,869 - sec_monitor - INFO - Timestamp: 2025-02-28 11:48:04
2025-02-28 11:48:05,780 - sec_monitor - INFO - token percentage = 51%
2025-02-28 11:48:05,780 - sec_monitor - INFO - Making API call - Attempt 1/3
2025-02-28 11:48:05,780 - sec_monitor - INFO - Timestamp: 2025-02-28 11:48:05
2025-02-28 11:48:22,218 - sec_monitor - INFO - API call successful
2025-02-28 11:48:52,248 - sec_monitor - INFO - ==================================================
2025-02-28 11:48:52,248 - sec_monitor - INFO - Processing middle chunk
2025-02-28 11:48:52,248 - sec_monitor - INFO - Timestamp: 2025-02-28 11:48:52
2025-02-28 11:48:53,242 - sec_monitor - INFO - token percentage = 45%
2025-02-28 11:48:53,242 - sec_monitor - INFO - Making API call - Attempt 1/3
2025-02-28 11:48:53,242 - sec_monitor - INFO - Timestamp: 2025-02-28 11:48:53
2025-02-28 11:49:07,877 - sec_monitor - INFO - API call successful
2025-02-28 11:49:37,908 - sec_monitor - INFO - ==================================================
2025-02-28 11:49:37,908 - sec_monitor - INFO - Processing last chunk
2025-02-28 11:49:37,908 - sec_monitor - INFO - Timestamp: 2025-02-28 11:49:37
2025-02-28 11:49:38,011 - sec_monitor - INFO - token percentage = 17%
2025-02-28 11:49:38,011 - sec_monitor - INFO - Making API call - Attempt 1/3
2025-02-28 11:49:38,011 - sec_monitor - INFO - Timestamp: 2025-02-28 11:49:38
2025-02-28 11:49:43,804 - sec_monitor - INFO - API call successful
2025-02-28 11:49:43,805 - sec_monitor - INFO - Making combine API call - Attempt 1/3
2025-02-28 11:49:43,805 - sec_monitor - INFO - Timestamp: 2025-02-28 11:49:43
2025-02-28 11:49:44,860 - sec_monitor - INFO - Combine API call successful
2025-02-28 11:49:45,861 - sec_monitor - INFO - Processing filing 10/13: UNH
2025-02-28 11:50:57,562 - sec_monitor - INFO - ==================================================
2025-02-28 11:50:57,562 - sec_monitor - INFO - Processing first chunk
2025-02-28 11:50:57,562 - sec_monitor - INFO - Timestamp: 2025-02-28 11:50:57
2025-02-28 11:50:58,585 - sec_monitor - INFO - token percentage = 44%
2025-02-28 11:50:58,585 - sec_monitor - INFO - Making API call - Attempt 1/3
2025-02-28 11:50:58,585 - sec_monitor - INFO - Timestamp: 2025-02-28 11:50:58
2025-02-28 11:51:13,564 - sec_monitor - INFO - API call successful
2025-02-28 11:51:43,595 - sec_monitor - INFO - ==================================================
2025-02-28 11:51:43,595 - sec_monitor - INFO - Processing middle chunk
2025-02-28 11:51:43,595 - sec_monitor - INFO - Timestamp: 2025-02-28 11:51:43
2025-02-28 11:51:44,677 - sec_monitor - INFO - token percentage = 44%
2025-02-28 11:51:44,677 - sec_monitor - INFO - Making API call - Attempt 1/3
2025-02-28 11:51:44,677 - sec_monitor - INFO - Timestamp: 2025-02-28 11:51:44
2025-02-28 11:52:00,084 - sec_monitor - INFO - API call successful
2025-02-28 11:52:30,114 - sec_monitor - INFO - ==================================================
2025-02-28 11:52:30,114 - sec_monitor - INFO - Processing middle chunk
2025-02-28 11:52:30,114 - sec_monitor - INFO - Timestamp: 2025-02-28 11:52:30
2025-02-28 11:52:31,173 - sec_monitor - INFO - token percentage = 44%
2025-02-28 11:52:31,173 - sec_monitor - INFO - Making API call - Attempt 1/3
2025-02-28 11:52:31,173 - sec_monitor - INFO - Timestamp: 2025-02-28 11:52:31
2025-02-28 11:52:45,913 - sec_monitor - INFO - API call successful
2025-02-28 11:53:15,944 - sec_monitor - INFO - ==================================================
2025-02-28 11:53:15,944 - sec_monitor - INFO - Processing middle chunk
2025-02-28 11:53:15,944 - sec_monitor - INFO - Timestamp: 2025-02-28 11:53:15
2025-02-28 11:53:16,411 - sec_monitor - INFO - token percentage = 71%
2025-02-28 11:53:16,412 - sec_monitor - INFO - Making API call - Attempt 1/3
2025-02-28 11:53:16,412 - sec_monitor - INFO - Timestamp: 2025-02-28 11:53:16
2025-02-28 11:53:39,029 - sec_monitor - INFO - API call successful
2025-02-28 11:54:09,060 - sec_monitor - INFO - ==================================================
2025-02-28 11:54:09,060 - sec_monitor - INFO - Processing middle chunk
2025-02-28 11:54:09,060 - sec_monitor - INFO - Timestamp: 2025-02-28 11:54:09
2025-02-28 11:54:09,762 - sec_monitor - INFO - token percentage = 45%
2025-02-28 11:54:09,762 - sec_monitor - INFO - Making API call - Attempt 1/3
2025-02-28 11:54:09,762 - sec_monitor - INFO - Timestamp: 2025-02-28 11:54:09
2025-02-28 11:54:25,230 - sec_monitor - INFO - API call successful
2025-02-28 11:54:55,254 - sec_monitor - INFO - ==================================================
2025-02-28 11:54:55,254 - sec_monitor - INFO - Processing last chunk
2025-02-28 11:54:55,254 - sec_monitor - INFO - Timestamp: 2025-02-28 11:54:55
2025-02-28 11:54:55,933 - sec_monitor - INFO - token percentage = 41%
2025-02-28 11:54:55,933 - sec_monitor - INFO - Making API call - Attempt 1/3
2025-02-28 11:54:55,934 - sec_monitor - INFO - Timestamp: 2025-02-28 11:54:55
2025-02-28 11:55:08,793 - sec_monitor - INFO - API call successful
2025-02-28 11:55:08,794 - sec_monitor - INFO - Making combine API call - Attempt 1/3
2025-02-28 11:55:08,794 - sec_monitor - INFO - Timestamp: 2025-02-28 11:55:08
2025-02-28 11:55:09,912 - sec_monitor - INFO - Combine API call successful
2025-02-28 11:55:10,914 - sec_monitor - INFO - Processing filing 11/13: ITW
2025-02-28 11:55:41,418 - sec_monitor - INFO - ==================================================
2025-02-28 11:55:41,418 - sec_monitor - INFO - Processing first chunk
2025-02-28 11:55:41,418 - sec_monitor - INFO - Timestamp: 2025-02-28 11:55:41
2025-02-28 11:55:41,491 - sec_monitor - INFO - token percentage = 4%
2025-02-28 11:55:41,491 - sec_monitor - INFO - Making API call - Attempt 1/3
2025-02-28 11:55:41,491 - sec_monitor - INFO - Timestamp: 2025-02-28 11:55:41
2025-02-28 11:55:44,707 - sec_monitor - INFO - API call successful
2025-02-28 11:55:45,708 - sec_monitor - INFO - Processing filing 12/13: CPAY
2025-02-28 11:57:51,204 - sec_monitor - INFO - ==================================================
2025-02-28 11:57:51,204 - sec_monitor - INFO - Processing first chunk
2025-02-28 11:57:51,204 - sec_monitor - INFO - Timestamp: 2025-02-28 11:57:51
2025-02-28 11:57:52,581 - sec_monitor - INFO - token percentage = 29%
2025-02-28 11:57:52,581 - sec_monitor - INFO - Making API call - Attempt 1/3
2025-02-28 11:57:52,581 - sec_monitor - INFO - Timestamp: 2025-02-28 11:57:52
2025-02-28 11:58:04,109 - sec_monitor - INFO - API call successful
2025-02-28 11:58:34,140 - sec_monitor - INFO - ==================================================
2025-02-28 11:58:34,140 - sec_monitor - INFO - Processing middle chunk
2025-02-28 11:58:34,140 - sec_monitor - INFO - Timestamp: 2025-02-28 11:58:34
2025-02-28 11:58:35,376 - sec_monitor - INFO - token percentage = 38%
2025-02-28 11:58:35,377 - sec_monitor - INFO - Making API call - Attempt 1/3
2025-02-28 11:58:35,377 - sec_monitor - INFO - Timestamp: 2025-02-28 11:58:35
2025-02-28 11:58:49,220 - sec_monitor - INFO - API call successful
2025-02-28 11:59:19,248 - sec_monitor - INFO - ==================================================
2025-02-28 11:59:19,248 - sec_monitor - INFO - Processing middle chunk
2025-02-28 11:59:19,248 - sec_monitor - INFO - Timestamp: 2025-02-28 11:59:19
2025-02-28 11:59:19,829 - sec_monitor - INFO - token percentage = 64%
2025-02-28 11:59:19,830 - sec_monitor - INFO - Making API call - Attempt 1/3
2025-02-28 11:59:19,830 - sec_monitor - INFO - Timestamp: 2025-02-28 11:59:19
2025-02-28 11:59:40,885 - sec_monitor - INFO - API call successful
2025-02-28 12:00:10,916 - sec_monitor - INFO - ==================================================
2025-02-28 12:00:10,916 - sec_monitor - INFO - Processing middle chunk
2025-02-28 12:00:10,916 - sec_monitor - INFO - Timestamp: 2025-02-28 12:00:10
2025-02-28 12:00:11,842 - sec_monitor - INFO - token percentage = 64%
2025-02-28 12:00:11,843 - sec_monitor - INFO - Making API call - Attempt 1/3
2025-02-28 12:00:11,843 - sec_monitor - INFO - Timestamp: 2025-02-28 12:00:11
2025-02-28 12:00:33,281 - sec_monitor - INFO - API call successful
2025-02-28 12:01:03,288 - sec_monitor - INFO - ==================================================
2025-02-28 12:01:03,288 - sec_monitor - INFO - Processing middle chunk
2025-02-28 12:01:03,288 - sec_monitor - INFO - Timestamp: 2025-02-28 12:01:03
2025-02-28 12:01:04,754 - sec_monitor - INFO - token percentage = 47%
2025-02-28 12:01:04,754 - sec_monitor - INFO - Making API call - Attempt 1/3
2025-02-28 12:01:04,754 - sec_monitor - INFO - Timestamp: 2025-02-28 12:01:04
2025-02-28 12:01:20,599 - sec_monitor - INFO - API call successful
2025-02-28 12:01:50,629 - sec_monitor - INFO - ==================================================
2025-02-28 12:01:50,629 - sec_monitor - INFO - Processing middle chunk
2025-02-28 12:01:50,630 - sec_monitor - INFO - Timestamp: 2025-02-28 12:01:50
2025-02-28 12:01:51,936 - sec_monitor - INFO - token percentage = 48%
2025-02-28 12:01:51,936 - sec_monitor - INFO - Making API call - Attempt 1/3
2025-02-28 12:01:51,937 - sec_monitor - INFO - Timestamp: 2025-02-28 12:01:51
2025-02-28 12:02:07,745 - sec_monitor - INFO - API call successful
2025-02-28 12:02:37,775 - sec_monitor - INFO - ==================================================
2025-02-28 12:02:37,775 - sec_monitor - INFO - Processing middle chunk
2025-02-28 12:02:37,775 - sec_monitor - INFO - Timestamp: 2025-02-28 12:02:37
2025-02-28 12:02:39,129 - sec_monitor - INFO - token percentage = 56%
2025-02-28 12:02:39,130 - sec_monitor - INFO - Making API call - Attempt 1/3
2025-02-28 12:02:39,130 - sec_monitor - INFO - Timestamp: 2025-02-28 12:02:39
2025-02-28 12:02:57,221 - sec_monitor - INFO - API call successful
2025-02-28 12:03:27,232 - sec_monitor - INFO - ==================================================
2025-02-28 12:03:27,232 - sec_monitor - INFO - Processing last chunk
2025-02-28 12:03:27,232 - sec_monitor - INFO - Timestamp: 2025-02-28 12:03:27
2025-02-28 12:03:27,313 - sec_monitor - INFO - token percentage = 9%
2025-02-28 12:03:27,313 - sec_monitor - INFO - Making API call - Attempt 1/3
2025-02-28 12:03:27,313 - sec_monitor - INFO - Timestamp: 2025-02-28 12:03:27
2025-02-28 12:03:31,352 - sec_monitor - INFO - API call successful
2025-02-28 12:03:31,352 - sec_monitor - INFO - Making combine API call - Attempt 1/3
2025-02-28 12:03:31,353 - sec_monitor - INFO - Timestamp: 2025-02-28 12:03:31
2025-02-28 12:03:32,398 - sec_monitor - INFO - Combine API call successful
2025-02-28 12:03:33,399 - sec_monitor - INFO - Processing filing 13/13: SNPS
2025-02-28 12:04:06,352 - sec_monitor - INFO - ==================================================
2025-02-28 12:04:06,352 - sec_monitor - INFO - Processing first chunk
2025-02-28 12:04:06,352 - sec_monitor - INFO - Timestamp: 2025-02-28 12:04:06
2025-02-28 12:04:06,626 - sec_monitor - INFO - token percentage = 19%
2025-02-28 12:04:06,627 - sec_monitor - INFO - Making API call - Attempt 1/3
2025-02-28 12:04:06,627 - sec_monitor - INFO - Timestamp: 2025-02-28 12:04:06
2025-02-28 12:04:13,436 - sec_monitor - INFO - API call successful
2025-02-28 12:04:14,438 - sec_monitor - INFO - Fetching supplementary data...
2025-02-28 12:04:14,839 - sec_monitor - INFO - filing_tickers type: <class 'list'>
2025-02-28 12:04:14,840 - sec_monitor - INFO - filing_data type: <class 'list'>
2025-02-28 12:04:14,840 - sec_monitor - INFO - Market open: False
2025-02-28 12:04:14,840 - sec_monitor - INFO - Number of filing times mapped: 13
2025-02-28 12:04:14,851 - sec_monitor - INFO - Last trading day: 2025-02-28
2025-02-28 12:04:14,852 - sec_monitor - INFO - Processing ticker: AES
2025-02-28 12:04:15,182 - sec_monitor - INFO - Number of bars for AES: 4
2025-02-28 12:04:15,182 - sec_monitor - INFO - Last bar close for AES: 10.4
2025-02-28 12:04:15,182 - sec_monitor - INFO - Outside market hours price for AES: 10.4
2025-02-28 12:04:15,182 - sec_monitor - INFO - Processing ticker: EIX
2025-02-28 12:04:15,195 - sec_monitor - INFO - Number of bars for EIX: 4
2025-02-28 12:04:15,195 - sec_monitor - INFO - Last bar close for EIX: 51.36
2025-02-28 12:04:15,195 - sec_monitor - INFO - Outside market hours price for EIX: 51.36
2025-02-28 12:04:15,195 - sec_monitor - INFO - Processing ticker: INVH
2025-02-28 12:04:15,210 - sec_monitor - INFO - Number of bars for INVH: 4
2025-02-28 12:04:15,210 - sec_monitor - INFO - Last bar close for INVH: 33.33
2025-02-28 12:04:15,210 - sec_monitor - INFO - Outside market hours price for INVH: 33.33
2025-02-28 12:04:15,210 - sec_monitor - INFO - Processing ticker: NWS
2025-02-28 12:04:15,267 - sec_monitor - INFO - Number of bars for NWS: 4
2025-02-28 12:04:15,267 - sec_monitor - INFO - Last bar close for NWS: 31.86
2025-02-28 12:04:15,267 - sec_monitor - INFO - Outside market hours price for NWS: 31.86
2025-02-28 12:04:15,267 - sec_monitor - INFO - Processing ticker: VST
2025-02-28 12:04:15,282 - sec_monitor - INFO - Number of bars for VST: 4
2025-02-28 12:04:15,282 - sec_monitor - INFO - Last bar close for VST: 129.93
2025-02-28 12:04:15,282 - sec_monitor - INFO - Outside market hours price for VST: 129.93
2025-02-28 12:04:15,282 - sec_monitor - INFO - Processing ticker: HPQ
2025-02-28 12:04:15,295 - sec_monitor - INFO - Number of bars for HPQ: 4
2025-02-28 12:04:15,295 - sec_monitor - INFO - Last bar close for HPQ: 33.18
2025-02-28 12:04:15,295 - sec_monitor - INFO - Outside market hours price for HPQ: 33.18
2025-02-28 12:04:15,295 - sec_monitor - INFO - Processing ticker: PLTR
2025-02-28 12:04:15,311 - sec_monitor - INFO - Number of bars for PLTR: 4
2025-02-28 12:04:15,311 - sec_monitor - INFO - Last bar close for PLTR: 84.78
2025-02-28 12:04:15,311 - sec_monitor - INFO - Outside market hours price for PLTR: 84.78
2025-02-28 12:04:15,311 - sec_monitor - INFO - Processing ticker: EPAM
2025-02-28 12:04:15,359 - sec_monitor - INFO - Number of bars for EPAM: 4
2025-02-28 12:04:15,359 - sec_monitor - INFO - Last bar close for EPAM: 208.55
2025-02-28 12:04:15,360 - sec_monitor - INFO - Outside market hours price for EPAM: 208.55
2025-02-28 12:04:15,360 - sec_monitor - INFO - Processing ticker: FE
2025-02-28 12:04:15,373 - sec_monitor - INFO - Number of bars for FE: 4
2025-02-28 12:04:15,373 - sec_monitor - INFO - Last bar close for FE: 38.54
2025-02-28 12:04:15,373 - sec_monitor - INFO - Outside market hours price for FE: 38.54
2025-02-28 12:04:15,373 - sec_monitor - INFO - Processing ticker: UNH
2025-02-28 12:04:15,387 - sec_monitor - INFO - Number of bars for UNH: 4
2025-02-28 12:04:15,387 - sec_monitor - INFO - Last bar close for UNH: 468.77
2025-02-28 12:04:15,387 - sec_monitor - INFO - Outside market hours price for UNH: 468.77
2025-02-28 12:04:15,387 - sec_monitor - INFO - Processing ticker: ITW
2025-02-28 12:04:15,401 - sec_monitor - INFO - Number of bars for ITW: 4
2025-02-28 12:04:15,401 - sec_monitor - INFO - Last bar close for ITW: 261.19
2025-02-28 12:04:15,401 - sec_monitor - INFO - Outside market hours price for ITW: 261.19
2025-02-28 12:04:15,401 - sec_monitor - INFO - Processing ticker: CPAY
2025-02-28 12:04:15,455 - sec_monitor - INFO - Number of bars for CPAY: 4
2025-02-28 12:04:15,455 - sec_monitor - INFO - Last bar close for CPAY: 364.42
2025-02-28 12:04:15,455 - sec_monitor - INFO - Outside market hours price for CPAY: 364.42
2025-02-28 12:04:15,455 - sec_monitor - INFO - Processing ticker: SNPS
2025-02-28 12:04:15,469 - sec_monitor - INFO - Number of bars for SNPS: 4
2025-02-28 12:04:15,469 - sec_monitor - INFO - Last bar close for SNPS: 454.315
2025-02-28 12:04:15,469 - sec_monitor - INFO - Outside market hours price for SNPS: 454.315
2025-02-28 12:04:18,863 - sec_monitor - INFO - Generating final output...
2025-02-28 12:04:18,864 - sec_monitor - INFO - Successfully saved/merged output to output/sec_filings.json
2025-02-28 12:04:18,864 - sec_monitor - INFO - Processing complete. Stats: {'input_words': 3502984, 'output_words': 946, 'filings_processed': 13}
2025-02-28 12:36:04,503 - sec_monitor - INFO - Starting SEC filing monitor 
2025-02-28 12:36:04,504 - sec_monitor - INFO - Loading S&P 500 data...
2025-02-28 12:36:04,504 - sec_monitor - INFO - Starting S&P 500 data initialization
2025-02-28 12:36:04,504 - sec_monitor - INFO - Successfully loaded 503 S&P 500 tickers
2025-02-28 12:36:04,504 - sec_monitor - INFO - Successfully loaded 503 S&P 500 tickers
2025-02-28 12:36:04,504 - sec_monitor - INFO - Initializing components...
2025-02-28 12:36:04,504 - sec_monitor - INFO - Initializing components
2025-02-28 12:36:04,504 - sec_monitor - INFO - SEC fetcher initialized
2025-02-28 12:36:04,505 - sec_monitor - INFO - Filing analyzer initialized
2025-02-28 12:36:04,505 - sec_monitor - INFO - Alpaca clients initialized
2025-02-28 12:36:04,505 - sec_monitor - INFO - All components initialized successfully
2025-02-28 12:36:04,506 - sec_monitor - INFO - Found JSON file from today
2025-02-28 12:36:04,506 - sec_monitor - INFO - Found 13 previously processed accessions and 13 filing URLs
2025-02-28 12:36:04,506 - sec_monitor - INFO - Found 13 accession numbers and 13 URLs from previously processed filings
2025-02-28 12:36:04,506 - sec_monitor - INFO - Fetching SEC filings...
2025-02-28 12:36:19,139 - sec_monitor - INFO - No more entries found
2025-02-28 12:36:19,139 - sec_monitor - INFO - Completed fetching. Found 85 total filings
2025-02-28 12:36:19,139 - sec_monitor - INFO - Found 3 new interesting filings
2025-02-28 12:36:19,139 - sec_monitor - INFO - Found 3 new filings to process
2025-02-28 12:36:19,139 - sec_monitor - INFO - Processing filing 1/3: ALGN
2025-02-28 12:40:37,478 - sec_monitor - INFO - ==================================================
2025-02-28 12:40:37,478 - sec_monitor - INFO - Processing first chunk
2025-02-28 12:40:37,478 - sec_monitor - INFO - Timestamp: 2025-02-28 12:40:37
2025-02-28 12:40:38,276 - sec_monitor - INFO - token percentage = 24%
2025-02-28 12:40:38,277 - sec_monitor - INFO - Making API call - Attempt 1/3
2025-02-28 12:40:38,277 - sec_monitor - INFO - Timestamp: 2025-02-28 12:40:38
2025-02-28 12:40:46,552 - sec_monitor - INFO - API call successful
2025-02-28 12:41:16,564 - sec_monitor - INFO - ==================================================
2025-02-28 12:41:16,564 - sec_monitor - INFO - Processing middle chunk
2025-02-28 12:41:16,564 - sec_monitor - INFO - Timestamp: 2025-02-28 12:41:16
2025-02-28 12:41:16,934 - sec_monitor - INFO - token percentage = 58%
2025-02-28 12:41:16,935 - sec_monitor - INFO - Making API call - Attempt 1/3
2025-02-28 12:41:16,935 - sec_monitor - INFO - Timestamp: 2025-02-28 12:41:16
2025-02-28 12:42:41,473 - sec_monitor - INFO - API call successful
2025-02-28 12:43:11,504 - sec_monitor - INFO - ==================================================
2025-02-28 12:43:11,504 - sec_monitor - INFO - Processing middle chunk
2025-02-28 12:43:11,504 - sec_monitor - INFO - Timestamp: 2025-02-28 12:43:11
2025-02-28 12:43:11,870 - sec_monitor - INFO - token percentage = 57%
2025-02-28 12:43:11,870 - sec_monitor - INFO - Making API call - Attempt 1/3
2025-02-28 12:43:11,870 - sec_monitor - INFO - Timestamp: 2025-02-28 12:43:11
2025-02-28 12:43:50,427 - sec_monitor - INFO - API call successful
2025-02-28 12:44:20,457 - sec_monitor - INFO - ==================================================
2025-02-28 12:44:20,458 - sec_monitor - INFO - Processing middle chunk
2025-02-28 12:44:20,458 - sec_monitor - INFO - Timestamp: 2025-02-28 12:44:20
2025-02-28 12:44:20,898 - sec_monitor - INFO - token percentage = 58%
2025-02-28 12:44:20,898 - sec_monitor - INFO - Making API call - Attempt 1/3
2025-02-28 12:44:20,898 - sec_monitor - INFO - Timestamp: 2025-02-28 12:44:20
2025-02-28 12:44:59,814 - sec_monitor - INFO - API call successful
2025-02-28 12:45:29,845 - sec_monitor - INFO - ==================================================
2025-02-28 12:45:29,845 - sec_monitor - INFO - Processing middle chunk
2025-02-28 12:45:29,845 - sec_monitor - INFO - Timestamp: 2025-02-28 12:45:29
2025-02-28 12:45:30,106 - sec_monitor - INFO - token percentage = 58%
2025-02-28 12:45:30,106 - sec_monitor - INFO - Making API call - Attempt 1/3
2025-02-28 12:45:30,106 - sec_monitor - INFO - Timestamp: 2025-02-28 12:45:30
2025-02-28 12:46:26,799 - sec_monitor - INFO - API call successful
2025-02-28 12:46:56,829 - sec_monitor - INFO - ==================================================
2025-02-28 12:46:56,830 - sec_monitor - INFO - Processing middle chunk
2025-02-28 12:46:56,830 - sec_monitor - INFO - Timestamp: 2025-02-28 12:46:56
2025-02-28 12:46:57,171 - sec_monitor - INFO - token percentage = 57%
2025-02-28 12:46:57,171 - sec_monitor - INFO - Making API call - Attempt 1/3
2025-02-28 12:46:57,172 - sec_monitor - INFO - Timestamp: 2025-02-28 12:46:57
2025-02-28 12:48:24,031 - sec_monitor - INFO - API call successful
2025-02-28 12:48:54,051 - sec_monitor - INFO - ==================================================
2025-02-28 12:48:54,051 - sec_monitor - INFO - Processing middle chunk
2025-02-28 12:48:54,051 - sec_monitor - INFO - Timestamp: 2025-02-28 12:48:54
2025-02-28 12:48:54,335 - sec_monitor - INFO - token percentage = 57%
2025-02-28 12:48:54,335 - sec_monitor - INFO - Making API call - Attempt 1/3
2025-02-28 12:48:54,335 - sec_monitor - INFO - Timestamp: 2025-02-28 12:48:54
2025-02-28 12:49:11,898 - sec_monitor - INFO - API call successful
2025-02-28 12:49:41,928 - sec_monitor - INFO - ==================================================
2025-02-28 12:49:41,929 - sec_monitor - INFO - Processing middle chunk
2025-02-28 12:49:41,929 - sec_monitor - INFO - Timestamp: 2025-02-28 12:49:41
2025-02-28 12:49:42,316 - sec_monitor - INFO - token percentage = 56%
2025-02-28 12:49:42,316 - sec_monitor - INFO - Making API call - Attempt 1/3
2025-02-28 12:49:42,317 - sec_monitor - INFO - Timestamp: 2025-02-28 12:49:42
2025-02-28 12:49:59,397 - sec_monitor - INFO - API call successful
2025-02-28 12:50:29,428 - sec_monitor - INFO - ==================================================
2025-02-28 12:50:29,428 - sec_monitor - INFO - Processing middle chunk
2025-02-28 12:50:29,428 - sec_monitor - INFO - Timestamp: 2025-02-28 12:50:29
2025-02-28 12:50:29,797 - sec_monitor - INFO - token percentage = 55%
2025-02-28 12:50:29,797 - sec_monitor - INFO - Making API call - Attempt 1/3
2025-02-28 12:50:29,797 - sec_monitor - INFO - Timestamp: 2025-02-28 12:50:29
2025-02-28 12:51:10,346 - sec_monitor - INFO - API call successful
2025-02-28 12:51:40,376 - sec_monitor - INFO - ==================================================
2025-02-28 12:51:40,376 - sec_monitor - INFO - Processing middle chunk
2025-02-28 12:51:40,377 - sec_monitor - INFO - Timestamp: 2025-02-28 12:51:40
2025-02-28 12:51:40,923 - sec_monitor - INFO - token percentage = 25%
2025-02-28 12:51:40,923 - sec_monitor - INFO - Making API call - Attempt 1/3
2025-02-28 12:51:40,923 - sec_monitor - INFO - Timestamp: 2025-02-28 12:51:40
2025-02-28 12:52:16,394 - sec_monitor - INFO - API call successful
2025-02-28 12:52:46,417 - sec_monitor - INFO - ==================================================
2025-02-28 12:52:46,417 - sec_monitor - INFO - Processing middle chunk
2025-02-28 12:52:46,417 - sec_monitor - INFO - Timestamp: 2025-02-28 12:52:46
2025-02-28 12:52:46,941 - sec_monitor - INFO - token percentage = 28%
2025-02-28 12:52:46,941 - sec_monitor - INFO - Making API call - Attempt 1/3
2025-02-28 12:52:46,941 - sec_monitor - INFO - Timestamp: 2025-02-28 12:52:46
2025-02-28 12:52:56,700 - sec_monitor - INFO - API call successful
2025-02-28 12:53:26,730 - sec_monitor - INFO - ==================================================
2025-02-28 12:53:26,731 - sec_monitor - INFO - Processing middle chunk
2025-02-28 12:53:26,731 - sec_monitor - INFO - Timestamp: 2025-02-28 12:53:26
2025-02-28 12:53:27,253 - sec_monitor - INFO - token percentage = 29%
2025-02-28 12:53:27,253 - sec_monitor - INFO - Making API call - Attempt 1/3
2025-02-28 12:53:27,254 - sec_monitor - INFO - Timestamp: 2025-02-28 12:53:27
2025-02-28 12:53:37,696 - sec_monitor - INFO - API call successful
2025-02-28 12:54:07,726 - sec_monitor - INFO - ==================================================
2025-02-28 12:54:07,726 - sec_monitor - INFO - Processing middle chunk
2025-02-28 12:54:07,727 - sec_monitor - INFO - Timestamp: 2025-02-28 12:54:07
2025-02-28 12:54:08,146 - sec_monitor - INFO - token percentage = 55%
2025-02-28 12:54:08,147 - sec_monitor - INFO - Making API call - Attempt 1/3
2025-02-28 12:54:08,147 - sec_monitor - INFO - Timestamp: 2025-02-28 12:54:08
2025-02-28 12:55:18,409 - sec_monitor - INFO - API call successful
2025-02-28 12:55:48,409 - sec_monitor - INFO - ==================================================
2025-02-28 12:55:48,409 - sec_monitor - INFO - Processing middle chunk
2025-02-28 12:55:48,409 - sec_monitor - INFO - Timestamp: 2025-02-28 12:55:48
2025-02-28 12:55:48,788 - sec_monitor - INFO - token percentage = 58%
2025-02-28 12:55:48,788 - sec_monitor - INFO - Making API call - Attempt 1/3
2025-02-28 12:55:48,789 - sec_monitor - INFO - Timestamp: 2025-02-28 12:55:48
2025-02-28 12:56:05,925 - sec_monitor - INFO - API call successful
2025-02-28 12:56:35,956 - sec_monitor - INFO - ==================================================
2025-02-28 12:56:35,956 - sec_monitor - INFO - Processing middle chunk
2025-02-28 12:56:35,956 - sec_monitor - INFO - Timestamp: 2025-02-28 12:56:35
2025-02-28 12:56:36,246 - sec_monitor - INFO - token percentage = 58%
2025-02-28 12:56:36,247 - sec_monitor - INFO - Making API call - Attempt 1/3
2025-02-28 12:56:36,247 - sec_monitor - INFO - Timestamp: 2025-02-28 12:56:36
2025-02-28 12:56:54,268 - sec_monitor - INFO - API call successful
2025-02-28 12:57:24,298 - sec_monitor - INFO - ==================================================
2025-02-28 12:57:24,299 - sec_monitor - INFO - Processing middle chunk
2025-02-28 12:57:24,299 - sec_monitor - INFO - Timestamp: 2025-02-28 12:57:24
2025-02-28 12:57:24,636 - sec_monitor - INFO - token percentage = 58%
2025-02-28 12:57:24,636 - sec_monitor - INFO - Making API call - Attempt 1/3
2025-02-28 12:57:24,636 - sec_monitor - INFO - Timestamp: 2025-02-28 12:57:24
2025-02-28 12:57:41,897 - sec_monitor - INFO - API call successful
2025-02-28 12:58:11,928 - sec_monitor - INFO - ==================================================
2025-02-28 12:58:11,928 - sec_monitor - INFO - Processing middle chunk
2025-02-28 12:58:11,928 - sec_monitor - INFO - Timestamp: 2025-02-28 12:58:11
2025-02-28 12:58:12,251 - sec_monitor - INFO - token percentage = 58%
2025-02-28 12:58:12,252 - sec_monitor - INFO - Making API call - Attempt 1/3
2025-02-28 12:58:12,252 - sec_monitor - INFO - Timestamp: 2025-02-28 12:58:12
2025-02-28 12:58:48,004 - sec_monitor - INFO - API call successful
2025-02-28 12:59:18,035 - sec_monitor - INFO - ==================================================
2025-02-28 12:59:18,035 - sec_monitor - INFO - Processing middle chunk
2025-02-28 12:59:18,035 - sec_monitor - INFO - Timestamp: 2025-02-28 12:59:18
2025-02-28 12:59:18,413 - sec_monitor - INFO - token percentage = 58%
2025-02-28 12:59:18,413 - sec_monitor - INFO - Making API call - Attempt 1/3
2025-02-28 12:59:18,413 - sec_monitor - INFO - Timestamp: 2025-02-28 12:59:18
2025-02-28 12:59:35,484 - sec_monitor - INFO - API call successful
2025-02-28 13:00:05,512 - sec_monitor - INFO - ==================================================
2025-02-28 13:00:05,512 - sec_monitor - INFO - Processing middle chunk
2025-02-28 13:00:05,512 - sec_monitor - INFO - Timestamp: 2025-02-28 13:00:05
2025-02-28 13:00:05,882 - sec_monitor - INFO - token percentage = 58%
2025-02-28 13:00:05,882 - sec_monitor - INFO - Making API call - Attempt 1/3
2025-02-28 13:00:05,882 - sec_monitor - INFO - Timestamp: 2025-02-28 13:00:05
2025-02-28 13:00:22,939 - sec_monitor - INFO - API call successful
2025-02-28 13:00:52,970 - sec_monitor - INFO - ==================================================
2025-02-28 13:00:52,970 - sec_monitor - INFO - Processing middle chunk
2025-02-28 13:00:52,970 - sec_monitor - INFO - Timestamp: 2025-02-28 13:00:52
2025-02-28 13:00:53,200 - sec_monitor - INFO - token percentage = 58%
2025-02-28 13:00:53,201 - sec_monitor - INFO - Making API call - Attempt 1/3
2025-02-28 13:00:53,201 - sec_monitor - INFO - Timestamp: 2025-02-28 13:00:53
2025-02-28 13:01:10,377 - sec_monitor - INFO - API call successful
2025-02-28 13:01:40,408 - sec_monitor - INFO - ==================================================
2025-02-28 13:01:40,408 - sec_monitor - INFO - Processing middle chunk
2025-02-28 13:01:40,408 - sec_monitor - INFO - Timestamp: 2025-02-28 13:01:40
2025-02-28 13:01:40,783 - sec_monitor - INFO - token percentage = 57%
2025-02-28 13:01:40,783 - sec_monitor - INFO - Making API call - Attempt 1/3
2025-02-28 13:01:40,783 - sec_monitor - INFO - Timestamp: 2025-02-28 13:01:40
2025-02-28 13:01:57,751 - sec_monitor - INFO - API call successful
2025-02-28 13:02:27,781 - sec_monitor - INFO - ==================================================
2025-02-28 13:02:27,782 - sec_monitor - INFO - Processing middle chunk
2025-02-28 13:02:27,782 - sec_monitor - INFO - Timestamp: 2025-02-28 13:02:27
2025-02-28 13:02:28,549 - sec_monitor - INFO - token percentage = 26%
2025-02-28 13:02:28,550 - sec_monitor - INFO - Making API call - Attempt 1/3
2025-02-28 13:02:28,550 - sec_monitor - INFO - Timestamp: 2025-02-28 13:02:28
2025-02-28 13:02:37,016 - sec_monitor - INFO - API call successful
2025-02-28 13:03:07,043 - sec_monitor - INFO - ==================================================
2025-02-28 13:03:07,043 - sec_monitor - INFO - Processing middle chunk
2025-02-28 13:03:07,043 - sec_monitor - INFO - Timestamp: 2025-02-28 13:03:07
2025-02-28 13:03:07,678 - sec_monitor - INFO - token percentage = 28%
2025-02-28 13:03:07,678 - sec_monitor - INFO - Making API call - Attempt 1/3
2025-02-28 13:03:07,678 - sec_monitor - INFO - Timestamp: 2025-02-28 13:03:07
2025-02-28 13:03:16,938 - sec_monitor - INFO - API call successful
2025-02-28 13:03:46,952 - sec_monitor - INFO - ==================================================
2025-02-28 13:03:46,952 - sec_monitor - INFO - Processing middle chunk
2025-02-28 13:03:46,952 - sec_monitor - INFO - Timestamp: 2025-02-28 13:03:46
2025-02-28 13:03:47,391 - sec_monitor - INFO - token percentage = 47%
2025-02-28 13:03:47,392 - sec_monitor - INFO - Making API call - Attempt 1/3
2025-02-28 13:03:47,392 - sec_monitor - INFO - Timestamp: 2025-02-28 13:03:47
2025-02-28 13:04:01,617 - sec_monitor - INFO - API call successful
2025-02-28 13:04:31,647 - sec_monitor - INFO - ==================================================
2025-02-28 13:04:31,647 - sec_monitor - INFO - Processing middle chunk
2025-02-28 13:04:31,648 - sec_monitor - INFO - Timestamp: 2025-02-28 13:04:31
2025-02-28 13:04:31,882 - sec_monitor - INFO - token percentage = 58%
2025-02-28 13:04:31,883 - sec_monitor - INFO - Making API call - Attempt 1/3
2025-02-28 13:04:31,883 - sec_monitor - INFO - Timestamp: 2025-02-28 13:04:31
2025-02-28 13:04:48,919 - sec_monitor - INFO - API call successful
2025-02-28 13:05:18,949 - sec_monitor - INFO - ==================================================
2025-02-28 13:05:18,950 - sec_monitor - INFO - Processing middle chunk
2025-02-28 13:05:18,950 - sec_monitor - INFO - Timestamp: 2025-02-28 13:05:18
2025-02-28 13:05:19,294 - sec_monitor - INFO - token percentage = 57%
2025-02-28 13:05:19,295 - sec_monitor - INFO - Making API call - Attempt 1/3
2025-02-28 13:05:19,295 - sec_monitor - INFO - Timestamp: 2025-02-28 13:05:19
2025-02-28 13:05:50,780 - sec_monitor - INFO - API call successful
2025-02-28 13:06:20,810 - sec_monitor - INFO - ==================================================
2025-02-28 13:06:20,810 - sec_monitor - INFO - Processing last chunk
2025-02-28 13:06:20,810 - sec_monitor - INFO - Timestamp: 2025-02-28 13:06:20
2025-02-28 13:06:21,009 - sec_monitor - INFO - token percentage = 44%
2025-02-28 13:06:21,009 - sec_monitor - INFO - Making API call - Attempt 1/3
2025-02-28 13:06:21,009 - sec_monitor - INFO - Timestamp: 2025-02-28 13:06:21
2025-02-28 13:06:35,143 - sec_monitor - INFO - API call successful
2025-02-28 13:06:35,143 - sec_monitor - INFO - Making combine API call - Attempt 1/3
2025-02-28 13:06:35,143 - sec_monitor - INFO - Timestamp: 2025-02-28 13:06:35
2025-02-28 13:06:36,238 - sec_monitor - INFO - Combine API call successful
2025-02-28 13:06:37,240 - sec_monitor - INFO - Processing filing 2/3: DE
2025-02-28 13:07:07,660 - sec_monitor - INFO - ==================================================
2025-02-28 13:07:07,661 - sec_monitor - INFO - Processing first chunk
2025-02-28 13:07:07,661 - sec_monitor - INFO - Timestamp: 2025-02-28 13:07:07
2025-02-28 13:07:07,724 - sec_monitor - INFO - token percentage = 3%
2025-02-28 13:07:07,724 - sec_monitor - INFO - Making API call - Attempt 1/3
2025-02-28 13:07:07,725 - sec_monitor - INFO - Timestamp: 2025-02-28 13:07:07
2025-02-28 13:07:09,680 - sec_monitor - INFO - API call successful
2025-02-28 13:07:10,682 - sec_monitor - INFO - Processing filing 3/3: SW
2025-02-28 13:07:41,145 - sec_monitor - INFO - ==================================================
2025-02-28 13:07:41,145 - sec_monitor - INFO - Processing first chunk
2025-02-28 13:07:41,145 - sec_monitor - INFO - Timestamp: 2025-02-28 13:07:41
2025-02-28 13:07:41,214 - sec_monitor - INFO - token percentage = 4%
2025-02-28 13:07:41,214 - sec_monitor - INFO - Making API call - Attempt 1/3
2025-02-28 13:07:41,214 - sec_monitor - INFO - Timestamp: 2025-02-28 13:07:41
2025-02-28 13:07:43,924 - sec_monitor - INFO - API call successful
2025-02-28 13:07:44,926 - sec_monitor - INFO - Fetching supplementary data...
2025-02-28 13:07:45,046 - sec_monitor - INFO - filing_tickers type: <class 'list'>
2025-02-28 13:07:45,046 - sec_monitor - INFO - filing_data type: <class 'list'>
2025-02-28 13:07:45,046 - sec_monitor - INFO - Market open: False
2025-02-28 13:07:45,046 - sec_monitor - INFO - Number of filing times mapped: 3
2025-02-28 13:07:45,058 - sec_monitor - INFO - Last trading day: 2025-02-28
2025-02-28 13:07:45,058 - sec_monitor - INFO - Processing ticker: ALGN
2025-02-28 13:07:45,174 - sec_monitor - INFO - Number of bars for ALGN: 4
2025-02-28 13:07:45,175 - sec_monitor - INFO - Last bar close for ALGN: 185.78
2025-02-28 13:07:45,175 - sec_monitor - INFO - Outside market hours price for ALGN: 185.78
2025-02-28 13:07:45,175 - sec_monitor - INFO - Processing ticker: DE
2025-02-28 13:07:45,189 - sec_monitor - INFO - Number of bars for DE: 4
2025-02-28 13:07:45,189 - sec_monitor - INFO - Last bar close for DE: 480.25
2025-02-28 13:07:45,189 - sec_monitor - INFO - Outside market hours price for DE: 480.25
2025-02-28 13:07:45,190 - sec_monitor - INFO - Processing ticker: SW
2025-02-28 13:07:45,206 - sec_monitor - INFO - Number of bars for SW: 4
2025-02-28 13:07:45,206 - sec_monitor - INFO - Last bar close for SW: 51.7
2025-02-28 13:07:45,206 - sec_monitor - INFO - Outside market hours price for SW: 51.7
2025-02-28 13:07:45,901 - sec_monitor - INFO - Generating final output...
2025-02-28 13:07:45,902 - sec_monitor - INFO - Successfully merged 3 new filings with existing JSON
2025-02-28 13:07:45,902 - sec_monitor - INFO - Cumulative stats - Input words: 4323992, Output words: 1150
2025-02-28 13:07:45,902 - sec_monitor - INFO - Successfully saved/merged output to output/sec_filings.json
2025-02-28 13:07:45,902 - sec_monitor - INFO - Processing complete. Stats: {'input_words': 821008, 'output_words': 204, 'filings_processed': 3}
2025-02-28 13:25:54,411 - sec_monitor - INFO - Starting SEC filing monitor 
2025-02-28 13:25:54,411 - sec_monitor - INFO - Loading S&P 500 data...
2025-02-28 13:25:54,412 - sec_monitor - INFO - Starting S&P 500 data initialization
2025-02-28 13:25:54,412 - sec_monitor - INFO - Successfully loaded 503 S&P 500 tickers
2025-02-28 13:25:54,412 - sec_monitor - INFO - Successfully loaded 503 S&P 500 tickers
2025-02-28 13:25:54,412 - sec_monitor - INFO - Initializing components...
2025-02-28 13:25:54,412 - sec_monitor - INFO - Initializing components
2025-02-28 13:25:54,412 - sec_monitor - INFO - SEC fetcher initialized
2025-02-28 13:25:54,412 - sec_monitor - INFO - Filing analyzer initialized
2025-02-28 13:25:54,413 - sec_monitor - INFO - Alpaca clients initialized
2025-02-28 13:25:54,413 - sec_monitor - INFO - All components initialized successfully
2025-02-28 13:25:54,414 - sec_monitor - INFO - Found JSON file from today
2025-02-28 13:25:54,414 - sec_monitor - INFO - Found 16 previously processed accessions and 16 filing URLs
2025-02-28 13:25:54,414 - sec_monitor - INFO - Found 16 accession numbers and 16 URLs from previously processed filings
2025-02-28 13:25:54,414 - sec_monitor - INFO - Fetching SEC filings...
2025-02-28 13:26:23,704 - sec_monitor - INFO - No more entries found
2025-02-28 13:26:23,704 - sec_monitor - INFO - Completed fetching. Found 78 total filings
2025-02-28 13:26:23,704 - sec_monitor - INFO - Found 2 new interesting filings
2025-02-28 13:26:23,705 - sec_monitor - INFO - Found 2 new filings to process
2025-02-28 13:26:23,705 - sec_monitor - INFO - Processing filing 1/2: STLD
2025-02-28 13:28:10,031 - sec_monitor - INFO - ==================================================
2025-02-28 13:28:10,031 - sec_monitor - INFO - Processing first chunk
2025-02-28 13:28:10,031 - sec_monitor - INFO - Timestamp: 2025-02-28 13:28:10
2025-02-28 13:28:11,115 - sec_monitor - INFO - token percentage = 47%
2025-02-28 13:28:11,115 - sec_monitor - INFO - Making API call - Attempt 1/3
2025-02-28 13:28:11,115 - sec_monitor - INFO - Timestamp: 2025-02-28 13:28:11
2025-02-28 13:29:04,333 - sec_monitor - INFO - API call successful
2025-02-28 13:29:34,341 - sec_monitor - INFO - ==================================================
2025-02-28 13:29:34,341 - sec_monitor - INFO - Processing middle chunk
2025-02-28 13:29:34,342 - sec_monitor - INFO - Timestamp: 2025-02-28 13:29:34
2025-02-28 13:29:35,490 - sec_monitor - INFO - token percentage = 43%
2025-02-28 13:29:35,490 - sec_monitor - INFO - Making API call - Attempt 1/3
2025-02-28 13:29:35,490 - sec_monitor - INFO - Timestamp: 2025-02-28 13:29:35
2025-02-28 13:29:50,194 - sec_monitor - INFO - API call successful
2025-02-28 13:30:20,210 - sec_monitor - INFO - ==================================================
2025-02-28 13:30:20,210 - sec_monitor - INFO - Processing middle chunk
2025-02-28 13:30:20,210 - sec_monitor - INFO - Timestamp: 2025-02-28 13:30:20
2025-02-28 13:30:20,957 - sec_monitor - INFO - token percentage = 66%
2025-02-28 13:30:20,957 - sec_monitor - INFO - Making API call - Attempt 1/3
2025-02-28 13:30:20,957 - sec_monitor - INFO - Timestamp: 2025-02-28 13:30:20
2025-02-28 13:30:42,681 - sec_monitor - INFO - API call successful
2025-02-28 13:31:12,691 - sec_monitor - INFO - ==================================================
2025-02-28 13:31:12,691 - sec_monitor - INFO - Processing middle chunk
2025-02-28 13:31:12,692 - sec_monitor - INFO - Timestamp: 2025-02-28 13:31:12
2025-02-28 13:31:13,825 - sec_monitor - INFO - token percentage = 41%
2025-02-28 13:31:13,825 - sec_monitor - INFO - Making API call - Attempt 1/3
2025-02-28 13:31:13,825 - sec_monitor - INFO - Timestamp: 2025-02-28 13:31:13
2025-02-28 13:31:27,635 - sec_monitor - INFO - API call successful
2025-02-28 13:31:57,665 - sec_monitor - INFO - ==================================================
2025-02-28 13:31:57,665 - sec_monitor - INFO - Processing middle chunk
2025-02-28 13:31:57,665 - sec_monitor - INFO - Timestamp: 2025-02-28 13:31:57
2025-02-28 13:31:58,583 - sec_monitor - INFO - token percentage = 41%
2025-02-28 13:31:58,584 - sec_monitor - INFO - Making API call - Attempt 1/3
2025-02-28 13:31:58,584 - sec_monitor - INFO - Timestamp: 2025-02-28 13:31:58
2025-02-28 13:32:12,861 - sec_monitor - INFO - API call successful
2025-02-28 13:32:42,891 - sec_monitor - INFO - ==================================================
2025-02-28 13:32:42,891 - sec_monitor - INFO - Processing last chunk
2025-02-28 13:32:42,891 - sec_monitor - INFO - Timestamp: 2025-02-28 13:32:42
2025-02-28 13:32:43,267 - sec_monitor - INFO - token percentage = 32%
2025-02-28 13:32:43,268 - sec_monitor - INFO - Making API call - Attempt 1/3
2025-02-28 13:32:43,268 - sec_monitor - INFO - Timestamp: 2025-02-28 13:32:43
2025-02-28 13:32:52,784 - sec_monitor - INFO - API call successful
2025-02-28 13:32:52,785 - sec_monitor - INFO - Making combine API call - Attempt 1/3
2025-02-28 13:32:52,785 - sec_monitor - INFO - Timestamp: 2025-02-28 13:32:52
2025-02-28 13:32:53,806 - sec_monitor - INFO - Combine API call successful
2025-02-28 13:32:54,808 - sec_monitor - INFO - Processing filing 2/2: DLTR
2025-02-28 13:33:33,927 - sec_monitor - INFO - ==================================================
2025-02-28 13:33:33,928 - sec_monitor - INFO - Processing first chunk
2025-02-28 13:33:33,928 - sec_monitor - INFO - Timestamp: 2025-02-28 13:33:33
2025-02-28 13:33:34,364 - sec_monitor - INFO - token percentage = 48%
2025-02-28 13:33:34,364 - sec_monitor - INFO - Making API call - Attempt 1/3
2025-02-28 13:33:34,364 - sec_monitor - INFO - Timestamp: 2025-02-28 13:33:34
2025-02-28 13:33:49,234 - sec_monitor - INFO - API call successful
2025-02-28 13:34:19,265 - sec_monitor - INFO - ==================================================
2025-02-28 13:34:19,265 - sec_monitor - INFO - Processing last chunk
2025-02-28 13:34:19,265 - sec_monitor - INFO - Timestamp: 2025-02-28 13:34:19
2025-02-28 13:34:19,454 - sec_monitor - INFO - token percentage = 23%
2025-02-28 13:34:19,454 - sec_monitor - INFO - Making API call - Attempt 1/3
2025-02-28 13:34:19,454 - sec_monitor - INFO - Timestamp: 2025-02-28 13:34:19
2025-02-28 13:34:40,013 - sec_monitor - INFO - API call successful
2025-02-28 13:34:40,014 - sec_monitor - INFO - Making combine API call - Attempt 1/3
2025-02-28 13:34:40,014 - sec_monitor - INFO - Timestamp: 2025-02-28 13:34:40
2025-02-28 13:34:41,049 - sec_monitor - INFO - Combine API call successful
2025-02-28 13:34:42,051 - sec_monitor - INFO - Fetching supplementary data...
2025-02-28 13:34:42,252 - sec_monitor - INFO - filing_tickers type: <class 'list'>
2025-02-28 13:34:42,252 - sec_monitor - INFO - filing_data type: <class 'list'>
2025-02-28 13:34:42,252 - sec_monitor - INFO - Market open: False
2025-02-28 13:34:42,252 - sec_monitor - INFO - Number of filing times mapped: 2
2025-02-28 13:34:42,316 - sec_monitor - INFO - Last trading day: 2025-02-28
2025-02-28 13:34:42,316 - sec_monitor - INFO - Processing ticker: STLD
2025-02-28 13:34:42,512 - sec_monitor - INFO - Number of bars for STLD: 4
2025-02-28 13:34:42,513 - sec_monitor - INFO - Last bar close for STLD: 133.4
2025-02-28 13:34:42,513 - sec_monitor - INFO - Outside market hours price for STLD: 133.4
2025-02-28 13:34:42,513 - sec_monitor - INFO - Processing ticker: DLTR
2025-02-28 13:34:42,576 - sec_monitor - INFO - Number of bars for DLTR: 4
2025-02-28 13:34:42,576 - sec_monitor - INFO - Last bar close for DLTR: 73.17
2025-02-28 13:34:42,576 - sec_monitor - INFO - Outside market hours price for DLTR: 73.17
2025-02-28 13:34:43,349 - sec_monitor - INFO - Generating final output...
2025-02-28 13:34:43,350 - sec_monitor - INFO - Successfully merged 2 new filings with existing JSON
2025-02-28 13:34:43,350 - sec_monitor - INFO - Cumulative stats - Input words: 4675941, Output words: 1263
2025-02-28 13:34:43,350 - sec_monitor - INFO - Successfully saved/merged output to output/sec_filings.json
2025-02-28 13:34:43,350 - sec_monitor - INFO - Processing complete. Stats: {'input_words': 351949, 'output_words': 113, 'filings_processed': 2}
