2025-04-28 11:31:31,062 - sec_monitor - INFO - Starting SEC filing monitor 
2025-04-28 11:31:31,062 - sec_monitor - INFO - Loading S&P 500 data...
2025-04-28 11:31:31,062 - sec_monitor - INFO - Starting S&P 500 data initialization
2025-04-28 11:31:31,062 - sec_monitor - INFO - Successfully loaded 503 S&P 500 tickers
2025-04-28 11:31:31,063 - sec_monitor - INFO - Successfully loaded 503 S&P 500 tickers
2025-04-28 11:31:31,063 - sec_monitor - INFO - Initializing components...
2025-04-28 11:31:31,063 - sec_monitor - INFO - Initializing components
2025-04-28 11:31:31,063 - sec_monitor - INFO - SEC fetcher initialized
2025-04-28 11:31:31,063 - sec_monitor - INFO - Filing analyzer initialized
2025-04-28 11:31:31,063 - sec_monitor - INFO - Alpaca clients initialized
2025-04-28 11:31:31,063 - sec_monitor - INFO - All components initialized successfully
2025-04-28 11:31:31,064 - sec_monitor - INFO - Found old JSON file, archiving
2025-04-28 11:31:31,065 - sec_monitor - INFO - Starting new filing collection for today
2025-04-28 11:31:31,065 - sec_monitor - INFO - Fetching SEC filings...
2025-04-28 11:31:31,845 - sec_monitor - INFO - Reached old filing, stopping. Found 20 total filings
2025-04-28 11:31:31,845 - sec_monitor - INFO - Found 7 new interesting filings
2025-04-28 11:31:31,845 - sec_monitor - INFO - Found 7 new filings to process
2025-04-28 11:31:31,845 - sec_monitor - INFO - Processing filing 1/7: RVTY
2025-04-28 11:32:02,692 - sec_monitor - INFO - ==================================================
2025-04-28 11:32:02,692 - sec_monitor - INFO - Processing first chunk
2025-04-28 11:32:02,692 - sec_monitor - INFO - Timestamp: 2025-04-28 11:32:02
2025-04-28 11:32:02,860 - sec_monitor - INFO - token percentage = 5%
2025-04-28 11:32:02,860 - sec_monitor - INFO - Making API call - Attempt 1/3
2025-04-28 11:32:02,860 - sec_monitor - INFO - Timestamp: 2025-04-28 11:32:02
2025-04-28 11:32:06,345 - sec_monitor - INFO - API call successful
2025-04-28 11:32:07,347 - sec_monitor - INFO - Processing filing 2/7: NWS
2025-04-28 11:32:38,280 - sec_monitor - INFO - ==================================================
2025-04-28 11:32:38,280 - sec_monitor - INFO - Processing first chunk
2025-04-28 11:32:38,280 - sec_monitor - INFO - Timestamp: 2025-04-28 11:32:38
2025-04-28 11:32:38,429 - sec_monitor - INFO - token percentage = 8%
2025-04-28 11:32:38,429 - sec_monitor - INFO - Making API call - Attempt 1/3
2025-04-28 11:32:38,429 - sec_monitor - INFO - Timestamp: 2025-04-28 11:32:38
2025-04-28 11:32:42,974 - sec_monitor - INFO - API call successful
2025-04-28 11:32:43,976 - sec_monitor - INFO - Processing filing 3/7: ROP
2025-04-28 11:33:14,825 - sec_monitor - INFO - ==================================================
2025-04-28 11:33:14,825 - sec_monitor - INFO - Processing first chunk
2025-04-28 11:33:14,825 - sec_monitor - INFO - Timestamp: 2025-04-28 11:33:14
2025-04-28 11:33:14,959 - sec_monitor - INFO - token percentage = 4%
2025-04-28 11:33:14,959 - sec_monitor - INFO - Making API call - Attempt 1/3
2025-04-28 11:33:14,959 - sec_monitor - INFO - Timestamp: 2025-04-28 11:33:14
2025-04-28 11:33:18,879 - sec_monitor - INFO - API call successful
2025-04-28 11:33:19,880 - sec_monitor - INFO - Processing filing 4/7: AVY
2025-04-28 11:33:50,356 - sec_monitor - INFO - ==================================================
2025-04-28 11:33:50,356 - sec_monitor - INFO - Processing first chunk
2025-04-28 11:33:50,356 - sec_monitor - INFO - Timestamp: 2025-04-28 11:33:50
2025-04-28 11:33:50,458 - sec_monitor - INFO - token percentage = 3%
2025-04-28 11:33:50,458 - sec_monitor - INFO - Making API call - Attempt 1/3
2025-04-28 11:33:50,458 - sec_monitor - INFO - Timestamp: 2025-04-28 11:33:50
2025-04-28 11:33:52,268 - sec_monitor - INFO - API call successful
2025-04-28 11:33:53,270 - sec_monitor - INFO - Processing filing 5/7: WMT
2025-04-28 11:34:25,621 - sec_monitor - INFO - ==================================================
2025-04-28 11:34:25,621 - sec_monitor - INFO - Processing first chunk
2025-04-28 11:34:25,621 - sec_monitor - INFO - Timestamp: 2025-04-28 11:34:25
2025-04-28 11:34:26,304 - sec_monitor - INFO - token percentage = 22%
2025-04-28 11:34:26,305 - sec_monitor - INFO - Making API call - Attempt 1/3
2025-04-28 11:34:26,305 - sec_monitor - INFO - Timestamp: 2025-04-28 11:34:26
2025-04-28 11:34:35,649 - sec_monitor - INFO - API call successful
2025-04-28 11:34:36,650 - sec_monitor - INFO - Processing filing 6/7: DPZ
2025-04-28 11:35:27,375 - sec_monitor - INFO - ==================================================
2025-04-28 11:35:27,375 - sec_monitor - INFO - Processing first chunk
2025-04-28 11:35:27,375 - sec_monitor - INFO - Timestamp: 2025-04-28 11:35:27
2025-04-28 11:35:28,334 - sec_monitor - INFO - token percentage = 44%
2025-04-28 11:35:28,335 - sec_monitor - INFO - Making API call - Attempt 1/3
2025-04-28 11:35:28,335 - sec_monitor - INFO - Timestamp: 2025-04-28 11:35:28
2025-04-28 11:35:44,282 - sec_monitor - INFO - API call successful
2025-04-28 11:36:14,300 - sec_monitor - INFO - ==================================================
2025-04-28 11:36:14,300 - sec_monitor - INFO - Processing middle chunk
2025-04-28 11:36:14,300 - sec_monitor - INFO - Timestamp: 2025-04-28 11:36:14
2025-04-28 11:36:15,191 - sec_monitor - INFO - token percentage = 58%
2025-04-28 11:36:15,191 - sec_monitor - INFO - Making API call - Attempt 1/3
2025-04-28 11:36:15,192 - sec_monitor - INFO - Timestamp: 2025-04-28 11:36:15
2025-04-28 11:36:36,095 - sec_monitor - INFO - API call successful
2025-04-28 11:37:06,120 - sec_monitor - INFO - ==================================================
2025-04-28 11:37:06,120 - sec_monitor - INFO - Processing last chunk
2025-04-28 11:37:06,120 - sec_monitor - INFO - Timestamp: 2025-04-28 11:37:06
2025-04-28 11:37:06,694 - sec_monitor - INFO - token percentage = 28%
2025-04-28 11:37:06,694 - sec_monitor - INFO - Making API call - Attempt 1/3
2025-04-28 11:37:06,695 - sec_monitor - INFO - Timestamp: 2025-04-28 11:37:06
2025-04-28 11:37:17,699 - sec_monitor - INFO - API call successful
2025-04-28 11:37:17,699 - sec_monitor - INFO - Making combine API call - Attempt 1/3
2025-04-28 11:37:17,699 - sec_monitor - INFO - Timestamp: 2025-04-28 11:37:17
2025-04-28 11:37:18,688 - sec_monitor - INFO - Combine API call successful
2025-04-28 11:37:19,690 - sec_monitor - INFO - Processing filing 7/7: DPZ
2025-04-28 11:37:50,933 - sec_monitor - INFO - ==================================================
2025-04-28 11:37:50,933 - sec_monitor - INFO - Processing first chunk
2025-04-28 11:37:50,933 - sec_monitor - INFO - Timestamp: 2025-04-28 11:37:50
2025-04-28 11:37:51,073 - sec_monitor - INFO - token percentage = 6%
2025-04-28 11:37:51,073 - sec_monitor - INFO - Making API call - Attempt 1/3
2025-04-28 11:37:51,074 - sec_monitor - INFO - Timestamp: 2025-04-28 11:37:51
2025-04-28 11:37:54,842 - sec_monitor - INFO - API call successful
2025-04-28 11:37:55,843 - sec_monitor - INFO - Fetching supplementary data...
2025-04-28 11:37:56,204 - sec_monitor - INFO - filing_tickers type: <class 'list'>
2025-04-28 11:37:56,204 - sec_monitor - INFO - filing_data type: <class 'list'>
2025-04-28 11:37:56,204 - sec_monitor - INFO - Market open: False
2025-04-28 11:37:56,204 - sec_monitor - INFO - Number of filing times mapped: 6
2025-04-28 11:37:56,225 - sec_monitor - INFO - Last trading day: 2025-04-28
2025-04-28 11:37:56,225 - sec_monitor - INFO - Processing ticker: RVTY
2025-04-28 11:37:56,699 - sec_monitor - INFO - Number of bars for RVTY: 3
2025-04-28 11:37:56,699 - sec_monitor - INFO - Last bar close for RVTY: 94.29
2025-04-28 11:37:56,700 - sec_monitor - INFO - Outside market hours price for RVTY: 94.29
2025-04-28 11:37:56,700 - sec_monitor - INFO - Processing ticker: NWS
2025-04-28 11:37:56,730 - sec_monitor - INFO - Number of bars for NWS: 3
2025-04-28 11:37:56,730 - sec_monitor - INFO - Last bar close for NWS: 31.22
2025-04-28 11:37:56,730 - sec_monitor - INFO - Outside market hours price for NWS: 31.22
2025-04-28 11:37:56,730 - sec_monitor - INFO - Processing ticker: ROP
2025-04-28 11:37:56,758 - sec_monitor - INFO - Number of bars for ROP: 3
2025-04-28 11:37:56,758 - sec_monitor - INFO - Last bar close for ROP: 557.37
2025-04-28 11:37:56,759 - sec_monitor - INFO - Outside market hours price for ROP: 557.37
2025-04-28 11:37:56,759 - sec_monitor - INFO - Processing ticker: AVY
2025-04-28 11:37:56,791 - sec_monitor - INFO - Number of bars for AVY: 3
2025-04-28 11:37:56,791 - sec_monitor - INFO - Last bar close for AVY: 170.67
2025-04-28 11:37:56,791 - sec_monitor - INFO - Outside market hours price for AVY: 170.67
2025-04-28 11:37:56,791 - sec_monitor - INFO - Processing ticker: WMT
2025-04-28 11:37:56,819 - sec_monitor - INFO - Number of bars for WMT: 3
2025-04-28 11:37:56,819 - sec_monitor - INFO - Last bar close for WMT: 94.99
2025-04-28 11:37:56,819 - sec_monitor - INFO - Outside market hours price for WMT: 94.99
2025-04-28 11:37:56,819 - sec_monitor - INFO - Processing ticker: DPZ
2025-04-28 11:37:56,848 - sec_monitor - INFO - Number of bars for DPZ: 3
2025-04-28 11:37:56,848 - sec_monitor - INFO - Last bar close for DPZ: 487.19
2025-04-28 11:37:56,848 - sec_monitor - INFO - Outside market hours price for DPZ: 487.19
2025-04-28 11:37:56,848 - sec_monitor - INFO - Processing ticker: DPZ
2025-04-28 11:37:56,878 - sec_monitor - INFO - Number of bars for DPZ: 3
2025-04-28 11:37:56,878 - sec_monitor - INFO - Last bar close for DPZ: 487.19
2025-04-28 11:37:56,878 - sec_monitor - INFO - Outside market hours price for DPZ: 487.19
2025-04-28 11:37:59,537 - sec_monitor - INFO - Generating final output...
2025-04-28 11:37:59,538 - sec_monitor - INFO - Successfully saved/merged output to output/sec_filings.json
2025-04-28 11:37:59,538 - sec_monitor - INFO - Processing complete. Stats: {'input_words': 241181, 'output_words': 556, 'filings_processed': 7}
2025-04-28 12:44:41,487 - sec_monitor - INFO - Starting SEC filing monitor 
2025-04-28 12:44:41,487 - sec_monitor - INFO - Loading S&P 500 data...
2025-04-28 12:44:41,487 - sec_monitor - INFO - Starting S&P 500 data initialization
2025-04-28 12:44:41,487 - sec_monitor - INFO - Successfully loaded 503 S&P 500 tickers
2025-04-28 12:44:41,487 - sec_monitor - INFO - Successfully loaded 503 S&P 500 tickers
2025-04-28 12:44:41,487 - sec_monitor - INFO - Initializing components...
2025-04-28 12:44:41,487 - sec_monitor - INFO - Initializing components
2025-04-28 12:44:41,488 - sec_monitor - INFO - SEC fetcher initialized
2025-04-28 12:44:41,488 - sec_monitor - INFO - Filing analyzer initialized
2025-04-28 12:44:41,488 - sec_monitor - INFO - Alpaca clients initialized
2025-04-28 12:44:41,488 - sec_monitor - INFO - All components initialized successfully
2025-04-28 12:44:41,489 - sec_monitor - INFO - Found JSON file from today
2025-04-28 12:44:41,489 - sec_monitor - INFO - Found 7 previously processed accessions and 7 filing URLs
2025-04-28 12:44:41,489 - sec_monitor - INFO - Found 7 accession numbers and 7 URLs from previously processed filings
2025-04-28 12:44:41,489 - sec_monitor - INFO - Fetching SEC filings...
2025-04-28 12:44:44,796 - sec_monitor - INFO - Reached old filing, stopping. Found 38 total filings
2025-04-28 12:44:44,796 - sec_monitor - INFO - Found 0 new interesting filings
2025-04-28 12:44:44,796 - sec_monitor - INFO - No new filings to process
