2025-07-18 11:10:44,782 - sec_monitor - INFO - Starting SEC filing monitor 
2025-07-18 11:10:44,782 - sec_monitor - INFO - Loading S&P 500 data...
2025-07-18 11:10:44,782 - sec_monitor - INFO - Starting S&P 500 data initialization
2025-07-18 11:10:44,782 - sec_monitor - INFO - Successfully loaded 503 S&P 500 tickers
2025-07-18 11:10:44,782 - sec_monitor - INFO - Successfully loaded 503 S&P 500 tickers
2025-07-18 11:10:44,782 - sec_monitor - INFO - Initializing components...
2025-07-18 11:10:44,782 - sec_monitor - INFO - Initializing components
2025-07-18 11:10:44,783 - sec_monitor - INFO - SEC fetcher initialized
2025-07-18 11:10:44,783 - sec_monitor - INFO - Filing analyzer initialized
2025-07-18 11:10:44,783 - sec_monitor - INFO - Alpaca clients initialized
2025-07-18 11:10:44,783 - sec_monitor - INFO - All components initialized successfully
2025-07-18 11:10:44,784 - sec_monitor - INFO - Found old JSON file, archiving
2025-07-18 11:10:44,784 - sec_monitor - INFO - Starting new filing collection for today
2025-07-18 11:10:44,784 - sec_monitor - INFO - Fetching SEC filings...
2025-07-18 11:10:58,088 - sec_monitor - INFO - No more entries found
2025-07-18 11:10:58,089 - sec_monitor - INFO - Completed fetching. Found 417 total filings
2025-07-18 11:10:58,089 - sec_monitor - INFO - Found 7 new interesting filings
2025-07-18 11:10:58,089 - sec_monitor - INFO - Found 7 new filings to process
2025-07-18 11:10:58,089 - sec_monitor - INFO - Processing filing 1/7: SLB
2025-07-18 11:11:29,605 - sec_monitor - INFO - ==================================================
2025-07-18 11:11:29,605 - sec_monitor - INFO - Processing first chunk
2025-07-18 11:11:29,605 - sec_monitor - INFO - Timestamp: 2025-07-18 11:11:29
2025-07-18 11:11:29,765 - sec_monitor - INFO - token percentage = 7%
2025-07-18 11:11:29,766 - sec_monitor - INFO - Making API call - Attempt 1/3
2025-07-18 11:11:29,766 - sec_monitor - INFO - Timestamp: 2025-07-18 11:11:29
2025-07-18 11:13:49,181 - sec_monitor - INFO - API call successful
2025-07-18 11:13:50,183 - sec_monitor - INFO - Processing filing 2/7: AXP
2025-07-18 11:14:22,177 - sec_monitor - INFO - ==================================================
2025-07-18 11:14:22,177 - sec_monitor - INFO - Processing first chunk
2025-07-18 11:14:22,177 - sec_monitor - INFO - Timestamp: 2025-07-18 11:14:22
2025-07-18 11:14:22,399 - sec_monitor - INFO - token percentage = 10%
2025-07-18 11:14:22,399 - sec_monitor - INFO - Making API call - Attempt 1/3
2025-07-18 11:14:22,399 - sec_monitor - INFO - Timestamp: 2025-07-18 11:14:22
2025-07-18 11:14:38,376 - sec_monitor - INFO - API call successful
2025-07-18 11:14:39,377 - sec_monitor - INFO - Processing filing 3/7: MMM
2025-07-18 11:15:10,733 - sec_monitor - INFO - ==================================================
2025-07-18 11:15:10,733 - sec_monitor - INFO - Processing first chunk
2025-07-18 11:15:10,733 - sec_monitor - INFO - Timestamp: 2025-07-18 11:15:10
2025-07-18 11:15:10,874 - sec_monitor - INFO - token percentage = 7%
2025-07-18 11:15:10,874 - sec_monitor - INFO - Making API call - Attempt 1/3
2025-07-18 11:15:10,874 - sec_monitor - INFO - Timestamp: 2025-07-18 11:15:10
2025-07-18 11:15:42,054 - sec_monitor - INFO - API call successful
2025-07-18 11:15:43,056 - sec_monitor - INFO - Processing filing 4/7: XEL
2025-07-18 11:16:13,485 - sec_monitor - INFO - ==================================================
2025-07-18 11:16:13,485 - sec_monitor - INFO - Processing first chunk
2025-07-18 11:16:13,485 - sec_monitor - INFO - Timestamp: 2025-07-18 11:16:13
2025-07-18 11:16:13,598 - sec_monitor - INFO - token percentage = 3%
2025-07-18 11:16:13,598 - sec_monitor - INFO - Making API call - Attempt 1/3
2025-07-18 11:16:13,598 - sec_monitor - INFO - Timestamp: 2025-07-18 11:16:13
2025-07-18 11:16:17,067 - sec_monitor - INFO - API call successful
2025-07-18 11:16:18,068 - sec_monitor - INFO - Processing filing 5/7: PFG
2025-07-18 11:16:48,453 - sec_monitor - INFO - ==================================================
2025-07-18 11:16:48,453 - sec_monitor - INFO - Processing first chunk
2025-07-18 11:16:48,453 - sec_monitor - INFO - Timestamp: 2025-07-18 11:16:48
2025-07-18 11:16:48,618 - sec_monitor - INFO - token percentage = 3%
2025-07-18 11:16:48,618 - sec_monitor - INFO - Making API call - Attempt 1/3
2025-07-18 11:16:48,618 - sec_monitor - INFO - Timestamp: 2025-07-18 11:16:48
2025-07-18 11:16:53,305 - sec_monitor - INFO - API call successful
2025-07-18 11:16:54,306 - sec_monitor - INFO - Processing filing 6/7: OKE
2025-07-18 11:17:26,061 - sec_monitor - INFO - ==================================================
2025-07-18 11:17:26,062 - sec_monitor - INFO - Processing first chunk
2025-07-18 11:17:26,062 - sec_monitor - INFO - Timestamp: 2025-07-18 11:17:26
2025-07-18 11:17:26,298 - sec_monitor - INFO - token percentage = 21%
2025-07-18 11:17:26,298 - sec_monitor - INFO - Making API call - Attempt 1/3
2025-07-18 11:17:26,298 - sec_monitor - INFO - Timestamp: 2025-07-18 11:17:26
2025-07-18 11:17:43,982 - sec_monitor - INFO - API call successful
2025-07-18 11:17:44,984 - sec_monitor - INFO - Processing filing 7/7: FDX
2025-07-18 11:18:15,511 - sec_monitor - INFO - ==================================================
2025-07-18 11:18:15,511 - sec_monitor - INFO - Processing first chunk
2025-07-18 11:18:15,511 - sec_monitor - INFO - Timestamp: 2025-07-18 11:18:15
2025-07-18 11:18:15,624 - sec_monitor - INFO - token percentage = 3%
2025-07-18 11:18:15,624 - sec_monitor - INFO - Making API call - Attempt 1/3
2025-07-18 11:18:15,624 - sec_monitor - INFO - Timestamp: 2025-07-18 11:18:15
2025-07-18 11:18:18,582 - sec_monitor - INFO - API call successful
2025-07-18 11:18:19,584 - sec_monitor - INFO - Fetching supplementary data...
2025-07-18 11:18:19,659 - sec_monitor - INFO - filing_tickers type: <class 'list'>
2025-07-18 11:18:19,659 - sec_monitor - INFO - filing_data type: <class 'list'>
2025-07-18 11:18:19,659 - sec_monitor - INFO - Market open: False
2025-07-18 11:18:19,659 - sec_monitor - INFO - Number of filing times mapped: 7
2025-07-18 11:18:19,714 - sec_monitor - INFO - Last trading day: 2025-07-18
2025-07-18 11:18:19,714 - sec_monitor - INFO - Processing ticker: SLB
2025-07-18 11:18:19,927 - sec_monitor - INFO - Number of bars for SLB: 4
2025-07-18 11:18:19,927 - sec_monitor - INFO - Last bar close for SLB: 34.66
2025-07-18 11:18:19,928 - sec_monitor - INFO - Outside market hours price for SLB: 34.66
2025-07-18 11:18:19,928 - sec_monitor - INFO - Processing ticker: AXP
2025-07-18 11:18:19,944 - sec_monitor - INFO - Number of bars for AXP: 4
2025-07-18 11:18:19,945 - sec_monitor - INFO - Last bar close for AXP: 315.81
2025-07-18 11:18:19,945 - sec_monitor - INFO - Outside market hours price for AXP: 315.81
2025-07-18 11:18:19,945 - sec_monitor - INFO - Processing ticker: MMM
2025-07-18 11:18:19,959 - sec_monitor - INFO - Number of bars for MMM: 4
2025-07-18 11:18:19,959 - sec_monitor - INFO - Last bar close for MMM: 159.11
2025-07-18 11:18:19,959 - sec_monitor - INFO - Outside market hours price for MMM: 159.11
2025-07-18 11:18:19,959 - sec_monitor - INFO - Processing ticker: XEL
2025-07-18 11:18:19,973 - sec_monitor - INFO - Number of bars for XEL: 4
2025-07-18 11:18:19,974 - sec_monitor - INFO - Last bar close for XEL: 69.66
2025-07-18 11:18:19,974 - sec_monitor - INFO - Outside market hours price for XEL: 69.66
2025-07-18 11:18:19,974 - sec_monitor - INFO - Processing ticker: PFG
2025-07-18 11:18:19,985 - sec_monitor - INFO - Number of bars for PFG: 4
2025-07-18 11:18:19,985 - sec_monitor - INFO - Last bar close for PFG: 80.99
2025-07-18 11:18:19,985 - sec_monitor - INFO - Outside market hours price for PFG: 80.99
2025-07-18 11:18:19,985 - sec_monitor - INFO - Processing ticker: OKE
2025-07-18 11:18:19,998 - sec_monitor - INFO - Number of bars for OKE: 4
2025-07-18 11:18:19,998 - sec_monitor - INFO - Last bar close for OKE: 81.27
2025-07-18 11:18:19,998 - sec_monitor - INFO - Outside market hours price for OKE: 81.27
2025-07-18 11:18:19,998 - sec_monitor - INFO - Processing ticker: FDX
2025-07-18 11:18:20,017 - sec_monitor - INFO - Number of bars for FDX: 4
2025-07-18 11:18:20,017 - sec_monitor - INFO - Last bar close for FDX: 228.46
2025-07-18 11:18:20,017 - sec_monitor - INFO - Outside market hours price for FDX: 228.46
2025-07-18 11:18:22,117 - sec_monitor - INFO - Generating final output...
2025-07-18 11:18:22,118 - sec_monitor - INFO - Successfully saved/merged output to output/sec_filings.json
2025-07-18 11:18:22,118 - sec_monitor - INFO - Processing complete. Stats: {'input_words': 67608, 'output_words': 530, 'filings_processed': 7}
