2025-05-14 11:10:10,120 - sec_monitor - INFO - Starting SEC filing monitor 
2025-05-14 11:10:10,120 - sec_monitor - INFO - Loading S&P 500 data...
2025-05-14 11:10:10,120 - sec_monitor - INFO - Starting S&P 500 data initialization
2025-05-14 11:10:10,120 - sec_monitor - INFO - Successfully loaded 503 S&P 500 tickers
2025-05-14 11:10:10,121 - sec_monitor - INFO - Successfully loaded 503 S&P 500 tickers
2025-05-14 11:10:10,121 - sec_monitor - INFO - Initializing components...
2025-05-14 11:10:10,121 - sec_monitor - INFO - Initializing components
2025-05-14 11:10:10,121 - sec_monitor - INFO - SEC fetcher initialized
2025-05-14 11:10:10,121 - sec_monitor - INFO - Filing analyzer initialized
2025-05-14 11:10:10,121 - sec_monitor - INFO - Alpaca clients initialized
2025-05-14 11:10:10,121 - sec_monitor - INFO - All components initialized successfully
2025-05-14 11:10:10,122 - sec_monitor - INFO - Found old JSON file, archiving
2025-05-14 11:10:10,122 - sec_monitor - INFO - Starting new filing collection for today
2025-05-14 11:10:10,123 - sec_monitor - INFO - Fetching SEC filings...
2025-05-14 11:10:24,073 - sec_monitor - INFO - No more entries found
2025-05-14 11:10:24,073 - sec_monitor - INFO - Completed fetching. Found 109 total filings
2025-05-14 11:10:24,073 - sec_monitor - INFO - Found 6 new interesting filings
2025-05-14 11:10:24,073 - sec_monitor - INFO - Found 6 new filings to process
2025-05-14 11:10:24,073 - sec_monitor - INFO - Processing filing 1/6: ZBRA
2025-05-14 11:10:54,599 - sec_monitor - INFO - ==================================================
2025-05-14 11:10:54,600 - sec_monitor - INFO - Processing first chunk
2025-05-14 11:10:54,600 - sec_monitor - INFO - Timestamp: 2025-05-14 11:10:54
2025-05-14 11:10:54,754 - sec_monitor - INFO - token percentage = 2%
2025-05-14 11:10:54,754 - sec_monitor - INFO - Making API call - Attempt 1/3
2025-05-14 11:10:54,754 - sec_monitor - INFO - Timestamp: 2025-05-14 11:10:54
2025-05-14 11:10:57,297 - sec_monitor - INFO - API call successful
2025-05-14 11:10:58,298 - sec_monitor - INFO - Processing filing 2/6: NUE
2025-05-14 11:11:28,872 - sec_monitor - INFO - ==================================================
2025-05-14 11:11:28,872 - sec_monitor - INFO - Processing first chunk
2025-05-14 11:11:28,872 - sec_monitor - INFO - Timestamp: 2025-05-14 11:11:28
2025-05-14 11:11:29,097 - sec_monitor - INFO - token percentage = 6%
2025-05-14 11:11:29,097 - sec_monitor - INFO - Making API call - Attempt 1/3
2025-05-14 11:11:29,098 - sec_monitor - INFO - Timestamp: 2025-05-14 11:11:29
2025-05-14 11:12:19,125 - sec_monitor - INFO - API call successful
2025-05-14 11:12:20,127 - sec_monitor - INFO - Processing filing 3/6: UNH
2025-05-14 11:12:50,850 - sec_monitor - INFO - ==================================================
2025-05-14 11:12:50,850 - sec_monitor - INFO - Processing first chunk
2025-05-14 11:12:50,850 - sec_monitor - INFO - Timestamp: 2025-05-14 11:12:50
2025-05-14 11:12:51,008 - sec_monitor - INFO - token percentage = 7%
2025-05-14 11:12:51,009 - sec_monitor - INFO - Making API call - Attempt 1/3
2025-05-14 11:12:51,009 - sec_monitor - INFO - Timestamp: 2025-05-14 11:12:51
2025-05-14 11:13:02,878 - sec_monitor - INFO - API call successful
2025-05-14 11:13:03,880 - sec_monitor - INFO - Processing filing 4/6: SYK
2025-05-14 11:13:34,738 - sec_monitor - INFO - ==================================================
2025-05-14 11:13:34,738 - sec_monitor - INFO - Processing first chunk
2025-05-14 11:13:34,738 - sec_monitor - INFO - Timestamp: 2025-05-14 11:13:34
2025-05-14 11:13:34,943 - sec_monitor - INFO - token percentage = 9%
2025-05-14 11:13:34,943 - sec_monitor - INFO - Making API call - Attempt 1/3
2025-05-14 11:13:34,943 - sec_monitor - INFO - Timestamp: 2025-05-14 11:13:34
2025-05-14 11:13:40,388 - sec_monitor - INFO - API call successful
2025-05-14 11:13:41,389 - sec_monitor - INFO - Processing filing 5/6: TDG
2025-05-14 11:14:11,804 - sec_monitor - INFO - ==================================================
2025-05-14 11:14:11,805 - sec_monitor - INFO - Processing first chunk
2025-05-14 11:14:11,805 - sec_monitor - INFO - Timestamp: 2025-05-14 11:14:11
2025-05-14 11:14:11,918 - sec_monitor - INFO - token percentage = 3%
2025-05-14 11:14:11,918 - sec_monitor - INFO - Making API call - Attempt 1/3
2025-05-14 11:14:11,918 - sec_monitor - INFO - Timestamp: 2025-05-14 11:14:11
2025-05-14 11:14:13,670 - sec_monitor - INFO - API call successful
2025-05-14 11:14:14,672 - sec_monitor - INFO - Processing filing 6/6: STX
2025-05-14 11:14:45,739 - sec_monitor - INFO - ==================================================
2025-05-14 11:14:45,739 - sec_monitor - INFO - Processing first chunk
2025-05-14 11:14:45,739 - sec_monitor - INFO - Timestamp: 2025-05-14 11:14:45
2025-05-14 11:14:46,027 - sec_monitor - INFO - token percentage = 9%
2025-05-14 11:14:46,027 - sec_monitor - INFO - Making API call - Attempt 1/3
2025-05-14 11:14:46,027 - sec_monitor - INFO - Timestamp: 2025-05-14 11:14:46
2025-05-14 11:14:50,677 - sec_monitor - INFO - API call successful
2025-05-14 11:14:51,679 - sec_monitor - INFO - Fetching supplementary data...
2025-05-14 11:14:52,102 - sec_monitor - INFO - filing_tickers type: <class 'list'>
2025-05-14 11:14:52,102 - sec_monitor - INFO - filing_data type: <class 'list'>
2025-05-14 11:14:52,102 - sec_monitor - INFO - Market open: False
2025-05-14 11:14:52,103 - sec_monitor - INFO - Number of filing times mapped: 6
2025-05-14 11:14:52,114 - sec_monitor - INFO - Last trading day: 2025-05-14
2025-05-14 11:14:52,114 - sec_monitor - INFO - Processing ticker: ZBRA
2025-05-14 11:14:52,450 - sec_monitor - INFO - Number of bars for ZBRA: 3
2025-05-14 11:14:52,451 - sec_monitor - INFO - Last bar close for ZBRA: 302.615
2025-05-14 11:14:52,451 - sec_monitor - INFO - Outside market hours price for ZBRA: 302.615
2025-05-14 11:14:52,451 - sec_monitor - INFO - Processing ticker: NUE
2025-05-14 11:14:52,463 - sec_monitor - INFO - Number of bars for NUE: 3
2025-05-14 11:14:52,463 - sec_monitor - INFO - Last bar close for NUE: 118.975
2025-05-14 11:14:52,463 - sec_monitor - INFO - Outside market hours price for NUE: 118.975
2025-05-14 11:14:52,464 - sec_monitor - INFO - Processing ticker: UNH
2025-05-14 11:14:52,483 - sec_monitor - INFO - Number of bars for UNH: 3
2025-05-14 11:14:52,483 - sec_monitor - INFO - Last bar close for UNH: 311.225
2025-05-14 11:14:52,484 - sec_monitor - INFO - Outside market hours price for UNH: 311.225
2025-05-14 11:14:52,484 - sec_monitor - INFO - Processing ticker: SYK
2025-05-14 11:14:52,499 - sec_monitor - INFO - Number of bars for SYK: 4
2025-05-14 11:14:52,500 - sec_monitor - INFO - Last bar close for SYK: 388.065
2025-05-14 11:14:52,500 - sec_monitor - INFO - Outside market hours price for SYK: 388.065
2025-05-14 11:14:52,500 - sec_monitor - INFO - Processing ticker: TDG
2025-05-14 11:14:52,517 - sec_monitor - INFO - Number of bars for TDG: 4
2025-05-14 11:14:52,517 - sec_monitor - INFO - Last bar close for TDG: 1417.025
2025-05-14 11:14:52,517 - sec_monitor - INFO - Outside market hours price for TDG: 1417.025
2025-05-14 11:14:52,517 - sec_monitor - INFO - Processing ticker: STX
2025-05-14 11:14:52,533 - sec_monitor - INFO - Number of bars for STX: 4
2025-05-14 11:14:52,533 - sec_monitor - INFO - Last bar close for STX: 105.51
2025-05-14 11:14:52,533 - sec_monitor - INFO - Outside market hours price for STX: 105.51
2025-05-14 11:14:54,252 - sec_monitor - INFO - Generating final output...
2025-05-14 11:14:54,252 - sec_monitor - INFO - Successfully saved/merged output to output/sec_filings.json
2025-05-14 11:14:54,252 - sec_monitor - INFO - Processing complete. Stats: {'input_words': 59259, 'output_words': 499, 'filings_processed': 6}
