2025-04-07 11:09:34,141 - sec_monitor - INFO - Starting SEC filing monitor 
2025-04-07 11:09:34,141 - sec_monitor - INFO - Loading S&P 500 data...
2025-04-07 11:09:34,141 - sec_monitor - INFO - Starting S&P 500 data initialization
2025-04-07 11:09:34,142 - sec_monitor - INFO - Successfully loaded 503 S&P 500 tickers
2025-04-07 11:09:34,142 - sec_monitor - INFO - Successfully loaded 503 S&P 500 tickers
2025-04-07 11:09:34,142 - sec_monitor - INFO - Initializing components...
2025-04-07 11:09:34,142 - sec_monitor - INFO - Initializing components
2025-04-07 11:09:34,142 - sec_monitor - INFO - SEC fetcher initialized
2025-04-07 11:09:34,142 - sec_monitor - INFO - Filing analyzer initialized
2025-04-07 11:09:34,142 - sec_monitor - INFO - Alpaca clients initialized
2025-04-07 11:09:34,142 - sec_monitor - INFO - All components initialized successfully
2025-04-07 11:09:34,143 - sec_monitor - INFO - Found old JSON file, archiving
2025-04-07 11:09:34,144 - sec_monitor - INFO - Starting new filing collection for today
2025-04-07 11:09:34,144 - sec_monitor - INFO - Fetching SEC filings...
2025-04-07 11:09:34,916 - sec_monitor - INFO - Reached old filing, stopping. Found 2 total filings
2025-04-07 11:09:34,916 - sec_monitor - INFO - Found 1 new interesting filings
2025-04-07 11:09:34,916 - sec_monitor - INFO - Found 1 new filings to process
2025-04-07 11:09:34,917 - sec_monitor - INFO - Processing filing 1/1: DOC
2025-04-07 11:10:05,391 - sec_monitor - INFO - ==================================================
2025-04-07 11:10:05,391 - sec_monitor - INFO - Processing first chunk
2025-04-07 11:10:05,392 - sec_monitor - INFO - Timestamp: 2025-04-07 11:10:05
2025-04-07 11:10:05,512 - sec_monitor - INFO - token percentage = 3%
2025-04-07 11:10:05,512 - sec_monitor - INFO - Making API call - Attempt 1/3
2025-04-07 11:10:05,512 - sec_monitor - INFO - Timestamp: 2025-04-07 11:10:05
2025-04-07 11:10:08,431 - sec_monitor - INFO - API call successful
2025-04-07 11:10:09,432 - sec_monitor - INFO - Fetching supplementary data...
2025-04-07 11:10:09,515 - sec_monitor - INFO - filing_tickers type: <class 'list'>
2025-04-07 11:10:09,516 - sec_monitor - INFO - filing_data type: <class 'list'>
2025-04-07 11:10:09,516 - sec_monitor - INFO - Market open: False
2025-04-07 11:10:09,516 - sec_monitor - INFO - Number of filing times mapped: 1
2025-04-07 11:10:09,523 - sec_monitor - INFO - Last trading day: 2025-04-07
2025-04-07 11:10:09,523 - sec_monitor - INFO - Processing ticker: DOC
2025-04-07 11:10:09,600 - sec_monitor - INFO - Number of bars for DOC: 3
2025-04-07 11:10:09,600 - sec_monitor - INFO - Last bar close for DOC: 18.42
2025-04-07 11:10:09,600 - sec_monitor - INFO - Outside market hours price for DOC: 18.42
2025-04-07 11:10:09,914 - sec_monitor - INFO - Generating final output...
2025-04-07 11:10:09,915 - sec_monitor - INFO - Successfully saved/merged output to output/sec_filings.json
2025-04-07 11:10:09,915 - sec_monitor - INFO - Processing complete. Stats: {'input_words': 5087, 'output_words': 50, 'filings_processed': 1}
2025-04-07 12:39:59,411 - sec_monitor - INFO - Starting SEC filing monitor 
2025-04-07 12:39:59,411 - sec_monitor - INFO - Loading S&P 500 data...
2025-04-07 12:39:59,412 - sec_monitor - INFO - Starting S&P 500 data initialization
2025-04-07 12:39:59,412 - sec_monitor - INFO - Successfully loaded 503 S&P 500 tickers
2025-04-07 12:39:59,412 - sec_monitor - INFO - Successfully loaded 503 S&P 500 tickers
2025-04-07 12:39:59,412 - sec_monitor - INFO - Initializing components...
2025-04-07 12:39:59,412 - sec_monitor - INFO - Initializing components
2025-04-07 12:39:59,412 - sec_monitor - INFO - SEC fetcher initialized
2025-04-07 12:39:59,413 - sec_monitor - INFO - Filing analyzer initialized
2025-04-07 12:39:59,413 - sec_monitor - INFO - Alpaca clients initialized
2025-04-07 12:39:59,413 - sec_monitor - INFO - All components initialized successfully
2025-04-07 12:39:59,414 - sec_monitor - INFO - Found JSON file from today
2025-04-07 12:39:59,414 - sec_monitor - INFO - Found 1 previously processed accessions and 1 filing URLs
2025-04-07 12:39:59,414 - sec_monitor - INFO - Found 1 accession numbers and 1 URLs from previously processed filings
2025-04-07 12:39:59,414 - sec_monitor - INFO - Fetching SEC filings...
2025-04-07 12:40:01,121 - sec_monitor - INFO - Reached old filing, stopping. Found 12 total filings
2025-04-07 12:40:01,122 - sec_monitor - INFO - Found 2 new interesting filings
2025-04-07 12:40:01,122 - sec_monitor - INFO - Found 2 new filings to process
2025-04-07 12:40:01,122 - sec_monitor - INFO - Processing filing 1/2: NWS
2025-04-07 12:40:31,864 - sec_monitor - INFO - ==================================================
2025-04-07 12:40:31,864 - sec_monitor - INFO - Processing first chunk
2025-04-07 12:40:31,864 - sec_monitor - INFO - Timestamp: 2025-04-07 12:40:31
2025-04-07 12:40:32,041 - sec_monitor - INFO - token percentage = 7%
2025-04-07 12:40:32,042 - sec_monitor - INFO - Making API call - Attempt 1/3
2025-04-07 12:40:32,042 - sec_monitor - INFO - Timestamp: 2025-04-07 12:40:32
2025-04-07 12:40:36,816 - sec_monitor - INFO - API call successful
2025-04-07 12:40:37,817 - sec_monitor - INFO - Processing filing 2/2: NRG
2025-04-07 12:41:08,302 - sec_monitor - INFO - ==================================================
2025-04-07 12:41:08,302 - sec_monitor - INFO - Processing first chunk
2025-04-07 12:41:08,303 - sec_monitor - INFO - Timestamp: 2025-04-07 12:41:08
2025-04-07 12:41:08,470 - sec_monitor - INFO - token percentage = 4%
2025-04-07 12:41:08,471 - sec_monitor - INFO - Making API call - Attempt 1/3
2025-04-07 12:41:08,471 - sec_monitor - INFO - Timestamp: 2025-04-07 12:41:08
2025-04-07 12:41:11,708 - sec_monitor - INFO - API call successful
2025-04-07 12:41:12,709 - sec_monitor - INFO - Fetching supplementary data...
2025-04-07 12:41:13,367 - sec_monitor - INFO - filing_tickers type: <class 'list'>
2025-04-07 12:41:13,368 - sec_monitor - INFO - filing_data type: <class 'list'>
2025-04-07 12:41:13,368 - sec_monitor - INFO - Market open: False
2025-04-07 12:41:13,368 - sec_monitor - INFO - Number of filing times mapped: 2
2025-04-07 12:41:13,441 - sec_monitor - INFO - Last trading day: 2025-04-07
2025-04-07 12:41:13,441 - sec_monitor - INFO - Processing ticker: NWS
2025-04-07 12:41:13,949 - sec_monitor - INFO - Number of bars for NWS: 3
2025-04-07 12:41:13,949 - sec_monitor - INFO - Last bar close for NWS: 27.68
2025-04-07 12:41:13,950 - sec_monitor - INFO - Outside market hours price for NWS: 27.68
2025-04-07 12:41:13,950 - sec_monitor - INFO - Processing ticker: NRG
2025-04-07 12:41:14,031 - sec_monitor - INFO - Number of bars for NRG: 3
2025-04-07 12:41:14,031 - sec_monitor - INFO - Last bar close for NRG: 83.65
2025-04-07 12:41:14,032 - sec_monitor - INFO - Outside market hours price for NRG: 83.65
2025-04-07 12:41:14,960 - sec_monitor - INFO - Generating final output...
2025-04-07 12:41:14,961 - sec_monitor - INFO - Successfully merged 2 new filings with existing JSON
2025-04-07 12:41:14,961 - sec_monitor - INFO - Cumulative stats - Input words: 19445, Output words: 186
2025-04-07 12:41:14,961 - sec_monitor - INFO - Successfully saved/merged output to output/sec_filings.json
2025-04-07 12:41:14,961 - sec_monitor - INFO - Processing complete. Stats: {'input_words': 14358, 'output_words': 136, 'filings_processed': 2}
