2025-02-20 09:26:44,376 - sec_monitor - INFO - Starting SEC filing monitor 
2025-02-20 09:26:44,376 - sec_monitor - INFO - Loading S&P 500 data...
2025-02-20 09:26:44,376 - sec_monitor - INFO - Starting S&P 500 data initialization
2025-02-20 09:26:44,377 - sec_monitor - INFO - Successfully loaded 503 S&P 500 tickers
2025-02-20 09:26:44,377 - sec_monitor - INFO - Successfully loaded 503 S&P 500 tickers
2025-02-20 09:26:44,377 - sec_monitor - INFO - Initializing components...
2025-02-20 09:26:44,377 - sec_monitor - INFO - Initializing components
2025-02-20 09:26:44,377 - sec_monitor - INFO - SEC fetcher initialized
2025-02-20 09:26:44,377 - sec_monitor - INFO - Filing analyzer initialized
2025-02-20 09:26:44,377 - sec_monitor - INFO - Alpaca clients initialized
2025-02-20 09:26:44,377 - sec_monitor - INFO - All components initialized successfully
2025-02-20 09:26:44,377 - sec_monitor - INFO - No existing JSON file found
2025-02-20 09:26:44,378 - sec_monitor - INFO - Starting new filing collection for today
2025-02-20 09:26:44,378 - sec_monitor - INFO - Fetching SEC filings...
2025-02-20 09:26:59,958 - sec_monitor - INFO - No more entries found
2025-02-20 09:26:59,959 - sec_monitor - INFO - Completed fetching. Found 221 total filings
2025-02-20 09:26:59,959 - sec_monitor - INFO - Found 2 new interesting filings
2025-02-20 09:26:59,959 - sec_monitor - INFO - Found 2 new filings to process
2025-02-20 09:26:59,959 - sec_monitor - INFO - Processing filing 1/2: YUM
2025-02-20 09:28:15,475 - sec_monitor - INFO - ==================================================
2025-02-20 09:28:15,475 - sec_monitor - INFO - Processing first chunk
2025-02-20 09:28:15,475 - sec_monitor - INFO - Timestamp: 2025-02-20 09:28:15
2025-02-20 09:28:16,951 - sec_monitor - INFO - token percentage = 38%
2025-02-20 09:28:16,951 - sec_monitor - INFO - Making API call - Attempt 1/3
2025-02-20 09:28:16,952 - sec_monitor - INFO - Timestamp: 2025-02-20 09:28:16
2025-02-20 09:28:30,480 - sec_monitor - INFO - API call successful
2025-02-20 09:29:00,494 - sec_monitor - INFO - ==================================================
2025-02-20 09:29:00,494 - sec_monitor - INFO - Processing middle chunk
2025-02-20 09:29:00,494 - sec_monitor - INFO - Timestamp: 2025-02-20 09:29:00
2025-02-20 09:29:02,097 - sec_monitor - INFO - token percentage = 47%
2025-02-20 09:29:02,098 - sec_monitor - INFO - Making API call - Attempt 1/3
2025-02-20 09:29:02,098 - sec_monitor - INFO - Timestamp: 2025-02-20 09:29:02
2025-02-20 09:29:18,056 - sec_monitor - INFO - API call successful
2025-02-20 09:29:48,068 - sec_monitor - INFO - ==================================================
2025-02-20 09:29:48,068 - sec_monitor - INFO - Processing middle chunk
2025-02-20 09:29:48,068 - sec_monitor - INFO - Timestamp: 2025-02-20 09:29:48
2025-02-20 09:29:49,093 - sec_monitor - INFO - token percentage = 46%
2025-02-20 09:29:49,093 - sec_monitor - INFO - Making API call - Attempt 1/3
2025-02-20 09:29:49,094 - sec_monitor - INFO - Timestamp: 2025-02-20 09:29:49
2025-02-20 09:30:03,587 - sec_monitor - INFO - API call successful
2025-02-20 09:30:33,617 - sec_monitor - INFO - ==================================================
2025-02-20 09:30:33,617 - sec_monitor - INFO - Processing middle chunk
2025-02-20 09:30:33,617 - sec_monitor - INFO - Timestamp: 2025-02-20 09:30:33
2025-02-20 09:30:34,242 - sec_monitor - INFO - token percentage = 70%
2025-02-20 09:30:34,242 - sec_monitor - INFO - Making API call - Attempt 1/3
2025-02-20 09:30:34,242 - sec_monitor - INFO - Timestamp: 2025-02-20 09:30:34
2025-02-20 09:30:58,171 - sec_monitor - INFO - API call successful
2025-02-20 09:31:28,201 - sec_monitor - INFO - ==================================================
2025-02-20 09:31:28,201 - sec_monitor - INFO - Processing middle chunk
2025-02-20 09:31:28,202 - sec_monitor - INFO - Timestamp: 2025-02-20 09:31:28
2025-02-20 09:31:29,624 - sec_monitor - INFO - token percentage = 48%
2025-02-20 09:31:29,624 - sec_monitor - INFO - Making API call - Attempt 1/3
2025-02-20 09:31:29,624 - sec_monitor - INFO - Timestamp: 2025-02-20 09:31:29
2025-02-20 09:31:45,441 - sec_monitor - INFO - API call successful
2025-02-20 09:32:15,463 - sec_monitor - INFO - ==================================================
2025-02-20 09:32:15,464 - sec_monitor - INFO - Processing last chunk
2025-02-20 09:32:15,464 - sec_monitor - INFO - Timestamp: 2025-02-20 09:32:15
2025-02-20 09:32:16,194 - sec_monitor - INFO - token percentage = 33%
2025-02-20 09:32:16,194 - sec_monitor - INFO - Making API call - Attempt 1/3
2025-02-20 09:32:16,194 - sec_monitor - INFO - Timestamp: 2025-02-20 09:32:16
2025-02-20 09:32:27,209 - sec_monitor - INFO - API call successful
2025-02-20 09:32:27,209 - sec_monitor - INFO - Making combine API call - Attempt 1/3
2025-02-20 09:32:27,209 - sec_monitor - INFO - Timestamp: 2025-02-20 09:32:27
2025-02-20 09:32:29,072 - sec_monitor - INFO - Combine API call successful
2025-02-20 09:32:30,073 - sec_monitor - INFO - Processing filing 2/2: PNW
2025-02-20 09:33:00,542 - sec_monitor - INFO - ==================================================
2025-02-20 09:33:00,542 - sec_monitor - INFO - Processing first chunk
2025-02-20 09:33:00,542 - sec_monitor - INFO - Timestamp: 2025-02-20 09:33:00
2025-02-20 09:33:00,740 - sec_monitor - INFO - token percentage = 3%
2025-02-20 09:33:00,740 - sec_monitor - INFO - Making API call - Attempt 1/3
2025-02-20 09:33:00,740 - sec_monitor - INFO - Timestamp: 2025-02-20 09:33:00
2025-02-20 09:33:02,692 - sec_monitor - INFO - API call successful
2025-02-20 09:33:03,694 - sec_monitor - INFO - Fetching supplementary data...
2025-02-20 09:33:04,336 - sec_monitor - INFO - filing_tickers type: <class 'list'>
2025-02-20 09:33:04,336 - sec_monitor - INFO - filing_data type: <class 'list'>
2025-02-20 09:33:06,122 - sec_monitor - INFO - Generating final output...
2025-02-20 09:33:06,122 - sec_monitor - INFO - Successfully saved/merged output to output/sec_filings.json
2025-02-20 09:33:06,123 - sec_monitor - INFO - Processing complete. Stats: {'input_words': 466899, 'output_words': 213, 'filings_processed': 2}
