2025-07-04 11:11:10,308 - sec_monitor - INFO - Starting SEC filing monitor 
2025-07-04 11:11:10,308 - sec_monitor - INFO - Loading S&P 500 data...
2025-07-04 11:11:10,308 - sec_monitor - INFO - Starting S&P 500 data initialization
2025-07-04 11:11:10,308 - sec_monitor - INFO - Successfully loaded 503 S&P 500 tickers
2025-07-04 11:11:10,309 - sec_monitor - INFO - Successfully loaded 503 S&P 500 tickers
2025-07-04 11:11:10,309 - sec_monitor - INFO - Initializing components...
2025-07-04 11:11:10,309 - sec_monitor - INFO - Initializing components
2025-07-04 11:11:10,309 - sec_monitor - INFO - SEC fetcher initialized
2025-07-04 11:11:10,309 - sec_monitor - INFO - Filing analyzer initialized
2025-07-04 11:11:10,309 - sec_monitor - INFO - Alpaca clients initialized
2025-07-04 11:11:10,309 - sec_monitor - INFO - All components initialized successfully
2025-07-04 11:11:10,310 - sec_monitor - INFO - Found old JSON file, archiving
2025-07-04 11:11:10,310 - sec_monitor - INFO - Starting new filing collection for today
2025-07-04 11:11:10,311 - sec_monitor - INFO - Fetching SEC filings...
2025-07-04 11:11:26,214 - sec_monitor - INFO - No more entries found
2025-07-04 11:11:26,214 - sec_monitor - INFO - Completed fetching. Found 136 total filings
2025-07-04 11:11:26,215 - sec_monitor - INFO - Found 3 new interesting filings
2025-07-04 11:11:26,215 - sec_monitor - INFO - Found 3 new filings to process
2025-07-04 11:11:26,215 - sec_monitor - INFO - Processing filing 1/3: PKG
2025-07-04 11:11:58,045 - sec_monitor - INFO - ==================================================
2025-07-04 11:11:58,045 - sec_monitor - INFO - Processing first chunk
2025-07-04 11:11:58,045 - sec_monitor - INFO - Timestamp: 2025-07-04 11:11:58
2025-07-04 11:11:58,629 - sec_monitor - INFO - token percentage = 16%
2025-07-04 11:11:58,629 - sec_monitor - INFO - Making API call - Attempt 1/3
2025-07-04 11:11:58,629 - sec_monitor - INFO - Timestamp: 2025-07-04 11:11:58
2025-07-04 11:12:13,012 - sec_monitor - INFO - API call successful
2025-07-04 11:12:14,013 - sec_monitor - INFO - Processing filing 2/3: AON
2025-07-04 11:12:44,860 - sec_monitor - INFO - ==================================================
2025-07-04 11:12:44,860 - sec_monitor - INFO - Processing first chunk
2025-07-04 11:12:44,860 - sec_monitor - INFO - Timestamp: 2025-07-04 11:12:44
2025-07-04 11:12:45,127 - sec_monitor - INFO - token percentage = 7%
2025-07-04 11:12:45,127 - sec_monitor - INFO - Making API call - Attempt 1/3
2025-07-04 11:12:45,127 - sec_monitor - INFO - Timestamp: 2025-07-04 11:12:45
2025-07-04 11:12:51,490 - sec_monitor - INFO - API call successful
2025-07-04 11:12:52,491 - sec_monitor - INFO - Processing filing 3/3: STE
2025-07-04 11:13:22,892 - sec_monitor - INFO - ==================================================
2025-07-04 11:13:22,892 - sec_monitor - INFO - Processing first chunk
2025-07-04 11:13:22,892 - sec_monitor - INFO - Timestamp: 2025-07-04 11:13:22
2025-07-04 11:13:22,993 - sec_monitor - INFO - token percentage = 2%
2025-07-04 11:13:22,993 - sec_monitor - INFO - Making API call - Attempt 1/3
2025-07-04 11:13:22,993 - sec_monitor - INFO - Timestamp: 2025-07-04 11:13:22
2025-07-04 11:13:26,444 - sec_monitor - INFO - API call successful
2025-07-04 11:13:27,446 - sec_monitor - INFO - Fetching supplementary data...
2025-07-04 11:13:27,683 - sec_monitor - INFO - filing_tickers type: <class 'list'>
2025-07-04 11:13:27,684 - sec_monitor - INFO - filing_data type: <class 'list'>
2025-07-04 11:13:27,684 - sec_monitor - INFO - Market open: False
2025-07-04 11:13:27,684 - sec_monitor - INFO - Number of filing times mapped: 3
2025-07-04 11:13:27,745 - sec_monitor - INFO - Last trading day: 2025-07-03
2025-07-04 11:13:27,745 - sec_monitor - INFO - Processing ticker: PKG
2025-07-04 11:13:27,784 - sec_monitor - INFO - Number of bars for PKG: 4
2025-07-04 11:13:27,784 - sec_monitor - INFO - Last bar close for PKG: 202.69
2025-07-04 11:13:27,785 - sec_monitor - INFO - Outside market hours price for PKG: 202.69
2025-07-04 11:13:27,785 - sec_monitor - INFO - Processing ticker: AON
2025-07-04 11:13:27,852 - sec_monitor - INFO - Number of bars for AON: 4
2025-07-04 11:13:27,852 - sec_monitor - INFO - Last bar close for AON: 355.17
2025-07-04 11:13:27,852 - sec_monitor - INFO - Outside market hours price for AON: 355.17
2025-07-04 11:13:27,852 - sec_monitor - INFO - Processing ticker: STE
2025-07-04 11:13:27,870 - sec_monitor - INFO - Number of bars for STE: 4
2025-07-04 11:13:27,870 - sec_monitor - INFO - Last bar close for STE: 237.57
2025-07-04 11:13:27,870 - sec_monitor - INFO - Outside market hours price for STE: 237.57
2025-07-04 11:13:28,771 - sec_monitor - INFO - Generating final output...
2025-07-04 11:13:28,771 - sec_monitor - INFO - Successfully saved/merged output to output/sec_filings.json
2025-07-04 11:13:28,771 - sec_monitor - INFO - Processing complete. Stats: {'input_words': 74725, 'output_words': 223, 'filings_processed': 3}
2025-07-04 12:41:43,819 - sec_monitor - INFO - Starting SEC filing monitor 
2025-07-04 12:41:43,819 - sec_monitor - INFO - Loading S&P 500 data...
2025-07-04 12:41:43,819 - sec_monitor - INFO - Starting S&P 500 data initialization
2025-07-04 12:41:43,819 - sec_monitor - INFO - Successfully loaded 503 S&P 500 tickers
2025-07-04 12:41:43,820 - sec_monitor - INFO - Successfully loaded 503 S&P 500 tickers
2025-07-04 12:41:43,820 - sec_monitor - INFO - Initializing components...
2025-07-04 12:41:43,820 - sec_monitor - INFO - Initializing components
2025-07-04 12:41:43,820 - sec_monitor - INFO - SEC fetcher initialized
2025-07-04 12:41:43,820 - sec_monitor - INFO - Filing analyzer initialized
2025-07-04 12:41:43,820 - sec_monitor - INFO - Alpaca clients initialized
2025-07-04 12:41:43,820 - sec_monitor - INFO - All components initialized successfully
2025-07-04 12:41:43,821 - sec_monitor - INFO - Found JSON file from today
2025-07-04 12:41:43,821 - sec_monitor - INFO - Found 3 previously processed accessions and 3 filing URLs
2025-07-04 12:41:43,821 - sec_monitor - INFO - Found 3 accession numbers and 3 URLs from previously processed filings
2025-07-04 12:41:43,821 - sec_monitor - INFO - Fetching SEC filings...
2025-07-04 12:42:13,987 - sec_monitor - INFO - No more entries found
2025-07-04 12:42:13,987 - sec_monitor - INFO - Completed fetching. Found 135 total filings
2025-07-04 12:42:13,988 - sec_monitor - INFO - Found 0 new interesting filings
2025-07-04 12:42:13,988 - sec_monitor - INFO - No new filings to process
2025-07-04 13:33:16,045 - sec_monitor - INFO - Starting SEC filing monitor 
2025-07-04 13:33:16,045 - sec_monitor - INFO - Loading S&P 500 data...
2025-07-04 13:33:16,045 - sec_monitor - INFO - Starting S&P 500 data initialization
2025-07-04 13:33:16,046 - sec_monitor - INFO - Successfully loaded 503 S&P 500 tickers
2025-07-04 13:33:16,046 - sec_monitor - INFO - Successfully loaded 503 S&P 500 tickers
2025-07-04 13:33:16,046 - sec_monitor - INFO - Initializing components...
2025-07-04 13:33:16,046 - sec_monitor - INFO - Initializing components
2025-07-04 13:33:16,046 - sec_monitor - INFO - SEC fetcher initialized
2025-07-04 13:33:16,046 - sec_monitor - INFO - Filing analyzer initialized
2025-07-04 13:33:16,046 - sec_monitor - INFO - Alpaca clients initialized
2025-07-04 13:33:16,046 - sec_monitor - INFO - All components initialized successfully
2025-07-04 13:33:16,047 - sec_monitor - INFO - Found JSON file from today
2025-07-04 13:33:16,048 - sec_monitor - INFO - Found 3 previously processed accessions and 3 filing URLs
2025-07-04 13:33:16,048 - sec_monitor - INFO - Found 3 accession numbers and 3 URLs from previously processed filings
2025-07-04 13:33:16,048 - sec_monitor - INFO - Fetching SEC filings...
2025-07-04 13:33:41,373 - sec_monitor - INFO - No more entries found
2025-07-04 13:33:41,374 - sec_monitor - INFO - Completed fetching. Found 136 total filings
2025-07-04 13:33:41,374 - sec_monitor - INFO - Found 0 new interesting filings
2025-07-04 13:33:41,374 - sec_monitor - INFO - No new filings to process
