2025-06-18 11:10:34,062 - sec_monitor - INFO - Starting SEC filing monitor 
2025-06-18 11:10:34,062 - sec_monitor - INFO - Loading S&P 500 data...
2025-06-18 11:10:34,062 - sec_monitor - INFO - Starting S&P 500 data initialization
2025-06-18 11:10:34,063 - sec_monitor - INFO - Successfully loaded 503 S&P 500 tickers
2025-06-18 11:10:34,063 - sec_monitor - INFO - Successfully loaded 503 S&P 500 tickers
2025-06-18 11:10:34,063 - sec_monitor - INFO - Initializing components...
2025-06-18 11:10:34,063 - sec_monitor - INFO - Initializing components
2025-06-18 11:10:34,063 - sec_monitor - INFO - SEC fetcher initialized
2025-06-18 11:10:34,063 - sec_monitor - INFO - Filing analyzer initialized
2025-06-18 11:10:34,063 - sec_monitor - INFO - Alpaca clients initialized
2025-06-18 11:10:34,064 - sec_monitor - INFO - All components initialized successfully
2025-06-18 11:10:34,065 - sec_monitor - INFO - Found old JSON file, archiving
2025-06-18 11:10:34,065 - sec_monitor - INFO - Starting new filing collection for today
2025-06-18 11:10:34,065 - sec_monitor - INFO - Fetching SEC filings...
2025-06-18 11:10:47,967 - sec_monitor - INFO - No more entries found
2025-06-18 11:10:47,967 - sec_monitor - INFO - Completed fetching. Found 80 total filings
2025-06-18 11:10:47,967 - sec_monitor - INFO - Found 2 new interesting filings
2025-06-18 11:10:47,967 - sec_monitor - INFO - Found 2 new filings to process
2025-06-18 11:10:47,967 - sec_monitor - INFO - Processing filing 1/2: TRMB
2025-06-18 11:11:18,422 - sec_monitor - INFO - ==================================================
2025-06-18 11:11:18,422 - sec_monitor - INFO - Processing first chunk
2025-06-18 11:11:18,422 - sec_monitor - INFO - Timestamp: 2025-06-18 11:11:18
2025-06-18 11:11:18,527 - sec_monitor - INFO - token percentage = 2%
2025-06-18 11:11:18,527 - sec_monitor - INFO - Making API call - Attempt 1/3
2025-06-18 11:11:18,528 - sec_monitor - INFO - Timestamp: 2025-06-18 11:11:18
2025-06-18 11:11:21,145 - sec_monitor - INFO - API call successful
2025-06-18 11:11:22,147 - sec_monitor - INFO - Processing filing 2/2: BBY
2025-06-18 11:11:53,271 - sec_monitor - INFO - ==================================================
2025-06-18 11:11:53,271 - sec_monitor - INFO - Processing first chunk
2025-06-18 11:11:53,271 - sec_monitor - INFO - Timestamp: 2025-06-18 11:11:53
2025-06-18 11:11:53,513 - sec_monitor - INFO - token percentage = 15%
2025-06-18 11:11:53,513 - sec_monitor - INFO - Making API call - Attempt 1/3
2025-06-18 11:11:53,513 - sec_monitor - INFO - Timestamp: 2025-06-18 11:11:53
2025-06-18 11:12:17,477 - sec_monitor - INFO - API call successful
2025-06-18 11:12:18,478 - sec_monitor - INFO - Fetching supplementary data...
2025-06-18 11:12:18,922 - sec_monitor - INFO - filing_tickers type: <class 'list'>
2025-06-18 11:12:18,922 - sec_monitor - INFO - filing_data type: <class 'list'>
2025-06-18 11:12:18,922 - sec_monitor - INFO - Market open: False
2025-06-18 11:12:18,922 - sec_monitor - INFO - Number of filing times mapped: 2
2025-06-18 11:12:18,932 - sec_monitor - INFO - Last trading day: 2025-06-18
2025-06-18 11:12:18,932 - sec_monitor - INFO - Processing ticker: TRMB
2025-06-18 11:12:19,569 - sec_monitor - INFO - Number of bars for TRMB: 4
2025-06-18 11:12:19,569 - sec_monitor - INFO - Last bar close for TRMB: 71.75
2025-06-18 11:12:19,569 - sec_monitor - INFO - Outside market hours price for TRMB: 71.75
2025-06-18 11:12:19,569 - sec_monitor - INFO - Processing ticker: BBY
2025-06-18 11:12:19,586 - sec_monitor - INFO - Number of bars for BBY: 4
2025-06-18 11:12:19,586 - sec_monitor - INFO - Last bar close for BBY: 69.38
2025-06-18 11:12:19,586 - sec_monitor - INFO - Outside market hours price for BBY: 69.38
2025-06-18 11:12:20,268 - sec_monitor - INFO - Generating final output...
2025-06-18 11:12:20,269 - sec_monitor - INFO - Successfully saved/merged output to output/sec_filings.json
2025-06-18 11:12:20,269 - sec_monitor - INFO - Processing complete. Stats: {'input_words': 23677, 'output_words': 193, 'filings_processed': 2}
2025-06-18 12:42:57,646 - sec_monitor - INFO - Starting SEC filing monitor 
2025-06-18 12:42:57,646 - sec_monitor - INFO - Loading S&P 500 data...
2025-06-18 12:42:57,646 - sec_monitor - INFO - Starting S&P 500 data initialization
2025-06-18 12:42:57,647 - sec_monitor - INFO - Successfully loaded 503 S&P 500 tickers
2025-06-18 12:42:57,647 - sec_monitor - INFO - Successfully loaded 503 S&P 500 tickers
2025-06-18 12:42:57,647 - sec_monitor - INFO - Initializing components...
2025-06-18 12:42:57,647 - sec_monitor - INFO - Initializing components
2025-06-18 12:42:57,647 - sec_monitor - INFO - SEC fetcher initialized
2025-06-18 12:42:57,647 - sec_monitor - INFO - Filing analyzer initialized
2025-06-18 12:42:57,647 - sec_monitor - INFO - Alpaca clients initialized
2025-06-18 12:42:57,647 - sec_monitor - INFO - All components initialized successfully
2025-06-18 12:42:57,648 - sec_monitor - INFO - Found JSON file from today
2025-06-18 12:42:57,649 - sec_monitor - INFO - Found 2 previously processed accessions and 2 filing URLs
2025-06-18 12:42:57,649 - sec_monitor - INFO - Found 2 accession numbers and 2 URLs from previously processed filings
2025-06-18 12:42:57,649 - sec_monitor - INFO - Fetching SEC filings...
2025-06-18 12:43:28,644 - sec_monitor - INFO - No more entries found
2025-06-18 12:43:28,644 - sec_monitor - INFO - Completed fetching. Found 74 total filings
2025-06-18 12:43:28,644 - sec_monitor - INFO - Found 0 new interesting filings
2025-06-18 12:43:28,644 - sec_monitor - INFO - No new filings to process
