2025-04-08 11:09:42,949 - sec_monitor - INFO - Starting SEC filing monitor 
2025-04-08 11:09:42,949 - sec_monitor - INFO - Loading S&P 500 data...
2025-04-08 11:09:42,949 - sec_monitor - INFO - Starting S&P 500 data initialization
2025-04-08 11:09:42,949 - sec_monitor - INFO - Successfully loaded 503 S&P 500 tickers
2025-04-08 11:09:42,949 - sec_monitor - INFO - Successfully loaded 503 S&P 500 tickers
2025-04-08 11:09:42,949 - sec_monitor - INFO - Initializing components...
2025-04-08 11:09:42,950 - sec_monitor - INFO - Initializing components
2025-04-08 11:09:42,950 - sec_monitor - INFO - SEC fetcher initialized
2025-04-08 11:09:42,950 - sec_monitor - INFO - Filing analyzer initialized
2025-04-08 11:09:42,950 - sec_monitor - INFO - Alpaca clients initialized
2025-04-08 11:09:42,950 - sec_monitor - INFO - All components initialized successfully
2025-04-08 11:09:42,951 - sec_monitor - INFO - Found old JSON file, archiving
2025-04-08 11:09:42,951 - sec_monitor - INFO - Starting new filing collection for today
2025-04-08 11:09:42,951 - sec_monitor - INFO - Fetching SEC filings...
2025-04-08 11:09:57,164 - sec_monitor - INFO - No more entries found
2025-04-08 11:09:57,164 - sec_monitor - INFO - Completed fetching. Found 58 total filings
2025-04-08 11:09:57,164 - sec_monitor - INFO - Found 7 new interesting filings
2025-04-08 11:09:57,164 - sec_monitor - INFO - Found 7 new filings to process
2025-04-08 11:09:57,165 - sec_monitor - INFO - Processing filing 1/7: WBA
2025-04-08 11:10:51,696 - sec_monitor - INFO - ==================================================
2025-04-08 11:10:51,696 - sec_monitor - INFO - Processing first chunk
2025-04-08 11:10:51,696 - sec_monitor - INFO - Timestamp: 2025-04-08 11:10:51
2025-04-08 11:10:53,154 - sec_monitor - INFO - token percentage = 45%
2025-04-08 11:10:53,155 - sec_monitor - INFO - Making API call - Attempt 1/3
2025-04-08 11:10:53,155 - sec_monitor - INFO - Timestamp: 2025-04-08 11:10:53
2025-04-08 11:11:11,615 - sec_monitor - INFO - API call successful
2025-04-08 11:11:41,645 - sec_monitor - INFO - ==================================================
2025-04-08 11:11:41,646 - sec_monitor - INFO - Processing middle chunk
2025-04-08 11:11:41,646 - sec_monitor - INFO - Timestamp: 2025-04-08 11:11:41
2025-04-08 11:11:42,731 - sec_monitor - INFO - token percentage = 54%
2025-04-08 11:11:42,731 - sec_monitor - INFO - Making API call - Attempt 1/3
2025-04-08 11:11:42,731 - sec_monitor - INFO - Timestamp: 2025-04-08 11:11:42
2025-04-08 11:12:03,644 - sec_monitor - INFO - API call successful
2025-04-08 11:12:33,674 - sec_monitor - INFO - ==================================================
2025-04-08 11:12:33,674 - sec_monitor - INFO - Processing middle chunk
2025-04-08 11:12:33,675 - sec_monitor - INFO - Timestamp: 2025-04-08 11:12:33
2025-04-08 11:12:34,760 - sec_monitor - INFO - token percentage = 49%
2025-04-08 11:12:34,761 - sec_monitor - INFO - Making API call - Attempt 1/3
2025-04-08 11:12:34,761 - sec_monitor - INFO - Timestamp: 2025-04-08 11:12:34
2025-04-08 11:12:53,598 - sec_monitor - INFO - API call successful
2025-04-08 11:13:23,629 - sec_monitor - INFO - ==================================================
2025-04-08 11:13:23,629 - sec_monitor - INFO - Processing last chunk
2025-04-08 11:13:23,629 - sec_monitor - INFO - Timestamp: 2025-04-08 11:13:23
2025-04-08 11:13:23,695 - sec_monitor - INFO - token percentage = 3%
2025-04-08 11:13:23,695 - sec_monitor - INFO - Making API call - Attempt 1/3
2025-04-08 11:13:23,695 - sec_monitor - INFO - Timestamp: 2025-04-08 11:13:23
2025-04-08 11:13:25,499 - sec_monitor - INFO - API call successful
2025-04-08 11:13:25,499 - sec_monitor - INFO - Making combine API call - Attempt 1/3
2025-04-08 11:13:25,499 - sec_monitor - INFO - Timestamp: 2025-04-08 11:13:25
2025-04-08 11:13:26,754 - sec_monitor - INFO - Combine API call successful
2025-04-08 11:13:27,755 - sec_monitor - INFO - Processing filing 2/7: WBA
2025-04-08 11:13:59,042 - sec_monitor - INFO - ==================================================
2025-04-08 11:13:59,042 - sec_monitor - INFO - Processing first chunk
2025-04-08 11:13:59,042 - sec_monitor - INFO - Timestamp: 2025-04-08 11:13:59
2025-04-08 11:13:59,194 - sec_monitor - INFO - token percentage = 8%
2025-04-08 11:13:59,195 - sec_monitor - INFO - Making API call - Attempt 1/3
2025-04-08 11:13:59,195 - sec_monitor - INFO - Timestamp: 2025-04-08 11:13:59
2025-04-08 11:14:03,520 - sec_monitor - INFO - API call successful
2025-04-08 11:14:04,521 - sec_monitor - INFO - Processing filing 3/7: CVS
2025-04-08 11:14:34,949 - sec_monitor - INFO - ==================================================
2025-04-08 11:14:34,949 - sec_monitor - INFO - Processing first chunk
2025-04-08 11:14:34,949 - sec_monitor - INFO - Timestamp: 2025-04-08 11:14:34
2025-04-08 11:14:35,045 - sec_monitor - INFO - token percentage = 4%
2025-04-08 11:14:35,045 - sec_monitor - INFO - Making API call - Attempt 1/3
2025-04-08 11:14:35,045 - sec_monitor - INFO - Timestamp: 2025-04-08 11:14:35
2025-04-08 11:14:38,623 - sec_monitor - INFO - API call successful
2025-04-08 11:14:39,624 - sec_monitor - INFO - Processing filing 4/7: NWS
2025-04-08 11:15:10,280 - sec_monitor - INFO - ==================================================
2025-04-08 11:15:10,280 - sec_monitor - INFO - Processing first chunk
2025-04-08 11:15:10,281 - sec_monitor - INFO - Timestamp: 2025-04-08 11:15:10
2025-04-08 11:15:10,391 - sec_monitor - INFO - token percentage = 7%
2025-04-08 11:15:10,391 - sec_monitor - INFO - Making API call - Attempt 1/3
2025-04-08 11:15:10,391 - sec_monitor - INFO - Timestamp: 2025-04-08 11:15:10
2025-04-08 11:15:14,961 - sec_monitor - INFO - API call successful
2025-04-08 11:15:15,962 - sec_monitor - INFO - Processing filing 5/7: PNC
2025-04-08 11:15:48,482 - sec_monitor - INFO - ==================================================
2025-04-08 11:15:48,482 - sec_monitor - INFO - Processing first chunk
2025-04-08 11:15:48,482 - sec_monitor - INFO - Timestamp: 2025-04-08 11:15:48
2025-04-08 11:15:48,705 - sec_monitor - INFO - token percentage = 25%
2025-04-08 11:15:48,705 - sec_monitor - INFO - Making API call - Attempt 1/3
2025-04-08 11:15:48,705 - sec_monitor - INFO - Timestamp: 2025-04-08 11:15:48
2025-04-08 11:15:58,477 - sec_monitor - INFO - API call successful
2025-04-08 11:15:59,478 - sec_monitor - INFO - Processing filing 6/7: WDC
2025-04-08 11:16:30,577 - sec_monitor - INFO - ==================================================
2025-04-08 11:16:30,577 - sec_monitor - INFO - Processing first chunk
2025-04-08 11:16:30,577 - sec_monitor - INFO - Timestamp: 2025-04-08 11:16:30
2025-04-08 11:16:30,685 - sec_monitor - INFO - token percentage = 8%
2025-04-08 11:16:30,685 - sec_monitor - INFO - Making API call - Attempt 1/3
2025-04-08 11:16:30,685 - sec_monitor - INFO - Timestamp: 2025-04-08 11:16:30
2025-04-08 11:16:34,891 - sec_monitor - INFO - API call successful
2025-04-08 11:16:35,893 - sec_monitor - INFO - Processing filing 7/7: PYPL
2025-04-08 11:17:06,240 - sec_monitor - INFO - ==================================================
2025-04-08 11:17:06,240 - sec_monitor - INFO - Processing first chunk
2025-04-08 11:17:06,240 - sec_monitor - INFO - Timestamp: 2025-04-08 11:17:06
2025-04-08 11:17:06,308 - sec_monitor - INFO - token percentage = 2%
2025-04-08 11:17:06,309 - sec_monitor - INFO - Making API call - Attempt 1/3
2025-04-08 11:17:06,309 - sec_monitor - INFO - Timestamp: 2025-04-08 11:17:06
2025-04-08 11:17:07,793 - sec_monitor - INFO - API call successful
2025-04-08 11:17:08,794 - sec_monitor - INFO - Fetching supplementary data...
2025-04-08 11:17:09,189 - sec_monitor - INFO - filing_tickers type: <class 'list'>
2025-04-08 11:17:09,189 - sec_monitor - INFO - filing_data type: <class 'list'>
2025-04-08 11:17:09,189 - sec_monitor - INFO - Market open: False
2025-04-08 11:17:09,189 - sec_monitor - INFO - Number of filing times mapped: 6
2025-04-08 11:17:09,208 - sec_monitor - INFO - Last trading day: 2025-04-08
2025-04-08 11:17:09,208 - sec_monitor - INFO - Processing ticker: WBA
2025-04-08 11:17:09,621 - sec_monitor - INFO - Number of bars for WBA: 3
2025-04-08 11:17:09,621 - sec_monitor - INFO - Last bar close for WBA: 10.72
2025-04-08 11:17:09,621 - sec_monitor - INFO - Outside market hours price for WBA: 10.72
2025-04-08 11:17:09,622 - sec_monitor - INFO - Processing ticker: WBA
2025-04-08 11:17:09,649 - sec_monitor - INFO - Number of bars for WBA: 3
2025-04-08 11:17:09,649 - sec_monitor - INFO - Last bar close for WBA: 10.72
2025-04-08 11:17:09,649 - sec_monitor - INFO - Outside market hours price for WBA: 10.72
2025-04-08 11:17:09,649 - sec_monitor - INFO - Processing ticker: CVS
2025-04-08 11:17:09,678 - sec_monitor - INFO - Number of bars for CVS: 3
2025-04-08 11:17:09,678 - sec_monitor - INFO - Last bar close for CVS: 63.85
2025-04-08 11:17:09,679 - sec_monitor - INFO - Outside market hours price for CVS: 63.85
2025-04-08 11:17:09,679 - sec_monitor - INFO - Processing ticker: NWS
2025-04-08 11:17:09,707 - sec_monitor - INFO - Number of bars for NWS: 4
2025-04-08 11:17:09,707 - sec_monitor - INFO - Last bar close for NWS: 27.4
2025-04-08 11:17:09,707 - sec_monitor - INFO - Outside market hours price for NWS: 27.4
2025-04-08 11:17:09,707 - sec_monitor - INFO - Processing ticker: PNC
2025-04-08 11:17:09,733 - sec_monitor - INFO - Number of bars for PNC: 4
2025-04-08 11:17:09,733 - sec_monitor - INFO - Last bar close for PNC: 152.82
2025-04-08 11:17:09,734 - sec_monitor - INFO - Outside market hours price for PNC: 152.82
2025-04-08 11:17:09,734 - sec_monitor - INFO - Processing ticker: WDC
2025-04-08 11:17:09,759 - sec_monitor - INFO - Number of bars for WDC: 4
2025-04-08 11:17:09,759 - sec_monitor - INFO - Last bar close for WDC: 31.155
2025-04-08 11:17:09,759 - sec_monitor - INFO - Outside market hours price for WDC: 31.155
2025-04-08 11:17:09,759 - sec_monitor - INFO - Processing ticker: PYPL
2025-04-08 11:17:09,785 - sec_monitor - INFO - Number of bars for PYPL: 4
2025-04-08 11:17:09,785 - sec_monitor - INFO - Last bar close for PYPL: 58.53
2025-04-08 11:17:09,785 - sec_monitor - INFO - Outside market hours price for PYPL: 58.53
2025-04-08 11:17:12,974 - sec_monitor - INFO - Generating final output...
2025-04-08 11:17:12,975 - sec_monitor - INFO - Successfully saved/merged output to output/sec_filings.json
2025-04-08 11:17:12,975 - sec_monitor - INFO - Processing complete. Stats: {'input_words': 272343, 'output_words': 551, 'filings_processed': 7}
