2025-02-27 11:09:04,613 - sec_monitor - INFO - Starting SEC filing monitor 
2025-02-27 11:09:04,613 - sec_monitor - INFO - Loading S&P 500 data...
2025-02-27 11:09:04,613 - sec_monitor - INFO - Starting S&P 500 data initialization
2025-02-27 11:09:04,613 - sec_monitor - INFO - Successfully loaded 503 S&P 500 tickers
2025-02-27 11:09:04,613 - sec_monitor - INFO - Successfully loaded 503 S&P 500 tickers
2025-02-27 11:09:04,613 - sec_monitor - INFO - Initializing components...
2025-02-27 11:09:04,614 - sec_monitor - INFO - Initializing components
2025-02-27 11:09:04,614 - sec_monitor - INFO - SEC fetcher initialized
2025-02-27 11:09:04,614 - sec_monitor - INFO - Filing analyzer initialized
2025-02-27 11:09:04,614 - sec_monitor - INFO - Alpaca clients initialized
2025-02-27 11:09:04,614 - sec_monitor - INFO - All components initialized successfully
2025-02-27 11:09:04,615 - sec_monitor - INFO - Found old JSON file, archiving
2025-02-27 11:09:04,615 - sec_monitor - INFO - Starting new filing collection for today
2025-02-27 11:09:04,615 - sec_monitor - INFO - Fetching SEC filings...
2025-02-27 11:09:19,478 - sec_monitor - INFO - No more entries found
2025-02-27 11:09:19,478 - sec_monitor - INFO - Completed fetching. Found 107 total filings
2025-02-27 11:09:19,478 - sec_monitor - INFO - Found 10 new interesting filings
2025-02-27 11:09:19,478 - sec_monitor - INFO - Found 10 new filings to process
2025-02-27 11:09:19,478 - sec_monitor - INFO - Processing filing 1/10: NWS
2025-02-27 11:09:50,728 - sec_monitor - INFO - ==================================================
2025-02-27 11:09:50,729 - sec_monitor - INFO - Processing first chunk
2025-02-27 11:09:50,729 - sec_monitor - INFO - Timestamp: 2025-02-27 11:09:50
2025-02-27 11:09:50,830 - sec_monitor - INFO - token percentage = 7%
2025-02-27 11:09:50,830 - sec_monitor - INFO - Making API call - Attempt 1/3
2025-02-27 11:09:50,830 - sec_monitor - INFO - Timestamp: 2025-02-27 11:09:50
2025-02-27 11:09:54,765 - sec_monitor - INFO - API call successful
2025-02-27 11:09:55,766 - sec_monitor - INFO - Processing filing 2/10: HRL
2025-02-27 11:10:26,511 - sec_monitor - INFO - ==================================================
2025-02-27 11:10:26,511 - sec_monitor - INFO - Processing first chunk
2025-02-27 11:10:26,511 - sec_monitor - INFO - Timestamp: 2025-02-27 11:10:26
2025-02-27 11:10:26,628 - sec_monitor - INFO - token percentage = 5%
2025-02-27 11:10:26,628 - sec_monitor - INFO - Making API call - Attempt 1/3
2025-02-27 11:10:26,628 - sec_monitor - INFO - Timestamp: 2025-02-27 11:10:26
2025-02-27 11:10:30,326 - sec_monitor - INFO - API call successful
2025-02-27 11:10:31,328 - sec_monitor - INFO - Processing filing 3/10: EVRG
2025-02-27 11:13:05,633 - sec_monitor - ERROR - Error processing filing EVRG: 504 Deadline Exceeded
2025-02-27 11:13:05,633 - sec_monitor - INFO - Processing filing 4/10: SMCI
2025-02-27 11:13:36,043 - sec_monitor - INFO - ==================================================
2025-02-27 11:13:36,043 - sec_monitor - INFO - Processing first chunk
2025-02-27 11:13:36,043 - sec_monitor - INFO - Timestamp: 2025-02-27 11:13:36
2025-02-27 11:13:36,118 - sec_monitor - INFO - token percentage = 3%
2025-02-27 11:13:36,118 - sec_monitor - INFO - Making API call - Attempt 1/3
2025-02-27 11:13:36,118 - sec_monitor - INFO - Timestamp: 2025-02-27 11:13:36
2025-02-27 11:13:38,046 - sec_monitor - INFO - API call successful
2025-02-27 11:13:39,047 - sec_monitor - INFO - Processing filing 5/10: DOC
2025-02-27 11:14:09,493 - sec_monitor - INFO - ==================================================
2025-02-27 11:14:09,493 - sec_monitor - INFO - Processing first chunk
2025-02-27 11:14:09,493 - sec_monitor - INFO - Timestamp: 2025-02-27 11:14:09
2025-02-27 11:14:09,567 - sec_monitor - INFO - token percentage = 3%
2025-02-27 11:14:09,567 - sec_monitor - INFO - Making API call - Attempt 1/3
2025-02-27 11:14:09,568 - sec_monitor - INFO - Timestamp: 2025-02-27 11:14:09
2025-02-27 11:14:11,070 - sec_monitor - INFO - API call successful
2025-02-27 11:14:12,072 - sec_monitor - INFO - Processing filing 6/10: MA
2025-02-27 11:14:42,494 - sec_monitor - INFO - ==================================================
2025-02-27 11:14:42,494 - sec_monitor - INFO - Processing first chunk
2025-02-27 11:14:42,494 - sec_monitor - INFO - Timestamp: 2025-02-27 11:14:42
2025-02-27 11:14:42,561 - sec_monitor - INFO - token percentage = 4%
2025-02-27 11:14:42,561 - sec_monitor - INFO - Making API call - Attempt 1/3
2025-02-27 11:14:42,561 - sec_monitor - INFO - Timestamp: 2025-02-27 11:14:42
2025-02-27 11:14:45,048 - sec_monitor - INFO - API call successful
2025-02-27 11:14:46,049 - sec_monitor - INFO - Processing filing 7/10: FDX
2025-02-27 11:15:20,744 - sec_monitor - INFO - ==================================================
2025-02-27 11:15:20,744 - sec_monitor - INFO - Processing first chunk
2025-02-27 11:15:20,744 - sec_monitor - INFO - Timestamp: 2025-02-27 11:15:20
2025-02-27 11:15:22,035 - sec_monitor - INFO - token percentage = 50%
2025-02-27 11:15:22,036 - sec_monitor - INFO - Making API call - Attempt 1/3
2025-02-27 11:15:22,036 - sec_monitor - INFO - Timestamp: 2025-02-27 11:15:22
2025-02-27 11:15:38,950 - sec_monitor - INFO - API call successful
2025-02-27 11:15:39,952 - sec_monitor - INFO - Processing filing 8/10: NTAP
2025-02-27 11:16:10,352 - sec_monitor - INFO - ==================================================
2025-02-27 11:16:10,352 - sec_monitor - INFO - Processing first chunk
2025-02-27 11:16:10,352 - sec_monitor - INFO - Timestamp: 2025-02-27 11:16:10
2025-02-27 11:16:10,414 - sec_monitor - INFO - token percentage = 3%
2025-02-27 11:16:10,414 - sec_monitor - INFO - Making API call - Attempt 1/3
2025-02-27 11:16:10,414 - sec_monitor - INFO - Timestamp: 2025-02-27 11:16:10
2025-02-27 11:16:12,133 - sec_monitor - INFO - API call successful
2025-02-27 11:16:13,135 - sec_monitor - INFO - Processing filing 9/10: ABBV
2025-02-27 11:16:44,234 - sec_monitor - INFO - ==================================================
2025-02-27 11:16:44,234 - sec_monitor - INFO - Processing first chunk
2025-02-27 11:16:44,234 - sec_monitor - INFO - Timestamp: 2025-02-27 11:16:44
2025-02-27 11:16:44,427 - sec_monitor - INFO - token percentage = 12%
2025-02-27 11:16:44,427 - sec_monitor - INFO - Making API call - Attempt 1/3
2025-02-27 11:16:44,428 - sec_monitor - INFO - Timestamp: 2025-02-27 11:16:44
2025-02-27 11:16:48,944 - sec_monitor - INFO - API call successful
2025-02-27 11:16:49,946 - sec_monitor - INFO - Processing filing 10/10: AKAM
2025-02-27 11:17:20,294 - sec_monitor - INFO - ==================================================
2025-02-27 11:17:20,294 - sec_monitor - INFO - Processing first chunk
2025-02-27 11:17:20,294 - sec_monitor - INFO - Timestamp: 2025-02-27 11:17:20
2025-02-27 11:17:20,351 - sec_monitor - INFO - token percentage = 2%
2025-02-27 11:17:20,351 - sec_monitor - INFO - Making API call - Attempt 1/3
2025-02-27 11:17:20,352 - sec_monitor - INFO - Timestamp: 2025-02-27 11:17:20
2025-02-27 11:17:21,636 - sec_monitor - INFO - API call successful
2025-02-27 11:17:22,637 - sec_monitor - INFO - Fetching supplementary data...
2025-02-27 11:17:22,976 - sec_monitor - INFO - filing_tickers type: <class 'list'>
2025-02-27 11:17:22,976 - sec_monitor - INFO - filing_data type: <class 'list'>
2025-02-27 11:17:22,976 - sec_monitor - INFO - Market open: False
2025-02-27 11:17:22,977 - sec_monitor - INFO - Number of filing times mapped: 10
2025-02-27 11:17:22,988 - sec_monitor - INFO - Last trading day: 2025-02-27
2025-02-27 11:17:22,988 - sec_monitor - INFO - Processing ticker: NWS
2025-02-27 11:17:23,165 - sec_monitor - INFO - Number of bars for NWS: 4
2025-02-27 11:17:23,165 - sec_monitor - INFO - Last bar close for NWS: 31.75
2025-02-27 11:17:23,165 - sec_monitor - INFO - Outside market hours price for NWS: 31.75
2025-02-27 11:17:23,165 - sec_monitor - INFO - Processing ticker: HRL
2025-02-27 11:17:23,179 - sec_monitor - INFO - Number of bars for HRL: 4
2025-02-27 11:17:23,179 - sec_monitor - INFO - Last bar close for HRL: 28.74
2025-02-27 11:17:23,179 - sec_monitor - INFO - Outside market hours price for HRL: 28.74
2025-02-27 11:17:23,179 - sec_monitor - INFO - Processing ticker: EVRG
2025-02-27 11:17:23,195 - sec_monitor - INFO - Number of bars for EVRG: 4
2025-02-27 11:17:23,195 - sec_monitor - INFO - Last bar close for EVRG: 69.08
2025-02-27 11:17:23,195 - sec_monitor - INFO - Outside market hours price for EVRG: 69.08
2025-02-27 11:17:23,195 - sec_monitor - INFO - Processing ticker: SMCI
2025-02-27 11:17:23,208 - sec_monitor - INFO - Number of bars for SMCI: 4
2025-02-27 11:17:23,208 - sec_monitor - INFO - Last bar close for SMCI: 51.09
2025-02-27 11:17:23,208 - sec_monitor - INFO - Outside market hours price for SMCI: 51.09
2025-02-27 11:17:23,209 - sec_monitor - INFO - Processing ticker: DOC
2025-02-27 11:17:23,223 - sec_monitor - INFO - Number of bars for DOC: 4
2025-02-27 11:17:23,223 - sec_monitor - INFO - Last bar close for DOC: 20.01
2025-02-27 11:17:23,223 - sec_monitor - INFO - Outside market hours price for DOC: 20.01
2025-02-27 11:17:23,223 - sec_monitor - INFO - Processing ticker: MA
2025-02-27 11:17:23,236 - sec_monitor - INFO - Number of bars for MA: 4
2025-02-27 11:17:23,236 - sec_monitor - INFO - Last bar close for MA: 561.26
2025-02-27 11:17:23,236 - sec_monitor - INFO - Outside market hours price for MA: 561.26
2025-02-27 11:17:23,237 - sec_monitor - INFO - Processing ticker: FDX
2025-02-27 11:17:23,250 - sec_monitor - INFO - Number of bars for FDX: 4
2025-02-27 11:17:23,250 - sec_monitor - INFO - Last bar close for FDX: 256.105
2025-02-27 11:17:23,250 - sec_monitor - INFO - Outside market hours price for FDX: 256.105
2025-02-27 11:17:23,250 - sec_monitor - INFO - Processing ticker: NTAP
2025-02-27 11:17:23,264 - sec_monitor - INFO - Number of bars for NTAP: 4
2025-02-27 11:17:23,264 - sec_monitor - INFO - Last bar close for NTAP: 124.52
2025-02-27 11:17:23,264 - sec_monitor - INFO - Outside market hours price for NTAP: 124.52
2025-02-27 11:17:23,264 - sec_monitor - INFO - Processing ticker: ABBV
2025-02-27 11:17:23,278 - sec_monitor - INFO - Number of bars for ABBV: 4
2025-02-27 11:17:23,278 - sec_monitor - INFO - Last bar close for ABBV: 203.08
2025-02-27 11:17:23,278 - sec_monitor - INFO - Outside market hours price for ABBV: 203.08
2025-02-27 11:17:23,278 - sec_monitor - INFO - Processing ticker: AKAM
2025-02-27 11:17:23,292 - sec_monitor - INFO - Number of bars for AKAM: 4
2025-02-27 11:17:23,292 - sec_monitor - INFO - Last bar close for AKAM: 79.66
2025-02-27 11:17:23,292 - sec_monitor - INFO - Outside market hours price for AKAM: 79.66
2025-02-27 11:17:26,127 - sec_monitor - INFO - Generating final output...
2025-02-27 11:17:26,128 - sec_monitor - INFO - Successfully saved/merged output to output/sec_filings.json
2025-02-27 11:17:26,128 - sec_monitor - INFO - Processing complete. Stats: {'input_words': 958468, 'output_words': 622, 'filings_processed': 10}
2025-02-27 12:36:51,890 - sec_monitor - INFO - Starting SEC filing monitor 
2025-02-27 12:36:51,890 - sec_monitor - INFO - Loading S&P 500 data...
2025-02-27 12:36:51,890 - sec_monitor - INFO - Starting S&P 500 data initialization
2025-02-27 12:36:51,891 - sec_monitor - INFO - Successfully loaded 503 S&P 500 tickers
2025-02-27 12:36:51,891 - sec_monitor - INFO - Successfully loaded 503 S&P 500 tickers
2025-02-27 12:36:51,891 - sec_monitor - INFO - Initializing components...
2025-02-27 12:36:51,891 - sec_monitor - INFO - Initializing components
2025-02-27 12:36:51,891 - sec_monitor - INFO - SEC fetcher initialized
2025-02-27 12:36:51,891 - sec_monitor - INFO - Filing analyzer initialized
2025-02-27 12:36:51,892 - sec_monitor - INFO - Alpaca clients initialized
2025-02-27 12:36:51,892 - sec_monitor - INFO - All components initialized successfully
2025-02-27 12:36:51,892 - sec_monitor - INFO - Found JSON file from today
2025-02-27 12:36:51,893 - sec_monitor - INFO - Found 10 previously processed accessions and 10 filing URLs
2025-02-27 12:36:51,893 - sec_monitor - INFO - Found 10 accession numbers and 10 URLs from previously processed filings
2025-02-27 12:36:51,893 - sec_monitor - INFO - Fetching SEC filings...
2025-02-27 12:37:06,254 - sec_monitor - INFO - No more entries found
2025-02-27 12:37:06,255 - sec_monitor - INFO - Completed fetching. Found 98 total filings
2025-02-27 12:37:06,255 - sec_monitor - INFO - Found 6 new interesting filings
2025-02-27 12:37:06,255 - sec_monitor - INFO - Found 6 new filings to process
2025-02-27 12:37:06,255 - sec_monitor - INFO - Processing filing 1/6: NCLH
2025-02-27 12:37:37,140 - sec_monitor - INFO - ==================================================
2025-02-27 12:37:37,141 - sec_monitor - INFO - Processing first chunk
2025-02-27 12:37:37,141 - sec_monitor - INFO - Timestamp: 2025-02-27 12:37:37
2025-02-27 12:37:37,264 - sec_monitor - INFO - token percentage = 7%
2025-02-27 12:37:37,264 - sec_monitor - INFO - Making API call - Attempt 1/3
2025-02-27 12:37:37,264 - sec_monitor - INFO - Timestamp: 2025-02-27 12:37:37
2025-02-27 12:37:41,423 - sec_monitor - INFO - API call successful
2025-02-27 12:37:42,424 - sec_monitor - INFO - Processing filing 2/6: SJM
2025-02-27 12:38:13,357 - sec_monitor - INFO - ==================================================
2025-02-27 12:38:13,357 - sec_monitor - INFO - Processing first chunk
2025-02-27 12:38:13,357 - sec_monitor - INFO - Timestamp: 2025-02-27 12:38:13
2025-02-27 12:38:13,478 - sec_monitor - INFO - token percentage = 6%
2025-02-27 12:38:13,478 - sec_monitor - INFO - Making API call - Attempt 1/3
2025-02-27 12:38:13,478 - sec_monitor - INFO - Timestamp: 2025-02-27 12:38:13
2025-02-27 12:38:17,651 - sec_monitor - INFO - API call successful
2025-02-27 12:38:18,652 - sec_monitor - INFO - Processing filing 3/6: WBD
2025-02-27 12:39:45,980 - sec_monitor - INFO - ==================================================
2025-02-27 12:39:45,980 - sec_monitor - INFO - Processing first chunk
2025-02-27 12:39:45,980 - sec_monitor - INFO - Timestamp: 2025-02-27 12:39:45
2025-02-27 12:39:46,373 - sec_monitor - INFO - token percentage = 47%
2025-02-27 12:39:46,373 - sec_monitor - INFO - Making API call - Attempt 1/3
2025-02-27 12:39:46,373 - sec_monitor - INFO - Timestamp: 2025-02-27 12:39:46
2025-02-27 12:40:00,813 - sec_monitor - INFO - API call successful
2025-02-27 12:40:30,836 - sec_monitor - INFO - ==================================================
2025-02-27 12:40:30,836 - sec_monitor - INFO - Processing middle chunk
2025-02-27 12:40:30,836 - sec_monitor - INFO - Timestamp: 2025-02-27 12:40:30
2025-02-27 12:40:31,175 - sec_monitor - INFO - token percentage = 51%
2025-02-27 12:40:31,175 - sec_monitor - INFO - Making API call - Attempt 1/3
2025-02-27 12:40:31,175 - sec_monitor - INFO - Timestamp: 2025-02-27 12:40:31
2025-02-27 12:40:46,135 - sec_monitor - INFO - API call successful
2025-02-27 12:41:16,166 - sec_monitor - INFO - ==================================================
2025-02-27 12:41:16,166 - sec_monitor - INFO - Processing middle chunk
2025-02-27 12:41:16,166 - sec_monitor - INFO - Timestamp: 2025-02-27 12:41:16
2025-02-27 12:41:16,529 - sec_monitor - INFO - token percentage = 51%
2025-02-27 12:41:16,529 - sec_monitor - INFO - Making API call - Attempt 1/3
2025-02-27 12:41:16,529 - sec_monitor - INFO - Timestamp: 2025-02-27 12:41:16
2025-02-27 12:41:32,857 - sec_monitor - INFO - API call successful
2025-02-27 12:42:02,887 - sec_monitor - INFO - ==================================================
2025-02-27 12:42:02,888 - sec_monitor - INFO - Processing middle chunk
2025-02-27 12:42:02,888 - sec_monitor - INFO - Timestamp: 2025-02-27 12:42:02
2025-02-27 12:42:03,260 - sec_monitor - INFO - token percentage = 51%
2025-02-27 12:42:03,260 - sec_monitor - INFO - Making API call - Attempt 1/3
2025-02-27 12:42:03,260 - sec_monitor - INFO - Timestamp: 2025-02-27 12:42:03
2025-02-27 12:42:18,406 - sec_monitor - INFO - API call successful
2025-02-27 12:42:48,437 - sec_monitor - INFO - ==================================================
2025-02-27 12:42:48,437 - sec_monitor - INFO - Processing middle chunk
2025-02-27 12:42:48,437 - sec_monitor - INFO - Timestamp: 2025-02-27 12:42:48
2025-02-27 12:42:48,798 - sec_monitor - INFO - token percentage = 51%
2025-02-27 12:42:48,798 - sec_monitor - INFO - Making API call - Attempt 1/3
2025-02-27 12:42:48,798 - sec_monitor - INFO - Timestamp: 2025-02-27 12:42:48
2025-02-27 12:43:03,698 - sec_monitor - INFO - API call successful
2025-02-27 12:43:33,728 - sec_monitor - INFO - ==================================================
2025-02-27 12:43:33,728 - sec_monitor - INFO - Processing middle chunk
2025-02-27 12:43:33,728 - sec_monitor - INFO - Timestamp: 2025-02-27 12:43:33
2025-02-27 12:43:34,111 - sec_monitor - INFO - token percentage = 49%
2025-02-27 12:43:34,112 - sec_monitor - INFO - Making API call - Attempt 1/3
2025-02-27 12:43:34,112 - sec_monitor - INFO - Timestamp: 2025-02-27 12:43:34
2025-02-27 12:43:48,914 - sec_monitor - INFO - API call successful
2025-02-27 12:44:18,940 - sec_monitor - INFO - ==================================================
2025-02-27 12:44:18,940 - sec_monitor - INFO - Processing middle chunk
2025-02-27 12:44:18,940 - sec_monitor - INFO - Timestamp: 2025-02-27 12:44:18
2025-02-27 12:44:19,310 - sec_monitor - INFO - token percentage = 50%
2025-02-27 12:44:19,310 - sec_monitor - INFO - Making API call - Attempt 1/3
2025-02-27 12:44:19,311 - sec_monitor - INFO - Timestamp: 2025-02-27 12:44:19
2025-02-27 12:44:34,656 - sec_monitor - INFO - API call successful
2025-02-27 12:45:04,686 - sec_monitor - INFO - ==================================================
2025-02-27 12:45:04,687 - sec_monitor - INFO - Processing middle chunk
2025-02-27 12:45:04,687 - sec_monitor - INFO - Timestamp: 2025-02-27 12:45:04
2025-02-27 12:45:05,048 - sec_monitor - INFO - token percentage = 50%
2025-02-27 12:45:05,048 - sec_monitor - INFO - Making API call - Attempt 1/3
2025-02-27 12:45:05,048 - sec_monitor - INFO - Timestamp: 2025-02-27 12:45:05
2025-02-27 12:45:20,555 - sec_monitor - INFO - API call successful
2025-02-27 12:45:50,586 - sec_monitor - INFO - ==================================================
2025-02-27 12:45:50,586 - sec_monitor - INFO - Processing last chunk
2025-02-27 12:45:50,586 - sec_monitor - INFO - Timestamp: 2025-02-27 12:45:50
2025-02-27 12:45:50,726 - sec_monitor - INFO - token percentage = 18%
2025-02-27 12:45:50,727 - sec_monitor - INFO - Making API call - Attempt 1/3
2025-02-27 12:45:50,727 - sec_monitor - INFO - Timestamp: 2025-02-27 12:45:50
2025-02-27 12:45:56,690 - sec_monitor - INFO - API call successful
2025-02-27 12:45:56,690 - sec_monitor - INFO - Making combine API call - Attempt 1/3
2025-02-27 12:45:56,690 - sec_monitor - INFO - Timestamp: 2025-02-27 12:45:56
2025-02-27 12:45:57,610 - sec_monitor - INFO - Combine API call successful
2025-02-27 12:45:58,612 - sec_monitor - INFO - Processing filing 4/6: TFX
2025-02-27 12:47:26,289 - sec_monitor - INFO - ==================================================
2025-02-27 12:47:26,289 - sec_monitor - INFO - Processing first chunk
2025-02-27 12:47:26,289 - sec_monitor - INFO - Timestamp: 2025-02-27 12:47:26
2025-02-27 12:47:27,155 - sec_monitor - INFO - token percentage = 15%
2025-02-27 12:47:27,155 - sec_monitor - INFO - Making API call - Attempt 1/3
2025-02-27 12:47:27,155 - sec_monitor - INFO - Timestamp: 2025-02-27 12:47:27
2025-02-27 12:47:33,628 - sec_monitor - INFO - API call successful
2025-02-27 12:48:03,658 - sec_monitor - INFO - ==================================================
2025-02-27 12:48:03,659 - sec_monitor - INFO - Processing middle chunk
2025-02-27 12:48:03,659 - sec_monitor - INFO - Timestamp: 2025-02-27 12:48:03
2025-02-27 12:48:04,107 - sec_monitor - INFO - token percentage = 48%
2025-02-27 12:48:04,108 - sec_monitor - INFO - Making API call - Attempt 1/3
2025-02-27 12:48:04,108 - sec_monitor - INFO - Timestamp: 2025-02-27 12:48:04
2025-02-27 12:48:18,728 - sec_monitor - INFO - API call successful
2025-02-27 12:48:48,758 - sec_monitor - INFO - ==================================================
2025-02-27 12:48:48,758 - sec_monitor - INFO - Processing middle chunk
2025-02-27 12:48:48,758 - sec_monitor - INFO - Timestamp: 2025-02-27 12:48:48
2025-02-27 12:48:49,013 - sec_monitor - INFO - token percentage = 55%
2025-02-27 12:48:49,013 - sec_monitor - INFO - Making API call - Attempt 1/3
2025-02-27 12:48:49,013 - sec_monitor - INFO - Timestamp: 2025-02-27 12:48:49
2025-02-27 12:49:05,483 - sec_monitor - INFO - API call successful
2025-02-27 12:49:35,513 - sec_monitor - INFO - ==================================================
2025-02-27 12:49:35,513 - sec_monitor - INFO - Processing middle chunk
2025-02-27 12:49:35,513 - sec_monitor - INFO - Timestamp: 2025-02-27 12:49:35
2025-02-27 12:49:35,723 - sec_monitor - INFO - token percentage = 54%
2025-02-27 12:49:35,723 - sec_monitor - INFO - Making API call - Attempt 1/3
2025-02-27 12:49:35,723 - sec_monitor - INFO - Timestamp: 2025-02-27 12:49:35
2025-02-27 12:49:51,589 - sec_monitor - INFO - API call successful
2025-02-27 12:50:21,597 - sec_monitor - INFO - ==================================================
2025-02-27 12:50:21,597 - sec_monitor - INFO - Processing middle chunk
2025-02-27 12:50:21,597 - sec_monitor - INFO - Timestamp: 2025-02-27 12:50:21
2025-02-27 12:50:21,943 - sec_monitor - INFO - token percentage = 54%
2025-02-27 12:50:21,943 - sec_monitor - INFO - Making API call - Attempt 1/3
2025-02-27 12:50:21,943 - sec_monitor - INFO - Timestamp: 2025-02-27 12:50:21
2025-02-27 12:50:38,386 - sec_monitor - INFO - API call successful
2025-02-27 12:51:08,416 - sec_monitor - INFO - ==================================================
2025-02-27 12:51:08,416 - sec_monitor - INFO - Processing middle chunk
2025-02-27 12:51:08,417 - sec_monitor - INFO - Timestamp: 2025-02-27 12:51:08
2025-02-27 12:51:08,795 - sec_monitor - INFO - token percentage = 55%
2025-02-27 12:51:08,796 - sec_monitor - INFO - Making API call - Attempt 1/3
2025-02-27 12:51:08,796 - sec_monitor - INFO - Timestamp: 2025-02-27 12:51:08
2025-02-27 12:51:24,939 - sec_monitor - INFO - API call successful
2025-02-27 12:51:54,969 - sec_monitor - INFO - ==================================================
2025-02-27 12:51:54,970 - sec_monitor - INFO - Processing middle chunk
2025-02-27 12:51:54,970 - sec_monitor - INFO - Timestamp: 2025-02-27 12:51:54
2025-02-27 12:51:55,377 - sec_monitor - INFO - token percentage = 55%
2025-02-27 12:51:55,377 - sec_monitor - INFO - Making API call - Attempt 1/3
2025-02-27 12:51:55,377 - sec_monitor - INFO - Timestamp: 2025-02-27 12:51:55
2025-02-27 12:52:11,135 - sec_monitor - INFO - API call successful
2025-02-27 12:52:41,151 - sec_monitor - INFO - ==================================================
2025-02-27 12:52:41,151 - sec_monitor - INFO - Processing middle chunk
2025-02-27 12:52:41,151 - sec_monitor - INFO - Timestamp: 2025-02-27 12:52:41
2025-02-27 12:52:41,449 - sec_monitor - INFO - token percentage = 55%
2025-02-27 12:52:41,449 - sec_monitor - INFO - Making API call - Attempt 1/3
2025-02-27 12:52:41,449 - sec_monitor - INFO - Timestamp: 2025-02-27 12:52:41
2025-02-27 12:52:57,912 - sec_monitor - INFO - API call successful
2025-02-27 12:53:27,919 - sec_monitor - INFO - ==================================================
2025-02-27 12:53:27,919 - sec_monitor - INFO - Processing middle chunk
2025-02-27 12:53:27,919 - sec_monitor - INFO - Timestamp: 2025-02-27 12:53:27
2025-02-27 12:53:28,158 - sec_monitor - INFO - token percentage = 53%
2025-02-27 12:53:28,158 - sec_monitor - INFO - Making API call - Attempt 1/3
2025-02-27 12:53:28,158 - sec_monitor - INFO - Timestamp: 2025-02-27 12:53:28
2025-02-27 12:53:45,466 - sec_monitor - INFO - API call successful
2025-02-27 12:54:15,497 - sec_monitor - INFO - ==================================================
2025-02-27 12:54:15,497 - sec_monitor - INFO - Processing last chunk
2025-02-27 12:54:15,497 - sec_monitor - INFO - Timestamp: 2025-02-27 12:54:15
2025-02-27 12:54:15,779 - sec_monitor - INFO - token percentage = 48%
2025-02-27 12:54:15,779 - sec_monitor - INFO - Making API call - Attempt 1/3
2025-02-27 12:54:15,780 - sec_monitor - INFO - Timestamp: 2025-02-27 12:54:15
2025-02-27 12:54:29,913 - sec_monitor - INFO - API call successful
2025-02-27 12:54:29,913 - sec_monitor - INFO - Making combine API call - Attempt 1/3
2025-02-27 12:54:29,913 - sec_monitor - INFO - Timestamp: 2025-02-27 12:54:29
2025-02-27 12:54:31,201 - sec_monitor - INFO - Combine API call successful
2025-02-27 12:54:32,202 - sec_monitor - INFO - Processing filing 5/6: EVRG
2025-02-27 12:55:02,848 - sec_monitor - INFO - ==================================================
2025-02-27 12:55:02,848 - sec_monitor - INFO - Processing first chunk
2025-02-27 12:55:02,848 - sec_monitor - INFO - Timestamp: 2025-02-27 12:55:02
2025-02-27 12:55:02,945 - sec_monitor - INFO - token percentage = 4%
2025-02-27 12:55:02,945 - sec_monitor - INFO - Making API call - Attempt 1/3
2025-02-27 12:55:02,945 - sec_monitor - INFO - Timestamp: 2025-02-27 12:55:02
2025-02-27 12:55:06,200 - sec_monitor - INFO - API call successful
2025-02-27 12:55:07,201 - sec_monitor - INFO - Processing filing 6/6: BK
2025-02-27 12:57:25,676 - sec_monitor - INFO - ==================================================
2025-02-27 12:57:25,676 - sec_monitor - INFO - Processing first chunk
2025-02-27 12:57:25,676 - sec_monitor - INFO - Timestamp: 2025-02-27 12:57:25
2025-02-27 12:57:28,004 - sec_monitor - INFO - token percentage = 32%
2025-02-27 12:57:28,004 - sec_monitor - INFO - Making API call - Attempt 1/3
2025-02-27 12:57:28,004 - sec_monitor - INFO - Timestamp: 2025-02-27 12:57:28
2025-02-27 12:57:39,765 - sec_monitor - INFO - API call successful
2025-02-27 12:58:09,795 - sec_monitor - INFO - ==================================================
2025-02-27 12:58:09,796 - sec_monitor - INFO - Processing middle chunk
2025-02-27 12:58:09,796 - sec_monitor - INFO - Timestamp: 2025-02-27 12:58:09
2025-02-27 12:58:10,889 - sec_monitor - INFO - token percentage = 43%
2025-02-27 12:58:10,890 - sec_monitor - INFO - Making API call - Attempt 1/3
2025-02-27 12:58:10,890 - sec_monitor - INFO - Timestamp: 2025-02-27 12:58:10
2025-02-27 12:58:25,422 - sec_monitor - INFO - API call successful
2025-02-27 12:58:55,452 - sec_monitor - INFO - ==================================================
2025-02-27 12:58:55,452 - sec_monitor - INFO - Processing middle chunk
2025-02-27 12:58:55,452 - sec_monitor - INFO - Timestamp: 2025-02-27 12:58:55
2025-02-27 12:58:56,776 - sec_monitor - INFO - token percentage = 43%
2025-02-27 12:58:56,776 - sec_monitor - INFO - Making API call - Attempt 1/3
2025-02-27 12:58:56,776 - sec_monitor - INFO - Timestamp: 2025-02-27 12:58:56
2025-02-27 12:59:12,677 - sec_monitor - INFO - API call successful
2025-02-27 12:59:42,695 - sec_monitor - INFO - ==================================================
2025-02-27 12:59:42,695 - sec_monitor - INFO - Processing middle chunk
2025-02-27 12:59:42,695 - sec_monitor - INFO - Timestamp: 2025-02-27 12:59:42
2025-02-27 12:59:43,419 - sec_monitor - INFO - token percentage = 56%
2025-02-27 12:59:43,419 - sec_monitor - INFO - Making API call - Attempt 1/3
2025-02-27 12:59:43,419 - sec_monitor - INFO - Timestamp: 2025-02-27 12:59:43
2025-02-27 13:00:02,297 - sec_monitor - INFO - API call successful
2025-02-27 13:00:32,327 - sec_monitor - INFO - ==================================================
2025-02-27 13:00:32,327 - sec_monitor - INFO - Processing middle chunk
2025-02-27 13:00:32,327 - sec_monitor - INFO - Timestamp: 2025-02-27 13:00:32
2025-02-27 13:00:33,766 - sec_monitor - INFO - token percentage = 39%
2025-02-27 13:00:33,767 - sec_monitor - INFO - Making API call - Attempt 1/3
2025-02-27 13:00:33,767 - sec_monitor - INFO - Timestamp: 2025-02-27 13:00:33
2025-02-27 13:00:46,854 - sec_monitor - INFO - API call successful
2025-02-27 13:01:16,870 - sec_monitor - INFO - ==================================================
2025-02-27 13:01:16,870 - sec_monitor - INFO - Processing middle chunk
2025-02-27 13:01:16,870 - sec_monitor - INFO - Timestamp: 2025-02-27 13:01:16
2025-02-27 13:01:17,344 - sec_monitor - INFO - token percentage = 76%
2025-02-27 13:01:17,344 - sec_monitor - INFO - Making API call - Attempt 1/3
2025-02-27 13:01:17,344 - sec_monitor - INFO - Timestamp: 2025-02-27 13:01:17
2025-02-27 13:01:42,148 - sec_monitor - INFO - API call successful
2025-02-27 13:02:12,178 - sec_monitor - INFO - ==================================================
2025-02-27 13:02:12,178 - sec_monitor - INFO - Processing middle chunk
2025-02-27 13:02:12,178 - sec_monitor - INFO - Timestamp: 2025-02-27 13:02:12
2025-02-27 13:02:12,973 - sec_monitor - INFO - token percentage = 56%
2025-02-27 13:02:12,973 - sec_monitor - INFO - Making API call - Attempt 1/3
2025-02-27 13:02:12,973 - sec_monitor - INFO - Timestamp: 2025-02-27 13:02:12
2025-02-27 13:02:30,775 - sec_monitor - INFO - API call successful
2025-02-27 13:03:00,806 - sec_monitor - INFO - ==================================================
2025-02-27 13:03:00,806 - sec_monitor - INFO - Processing middle chunk
2025-02-27 13:03:00,806 - sec_monitor - INFO - Timestamp: 2025-02-27 13:03:00
2025-02-27 13:03:01,734 - sec_monitor - INFO - token percentage = 49%
2025-02-27 13:03:01,734 - sec_monitor - INFO - Making API call - Attempt 1/3
2025-02-27 13:03:01,734 - sec_monitor - INFO - Timestamp: 2025-02-27 13:03:01
2025-02-27 13:03:17,260 - sec_monitor - INFO - API call successful
2025-02-27 13:03:47,290 - sec_monitor - INFO - ==================================================
2025-02-27 13:03:47,290 - sec_monitor - INFO - Processing middle chunk
2025-02-27 13:03:47,291 - sec_monitor - INFO - Timestamp: 2025-02-27 13:03:47
2025-02-27 13:03:49,264 - sec_monitor - INFO - token percentage = 49%
2025-02-27 13:03:49,265 - sec_monitor - INFO - Making API call - Attempt 1/3
2025-02-27 13:03:49,265 - sec_monitor - INFO - Timestamp: 2025-02-27 13:03:49
2025-02-27 13:04:05,552 - sec_monitor - INFO - API call successful
2025-02-27 13:04:35,572 - sec_monitor - INFO - ==================================================
2025-02-27 13:04:35,572 - sec_monitor - INFO - Processing middle chunk
2025-02-27 13:04:35,572 - sec_monitor - INFO - Timestamp: 2025-02-27 13:04:35
2025-02-27 13:04:36,611 - sec_monitor - INFO - token percentage = 49%
2025-02-27 13:04:36,611 - sec_monitor - INFO - Making API call - Attempt 1/3
2025-02-27 13:04:36,611 - sec_monitor - INFO - Timestamp: 2025-02-27 13:04:36
2025-02-27 13:04:52,496 - sec_monitor - INFO - API call successful
2025-02-27 13:05:22,526 - sec_monitor - INFO - ==================================================
2025-02-27 13:05:22,527 - sec_monitor - INFO - Processing middle chunk
2025-02-27 13:05:22,527 - sec_monitor - INFO - Timestamp: 2025-02-27 13:05:22
2025-02-27 13:05:23,737 - sec_monitor - INFO - token percentage = 48%
2025-02-27 13:05:23,737 - sec_monitor - INFO - Making API call - Attempt 1/3
2025-02-27 13:05:23,738 - sec_monitor - INFO - Timestamp: 2025-02-27 13:05:23
2025-02-27 13:05:39,482 - sec_monitor - INFO - API call successful
2025-02-27 13:06:09,506 - sec_monitor - INFO - ==================================================
2025-02-27 13:06:09,506 - sec_monitor - INFO - Processing middle chunk
2025-02-27 13:06:09,506 - sec_monitor - INFO - Timestamp: 2025-02-27 13:06:09
2025-02-27 13:06:10,687 - sec_monitor - INFO - token percentage = 54%
2025-02-27 13:06:10,687 - sec_monitor - INFO - Making API call - Attempt 1/3
2025-02-27 13:06:10,688 - sec_monitor - INFO - Timestamp: 2025-02-27 13:06:10
2025-02-27 13:06:28,386 - sec_monitor - INFO - API call successful
2025-02-27 13:06:58,413 - sec_monitor - INFO - ==================================================
2025-02-27 13:06:58,413 - sec_monitor - INFO - Processing last chunk
2025-02-27 13:06:58,413 - sec_monitor - INFO - Timestamp: 2025-02-27 13:06:58
2025-02-27 13:06:59,242 - sec_monitor - INFO - token percentage = 13%
2025-02-27 13:06:59,242 - sec_monitor - INFO - Making API call - Attempt 1/3
2025-02-27 13:06:59,242 - sec_monitor - INFO - Timestamp: 2025-02-27 13:06:59
2025-02-27 13:07:04,252 - sec_monitor - INFO - API call successful
2025-02-27 13:07:04,252 - sec_monitor - INFO - Making combine API call - Attempt 1/3
2025-02-27 13:07:04,253 - sec_monitor - INFO - Timestamp: 2025-02-27 13:07:04
2025-02-27 13:07:05,436 - sec_monitor - INFO - Combine API call successful
2025-02-27 13:07:06,438 - sec_monitor - INFO - Fetching supplementary data...
2025-02-27 13:07:06,814 - sec_monitor - INFO - filing_tickers type: <class 'list'>
2025-02-27 13:07:06,814 - sec_monitor - INFO - filing_data type: <class 'list'>
2025-02-27 13:07:06,814 - sec_monitor - INFO - Market open: False
2025-02-27 13:07:06,814 - sec_monitor - INFO - Number of filing times mapped: 6
2025-02-27 13:07:06,825 - sec_monitor - INFO - Last trading day: 2025-02-27
2025-02-27 13:07:06,825 - sec_monitor - INFO - Processing ticker: NCLH
2025-02-27 13:07:07,101 - sec_monitor - INFO - Number of bars for NCLH: 3
2025-02-27 13:07:07,101 - sec_monitor - INFO - Last bar close for NCLH: 25.06
2025-02-27 13:07:07,101 - sec_monitor - INFO - Outside market hours price for NCLH: 25.06
2025-02-27 13:07:07,101 - sec_monitor - INFO - Processing ticker: SJM
2025-02-27 13:07:07,114 - sec_monitor - INFO - Number of bars for SJM: 3
2025-02-27 13:07:07,114 - sec_monitor - INFO - Last bar close for SJM: 109.15
2025-02-27 13:07:07,115 - sec_monitor - INFO - Outside market hours price for SJM: 109.15
2025-02-27 13:07:07,115 - sec_monitor - INFO - Processing ticker: WBD
2025-02-27 13:07:07,130 - sec_monitor - INFO - Number of bars for WBD: 3
2025-02-27 13:07:07,130 - sec_monitor - INFO - Last bar close for WBD: 10.49
2025-02-27 13:07:07,130 - sec_monitor - INFO - Outside market hours price for WBD: 10.49
2025-02-27 13:07:07,130 - sec_monitor - INFO - Processing ticker: TFX
2025-02-27 13:07:07,145 - sec_monitor - INFO - Number of bars for TFX: 3
2025-02-27 13:07:07,145 - sec_monitor - INFO - Last bar close for TFX: 177.45
2025-02-27 13:07:07,145 - sec_monitor - INFO - Outside market hours price for TFX: 177.45
2025-02-27 13:07:07,145 - sec_monitor - INFO - Processing ticker: EVRG
2025-02-27 13:07:07,159 - sec_monitor - INFO - Number of bars for EVRG: 3
2025-02-27 13:07:07,159 - sec_monitor - INFO - Last bar close for EVRG: 69.08
2025-02-27 13:07:07,159 - sec_monitor - INFO - Outside market hours price for EVRG: 69.08
2025-02-27 13:07:07,159 - sec_monitor - INFO - Processing ticker: BK
2025-02-27 13:07:07,176 - sec_monitor - INFO - Number of bars for BK: 3
2025-02-27 13:07:07,177 - sec_monitor - INFO - Last bar close for BK: 86.34
2025-02-27 13:07:07,177 - sec_monitor - INFO - Outside market hours price for BK: 86.34
2025-02-27 13:07:08,736 - sec_monitor - INFO - Generating final output...
2025-02-27 13:07:08,737 - sec_monitor - INFO - Successfully merged 6 new filings with existing JSON
2025-02-27 13:07:08,737 - sec_monitor - INFO - Cumulative stats - Input words: 2525262, Output words: 1079
2025-02-27 13:07:08,737 - sec_monitor - INFO - Successfully saved/merged output to output/sec_filings.json
2025-02-27 13:07:08,737 - sec_monitor - INFO - Processing complete. Stats: {'input_words': 1566794, 'output_words': 457, 'filings_processed': 6}
