2025-05-05 11:10:05,042 - sec_monitor - INFO - Starting SEC filing monitor 
2025-05-05 11:10:05,042 - sec_monitor - INFO - Loading S&P 500 data...
2025-05-05 11:10:05,042 - sec_monitor - INFO - Starting S&P 500 data initialization
2025-05-05 11:10:05,042 - sec_monitor - INFO - Successfully loaded 503 S&P 500 tickers
2025-05-05 11:10:05,043 - sec_monitor - INFO - Successfully loaded 503 S&P 500 tickers
2025-05-05 11:10:05,043 - sec_monitor - INFO - Initializing components...
2025-05-05 11:10:05,043 - sec_monitor - INFO - Initializing components
2025-05-05 11:10:05,043 - sec_monitor - INFO - SEC fetcher initialized
2025-05-05 11:10:05,043 - sec_monitor - INFO - Filing analyzer initialized
2025-05-05 11:10:05,043 - sec_monitor - INFO - Alpaca clients initialized
2025-05-05 11:10:05,043 - sec_monitor - INFO - All components initialized successfully
2025-05-05 11:10:05,045 - sec_monitor - INFO - Found old JSON file, archiving
2025-05-05 11:10:05,045 - sec_monitor - INFO - Starting new filing collection for today
2025-05-05 11:10:05,045 - sec_monitor - INFO - Fetching SEC filings...
2025-05-05 11:10:07,055 - sec_monitor - INFO - Reached old filing, stopping. Found 12 total filings
2025-05-05 11:10:07,055 - sec_monitor - INFO - Found 4 new interesting filings
2025-05-05 11:10:07,055 - sec_monitor - INFO - Found 4 new filings to process
2025-05-05 11:10:07,055 - sec_monitor - INFO - Processing filing 1/4: NWS
2025-05-05 11:10:37,891 - sec_monitor - INFO - ==================================================
2025-05-05 11:10:37,892 - sec_monitor - INFO - Processing first chunk
2025-05-05 11:10:37,892 - sec_monitor - INFO - Timestamp: 2025-05-05 11:10:37
2025-05-05 11:10:38,130 - sec_monitor - INFO - token percentage = 7%
2025-05-05 11:10:38,131 - sec_monitor - INFO - Making API call - Attempt 1/3
2025-05-05 11:10:38,131 - sec_monitor - INFO - Timestamp: 2025-05-05 11:10:38
2025-05-05 11:10:42,859 - sec_monitor - INFO - API call successful
2025-05-05 11:10:43,860 - sec_monitor - INFO - Processing filing 2/4: ZBH
2025-05-05 11:11:15,472 - sec_monitor - INFO - ==================================================
2025-05-05 11:11:15,472 - sec_monitor - INFO - Processing first chunk
2025-05-05 11:11:15,473 - sec_monitor - INFO - Timestamp: 2025-05-05 11:11:15
2025-05-05 11:11:15,720 - sec_monitor - INFO - token percentage = 11%
2025-05-05 11:11:15,720 - sec_monitor - INFO - Making API call - Attempt 1/3
2025-05-05 11:11:15,720 - sec_monitor - INFO - Timestamp: 2025-05-05 11:11:15
2025-05-05 11:11:21,393 - sec_monitor - INFO - API call successful
2025-05-05 11:11:22,394 - sec_monitor - INFO - Processing filing 3/4: HSIC
2025-05-05 11:11:53,158 - sec_monitor - INFO - ==================================================
2025-05-05 11:11:53,158 - sec_monitor - INFO - Processing first chunk
2025-05-05 11:11:53,158 - sec_monitor - INFO - Timestamp: 2025-05-05 11:11:53
2025-05-05 11:11:53,347 - sec_monitor - INFO - token percentage = 6%
2025-05-05 11:11:53,347 - sec_monitor - INFO - Making API call - Attempt 1/3
2025-05-05 11:11:53,347 - sec_monitor - INFO - Timestamp: 2025-05-05 11:11:53
2025-05-05 11:11:57,126 - sec_monitor - INFO - API call successful
2025-05-05 11:11:58,127 - sec_monitor - INFO - Processing filing 4/4: L
2025-05-05 11:12:29,134 - sec_monitor - INFO - ==================================================
2025-05-05 11:12:29,134 - sec_monitor - INFO - Processing first chunk
2025-05-05 11:12:29,134 - sec_monitor - INFO - Timestamp: 2025-05-05 11:12:29
2025-05-05 11:12:29,386 - sec_monitor - INFO - token percentage = 9%
2025-05-05 11:12:29,386 - sec_monitor - INFO - Making API call - Attempt 1/3
2025-05-05 11:12:29,386 - sec_monitor - INFO - Timestamp: 2025-05-05 11:12:29
2025-05-05 11:12:33,674 - sec_monitor - INFO - API call successful
2025-05-05 11:12:34,675 - sec_monitor - INFO - Fetching supplementary data...
2025-05-05 11:12:34,770 - sec_monitor - INFO - filing_tickers type: <class 'list'>
2025-05-05 11:12:34,770 - sec_monitor - INFO - filing_data type: <class 'list'>
2025-05-05 11:12:34,770 - sec_monitor - INFO - Market open: False
2025-05-05 11:12:34,770 - sec_monitor - INFO - Number of filing times mapped: 4
2025-05-05 11:12:34,782 - sec_monitor - INFO - Last trading day: 2025-05-05
2025-05-05 11:12:34,782 - sec_monitor - INFO - Processing ticker: NWS
2025-05-05 11:12:34,837 - sec_monitor - INFO - Number of bars for NWS: 3
2025-05-05 11:12:34,837 - sec_monitor - INFO - Last bar close for NWS: 31.88
2025-05-05 11:12:34,838 - sec_monitor - INFO - Outside market hours price for NWS: 31.88
2025-05-05 11:12:34,838 - sec_monitor - INFO - Processing ticker: ZBH
2025-05-05 11:12:34,852 - sec_monitor - INFO - Number of bars for ZBH: 3
2025-05-05 11:12:34,853 - sec_monitor - INFO - Last bar close for ZBH: 102.3
2025-05-05 11:12:34,853 - sec_monitor - INFO - Outside market hours price for ZBH: 102.3
2025-05-05 11:12:34,853 - sec_monitor - INFO - Processing ticker: HSIC
2025-05-05 11:12:34,873 - sec_monitor - INFO - Number of bars for HSIC: 3
2025-05-05 11:12:34,873 - sec_monitor - INFO - Last bar close for HSIC: 65.33
2025-05-05 11:12:34,873 - sec_monitor - INFO - Outside market hours price for HSIC: 65.33
2025-05-05 11:12:34,873 - sec_monitor - INFO - Processing ticker: L
2025-05-05 11:12:34,886 - sec_monitor - INFO - Number of bars for L: 3
2025-05-05 11:12:34,886 - sec_monitor - INFO - Last bar close for L: 88.13
2025-05-05 11:12:34,886 - sec_monitor - INFO - Outside market hours price for L: 88.13
2025-05-05 11:12:35,994 - sec_monitor - INFO - Generating final output...
2025-05-05 11:12:35,995 - sec_monitor - INFO - Successfully saved/merged output to output/sec_filings.json
2025-05-05 11:12:35,995 - sec_monitor - INFO - Processing complete. Stats: {'input_words': 42647, 'output_words': 302, 'filings_processed': 4}
