2025-06-23 11:10:59,067 - sec_monitor - INFO - Starting SEC filing monitor 
2025-06-23 11:10:59,067 - sec_monitor - INFO - Loading S&P 500 data...
2025-06-23 11:10:59,068 - sec_monitor - INFO - Starting S&P 500 data initialization
2025-06-23 11:10:59,068 - sec_monitor - INFO - Successfully loaded 503 S&P 500 tickers
2025-06-23 11:10:59,068 - sec_monitor - INFO - Successfully loaded 503 S&P 500 tickers
2025-06-23 11:10:59,068 - sec_monitor - INFO - Initializing components...
2025-06-23 11:10:59,068 - sec_monitor - INFO - Initializing components
2025-06-23 11:10:59,068 - sec_monitor - INFO - SEC fetcher initialized
2025-06-23 11:10:59,068 - sec_monitor - INFO - Filing analyzer initialized
2025-06-23 11:10:59,069 - sec_monitor - INFO - Alpaca clients initialized
2025-06-23 11:10:59,069 - sec_monitor - INFO - All components initialized successfully
2025-06-23 11:10:59,070 - sec_monitor - INFO - Found old JSON file, archiving
2025-06-23 11:10:59,070 - sec_monitor - INFO - Starting new filing collection for today
2025-06-23 11:10:59,070 - sec_monitor - INFO - Fetching SEC filings...
2025-06-23 11:10:59,855 - sec_monitor - INFO - Reached old filing, stopping. Found 3 total filings
2025-06-23 11:10:59,855 - sec_monitor - INFO - Found 3 new interesting filings
2025-06-23 11:10:59,856 - sec_monitor - INFO - Found 3 new filings to process
2025-06-23 11:10:59,856 - sec_monitor - INFO - Processing filing 1/3: SMCI
2025-06-23 11:11:30,330 - sec_monitor - INFO - ==================================================
2025-06-23 11:11:30,331 - sec_monitor - INFO - Processing first chunk
2025-06-23 11:11:30,331 - sec_monitor - INFO - Timestamp: 2025-06-23 11:11:30
2025-06-23 11:11:30,441 - sec_monitor - INFO - token percentage = 2%
2025-06-23 11:11:30,441 - sec_monitor - INFO - Making API call - Attempt 1/3
2025-06-23 11:11:30,441 - sec_monitor - INFO - Timestamp: 2025-06-23 11:11:30
2025-06-23 11:11:33,362 - sec_monitor - INFO - API call successful
2025-06-23 11:11:34,363 - sec_monitor - INFO - Processing filing 2/3: FDS
2025-06-23 11:12:05,078 - sec_monitor - INFO - ==================================================
2025-06-23 11:12:05,078 - sec_monitor - INFO - Processing first chunk
2025-06-23 11:12:05,078 - sec_monitor - INFO - Timestamp: 2025-06-23 11:12:05
2025-06-23 11:12:05,270 - sec_monitor - INFO - token percentage = 5%
2025-06-23 11:12:05,271 - sec_monitor - INFO - Making API call - Attempt 1/3
2025-06-23 11:12:05,271 - sec_monitor - INFO - Timestamp: 2025-06-23 11:12:05
2025-06-23 11:12:55,435 - sec_monitor - INFO - API call successful
2025-06-23 11:12:56,437 - sec_monitor - INFO - Processing filing 3/3: HRL
2025-06-23 11:13:26,944 - sec_monitor - INFO - ==================================================
2025-06-23 11:13:26,944 - sec_monitor - INFO - Processing first chunk
2025-06-23 11:13:26,945 - sec_monitor - INFO - Timestamp: 2025-06-23 11:13:26
2025-06-23 11:13:27,087 - sec_monitor - INFO - token percentage = 3%
2025-06-23 11:13:27,087 - sec_monitor - INFO - Making API call - Attempt 1/3
2025-06-23 11:13:27,087 - sec_monitor - INFO - Timestamp: 2025-06-23 11:13:27
2025-06-23 11:14:10,960 - sec_monitor - INFO - API call successful
2025-06-23 11:14:11,961 - sec_monitor - INFO - Fetching supplementary data...
2025-06-23 11:14:12,429 - sec_monitor - INFO - filing_tickers type: <class 'list'>
2025-06-23 11:14:12,429 - sec_monitor - INFO - filing_data type: <class 'list'>
2025-06-23 11:14:12,429 - sec_monitor - INFO - Market open: False
2025-06-23 11:14:12,429 - sec_monitor - INFO - Number of filing times mapped: 3
2025-06-23 11:14:12,436 - sec_monitor - INFO - Last trading day: 2025-06-23
2025-06-23 11:14:12,437 - sec_monitor - INFO - Processing ticker: SMCI
2025-06-23 11:14:12,834 - sec_monitor - INFO - Number of bars for SMCI: 2
2025-06-23 11:14:12,834 - sec_monitor - INFO - Last bar close for SMCI: 45.33
2025-06-23 11:14:12,835 - sec_monitor - INFO - Outside market hours price for SMCI: 45.33
2025-06-23 11:14:12,835 - sec_monitor - INFO - Processing ticker: FDS
2025-06-23 11:14:12,845 - sec_monitor - INFO - Number of bars for FDS: 2
2025-06-23 11:14:12,846 - sec_monitor - INFO - Last bar close for FDS: 422.54
2025-06-23 11:14:12,846 - sec_monitor - INFO - Outside market hours price for FDS: 422.54
2025-06-23 11:14:12,846 - sec_monitor - INFO - Processing ticker: HRL
2025-06-23 11:14:12,861 - sec_monitor - INFO - Number of bars for HRL: 2
2025-06-23 11:14:12,861 - sec_monitor - INFO - Last bar close for HRL: 30.41
2025-06-23 11:14:12,861 - sec_monitor - INFO - Outside market hours price for HRL: 30.41
2025-06-23 11:14:13,591 - sec_monitor - INFO - Generating final output...
2025-06-23 11:14:13,591 - sec_monitor - INFO - Successfully saved/merged output to output/sec_filings.json
2025-06-23 11:14:13,591 - sec_monitor - INFO - Processing complete. Stats: {'input_words': 19212, 'output_words': 255, 'filings_processed': 3}
2025-06-23 12:44:11,494 - sec_monitor - INFO - Starting SEC filing monitor 
2025-06-23 12:44:11,494 - sec_monitor - INFO - Loading S&P 500 data...
2025-06-23 12:44:11,495 - sec_monitor - INFO - Starting S&P 500 data initialization
2025-06-23 12:44:11,495 - sec_monitor - INFO - Successfully loaded 503 S&P 500 tickers
2025-06-23 12:44:11,495 - sec_monitor - INFO - Successfully loaded 503 S&P 500 tickers
2025-06-23 12:44:11,495 - sec_monitor - INFO - Initializing components...
2025-06-23 12:44:11,495 - sec_monitor - INFO - Initializing components
2025-06-23 12:44:11,495 - sec_monitor - INFO - SEC fetcher initialized
2025-06-23 12:44:11,496 - sec_monitor - INFO - Filing analyzer initialized
2025-06-23 12:44:11,496 - sec_monitor - INFO - Alpaca clients initialized
2025-06-23 12:44:11,496 - sec_monitor - INFO - All components initialized successfully
2025-06-23 12:44:11,497 - sec_monitor - INFO - Found JSON file from today
2025-06-23 12:44:11,497 - sec_monitor - INFO - Found 3 previously processed accessions and 3 filing URLs
2025-06-23 12:44:11,497 - sec_monitor - INFO - Found 3 accession numbers and 3 URLs from previously processed filings
2025-06-23 12:44:11,497 - sec_monitor - INFO - Fetching SEC filings...
2025-06-23 12:44:13,132 - sec_monitor - INFO - Reached old filing, stopping. Found 3 total filings
2025-06-23 12:44:13,133 - sec_monitor - INFO - Found 0 new interesting filings
2025-06-23 12:44:13,133 - sec_monitor - INFO - No new filings to process
2025-06-23 13:36:48,002 - sec_monitor - INFO - Starting SEC filing monitor 
2025-06-23 13:36:48,002 - sec_monitor - INFO - Loading S&P 500 data...
2025-06-23 13:36:48,002 - sec_monitor - INFO - Starting S&P 500 data initialization
2025-06-23 13:36:48,003 - sec_monitor - INFO - Successfully loaded 503 S&P 500 tickers
2025-06-23 13:36:48,003 - sec_monitor - INFO - Successfully loaded 503 S&P 500 tickers
2025-06-23 13:36:48,003 - sec_monitor - INFO - Initializing components...
2025-06-23 13:36:48,003 - sec_monitor - INFO - Initializing components
2025-06-23 13:36:48,003 - sec_monitor - INFO - SEC fetcher initialized
2025-06-23 13:36:48,003 - sec_monitor - INFO - Filing analyzer initialized
2025-06-23 13:36:48,004 - sec_monitor - INFO - Alpaca clients initialized
2025-06-23 13:36:48,004 - sec_monitor - INFO - All components initialized successfully
2025-06-23 13:36:48,005 - sec_monitor - INFO - Found JSON file from today
2025-06-23 13:36:48,005 - sec_monitor - INFO - Found 3 previously processed accessions and 3 filing URLs
2025-06-23 13:36:48,005 - sec_monitor - INFO - Found 3 accession numbers and 3 URLs from previously processed filings
2025-06-23 13:36:48,005 - sec_monitor - INFO - Fetching SEC filings...
2025-06-23 13:36:54,965 - sec_monitor - INFO - Reached old filing, stopping. Found 4 total filings
2025-06-23 13:36:54,965 - sec_monitor - INFO - Found 0 new interesting filings
2025-06-23 13:36:54,965 - sec_monitor - INFO - No new filings to process
2025-06-23 15:22:45,884 - sec_monitor - INFO - Starting SEC filing monitor 
2025-06-23 15:22:45,885 - sec_monitor - INFO - Loading S&P 500 data...
2025-06-23 15:22:45,885 - sec_monitor - INFO - Starting S&P 500 data initialization
2025-06-23 15:22:45,885 - sec_monitor - INFO - Successfully loaded 503 S&P 500 tickers
2025-06-23 15:22:45,885 - sec_monitor - INFO - Successfully loaded 503 S&P 500 tickers
2025-06-23 15:22:45,885 - sec_monitor - INFO - Initializing components...
2025-06-23 15:22:45,885 - sec_monitor - INFO - Initializing components
2025-06-23 15:22:45,886 - sec_monitor - INFO - SEC fetcher initialized
2025-06-23 15:22:45,886 - sec_monitor - INFO - Filing analyzer initialized
2025-06-23 15:22:45,886 - sec_monitor - INFO - Alpaca clients initialized
2025-06-23 15:22:45,886 - sec_monitor - INFO - All components initialized successfully
2025-06-23 15:22:45,887 - sec_monitor - INFO - Found JSON file from today
2025-06-23 15:22:45,887 - sec_monitor - INFO - Found 3 previously processed accessions and 3 filing URLs
2025-06-23 15:22:45,887 - sec_monitor - INFO - Found 3 accession numbers and 3 URLs from previously processed filings
2025-06-23 15:22:45,887 - sec_monitor - INFO - Fetching SEC filings...
2025-06-23 15:22:52,300 - sec_monitor - INFO - Reached old filing, stopping. Found 11 total filings
2025-06-23 15:22:52,301 - sec_monitor - INFO - Found 2 new interesting filings
2025-06-23 15:22:52,301 - sec_monitor - INFO - Found 2 new filings to process
2025-06-23 15:22:52,301 - sec_monitor - INFO - Processing filing 1/2: VZ
2025-06-23 15:23:23,321 - sec_monitor - INFO - ==================================================
2025-06-23 15:23:23,321 - sec_monitor - INFO - Processing first chunk
2025-06-23 15:23:23,321 - sec_monitor - INFO - Timestamp: 2025-06-23 15:23:23
2025-06-23 15:23:23,480 - sec_monitor - INFO - token percentage = 6%
2025-06-23 15:23:23,480 - sec_monitor - INFO - Making API call - Attempt 1/3
2025-06-23 15:23:23,480 - sec_monitor - INFO - Timestamp: 2025-06-23 15:23:23
2025-06-23 15:24:09,073 - sec_monitor - INFO - API call successful
2025-06-23 15:24:10,075 - sec_monitor - INFO - Processing filing 2/2: FDX
2025-06-23 15:24:40,479 - sec_monitor - INFO - ==================================================
2025-06-23 15:24:40,479 - sec_monitor - INFO - Processing first chunk
2025-06-23 15:24:40,479 - sec_monitor - INFO - Timestamp: 2025-06-23 15:24:40
2025-06-23 15:24:40,633 - sec_monitor - INFO - token percentage = 3%
2025-06-23 15:24:40,633 - sec_monitor - INFO - Making API call - Attempt 1/3
2025-06-23 15:24:40,633 - sec_monitor - INFO - Timestamp: 2025-06-23 15:24:40
2025-06-23 15:24:44,262 - sec_monitor - INFO - API call successful
2025-06-23 15:24:45,263 - sec_monitor - INFO - Fetching supplementary data...
2025-06-23 15:24:45,349 - sec_monitor - INFO - filing_tickers type: <class 'list'>
2025-06-23 15:24:45,349 - sec_monitor - INFO - filing_data type: <class 'list'>
2025-06-23 15:24:45,349 - sec_monitor - INFO - Market open: True
2025-06-23 15:24:45,349 - sec_monitor - INFO - Number of filing times mapped: 2
2025-06-23 15:24:45,355 - sec_monitor - INFO - Last trading day: 2025-06-23
2025-06-23 15:24:45,355 - sec_monitor - INFO - Processing ticker: VZ
2025-06-23 15:24:45,446 - sec_monitor - INFO - Number of bars for VZ: 2
2025-06-23 15:24:45,446 - sec_monitor - INFO - Last bar close for VZ: 41.71
2025-06-23 15:24:45,446 - sec_monitor - INFO - Market open price for VZ: 41.71, change: 0.12001920307250183%
2025-06-23 15:24:45,446 - sec_monitor - INFO - Processing ticker: FDX
2025-06-23 15:24:45,457 - sec_monitor - INFO - Number of bars for FDX: 2
2025-06-23 15:24:45,457 - sec_monitor - INFO - Last bar close for FDX: 226.04
2025-06-23 15:24:45,457 - sec_monitor - INFO - Market open price for FDX: 226.04, change: 1.2542555097652672%
2025-06-23 15:24:46,203 - sec_monitor - INFO - Generating final output...
2025-06-23 15:24:46,204 - sec_monitor - INFO - Successfully merged 2 new filings with existing JSON
2025-06-23 15:24:46,204 - sec_monitor - INFO - Cumulative stats - Input words: 32759, Output words: 429
2025-06-23 15:24:46,204 - sec_monitor - INFO - Successfully saved/merged output to output/sec_filings.json
2025-06-23 15:24:46,204 - sec_monitor - INFO - Processing complete. Stats: {'input_words': 13547, 'output_words': 174, 'filings_processed': 2}
