2025-03-20 11:09:37,753 - sec_monitor - INFO - Starting SEC filing monitor 
2025-03-20 11:09:37,753 - sec_monitor - INFO - Loading S&P 500 data...
2025-03-20 11:09:37,753 - sec_monitor - INFO - Starting S&P 500 data initialization
2025-03-20 11:09:37,753 - sec_monitor - INFO - Successfully loaded 503 S&P 500 tickers
2025-03-20 11:09:37,754 - sec_monitor - INFO - Successfully loaded 503 S&P 500 tickers
2025-03-20 11:09:37,754 - sec_monitor - INFO - Initializing components...
2025-03-20 11:09:37,754 - sec_monitor - INFO - Initializing components
2025-03-20 11:09:37,754 - sec_monitor - INFO - SEC fetcher initialized
2025-03-20 11:09:37,754 - sec_monitor - INFO - Filing analyzer initialized
2025-03-20 11:09:37,754 - sec_monitor - INFO - Alpaca clients initialized
2025-03-20 11:09:37,754 - sec_monitor - INFO - All components initialized successfully
2025-03-20 11:09:37,755 - sec_monitor - INFO - Found old JSON file, archiving
2025-03-20 11:09:37,755 - sec_monitor - INFO - Starting new filing collection for today
2025-03-20 11:09:37,756 - sec_monitor - INFO - Fetching SEC filings...
2025-03-20 11:09:51,462 - sec_monitor - INFO - No more entries found
2025-03-20 11:09:51,462 - sec_monitor - INFO - Completed fetching. Found 100 total filings
2025-03-20 11:09:51,463 - sec_monitor - INFO - Found 11 new interesting filings
2025-03-20 11:09:51,463 - sec_monitor - INFO - Found 11 new filings to process
2025-03-20 11:09:51,463 - sec_monitor - INFO - Processing filing 1/11: DRI
2025-03-20 11:10:22,452 - sec_monitor - INFO - ==================================================
2025-03-20 11:10:22,452 - sec_monitor - INFO - Processing first chunk
2025-03-20 11:10:22,452 - sec_monitor - INFO - Timestamp: 2025-03-20 11:10:22
2025-03-20 11:10:22,556 - sec_monitor - INFO - token percentage = 12%
2025-03-20 11:10:22,556 - sec_monitor - INFO - Making API call - Attempt 1/3
2025-03-20 11:10:22,556 - sec_monitor - INFO - Timestamp: 2025-03-20 11:10:22
2025-03-20 11:12:00,077 - sec_monitor - INFO - API call successful
2025-03-20 11:12:01,078 - sec_monitor - INFO - Processing filing 2/11: ACN
2025-03-20 11:12:46,485 - sec_monitor - INFO - ==================================================
2025-03-20 11:12:46,485 - sec_monitor - INFO - Processing first chunk
2025-03-20 11:12:46,485 - sec_monitor - INFO - Timestamp: 2025-03-20 11:12:46
2025-03-20 11:12:47,764 - sec_monitor - INFO - token percentage = 36%
2025-03-20 11:12:47,764 - sec_monitor - INFO - Making API call - Attempt 1/3
2025-03-20 11:12:47,764 - sec_monitor - INFO - Timestamp: 2025-03-20 11:12:47
2025-03-20 11:13:40,464 - sec_monitor - INFO - API call successful
2025-03-20 11:14:10,473 - sec_monitor - INFO - ==================================================
2025-03-20 11:14:10,474 - sec_monitor - INFO - Processing middle chunk
2025-03-20 11:14:10,474 - sec_monitor - INFO - Timestamp: 2025-03-20 11:14:10
2025-03-20 11:14:11,208 - sec_monitor - INFO - token percentage = 57%
2025-03-20 11:14:11,209 - sec_monitor - INFO - Making API call - Attempt 1/3
2025-03-20 11:14:11,209 - sec_monitor - INFO - Timestamp: 2025-03-20 11:14:11
2025-03-20 11:14:49,728 - sec_monitor - INFO - API call successful
2025-03-20 11:15:19,758 - sec_monitor - INFO - ==================================================
2025-03-20 11:15:19,758 - sec_monitor - INFO - Processing last chunk
2025-03-20 11:15:19,758 - sec_monitor - INFO - Timestamp: 2025-03-20 11:15:19
2025-03-20 11:15:20,319 - sec_monitor - INFO - token percentage = 43%
2025-03-20 11:15:20,320 - sec_monitor - INFO - Making API call - Attempt 1/3
2025-03-20 11:15:20,320 - sec_monitor - INFO - Timestamp: 2025-03-20 11:15:20
2025-03-20 11:15:52,900 - sec_monitor - INFO - API call successful
2025-03-20 11:15:52,900 - sec_monitor - INFO - Making combine API call - Attempt 1/3
2025-03-20 11:15:52,900 - sec_monitor - INFO - Timestamp: 2025-03-20 11:15:52
2025-03-20 11:15:54,026 - sec_monitor - INFO - Combine API call successful
2025-03-20 11:15:55,027 - sec_monitor - INFO - Processing filing 3/11: ACN
2025-03-20 11:16:26,310 - sec_monitor - INFO - ==================================================
2025-03-20 11:16:26,310 - sec_monitor - INFO - Processing first chunk
2025-03-20 11:16:26,310 - sec_monitor - INFO - Timestamp: 2025-03-20 11:16:26
2025-03-20 11:16:26,421 - sec_monitor - INFO - token percentage = 17%
2025-03-20 11:16:26,422 - sec_monitor - INFO - Making API call - Attempt 1/3
2025-03-20 11:16:26,422 - sec_monitor - INFO - Timestamp: 2025-03-20 11:16:26
2025-03-20 11:17:30,903 - sec_monitor - INFO - API call successful
2025-03-20 11:17:31,905 - sec_monitor - INFO - Processing filing 4/11: NWS
2025-03-20 11:18:02,508 - sec_monitor - INFO - ==================================================
2025-03-20 11:18:02,508 - sec_monitor - INFO - Processing first chunk
2025-03-20 11:18:02,508 - sec_monitor - INFO - Timestamp: 2025-03-20 11:18:02
2025-03-20 11:18:02,589 - sec_monitor - INFO - token percentage = 7%
2025-03-20 11:18:02,589 - sec_monitor - INFO - Making API call - Attempt 1/3
2025-03-20 11:18:02,589 - sec_monitor - INFO - Timestamp: 2025-03-20 11:18:02
2025-03-20 11:18:26,095 - sec_monitor - INFO - API call successful
2025-03-20 11:18:27,096 - sec_monitor - INFO - Processing filing 5/11: CZR
2025-03-20 11:18:57,837 - sec_monitor - INFO - ==================================================
2025-03-20 11:18:57,837 - sec_monitor - INFO - Processing first chunk
2025-03-20 11:18:57,837 - sec_monitor - INFO - Timestamp: 2025-03-20 11:18:57
2025-03-20 11:18:58,003 - sec_monitor - INFO - token percentage = 8%
2025-03-20 11:18:58,003 - sec_monitor - INFO - Making API call - Attempt 1/3
2025-03-20 11:18:58,003 - sec_monitor - INFO - Timestamp: 2025-03-20 11:18:58
2025-03-20 11:19:05,397 - sec_monitor - INFO - API call successful
2025-03-20 11:19:06,398 - sec_monitor - INFO - Processing filing 6/11: FDS
2025-03-20 11:19:37,439 - sec_monitor - INFO - ==================================================
2025-03-20 11:19:37,439 - sec_monitor - INFO - Processing first chunk
2025-03-20 11:19:37,439 - sec_monitor - INFO - Timestamp: 2025-03-20 11:19:37
2025-03-20 11:19:37,521 - sec_monitor - INFO - token percentage = 5%
2025-03-20 11:19:37,521 - sec_monitor - INFO - Making API call - Attempt 1/3
2025-03-20 11:19:37,521 - sec_monitor - INFO - Timestamp: 2025-03-20 11:19:37
2025-03-20 11:20:30,906 - sec_monitor - INFO - API call successful
2025-03-20 11:20:31,907 - sec_monitor - INFO - Processing filing 7/11: RCL
2025-03-20 11:21:02,374 - sec_monitor - INFO - ==================================================
2025-03-20 11:21:02,375 - sec_monitor - INFO - Processing first chunk
2025-03-20 11:21:02,375 - sec_monitor - INFO - Timestamp: 2025-03-20 11:21:02
2025-03-20 11:21:02,452 - sec_monitor - INFO - token percentage = 6%
2025-03-20 11:21:02,452 - sec_monitor - INFO - Making API call - Attempt 1/3
2025-03-20 11:21:02,452 - sec_monitor - INFO - Timestamp: 2025-03-20 11:21:02
2025-03-20 11:21:09,825 - sec_monitor - INFO - API call successful
2025-03-20 11:21:10,827 - sec_monitor - INFO - Processing filing 8/11: CE
2025-03-20 11:21:41,475 - sec_monitor - INFO - ==================================================
2025-03-20 11:21:41,475 - sec_monitor - INFO - Processing first chunk
2025-03-20 11:21:41,475 - sec_monitor - INFO - Timestamp: 2025-03-20 11:21:41
2025-03-20 11:21:41,594 - sec_monitor - INFO - token percentage = 6%
2025-03-20 11:21:41,595 - sec_monitor - INFO - Making API call - Attempt 1/3
2025-03-20 11:21:41,595 - sec_monitor - INFO - Timestamp: 2025-03-20 11:21:41
2025-03-20 11:21:47,867 - sec_monitor - INFO - API call successful
2025-03-20 11:21:48,868 - sec_monitor - INFO - Processing filing 9/11: DGX
2025-03-20 11:23:43,908 - sec_monitor - INFO - ==================================================
2025-03-20 11:23:43,908 - sec_monitor - INFO - Processing first chunk
2025-03-20 11:23:43,908 - sec_monitor - INFO - Timestamp: 2025-03-20 11:23:43
2025-03-20 11:23:44,157 - sec_monitor - INFO - token percentage = 47%
2025-03-20 11:23:44,157 - sec_monitor - INFO - Making API call - Attempt 1/3
2025-03-20 11:23:44,158 - sec_monitor - INFO - Timestamp: 2025-03-20 11:23:44
2025-03-20 11:23:59,142 - sec_monitor - INFO - API call successful
2025-03-20 11:24:29,172 - sec_monitor - INFO - ==================================================
2025-03-20 11:24:29,172 - sec_monitor - INFO - Processing middle chunk
2025-03-20 11:24:29,172 - sec_monitor - INFO - Timestamp: 2025-03-20 11:24:29
2025-03-20 11:24:29,418 - sec_monitor - INFO - token percentage = 50%
2025-03-20 11:24:29,419 - sec_monitor - INFO - Making API call - Attempt 1/3
2025-03-20 11:24:29,419 - sec_monitor - INFO - Timestamp: 2025-03-20 11:24:29
2025-03-20 11:24:44,957 - sec_monitor - INFO - API call successful
2025-03-20 11:25:14,966 - sec_monitor - INFO - ==================================================
2025-03-20 11:25:14,967 - sec_monitor - INFO - Processing middle chunk
2025-03-20 11:25:14,967 - sec_monitor - INFO - Timestamp: 2025-03-20 11:25:14
2025-03-20 11:25:15,205 - sec_monitor - INFO - token percentage = 50%
2025-03-20 11:25:15,205 - sec_monitor - INFO - Making API call - Attempt 1/3
2025-03-20 11:25:15,205 - sec_monitor - INFO - Timestamp: 2025-03-20 11:25:15
2025-03-20 11:26:27,257 - sec_monitor - INFO - API call successful
2025-03-20 11:26:57,287 - sec_monitor - INFO - ==================================================
2025-03-20 11:26:57,287 - sec_monitor - INFO - Processing middle chunk
2025-03-20 11:26:57,287 - sec_monitor - INFO - Timestamp: 2025-03-20 11:26:57
2025-03-20 11:26:57,603 - sec_monitor - INFO - token percentage = 50%
2025-03-20 11:26:57,603 - sec_monitor - INFO - Making API call - Attempt 1/3
2025-03-20 11:26:57,603 - sec_monitor - INFO - Timestamp: 2025-03-20 11:26:57
2025-03-20 11:27:12,734 - sec_monitor - INFO - API call successful
2025-03-20 11:27:42,756 - sec_monitor - INFO - ==================================================
2025-03-20 11:27:42,756 - sec_monitor - INFO - Processing middle chunk
2025-03-20 11:27:42,756 - sec_monitor - INFO - Timestamp: 2025-03-20 11:27:42
2025-03-20 11:27:42,992 - sec_monitor - INFO - token percentage = 50%
2025-03-20 11:27:42,993 - sec_monitor - INFO - Making API call - Attempt 1/3
2025-03-20 11:27:42,993 - sec_monitor - INFO - Timestamp: 2025-03-20 11:27:42
2025-03-20 11:27:58,325 - sec_monitor - INFO - API call successful
2025-03-20 11:28:28,355 - sec_monitor - INFO - ==================================================
2025-03-20 11:28:28,355 - sec_monitor - INFO - Processing middle chunk
2025-03-20 11:28:28,355 - sec_monitor - INFO - Timestamp: 2025-03-20 11:28:28
2025-03-20 11:28:28,569 - sec_monitor - INFO - token percentage = 50%
2025-03-20 11:28:28,570 - sec_monitor - INFO - Making API call - Attempt 1/3
2025-03-20 11:28:28,570 - sec_monitor - INFO - Timestamp: 2025-03-20 11:28:28
2025-03-20 11:28:44,416 - sec_monitor - INFO - API call successful
2025-03-20 11:29:14,437 - sec_monitor - INFO - ==================================================
2025-03-20 11:29:14,438 - sec_monitor - INFO - Processing middle chunk
2025-03-20 11:29:14,438 - sec_monitor - INFO - Timestamp: 2025-03-20 11:29:14
2025-03-20 11:29:14,656 - sec_monitor - INFO - token percentage = 50%
2025-03-20 11:29:14,656 - sec_monitor - INFO - Making API call - Attempt 1/3
2025-03-20 11:29:14,656 - sec_monitor - INFO - Timestamp: 2025-03-20 11:29:14
2025-03-20 11:29:29,638 - sec_monitor - INFO - API call successful
2025-03-20 11:29:59,669 - sec_monitor - INFO - ==================================================
2025-03-20 11:29:59,669 - sec_monitor - INFO - Processing middle chunk
2025-03-20 11:29:59,669 - sec_monitor - INFO - Timestamp: 2025-03-20 11:29:59
2025-03-20 11:29:59,885 - sec_monitor - INFO - token percentage = 50%
2025-03-20 11:29:59,886 - sec_monitor - INFO - Making API call - Attempt 1/3
2025-03-20 11:29:59,886 - sec_monitor - INFO - Timestamp: 2025-03-20 11:29:59
2025-03-20 11:30:14,985 - sec_monitor - INFO - API call successful
2025-03-20 11:30:45,015 - sec_monitor - INFO - ==================================================
2025-03-20 11:30:45,015 - sec_monitor - INFO - Processing middle chunk
2025-03-20 11:30:45,015 - sec_monitor - INFO - Timestamp: 2025-03-20 11:30:45
2025-03-20 11:30:45,242 - sec_monitor - INFO - token percentage = 50%
2025-03-20 11:30:45,242 - sec_monitor - INFO - Making API call - Attempt 1/3
2025-03-20 11:30:45,242 - sec_monitor - INFO - Timestamp: 2025-03-20 11:30:45
2025-03-20 11:31:00,604 - sec_monitor - INFO - API call successful
2025-03-20 11:31:30,635 - sec_monitor - INFO - ==================================================
2025-03-20 11:31:30,635 - sec_monitor - INFO - Processing middle chunk
2025-03-20 11:31:30,635 - sec_monitor - INFO - Timestamp: 2025-03-20 11:31:30
2025-03-20 11:31:30,852 - sec_monitor - INFO - token percentage = 50%
2025-03-20 11:31:30,852 - sec_monitor - INFO - Making API call - Attempt 1/3
2025-03-20 11:31:30,852 - sec_monitor - INFO - Timestamp: 2025-03-20 11:31:30
2025-03-20 11:31:46,335 - sec_monitor - INFO - API call successful
2025-03-20 11:32:16,353 - sec_monitor - INFO - ==================================================
2025-03-20 11:32:16,354 - sec_monitor - INFO - Processing middle chunk
2025-03-20 11:32:16,354 - sec_monitor - INFO - Timestamp: 2025-03-20 11:32:16
2025-03-20 11:32:16,587 - sec_monitor - INFO - token percentage = 50%
2025-03-20 11:32:16,587 - sec_monitor - INFO - Making API call - Attempt 1/3
2025-03-20 11:32:16,588 - sec_monitor - INFO - Timestamp: 2025-03-20 11:32:16
2025-03-20 11:32:31,700 - sec_monitor - INFO - API call successful
2025-03-20 11:33:01,730 - sec_monitor - INFO - ==================================================
2025-03-20 11:33:01,731 - sec_monitor - INFO - Processing middle chunk
2025-03-20 11:33:01,731 - sec_monitor - INFO - Timestamp: 2025-03-20 11:33:01
2025-03-20 11:33:01,941 - sec_monitor - INFO - token percentage = 48%
2025-03-20 11:33:01,941 - sec_monitor - INFO - Making API call - Attempt 1/3
2025-03-20 11:33:01,941 - sec_monitor - INFO - Timestamp: 2025-03-20 11:33:01
2025-03-20 11:33:15,770 - sec_monitor - INFO - API call successful
2025-03-20 11:33:45,780 - sec_monitor - INFO - ==================================================
2025-03-20 11:33:45,780 - sec_monitor - INFO - Processing middle chunk
2025-03-20 11:33:45,780 - sec_monitor - INFO - Timestamp: 2025-03-20 11:33:45
2025-03-20 11:33:46,001 - sec_monitor - INFO - token percentage = 51%
2025-03-20 11:33:46,002 - sec_monitor - INFO - Making API call - Attempt 1/3
2025-03-20 11:33:46,002 - sec_monitor - INFO - Timestamp: 2025-03-20 11:33:46
2025-03-20 11:34:00,851 - sec_monitor - INFO - API call successful
2025-03-20 11:34:30,869 - sec_monitor - INFO - ==================================================
2025-03-20 11:34:30,870 - sec_monitor - INFO - Processing last chunk
2025-03-20 11:34:30,870 - sec_monitor - INFO - Timestamp: 2025-03-20 11:34:30
2025-03-20 11:34:31,077 - sec_monitor - INFO - token percentage = 44%
2025-03-20 11:34:31,078 - sec_monitor - INFO - Making API call - Attempt 1/3
2025-03-20 11:34:31,078 - sec_monitor - INFO - Timestamp: 2025-03-20 11:34:31
2025-03-20 11:34:44,002 - sec_monitor - INFO - API call successful
2025-03-20 11:34:44,003 - sec_monitor - INFO - Making combine API call - Attempt 1/3
2025-03-20 11:34:44,003 - sec_monitor - INFO - Timestamp: 2025-03-20 11:34:44
2025-03-20 11:34:44,927 - sec_monitor - INFO - Combine API call successful
2025-03-20 11:34:45,929 - sec_monitor - INFO - Processing filing 10/11: GIS
2025-03-20 11:35:46,788 - sec_monitor - INFO - ==================================================
2025-03-20 11:35:46,788 - sec_monitor - INFO - Processing first chunk
2025-03-20 11:35:46,788 - sec_monitor - INFO - Timestamp: 2025-03-20 11:35:46
2025-03-20 11:35:47,815 - sec_monitor - INFO - token percentage = 45%
2025-03-20 11:35:47,815 - sec_monitor - INFO - Making API call - Attempt 1/3
2025-03-20 11:35:47,815 - sec_monitor - INFO - Timestamp: 2025-03-20 11:35:47
2025-03-20 11:36:02,472 - sec_monitor - INFO - API call successful
2025-03-20 11:36:32,503 - sec_monitor - INFO - ==================================================
2025-03-20 11:36:32,503 - sec_monitor - INFO - Processing middle chunk
2025-03-20 11:36:32,503 - sec_monitor - INFO - Timestamp: 2025-03-20 11:36:32
2025-03-20 11:36:33,118 - sec_monitor - INFO - token percentage = 51%
2025-03-20 11:36:33,119 - sec_monitor - INFO - Making API call - Attempt 1/3
2025-03-20 11:36:33,119 - sec_monitor - INFO - Timestamp: 2025-03-20 11:36:33
2025-03-20 11:36:49,270 - sec_monitor - INFO - API call successful
2025-03-20 11:37:19,284 - sec_monitor - INFO - ==================================================
2025-03-20 11:37:19,284 - sec_monitor - INFO - Processing middle chunk
2025-03-20 11:37:19,284 - sec_monitor - INFO - Timestamp: 2025-03-20 11:37:19
2025-03-20 11:37:19,910 - sec_monitor - INFO - token percentage = 50%
2025-03-20 11:37:19,910 - sec_monitor - INFO - Making API call - Attempt 1/3
2025-03-20 11:37:19,910 - sec_monitor - INFO - Timestamp: 2025-03-20 11:37:19
2025-03-20 11:37:36,406 - sec_monitor - INFO - API call successful
2025-03-20 11:38:06,437 - sec_monitor - INFO - ==================================================
2025-03-20 11:38:06,437 - sec_monitor - INFO - Processing last chunk
2025-03-20 11:38:06,437 - sec_monitor - INFO - Timestamp: 2025-03-20 11:38:06
2025-03-20 11:38:06,607 - sec_monitor - INFO - token percentage = 18%
2025-03-20 11:38:06,608 - sec_monitor - INFO - Making API call - Attempt 1/3
2025-03-20 11:38:06,608 - sec_monitor - INFO - Timestamp: 2025-03-20 11:38:06
2025-03-20 11:38:13,079 - sec_monitor - INFO - API call successful
2025-03-20 11:38:13,080 - sec_monitor - INFO - Making combine API call - Attempt 1/3
2025-03-20 11:38:13,080 - sec_monitor - INFO - Timestamp: 2025-03-20 11:38:13
2025-03-20 11:38:14,230 - sec_monitor - INFO - Combine API call successful
2025-03-20 11:38:15,232 - sec_monitor - INFO - Processing filing 11/11: BBY
2025-03-20 11:39:38,101 - sec_monitor - INFO - ==================================================
2025-03-20 11:39:38,101 - sec_monitor - INFO - Processing first chunk
2025-03-20 11:39:38,101 - sec_monitor - INFO - Timestamp: 2025-03-20 11:39:38
2025-03-20 11:39:39,499 - sec_monitor - INFO - token percentage = 39%
2025-03-20 11:39:39,500 - sec_monitor - INFO - Making API call - Attempt 1/3
2025-03-20 11:39:39,500 - sec_monitor - INFO - Timestamp: 2025-03-20 11:39:39
2025-03-20 11:39:53,234 - sec_monitor - INFO - API call successful
2025-03-20 11:40:23,264 - sec_monitor - INFO - ==================================================
2025-03-20 11:40:23,264 - sec_monitor - INFO - Processing middle chunk
2025-03-20 11:40:23,265 - sec_monitor - INFO - Timestamp: 2025-03-20 11:40:23
2025-03-20 11:40:24,421 - sec_monitor - INFO - token percentage = 50%
2025-03-20 11:40:24,421 - sec_monitor - INFO - Making API call - Attempt 1/3
2025-03-20 11:40:24,422 - sec_monitor - INFO - Timestamp: 2025-03-20 11:40:24
2025-03-20 11:40:40,321 - sec_monitor - INFO - API call successful
2025-03-20 11:41:10,351 - sec_monitor - INFO - ==================================================
2025-03-20 11:41:10,351 - sec_monitor - INFO - Processing middle chunk
2025-03-20 11:41:10,351 - sec_monitor - INFO - Timestamp: 2025-03-20 11:41:10
2025-03-20 11:41:11,067 - sec_monitor - INFO - token percentage = 63%
2025-03-20 11:41:11,067 - sec_monitor - INFO - Making API call - Attempt 1/3
2025-03-20 11:41:11,067 - sec_monitor - INFO - Timestamp: 2025-03-20 11:41:11
2025-03-20 11:41:31,696 - sec_monitor - INFO - API call successful
2025-03-20 11:42:01,726 - sec_monitor - INFO - ==================================================
2025-03-20 11:42:01,726 - sec_monitor - INFO - Processing middle chunk
2025-03-20 11:42:01,726 - sec_monitor - INFO - Timestamp: 2025-03-20 11:42:01
2025-03-20 11:42:02,831 - sec_monitor - INFO - token percentage = 49%
2025-03-20 11:42:02,831 - sec_monitor - INFO - Making API call - Attempt 1/3
2025-03-20 11:42:02,831 - sec_monitor - INFO - Timestamp: 2025-03-20 11:42:02
2025-03-20 11:42:19,610 - sec_monitor - INFO - API call successful
2025-03-20 11:42:49,611 - sec_monitor - INFO - ==================================================
2025-03-20 11:42:49,612 - sec_monitor - INFO - Processing middle chunk
2025-03-20 11:42:49,612 - sec_monitor - INFO - Timestamp: 2025-03-20 11:42:49
2025-03-20 11:42:50,949 - sec_monitor - INFO - token percentage = 49%
2025-03-20 11:42:50,949 - sec_monitor - INFO - Making API call - Attempt 1/3
2025-03-20 11:42:50,950 - sec_monitor - INFO - Timestamp: 2025-03-20 11:42:50
2025-03-20 11:43:07,508 - sec_monitor - INFO - API call successful
2025-03-20 11:43:37,522 - sec_monitor - INFO - ==================================================
2025-03-20 11:43:37,522 - sec_monitor - INFO - Processing middle chunk
2025-03-20 11:43:37,522 - sec_monitor - INFO - Timestamp: 2025-03-20 11:43:37
2025-03-20 11:43:38,730 - sec_monitor - INFO - token percentage = 49%
2025-03-20 11:43:38,730 - sec_monitor - INFO - Making API call - Attempt 1/3
2025-03-20 11:43:38,730 - sec_monitor - INFO - Timestamp: 2025-03-20 11:43:38
2025-03-20 11:43:55,354 - sec_monitor - INFO - API call successful
2025-03-20 11:44:25,380 - sec_monitor - INFO - ==================================================
2025-03-20 11:44:25,380 - sec_monitor - INFO - Processing last chunk
2025-03-20 11:44:25,380 - sec_monitor - INFO - Timestamp: 2025-03-20 11:44:25
2025-03-20 11:44:26,243 - sec_monitor - INFO - token percentage = 34%
2025-03-20 11:44:26,243 - sec_monitor - INFO - Making API call - Attempt 1/3
2025-03-20 11:44:26,243 - sec_monitor - INFO - Timestamp: 2025-03-20 11:44:26
2025-03-20 11:44:38,898 - sec_monitor - INFO - API call successful
2025-03-20 11:44:38,898 - sec_monitor - INFO - Making combine API call - Attempt 1/3
2025-03-20 11:44:38,898 - sec_monitor - INFO - Timestamp: 2025-03-20 11:44:38
2025-03-20 11:44:39,841 - sec_monitor - INFO - Combine API call successful
2025-03-20 11:44:40,842 - sec_monitor - INFO - Fetching supplementary data...
2025-03-20 11:44:41,152 - sec_monitor - INFO - filing_tickers type: <class 'list'>
2025-03-20 11:44:41,152 - sec_monitor - INFO - filing_data type: <class 'list'>
2025-03-20 11:44:41,152 - sec_monitor - INFO - Market open: False
2025-03-20 11:44:41,152 - sec_monitor - INFO - Number of filing times mapped: 10
2025-03-20 11:44:41,163 - sec_monitor - INFO - Last trading day: 2025-03-20
2025-03-20 11:44:41,163 - sec_monitor - INFO - Processing ticker: DRI
2025-03-20 11:44:41,508 - sec_monitor - INFO - Number of bars for DRI: 3
2025-03-20 11:44:41,508 - sec_monitor - INFO - Last bar close for DRI: 187.93
2025-03-20 11:44:41,509 - sec_monitor - INFO - Outside market hours price for DRI: 187.93
2025-03-20 11:44:41,509 - sec_monitor - INFO - Processing ticker: ACN
2025-03-20 11:44:41,525 - sec_monitor - INFO - Number of bars for ACN: 3
2025-03-20 11:44:41,526 - sec_monitor - INFO - Last bar close for ACN: 324.67
2025-03-20 11:44:41,526 - sec_monitor - INFO - Outside market hours price for ACN: 324.67
2025-03-20 11:44:41,526 - sec_monitor - INFO - Processing ticker: ACN
2025-03-20 11:44:41,543 - sec_monitor - INFO - Number of bars for ACN: 3
2025-03-20 11:44:41,543 - sec_monitor - INFO - Last bar close for ACN: 324.67
2025-03-20 11:44:41,543 - sec_monitor - INFO - Outside market hours price for ACN: 324.67
2025-03-20 11:44:41,544 - sec_monitor - INFO - Processing ticker: NWS
2025-03-20 11:44:41,559 - sec_monitor - INFO - Number of bars for NWS: 4
2025-03-20 11:44:41,560 - sec_monitor - INFO - Last bar close for NWS: 31.23
2025-03-20 11:44:41,560 - sec_monitor - INFO - Outside market hours price for NWS: 31.23
2025-03-20 11:44:41,560 - sec_monitor - INFO - Processing ticker: CZR
2025-03-20 11:44:41,582 - sec_monitor - INFO - Number of bars for CZR: 4
2025-03-20 11:44:41,582 - sec_monitor - INFO - Last bar close for CZR: 29.115
2025-03-20 11:44:41,583 - sec_monitor - INFO - Outside market hours price for CZR: 29.115
2025-03-20 11:44:41,583 - sec_monitor - INFO - Processing ticker: FDS
2025-03-20 11:44:41,602 - sec_monitor - INFO - Number of bars for FDS: 4
2025-03-20 11:44:41,602 - sec_monitor - INFO - Last bar close for FDS: 439.565
2025-03-20 11:44:41,602 - sec_monitor - INFO - Outside market hours price for FDS: 439.565
2025-03-20 11:44:41,602 - sec_monitor - INFO - Processing ticker: RCL
2025-03-20 11:44:41,621 - sec_monitor - INFO - Number of bars for RCL: 4
2025-03-20 11:44:41,621 - sec_monitor - INFO - Last bar close for RCL: 215.26
2025-03-20 11:44:41,621 - sec_monitor - INFO - Outside market hours price for RCL: 215.26
2025-03-20 11:44:41,621 - sec_monitor - INFO - Processing ticker: CE
2025-03-20 11:44:41,640 - sec_monitor - INFO - Number of bars for CE: 4
2025-03-20 11:44:41,640 - sec_monitor - INFO - Last bar close for CE: 57.235
2025-03-20 11:44:41,641 - sec_monitor - INFO - Outside market hours price for CE: 57.235
2025-03-20 11:44:41,641 - sec_monitor - INFO - Processing ticker: DGX
2025-03-20 11:44:41,662 - sec_monitor - INFO - Number of bars for DGX: 4
2025-03-20 11:44:41,662 - sec_monitor - INFO - Last bar close for DGX: 168.08
2025-03-20 11:44:41,662 - sec_monitor - INFO - Outside market hours price for DGX: 168.08
2025-03-20 11:44:41,663 - sec_monitor - INFO - Processing ticker: GIS
2025-03-20 11:44:41,682 - sec_monitor - INFO - Number of bars for GIS: 4
2025-03-20 11:44:41,682 - sec_monitor - INFO - Last bar close for GIS: 59.19
2025-03-20 11:44:41,683 - sec_monitor - INFO - Outside market hours price for GIS: 59.19
2025-03-20 11:44:41,683 - sec_monitor - INFO - Processing ticker: BBY
2025-03-20 11:44:41,702 - sec_monitor - INFO - Number of bars for BBY: 4
2025-03-20 11:44:41,702 - sec_monitor - INFO - Last bar close for BBY: 73.785
2025-03-20 11:44:41,702 - sec_monitor - INFO - Outside market hours price for BBY: 73.785
2025-03-20 11:44:45,176 - sec_monitor - INFO - Generating final output...
2025-03-20 11:44:45,177 - sec_monitor - INFO - Successfully saved/merged output to output/sec_filings.json
2025-03-20 11:44:45,177 - sec_monitor - INFO - Processing complete. Stats: {'input_words': 1457776, 'output_words': 922, 'filings_processed': 11}
2025-03-20 12:36:56,441 - sec_monitor - INFO - Starting SEC filing monitor 
2025-03-20 12:36:56,442 - sec_monitor - INFO - Loading S&P 500 data...
2025-03-20 12:36:56,442 - sec_monitor - INFO - Starting S&P 500 data initialization
2025-03-20 12:36:56,442 - sec_monitor - INFO - Successfully loaded 503 S&P 500 tickers
2025-03-20 12:36:56,442 - sec_monitor - INFO - Successfully loaded 503 S&P 500 tickers
2025-03-20 12:36:56,442 - sec_monitor - INFO - Initializing components...
2025-03-20 12:36:56,442 - sec_monitor - INFO - Initializing components
2025-03-20 12:36:56,443 - sec_monitor - INFO - SEC fetcher initialized
2025-03-20 12:36:56,443 - sec_monitor - INFO - Filing analyzer initialized
2025-03-20 12:36:56,443 - sec_monitor - INFO - Alpaca clients initialized
2025-03-20 12:36:56,443 - sec_monitor - INFO - All components initialized successfully
2025-03-20 12:36:56,444 - sec_monitor - INFO - Found JSON file from today
2025-03-20 12:36:56,444 - sec_monitor - INFO - Found 11 previously processed accessions and 11 filing URLs
2025-03-20 12:36:56,444 - sec_monitor - INFO - Found 11 accession numbers and 11 URLs from previously processed filings
2025-03-20 12:36:56,444 - sec_monitor - INFO - Fetching SEC filings...
2025-03-20 12:37:37,631 - sec_monitor - INFO - No more entries found
2025-03-20 12:37:37,631 - sec_monitor - INFO - Completed fetching. Found 90 total filings
2025-03-20 12:37:37,632 - sec_monitor - INFO - Found 2 new interesting filings
2025-03-20 12:37:37,632 - sec_monitor - INFO - Found 2 new filings to process
2025-03-20 12:37:37,632 - sec_monitor - INFO - Processing filing 1/2: CBRE
2025-03-20 12:38:08,023 - sec_monitor - INFO - ==================================================
2025-03-20 12:38:08,023 - sec_monitor - INFO - Processing first chunk
2025-03-20 12:38:08,023 - sec_monitor - INFO - Timestamp: 2025-03-20 12:38:08
2025-03-20 12:38:08,083 - sec_monitor - INFO - token percentage = 2%
2025-03-20 12:38:08,083 - sec_monitor - INFO - Making API call - Attempt 1/3
2025-03-20 12:38:08,084 - sec_monitor - INFO - Timestamp: 2025-03-20 12:38:08
2025-03-20 12:38:10,012 - sec_monitor - INFO - API call successful
2025-03-20 12:38:11,013 - sec_monitor - INFO - Processing filing 2/2: JBL
2025-03-20 12:38:41,880 - sec_monitor - INFO - ==================================================
2025-03-20 12:38:41,880 - sec_monitor - INFO - Processing first chunk
2025-03-20 12:38:41,880 - sec_monitor - INFO - Timestamp: 2025-03-20 12:38:41
2025-03-20 12:38:41,967 - sec_monitor - INFO - token percentage = 8%
2025-03-20 12:38:41,968 - sec_monitor - INFO - Making API call - Attempt 1/3
2025-03-20 12:38:41,968 - sec_monitor - INFO - Timestamp: 2025-03-20 12:38:41
2025-03-20 12:40:31,199 - sec_monitor - INFO - API call successful
2025-03-20 12:40:32,200 - sec_monitor - INFO - Fetching supplementary data...
2025-03-20 12:40:32,646 - sec_monitor - INFO - filing_tickers type: <class 'list'>
2025-03-20 12:40:32,647 - sec_monitor - INFO - filing_data type: <class 'list'>
2025-03-20 12:40:32,647 - sec_monitor - INFO - Market open: False
2025-03-20 12:40:32,647 - sec_monitor - INFO - Number of filing times mapped: 2
2025-03-20 12:40:32,657 - sec_monitor - INFO - Last trading day: 2025-03-20
2025-03-20 12:40:32,657 - sec_monitor - INFO - Processing ticker: CBRE
2025-03-20 12:40:33,204 - sec_monitor - INFO - Number of bars for CBRE: 3
2025-03-20 12:40:33,204 - sec_monitor - INFO - Last bar close for CBRE: 128.64
2025-03-20 12:40:33,205 - sec_monitor - INFO - Outside market hours price for CBRE: 128.64
2025-03-20 12:40:33,205 - sec_monitor - INFO - Processing ticker: JBL
2025-03-20 12:40:33,223 - sec_monitor - INFO - Number of bars for JBL: 3
2025-03-20 12:40:33,223 - sec_monitor - INFO - Last bar close for JBL: 139.5
2025-03-20 12:40:33,224 - sec_monitor - INFO - Outside market hours price for JBL: 139.5
2025-03-20 12:40:33,748 - sec_monitor - INFO - Generating final output...
2025-03-20 12:40:33,749 - sec_monitor - INFO - Successfully merged 2 new filings with existing JSON
2025-03-20 12:40:33,749 - sec_monitor - INFO - Cumulative stats - Input words: 1469798, Output words: 1101
2025-03-20 12:40:33,750 - sec_monitor - INFO - Successfully saved/merged output to output/sec_filings.json
2025-03-20 12:40:33,750 - sec_monitor - INFO - Processing complete. Stats: {'input_words': 12022, 'output_words': 179, 'filings_processed': 2}
2025-03-20 13:28:07,391 - sec_monitor - INFO - Starting SEC filing monitor 
2025-03-20 13:28:07,392 - sec_monitor - INFO - Loading S&P 500 data...
2025-03-20 13:28:07,392 - sec_monitor - INFO - Starting S&P 500 data initialization
2025-03-20 13:28:07,392 - sec_monitor - INFO - Successfully loaded 503 S&P 500 tickers
2025-03-20 13:28:07,392 - sec_monitor - INFO - Successfully loaded 503 S&P 500 tickers
2025-03-20 13:28:07,392 - sec_monitor - INFO - Initializing components...
2025-03-20 13:28:07,392 - sec_monitor - INFO - Initializing components
2025-03-20 13:28:07,393 - sec_monitor - INFO - SEC fetcher initialized
2025-03-20 13:28:07,393 - sec_monitor - INFO - Filing analyzer initialized
2025-03-20 13:28:07,393 - sec_monitor - INFO - Alpaca clients initialized
2025-03-20 13:28:07,393 - sec_monitor - INFO - All components initialized successfully
2025-03-20 13:28:07,394 - sec_monitor - INFO - Found JSON file from today
2025-03-20 13:28:07,394 - sec_monitor - INFO - Found 13 previously processed accessions and 13 filing URLs
2025-03-20 13:28:07,394 - sec_monitor - INFO - Found 13 accession numbers and 13 URLs from previously processed filings
2025-03-20 13:28:07,394 - sec_monitor - INFO - Fetching SEC filings...
2025-03-20 13:28:44,562 - sec_monitor - INFO - No more entries found
2025-03-20 13:28:44,562 - sec_monitor - INFO - Completed fetching. Found 85 total filings
2025-03-20 13:28:44,562 - sec_monitor - INFO - Found 1 new interesting filings
2025-03-20 13:28:44,562 - sec_monitor - INFO - Found 1 new filings to process
2025-03-20 13:28:44,562 - sec_monitor - INFO - Processing filing 1/1: AJG
2025-03-20 13:29:14,953 - sec_monitor - INFO - ==================================================
2025-03-20 13:29:14,954 - sec_monitor - INFO - Processing first chunk
2025-03-20 13:29:14,954 - sec_monitor - INFO - Timestamp: 2025-03-20 13:29:14
2025-03-20 13:29:15,053 - sec_monitor - INFO - token percentage = 2%
2025-03-20 13:29:15,053 - sec_monitor - INFO - Making API call - Attempt 1/3
2025-03-20 13:29:15,053 - sec_monitor - INFO - Timestamp: 2025-03-20 13:29:15
2025-03-20 13:29:16,625 - sec_monitor - INFO - API call successful
2025-03-20 13:29:17,627 - sec_monitor - INFO - Fetching supplementary data...
2025-03-20 13:29:17,890 - sec_monitor - INFO - filing_tickers type: <class 'list'>
2025-03-20 13:29:17,891 - sec_monitor - INFO - filing_data type: <class 'list'>
2025-03-20 13:29:17,891 - sec_monitor - INFO - Market open: False
2025-03-20 13:29:17,891 - sec_monitor - INFO - Number of filing times mapped: 1
2025-03-20 13:29:17,913 - sec_monitor - INFO - Last trading day: 2025-03-20
2025-03-20 13:29:17,913 - sec_monitor - INFO - Processing ticker: AJG
2025-03-20 13:29:18,245 - sec_monitor - INFO - Number of bars for AJG: 3
2025-03-20 13:29:18,245 - sec_monitor - INFO - Last bar close for AJG: 326.45
2025-03-20 13:29:18,246 - sec_monitor - INFO - Outside market hours price for AJG: 326.45
2025-03-20 13:29:18,782 - sec_monitor - INFO - Generating final output...
2025-03-20 13:29:18,783 - sec_monitor - INFO - Successfully merged 1 new filings with existing JSON
2025-03-20 13:29:18,783 - sec_monitor - INFO - Cumulative stats - Input words: 1473163, Output words: 1181
2025-03-20 13:29:18,783 - sec_monitor - INFO - Successfully saved/merged output to output/sec_filings.json
2025-03-20 13:29:18,783 - sec_monitor - INFO - Processing complete. Stats: {'input_words': 3365, 'output_words': 80, 'filings_processed': 1}
2025-03-20 15:20:43,437 - sec_monitor - INFO - Starting SEC filing monitor 
2025-03-20 15:20:43,437 - sec_monitor - INFO - Loading S&P 500 data...
2025-03-20 15:20:43,437 - sec_monitor - INFO - Starting S&P 500 data initialization
2025-03-20 15:20:43,437 - sec_monitor - INFO - Successfully loaded 503 S&P 500 tickers
2025-03-20 15:20:43,437 - sec_monitor - INFO - Successfully loaded 503 S&P 500 tickers
2025-03-20 15:20:43,437 - sec_monitor - INFO - Initializing components...
2025-03-20 15:20:43,438 - sec_monitor - INFO - Initializing components
2025-03-20 15:20:43,438 - sec_monitor - INFO - SEC fetcher initialized
2025-03-20 15:20:43,438 - sec_monitor - INFO - Filing analyzer initialized
2025-03-20 15:20:43,438 - sec_monitor - INFO - Alpaca clients initialized
2025-03-20 15:20:43,438 - sec_monitor - INFO - All components initialized successfully
2025-03-20 15:20:43,439 - sec_monitor - INFO - Found JSON file from today
2025-03-20 15:20:43,439 - sec_monitor - INFO - Found 14 previously processed accessions and 14 filing URLs
2025-03-20 15:20:43,439 - sec_monitor - INFO - Found 14 accession numbers and 14 URLs from previously processed filings
2025-03-20 15:20:43,439 - sec_monitor - INFO - Fetching SEC filings...
2025-03-20 15:21:14,000 - sec_monitor - INFO - No more entries found
2025-03-20 15:21:14,000 - sec_monitor - INFO - Completed fetching. Found 81 total filings
2025-03-20 15:21:14,000 - sec_monitor - INFO - Found 0 new interesting filings
2025-03-20 15:21:14,000 - sec_monitor - INFO - No new filings to process
2025-03-20 18:21:41,089 - sec_monitor - INFO - Starting SEC filing monitor 
2025-03-20 18:21:41,090 - sec_monitor - INFO - Loading S&P 500 data...
2025-03-20 18:21:41,090 - sec_monitor - INFO - Starting S&P 500 data initialization
2025-03-20 18:21:41,090 - sec_monitor - INFO - Successfully loaded 503 S&P 500 tickers
2025-03-20 18:21:41,090 - sec_monitor - INFO - Successfully loaded 503 S&P 500 tickers
2025-03-20 18:21:41,090 - sec_monitor - INFO - Initializing components...
2025-03-20 18:21:41,090 - sec_monitor - INFO - Initializing components
2025-03-20 18:21:41,091 - sec_monitor - INFO - SEC fetcher initialized
2025-03-20 18:21:41,091 - sec_monitor - INFO - Filing analyzer initialized
2025-03-20 18:21:41,091 - sec_monitor - INFO - Alpaca clients initialized
2025-03-20 18:21:41,091 - sec_monitor - INFO - All components initialized successfully
2025-03-20 18:21:41,092 - sec_monitor - INFO - Found JSON file from today
2025-03-20 18:21:41,092 - sec_monitor - INFO - Found 14 previously processed accessions and 14 filing URLs
2025-03-20 18:21:41,092 - sec_monitor - INFO - Found 14 accession numbers and 14 URLs from previously processed filings
2025-03-20 18:21:41,092 - sec_monitor - INFO - Fetching SEC filings...
2025-03-20 18:22:09,516 - sec_monitor - INFO - No more entries found
2025-03-20 18:22:09,517 - sec_monitor - INFO - Completed fetching. Found 75 total filings
2025-03-20 18:22:09,517 - sec_monitor - INFO - Found 2 new interesting filings
2025-03-20 18:22:09,517 - sec_monitor - INFO - Found 2 new filings to process
2025-03-20 18:22:09,517 - sec_monitor - INFO - Processing filing 1/2: AEP
2025-03-20 18:22:40,076 - sec_monitor - INFO - ==================================================
2025-03-20 18:22:40,076 - sec_monitor - INFO - Processing first chunk
2025-03-20 18:22:40,076 - sec_monitor - INFO - Timestamp: 2025-03-20 18:22:40
2025-03-20 18:22:40,144 - sec_monitor - INFO - token percentage = 3%
2025-03-20 18:22:40,144 - sec_monitor - INFO - Making API call - Attempt 1/3
2025-03-20 18:22:40,145 - sec_monitor - INFO - Timestamp: 2025-03-20 18:22:40
2025-03-20 18:22:41,567 - sec_monitor - INFO - API call successful
2025-03-20 18:22:42,568 - sec_monitor - INFO - Processing filing 2/2: MPWR
2025-03-20 18:23:46,150 - sec_monitor - INFO - ==================================================
2025-03-20 18:23:46,150 - sec_monitor - INFO - Processing first chunk
2025-03-20 18:23:46,150 - sec_monitor - INFO - Timestamp: 2025-03-20 18:23:46
2025-03-20 18:23:46,481 - sec_monitor - INFO - token percentage = 49%
2025-03-20 18:23:46,481 - sec_monitor - INFO - Making API call - Attempt 1/3
2025-03-20 18:23:46,481 - sec_monitor - INFO - Timestamp: 2025-03-20 18:23:46
2025-03-20 18:24:02,153 - sec_monitor - INFO - API call successful
2025-03-20 18:24:32,183 - sec_monitor - INFO - ==================================================
2025-03-20 18:24:32,183 - sec_monitor - INFO - Processing middle chunk
2025-03-20 18:24:32,183 - sec_monitor - INFO - Timestamp: 2025-03-20 18:24:32
2025-03-20 18:24:32,392 - sec_monitor - INFO - token percentage = 50%
2025-03-20 18:24:32,393 - sec_monitor - INFO - Making API call - Attempt 1/3
2025-03-20 18:24:32,393 - sec_monitor - INFO - Timestamp: 2025-03-20 18:24:32
2025-03-20 18:24:47,376 - sec_monitor - INFO - API call successful
2025-03-20 18:25:17,404 - sec_monitor - INFO - ==================================================
2025-03-20 18:25:17,404 - sec_monitor - INFO - Processing middle chunk
2025-03-20 18:25:17,404 - sec_monitor - INFO - Timestamp: 2025-03-20 18:25:17
2025-03-20 18:25:17,734 - sec_monitor - INFO - token percentage = 51%
2025-03-20 18:25:17,734 - sec_monitor - INFO - Making API call - Attempt 1/3
2025-03-20 18:25:17,735 - sec_monitor - INFO - Timestamp: 2025-03-20 18:25:17
2025-03-20 18:25:32,684 - sec_monitor - INFO - API call successful
2025-03-20 18:26:02,697 - sec_monitor - INFO - ==================================================
2025-03-20 18:26:02,697 - sec_monitor - INFO - Processing middle chunk
2025-03-20 18:26:02,698 - sec_monitor - INFO - Timestamp: 2025-03-20 18:26:02
2025-03-20 18:26:02,900 - sec_monitor - INFO - token percentage = 49%
2025-03-20 18:26:02,900 - sec_monitor - INFO - Making API call - Attempt 1/3
2025-03-20 18:26:02,901 - sec_monitor - INFO - Timestamp: 2025-03-20 18:26:02
2025-03-20 18:26:18,498 - sec_monitor - INFO - API call successful
2025-03-20 18:26:48,513 - sec_monitor - INFO - ==================================================
2025-03-20 18:26:48,513 - sec_monitor - INFO - Processing middle chunk
2025-03-20 18:26:48,513 - sec_monitor - INFO - Timestamp: 2025-03-20 18:26:48
2025-03-20 18:26:48,747 - sec_monitor - INFO - token percentage = 51%
2025-03-20 18:26:48,748 - sec_monitor - INFO - Making API call - Attempt 1/3
2025-03-20 18:26:48,748 - sec_monitor - INFO - Timestamp: 2025-03-20 18:26:48
2025-03-20 18:28:09,967 - sec_monitor - INFO - API call successful
2025-03-20 18:28:39,997 - sec_monitor - INFO - ==================================================
2025-03-20 18:28:39,998 - sec_monitor - INFO - Processing middle chunk
2025-03-20 18:28:39,998 - sec_monitor - INFO - Timestamp: 2025-03-20 18:28:39
2025-03-20 18:28:40,218 - sec_monitor - INFO - token percentage = 50%
2025-03-20 18:28:40,218 - sec_monitor - INFO - Making API call - Attempt 1/3
2025-03-20 18:28:40,218 - sec_monitor - INFO - Timestamp: 2025-03-20 18:28:40
2025-03-20 18:28:55,276 - sec_monitor - INFO - API call successful
2025-03-20 18:29:25,289 - sec_monitor - INFO - ==================================================
2025-03-20 18:29:25,290 - sec_monitor - INFO - Processing last chunk
2025-03-20 18:29:25,290 - sec_monitor - INFO - Timestamp: 2025-03-20 18:29:25
2025-03-20 18:29:25,331 - sec_monitor - INFO - token percentage = 3%
2025-03-20 18:29:25,331 - sec_monitor - INFO - Making API call - Attempt 1/3
2025-03-20 18:29:25,331 - sec_monitor - INFO - Timestamp: 2025-03-20 18:29:25
2025-03-20 18:29:26,959 - sec_monitor - INFO - API call successful
2025-03-20 18:29:26,960 - sec_monitor - INFO - Making combine API call - Attempt 1/3
2025-03-20 18:29:26,960 - sec_monitor - INFO - Timestamp: 2025-03-20 18:29:26
2025-03-20 18:29:27,760 - sec_monitor - INFO - Combine API call successful
2025-03-20 18:29:28,761 - sec_monitor - INFO - Fetching supplementary data...
2025-03-20 18:29:29,068 - sec_monitor - INFO - filing_tickers type: <class 'list'>
2025-03-20 18:29:29,068 - sec_monitor - INFO - filing_data type: <class 'list'>
2025-03-20 18:29:29,068 - sec_monitor - INFO - Market open: True
2025-03-20 18:29:29,069 - sec_monitor - INFO - Number of filing times mapped: 2
2025-03-20 18:29:29,079 - sec_monitor - INFO - Last trading day: 2025-03-20
2025-03-20 18:29:29,079 - sec_monitor - INFO - Processing ticker: AEP
2025-03-20 18:29:29,199 - sec_monitor - INFO - Number of bars for AEP: 3
2025-03-20 18:29:29,199 - sec_monitor - INFO - Last bar close for AEP: 105.82
2025-03-20 18:29:29,199 - sec_monitor - INFO - Market open price for AEP: 105.82, change: -0.1698113207547234%
2025-03-20 18:29:29,199 - sec_monitor - INFO - Processing ticker: MPWR
2025-03-20 18:29:29,220 - sec_monitor - INFO - Number of bars for MPWR: 3
2025-03-20 18:29:29,220 - sec_monitor - INFO - Last bar close for MPWR: 629.95
2025-03-20 18:29:29,220 - sec_monitor - INFO - Market open price for MPWR: 629.95, change: 1.2000385554556012%
2025-03-20 18:29:29,967 - sec_monitor - INFO - Generating final output...
2025-03-20 18:29:29,968 - sec_monitor - INFO - Successfully merged 2 new filings with existing JSON
2025-03-20 18:29:29,969 - sec_monitor - INFO - Cumulative stats - Input words: 1603364, Output words: 1286
2025-03-20 18:29:29,969 - sec_monitor - INFO - Successfully saved/merged output to output/sec_filings.json
2025-03-20 18:29:29,969 - sec_monitor - INFO - Processing complete. Stats: {'input_words': 130201, 'output_words': 105, 'filings_processed': 2}
2025-03-20 21:11:01,041 - sec_monitor - INFO - Starting SEC filing monitor 
2025-03-20 21:11:01,041 - sec_monitor - INFO - Loading S&P 500 data...
2025-03-20 21:11:01,041 - sec_monitor - INFO - Starting S&P 500 data initialization
2025-03-20 21:11:01,042 - sec_monitor - INFO - Successfully loaded 503 S&P 500 tickers
2025-03-20 21:11:01,042 - sec_monitor - INFO - Successfully loaded 503 S&P 500 tickers
2025-03-20 21:11:01,042 - sec_monitor - INFO - Initializing components...
2025-03-20 21:11:01,042 - sec_monitor - INFO - Initializing components
2025-03-20 21:11:01,042 - sec_monitor - INFO - SEC fetcher initialized
2025-03-20 21:11:01,042 - sec_monitor - INFO - Filing analyzer initialized
2025-03-20 21:11:01,042 - sec_monitor - INFO - Alpaca clients initialized
2025-03-20 21:11:01,043 - sec_monitor - INFO - All components initialized successfully
2025-03-20 21:11:01,043 - sec_monitor - INFO - Found JSON file from today
2025-03-20 21:11:01,044 - sec_monitor - INFO - Found 16 previously processed accessions and 16 filing URLs
2025-03-20 21:11:01,044 - sec_monitor - INFO - Found 16 accession numbers and 16 URLs from previously processed filings
2025-03-20 21:11:01,044 - sec_monitor - INFO - Fetching SEC filings...
2025-03-20 21:11:19,642 - sec_monitor - INFO - No more entries found
2025-03-20 21:11:19,643 - sec_monitor - INFO - Completed fetching. Found 102 total filings
2025-03-20 21:11:19,643 - sec_monitor - INFO - Found 11 new interesting filings
2025-03-20 21:11:19,643 - sec_monitor - INFO - Found 11 new filings to process
2025-03-20 21:11:19,643 - sec_monitor - INFO - Processing filing 1/11: EXPD
2025-03-20 21:11:50,110 - sec_monitor - INFO - ==================================================
2025-03-20 21:11:50,110 - sec_monitor - INFO - Processing first chunk
2025-03-20 21:11:50,111 - sec_monitor - INFO - Timestamp: 2025-03-20 21:11:50
2025-03-20 21:11:50,182 - sec_monitor - INFO - token percentage = 2%
2025-03-20 21:11:50,183 - sec_monitor - INFO - Making API call - Attempt 1/3
2025-03-20 21:11:50,183 - sec_monitor - INFO - Timestamp: 2025-03-20 21:11:50
2025-03-20 21:11:51,619 - sec_monitor - INFO - API call successful
2025-03-20 21:11:52,621 - sec_monitor - INFO - Processing filing 2/11: FANG
2025-03-20 21:12:24,792 - sec_monitor - INFO - ==================================================
2025-03-20 21:12:24,792 - sec_monitor - INFO - Processing first chunk
2025-03-20 21:12:24,792 - sec_monitor - INFO - Timestamp: 2025-03-20 21:12:24
2025-03-20 21:12:25,252 - sec_monitor - INFO - token percentage = 20%
2025-03-20 21:12:25,253 - sec_monitor - INFO - Making API call - Attempt 1/3
2025-03-20 21:12:25,253 - sec_monitor - INFO - Timestamp: 2025-03-20 21:12:25
2025-03-20 21:12:32,555 - sec_monitor - INFO - API call successful
2025-03-20 21:12:33,557 - sec_monitor - INFO - Processing filing 3/11: HRL
2025-03-20 21:13:03,914 - sec_monitor - INFO - ==================================================
2025-03-20 21:13:03,914 - sec_monitor - INFO - Processing first chunk
2025-03-20 21:13:03,914 - sec_monitor - INFO - Timestamp: 2025-03-20 21:13:03
2025-03-20 21:13:03,984 - sec_monitor - INFO - token percentage = 3%
2025-03-20 21:13:03,984 - sec_monitor - INFO - Making API call - Attempt 1/3
2025-03-20 21:13:03,984 - sec_monitor - INFO - Timestamp: 2025-03-20 21:13:03
2025-03-20 21:13:05,899 - sec_monitor - INFO - API call successful
2025-03-20 21:13:06,901 - sec_monitor - INFO - Processing filing 4/11: AMT
2025-03-20 21:13:37,578 - sec_monitor - INFO - ==================================================
2025-03-20 21:13:37,578 - sec_monitor - INFO - Processing first chunk
2025-03-20 21:13:37,579 - sec_monitor - INFO - Timestamp: 2025-03-20 21:13:37
2025-03-20 21:13:37,663 - sec_monitor - INFO - token percentage = 4%
2025-03-20 21:13:37,663 - sec_monitor - INFO - Making API call - Attempt 1/3
2025-03-20 21:13:37,663 - sec_monitor - INFO - Timestamp: 2025-03-20 21:13:37
2025-03-20 21:13:40,259 - sec_monitor - INFO - API call successful
2025-03-20 21:13:41,261 - sec_monitor - INFO - Processing filing 5/11: NKE
2025-03-20 21:14:12,026 - sec_monitor - INFO - ==================================================
2025-03-20 21:14:12,026 - sec_monitor - INFO - Processing first chunk
2025-03-20 21:14:12,026 - sec_monitor - INFO - Timestamp: 2025-03-20 21:14:12
2025-03-20 21:14:12,089 - sec_monitor - INFO - token percentage = 5%
2025-03-20 21:14:12,089 - sec_monitor - INFO - Making API call - Attempt 1/3
2025-03-20 21:14:12,089 - sec_monitor - INFO - Timestamp: 2025-03-20 21:14:12
2025-03-20 21:14:15,198 - sec_monitor - INFO - API call successful
2025-03-20 21:14:16,200 - sec_monitor - INFO - Processing filing 6/11: FDX
2025-03-20 21:15:13,265 - sec_monitor - INFO - ==================================================
2025-03-20 21:15:13,265 - sec_monitor - INFO - Processing first chunk
2025-03-20 21:15:13,265 - sec_monitor - INFO - Timestamp: 2025-03-20 21:15:13
2025-03-20 21:15:13,725 - sec_monitor - INFO - token percentage = 55%
2025-03-20 21:15:13,725 - sec_monitor - INFO - Making API call - Attempt 1/3
2025-03-20 21:15:13,725 - sec_monitor - INFO - Timestamp: 2025-03-20 21:15:13
2025-03-20 21:15:31,691 - sec_monitor - INFO - API call successful
2025-03-20 21:16:01,721 - sec_monitor - INFO - ==================================================
2025-03-20 21:16:01,722 - sec_monitor - INFO - Processing middle chunk
2025-03-20 21:16:01,722 - sec_monitor - INFO - Timestamp: 2025-03-20 21:16:01
2025-03-20 21:16:02,422 - sec_monitor - INFO - token percentage = 40%
2025-03-20 21:16:02,422 - sec_monitor - INFO - Making API call - Attempt 1/3
2025-03-20 21:16:02,422 - sec_monitor - INFO - Timestamp: 2025-03-20 21:16:02
2025-03-20 21:16:15,779 - sec_monitor - INFO - API call successful
2025-03-20 21:16:45,782 - sec_monitor - INFO - ==================================================
2025-03-20 21:16:45,782 - sec_monitor - INFO - Processing middle chunk
2025-03-20 21:16:45,782 - sec_monitor - INFO - Timestamp: 2025-03-20 21:16:45
2025-03-20 21:16:46,528 - sec_monitor - INFO - token percentage = 67%
2025-03-20 21:16:46,529 - sec_monitor - INFO - Making API call - Attempt 1/3
2025-03-20 21:16:46,529 - sec_monitor - INFO - Timestamp: 2025-03-20 21:16:46
2025-03-20 21:17:07,854 - sec_monitor - INFO - API call successful
2025-03-20 21:17:37,885 - sec_monitor - INFO - ==================================================
2025-03-20 21:17:37,885 - sec_monitor - INFO - Processing middle chunk
2025-03-20 21:17:37,885 - sec_monitor - INFO - Timestamp: 2025-03-20 21:17:37
2025-03-20 21:17:38,669 - sec_monitor - INFO - token percentage = 41%
2025-03-20 21:17:38,670 - sec_monitor - INFO - Making API call - Attempt 1/3
2025-03-20 21:17:38,670 - sec_monitor - INFO - Timestamp: 2025-03-20 21:17:38
2025-03-20 21:17:52,338 - sec_monitor - INFO - API call successful
2025-03-20 21:18:22,369 - sec_monitor - INFO - ==================================================
2025-03-20 21:18:22,369 - sec_monitor - INFO - Processing last chunk
2025-03-20 21:18:22,369 - sec_monitor - INFO - Timestamp: 2025-03-20 21:18:22
2025-03-20 21:18:22,645 - sec_monitor - INFO - token percentage = 18%
2025-03-20 21:18:22,645 - sec_monitor - INFO - Making API call - Attempt 1/3
2025-03-20 21:18:22,645 - sec_monitor - INFO - Timestamp: 2025-03-20 21:18:22
2025-03-20 21:18:29,091 - sec_monitor - INFO - API call successful
2025-03-20 21:18:29,091 - sec_monitor - INFO - Making combine API call - Attempt 1/3
2025-03-20 21:18:29,092 - sec_monitor - INFO - Timestamp: 2025-03-20 21:18:29
2025-03-20 21:18:30,195 - sec_monitor - INFO - Combine API call successful
2025-03-20 21:18:31,196 - sec_monitor - INFO - Processing filing 7/11: UHS
2025-03-20 21:19:01,881 - sec_monitor - INFO - ==================================================
2025-03-20 21:19:01,881 - sec_monitor - INFO - Processing first chunk
2025-03-20 21:19:01,881 - sec_monitor - INFO - Timestamp: 2025-03-20 21:19:01
2025-03-20 21:19:01,987 - sec_monitor - INFO - token percentage = 6%
2025-03-20 21:19:01,987 - sec_monitor - INFO - Making API call - Attempt 1/3
2025-03-20 21:19:01,987 - sec_monitor - INFO - Timestamp: 2025-03-20 21:19:01
2025-03-20 21:19:08,707 - sec_monitor - INFO - API call successful
2025-03-20 21:19:09,708 - sec_monitor - INFO - Processing filing 8/11: FDX
2025-03-20 21:19:41,550 - sec_monitor - INFO - ==================================================
2025-03-20 21:19:41,551 - sec_monitor - INFO - Processing first chunk
2025-03-20 21:19:41,551 - sec_monitor - INFO - Timestamp: 2025-03-20 21:19:41
2025-03-20 21:19:41,671 - sec_monitor - INFO - token percentage = 8%
2025-03-20 21:19:41,671 - sec_monitor - INFO - Making API call - Attempt 1/3
2025-03-20 21:19:41,671 - sec_monitor - INFO - Timestamp: 2025-03-20 21:19:41
2025-03-20 21:19:46,368 - sec_monitor - INFO - API call successful
2025-03-20 21:19:47,369 - sec_monitor - INFO - Processing filing 9/11: AES
2025-03-20 21:20:18,059 - sec_monitor - INFO - ==================================================
2025-03-20 21:20:18,059 - sec_monitor - INFO - Processing first chunk
2025-03-20 21:20:18,059 - sec_monitor - INFO - Timestamp: 2025-03-20 21:20:18
2025-03-20 21:20:18,172 - sec_monitor - INFO - token percentage = 7%
2025-03-20 21:20:18,172 - sec_monitor - INFO - Making API call - Attempt 1/3
2025-03-20 21:20:18,172 - sec_monitor - INFO - Timestamp: 2025-03-20 21:20:18
2025-03-20 21:20:22,669 - sec_monitor - INFO - API call successful
2025-03-20 21:20:23,670 - sec_monitor - INFO - Processing filing 10/11: QCOM
2025-03-20 21:20:54,075 - sec_monitor - INFO - ==================================================
2025-03-20 21:20:54,075 - sec_monitor - INFO - Processing first chunk
2025-03-20 21:20:54,075 - sec_monitor - INFO - Timestamp: 2025-03-20 21:20:54
2025-03-20 21:20:54,133 - sec_monitor - INFO - token percentage = 2%
2025-03-20 21:20:54,134 - sec_monitor - INFO - Making API call - Attempt 1/3
2025-03-20 21:20:54,134 - sec_monitor - INFO - Timestamp: 2025-03-20 21:20:54
2025-03-20 21:20:55,791 - sec_monitor - INFO - API call successful
2025-03-20 21:20:56,793 - sec_monitor - INFO - Processing filing 11/11: MU
2025-03-20 21:21:27,549 - sec_monitor - INFO - ==================================================
2025-03-20 21:21:27,549 - sec_monitor - INFO - Processing first chunk
2025-03-20 21:21:27,549 - sec_monitor - INFO - Timestamp: 2025-03-20 21:21:27
2025-03-20 21:21:27,633 - sec_monitor - INFO - token percentage = 5%
2025-03-20 21:21:27,633 - sec_monitor - INFO - Making API call - Attempt 1/3
2025-03-20 21:21:27,633 - sec_monitor - INFO - Timestamp: 2025-03-20 21:21:27
2025-03-20 21:21:30,568 - sec_monitor - INFO - API call successful
2025-03-20 21:21:31,569 - sec_monitor - INFO - Fetching supplementary data...
2025-03-20 21:21:32,061 - sec_monitor - INFO - filing_tickers type: <class 'list'>
2025-03-20 21:21:32,061 - sec_monitor - INFO - filing_data type: <class 'list'>
2025-03-20 21:21:32,061 - sec_monitor - INFO - Market open: False
2025-03-20 21:21:32,061 - sec_monitor - INFO - Number of filing times mapped: 10
2025-03-20 21:21:32,073 - sec_monitor - INFO - Last trading day: 2025-03-20
2025-03-20 21:21:32,073 - sec_monitor - INFO - Processing ticker: EXPD
2025-03-20 21:21:32,431 - sec_monitor - INFO - Number of bars for EXPD: 3
2025-03-20 21:21:32,431 - sec_monitor - INFO - Last bar close for EXPD: 116.34
2025-03-20 21:21:32,431 - sec_monitor - INFO - Outside market hours price for EXPD: 116.34
2025-03-20 21:21:32,431 - sec_monitor - INFO - Processing ticker: FANG
2025-03-20 21:21:32,451 - sec_monitor - INFO - Number of bars for FANG: 3
2025-03-20 21:21:32,451 - sec_monitor - INFO - Last bar close for FANG: 157.55
2025-03-20 21:21:32,451 - sec_monitor - INFO - Outside market hours price for FANG: 157.55
2025-03-20 21:21:32,451 - sec_monitor - INFO - Processing ticker: HRL
2025-03-20 21:21:32,471 - sec_monitor - INFO - Number of bars for HRL: 3
2025-03-20 21:21:32,472 - sec_monitor - INFO - Last bar close for HRL: 29.765
2025-03-20 21:21:32,472 - sec_monitor - INFO - Outside market hours price for HRL: 29.765
2025-03-20 21:21:32,472 - sec_monitor - INFO - Processing ticker: AMT
2025-03-20 21:21:32,493 - sec_monitor - INFO - Number of bars for AMT: 3
2025-03-20 21:21:32,493 - sec_monitor - INFO - Last bar close for AMT: 213.84
2025-03-20 21:21:32,493 - sec_monitor - INFO - Outside market hours price for AMT: 213.84
2025-03-20 21:21:32,493 - sec_monitor - INFO - Processing ticker: NKE
2025-03-20 21:21:32,508 - sec_monitor - INFO - Number of bars for NKE: 3
2025-03-20 21:21:32,509 - sec_monitor - INFO - Last bar close for NKE: 72.98
2025-03-20 21:21:32,509 - sec_monitor - INFO - Outside market hours price for NKE: 72.98
2025-03-20 21:21:32,509 - sec_monitor - INFO - Processing ticker: FDX
2025-03-20 21:21:32,527 - sec_monitor - INFO - Number of bars for FDX: 3
2025-03-20 21:21:32,527 - sec_monitor - INFO - Last bar close for FDX: 247.15
2025-03-20 21:21:32,527 - sec_monitor - INFO - Outside market hours price for FDX: 247.15
2025-03-20 21:21:32,527 - sec_monitor - INFO - Processing ticker: UHS
2025-03-20 21:21:32,553 - sec_monitor - INFO - Number of bars for UHS: 3
2025-03-20 21:21:32,553 - sec_monitor - INFO - Last bar close for UHS: 178.145
2025-03-20 21:21:32,553 - sec_monitor - INFO - Outside market hours price for UHS: 178.145
2025-03-20 21:21:32,553 - sec_monitor - INFO - Processing ticker: FDX
2025-03-20 21:21:32,571 - sec_monitor - INFO - Number of bars for FDX: 3
2025-03-20 21:21:32,571 - sec_monitor - INFO - Last bar close for FDX: 247.15
2025-03-20 21:21:32,571 - sec_monitor - INFO - Outside market hours price for FDX: 247.15
2025-03-20 21:21:32,572 - sec_monitor - INFO - Processing ticker: AES
2025-03-20 21:21:32,588 - sec_monitor - INFO - Number of bars for AES: 3
2025-03-20 21:21:32,588 - sec_monitor - INFO - Last bar close for AES: 12.99
2025-03-20 21:21:32,589 - sec_monitor - INFO - Outside market hours price for AES: 12.99
2025-03-20 21:21:32,589 - sec_monitor - INFO - Processing ticker: QCOM
2025-03-20 21:21:32,608 - sec_monitor - INFO - Number of bars for QCOM: 3
2025-03-20 21:21:32,608 - sec_monitor - INFO - Last bar close for QCOM: 158.21
2025-03-20 21:21:32,608 - sec_monitor - INFO - Outside market hours price for QCOM: 158.21
2025-03-20 21:21:32,609 - sec_monitor - INFO - Processing ticker: MU
2025-03-20 21:21:32,624 - sec_monitor - INFO - Number of bars for MU: 3
2025-03-20 21:21:32,624 - sec_monitor - INFO - Last bar close for MU: 102.05
2025-03-20 21:21:32,624 - sec_monitor - INFO - Outside market hours price for MU: 102.05
2025-03-20 21:21:36,116 - sec_monitor - INFO - Generating final output...
2025-03-20 21:21:36,117 - sec_monitor - INFO - Successfully merged 11 new filings with existing JSON
2025-03-20 21:21:36,117 - sec_monitor - INFO - Cumulative stats - Input words: 1945793, Output words: 2150
2025-03-20 21:21:36,118 - sec_monitor - INFO - Successfully saved/merged output to output/sec_filings.json
2025-03-20 21:21:36,118 - sec_monitor - INFO - Processing complete. Stats: {'input_words': 342429, 'output_words': 864, 'filings_processed': 11}
