2025-04-22 11:10:10,350 - sec_monitor - INFO - Starting SEC filing monitor 
2025-04-22 11:10:10,350 - sec_monitor - INFO - Loading S&P 500 data...
2025-04-22 11:10:10,351 - sec_monitor - INFO - Starting S&P 500 data initialization
2025-04-22 11:10:10,351 - sec_monitor - INFO - Successfully loaded 503 S&P 500 tickers
2025-04-22 11:10:10,351 - sec_monitor - INFO - Successfully loaded 503 S&P 500 tickers
2025-04-22 11:10:10,351 - sec_monitor - INFO - Initializing components...
2025-04-22 11:10:10,351 - sec_monitor - INFO - Initializing components
2025-04-22 11:10:10,351 - sec_monitor - INFO - SEC fetcher initialized
2025-04-22 11:10:10,352 - sec_monitor - INFO - Filing analyzer initialized
2025-04-22 11:10:10,352 - sec_monitor - INFO - Alpaca clients initialized
2025-04-22 11:10:10,352 - sec_monitor - INFO - All components initialized successfully
2025-04-22 11:10:10,353 - sec_monitor - INFO - Found old JSON file, archiving
2025-04-22 11:10:10,353 - sec_monitor - INFO - Starting new filing collection for today
2025-04-22 11:10:10,353 - sec_monitor - INFO - Fetching SEC filings...
2025-04-22 11:10:24,018 - sec_monitor - INFO - No more entries found
2025-04-22 11:10:24,019 - sec_monitor - INFO - Completed fetching. Found 78 total filings
2025-04-22 11:10:24,019 - sec_monitor - INFO - Found 22 new interesting filings
2025-04-22 11:10:24,019 - sec_monitor - INFO - Found 22 new filings to process
2025-04-22 11:10:24,019 - sec_monitor - INFO - Processing filing 1/22: KMB
2025-04-22 11:10:55,584 - sec_monitor - INFO - ==================================================
2025-04-22 11:10:55,584 - sec_monitor - INFO - Processing first chunk
2025-04-22 11:10:55,585 - sec_monitor - INFO - Timestamp: 2025-04-22 11:10:55
2025-04-22 11:10:55,833 - sec_monitor - INFO - token percentage = 18%
2025-04-22 11:10:55,833 - sec_monitor - INFO - Making API call - Attempt 1/3
2025-04-22 11:10:55,833 - sec_monitor - INFO - Timestamp: 2025-04-22 11:10:55
2025-04-22 11:11:10,945 - sec_monitor - INFO - API call successful
2025-04-22 11:11:11,946 - sec_monitor - INFO - Processing filing 2/22: RTX
2025-04-22 11:11:43,539 - sec_monitor - INFO - ==================================================
2025-04-22 11:11:43,539 - sec_monitor - INFO - Processing first chunk
2025-04-22 11:11:43,539 - sec_monitor - INFO - Timestamp: 2025-04-22 11:11:43
2025-04-22 11:11:43,795 - sec_monitor - INFO - token percentage = 13%
2025-04-22 11:11:43,796 - sec_monitor - INFO - Making API call - Attempt 1/3
2025-04-22 11:11:43,796 - sec_monitor - INFO - Timestamp: 2025-04-22 11:11:43
2025-04-22 11:11:49,802 - sec_monitor - INFO - API call successful
2025-04-22 11:11:50,803 - sec_monitor - INFO - Processing filing 3/22: MCO
2025-04-22 11:12:25,309 - sec_monitor - INFO - ==================================================
2025-04-22 11:12:25,309 - sec_monitor - INFO - Processing first chunk
2025-04-22 11:12:25,309 - sec_monitor - INFO - Timestamp: 2025-04-22 11:12:25
2025-04-22 11:12:25,749 - sec_monitor - INFO - token percentage = 51%
2025-04-22 11:12:25,750 - sec_monitor - INFO - Making API call - Attempt 1/3
2025-04-22 11:12:25,750 - sec_monitor - INFO - Timestamp: 2025-04-22 11:12:25
2025-04-22 11:13:01,692 - sec_monitor - INFO - API call successful
2025-04-22 11:13:31,722 - sec_monitor - INFO - ==================================================
2025-04-22 11:13:31,722 - sec_monitor - INFO - Processing last chunk
2025-04-22 11:13:31,723 - sec_monitor - INFO - Timestamp: 2025-04-22 11:13:31
2025-04-22 11:13:31,945 - sec_monitor - INFO - token percentage = 25%
2025-04-22 11:13:31,945 - sec_monitor - INFO - Making API call - Attempt 1/3
2025-04-22 11:13:31,945 - sec_monitor - INFO - Timestamp: 2025-04-22 11:13:31
2025-04-22 11:13:41,257 - sec_monitor - INFO - API call successful
2025-04-22 11:13:41,257 - sec_monitor - INFO - Making combine API call - Attempt 1/3
2025-04-22 11:13:41,258 - sec_monitor - INFO - Timestamp: 2025-04-22 11:13:41
2025-04-22 11:13:42,385 - sec_monitor - INFO - Combine API call successful
2025-04-22 11:13:43,386 - sec_monitor - INFO - Processing filing 4/22: VZ
2025-04-22 11:14:15,502 - sec_monitor - INFO - ==================================================
2025-04-22 11:14:15,502 - sec_monitor - INFO - Processing first chunk
2025-04-22 11:14:15,502 - sec_monitor - INFO - Timestamp: 2025-04-22 11:14:15
2025-04-22 11:14:15,764 - sec_monitor - INFO - token percentage = 12%
2025-04-22 11:14:15,764 - sec_monitor - INFO - Making API call - Attempt 1/3
2025-04-22 11:14:15,764 - sec_monitor - INFO - Timestamp: 2025-04-22 11:14:15
2025-04-22 11:14:21,960 - sec_monitor - INFO - API call successful
2025-04-22 11:14:22,961 - sec_monitor - INFO - Processing filing 5/22: HAL
2025-04-22 11:14:53,893 - sec_monitor - INFO - ==================================================
2025-04-22 11:14:53,893 - sec_monitor - INFO - Processing first chunk
2025-04-22 11:14:53,893 - sec_monitor - INFO - Timestamp: 2025-04-22 11:14:53
2025-04-22 11:14:54,071 - sec_monitor - INFO - token percentage = 6%
2025-04-22 11:14:54,072 - sec_monitor - INFO - Making API call - Attempt 1/3
2025-04-22 11:14:54,072 - sec_monitor - INFO - Timestamp: 2025-04-22 11:14:54
2025-04-22 11:14:57,558 - sec_monitor - INFO - API call successful
2025-04-22 11:14:58,560 - sec_monitor - INFO - Processing filing 6/22: PNR
2025-04-22 11:15:31,659 - sec_monitor - INFO - ==================================================
2025-04-22 11:15:31,660 - sec_monitor - INFO - Processing first chunk
2025-04-22 11:15:31,660 - sec_monitor - INFO - Timestamp: 2025-04-22 11:15:31
2025-04-22 11:15:32,112 - sec_monitor - INFO - token percentage = 38%
2025-04-22 11:15:32,112 - sec_monitor - INFO - Making API call - Attempt 1/3
2025-04-22 11:15:32,112 - sec_monitor - INFO - Timestamp: 2025-04-22 11:15:32
2025-04-22 11:15:45,234 - sec_monitor - INFO - API call successful
2025-04-22 11:15:46,235 - sec_monitor - INFO - Processing filing 7/22: IVZ
2025-04-22 11:16:16,797 - sec_monitor - INFO - ==================================================
2025-04-22 11:16:16,798 - sec_monitor - INFO - Processing first chunk
2025-04-22 11:16:16,798 - sec_monitor - INFO - Timestamp: 2025-04-22 11:16:16
2025-04-22 11:16:16,959 - sec_monitor - INFO - token percentage = 6%
2025-04-22 11:16:16,959 - sec_monitor - INFO - Making API call - Attempt 1/3
2025-04-22 11:16:16,959 - sec_monitor - INFO - Timestamp: 2025-04-22 11:16:16
2025-04-22 11:16:20,633 - sec_monitor - INFO - API call successful
2025-04-22 11:16:21,634 - sec_monitor - INFO - Processing filing 8/22: MSCI
2025-04-22 11:16:52,700 - sec_monitor - INFO - ==================================================
2025-04-22 11:16:52,700 - sec_monitor - INFO - Processing first chunk
2025-04-22 11:16:52,700 - sec_monitor - INFO - Timestamp: 2025-04-22 11:16:52
2025-04-22 11:16:52,870 - sec_monitor - INFO - token percentage = 6%
2025-04-22 11:16:52,870 - sec_monitor - INFO - Making API call - Attempt 1/3
2025-04-22 11:16:52,871 - sec_monitor - INFO - Timestamp: 2025-04-22 11:16:52
2025-04-22 11:16:56,415 - sec_monitor - INFO - API call successful
2025-04-22 11:16:57,417 - sec_monitor - INFO - Processing filing 9/22: NOC
2025-04-22 11:17:29,169 - sec_monitor - INFO - ==================================================
2025-04-22 11:17:29,169 - sec_monitor - INFO - Processing first chunk
2025-04-22 11:17:29,169 - sec_monitor - INFO - Timestamp: 2025-04-22 11:17:29
2025-04-22 11:17:29,378 - sec_monitor - INFO - token percentage = 16%
2025-04-22 11:17:29,378 - sec_monitor - INFO - Making API call - Attempt 1/3
2025-04-22 11:17:29,378 - sec_monitor - INFO - Timestamp: 2025-04-22 11:17:29
2025-04-22 11:17:36,302 - sec_monitor - INFO - API call successful
2025-04-22 11:17:37,303 - sec_monitor - INFO - Processing filing 10/22: DGX
2025-04-22 11:18:08,022 - sec_monitor - INFO - ==================================================
2025-04-22 11:18:08,022 - sec_monitor - INFO - Processing first chunk
2025-04-22 11:18:08,023 - sec_monitor - INFO - Timestamp: 2025-04-22 11:18:08
2025-04-22 11:18:08,161 - sec_monitor - INFO - token percentage = 4%
2025-04-22 11:18:08,162 - sec_monitor - INFO - Making API call - Attempt 1/3
2025-04-22 11:18:08,162 - sec_monitor - INFO - Timestamp: 2025-04-22 11:18:08
2025-04-22 11:18:11,923 - sec_monitor - INFO - API call successful
2025-04-22 11:18:12,924 - sec_monitor - INFO - Processing filing 11/22: IVZ
2025-04-22 11:18:44,134 - sec_monitor - INFO - ==================================================
2025-04-22 11:18:44,134 - sec_monitor - INFO - Processing first chunk
2025-04-22 11:18:44,134 - sec_monitor - INFO - Timestamp: 2025-04-22 11:18:44
2025-04-22 11:18:44,279 - sec_monitor - INFO - token percentage = 6%
2025-04-22 11:18:44,279 - sec_monitor - INFO - Making API call - Attempt 1/3
2025-04-22 11:18:44,280 - sec_monitor - INFO - Timestamp: 2025-04-22 11:18:44
2025-04-22 11:18:48,073 - sec_monitor - INFO - API call successful
2025-04-22 11:18:49,074 - sec_monitor - INFO - Processing filing 12/22: MMM
2025-04-22 11:19:20,158 - sec_monitor - INFO - ==================================================
2025-04-22 11:19:20,159 - sec_monitor - INFO - Processing first chunk
2025-04-22 11:19:20,159 - sec_monitor - INFO - Timestamp: 2025-04-22 11:19:20
2025-04-22 11:19:20,444 - sec_monitor - INFO - token percentage = 6%
2025-04-22 11:19:20,444 - sec_monitor - INFO - Making API call - Attempt 1/3
2025-04-22 11:19:20,445 - sec_monitor - INFO - Timestamp: 2025-04-22 11:19:20
2025-04-22 11:19:24,164 - sec_monitor - INFO - API call successful
2025-04-22 11:19:25,166 - sec_monitor - INFO - Processing filing 13/22: EFX
2025-04-22 11:19:56,073 - sec_monitor - INFO - ==================================================
2025-04-22 11:19:56,073 - sec_monitor - INFO - Processing first chunk
2025-04-22 11:19:56,073 - sec_monitor - INFO - Timestamp: 2025-04-22 11:19:56
2025-04-22 11:19:56,275 - sec_monitor - INFO - token percentage = 8%
2025-04-22 11:19:56,275 - sec_monitor - INFO - Making API call - Attempt 1/3
2025-04-22 11:19:56,275 - sec_monitor - INFO - Timestamp: 2025-04-22 11:19:56
2025-04-22 11:20:01,795 - sec_monitor - INFO - API call successful
2025-04-22 11:20:02,797 - sec_monitor - INFO - Processing filing 14/22: GE
2025-04-22 11:21:01,569 - sec_monitor - INFO - ==================================================
2025-04-22 11:21:01,569 - sec_monitor - INFO - Processing first chunk
2025-04-22 11:21:01,570 - sec_monitor - INFO - Timestamp: 2025-04-22 11:21:01
2025-04-22 11:21:02,600 - sec_monitor - INFO - token percentage = 41%
2025-04-22 11:21:02,600 - sec_monitor - INFO - Making API call - Attempt 1/3
2025-04-22 11:21:02,600 - sec_monitor - INFO - Timestamp: 2025-04-22 11:21:02
2025-04-22 11:21:17,558 - sec_monitor - INFO - API call successful
2025-04-22 11:21:47,589 - sec_monitor - INFO - ==================================================
2025-04-22 11:21:47,589 - sec_monitor - INFO - Processing middle chunk
2025-04-22 11:21:47,589 - sec_monitor - INFO - Timestamp: 2025-04-22 11:21:47
2025-04-22 11:21:48,360 - sec_monitor - INFO - token percentage = 59%
2025-04-22 11:21:48,361 - sec_monitor - INFO - Making API call - Attempt 1/3
2025-04-22 11:21:48,361 - sec_monitor - INFO - Timestamp: 2025-04-22 11:21:48
2025-04-22 11:22:12,508 - sec_monitor - INFO - API call successful
2025-04-22 11:22:42,529 - sec_monitor - INFO - ==================================================
2025-04-22 11:22:42,529 - sec_monitor - INFO - Processing middle chunk
2025-04-22 11:22:42,529 - sec_monitor - INFO - Timestamp: 2025-04-22 11:22:42
2025-04-22 11:22:43,433 - sec_monitor - INFO - token percentage = 49%
2025-04-22 11:22:43,434 - sec_monitor - INFO - Making API call - Attempt 1/3
2025-04-22 11:22:43,434 - sec_monitor - INFO - Timestamp: 2025-04-22 11:22:43
2025-04-22 11:23:01,683 - sec_monitor - INFO - API call successful
2025-04-22 11:23:31,713 - sec_monitor - INFO - ==================================================
2025-04-22 11:23:31,714 - sec_monitor - INFO - Processing last chunk
2025-04-22 11:23:31,714 - sec_monitor - INFO - Timestamp: 2025-04-22 11:23:31
2025-04-22 11:23:32,286 - sec_monitor - INFO - token percentage = 36%
2025-04-22 11:23:32,286 - sec_monitor - INFO - Making API call - Attempt 1/3
2025-04-22 11:23:32,286 - sec_monitor - INFO - Timestamp: 2025-04-22 11:23:32
2025-04-22 11:23:43,990 - sec_monitor - INFO - API call successful
2025-04-22 11:23:43,990 - sec_monitor - INFO - Making combine API call - Attempt 1/3
2025-04-22 11:23:43,990 - sec_monitor - INFO - Timestamp: 2025-04-22 11:23:43
2025-04-22 11:23:44,968 - sec_monitor - INFO - Combine API call successful
2025-04-22 11:23:45,970 - sec_monitor - INFO - Processing filing 15/22: GE
2025-04-22 11:24:18,464 - sec_monitor - INFO - ==================================================
2025-04-22 11:24:18,464 - sec_monitor - INFO - Processing first chunk
2025-04-22 11:24:18,464 - sec_monitor - INFO - Timestamp: 2025-04-22 11:24:18
2025-04-22 11:24:18,851 - sec_monitor - INFO - token percentage = 41%
2025-04-22 11:24:18,851 - sec_monitor - INFO - Making API call - Attempt 1/3
2025-04-22 11:24:18,851 - sec_monitor - INFO - Timestamp: 2025-04-22 11:24:18
2025-04-22 11:24:33,302 - sec_monitor - INFO - API call successful
2025-04-22 11:24:34,304 - sec_monitor - INFO - Processing filing 16/22: DHR
2025-04-22 11:25:05,411 - sec_monitor - INFO - ==================================================
2025-04-22 11:25:05,411 - sec_monitor - INFO - Processing first chunk
2025-04-22 11:25:05,411 - sec_monitor - INFO - Timestamp: 2025-04-22 11:25:05
2025-04-22 11:25:05,573 - sec_monitor - INFO - token percentage = 6%
2025-04-22 11:25:05,573 - sec_monitor - INFO - Making API call - Attempt 1/3
2025-04-22 11:25:05,573 - sec_monitor - INFO - Timestamp: 2025-04-22 11:25:05
2025-04-22 11:25:09,535 - sec_monitor - INFO - API call successful
2025-04-22 11:25:10,536 - sec_monitor - INFO - Processing filing 17/22: ELV
2025-04-22 11:25:45,730 - sec_monitor - INFO - ==================================================
2025-04-22 11:25:45,730 - sec_monitor - INFO - Processing first chunk
2025-04-22 11:25:45,730 - sec_monitor - INFO - Timestamp: 2025-04-22 11:25:45
2025-04-22 11:25:46,102 - sec_monitor - INFO - token percentage = 51%
2025-04-22 11:25:46,102 - sec_monitor - INFO - Making API call - Attempt 1/3
2025-04-22 11:25:46,102 - sec_monitor - INFO - Timestamp: 2025-04-22 11:25:46
2025-04-22 11:26:03,398 - sec_monitor - INFO - API call successful
2025-04-22 11:26:33,429 - sec_monitor - INFO - ==================================================
2025-04-22 11:26:33,429 - sec_monitor - INFO - Processing last chunk
2025-04-22 11:26:33,429 - sec_monitor - INFO - Timestamp: 2025-04-22 11:26:33
2025-04-22 11:26:33,576 - sec_monitor - INFO - token percentage = 10%
2025-04-22 11:26:33,577 - sec_monitor - INFO - Making API call - Attempt 1/3
2025-04-22 11:26:33,577 - sec_monitor - INFO - Timestamp: 2025-04-22 11:26:33
2025-04-22 11:26:38,104 - sec_monitor - INFO - API call successful
2025-04-22 11:26:38,105 - sec_monitor - INFO - Making combine API call - Attempt 1/3
2025-04-22 11:26:38,105 - sec_monitor - INFO - Timestamp: 2025-04-22 11:26:38
2025-04-22 11:26:39,126 - sec_monitor - INFO - Combine API call successful
2025-04-22 11:26:40,127 - sec_monitor - INFO - Processing filing 18/22: DHR
2025-04-22 11:27:23,281 - sec_monitor - INFO - ==================================================
2025-04-22 11:27:23,281 - sec_monitor - INFO - Processing first chunk
2025-04-22 11:27:23,281 - sec_monitor - INFO - Timestamp: 2025-04-22 11:27:23
2025-04-22 11:27:24,258 - sec_monitor - INFO - token percentage = 52%
2025-04-22 11:27:24,258 - sec_monitor - INFO - Making API call - Attempt 1/3
2025-04-22 11:27:24,258 - sec_monitor - INFO - Timestamp: 2025-04-22 11:27:24
2025-04-22 11:27:42,941 - sec_monitor - INFO - API call successful
2025-04-22 11:28:12,971 - sec_monitor - INFO - ==================================================
2025-04-22 11:28:12,972 - sec_monitor - INFO - Processing middle chunk
2025-04-22 11:28:12,972 - sec_monitor - INFO - Timestamp: 2025-04-22 11:28:12
2025-04-22 11:28:13,806 - sec_monitor - INFO - token percentage = 45%
2025-04-22 11:28:13,807 - sec_monitor - INFO - Making API call - Attempt 1/3
2025-04-22 11:28:13,807 - sec_monitor - INFO - Timestamp: 2025-04-22 11:28:13
2025-04-22 11:28:29,909 - sec_monitor - INFO - API call successful
2025-04-22 11:28:59,936 - sec_monitor - INFO - ==================================================
2025-04-22 11:28:59,936 - sec_monitor - INFO - Processing last chunk
2025-04-22 11:28:59,936 - sec_monitor - INFO - Timestamp: 2025-04-22 11:28:59
2025-04-22 11:29:00,203 - sec_monitor - INFO - token percentage = 19%
2025-04-22 11:29:00,203 - sec_monitor - INFO - Making API call - Attempt 1/3
2025-04-22 11:29:00,203 - sec_monitor - INFO - Timestamp: 2025-04-22 11:29:00
2025-04-22 11:29:06,680 - sec_monitor - INFO - API call successful
2025-04-22 11:29:06,680 - sec_monitor - INFO - Making combine API call - Attempt 1/3
2025-04-22 11:29:06,681 - sec_monitor - INFO - Timestamp: 2025-04-22 11:29:06
2025-04-22 11:29:07,531 - sec_monitor - INFO - Combine API call successful
2025-04-22 11:29:08,533 - sec_monitor - INFO - Processing filing 19/22: NWS
2025-04-22 11:29:39,434 - sec_monitor - INFO - ==================================================
2025-04-22 11:29:39,435 - sec_monitor - INFO - Processing first chunk
2025-04-22 11:29:39,435 - sec_monitor - INFO - Timestamp: 2025-04-22 11:29:39
2025-04-22 11:29:39,603 - sec_monitor - INFO - token percentage = 8%
2025-04-22 11:29:39,603 - sec_monitor - INFO - Making API call - Attempt 1/3
2025-04-22 11:29:39,604 - sec_monitor - INFO - Timestamp: 2025-04-22 11:29:39
2025-04-22 11:29:44,485 - sec_monitor - INFO - API call successful
2025-04-22 11:29:45,486 - sec_monitor - INFO - Processing filing 20/22: PPG
2025-04-22 11:30:16,853 - sec_monitor - INFO - ==================================================
2025-04-22 11:30:16,854 - sec_monitor - INFO - Processing first chunk
2025-04-22 11:30:16,854 - sec_monitor - INFO - Timestamp: 2025-04-22 11:30:16
2025-04-22 11:30:17,067 - sec_monitor - INFO - token percentage = 15%
2025-04-22 11:30:17,068 - sec_monitor - INFO - Making API call - Attempt 1/3
2025-04-22 11:30:17,068 - sec_monitor - INFO - Timestamp: 2025-04-22 11:30:17
2025-04-22 11:30:23,643 - sec_monitor - INFO - API call successful
2025-04-22 11:30:24,645 - sec_monitor - INFO - Processing filing 21/22: SHW
2025-04-22 11:30:55,500 - sec_monitor - INFO - ==================================================
2025-04-22 11:30:55,500 - sec_monitor - INFO - Processing first chunk
2025-04-22 11:30:55,500 - sec_monitor - INFO - Timestamp: 2025-04-22 11:30:55
2025-04-22 11:30:55,680 - sec_monitor - INFO - token percentage = 4%
2025-04-22 11:30:55,680 - sec_monitor - INFO - Making API call - Attempt 1/3
2025-04-22 11:30:55,681 - sec_monitor - INFO - Timestamp: 2025-04-22 11:30:55
2025-04-22 11:30:59,320 - sec_monitor - INFO - API call successful
2025-04-22 11:31:00,322 - sec_monitor - INFO - Processing filing 22/22: ZBH
2025-04-22 11:31:30,876 - sec_monitor - INFO - ==================================================
2025-04-22 11:31:30,876 - sec_monitor - INFO - Processing first chunk
2025-04-22 11:31:30,876 - sec_monitor - INFO - Timestamp: 2025-04-22 11:31:30
2025-04-22 11:31:31,030 - sec_monitor - INFO - token percentage = 4%
2025-04-22 11:31:31,030 - sec_monitor - INFO - Making API call - Attempt 1/3
2025-04-22 11:31:31,030 - sec_monitor - INFO - Timestamp: 2025-04-22 11:31:31
2025-04-22 11:31:34,680 - sec_monitor - INFO - API call successful
2025-04-22 11:31:35,681 - sec_monitor - INFO - Fetching supplementary data...
2025-04-22 11:31:35,949 - sec_monitor - INFO - filing_tickers type: <class 'list'>
2025-04-22 11:31:35,949 - sec_monitor - INFO - filing_data type: <class 'list'>
2025-04-22 11:31:35,949 - sec_monitor - INFO - Market open: False
2025-04-22 11:31:35,949 - sec_monitor - INFO - Number of filing times mapped: 19
2025-04-22 11:31:35,956 - sec_monitor - INFO - Last trading day: 2025-04-22
2025-04-22 11:31:35,956 - sec_monitor - INFO - Processing ticker: KMB
2025-04-22 11:31:36,497 - sec_monitor - INFO - Number of bars for KMB: 2
2025-04-22 11:31:36,497 - sec_monitor - INFO - Last bar close for KMB: 140.03
2025-04-22 11:31:36,497 - sec_monitor - INFO - Outside market hours price for KMB: 140.03
2025-04-22 11:31:36,497 - sec_monitor - INFO - Processing ticker: RTX
2025-04-22 11:31:36,508 - sec_monitor - INFO - Number of bars for RTX: 2
2025-04-22 11:31:36,509 - sec_monitor - INFO - Last bar close for RTX: 126.17
2025-04-22 11:31:36,509 - sec_monitor - INFO - Outside market hours price for RTX: 126.17
2025-04-22 11:31:36,509 - sec_monitor - INFO - Processing ticker: MCO
2025-04-22 11:31:36,519 - sec_monitor - INFO - Number of bars for MCO: 2
2025-04-22 11:31:36,519 - sec_monitor - INFO - Last bar close for MCO: 413.74
2025-04-22 11:31:36,519 - sec_monitor - INFO - Outside market hours price for MCO: 413.74
2025-04-22 11:31:36,519 - sec_monitor - INFO - Processing ticker: VZ
2025-04-22 11:31:36,531 - sec_monitor - INFO - Number of bars for VZ: 2
2025-04-22 11:31:36,531 - sec_monitor - INFO - Last bar close for VZ: 42.95
2025-04-22 11:31:36,531 - sec_monitor - INFO - Outside market hours price for VZ: 42.95
2025-04-22 11:31:36,531 - sec_monitor - INFO - Processing ticker: HAL
2025-04-22 11:31:36,542 - sec_monitor - INFO - Number of bars for HAL: 2
2025-04-22 11:31:36,542 - sec_monitor - INFO - Last bar close for HAL: 21.91
2025-04-22 11:31:36,542 - sec_monitor - INFO - Outside market hours price for HAL: 21.91
2025-04-22 11:31:36,542 - sec_monitor - INFO - Processing ticker: PNR
2025-04-22 11:31:36,598 - sec_monitor - INFO - Number of bars for PNR: 2
2025-04-22 11:31:36,598 - sec_monitor - INFO - Last bar close for PNR: 78.94
2025-04-22 11:31:36,599 - sec_monitor - INFO - Outside market hours price for PNR: 78.94
2025-04-22 11:31:36,599 - sec_monitor - INFO - Processing ticker: IVZ
2025-04-22 11:31:36,609 - sec_monitor - INFO - Number of bars for IVZ: 2
2025-04-22 11:31:36,609 - sec_monitor - INFO - Last bar close for IVZ: 12.46
2025-04-22 11:31:36,610 - sec_monitor - INFO - Outside market hours price for IVZ: 12.46
2025-04-22 11:31:36,610 - sec_monitor - INFO - Processing ticker: MSCI
2025-04-22 11:31:36,622 - sec_monitor - INFO - Number of bars for MSCI: 2
2025-04-22 11:31:36,622 - sec_monitor - INFO - Last bar close for MSCI: 533.33
2025-04-22 11:31:36,623 - sec_monitor - INFO - Outside market hours price for MSCI: 533.33
2025-04-22 11:31:36,623 - sec_monitor - INFO - Processing ticker: NOC
2025-04-22 11:31:36,634 - sec_monitor - INFO - Number of bars for NOC: 2
2025-04-22 11:31:36,634 - sec_monitor - INFO - Last bar close for NOC: 530.86
2025-04-22 11:31:36,634 - sec_monitor - INFO - Outside market hours price for NOC: 530.86
2025-04-22 11:31:36,634 - sec_monitor - INFO - Processing ticker: DGX
2025-04-22 11:31:36,644 - sec_monitor - INFO - Number of bars for DGX: 2
2025-04-22 11:31:36,644 - sec_monitor - INFO - Last bar close for DGX: 161.92
2025-04-22 11:31:36,645 - sec_monitor - INFO - Outside market hours price for DGX: 161.92
2025-04-22 11:31:36,645 - sec_monitor - INFO - Processing ticker: IVZ
2025-04-22 11:31:36,655 - sec_monitor - INFO - Number of bars for IVZ: 2
2025-04-22 11:31:36,655 - sec_monitor - INFO - Last bar close for IVZ: 12.46
2025-04-22 11:31:36,655 - sec_monitor - INFO - Outside market hours price for IVZ: 12.46
2025-04-22 11:31:36,655 - sec_monitor - INFO - Processing ticker: MMM
2025-04-22 11:31:36,666 - sec_monitor - INFO - Number of bars for MMM: 2
2025-04-22 11:31:36,666 - sec_monitor - INFO - Last bar close for MMM: 125.88
2025-04-22 11:31:36,666 - sec_monitor - INFO - Outside market hours price for MMM: 125.88
2025-04-22 11:31:36,666 - sec_monitor - INFO - Processing ticker: EFX
2025-04-22 11:31:36,675 - sec_monitor - INFO - Number of bars for EFX: 2
2025-04-22 11:31:36,675 - sec_monitor - INFO - Last bar close for EFX: 215.06
2025-04-22 11:31:36,675 - sec_monitor - INFO - Outside market hours price for EFX: 215.06
2025-04-22 11:31:36,675 - sec_monitor - INFO - Processing ticker: GE
2025-04-22 11:31:36,692 - sec_monitor - INFO - Number of bars for GE: 2
2025-04-22 11:31:36,692 - sec_monitor - INFO - Last bar close for GE: 178.39
2025-04-22 11:31:36,692 - sec_monitor - INFO - Outside market hours price for GE: 178.39
2025-04-22 11:31:36,692 - sec_monitor - INFO - Processing ticker: GE
2025-04-22 11:31:36,705 - sec_monitor - INFO - Number of bars for GE: 2
2025-04-22 11:31:36,705 - sec_monitor - INFO - Last bar close for GE: 178.39
2025-04-22 11:31:36,705 - sec_monitor - INFO - Outside market hours price for GE: 178.39
2025-04-22 11:31:36,705 - sec_monitor - INFO - Processing ticker: DHR
2025-04-22 11:31:36,715 - sec_monitor - INFO - Number of bars for DHR: 2
2025-04-22 11:31:36,715 - sec_monitor - INFO - Last bar close for DHR: 184.87
2025-04-22 11:31:36,715 - sec_monitor - INFO - Outside market hours price for DHR: 184.87
2025-04-22 11:31:36,715 - sec_monitor - INFO - Processing ticker: ELV
2025-04-22 11:31:36,725 - sec_monitor - INFO - Number of bars for ELV: 2
2025-04-22 11:31:36,725 - sec_monitor - INFO - Last bar close for ELV: 407.35
2025-04-22 11:31:36,725 - sec_monitor - INFO - Outside market hours price for ELV: 407.35
2025-04-22 11:31:36,725 - sec_monitor - INFO - Processing ticker: DHR
2025-04-22 11:31:36,736 - sec_monitor - INFO - Number of bars for DHR: 2
2025-04-22 11:31:36,736 - sec_monitor - INFO - Last bar close for DHR: 184.87
2025-04-22 11:31:36,736 - sec_monitor - INFO - Outside market hours price for DHR: 184.87
2025-04-22 11:31:36,736 - sec_monitor - INFO - Processing ticker: NWS
2025-04-22 11:31:36,772 - sec_monitor - INFO - Number of bars for NWS: 3
2025-04-22 11:31:36,773 - sec_monitor - INFO - Last bar close for NWS: 29.47
2025-04-22 11:31:36,773 - sec_monitor - INFO - Outside market hours price for NWS: 29.47
2025-04-22 11:31:36,773 - sec_monitor - INFO - Processing ticker: PPG
2025-04-22 11:31:36,785 - sec_monitor - INFO - Number of bars for PPG: 3
2025-04-22 11:31:36,786 - sec_monitor - INFO - Last bar close for PPG: 99.415
2025-04-22 11:31:36,786 - sec_monitor - INFO - Outside market hours price for PPG: 99.415
2025-04-22 11:31:36,786 - sec_monitor - INFO - Processing ticker: SHW
2025-04-22 11:31:36,853 - sec_monitor - INFO - Number of bars for SHW: 3
2025-04-22 11:31:36,853 - sec_monitor - INFO - Last bar close for SHW: 322.04
2025-04-22 11:31:36,853 - sec_monitor - INFO - Outside market hours price for SHW: 322.04
2025-04-22 11:31:36,854 - sec_monitor - INFO - Processing ticker: ZBH
2025-04-22 11:31:36,909 - sec_monitor - INFO - Number of bars for ZBH: 3
2025-04-22 11:31:36,909 - sec_monitor - INFO - Last bar close for ZBH: 96.19
2025-04-22 11:31:36,909 - sec_monitor - INFO - Outside market hours price for ZBH: 96.19
2025-04-22 11:31:42,916 - sec_monitor - INFO - Generating final output...
2025-04-22 11:31:42,918 - sec_monitor - INFO - Successfully saved/merged output to output/sec_filings.json
2025-04-22 11:31:42,918 - sec_monitor - INFO - Processing complete. Stats: {'input_words': 839783, 'output_words': 1784, 'filings_processed': 22}
2025-04-22 12:39:17,039 - sec_monitor - INFO - Starting SEC filing monitor 
2025-04-22 12:39:17,040 - sec_monitor - INFO - Loading S&P 500 data...
2025-04-22 12:39:17,040 - sec_monitor - INFO - Starting S&P 500 data initialization
2025-04-22 12:39:17,040 - sec_monitor - INFO - Successfully loaded 503 S&P 500 tickers
2025-04-22 12:39:17,040 - sec_monitor - INFO - Successfully loaded 503 S&P 500 tickers
2025-04-22 12:39:17,040 - sec_monitor - INFO - Initializing components...
2025-04-22 12:39:17,041 - sec_monitor - INFO - Initializing components
2025-04-22 12:39:17,041 - sec_monitor - INFO - SEC fetcher initialized
2025-04-22 12:39:17,041 - sec_monitor - INFO - Filing analyzer initialized
2025-04-22 12:39:17,041 - sec_monitor - INFO - Alpaca clients initialized
2025-04-22 12:39:17,041 - sec_monitor - INFO - All components initialized successfully
2025-04-22 12:39:17,042 - sec_monitor - INFO - Found JSON file from today
2025-04-22 12:39:17,042 - sec_monitor - INFO - Found 22 previously processed accessions and 22 filing URLs
2025-04-22 12:39:17,043 - sec_monitor - INFO - Found 22 accession numbers and 22 URLs from previously processed filings
2025-04-22 12:39:17,043 - sec_monitor - INFO - Fetching SEC filings...
2025-04-22 12:39:59,778 - sec_monitor - INFO - No more entries found
2025-04-22 12:39:59,778 - sec_monitor - INFO - Completed fetching. Found 83 total filings
2025-04-22 12:39:59,778 - sec_monitor - INFO - Found 3 new interesting filings
2025-04-22 12:39:59,778 - sec_monitor - INFO - Found 3 new filings to process
2025-04-22 12:39:59,779 - sec_monitor - INFO - Processing filing 1/3: PHM
2025-04-22 12:40:31,169 - sec_monitor - INFO - ==================================================
2025-04-22 12:40:31,170 - sec_monitor - INFO - Processing first chunk
2025-04-22 12:40:31,170 - sec_monitor - INFO - Timestamp: 2025-04-22 12:40:31
2025-04-22 12:40:31,436 - sec_monitor - INFO - token percentage = 15%
2025-04-22 12:40:31,437 - sec_monitor - INFO - Making API call - Attempt 1/3
2025-04-22 12:40:31,437 - sec_monitor - INFO - Timestamp: 2025-04-22 12:40:31
2025-04-22 12:40:38,000 - sec_monitor - INFO - API call successful
2025-04-22 12:40:39,002 - sec_monitor - INFO - Processing filing 2/3: GPC
2025-04-22 12:41:09,767 - sec_monitor - INFO - ==================================================
2025-04-22 12:41:09,767 - sec_monitor - INFO - Processing first chunk
2025-04-22 12:41:09,767 - sec_monitor - INFO - Timestamp: 2025-04-22 12:41:09
2025-04-22 12:41:09,938 - sec_monitor - INFO - token percentage = 5%
2025-04-22 12:41:09,938 - sec_monitor - INFO - Making API call - Attempt 1/3
2025-04-22 12:41:09,938 - sec_monitor - INFO - Timestamp: 2025-04-22 12:41:09
2025-04-22 12:41:13,943 - sec_monitor - INFO - API call successful
2025-04-22 12:41:14,945 - sec_monitor - INFO - Processing filing 3/3: LMT
2025-04-22 12:41:46,399 - sec_monitor - INFO - ==================================================
2025-04-22 12:41:46,399 - sec_monitor - INFO - Processing first chunk
2025-04-22 12:41:46,399 - sec_monitor - INFO - Timestamp: 2025-04-22 12:41:46
2025-04-22 12:41:46,690 - sec_monitor - INFO - token percentage = 15%
2025-04-22 12:41:46,691 - sec_monitor - INFO - Making API call - Attempt 1/3
2025-04-22 12:41:46,691 - sec_monitor - INFO - Timestamp: 2025-04-22 12:41:46
2025-04-22 12:41:52,714 - sec_monitor - INFO - API call successful
2025-04-22 12:41:53,715 - sec_monitor - INFO - Fetching supplementary data...
2025-04-22 12:41:54,205 - sec_monitor - INFO - filing_tickers type: <class 'list'>
2025-04-22 12:41:54,205 - sec_monitor - INFO - filing_data type: <class 'list'>
2025-04-22 12:41:54,205 - sec_monitor - INFO - Market open: False
2025-04-22 12:41:54,205 - sec_monitor - INFO - Number of filing times mapped: 3
2025-04-22 12:41:54,216 - sec_monitor - INFO - Last trading day: 2025-04-22
2025-04-22 12:41:54,216 - sec_monitor - INFO - Processing ticker: PHM
2025-04-22 12:41:54,877 - sec_monitor - INFO - Number of bars for PHM: 2
2025-04-22 12:41:54,878 - sec_monitor - INFO - Last bar close for PHM: 93.12
2025-04-22 12:41:54,878 - sec_monitor - INFO - Outside market hours price for PHM: 93.12
2025-04-22 12:41:54,878 - sec_monitor - INFO - Processing ticker: GPC
2025-04-22 12:41:54,894 - sec_monitor - INFO - Number of bars for GPC: 2
2025-04-22 12:41:54,894 - sec_monitor - INFO - Last bar close for GPC: 111.79
2025-04-22 12:41:54,894 - sec_monitor - INFO - Outside market hours price for GPC: 111.79
2025-04-22 12:41:54,894 - sec_monitor - INFO - Processing ticker: LMT
2025-04-22 12:41:54,911 - sec_monitor - INFO - Number of bars for LMT: 2
2025-04-22 12:41:54,912 - sec_monitor - INFO - Last bar close for LMT: 458.545
2025-04-22 12:41:54,912 - sec_monitor - INFO - Outside market hours price for LMT: 458.545
2025-04-22 12:41:55,964 - sec_monitor - INFO - Generating final output...
2025-04-22 12:41:55,965 - sec_monitor - INFO - Successfully merged 3 new filings with existing JSON
2025-04-22 12:41:55,965 - sec_monitor - INFO - Cumulative stats - Input words: 875251, Output words: 2025
2025-04-22 12:41:55,965 - sec_monitor - INFO - Successfully saved/merged output to output/sec_filings.json
2025-04-22 12:41:55,965 - sec_monitor - INFO - Processing complete. Stats: {'input_words': 35468, 'output_words': 241, 'filings_processed': 3}
2025-04-22 13:30:47,900 - sec_monitor - INFO - Starting SEC filing monitor 
2025-04-22 13:30:47,900 - sec_monitor - INFO - Loading S&P 500 data...
2025-04-22 13:30:47,900 - sec_monitor - INFO - Starting S&P 500 data initialization
2025-04-22 13:30:47,900 - sec_monitor - INFO - Successfully loaded 503 S&P 500 tickers
2025-04-22 13:30:47,900 - sec_monitor - INFO - Successfully loaded 503 S&P 500 tickers
2025-04-22 13:30:47,900 - sec_monitor - INFO - Initializing components...
2025-04-22 13:30:47,901 - sec_monitor - INFO - Initializing components
2025-04-22 13:30:47,901 - sec_monitor - INFO - SEC fetcher initialized
2025-04-22 13:30:47,901 - sec_monitor - INFO - Filing analyzer initialized
2025-04-22 13:30:47,901 - sec_monitor - INFO - Alpaca clients initialized
2025-04-22 13:30:47,901 - sec_monitor - INFO - All components initialized successfully
2025-04-22 13:30:47,902 - sec_monitor - INFO - Found JSON file from today
2025-04-22 13:30:47,902 - sec_monitor - INFO - Found 25 previously processed accessions and 25 filing URLs
2025-04-22 13:30:47,903 - sec_monitor - INFO - Found 25 accession numbers and 25 URLs from previously processed filings
2025-04-22 13:30:47,903 - sec_monitor - INFO - Fetching SEC filings...
2025-04-22 13:31:25,247 - sec_monitor - INFO - No more entries found
2025-04-22 13:31:25,247 - sec_monitor - INFO - Completed fetching. Found 80 total filings
2025-04-22 13:31:25,247 - sec_monitor - INFO - Found 0 new interesting filings
2025-04-22 13:31:25,247 - sec_monitor - INFO - No new filings to process
2025-04-22 15:20:31,135 - sec_monitor - INFO - Starting SEC filing monitor 
2025-04-22 15:20:31,135 - sec_monitor - INFO - Loading S&P 500 data...
2025-04-22 15:20:31,135 - sec_monitor - INFO - Starting S&P 500 data initialization
2025-04-22 15:20:31,136 - sec_monitor - INFO - Successfully loaded 503 S&P 500 tickers
2025-04-22 15:20:31,136 - sec_monitor - INFO - Successfully loaded 503 S&P 500 tickers
2025-04-22 15:20:31,136 - sec_monitor - INFO - Initializing components...
2025-04-22 15:20:31,136 - sec_monitor - INFO - Initializing components
2025-04-22 15:20:31,136 - sec_monitor - INFO - SEC fetcher initialized
2025-04-22 15:20:31,136 - sec_monitor - INFO - Filing analyzer initialized
2025-04-22 15:20:31,136 - sec_monitor - INFO - Alpaca clients initialized
2025-04-22 15:20:31,137 - sec_monitor - INFO - All components initialized successfully
2025-04-22 15:20:31,138 - sec_monitor - INFO - Found JSON file from today
2025-04-22 15:20:31,138 - sec_monitor - INFO - Found 25 previously processed accessions and 25 filing URLs
2025-04-22 15:20:31,138 - sec_monitor - INFO - Found 25 accession numbers and 25 URLs from previously processed filings
2025-04-22 15:20:31,138 - sec_monitor - INFO - Fetching SEC filings...
2025-04-22 15:20:59,875 - sec_monitor - INFO - No more entries found
2025-04-22 15:20:59,876 - sec_monitor - INFO - Completed fetching. Found 79 total filings
2025-04-22 15:20:59,876 - sec_monitor - INFO - Found 0 new interesting filings
2025-04-22 15:20:59,876 - sec_monitor - INFO - No new filings to process
2025-04-22 18:22:03,686 - sec_monitor - INFO - Starting SEC filing monitor 
2025-04-22 18:22:03,686 - sec_monitor - INFO - Loading S&P 500 data...
2025-04-22 18:22:03,686 - sec_monitor - INFO - Starting S&P 500 data initialization
2025-04-22 18:22:03,687 - sec_monitor - INFO - Successfully loaded 503 S&P 500 tickers
2025-04-22 18:22:03,687 - sec_monitor - INFO - Successfully loaded 503 S&P 500 tickers
2025-04-22 18:22:03,687 - sec_monitor - INFO - Initializing components...
2025-04-22 18:22:03,687 - sec_monitor - INFO - Initializing components
2025-04-22 18:22:03,687 - sec_monitor - INFO - SEC fetcher initialized
2025-04-22 18:22:03,687 - sec_monitor - INFO - Filing analyzer initialized
2025-04-22 18:22:03,687 - sec_monitor - INFO - Alpaca clients initialized
2025-04-22 18:22:03,687 - sec_monitor - INFO - All components initialized successfully
2025-04-22 18:22:03,688 - sec_monitor - INFO - Found JSON file from today
2025-04-22 18:22:03,689 - sec_monitor - INFO - Found 25 previously processed accessions and 25 filing URLs
2025-04-22 18:22:03,689 - sec_monitor - INFO - Found 25 accession numbers and 25 URLs from previously processed filings
2025-04-22 18:22:03,689 - sec_monitor - INFO - Fetching SEC filings...
2025-04-22 18:22:31,327 - sec_monitor - INFO - No more entries found
2025-04-22 18:22:31,327 - sec_monitor - INFO - Completed fetching. Found 80 total filings
2025-04-22 18:22:31,327 - sec_monitor - INFO - Found 5 new interesting filings
2025-04-22 18:22:31,327 - sec_monitor - INFO - Found 5 new filings to process
2025-04-22 18:22:31,327 - sec_monitor - INFO - Processing filing 1/5: ELV
2025-04-22 18:23:20,768 - sec_monitor - INFO - ==================================================
2025-04-22 18:23:20,768 - sec_monitor - INFO - Processing first chunk
2025-04-22 18:23:20,768 - sec_monitor - INFO - Timestamp: 2025-04-22 18:23:20
2025-04-22 18:23:21,738 - sec_monitor - INFO - token percentage = 39%
2025-04-22 18:23:21,738 - sec_monitor - INFO - Making API call - Attempt 1/3
2025-04-22 18:23:21,738 - sec_monitor - INFO - Timestamp: 2025-04-22 18:23:21
2025-04-22 18:23:36,728 - sec_monitor - INFO - API call successful
2025-04-22 18:24:06,748 - sec_monitor - INFO - ==================================================
2025-04-22 18:24:06,748 - sec_monitor - INFO - Processing middle chunk
2025-04-22 18:24:06,748 - sec_monitor - INFO - Timestamp: 2025-04-22 18:24:06
2025-04-22 18:24:07,542 - sec_monitor - INFO - token percentage = 59%
2025-04-22 18:24:07,542 - sec_monitor - INFO - Making API call - Attempt 1/3
2025-04-22 18:24:07,542 - sec_monitor - INFO - Timestamp: 2025-04-22 18:24:07
2025-04-22 18:24:30,941 - sec_monitor - INFO - API call successful
2025-04-22 18:25:00,972 - sec_monitor - INFO - ==================================================
2025-04-22 18:25:00,972 - sec_monitor - INFO - Processing middle chunk
2025-04-22 18:25:00,972 - sec_monitor - INFO - Timestamp: 2025-04-22 18:25:00
2025-04-22 18:25:01,714 - sec_monitor - INFO - token percentage = 45%
2025-04-22 18:25:01,715 - sec_monitor - INFO - Making API call - Attempt 1/3
2025-04-22 18:25:01,715 - sec_monitor - INFO - Timestamp: 2025-04-22 18:25:01
2025-04-22 18:25:17,781 - sec_monitor - INFO - API call successful
2025-04-22 18:25:47,811 - sec_monitor - INFO - ==================================================
2025-04-22 18:25:47,811 - sec_monitor - INFO - Processing last chunk
2025-04-22 18:25:47,812 - sec_monitor - INFO - Timestamp: 2025-04-22 18:25:47
2025-04-22 18:25:48,155 - sec_monitor - INFO - token percentage = 23%
2025-04-22 18:25:48,155 - sec_monitor - INFO - Making API call - Attempt 1/3
2025-04-22 18:25:48,156 - sec_monitor - INFO - Timestamp: 2025-04-22 18:25:48
2025-04-22 18:25:55,734 - sec_monitor - INFO - API call successful
2025-04-22 18:25:55,734 - sec_monitor - INFO - Making combine API call - Attempt 1/3
2025-04-22 18:25:55,734 - sec_monitor - INFO - Timestamp: 2025-04-22 18:25:55
2025-04-22 18:25:56,551 - sec_monitor - INFO - Combine API call successful
2025-04-22 18:25:57,552 - sec_monitor - INFO - Processing filing 2/5: NVR
2025-04-22 18:26:28,144 - sec_monitor - INFO - ==================================================
2025-04-22 18:26:28,144 - sec_monitor - INFO - Processing first chunk
2025-04-22 18:26:28,144 - sec_monitor - INFO - Timestamp: 2025-04-22 18:26:28
2025-04-22 18:26:28,251 - sec_monitor - INFO - token percentage = 4%
2025-04-22 18:26:28,251 - sec_monitor - INFO - Making API call - Attempt 1/3
2025-04-22 18:26:28,251 - sec_monitor - INFO - Timestamp: 2025-04-22 18:26:28
2025-04-22 18:26:32,243 - sec_monitor - INFO - API call successful
2025-04-22 18:26:33,245 - sec_monitor - INFO - Processing filing 3/5: MMM
2025-04-22 18:27:32,131 - sec_monitor - INFO - ==================================================
2025-04-22 18:27:32,131 - sec_monitor - INFO - Processing first chunk
2025-04-22 18:27:32,131 - sec_monitor - INFO - Timestamp: 2025-04-22 18:27:32
2025-04-22 18:27:33,299 - sec_monitor - INFO - token percentage = 40%
2025-04-22 18:27:33,299 - sec_monitor - INFO - Making API call - Attempt 1/3
2025-04-22 18:27:33,299 - sec_monitor - INFO - Timestamp: 2025-04-22 18:27:33
2025-04-22 18:27:49,183 - sec_monitor - INFO - API call successful
2025-04-22 18:28:19,213 - sec_monitor - INFO - ==================================================
2025-04-22 18:28:19,214 - sec_monitor - INFO - Processing middle chunk
2025-04-22 18:28:19,214 - sec_monitor - INFO - Timestamp: 2025-04-22 18:28:19
2025-04-22 18:28:20,153 - sec_monitor - INFO - token percentage = 51%
2025-04-22 18:28:20,153 - sec_monitor - INFO - Making API call - Attempt 1/3
2025-04-22 18:28:20,153 - sec_monitor - INFO - Timestamp: 2025-04-22 18:28:20
2025-04-22 18:28:37,994 - sec_monitor - INFO - API call successful
2025-04-22 18:29:08,024 - sec_monitor - INFO - ==================================================
2025-04-22 18:29:08,025 - sec_monitor - INFO - Processing middle chunk
2025-04-22 18:29:08,025 - sec_monitor - INFO - Timestamp: 2025-04-22 18:29:08
2025-04-22 18:29:08,685 - sec_monitor - INFO - token percentage = 62%
2025-04-22 18:29:08,686 - sec_monitor - INFO - Making API call - Attempt 1/3
2025-04-22 18:29:08,686 - sec_monitor - INFO - Timestamp: 2025-04-22 18:29:08
2025-04-22 18:29:30,434 - sec_monitor - INFO - API call successful
2025-04-22 18:30:00,464 - sec_monitor - INFO - ==================================================
2025-04-22 18:30:00,464 - sec_monitor - INFO - Processing last chunk
2025-04-22 18:30:00,464 - sec_monitor - INFO - Timestamp: 2025-04-22 18:30:00
2025-04-22 18:30:01,271 - sec_monitor - INFO - token percentage = 37%
2025-04-22 18:30:01,272 - sec_monitor - INFO - Making API call - Attempt 1/3
2025-04-22 18:30:01,272 - sec_monitor - INFO - Timestamp: 2025-04-22 18:30:01
2025-04-22 18:30:15,310 - sec_monitor - INFO - API call successful
2025-04-22 18:30:15,310 - sec_monitor - INFO - Making combine API call - Attempt 1/3
2025-04-22 18:30:15,310 - sec_monitor - INFO - Timestamp: 2025-04-22 18:30:15
2025-04-22 18:30:16,318 - sec_monitor - INFO - Combine API call successful
2025-04-22 18:30:17,320 - sec_monitor - INFO - Processing filing 4/5: GPC
2025-04-22 18:31:00,835 - sec_monitor - INFO - ==================================================
2025-04-22 18:31:00,835 - sec_monitor - INFO - Processing first chunk
2025-04-22 18:31:00,835 - sec_monitor - INFO - Timestamp: 2025-04-22 18:31:00
2025-04-22 18:31:01,668 - sec_monitor - INFO - token percentage = 44%
2025-04-22 18:31:01,668 - sec_monitor - INFO - Making API call - Attempt 1/3
2025-04-22 18:31:01,668 - sec_monitor - INFO - Timestamp: 2025-04-22 18:31:01
2025-04-22 18:31:23,486 - sec_monitor - INFO - API call successful
2025-04-22 18:31:53,516 - sec_monitor - INFO - ==================================================
2025-04-22 18:31:53,516 - sec_monitor - INFO - Processing last chunk
2025-04-22 18:31:53,517 - sec_monitor - INFO - Timestamp: 2025-04-22 18:31:53
2025-04-22 18:31:54,050 - sec_monitor - INFO - token percentage = 47%
2025-04-22 18:31:54,051 - sec_monitor - INFO - Making API call - Attempt 1/3
2025-04-22 18:31:54,051 - sec_monitor - INFO - Timestamp: 2025-04-22 18:31:54
2025-04-22 18:32:16,807 - sec_monitor - INFO - API call successful
2025-04-22 18:32:16,807 - sec_monitor - INFO - Making combine API call - Attempt 1/3
2025-04-22 18:32:16,807 - sec_monitor - INFO - Timestamp: 2025-04-22 18:32:16
2025-04-22 18:32:17,973 - sec_monitor - INFO - Combine API call successful
2025-04-22 18:32:18,975 - sec_monitor - INFO - Processing filing 5/5: KMB
2025-04-22 18:33:02,101 - sec_monitor - INFO - ==================================================
2025-04-22 18:33:02,101 - sec_monitor - INFO - Processing first chunk
2025-04-22 18:33:02,101 - sec_monitor - INFO - Timestamp: 2025-04-22 18:33:02
2025-04-22 18:33:02,970 - sec_monitor - INFO - token percentage = 50%
2025-04-22 18:33:02,971 - sec_monitor - INFO - Making API call - Attempt 1/3
2025-04-22 18:33:02,971 - sec_monitor - INFO - Timestamp: 2025-04-22 18:33:02
2025-04-22 18:33:21,321 - sec_monitor - INFO - API call successful
2025-04-22 18:33:51,339 - sec_monitor - INFO - ==================================================
2025-04-22 18:33:51,339 - sec_monitor - INFO - Processing last chunk
2025-04-22 18:33:51,339 - sec_monitor - INFO - Timestamp: 2025-04-22 18:33:51
2025-04-22 18:33:51,985 - sec_monitor - INFO - token percentage = 44%
2025-04-22 18:33:51,985 - sec_monitor - INFO - Making API call - Attempt 1/3
2025-04-22 18:33:51,985 - sec_monitor - INFO - Timestamp: 2025-04-22 18:33:51
2025-04-22 18:34:07,748 - sec_monitor - INFO - API call successful
2025-04-22 18:34:07,749 - sec_monitor - INFO - Making combine API call - Attempt 1/3
2025-04-22 18:34:07,749 - sec_monitor - INFO - Timestamp: 2025-04-22 18:34:07
2025-04-22 18:34:08,857 - sec_monitor - INFO - Combine API call successful
2025-04-22 18:34:09,858 - sec_monitor - INFO - Fetching supplementary data...
2025-04-22 18:34:10,408 - sec_monitor - INFO - filing_tickers type: <class 'list'>
2025-04-22 18:34:10,408 - sec_monitor - INFO - filing_data type: <class 'list'>
2025-04-22 18:34:10,408 - sec_monitor - INFO - Market open: True
2025-04-22 18:34:10,408 - sec_monitor - INFO - Number of filing times mapped: 5
2025-04-22 18:34:10,429 - sec_monitor - INFO - Last trading day: 2025-04-22
2025-04-22 18:34:10,429 - sec_monitor - INFO - Processing ticker: ELV
2025-04-22 18:34:10,655 - sec_monitor - INFO - Number of bars for ELV: 2
2025-04-22 18:34:10,655 - sec_monitor - INFO - Last bar close for ELV: 407.35
2025-04-22 18:34:10,655 - sec_monitor - INFO - Market open price for ELV: 407.35, change: -4.064906620192645%
2025-04-22 18:34:10,655 - sec_monitor - INFO - Processing ticker: NVR
2025-04-22 18:34:10,681 - sec_monitor - INFO - Number of bars for NVR: 2
2025-04-22 18:34:10,681 - sec_monitor - INFO - Last bar close for NVR: 7155.02
2025-04-22 18:34:10,681 - sec_monitor - INFO - Market open price for NVR: 7155.02, change: -0.6111943014465857%
2025-04-22 18:34:10,681 - sec_monitor - INFO - Processing ticker: MMM
2025-04-22 18:34:10,706 - sec_monitor - INFO - Number of bars for MMM: 2
2025-04-22 18:34:10,707 - sec_monitor - INFO - Last bar close for MMM: 125.88
2025-04-22 18:34:10,707 - sec_monitor - INFO - Market open price for MMM: 125.88, change: -3.310546124894387%
2025-04-22 18:34:10,707 - sec_monitor - INFO - Processing ticker: GPC
2025-04-22 18:34:10,731 - sec_monitor - INFO - Number of bars for GPC: 2
2025-04-22 18:34:10,731 - sec_monitor - INFO - Last bar close for GPC: 111.79
2025-04-22 18:34:10,731 - sec_monitor - INFO - Market open price for GPC: 111.79, change: -1.9901806066982255%
2025-04-22 18:34:10,731 - sec_monitor - INFO - Processing ticker: KMB
2025-04-22 18:34:10,761 - sec_monitor - INFO - Number of bars for KMB: 2
2025-04-22 18:34:10,761 - sec_monitor - INFO - Last bar close for KMB: 140.03
2025-04-22 18:34:10,761 - sec_monitor - INFO - Market open price for KMB: 140.03, change: -1.8848094170403573%
2025-04-22 18:34:12,856 - sec_monitor - INFO - Generating final output...
2025-04-22 18:34:12,858 - sec_monitor - INFO - Successfully merged 5 new filings with existing JSON
2025-04-22 18:34:12,858 - sec_monitor - INFO - Cumulative stats - Input words: 1693669, Output words: 2361
2025-04-22 18:34:12,858 - sec_monitor - INFO - Successfully saved/merged output to output/sec_filings.json
2025-04-22 18:34:12,858 - sec_monitor - INFO - Processing complete. Stats: {'input_words': 818418, 'output_words': 336, 'filings_processed': 5}
2025-04-22 21:11:20,386 - sec_monitor - INFO - Starting SEC filing monitor 
2025-04-22 21:11:20,386 - sec_monitor - INFO - Loading S&P 500 data...
2025-04-22 21:11:20,386 - sec_monitor - INFO - Starting S&P 500 data initialization
2025-04-22 21:11:20,387 - sec_monitor - INFO - Successfully loaded 503 S&P 500 tickers
2025-04-22 21:11:20,387 - sec_monitor - INFO - Successfully loaded 503 S&P 500 tickers
2025-04-22 21:11:20,387 - sec_monitor - INFO - Initializing components...
2025-04-22 21:11:20,387 - sec_monitor - INFO - Initializing components
2025-04-22 21:11:20,387 - sec_monitor - INFO - SEC fetcher initialized
2025-04-22 21:11:20,387 - sec_monitor - INFO - Filing analyzer initialized
2025-04-22 21:11:20,388 - sec_monitor - INFO - Alpaca clients initialized
2025-04-22 21:11:20,388 - sec_monitor - INFO - All components initialized successfully
2025-04-22 21:11:20,389 - sec_monitor - INFO - Found JSON file from today
2025-04-22 21:11:20,389 - sec_monitor - INFO - Found 30 previously processed accessions and 30 filing URLs
2025-04-22 21:11:20,389 - sec_monitor - INFO - Found 30 accession numbers and 30 URLs from previously processed filings
2025-04-22 21:11:20,389 - sec_monitor - INFO - Fetching SEC filings...
2025-04-22 21:11:35,850 - sec_monitor - INFO - No more entries found
2025-04-22 21:11:35,850 - sec_monitor - INFO - Completed fetching. Found 93 total filings
2025-04-22 21:11:35,850 - sec_monitor - INFO - Found 18 new interesting filings
2025-04-22 21:11:35,851 - sec_monitor - INFO - Found 18 new filings to process
2025-04-22 21:11:35,851 - sec_monitor - INFO - Processing filing 1/18: BKR
2025-04-22 21:12:07,669 - sec_monitor - INFO - ==================================================
2025-04-22 21:12:07,669 - sec_monitor - INFO - Processing first chunk
2025-04-22 21:12:07,669 - sec_monitor - INFO - Timestamp: 2025-04-22 21:12:07
2025-04-22 21:12:08,047 - sec_monitor - INFO - token percentage = 33%
2025-04-22 21:12:08,048 - sec_monitor - INFO - Making API call - Attempt 1/3
2025-04-22 21:12:08,048 - sec_monitor - INFO - Timestamp: 2025-04-22 21:12:08
2025-04-22 21:12:19,793 - sec_monitor - INFO - API call successful
2025-04-22 21:12:20,795 - sec_monitor - INFO - Processing filing 2/18: LMT
2025-04-22 21:13:05,546 - sec_monitor - INFO - ==================================================
2025-04-22 21:13:05,547 - sec_monitor - INFO - Processing first chunk
2025-04-22 21:13:05,547 - sec_monitor - INFO - Timestamp: 2025-04-22 21:13:05
2025-04-22 21:13:07,423 - sec_monitor - INFO - token percentage = 41%
2025-04-22 21:13:07,423 - sec_monitor - INFO - Making API call - Attempt 1/3
2025-04-22 21:13:07,423 - sec_monitor - INFO - Timestamp: 2025-04-22 21:13:07
2025-04-22 21:13:22,261 - sec_monitor - INFO - API call successful
2025-04-22 21:13:52,287 - sec_monitor - INFO - ==================================================
2025-04-22 21:13:52,287 - sec_monitor - INFO - Processing middle chunk
2025-04-22 21:13:52,287 - sec_monitor - INFO - Timestamp: 2025-04-22 21:13:52
2025-04-22 21:13:53,115 - sec_monitor - INFO - token percentage = 53%
2025-04-22 21:13:53,116 - sec_monitor - INFO - Making API call - Attempt 1/3
2025-04-22 21:13:53,116 - sec_monitor - INFO - Timestamp: 2025-04-22 21:13:53
2025-04-22 21:14:12,711 - sec_monitor - INFO - API call successful
2025-04-22 21:14:42,720 - sec_monitor - INFO - ==================================================
2025-04-22 21:14:42,720 - sec_monitor - INFO - Processing last chunk
2025-04-22 21:14:42,721 - sec_monitor - INFO - Timestamp: 2025-04-22 21:14:42
2025-04-22 21:14:43,144 - sec_monitor - INFO - token percentage = 22%
2025-04-22 21:14:43,144 - sec_monitor - INFO - Making API call - Attempt 1/3
2025-04-22 21:14:43,144 - sec_monitor - INFO - Timestamp: 2025-04-22 21:14:43
2025-04-22 21:14:51,746 - sec_monitor - INFO - API call successful
2025-04-22 21:14:51,746 - sec_monitor - INFO - Making combine API call - Attempt 1/3
2025-04-22 21:14:51,746 - sec_monitor - INFO - Timestamp: 2025-04-22 21:14:51
2025-04-22 21:14:52,916 - sec_monitor - INFO - Combine API call successful
2025-04-22 21:14:53,918 - sec_monitor - INFO - Processing filing 3/18: EQT
2025-04-22 21:15:24,404 - sec_monitor - INFO - ==================================================
2025-04-22 21:15:24,405 - sec_monitor - INFO - Processing first chunk
2025-04-22 21:15:24,405 - sec_monitor - INFO - Timestamp: 2025-04-22 21:15:24
2025-04-22 21:15:24,526 - sec_monitor - INFO - token percentage = 3%
2025-04-22 21:15:24,527 - sec_monitor - INFO - Making API call - Attempt 1/3
2025-04-22 21:15:24,527 - sec_monitor - INFO - Timestamp: 2025-04-22 21:15:24
2025-04-22 21:15:27,726 - sec_monitor - INFO - API call successful
2025-04-22 21:15:28,728 - sec_monitor - INFO - Processing filing 4/18: RTX
2025-04-22 21:16:26,910 - sec_monitor - INFO - ==================================================
2025-04-22 21:16:26,910 - sec_monitor - INFO - Processing first chunk
2025-04-22 21:16:26,910 - sec_monitor - INFO - Timestamp: 2025-04-22 21:16:26
2025-04-22 21:16:28,048 - sec_monitor - INFO - token percentage = 41%
2025-04-22 21:16:28,049 - sec_monitor - INFO - Making API call - Attempt 1/3
2025-04-22 21:16:28,049 - sec_monitor - INFO - Timestamp: 2025-04-22 21:16:28
2025-04-22 21:16:43,296 - sec_monitor - INFO - API call successful
2025-04-22 21:17:13,316 - sec_monitor - INFO - ==================================================
2025-04-22 21:17:13,316 - sec_monitor - INFO - Processing middle chunk
2025-04-22 21:17:13,317 - sec_monitor - INFO - Timestamp: 2025-04-22 21:17:13
2025-04-22 21:17:14,306 - sec_monitor - INFO - token percentage = 53%
2025-04-22 21:17:14,307 - sec_monitor - INFO - Making API call - Attempt 1/3
2025-04-22 21:17:14,307 - sec_monitor - INFO - Timestamp: 2025-04-22 21:17:14
2025-04-22 21:17:33,777 - sec_monitor - INFO - API call successful
2025-04-22 21:18:03,807 - sec_monitor - INFO - ==================================================
2025-04-22 21:18:03,808 - sec_monitor - INFO - Processing middle chunk
2025-04-22 21:18:03,808 - sec_monitor - INFO - Timestamp: 2025-04-22 21:18:03
2025-04-22 21:18:04,630 - sec_monitor - INFO - token percentage = 56%
2025-04-22 21:18:04,631 - sec_monitor - INFO - Making API call - Attempt 1/3
2025-04-22 21:18:04,631 - sec_monitor - INFO - Timestamp: 2025-04-22 21:18:04
2025-04-22 21:18:24,921 - sec_monitor - INFO - API call successful
2025-04-22 21:18:54,951 - sec_monitor - INFO - ==================================================
2025-04-22 21:18:54,951 - sec_monitor - INFO - Processing last chunk
2025-04-22 21:18:54,951 - sec_monitor - INFO - Timestamp: 2025-04-22 21:18:54
2025-04-22 21:18:55,277 - sec_monitor - INFO - token percentage = 13%
2025-04-22 21:18:55,277 - sec_monitor - INFO - Making API call - Attempt 1/3
2025-04-22 21:18:55,277 - sec_monitor - INFO - Timestamp: 2025-04-22 21:18:55
2025-04-22 21:19:01,862 - sec_monitor - INFO - API call successful
2025-04-22 21:19:01,862 - sec_monitor - INFO - Making combine API call - Attempt 1/3
2025-04-22 21:19:01,862 - sec_monitor - INFO - Timestamp: 2025-04-22 21:19:01
2025-04-22 21:19:03,001 - sec_monitor - INFO - Combine API call successful
2025-04-22 21:19:04,003 - sec_monitor - INFO - Processing filing 5/18: FMC
2025-04-22 21:19:34,515 - sec_monitor - INFO - ==================================================
2025-04-22 21:19:34,515 - sec_monitor - INFO - Processing first chunk
2025-04-22 21:19:34,515 - sec_monitor - INFO - Timestamp: 2025-04-22 21:19:34
2025-04-22 21:19:34,651 - sec_monitor - INFO - token percentage = 8%
2025-04-22 21:19:34,651 - sec_monitor - INFO - Making API call - Attempt 1/3
2025-04-22 21:19:34,651 - sec_monitor - INFO - Timestamp: 2025-04-22 21:19:34
2025-04-22 21:19:38,736 - sec_monitor - INFO - API call successful
2025-04-22 21:19:39,738 - sec_monitor - INFO - Processing filing 6/18: EQT
2025-04-22 21:20:11,405 - sec_monitor - INFO - ==================================================
2025-04-22 21:20:11,405 - sec_monitor - INFO - Processing first chunk
2025-04-22 21:20:11,405 - sec_monitor - INFO - Timestamp: 2025-04-22 21:20:11
2025-04-22 21:20:11,598 - sec_monitor - INFO - token percentage = 15%
2025-04-22 21:20:11,598 - sec_monitor - INFO - Making API call - Attempt 1/3
2025-04-22 21:20:11,598 - sec_monitor - INFO - Timestamp: 2025-04-22 21:20:11
2025-04-22 21:20:18,032 - sec_monitor - INFO - API call successful
2025-04-22 21:20:19,034 - sec_monitor - INFO - Processing filing 7/18: ENPH
2025-04-22 21:21:22,046 - sec_monitor - INFO - ==================================================
2025-04-22 21:21:22,046 - sec_monitor - INFO - Processing first chunk
2025-04-22 21:21:22,046 - sec_monitor - INFO - Timestamp: 2025-04-22 21:21:22
2025-04-22 21:21:23,100 - sec_monitor - INFO - token percentage = 47%
2025-04-22 21:21:23,100 - sec_monitor - INFO - Making API call - Attempt 1/3
2025-04-22 21:21:23,101 - sec_monitor - INFO - Timestamp: 2025-04-22 21:21:23
2025-04-22 21:21:42,467 - sec_monitor - INFO - API call successful
2025-04-22 21:22:12,497 - sec_monitor - INFO - ==================================================
2025-04-22 21:22:12,497 - sec_monitor - INFO - Processing middle chunk
2025-04-22 21:22:12,497 - sec_monitor - INFO - Timestamp: 2025-04-22 21:22:12
2025-04-22 21:22:13,694 - sec_monitor - INFO - token percentage = 55%
2025-04-22 21:22:13,695 - sec_monitor - INFO - Making API call - Attempt 1/3
2025-04-22 21:22:13,695 - sec_monitor - INFO - Timestamp: 2025-04-22 21:22:13
2025-04-22 21:22:32,903 - sec_monitor - INFO - API call successful
2025-04-22 21:23:02,934 - sec_monitor - INFO - ==================================================
2025-04-22 21:23:02,934 - sec_monitor - INFO - Processing last chunk
2025-04-22 21:23:02,934 - sec_monitor - INFO - Timestamp: 2025-04-22 21:23:02
2025-04-22 21:23:03,708 - sec_monitor - INFO - token percentage = 43%
2025-04-22 21:23:03,708 - sec_monitor - INFO - Making API call - Attempt 1/3
2025-04-22 21:23:03,708 - sec_monitor - INFO - Timestamp: 2025-04-22 21:23:03
2025-04-22 21:23:19,332 - sec_monitor - INFO - API call successful
2025-04-22 21:23:19,332 - sec_monitor - INFO - Making combine API call - Attempt 1/3
2025-04-22 21:23:19,333 - sec_monitor - INFO - Timestamp: 2025-04-22 21:23:19
2025-04-22 21:23:20,260 - sec_monitor - INFO - Combine API call successful
2025-04-22 21:23:21,261 - sec_monitor - INFO - Processing filing 8/18: BKNG
2025-04-22 21:23:51,950 - sec_monitor - INFO - ==================================================
2025-04-22 21:23:51,950 - sec_monitor - INFO - Processing first chunk
2025-04-22 21:23:51,950 - sec_monitor - INFO - Timestamp: 2025-04-22 21:23:51
2025-04-22 21:23:52,050 - sec_monitor - INFO - token percentage = 4%
2025-04-22 21:23:52,050 - sec_monitor - INFO - Making API call - Attempt 1/3
2025-04-22 21:23:52,050 - sec_monitor - INFO - Timestamp: 2025-04-22 21:23:52
2025-04-22 21:23:55,002 - sec_monitor - INFO - API call successful
2025-04-22 21:23:56,004 - sec_monitor - INFO - Processing filing 9/18: EFX
2025-04-22 21:24:37,391 - sec_monitor - INFO - ==================================================
2025-04-22 21:24:37,391 - sec_monitor - INFO - Processing first chunk
2025-04-22 21:24:37,392 - sec_monitor - INFO - Timestamp: 2025-04-22 21:24:37
2025-04-22 21:24:38,543 - sec_monitor - INFO - token percentage = 44%
2025-04-22 21:24:38,543 - sec_monitor - INFO - Making API call - Attempt 1/3
2025-04-22 21:24:38,544 - sec_monitor - INFO - Timestamp: 2025-04-22 21:24:38
2025-04-22 21:24:54,763 - sec_monitor - INFO - API call successful
2025-04-22 21:25:24,775 - sec_monitor - INFO - ==================================================
2025-04-22 21:25:24,775 - sec_monitor - INFO - Processing last chunk
2025-04-22 21:25:24,776 - sec_monitor - INFO - Timestamp: 2025-04-22 21:25:24
2025-04-22 21:25:25,640 - sec_monitor - INFO - token percentage = 47%
2025-04-22 21:25:25,640 - sec_monitor - INFO - Making API call - Attempt 1/3
2025-04-22 21:25:25,641 - sec_monitor - INFO - Timestamp: 2025-04-22 21:25:25
2025-04-22 21:25:42,275 - sec_monitor - INFO - API call successful
2025-04-22 21:25:42,275 - sec_monitor - INFO - Making combine API call - Attempt 1/3
2025-04-22 21:25:42,275 - sec_monitor - INFO - Timestamp: 2025-04-22 21:25:42
2025-04-22 21:25:43,335 - sec_monitor - INFO - Combine API call successful
2025-04-22 21:25:44,336 - sec_monitor - INFO - Processing filing 10/18: PNR
2025-04-22 21:26:30,520 - sec_monitor - INFO - ==================================================
2025-04-22 21:26:30,520 - sec_monitor - INFO - Processing first chunk
2025-04-22 21:26:30,520 - sec_monitor - INFO - Timestamp: 2025-04-22 21:26:30
2025-04-22 21:26:31,721 - sec_monitor - INFO - token percentage = 49%
2025-04-22 21:26:31,721 - sec_monitor - INFO - Making API call - Attempt 1/3
2025-04-22 21:26:31,722 - sec_monitor - INFO - Timestamp: 2025-04-22 21:26:31
2025-04-22 21:26:49,323 - sec_monitor - INFO - API call successful
2025-04-22 21:27:19,353 - sec_monitor - INFO - ==================================================
2025-04-22 21:27:19,354 - sec_monitor - INFO - Processing middle chunk
2025-04-22 21:27:19,354 - sec_monitor - INFO - Timestamp: 2025-04-22 21:27:19
2025-04-22 21:27:20,257 - sec_monitor - INFO - token percentage = 53%
2025-04-22 21:27:20,258 - sec_monitor - INFO - Making API call - Attempt 1/3
2025-04-22 21:27:20,258 - sec_monitor - INFO - Timestamp: 2025-04-22 21:27:20
2025-04-22 21:27:39,778 - sec_monitor - INFO - API call successful
2025-04-22 21:28:09,793 - sec_monitor - INFO - ==================================================
2025-04-22 21:28:09,794 - sec_monitor - INFO - Processing last chunk
2025-04-22 21:28:09,794 - sec_monitor - INFO - Timestamp: 2025-04-22 21:28:09
2025-04-22 21:28:10,326 - sec_monitor - INFO - token percentage = 37%
2025-04-22 21:28:10,327 - sec_monitor - INFO - Making API call - Attempt 1/3
2025-04-22 21:28:10,327 - sec_monitor - INFO - Timestamp: 2025-04-22 21:28:10
2025-04-22 21:28:23,415 - sec_monitor - INFO - API call successful
2025-04-22 21:28:23,415 - sec_monitor - INFO - Making combine API call - Attempt 1/3
2025-04-22 21:28:23,415 - sec_monitor - INFO - Timestamp: 2025-04-22 21:28:23
2025-04-22 21:28:24,264 - sec_monitor - INFO - Combine API call successful
2025-04-22 21:28:25,265 - sec_monitor - INFO - Processing filing 11/18: PHM
2025-04-22 21:29:08,103 - sec_monitor - INFO - ==================================================
2025-04-22 21:29:08,103 - sec_monitor - INFO - Processing first chunk
2025-04-22 21:29:08,103 - sec_monitor - INFO - Timestamp: 2025-04-22 21:29:08
2025-04-22 21:29:09,367 - sec_monitor - INFO - token percentage = 53%
2025-04-22 21:29:09,367 - sec_monitor - INFO - Making API call - Attempt 1/3
2025-04-22 21:29:09,367 - sec_monitor - INFO - Timestamp: 2025-04-22 21:29:09
2025-04-22 21:29:28,702 - sec_monitor - INFO - API call successful
2025-04-22 21:29:58,733 - sec_monitor - INFO - ==================================================
2025-04-22 21:29:58,733 - sec_monitor - INFO - Processing middle chunk
2025-04-22 21:29:58,733 - sec_monitor - INFO - Timestamp: 2025-04-22 21:29:58
2025-04-22 21:29:59,471 - sec_monitor - INFO - token percentage = 45%
2025-04-22 21:29:59,471 - sec_monitor - INFO - Making API call - Attempt 1/3
2025-04-22 21:29:59,471 - sec_monitor - INFO - Timestamp: 2025-04-22 21:29:59
2025-04-22 21:30:15,092 - sec_monitor - INFO - API call successful
2025-04-22 21:30:45,123 - sec_monitor - INFO - ==================================================
2025-04-22 21:30:45,123 - sec_monitor - INFO - Processing last chunk
2025-04-22 21:30:45,123 - sec_monitor - INFO - Timestamp: 2025-04-22 21:30:45
2025-04-22 21:30:45,178 - sec_monitor - INFO - token percentage = 3%
2025-04-22 21:30:45,178 - sec_monitor - INFO - Making API call - Attempt 1/3
2025-04-22 21:30:45,178 - sec_monitor - INFO - Timestamp: 2025-04-22 21:30:45
2025-04-22 21:30:48,221 - sec_monitor - INFO - API call successful
2025-04-22 21:30:48,221 - sec_monitor - INFO - Making combine API call - Attempt 1/3
2025-04-22 21:30:48,221 - sec_monitor - INFO - Timestamp: 2025-04-22 21:30:48
2025-04-22 21:30:49,312 - sec_monitor - INFO - Combine API call successful
2025-04-22 21:30:50,313 - sec_monitor - INFO - Processing filing 12/18: AVGO
2025-04-22 21:31:20,749 - sec_monitor - INFO - ==================================================
2025-04-22 21:31:20,749 - sec_monitor - INFO - Processing first chunk
2025-04-22 21:31:20,749 - sec_monitor - INFO - Timestamp: 2025-04-22 21:31:20
2025-04-22 21:31:20,854 - sec_monitor - INFO - token percentage = 2%
2025-04-22 21:31:20,855 - sec_monitor - INFO - Making API call - Attempt 1/3
2025-04-22 21:31:20,855 - sec_monitor - INFO - Timestamp: 2025-04-22 21:31:20
2025-04-22 21:31:22,574 - sec_monitor - INFO - API call successful
2025-04-22 21:31:23,575 - sec_monitor - INFO - Processing filing 13/18: TSLA
2025-04-22 21:32:28,729 - sec_monitor - INFO - ==================================================
2025-04-22 21:32:28,729 - sec_monitor - INFO - Processing first chunk
2025-04-22 21:32:28,729 - sec_monitor - INFO - Timestamp: 2025-04-22 21:32:28
2025-04-22 21:32:29,162 - sec_monitor - INFO - token percentage = 48%
2025-04-22 21:32:29,163 - sec_monitor - INFO - Making API call - Attempt 1/3
2025-04-22 21:32:29,163 - sec_monitor - INFO - Timestamp: 2025-04-22 21:32:29
2025-04-22 21:32:45,971 - sec_monitor - INFO - API call successful
2025-04-22 21:33:15,983 - sec_monitor - INFO - ==================================================
2025-04-22 21:33:15,983 - sec_monitor - INFO - Processing middle chunk
2025-04-22 21:33:15,984 - sec_monitor - INFO - Timestamp: 2025-04-22 21:33:15
2025-04-22 21:33:16,363 - sec_monitor - INFO - token percentage = 50%
2025-04-22 21:33:16,363 - sec_monitor - INFO - Making API call - Attempt 1/3
2025-04-22 21:33:16,363 - sec_monitor - INFO - Timestamp: 2025-04-22 21:33:16
2025-04-22 21:33:33,111 - sec_monitor - INFO - API call successful
2025-04-22 21:34:03,142 - sec_monitor - INFO - ==================================================
2025-04-22 21:34:03,142 - sec_monitor - INFO - Processing middle chunk
2025-04-22 21:34:03,142 - sec_monitor - INFO - Timestamp: 2025-04-22 21:34:03
2025-04-22 21:34:03,448 - sec_monitor - INFO - token percentage = 50%
2025-04-22 21:34:03,449 - sec_monitor - INFO - Making API call - Attempt 1/3
2025-04-22 21:34:03,449 - sec_monitor - INFO - Timestamp: 2025-04-22 21:34:03
2025-04-22 21:34:20,117 - sec_monitor - INFO - API call successful
2025-04-22 21:34:50,127 - sec_monitor - INFO - ==================================================
2025-04-22 21:34:50,127 - sec_monitor - INFO - Processing middle chunk
2025-04-22 21:34:50,127 - sec_monitor - INFO - Timestamp: 2025-04-22 21:34:50
2025-04-22 21:34:50,527 - sec_monitor - INFO - token percentage = 49%
2025-04-22 21:34:50,527 - sec_monitor - INFO - Making API call - Attempt 1/3
2025-04-22 21:34:50,527 - sec_monitor - INFO - Timestamp: 2025-04-22 21:34:50
2025-04-22 21:35:07,552 - sec_monitor - INFO - API call successful
2025-04-22 21:35:37,583 - sec_monitor - INFO - ==================================================
2025-04-22 21:35:37,583 - sec_monitor - INFO - Processing middle chunk
2025-04-22 21:35:37,583 - sec_monitor - INFO - Timestamp: 2025-04-22 21:35:37
2025-04-22 21:35:37,824 - sec_monitor - INFO - token percentage = 52%
2025-04-22 21:35:37,825 - sec_monitor - INFO - Making API call - Attempt 1/3
2025-04-22 21:35:37,825 - sec_monitor - INFO - Timestamp: 2025-04-22 21:35:37
2025-04-22 21:35:55,392 - sec_monitor - INFO - API call successful
2025-04-22 21:36:25,423 - sec_monitor - INFO - ==================================================
2025-04-22 21:36:25,423 - sec_monitor - INFO - Processing last chunk
2025-04-22 21:36:25,423 - sec_monitor - INFO - Timestamp: 2025-04-22 21:36:25
2025-04-22 21:36:25,579 - sec_monitor - INFO - token percentage = 17%
2025-04-22 21:36:25,579 - sec_monitor - INFO - Making API call - Attempt 1/3
2025-04-22 21:36:25,579 - sec_monitor - INFO - Timestamp: 2025-04-22 21:36:25
2025-04-22 21:36:32,585 - sec_monitor - INFO - API call successful
2025-04-22 21:36:32,586 - sec_monitor - INFO - Making combine API call - Attempt 1/3
2025-04-22 21:36:32,586 - sec_monitor - INFO - Timestamp: 2025-04-22 21:36:32
2025-04-22 21:36:33,515 - sec_monitor - INFO - Combine API call successful
2025-04-22 21:36:34,516 - sec_monitor - INFO - Processing filing 14/18: ENPH
2025-04-22 21:37:05,375 - sec_monitor - INFO - ==================================================
2025-04-22 21:37:05,376 - sec_monitor - INFO - Processing first chunk
2025-04-22 21:37:05,376 - sec_monitor - INFO - Timestamp: 2025-04-22 21:37:05
2025-04-22 21:37:05,480 - sec_monitor - INFO - token percentage = 8%
2025-04-22 21:37:05,480 - sec_monitor - INFO - Making API call - Attempt 1/3
2025-04-22 21:37:05,480 - sec_monitor - INFO - Timestamp: 2025-04-22 21:37:05
2025-04-22 21:37:10,455 - sec_monitor - INFO - API call successful
2025-04-22 21:37:11,457 - sec_monitor - INFO - Processing filing 15/18: JBL
2025-04-22 21:37:41,874 - sec_monitor - INFO - ==================================================
2025-04-22 21:37:41,874 - sec_monitor - INFO - Processing first chunk
2025-04-22 21:37:41,874 - sec_monitor - INFO - Timestamp: 2025-04-22 21:37:41
2025-04-22 21:37:41,973 - sec_monitor - INFO - token percentage = 3%
2025-04-22 21:37:41,973 - sec_monitor - INFO - Making API call - Attempt 1/3
2025-04-22 21:37:41,973 - sec_monitor - INFO - Timestamp: 2025-04-22 21:37:41
2025-04-22 21:37:44,966 - sec_monitor - INFO - API call successful
2025-04-22 21:37:45,967 - sec_monitor - INFO - Processing filing 16/18: ISRG
2025-04-22 21:38:16,533 - sec_monitor - INFO - ==================================================
2025-04-22 21:38:16,533 - sec_monitor - INFO - Processing first chunk
2025-04-22 21:38:16,534 - sec_monitor - INFO - Timestamp: 2025-04-22 21:38:16
2025-04-22 21:38:16,621 - sec_monitor - INFO - token percentage = 4%
2025-04-22 21:38:16,621 - sec_monitor - INFO - Making API call - Attempt 1/3
2025-04-22 21:38:16,621 - sec_monitor - INFO - Timestamp: 2025-04-22 21:38:16
2025-04-22 21:38:20,254 - sec_monitor - INFO - API call successful
2025-04-22 21:38:21,256 - sec_monitor - INFO - Processing filing 17/18: NOC
2025-04-22 21:39:07,705 - sec_monitor - INFO - ==================================================
2025-04-22 21:39:07,705 - sec_monitor - INFO - Processing first chunk
2025-04-22 21:39:07,705 - sec_monitor - INFO - Timestamp: 2025-04-22 21:39:07
2025-04-22 21:39:08,852 - sec_monitor - INFO - token percentage = 52%
2025-04-22 21:39:08,852 - sec_monitor - INFO - Making API call - Attempt 1/3
2025-04-22 21:39:08,852 - sec_monitor - INFO - Timestamp: 2025-04-22 21:39:08
2025-04-22 21:39:27,969 - sec_monitor - INFO - API call successful
2025-04-22 21:39:57,981 - sec_monitor - INFO - ==================================================
2025-04-22 21:39:57,981 - sec_monitor - INFO - Processing middle chunk
2025-04-22 21:39:57,981 - sec_monitor - INFO - Timestamp: 2025-04-22 21:39:57
2025-04-22 21:39:58,876 - sec_monitor - INFO - token percentage = 46%
2025-04-22 21:39:58,876 - sec_monitor - INFO - Making API call - Attempt 1/3
2025-04-22 21:39:58,876 - sec_monitor - INFO - Timestamp: 2025-04-22 21:39:58
2025-04-22 21:40:16,715 - sec_monitor - INFO - API call successful
2025-04-22 21:40:46,736 - sec_monitor - INFO - ==================================================
2025-04-22 21:40:46,736 - sec_monitor - INFO - Processing last chunk
2025-04-22 21:40:46,736 - sec_monitor - INFO - Timestamp: 2025-04-22 21:40:46
2025-04-22 21:40:47,159 - sec_monitor - INFO - token percentage = 26%
2025-04-22 21:40:47,159 - sec_monitor - INFO - Making API call - Attempt 1/3
2025-04-22 21:40:47,159 - sec_monitor - INFO - Timestamp: 2025-04-22 21:40:47
2025-04-22 21:40:56,201 - sec_monitor - INFO - API call successful
2025-04-22 21:40:56,201 - sec_monitor - INFO - Making combine API call - Attempt 1/3
2025-04-22 21:40:56,201 - sec_monitor - INFO - Timestamp: 2025-04-22 21:40:56
2025-04-22 21:40:57,284 - sec_monitor - INFO - Combine API call successful
2025-04-22 21:40:58,286 - sec_monitor - INFO - Processing filing 18/18: MSCI
2025-04-22 21:41:42,835 - sec_monitor - INFO - ==================================================
2025-04-22 21:41:42,835 - sec_monitor - INFO - Processing first chunk
2025-04-22 21:41:42,835 - sec_monitor - INFO - Timestamp: 2025-04-22 21:41:42
2025-04-22 21:41:43,509 - sec_monitor - INFO - token percentage = 52%
2025-04-22 21:41:43,510 - sec_monitor - INFO - Making API call - Attempt 1/3
2025-04-22 21:41:43,510 - sec_monitor - INFO - Timestamp: 2025-04-22 21:41:43
2025-04-22 21:42:01,698 - sec_monitor - INFO - API call successful
2025-04-22 21:42:31,728 - sec_monitor - INFO - ==================================================
2025-04-22 21:42:31,729 - sec_monitor - INFO - Processing middle chunk
2025-04-22 21:42:31,729 - sec_monitor - INFO - Timestamp: 2025-04-22 21:42:31
2025-04-22 21:42:32,673 - sec_monitor - INFO - token percentage = 45%
2025-04-22 21:42:32,674 - sec_monitor - INFO - Making API call - Attempt 1/3
2025-04-22 21:42:32,674 - sec_monitor - INFO - Timestamp: 2025-04-22 21:42:32
2025-04-22 21:42:49,045 - sec_monitor - INFO - API call successful
2025-04-22 21:43:19,074 - sec_monitor - INFO - ==================================================
2025-04-22 21:43:19,074 - sec_monitor - INFO - Processing last chunk
2025-04-22 21:43:19,074 - sec_monitor - INFO - Timestamp: 2025-04-22 21:43:19
2025-04-22 21:43:19,247 - sec_monitor - INFO - token percentage = 13%
2025-04-22 21:43:19,248 - sec_monitor - INFO - Making API call - Attempt 1/3
2025-04-22 21:43:19,248 - sec_monitor - INFO - Timestamp: 2025-04-22 21:43:19
2025-04-22 21:43:23,786 - sec_monitor - INFO - API call successful
2025-04-22 21:43:23,787 - sec_monitor - INFO - Making combine API call - Attempt 1/3
2025-04-22 21:43:23,787 - sec_monitor - INFO - Timestamp: 2025-04-22 21:43:23
2025-04-22 21:43:24,824 - sec_monitor - INFO - Combine API call successful
2025-04-22 21:43:25,826 - sec_monitor - INFO - Fetching supplementary data...
2025-04-22 21:43:25,946 - sec_monitor - INFO - filing_tickers type: <class 'list'>
2025-04-22 21:43:25,947 - sec_monitor - INFO - filing_data type: <class 'list'>
2025-04-22 21:43:25,947 - sec_monitor - INFO - Market open: False
2025-04-22 21:43:25,947 - sec_monitor - INFO - Number of filing times mapped: 16
2025-04-22 21:43:25,968 - sec_monitor - INFO - Last trading day: 2025-04-22
2025-04-22 21:43:25,968 - sec_monitor - INFO - Processing ticker: BKR
2025-04-22 21:43:26,293 - sec_monitor - INFO - Number of bars for BKR: 2
2025-04-22 21:43:26,293 - sec_monitor - INFO - Last bar close for BKR: 37.81
2025-04-22 21:43:26,293 - sec_monitor - INFO - Outside market hours price for BKR: 37.81
2025-04-22 21:43:26,293 - sec_monitor - INFO - Processing ticker: LMT
2025-04-22 21:43:26,332 - sec_monitor - INFO - Number of bars for LMT: 2
2025-04-22 21:43:26,332 - sec_monitor - INFO - Last bar close for LMT: 458.545
2025-04-22 21:43:26,332 - sec_monitor - INFO - Outside market hours price for LMT: 458.545
2025-04-22 21:43:26,332 - sec_monitor - INFO - Processing ticker: EQT
2025-04-22 21:43:26,356 - sec_monitor - INFO - Number of bars for EQT: 2
2025-04-22 21:43:26,356 - sec_monitor - INFO - Last bar close for EQT: 47.66
2025-04-22 21:43:26,357 - sec_monitor - INFO - Outside market hours price for EQT: 47.66
2025-04-22 21:43:26,357 - sec_monitor - INFO - Processing ticker: RTX
2025-04-22 21:43:26,384 - sec_monitor - INFO - Number of bars for RTX: 2
2025-04-22 21:43:26,384 - sec_monitor - INFO - Last bar close for RTX: 126.17
2025-04-22 21:43:26,384 - sec_monitor - INFO - Outside market hours price for RTX: 126.17
2025-04-22 21:43:26,384 - sec_monitor - INFO - Processing ticker: FMC
2025-04-22 21:43:26,413 - sec_monitor - INFO - Number of bars for FMC: 2
2025-04-22 21:43:26,414 - sec_monitor - INFO - Last bar close for FMC: 38.07
2025-04-22 21:43:26,414 - sec_monitor - INFO - Outside market hours price for FMC: 38.07
2025-04-22 21:43:26,414 - sec_monitor - INFO - Processing ticker: EQT
2025-04-22 21:43:26,437 - sec_monitor - INFO - Number of bars for EQT: 2
2025-04-22 21:43:26,437 - sec_monitor - INFO - Last bar close for EQT: 47.66
2025-04-22 21:43:26,437 - sec_monitor - INFO - Outside market hours price for EQT: 47.66
2025-04-22 21:43:26,437 - sec_monitor - INFO - Processing ticker: ENPH
2025-04-22 21:43:26,462 - sec_monitor - INFO - Number of bars for ENPH: 2
2025-04-22 21:43:26,462 - sec_monitor - INFO - Last bar close for ENPH: 51.63
2025-04-22 21:43:26,463 - sec_monitor - INFO - Outside market hours price for ENPH: 51.63
2025-04-22 21:43:26,463 - sec_monitor - INFO - Processing ticker: BKNG
2025-04-22 21:43:26,488 - sec_monitor - INFO - Number of bars for BKNG: 2
2025-04-22 21:43:26,488 - sec_monitor - INFO - Last bar close for BKNG: 4407.74
2025-04-22 21:43:26,488 - sec_monitor - INFO - Outside market hours price for BKNG: 4407.74
2025-04-22 21:43:26,489 - sec_monitor - INFO - Processing ticker: EFX
2025-04-22 21:43:26,513 - sec_monitor - INFO - Number of bars for EFX: 2
2025-04-22 21:43:26,513 - sec_monitor - INFO - Last bar close for EFX: 215.06
2025-04-22 21:43:26,513 - sec_monitor - INFO - Outside market hours price for EFX: 215.06
2025-04-22 21:43:26,513 - sec_monitor - INFO - Processing ticker: PNR
2025-04-22 21:43:26,538 - sec_monitor - INFO - Number of bars for PNR: 2
2025-04-22 21:43:26,538 - sec_monitor - INFO - Last bar close for PNR: 78.94
2025-04-22 21:43:26,538 - sec_monitor - INFO - Outside market hours price for PNR: 78.94
2025-04-22 21:43:26,538 - sec_monitor - INFO - Processing ticker: PHM
2025-04-22 21:43:26,565 - sec_monitor - INFO - Number of bars for PHM: 2
2025-04-22 21:43:26,565 - sec_monitor - INFO - Last bar close for PHM: 93.12
2025-04-22 21:43:26,565 - sec_monitor - INFO - Outside market hours price for PHM: 93.12
2025-04-22 21:43:26,565 - sec_monitor - INFO - Processing ticker: AVGO
2025-04-22 21:43:26,589 - sec_monitor - INFO - Number of bars for AVGO: 2
2025-04-22 21:43:26,589 - sec_monitor - INFO - Last bar close for AVGO: 166.26
2025-04-22 21:43:26,590 - sec_monitor - INFO - Outside market hours price for AVGO: 166.26
2025-04-22 21:43:26,590 - sec_monitor - INFO - Processing ticker: TSLA
2025-04-22 21:43:26,614 - sec_monitor - INFO - Number of bars for TSLA: 2
2025-04-22 21:43:26,614 - sec_monitor - INFO - Last bar close for TSLA: 227.5
2025-04-22 21:43:26,615 - sec_monitor - INFO - Outside market hours price for TSLA: 227.5
2025-04-22 21:43:26,615 - sec_monitor - INFO - Processing ticker: ENPH
2025-04-22 21:43:26,639 - sec_monitor - INFO - Number of bars for ENPH: 2
2025-04-22 21:43:26,640 - sec_monitor - INFO - Last bar close for ENPH: 51.63
2025-04-22 21:43:26,640 - sec_monitor - INFO - Outside market hours price for ENPH: 51.63
2025-04-22 21:43:26,640 - sec_monitor - INFO - Processing ticker: JBL
2025-04-22 21:43:26,666 - sec_monitor - INFO - Number of bars for JBL: 2
2025-04-22 21:43:26,666 - sec_monitor - INFO - Last bar close for JBL: 129.715
2025-04-22 21:43:26,667 - sec_monitor - INFO - Outside market hours price for JBL: 129.715
2025-04-22 21:43:26,667 - sec_monitor - INFO - Processing ticker: ISRG
2025-04-22 21:43:26,696 - sec_monitor - INFO - Number of bars for ISRG: 2
2025-04-22 21:43:26,696 - sec_monitor - INFO - Last bar close for ISRG: 468.47
2025-04-22 21:43:26,696 - sec_monitor - INFO - Outside market hours price for ISRG: 468.47
2025-04-22 21:43:26,696 - sec_monitor - INFO - Processing ticker: NOC
2025-04-22 21:43:26,727 - sec_monitor - INFO - Number of bars for NOC: 2
2025-04-22 21:43:26,727 - sec_monitor - INFO - Last bar close for NOC: 530.86
2025-04-22 21:43:26,727 - sec_monitor - INFO - Outside market hours price for NOC: 530.86
2025-04-22 21:43:26,727 - sec_monitor - INFO - Processing ticker: MSCI
2025-04-22 21:43:26,755 - sec_monitor - INFO - Number of bars for MSCI: 2
2025-04-22 21:43:26,756 - sec_monitor - INFO - Last bar close for MSCI: 533.33
2025-04-22 21:43:26,756 - sec_monitor - INFO - Same-day filing price for MSCI: 533.33, change: -2.4687745734506152%
2025-04-22 21:43:32,486 - sec_monitor - INFO - Generating final output...
2025-04-22 21:43:32,487 - sec_monitor - INFO - Successfully merged 18 new filings with existing JSON
2025-04-22 21:43:32,488 - sec_monitor - INFO - Cumulative stats - Input words: 3365999, Output words: 3605
2025-04-22 21:43:32,488 - sec_monitor - INFO - Successfully saved/merged output to output/sec_filings.json
2025-04-22 21:43:32,488 - sec_monitor - INFO - Processing complete. Stats: {'input_words': 1672330, 'output_words': 1244, 'filings_processed': 18}
