2025-04-30 11:09:41,716 - sec_monitor - INFO - Starting SEC filing monitor 
2025-04-30 11:09:41,716 - sec_monitor - INFO - Loading S&P 500 data...
2025-04-30 11:09:41,716 - sec_monitor - INFO - Starting S&P 500 data initialization
2025-04-30 11:09:41,716 - sec_monitor - INFO - Successfully loaded 503 S&P 500 tickers
2025-04-30 11:09:41,717 - sec_monitor - INFO - Successfully loaded 503 S&P 500 tickers
2025-04-30 11:09:41,717 - sec_monitor - INFO - Initializing components...
2025-04-30 11:09:41,717 - sec_monitor - INFO - Initializing components
2025-04-30 11:09:41,717 - sec_monitor - INFO - SEC fetcher initialized
2025-04-30 11:09:41,717 - sec_monitor - INFO - Filing analyzer initialized
2025-04-30 11:09:41,717 - sec_monitor - INFO - Alpaca clients initialized
2025-04-30 11:09:41,717 - sec_monitor - INFO - All components initialized successfully
2025-04-30 11:09:41,718 - sec_monitor - INFO - Found old JSON file, archiving
2025-04-30 11:09:41,719 - sec_monitor - INFO - Starting new filing collection for today
2025-04-30 11:09:41,719 - sec_monitor - INFO - Fetching SEC filings...
2025-04-30 11:09:57,085 - sec_monitor - INFO - No more entries found
2025-04-30 11:09:57,085 - sec_monitor - INFO - Completed fetching. Found 94 total filings
2025-04-30 11:09:57,085 - sec_monitor - INFO - Found 22 new interesting filings
2025-04-30 11:09:57,085 - sec_monitor - INFO - Found 22 new filings to process
2025-04-30 11:09:57,085 - sec_monitor - INFO - Processing filing 1/22: YUM
2025-04-30 11:10:29,167 - sec_monitor - INFO - ==================================================
2025-04-30 11:10:29,167 - sec_monitor - INFO - Processing first chunk
2025-04-30 11:10:29,167 - sec_monitor - INFO - Timestamp: 2025-04-30 11:10:29
2025-04-30 11:10:29,417 - sec_monitor - INFO - token percentage = 17%
2025-04-30 11:10:29,418 - sec_monitor - INFO - Making API call - Attempt 1/3
2025-04-30 11:10:29,418 - sec_monitor - INFO - Timestamp: 2025-04-30 11:10:29
2025-04-30 11:10:36,310 - sec_monitor - INFO - API call successful
2025-04-30 11:10:37,312 - sec_monitor - INFO - Processing filing 2/22: GRMN
2025-04-30 11:11:23,613 - sec_monitor - INFO - ==================================================
2025-04-30 11:11:23,613 - sec_monitor - INFO - Processing first chunk
2025-04-30 11:11:23,613 - sec_monitor - INFO - Timestamp: 2025-04-30 11:11:23
2025-04-30 11:11:24,521 - sec_monitor - INFO - token percentage = 45%
2025-04-30 11:11:24,522 - sec_monitor - INFO - Making API call - Attempt 1/3
2025-04-30 11:11:24,522 - sec_monitor - INFO - Timestamp: 2025-04-30 11:11:24
2025-04-30 11:11:41,595 - sec_monitor - INFO - API call successful
2025-04-30 11:12:11,625 - sec_monitor - INFO - ==================================================
2025-04-30 11:12:11,625 - sec_monitor - INFO - Processing middle chunk
2025-04-30 11:12:11,625 - sec_monitor - INFO - Timestamp: 2025-04-30 11:12:11
2025-04-30 11:12:12,757 - sec_monitor - INFO - token percentage = 56%
2025-04-30 11:12:12,757 - sec_monitor - INFO - Making API call - Attempt 1/3
2025-04-30 11:12:12,757 - sec_monitor - INFO - Timestamp: 2025-04-30 11:12:12
2025-04-30 11:12:34,144 - sec_monitor - INFO - API call successful
2025-04-30 11:13:04,152 - sec_monitor - INFO - ==================================================
2025-04-30 11:13:04,152 - sec_monitor - INFO - Processing last chunk
2025-04-30 11:13:04,153 - sec_monitor - INFO - Timestamp: 2025-04-30 11:13:04
2025-04-30 11:13:04,837 - sec_monitor - INFO - token percentage = 24%
2025-04-30 11:13:04,837 - sec_monitor - INFO - Making API call - Attempt 1/3
2025-04-30 11:13:04,837 - sec_monitor - INFO - Timestamp: 2025-04-30 11:13:04
2025-04-30 11:13:14,954 - sec_monitor - INFO - API call successful
2025-04-30 11:13:14,954 - sec_monitor - INFO - Making combine API call - Attempt 1/3
2025-04-30 11:13:14,954 - sec_monitor - INFO - Timestamp: 2025-04-30 11:13:14
2025-04-30 11:13:15,929 - sec_monitor - INFO - Combine API call successful
2025-04-30 11:13:16,930 - sec_monitor - INFO - Processing filing 3/22: NCLH
2025-04-30 11:13:47,852 - sec_monitor - INFO - ==================================================
2025-04-30 11:13:47,853 - sec_monitor - INFO - Processing first chunk
2025-04-30 11:13:47,853 - sec_monitor - INFO - Timestamp: 2025-04-30 11:13:47
2025-04-30 11:13:48,091 - sec_monitor - INFO - token percentage = 6%
2025-04-30 11:13:48,091 - sec_monitor - INFO - Making API call - Attempt 1/3
2025-04-30 11:13:48,091 - sec_monitor - INFO - Timestamp: 2025-04-30 11:13:48
2025-04-30 11:13:51,960 - sec_monitor - INFO - API call successful
2025-04-30 11:13:52,962 - sec_monitor - INFO - Processing filing 4/22: GRMN
2025-04-30 11:14:24,406 - sec_monitor - INFO - ==================================================
2025-04-30 11:14:24,406 - sec_monitor - INFO - Processing first chunk
2025-04-30 11:14:24,406 - sec_monitor - INFO - Timestamp: 2025-04-30 11:14:24
2025-04-30 11:14:24,614 - sec_monitor - INFO - token percentage = 12%
2025-04-30 11:14:24,614 - sec_monitor - INFO - Making API call - Attempt 1/3
2025-04-30 11:14:24,614 - sec_monitor - INFO - Timestamp: 2025-04-30 11:14:24
2025-04-30 11:14:29,782 - sec_monitor - INFO - API call successful
2025-04-30 11:14:30,783 - sec_monitor - INFO - Processing filing 5/22: MLM
2025-04-30 11:15:03,730 - sec_monitor - INFO - ==================================================
2025-04-30 11:15:03,730 - sec_monitor - INFO - Processing first chunk
2025-04-30 11:15:03,730 - sec_monitor - INFO - Timestamp: 2025-04-30 11:15:03
2025-04-30 11:15:04,152 - sec_monitor - INFO - token percentage = 45%
2025-04-30 11:15:04,153 - sec_monitor - INFO - Making API call - Attempt 1/3
2025-04-30 11:15:04,153 - sec_monitor - INFO - Timestamp: 2025-04-30 11:15:04
2025-04-30 11:15:19,979 - sec_monitor - INFO - API call successful
2025-04-30 11:15:20,980 - sec_monitor - INFO - Processing filing 6/22: ADP
2025-04-30 11:15:52,191 - sec_monitor - INFO - ==================================================
2025-04-30 11:15:52,191 - sec_monitor - INFO - Processing first chunk
2025-04-30 11:15:52,191 - sec_monitor - INFO - Timestamp: 2025-04-30 11:15:52
2025-04-30 11:15:52,389 - sec_monitor - INFO - token percentage = 6%
2025-04-30 11:15:52,389 - sec_monitor - INFO - Making API call - Attempt 1/3
2025-04-30 11:15:52,389 - sec_monitor - INFO - Timestamp: 2025-04-30 11:15:52
2025-04-30 11:15:56,166 - sec_monitor - INFO - API call successful
2025-04-30 11:15:57,168 - sec_monitor - INFO - Processing filing 7/22: ADP
2025-04-30 11:16:27,625 - sec_monitor - INFO - ==================================================
2025-04-30 11:16:27,625 - sec_monitor - INFO - Processing first chunk
2025-04-30 11:16:27,626 - sec_monitor - INFO - Timestamp: 2025-04-30 11:16:27
2025-04-30 11:16:27,767 - sec_monitor - INFO - token percentage = 4%
2025-04-30 11:16:27,767 - sec_monitor - INFO - Making API call - Attempt 1/3
2025-04-30 11:16:27,767 - sec_monitor - INFO - Timestamp: 2025-04-30 11:16:27
2025-04-30 11:16:31,123 - sec_monitor - INFO - API call successful
2025-04-30 11:16:32,125 - sec_monitor - INFO - Processing filing 8/22: CAT
2025-04-30 11:17:11,328 - sec_monitor - INFO - ==================================================
2025-04-30 11:17:11,328 - sec_monitor - INFO - Processing first chunk
2025-04-30 11:17:11,328 - sec_monitor - INFO - Timestamp: 2025-04-30 11:17:11
2025-04-30 11:17:11,671 - sec_monitor - INFO - token percentage = 49%
2025-04-30 11:17:11,671 - sec_monitor - INFO - Making API call - Attempt 1/3
2025-04-30 11:17:11,671 - sec_monitor - INFO - Timestamp: 2025-04-30 11:17:11
2025-04-30 11:17:29,141 - sec_monitor - INFO - API call successful
2025-04-30 11:17:59,171 - sec_monitor - INFO - ==================================================
2025-04-30 11:17:59,171 - sec_monitor - INFO - Processing last chunk
2025-04-30 11:17:59,171 - sec_monitor - INFO - Timestamp: 2025-04-30 11:17:59
2025-04-30 11:17:59,757 - sec_monitor - INFO - token percentage = 49%
2025-04-30 11:17:59,757 - sec_monitor - INFO - Making API call - Attempt 1/3
2025-04-30 11:17:59,758 - sec_monitor - INFO - Timestamp: 2025-04-30 11:17:59
2025-04-30 11:18:16,461 - sec_monitor - INFO - API call successful
2025-04-30 11:18:16,462 - sec_monitor - INFO - Making combine API call - Attempt 1/3
2025-04-30 11:18:16,462 - sec_monitor - INFO - Timestamp: 2025-04-30 11:18:16
2025-04-30 11:18:17,472 - sec_monitor - INFO - Combine API call successful
2025-04-30 11:18:18,473 - sec_monitor - INFO - Processing filing 9/22: GEHC
2025-04-30 11:19:53,263 - sec_monitor - INFO - ==================================================
2025-04-30 11:19:53,263 - sec_monitor - INFO - Processing first chunk
2025-04-30 11:19:53,263 - sec_monitor - INFO - Timestamp: 2025-04-30 11:19:53
2025-04-30 11:19:53,956 - sec_monitor - INFO - token percentage = 45%
2025-04-30 11:19:53,957 - sec_monitor - INFO - Making API call - Attempt 1/3
2025-04-30 11:19:53,957 - sec_monitor - INFO - Timestamp: 2025-04-30 11:19:53
2025-04-30 11:20:10,346 - sec_monitor - INFO - API call successful
2025-04-30 11:20:40,377 - sec_monitor - INFO - ==================================================
2025-04-30 11:20:40,377 - sec_monitor - INFO - Processing middle chunk
2025-04-30 11:20:40,377 - sec_monitor - INFO - Timestamp: 2025-04-30 11:20:40
2025-04-30 11:20:40,974 - sec_monitor - INFO - token percentage = 61%
2025-04-30 11:20:40,975 - sec_monitor - INFO - Making API call - Attempt 1/3
2025-04-30 11:20:40,975 - sec_monitor - INFO - Timestamp: 2025-04-30 11:20:40
2025-04-30 11:21:03,306 - sec_monitor - INFO - API call successful
2025-04-30 11:21:33,336 - sec_monitor - INFO - ==================================================
2025-04-30 11:21:33,336 - sec_monitor - INFO - Processing middle chunk
2025-04-30 11:21:33,337 - sec_monitor - INFO - Timestamp: 2025-04-30 11:21:33
2025-04-30 11:21:34,304 - sec_monitor - INFO - token percentage = 37%
2025-04-30 11:21:34,305 - sec_monitor - INFO - Making API call - Attempt 1/3
2025-04-30 11:21:34,305 - sec_monitor - INFO - Timestamp: 2025-04-30 11:21:34
2025-04-30 11:21:47,883 - sec_monitor - INFO - API call successful
2025-04-30 11:22:17,913 - sec_monitor - INFO - ==================================================
2025-04-30 11:22:17,914 - sec_monitor - INFO - Processing middle chunk
2025-04-30 11:22:17,914 - sec_monitor - INFO - Timestamp: 2025-04-30 11:22:17
2025-04-30 11:22:18,533 - sec_monitor - INFO - token percentage = 44%
2025-04-30 11:22:18,534 - sec_monitor - INFO - Making API call - Attempt 1/3
2025-04-30 11:22:18,534 - sec_monitor - INFO - Timestamp: 2025-04-30 11:22:18
2025-04-30 11:22:34,405 - sec_monitor - INFO - API call successful
2025-04-30 11:23:04,435 - sec_monitor - INFO - ==================================================
2025-04-30 11:23:04,436 - sec_monitor - INFO - Processing middle chunk
2025-04-30 11:23:04,436 - sec_monitor - INFO - Timestamp: 2025-04-30 11:23:04
2025-04-30 11:23:04,921 - sec_monitor - INFO - token percentage = 63%
2025-04-30 11:23:04,921 - sec_monitor - INFO - Making API call - Attempt 1/3
2025-04-30 11:23:04,922 - sec_monitor - INFO - Timestamp: 2025-04-30 11:23:04
2025-04-30 11:23:27,873 - sec_monitor - INFO - API call successful
2025-04-30 11:23:57,903 - sec_monitor - INFO - ==================================================
2025-04-30 11:23:57,903 - sec_monitor - INFO - Processing middle chunk
2025-04-30 11:23:57,903 - sec_monitor - INFO - Timestamp: 2025-04-30 11:23:57
2025-04-30 11:23:58,575 - sec_monitor - INFO - token percentage = 38%
2025-04-30 11:23:58,575 - sec_monitor - INFO - Making API call - Attempt 1/3
2025-04-30 11:23:58,575 - sec_monitor - INFO - Timestamp: 2025-04-30 11:23:58
2025-04-30 11:24:12,146 - sec_monitor - INFO - API call successful
2025-04-30 11:24:42,177 - sec_monitor - INFO - ==================================================
2025-04-30 11:24:42,177 - sec_monitor - INFO - Processing last chunk
2025-04-30 11:24:42,177 - sec_monitor - INFO - Timestamp: 2025-04-30 11:24:42
2025-04-30 11:24:42,610 - sec_monitor - INFO - token percentage = 51%
2025-04-30 11:24:42,610 - sec_monitor - INFO - Making API call - Attempt 1/3
2025-04-30 11:24:42,610 - sec_monitor - INFO - Timestamp: 2025-04-30 11:24:42
2025-04-30 11:25:00,265 - sec_monitor - INFO - API call successful
2025-04-30 11:25:00,265 - sec_monitor - INFO - Making combine API call - Attempt 1/3
2025-04-30 11:25:00,265 - sec_monitor - INFO - Timestamp: 2025-04-30 11:25:00
2025-04-30 11:25:01,199 - sec_monitor - INFO - Combine API call successful
2025-04-30 11:25:02,200 - sec_monitor - INFO - Processing filing 10/22: GEHC
2025-04-30 11:25:40,250 - sec_monitor - INFO - ==================================================
2025-04-30 11:25:40,250 - sec_monitor - INFO - Processing first chunk
2025-04-30 11:25:40,250 - sec_monitor - INFO - Timestamp: 2025-04-30 11:25:40
2025-04-30 11:25:40,619 - sec_monitor - INFO - token percentage = 50%
2025-04-30 11:25:40,619 - sec_monitor - INFO - Making API call - Attempt 1/3
2025-04-30 11:25:40,619 - sec_monitor - INFO - Timestamp: 2025-04-30 11:25:40
2025-04-30 11:25:58,763 - sec_monitor - INFO - API call successful
2025-04-30 11:26:28,793 - sec_monitor - INFO - ==================================================
2025-04-30 11:26:28,794 - sec_monitor - INFO - Processing last chunk
2025-04-30 11:26:28,794 - sec_monitor - INFO - Timestamp: 2025-04-30 11:26:28
2025-04-30 11:26:28,892 - sec_monitor - INFO - token percentage = 4%
2025-04-30 11:26:28,892 - sec_monitor - INFO - Making API call - Attempt 1/3
2025-04-30 11:26:28,893 - sec_monitor - INFO - Timestamp: 2025-04-30 11:26:28
2025-04-30 11:26:32,278 - sec_monitor - INFO - API call successful
2025-04-30 11:26:32,279 - sec_monitor - INFO - Making combine API call - Attempt 1/3
2025-04-30 11:26:32,279 - sec_monitor - INFO - Timestamp: 2025-04-30 11:26:32
2025-04-30 11:26:33,401 - sec_monitor - INFO - Combine API call successful
2025-04-30 11:26:34,403 - sec_monitor - INFO - Processing filing 11/22: SWK
2025-04-30 11:27:06,036 - sec_monitor - INFO - ==================================================
2025-04-30 11:27:06,037 - sec_monitor - INFO - Processing first chunk
2025-04-30 11:27:06,037 - sec_monitor - INFO - Timestamp: 2025-04-30 11:27:06
2025-04-30 11:27:06,267 - sec_monitor - INFO - token percentage = 12%
2025-04-30 11:27:06,267 - sec_monitor - INFO - Making API call - Attempt 1/3
2025-04-30 11:27:06,267 - sec_monitor - INFO - Timestamp: 2025-04-30 11:27:06
2025-04-30 11:27:11,697 - sec_monitor - INFO - API call successful
2025-04-30 11:27:12,699 - sec_monitor - INFO - Processing filing 12/22: HUM
2025-04-30 11:27:44,366 - sec_monitor - INFO - ==================================================
2025-04-30 11:27:44,366 - sec_monitor - INFO - Processing first chunk
2025-04-30 11:27:44,366 - sec_monitor - INFO - Timestamp: 2025-04-30 11:27:44
2025-04-30 11:27:44,614 - sec_monitor - INFO - token percentage = 13%
2025-04-30 11:27:44,614 - sec_monitor - INFO - Making API call - Attempt 1/3
2025-04-30 11:27:44,614 - sec_monitor - INFO - Timestamp: 2025-04-30 11:27:44
2025-04-30 11:27:50,932 - sec_monitor - INFO - API call successful
2025-04-30 11:27:51,934 - sec_monitor - INFO - Processing filing 13/22: GNRC
2025-04-30 11:28:22,793 - sec_monitor - INFO - ==================================================
2025-04-30 11:28:22,793 - sec_monitor - INFO - Processing first chunk
2025-04-30 11:28:22,793 - sec_monitor - INFO - Timestamp: 2025-04-30 11:28:22
2025-04-30 11:28:22,936 - sec_monitor - INFO - token percentage = 6%
2025-04-30 11:28:22,936 - sec_monitor - INFO - Making API call - Attempt 1/3
2025-04-30 11:28:22,936 - sec_monitor - INFO - Timestamp: 2025-04-30 11:28:22
2025-04-30 11:28:26,940 - sec_monitor - INFO - API call successful
2025-04-30 11:28:27,942 - sec_monitor - INFO - Processing filing 14/22: TT
2025-04-30 11:28:59,092 - sec_monitor - INFO - ==================================================
2025-04-30 11:28:59,092 - sec_monitor - INFO - Processing first chunk
2025-04-30 11:28:59,092 - sec_monitor - INFO - Timestamp: 2025-04-30 11:28:59
2025-04-30 11:28:59,275 - sec_monitor - INFO - token percentage = 8%
2025-04-30 11:28:59,275 - sec_monitor - INFO - Making API call - Attempt 1/3
2025-04-30 11:28:59,275 - sec_monitor - INFO - Timestamp: 2025-04-30 11:28:59
2025-04-30 11:29:03,995 - sec_monitor - INFO - API call successful
2025-04-30 11:29:04,996 - sec_monitor - INFO - Processing filing 15/22: NWS
2025-04-30 11:29:35,638 - sec_monitor - INFO - ==================================================
2025-04-30 11:29:35,638 - sec_monitor - INFO - Processing first chunk
2025-04-30 11:29:35,638 - sec_monitor - INFO - Timestamp: 2025-04-30 11:29:35
2025-04-30 11:29:35,789 - sec_monitor - INFO - token percentage = 7%
2025-04-30 11:29:35,789 - sec_monitor - INFO - Making API call - Attempt 1/3
2025-04-30 11:29:35,789 - sec_monitor - INFO - Timestamp: 2025-04-30 11:29:35
2025-04-30 11:29:40,347 - sec_monitor - INFO - API call successful
2025-04-30 11:29:41,349 - sec_monitor - INFO - Processing filing 16/22: EIX
2025-04-30 11:31:34,209 - sec_monitor - INFO - ==================================================
2025-04-30 11:31:34,210 - sec_monitor - INFO - Processing first chunk
2025-04-30 11:31:34,210 - sec_monitor - INFO - Timestamp: 2025-04-30 11:31:34
2025-04-30 11:31:34,766 - sec_monitor - INFO - token percentage = 47%
2025-04-30 11:31:34,766 - sec_monitor - INFO - Making API call - Attempt 1/3
2025-04-30 11:31:34,766 - sec_monitor - INFO - Timestamp: 2025-04-30 11:31:34
2025-04-30 11:31:51,584 - sec_monitor - INFO - API call successful
2025-04-30 11:32:21,615 - sec_monitor - INFO - ==================================================
2025-04-30 11:32:21,615 - sec_monitor - INFO - Processing middle chunk
2025-04-30 11:32:21,615 - sec_monitor - INFO - Timestamp: 2025-04-30 11:32:21
2025-04-30 11:32:21,881 - sec_monitor - INFO - token percentage = 51%
2025-04-30 11:32:21,881 - sec_monitor - INFO - Making API call - Attempt 1/3
2025-04-30 11:32:21,882 - sec_monitor - INFO - Timestamp: 2025-04-30 11:32:21
2025-04-30 11:32:39,033 - sec_monitor - INFO - API call successful
2025-04-30 11:33:09,063 - sec_monitor - INFO - ==================================================
2025-04-30 11:33:09,064 - sec_monitor - INFO - Processing middle chunk
2025-04-30 11:33:09,064 - sec_monitor - INFO - Timestamp: 2025-04-30 11:33:09
2025-04-30 11:33:09,493 - sec_monitor - INFO - token percentage = 50%
2025-04-30 11:33:09,493 - sec_monitor - INFO - Making API call - Attempt 1/3
2025-04-30 11:33:09,493 - sec_monitor - INFO - Timestamp: 2025-04-30 11:33:09
2025-04-30 11:33:26,437 - sec_monitor - INFO - API call successful
2025-04-30 11:33:56,451 - sec_monitor - INFO - ==================================================
2025-04-30 11:33:56,451 - sec_monitor - INFO - Processing middle chunk
2025-04-30 11:33:56,451 - sec_monitor - INFO - Timestamp: 2025-04-30 11:33:56
2025-04-30 11:33:56,859 - sec_monitor - INFO - token percentage = 50%
2025-04-30 11:33:56,859 - sec_monitor - INFO - Making API call - Attempt 1/3
2025-04-30 11:33:56,859 - sec_monitor - INFO - Timestamp: 2025-04-30 11:33:56
2025-04-30 11:34:13,551 - sec_monitor - INFO - API call successful
2025-04-30 11:34:43,581 - sec_monitor - INFO - ==================================================
2025-04-30 11:34:43,582 - sec_monitor - INFO - Processing middle chunk
2025-04-30 11:34:43,582 - sec_monitor - INFO - Timestamp: 2025-04-30 11:34:43
2025-04-30 11:34:43,976 - sec_monitor - INFO - token percentage = 50%
2025-04-30 11:34:43,976 - sec_monitor - INFO - Making API call - Attempt 1/3
2025-04-30 11:34:43,976 - sec_monitor - INFO - Timestamp: 2025-04-30 11:34:43
2025-04-30 11:35:00,933 - sec_monitor - INFO - API call successful
2025-04-30 11:35:30,964 - sec_monitor - INFO - ==================================================
2025-04-30 11:35:30,964 - sec_monitor - INFO - Processing middle chunk
2025-04-30 11:35:30,964 - sec_monitor - INFO - Timestamp: 2025-04-30 11:35:30
2025-04-30 11:35:31,293 - sec_monitor - INFO - token percentage = 50%
2025-04-30 11:35:31,293 - sec_monitor - INFO - Making API call - Attempt 1/3
2025-04-30 11:35:31,293 - sec_monitor - INFO - Timestamp: 2025-04-30 11:35:31
2025-04-30 11:35:48,423 - sec_monitor - INFO - API call successful
2025-04-30 11:36:18,453 - sec_monitor - INFO - ==================================================
2025-04-30 11:36:18,453 - sec_monitor - INFO - Processing middle chunk
2025-04-30 11:36:18,454 - sec_monitor - INFO - Timestamp: 2025-04-30 11:36:18
2025-04-30 11:36:18,874 - sec_monitor - INFO - token percentage = 50%
2025-04-30 11:36:18,875 - sec_monitor - INFO - Making API call - Attempt 1/3
2025-04-30 11:36:18,875 - sec_monitor - INFO - Timestamp: 2025-04-30 11:36:18
2025-04-30 11:36:36,273 - sec_monitor - INFO - API call successful
2025-04-30 11:37:06,303 - sec_monitor - INFO - ==================================================
2025-04-30 11:37:06,303 - sec_monitor - INFO - Processing middle chunk
2025-04-30 11:37:06,303 - sec_monitor - INFO - Timestamp: 2025-04-30 11:37:06
2025-04-30 11:37:06,690 - sec_monitor - INFO - token percentage = 51%
2025-04-30 11:37:06,690 - sec_monitor - INFO - Making API call - Attempt 1/3
2025-04-30 11:37:06,690 - sec_monitor - INFO - Timestamp: 2025-04-30 11:37:06
2025-04-30 11:37:24,157 - sec_monitor - INFO - API call successful
2025-04-30 11:37:54,175 - sec_monitor - INFO - ==================================================
2025-04-30 11:37:54,175 - sec_monitor - INFO - Processing middle chunk
2025-04-30 11:37:54,175 - sec_monitor - INFO - Timestamp: 2025-04-30 11:37:54
2025-04-30 11:37:54,523 - sec_monitor - INFO - token percentage = 49%
2025-04-30 11:37:54,523 - sec_monitor - INFO - Making API call - Attempt 1/3
2025-04-30 11:37:54,523 - sec_monitor - INFO - Timestamp: 2025-04-30 11:37:54
2025-04-30 11:38:11,264 - sec_monitor - INFO - API call successful
2025-04-30 11:38:41,267 - sec_monitor - INFO - ==================================================
2025-04-30 11:38:41,268 - sec_monitor - INFO - Processing middle chunk
2025-04-30 11:38:41,268 - sec_monitor - INFO - Timestamp: 2025-04-30 11:38:41
2025-04-30 11:38:41,583 - sec_monitor - INFO - token percentage = 50%
2025-04-30 11:38:41,583 - sec_monitor - INFO - Making API call - Attempt 1/3
2025-04-30 11:38:41,583 - sec_monitor - INFO - Timestamp: 2025-04-30 11:38:41
2025-04-30 11:38:58,370 - sec_monitor - INFO - API call successful
2025-04-30 11:39:28,377 - sec_monitor - INFO - ==================================================
2025-04-30 11:39:28,378 - sec_monitor - INFO - Processing last chunk
2025-04-30 11:39:28,378 - sec_monitor - INFO - Timestamp: 2025-04-30 11:39:28
2025-04-30 11:39:28,625 - sec_monitor - INFO - token percentage = 37%
2025-04-30 11:39:28,625 - sec_monitor - INFO - Making API call - Attempt 1/3
2025-04-30 11:39:28,625 - sec_monitor - INFO - Timestamp: 2025-04-30 11:39:28
2025-04-30 11:39:41,320 - sec_monitor - INFO - API call successful
2025-04-30 11:39:41,320 - sec_monitor - INFO - Making combine API call - Attempt 1/3
2025-04-30 11:39:41,320 - sec_monitor - INFO - Timestamp: 2025-04-30 11:39:41
2025-04-30 11:39:42,389 - sec_monitor - INFO - Combine API call successful
2025-04-30 11:39:43,390 - sec_monitor - INFO - Processing filing 17/22: V
2025-04-30 11:40:35,388 - sec_monitor - INFO - ==================================================
2025-04-30 11:40:35,389 - sec_monitor - INFO - Processing first chunk
2025-04-30 11:40:35,389 - sec_monitor - INFO - Timestamp: 2025-04-30 11:40:35
2025-04-30 11:40:36,726 - sec_monitor - INFO - token percentage = 47%
2025-04-30 11:40:36,727 - sec_monitor - INFO - Making API call - Attempt 1/3
2025-04-30 11:40:36,727 - sec_monitor - INFO - Timestamp: 2025-04-30 11:40:36
2025-04-30 11:40:54,270 - sec_monitor - INFO - API call successful
2025-04-30 11:41:24,287 - sec_monitor - INFO - ==================================================
2025-04-30 11:41:24,287 - sec_monitor - INFO - Processing middle chunk
2025-04-30 11:41:24,287 - sec_monitor - INFO - Timestamp: 2025-04-30 11:41:24
2025-04-30 11:41:25,020 - sec_monitor - INFO - token percentage = 53%
2025-04-30 11:41:25,021 - sec_monitor - INFO - Making API call - Attempt 1/3
2025-04-30 11:41:25,021 - sec_monitor - INFO - Timestamp: 2025-04-30 11:41:25
2025-04-30 11:41:44,201 - sec_monitor - INFO - API call successful
2025-04-30 11:42:14,231 - sec_monitor - INFO - ==================================================
2025-04-30 11:42:14,231 - sec_monitor - INFO - Processing last chunk
2025-04-30 11:42:14,231 - sec_monitor - INFO - Timestamp: 2025-04-30 11:42:14
2025-04-30 11:42:15,031 - sec_monitor - INFO - token percentage = 48%
2025-04-30 11:42:15,031 - sec_monitor - INFO - Making API call - Attempt 1/3
2025-04-30 11:42:15,031 - sec_monitor - INFO - Timestamp: 2025-04-30 11:42:15
2025-04-30 11:42:32,218 - sec_monitor - INFO - API call successful
2025-04-30 11:42:32,218 - sec_monitor - INFO - Making combine API call - Attempt 1/3
2025-04-30 11:42:32,219 - sec_monitor - INFO - Timestamp: 2025-04-30 11:42:32
2025-04-30 11:42:33,232 - sec_monitor - INFO - Combine API call successful
2025-04-30 11:42:34,233 - sec_monitor - INFO - Processing filing 18/22: CDNS
2025-04-30 11:43:19,858 - sec_monitor - INFO - ==================================================
2025-04-30 11:43:19,858 - sec_monitor - INFO - Processing first chunk
2025-04-30 11:43:19,858 - sec_monitor - INFO - Timestamp: 2025-04-30 11:43:19
2025-04-30 11:43:20,940 - sec_monitor - INFO - token percentage = 39%
2025-04-30 11:43:20,940 - sec_monitor - INFO - Making API call - Attempt 1/3
2025-04-30 11:43:20,940 - sec_monitor - INFO - Timestamp: 2025-04-30 11:43:20
2025-04-30 11:43:35,431 - sec_monitor - INFO - API call successful
2025-04-30 11:44:05,432 - sec_monitor - INFO - ==================================================
2025-04-30 11:44:05,432 - sec_monitor - INFO - Processing middle chunk
2025-04-30 11:44:05,432 - sec_monitor - INFO - Timestamp: 2025-04-30 11:44:05
2025-04-30 11:44:06,207 - sec_monitor - INFO - token percentage = 54%
2025-04-30 11:44:06,207 - sec_monitor - INFO - Making API call - Attempt 1/3
2025-04-30 11:44:06,207 - sec_monitor - INFO - Timestamp: 2025-04-30 11:44:06
2025-04-30 11:44:25,944 - sec_monitor - INFO - API call successful
2025-04-30 11:44:55,952 - sec_monitor - INFO - ==================================================
2025-04-30 11:44:55,952 - sec_monitor - INFO - Processing last chunk
2025-04-30 11:44:55,952 - sec_monitor - INFO - Timestamp: 2025-04-30 11:44:55
2025-04-30 11:44:56,656 - sec_monitor - INFO - token percentage = 46%
2025-04-30 11:44:56,656 - sec_monitor - INFO - Making API call - Attempt 1/3
2025-04-30 11:44:56,656 - sec_monitor - INFO - Timestamp: 2025-04-30 11:44:56
2025-04-30 11:45:14,202 - sec_monitor - INFO - API call successful
2025-04-30 11:45:14,203 - sec_monitor - INFO - Making combine API call - Attempt 1/3
2025-04-30 11:45:14,203 - sec_monitor - INFO - Timestamp: 2025-04-30 11:45:14
2025-04-30 11:45:15,376 - sec_monitor - INFO - Combine API call successful
2025-04-30 11:45:16,377 - sec_monitor - INFO - Processing filing 19/22: SYY
2025-04-30 11:46:12,125 - sec_monitor - INFO - ==================================================
2025-04-30 11:46:12,126 - sec_monitor - INFO - Processing first chunk
2025-04-30 11:46:12,126 - sec_monitor - INFO - Timestamp: 2025-04-30 11:46:12
2025-04-30 11:46:13,401 - sec_monitor - INFO - token percentage = 46%
2025-04-30 11:46:13,402 - sec_monitor - INFO - Making API call - Attempt 1/3
2025-04-30 11:46:13,402 - sec_monitor - INFO - Timestamp: 2025-04-30 11:46:13
2025-04-30 11:46:30,786 - sec_monitor - INFO - API call successful
2025-04-30 11:47:00,817 - sec_monitor - INFO - ==================================================
2025-04-30 11:47:00,817 - sec_monitor - INFO - Processing middle chunk
2025-04-30 11:47:00,817 - sec_monitor - INFO - Timestamp: 2025-04-30 11:47:00
2025-04-30 11:47:01,752 - sec_monitor - INFO - token percentage = 56%
2025-04-30 11:47:01,752 - sec_monitor - INFO - Making API call - Attempt 1/3
2025-04-30 11:47:01,752 - sec_monitor - INFO - Timestamp: 2025-04-30 11:47:01
2025-04-30 11:47:22,953 - sec_monitor - INFO - API call successful
2025-04-30 11:47:52,975 - sec_monitor - INFO - ==================================================
2025-04-30 11:47:52,975 - sec_monitor - INFO - Processing middle chunk
2025-04-30 11:47:52,975 - sec_monitor - INFO - Timestamp: 2025-04-30 11:47:52
2025-04-30 11:47:53,752 - sec_monitor - INFO - token percentage = 47%
2025-04-30 11:47:53,753 - sec_monitor - INFO - Making API call - Attempt 1/3
2025-04-30 11:47:53,753 - sec_monitor - INFO - Timestamp: 2025-04-30 11:47:53
2025-04-30 11:48:10,609 - sec_monitor - INFO - API call successful
2025-04-30 11:48:40,640 - sec_monitor - INFO - ==================================================
2025-04-30 11:48:40,640 - sec_monitor - INFO - Processing last chunk
2025-04-30 11:48:40,640 - sec_monitor - INFO - Timestamp: 2025-04-30 11:48:40
2025-04-30 11:48:40,740 - sec_monitor - INFO - token percentage = 3%
2025-04-30 11:48:40,740 - sec_monitor - INFO - Making API call - Attempt 1/3
2025-04-30 11:48:40,740 - sec_monitor - INFO - Timestamp: 2025-04-30 11:48:40
2025-04-30 11:48:42,218 - sec_monitor - INFO - API call successful
2025-04-30 11:48:42,219 - sec_monitor - INFO - Making combine API call - Attempt 1/3
2025-04-30 11:48:42,219 - sec_monitor - INFO - Timestamp: 2025-04-30 11:48:42
2025-04-30 11:48:43,440 - sec_monitor - INFO - Combine API call successful
2025-04-30 11:48:44,442 - sec_monitor - INFO - Processing filing 20/22: VLTO
2025-04-30 11:49:48,455 - sec_monitor - INFO - ==================================================
2025-04-30 11:49:48,456 - sec_monitor - INFO - Processing first chunk
2025-04-30 11:49:48,456 - sec_monitor - INFO - Timestamp: 2025-04-30 11:49:48
2025-04-30 11:49:48,908 - sec_monitor - INFO - token percentage = 58%
2025-04-30 11:49:48,909 - sec_monitor - INFO - Making API call - Attempt 1/3
2025-04-30 11:49:48,909 - sec_monitor - INFO - Timestamp: 2025-04-30 11:49:48
2025-04-30 11:50:09,834 - sec_monitor - INFO - API call successful
2025-04-30 11:50:39,846 - sec_monitor - INFO - ==================================================
2025-04-30 11:50:39,846 - sec_monitor - INFO - Processing middle chunk
2025-04-30 11:50:39,846 - sec_monitor - INFO - Timestamp: 2025-04-30 11:50:39
2025-04-30 11:50:40,428 - sec_monitor - INFO - token percentage = 58%
2025-04-30 11:50:40,428 - sec_monitor - INFO - Making API call - Attempt 1/3
2025-04-30 11:50:40,428 - sec_monitor - INFO - Timestamp: 2025-04-30 11:50:40
2025-04-30 11:51:00,811 - sec_monitor - INFO - API call successful
2025-04-30 11:51:30,842 - sec_monitor - INFO - ==================================================
2025-04-30 11:51:30,842 - sec_monitor - INFO - Processing middle chunk
2025-04-30 11:51:30,842 - sec_monitor - INFO - Timestamp: 2025-04-30 11:51:30
2025-04-30 11:51:31,438 - sec_monitor - INFO - token percentage = 34%
2025-04-30 11:51:31,438 - sec_monitor - INFO - Making API call - Attempt 1/3
2025-04-30 11:51:31,438 - sec_monitor - INFO - Timestamp: 2025-04-30 11:51:31
2025-04-30 11:51:44,577 - sec_monitor - INFO - API call successful
2025-04-30 11:52:14,607 - sec_monitor - INFO - ==================================================
2025-04-30 11:52:14,607 - sec_monitor - INFO - Processing middle chunk
2025-04-30 11:52:14,607 - sec_monitor - INFO - Timestamp: 2025-04-30 11:52:14
2025-04-30 11:52:15,194 - sec_monitor - INFO - token percentage = 52%
2025-04-30 11:52:15,195 - sec_monitor - INFO - Making API call - Attempt 1/3
2025-04-30 11:52:15,195 - sec_monitor - INFO - Timestamp: 2025-04-30 11:52:15
2025-04-30 11:52:33,231 - sec_monitor - INFO - API call successful
2025-04-30 11:53:03,249 - sec_monitor - INFO - ==================================================
2025-04-30 11:53:03,249 - sec_monitor - INFO - Processing last chunk
2025-04-30 11:53:03,249 - sec_monitor - INFO - Timestamp: 2025-04-30 11:53:03
2025-04-30 11:53:03,593 - sec_monitor - INFO - token percentage = 25%
2025-04-30 11:53:03,594 - sec_monitor - INFO - Making API call - Attempt 1/3
2025-04-30 11:53:03,594 - sec_monitor - INFO - Timestamp: 2025-04-30 11:53:03
2025-04-30 11:53:13,696 - sec_monitor - INFO - API call successful
2025-04-30 11:53:13,696 - sec_monitor - INFO - Making combine API call - Attempt 1/3
2025-04-30 11:53:13,696 - sec_monitor - INFO - Timestamp: 2025-04-30 11:53:13
2025-04-30 11:53:14,741 - sec_monitor - INFO - Combine API call successful
2025-04-30 11:53:15,743 - sec_monitor - INFO - Processing filing 21/22: SPGI
2025-04-30 11:54:15,759 - sec_monitor - INFO - ==================================================
2025-04-30 11:54:15,759 - sec_monitor - INFO - Processing first chunk
2025-04-30 11:54:15,759 - sec_monitor - INFO - Timestamp: 2025-04-30 11:54:15
2025-04-30 11:54:16,697 - sec_monitor - INFO - token percentage = 45%
2025-04-30 11:54:16,698 - sec_monitor - INFO - Making API call - Attempt 1/3
2025-04-30 11:54:16,698 - sec_monitor - INFO - Timestamp: 2025-04-30 11:54:16
2025-04-30 11:54:33,552 - sec_monitor - INFO - API call successful
2025-04-30 11:55:03,583 - sec_monitor - INFO - ==================================================
2025-04-30 11:55:03,583 - sec_monitor - INFO - Processing middle chunk
2025-04-30 11:55:03,583 - sec_monitor - INFO - Timestamp: 2025-04-30 11:55:03
2025-04-30 11:55:04,366 - sec_monitor - INFO - token percentage = 46%
2025-04-30 11:55:04,366 - sec_monitor - INFO - Making API call - Attempt 1/3
2025-04-30 11:55:04,366 - sec_monitor - INFO - Timestamp: 2025-04-30 11:55:04
2025-04-30 11:55:21,205 - sec_monitor - INFO - API call successful
2025-04-30 11:55:51,230 - sec_monitor - INFO - ==================================================
2025-04-30 11:55:51,230 - sec_monitor - INFO - Processing middle chunk
2025-04-30 11:55:51,230 - sec_monitor - INFO - Timestamp: 2025-04-30 11:55:51
2025-04-30 11:55:52,009 - sec_monitor - INFO - token percentage = 54%
2025-04-30 11:55:52,009 - sec_monitor - INFO - Making API call - Attempt 1/3
2025-04-30 11:55:52,009 - sec_monitor - INFO - Timestamp: 2025-04-30 11:55:52
2025-04-30 11:56:12,355 - sec_monitor - INFO - API call successful
2025-04-30 11:56:42,386 - sec_monitor - INFO - ==================================================
2025-04-30 11:56:42,386 - sec_monitor - INFO - Processing last chunk
2025-04-30 11:56:42,386 - sec_monitor - INFO - Timestamp: 2025-04-30 11:56:42
2025-04-30 11:56:42,720 - sec_monitor - INFO - token percentage = 27%
2025-04-30 11:56:42,720 - sec_monitor - INFO - Making API call - Attempt 1/3
2025-04-30 11:56:42,720 - sec_monitor - INFO - Timestamp: 2025-04-30 11:56:42
2025-04-30 11:56:52,670 - sec_monitor - INFO - API call successful
2025-04-30 11:56:52,671 - sec_monitor - INFO - Making combine API call - Attempt 1/3
2025-04-30 11:56:52,671 - sec_monitor - INFO - Timestamp: 2025-04-30 11:56:52
2025-04-30 11:56:53,441 - sec_monitor - INFO - Combine API call successful
2025-04-30 11:56:54,442 - sec_monitor - INFO - Processing filing 22/22: BKNG
2025-04-30 11:57:41,337 - sec_monitor - INFO - ==================================================
2025-04-30 11:57:41,338 - sec_monitor - INFO - Processing first chunk
2025-04-30 11:57:41,338 - sec_monitor - INFO - Timestamp: 2025-04-30 11:57:41
2025-04-30 11:57:42,391 - sec_monitor - INFO - token percentage = 50%
2025-04-30 11:57:42,392 - sec_monitor - INFO - Making API call - Attempt 1/3
2025-04-30 11:57:42,392 - sec_monitor - INFO - Timestamp: 2025-04-30 11:57:42
2025-04-30 11:58:01,037 - sec_monitor - INFO - API call successful
2025-04-30 11:58:31,055 - sec_monitor - INFO - ==================================================
2025-04-30 11:58:31,055 - sec_monitor - INFO - Processing middle chunk
2025-04-30 11:58:31,055 - sec_monitor - INFO - Timestamp: 2025-04-30 11:58:31
2025-04-30 11:58:31,830 - sec_monitor - INFO - token percentage = 42%
2025-04-30 11:58:31,830 - sec_monitor - INFO - Making API call - Attempt 1/3
2025-04-30 11:58:31,830 - sec_monitor - INFO - Timestamp: 2025-04-30 11:58:31
2025-04-30 11:58:46,738 - sec_monitor - INFO - API call successful
2025-04-30 11:59:16,767 - sec_monitor - INFO - ==================================================
2025-04-30 11:59:16,767 - sec_monitor - INFO - Processing last chunk
2025-04-30 11:59:16,767 - sec_monitor - INFO - Timestamp: 2025-04-30 11:59:16
2025-04-30 11:59:17,146 - sec_monitor - INFO - token percentage = 37%
2025-04-30 11:59:17,146 - sec_monitor - INFO - Making API call - Attempt 1/3
2025-04-30 11:59:17,146 - sec_monitor - INFO - Timestamp: 2025-04-30 11:59:17
2025-04-30 11:59:30,092 - sec_monitor - INFO - API call successful
2025-04-30 11:59:30,093 - sec_monitor - INFO - Making combine API call - Attempt 1/3
2025-04-30 11:59:30,093 - sec_monitor - INFO - Timestamp: 2025-04-30 11:59:30
2025-04-30 11:59:31,127 - sec_monitor - INFO - Combine API call successful
2025-04-30 11:59:32,128 - sec_monitor - INFO - Fetching supplementary data...
2025-04-30 11:59:32,215 - sec_monitor - INFO - filing_tickers type: <class 'list'>
2025-04-30 11:59:32,215 - sec_monitor - INFO - filing_data type: <class 'list'>
2025-04-30 11:59:32,215 - sec_monitor - INFO - Market open: False
2025-04-30 11:59:32,215 - sec_monitor - INFO - Number of filing times mapped: 19
2025-04-30 11:59:32,223 - sec_monitor - INFO - Last trading day: 2025-04-30
2025-04-30 11:59:32,223 - sec_monitor - INFO - Processing ticker: YUM
2025-04-30 11:59:32,494 - sec_monitor - INFO - Number of bars for YUM: 3
2025-04-30 11:59:32,494 - sec_monitor - INFO - Last bar close for YUM: 147.59
2025-04-30 11:59:32,494 - sec_monitor - INFO - Outside market hours price for YUM: 147.59
2025-04-30 11:59:32,494 - sec_monitor - INFO - Processing ticker: GRMN
2025-04-30 11:59:32,509 - sec_monitor - INFO - Number of bars for GRMN: 3
2025-04-30 11:59:32,509 - sec_monitor - INFO - Last bar close for GRMN: 204.21
2025-04-30 11:59:32,509 - sec_monitor - INFO - Outside market hours price for GRMN: 204.21
2025-04-30 11:59:32,510 - sec_monitor - INFO - Processing ticker: NCLH
2025-04-30 11:59:32,525 - sec_monitor - INFO - Number of bars for NCLH: 3
2025-04-30 11:59:32,526 - sec_monitor - INFO - Last bar close for NCLH: 17.365
2025-04-30 11:59:32,526 - sec_monitor - INFO - Outside market hours price for NCLH: 17.365
2025-04-30 11:59:32,526 - sec_monitor - INFO - Processing ticker: GRMN
2025-04-30 11:59:32,540 - sec_monitor - INFO - Number of bars for GRMN: 3
2025-04-30 11:59:32,540 - sec_monitor - INFO - Last bar close for GRMN: 204.21
2025-04-30 11:59:32,540 - sec_monitor - INFO - Outside market hours price for GRMN: 204.21
2025-04-30 11:59:32,540 - sec_monitor - INFO - Processing ticker: MLM
2025-04-30 11:59:32,555 - sec_monitor - INFO - Number of bars for MLM: 3
2025-04-30 11:59:32,555 - sec_monitor - INFO - Last bar close for MLM: 503.09
2025-04-30 11:59:32,555 - sec_monitor - INFO - Outside market hours price for MLM: 503.09
2025-04-30 11:59:32,555 - sec_monitor - INFO - Processing ticker: ADP
2025-04-30 11:59:32,566 - sec_monitor - INFO - Number of bars for ADP: 3
2025-04-30 11:59:32,566 - sec_monitor - INFO - Last bar close for ADP: 295.75
2025-04-30 11:59:32,566 - sec_monitor - INFO - Outside market hours price for ADP: 295.75
2025-04-30 11:59:32,566 - sec_monitor - INFO - Processing ticker: ADP
2025-04-30 11:59:32,579 - sec_monitor - INFO - Number of bars for ADP: 3
2025-04-30 11:59:32,579 - sec_monitor - INFO - Last bar close for ADP: 295.75
2025-04-30 11:59:32,580 - sec_monitor - INFO - Outside market hours price for ADP: 295.75
2025-04-30 11:59:32,580 - sec_monitor - INFO - Processing ticker: CAT
2025-04-30 11:59:32,597 - sec_monitor - INFO - Number of bars for CAT: 3
2025-04-30 11:59:32,597 - sec_monitor - INFO - Last bar close for CAT: 307.04
2025-04-30 11:59:32,597 - sec_monitor - INFO - Outside market hours price for CAT: 307.04
2025-04-30 11:59:32,597 - sec_monitor - INFO - Processing ticker: GEHC
2025-04-30 11:59:32,617 - sec_monitor - INFO - Number of bars for GEHC: 3
2025-04-30 11:59:32,617 - sec_monitor - INFO - Last bar close for GEHC: 68.06
2025-04-30 11:59:32,617 - sec_monitor - INFO - Outside market hours price for GEHC: 68.06
2025-04-30 11:59:32,617 - sec_monitor - INFO - Processing ticker: GEHC
2025-04-30 11:59:32,632 - sec_monitor - INFO - Number of bars for GEHC: 3
2025-04-30 11:59:32,632 - sec_monitor - INFO - Last bar close for GEHC: 68.06
2025-04-30 11:59:32,632 - sec_monitor - INFO - Outside market hours price for GEHC: 68.06
2025-04-30 11:59:32,632 - sec_monitor - INFO - Processing ticker: SWK
2025-04-30 11:59:32,646 - sec_monitor - INFO - Number of bars for SWK: 3
2025-04-30 11:59:32,646 - sec_monitor - INFO - Last bar close for SWK: 61.19
2025-04-30 11:59:32,646 - sec_monitor - INFO - Outside market hours price for SWK: 61.19
2025-04-30 11:59:32,646 - sec_monitor - INFO - Processing ticker: HUM
2025-04-30 11:59:32,659 - sec_monitor - INFO - Number of bars for HUM: 3
2025-04-30 11:59:32,659 - sec_monitor - INFO - Last bar close for HUM: 259.53
2025-04-30 11:59:32,659 - sec_monitor - INFO - Outside market hours price for HUM: 259.53
2025-04-30 11:59:32,660 - sec_monitor - INFO - Processing ticker: GNRC
2025-04-30 11:59:32,672 - sec_monitor - INFO - Number of bars for GNRC: 3
2025-04-30 11:59:32,672 - sec_monitor - INFO - Last bar close for GNRC: 113.23
2025-04-30 11:59:32,672 - sec_monitor - INFO - Outside market hours price for GNRC: 113.23
2025-04-30 11:59:32,672 - sec_monitor - INFO - Processing ticker: TT
2025-04-30 11:59:32,686 - sec_monitor - INFO - Number of bars for TT: 3
2025-04-30 11:59:32,686 - sec_monitor - INFO - Last bar close for TT: 353.73
2025-04-30 11:59:32,686 - sec_monitor - INFO - Outside market hours price for TT: 353.73
2025-04-30 11:59:32,686 - sec_monitor - INFO - Processing ticker: NWS
2025-04-30 11:59:32,695 - sec_monitor - INFO - Number of bars for NWS: 4
2025-04-30 11:59:32,696 - sec_monitor - INFO - Last bar close for NWS: 31.34
2025-04-30 11:59:32,696 - sec_monitor - INFO - Outside market hours price for NWS: 31.34
2025-04-30 11:59:32,696 - sec_monitor - INFO - Processing ticker: EIX
2025-04-30 11:59:32,706 - sec_monitor - INFO - Number of bars for EIX: 4
2025-04-30 11:59:32,707 - sec_monitor - INFO - Last bar close for EIX: 58.79
2025-04-30 11:59:32,707 - sec_monitor - INFO - Outside market hours price for EIX: 58.79
2025-04-30 11:59:32,707 - sec_monitor - INFO - Processing ticker: V
2025-04-30 11:59:32,719 - sec_monitor - INFO - Number of bars for V: 4
2025-04-30 11:59:32,720 - sec_monitor - INFO - Last bar close for V: 341.24
2025-04-30 11:59:32,720 - sec_monitor - INFO - Outside market hours price for V: 341.24
2025-04-30 11:59:32,720 - sec_monitor - INFO - Processing ticker: CDNS
2025-04-30 11:59:32,735 - sec_monitor - INFO - Number of bars for CDNS: 4
2025-04-30 11:59:32,735 - sec_monitor - INFO - Last bar close for CDNS: 301.97
2025-04-30 11:59:32,736 - sec_monitor - INFO - Outside market hours price for CDNS: 301.97
2025-04-30 11:59:32,736 - sec_monitor - INFO - Processing ticker: SYY
2025-04-30 11:59:32,751 - sec_monitor - INFO - Number of bars for SYY: 4
2025-04-30 11:59:32,751 - sec_monitor - INFO - Last bar close for SYY: 70.235
2025-04-30 11:59:32,751 - sec_monitor - INFO - Outside market hours price for SYY: 70.235
2025-04-30 11:59:32,751 - sec_monitor - INFO - Processing ticker: VLTO
2025-04-30 11:59:32,769 - sec_monitor - INFO - Number of bars for VLTO: 4
2025-04-30 11:59:32,769 - sec_monitor - INFO - Last bar close for VLTO: 93.0
2025-04-30 11:59:32,769 - sec_monitor - INFO - Outside market hours price for VLTO: 93.0
2025-04-30 11:59:32,769 - sec_monitor - INFO - Processing ticker: SPGI
2025-04-30 11:59:32,782 - sec_monitor - INFO - Number of bars for SPGI: 4
2025-04-30 11:59:32,782 - sec_monitor - INFO - Last bar close for SPGI: 491.75
2025-04-30 11:59:32,782 - sec_monitor - INFO - Outside market hours price for SPGI: 491.75
2025-04-30 11:59:32,782 - sec_monitor - INFO - Processing ticker: BKNG
2025-04-30 11:59:32,795 - sec_monitor - INFO - Number of bars for BKNG: 4
2025-04-30 11:59:32,795 - sec_monitor - INFO - Last bar close for BKNG: 4917.475
2025-04-30 11:59:32,795 - sec_monitor - INFO - Outside market hours price for BKNG: 4917.475
2025-04-30 11:59:38,361 - sec_monitor - INFO - Generating final output...
2025-04-30 11:59:38,362 - sec_monitor - INFO - Successfully saved/merged output to output/sec_filings.json
2025-04-30 11:59:38,362 - sec_monitor - INFO - Processing complete. Stats: {'input_words': 2304204, 'output_words': 1542, 'filings_processed': 22}
