2025-03-06 11:09:13,232 - sec_monitor - INFO - Starting SEC filing monitor 
2025-03-06 11:09:13,232 - sec_monitor - INFO - Loading S&P 500 data...
2025-03-06 11:09:13,232 - sec_monitor - INFO - Starting S&P 500 data initialization
2025-03-06 11:09:13,233 - sec_monitor - INFO - Successfully loaded 503 S&P 500 tickers
2025-03-06 11:09:13,233 - sec_monitor - INFO - Successfully loaded 503 S&P 500 tickers
2025-03-06 11:09:13,233 - sec_monitor - INFO - Initializing components...
2025-03-06 11:09:13,233 - sec_monitor - INFO - Initializing components
2025-03-06 11:09:13,233 - sec_monitor - INFO - SEC fetcher initialized
2025-03-06 11:09:13,233 - sec_monitor - INFO - Filing analyzer initialized
2025-03-06 11:09:13,233 - sec_monitor - INFO - Alpaca clients initialized
2025-03-06 11:09:13,234 - sec_monitor - INFO - All components initialized successfully
2025-03-06 11:09:13,234 - sec_monitor - INFO - Found old JSON file, archiving
2025-03-06 11:09:13,235 - sec_monitor - INFO - Starting new filing collection for today
2025-03-06 11:09:13,235 - sec_monitor - INFO - Fetching SEC filings...
2025-03-06 11:09:28,713 - sec_monitor - INFO - No more entries found
2025-03-06 11:09:28,713 - sec_monitor - INFO - Completed fetching. Found 194 total filings
2025-03-06 11:09:28,713 - sec_monitor - INFO - Found 5 new interesting filings
2025-03-06 11:09:28,713 - sec_monitor - INFO - Found 5 new filings to process
2025-03-06 11:09:28,713 - sec_monitor - INFO - Processing filing 1/5: ON
2025-03-06 11:09:59,347 - sec_monitor - INFO - ==================================================
2025-03-06 11:09:59,347 - sec_monitor - INFO - Processing first chunk
2025-03-06 11:09:59,347 - sec_monitor - INFO - Timestamp: 2025-03-06 11:09:59
2025-03-06 11:09:59,539 - sec_monitor - INFO - token percentage = 3%
2025-03-06 11:09:59,539 - sec_monitor - INFO - Making API call - Attempt 1/3
2025-03-06 11:09:59,540 - sec_monitor - INFO - Timestamp: 2025-03-06 11:09:59
2025-03-06 11:10:02,567 - sec_monitor - INFO - API call successful
2025-03-06 11:10:03,568 - sec_monitor - INFO - Processing filing 2/5: NWS
2025-03-06 11:10:34,301 - sec_monitor - INFO - ==================================================
2025-03-06 11:10:34,302 - sec_monitor - INFO - Processing first chunk
2025-03-06 11:10:34,302 - sec_monitor - INFO - Timestamp: 2025-03-06 11:10:34
2025-03-06 11:10:34,520 - sec_monitor - INFO - token percentage = 7%
2025-03-06 11:10:34,520 - sec_monitor - INFO - Making API call - Attempt 1/3
2025-03-06 11:10:34,520 - sec_monitor - INFO - Timestamp: 2025-03-06 11:10:34
2025-03-06 11:10:38,985 - sec_monitor - INFO - API call successful
2025-03-06 11:10:39,987 - sec_monitor - INFO - Processing filing 3/5: SNPS
2025-03-06 11:11:11,199 - sec_monitor - INFO - ==================================================
2025-03-06 11:11:11,199 - sec_monitor - INFO - Processing first chunk
2025-03-06 11:11:11,199 - sec_monitor - INFO - Timestamp: 2025-03-06 11:11:11
2025-03-06 11:11:11,545 - sec_monitor - INFO - token percentage = 9%
2025-03-06 11:11:11,546 - sec_monitor - INFO - Making API call - Attempt 1/3
2025-03-06 11:11:11,546 - sec_monitor - INFO - Timestamp: 2025-03-06 11:11:11
2025-03-06 11:11:16,057 - sec_monitor - INFO - API call successful
2025-03-06 11:11:17,058 - sec_monitor - INFO - Processing filing 4/5: HUM
2025-03-06 11:11:48,851 - sec_monitor - INFO - ==================================================
2025-03-06 11:11:48,851 - sec_monitor - INFO - Processing first chunk
2025-03-06 11:11:48,852 - sec_monitor - INFO - Timestamp: 2025-03-06 11:11:48
2025-03-06 11:11:49,296 - sec_monitor - INFO - token percentage = 17%
2025-03-06 11:11:49,296 - sec_monitor - INFO - Making API call - Attempt 1/3
2025-03-06 11:11:49,296 - sec_monitor - INFO - Timestamp: 2025-03-06 11:11:49
2025-03-06 11:11:56,359 - sec_monitor - INFO - API call successful
2025-03-06 11:11:57,360 - sec_monitor - INFO - Processing filing 5/5: GIS
2025-03-06 11:12:28,039 - sec_monitor - INFO - ==================================================
2025-03-06 11:12:28,039 - sec_monitor - INFO - Processing first chunk
2025-03-06 11:12:28,040 - sec_monitor - INFO - Timestamp: 2025-03-06 11:12:28
2025-03-06 11:12:28,227 - sec_monitor - INFO - token percentage = 3%
2025-03-06 11:12:28,227 - sec_monitor - INFO - Making API call - Attempt 1/3
2025-03-06 11:12:28,228 - sec_monitor - INFO - Timestamp: 2025-03-06 11:12:28
2025-03-06 11:12:30,926 - sec_monitor - INFO - API call successful
2025-03-06 11:12:31,928 - sec_monitor - INFO - Fetching supplementary data...
2025-03-06 11:12:32,601 - sec_monitor - INFO - filing_tickers type: <class 'list'>
2025-03-06 11:12:32,601 - sec_monitor - INFO - filing_data type: <class 'list'>
2025-03-06 11:12:32,601 - sec_monitor - INFO - Market open: False
2025-03-06 11:12:32,602 - sec_monitor - INFO - Number of filing times mapped: 5
2025-03-06 11:12:32,673 - sec_monitor - INFO - Last trading day: 2025-03-06
2025-03-06 11:12:32,674 - sec_monitor - INFO - Processing ticker: ON
2025-03-06 11:12:33,096 - sec_monitor - INFO - Number of bars for ON: 3
2025-03-06 11:12:33,096 - sec_monitor - INFO - Last bar close for ON: 46.52
2025-03-06 11:12:33,096 - sec_monitor - INFO - Outside market hours price for ON: 46.52
2025-03-06 11:12:33,096 - sec_monitor - INFO - Processing ticker: NWS
2025-03-06 11:12:33,172 - sec_monitor - INFO - Number of bars for NWS: 4
2025-03-06 11:12:33,172 - sec_monitor - INFO - Last bar close for NWS: 31.85
2025-03-06 11:12:33,172 - sec_monitor - INFO - Outside market hours price for NWS: 31.85
2025-03-06 11:12:33,172 - sec_monitor - INFO - Processing ticker: SNPS
2025-03-06 11:12:33,248 - sec_monitor - INFO - Number of bars for SNPS: 4
2025-03-06 11:12:33,248 - sec_monitor - INFO - Last bar close for SNPS: 448.03
2025-03-06 11:12:33,248 - sec_monitor - INFO - Outside market hours price for SNPS: 448.03
2025-03-06 11:12:33,248 - sec_monitor - INFO - Processing ticker: HUM
2025-03-06 11:12:33,323 - sec_monitor - INFO - Number of bars for HUM: 4
2025-03-06 11:12:33,323 - sec_monitor - INFO - Last bar close for HUM: 262.1
2025-03-06 11:12:33,323 - sec_monitor - INFO - Outside market hours price for HUM: 262.1
2025-03-06 11:12:33,323 - sec_monitor - INFO - Processing ticker: GIS
2025-03-06 11:12:33,399 - sec_monitor - INFO - Number of bars for GIS: 4
2025-03-06 11:12:33,399 - sec_monitor - INFO - Last bar close for GIS: 60.95
2025-03-06 11:12:33,400 - sec_monitor - INFO - Outside market hours price for GIS: 60.95
2025-03-06 11:12:35,022 - sec_monitor - INFO - Generating final output...
2025-03-06 11:12:35,022 - sec_monitor - INFO - Successfully saved/merged output to output/sec_filings.json
2025-03-06 11:12:35,022 - sec_monitor - INFO - Processing complete. Stats: {'input_words': 92708, 'output_words': 413, 'filings_processed': 5}
