2025-02-24 18:20:45,144 - sec_monitor - INFO - Starting SEC filing monitor 
2025-02-24 18:20:45,144 - sec_monitor - INFO - Loading S&P 500 data...
2025-02-24 18:20:45,144 - sec_monitor - INFO - Starting S&P 500 data initialization
2025-02-24 18:20:45,145 - sec_monitor - INFO - Successfully loaded 503 S&P 500 tickers
2025-02-24 18:20:45,145 - sec_monitor - INFO - Successfully loaded 503 S&P 500 tickers
2025-02-24 18:20:45,145 - sec_monitor - INFO - Initializing components...
2025-02-24 18:20:45,145 - sec_monitor - INFO - Initializing components
2025-02-24 18:20:45,145 - sec_monitor - INFO - SEC fetcher initialized
2025-02-24 18:20:45,145 - sec_monitor - INFO - Filing analyzer initialized
2025-02-24 18:20:45,146 - sec_monitor - INFO - Alpaca clients initialized
2025-02-24 18:20:45,146 - sec_monitor - INFO - All components initialized successfully
2025-02-24 18:20:45,147 - sec_monitor - INFO - Found old JSON file, archiving
2025-02-24 18:20:45,147 - sec_monitor - INFO - Starting new filing collection for today
2025-02-24 18:20:45,147 - sec_monitor - INFO - Fetching SEC filings...
2025-02-24 18:20:54,914 - sec_monitor - INFO - Reached old filing, stopping. Found 40 total filings
2025-02-24 18:20:54,915 - sec_monitor - INFO - Found 7 new interesting filings
2025-02-24 18:20:54,915 - sec_monitor - INFO - Found 7 new filings to process
2025-02-24 18:20:54,915 - sec_monitor - INFO - Processing filing 1/7: BKR
2025-02-24 18:21:25,731 - sec_monitor - INFO - ==================================================
2025-02-24 18:21:25,731 - sec_monitor - INFO - Processing first chunk
2025-02-24 18:21:25,731 - sec_monitor - INFO - Timestamp: 2025-02-24 18:21:25
2025-02-24 18:21:25,911 - sec_monitor - INFO - token percentage = 3%
2025-02-24 18:21:25,911 - sec_monitor - INFO - Making API call - Attempt 1/3
2025-02-24 18:21:25,911 - sec_monitor - INFO - Timestamp: 2025-02-24 18:21:25
2025-02-24 18:21:28,085 - sec_monitor - INFO - API call successful
2025-02-24 18:21:29,086 - sec_monitor - INFO - Processing filing 2/7: LVS
2025-02-24 18:31:28,868 - sec_monitor - ERROR - Error processing filing LVS: 400 Request payload size exceeds the limit: 20971520 bytes.
2025-02-24 18:31:28,868 - sec_monitor - INFO - Processing filing 3/7: LDOS
2025-02-24 18:31:59,489 - sec_monitor - INFO - ==================================================
2025-02-24 18:31:59,490 - sec_monitor - INFO - Processing first chunk
2025-02-24 18:31:59,490 - sec_monitor - INFO - Timestamp: 2025-02-24 18:31:59
2025-02-24 18:31:59,629 - sec_monitor - INFO - token percentage = 2%
2025-02-24 18:31:59,630 - sec_monitor - INFO - Making API call - Attempt 1/3
2025-02-24 18:31:59,630 - sec_monitor - INFO - Timestamp: 2025-02-24 18:31:59
2025-02-24 18:32:01,321 - sec_monitor - INFO - API call successful
2025-02-24 18:32:02,323 - sec_monitor - INFO - Processing filing 4/7: NWS
2025-02-24 18:32:33,235 - sec_monitor - INFO - ==================================================
2025-02-24 18:32:33,235 - sec_monitor - INFO - Processing first chunk
2025-02-24 18:32:33,235 - sec_monitor - INFO - Timestamp: 2025-02-24 18:32:33
2025-02-24 18:32:33,459 - sec_monitor - INFO - token percentage = 7%
2025-02-24 18:32:33,459 - sec_monitor - INFO - Making API call - Attempt 1/3
2025-02-24 18:32:33,459 - sec_monitor - INFO - Timestamp: 2025-02-24 18:32:33
2025-02-24 18:32:37,659 - sec_monitor - INFO - API call successful
2025-02-24 18:32:38,660 - sec_monitor - INFO - Processing filing 5/7: AWK
2025-02-24 18:33:09,309 - sec_monitor - INFO - ==================================================
2025-02-24 18:33:09,309 - sec_monitor - INFO - Processing first chunk
2025-02-24 18:33:09,309 - sec_monitor - INFO - Timestamp: 2025-02-24 18:33:09
2025-02-24 18:33:09,487 - sec_monitor - INFO - token percentage = 3%
2025-02-24 18:33:09,487 - sec_monitor - INFO - Making API call - Attempt 1/3
2025-02-24 18:33:09,487 - sec_monitor - INFO - Timestamp: 2025-02-24 18:33:09
2025-02-24 18:33:11,295 - sec_monitor - INFO - API call successful
2025-02-24 18:33:12,297 - sec_monitor - INFO - Processing filing 6/7: DPZ
2025-02-24 18:34:19,839 - sec_monitor - INFO - ==================================================
2025-02-24 18:34:19,839 - sec_monitor - INFO - Processing first chunk
2025-02-24 18:34:19,839 - sec_monitor - INFO - Timestamp: 2025-02-24 18:34:19
2025-02-24 18:34:21,361 - sec_monitor - INFO - token percentage = 38%
2025-02-24 18:34:21,361 - sec_monitor - INFO - Making API call - Attempt 1/3
2025-02-24 18:34:21,361 - sec_monitor - INFO - Timestamp: 2025-02-24 18:34:21
2025-02-24 18:34:35,282 - sec_monitor - INFO - API call successful
2025-02-24 18:35:05,301 - sec_monitor - INFO - ==================================================
2025-02-24 18:35:05,302 - sec_monitor - INFO - Processing middle chunk
2025-02-24 18:35:05,302 - sec_monitor - INFO - Timestamp: 2025-02-24 18:35:05
2025-02-24 18:35:06,249 - sec_monitor - INFO - token percentage = 43%
2025-02-24 18:35:06,249 - sec_monitor - INFO - Making API call - Attempt 1/3
2025-02-24 18:35:06,250 - sec_monitor - INFO - Timestamp: 2025-02-24 18:35:06
2025-02-24 18:35:21,067 - sec_monitor - INFO - API call successful
2025-02-24 18:35:51,097 - sec_monitor - INFO - ==================================================
2025-02-24 18:35:51,097 - sec_monitor - INFO - Processing middle chunk
2025-02-24 18:35:51,098 - sec_monitor - INFO - Timestamp: 2025-02-24 18:35:51
2025-02-24 18:35:51,870 - sec_monitor - INFO - token percentage = 65%
2025-02-24 18:35:51,871 - sec_monitor - INFO - Making API call - Attempt 1/3
2025-02-24 18:35:51,871 - sec_monitor - INFO - Timestamp: 2025-02-24 18:35:51
2025-02-24 18:36:12,897 - sec_monitor - INFO - API call successful
2025-02-24 18:36:42,927 - sec_monitor - INFO - ==================================================
2025-02-24 18:36:42,928 - sec_monitor - INFO - Processing middle chunk
2025-02-24 18:36:42,928 - sec_monitor - INFO - Timestamp: 2025-02-24 18:36:42
2025-02-24 18:36:44,343 - sec_monitor - INFO - token percentage = 51%
2025-02-24 18:36:44,344 - sec_monitor - INFO - Making API call - Attempt 1/3
2025-02-24 18:36:44,344 - sec_monitor - INFO - Timestamp: 2025-02-24 18:36:44
2025-02-24 18:37:01,837 - sec_monitor - INFO - API call successful
2025-02-24 18:37:31,865 - sec_monitor - INFO - ==================================================
2025-02-24 18:37:31,865 - sec_monitor - INFO - Processing middle chunk
2025-02-24 18:37:31,866 - sec_monitor - INFO - Timestamp: 2025-02-24 18:37:31
2025-02-24 18:37:33,151 - sec_monitor - INFO - token percentage = 49%
2025-02-24 18:37:33,151 - sec_monitor - INFO - Making API call - Attempt 1/3
2025-02-24 18:37:33,152 - sec_monitor - INFO - Timestamp: 2025-02-24 18:37:33
2025-02-24 18:37:50,415 - sec_monitor - INFO - API call successful
2025-02-24 18:38:20,446 - sec_monitor - INFO - ==================================================
2025-02-24 18:38:20,446 - sec_monitor - INFO - Processing last chunk
2025-02-24 18:38:20,446 - sec_monitor - INFO - Timestamp: 2025-02-24 18:38:20
2025-02-24 18:38:21,159 - sec_monitor - INFO - token percentage = 48%
2025-02-24 18:38:21,159 - sec_monitor - INFO - Making API call - Attempt 1/3
2025-02-24 18:38:21,159 - sec_monitor - INFO - Timestamp: 2025-02-24 18:38:21
2025-02-24 18:38:37,848 - sec_monitor - INFO - API call successful
2025-02-24 18:38:37,849 - sec_monitor - INFO - Making combine API call - Attempt 1/3
2025-02-24 18:38:37,849 - sec_monitor - INFO - Timestamp: 2025-02-24 18:38:37
2025-02-24 18:38:39,260 - sec_monitor - INFO - Combine API call successful
2025-02-24 18:38:40,261 - sec_monitor - INFO - Processing filing 7/7: DPZ
2025-02-24 18:39:11,511 - sec_monitor - INFO - ==================================================
2025-02-24 18:39:11,511 - sec_monitor - INFO - Processing first chunk
2025-02-24 18:39:11,512 - sec_monitor - INFO - Timestamp: 2025-02-24 18:39:11
2025-02-24 18:39:11,677 - sec_monitor - INFO - token percentage = 6%
2025-02-24 18:39:11,677 - sec_monitor - INFO - Making API call - Attempt 1/3
2025-02-24 18:39:11,677 - sec_monitor - INFO - Timestamp: 2025-02-24 18:39:11
2025-02-24 18:39:15,111 - sec_monitor - INFO - API call successful
2025-02-24 18:39:16,113 - sec_monitor - INFO - Fetching supplementary data...
2025-02-24 18:39:16,502 - sec_monitor - INFO - filing_tickers type: <class 'list'>
2025-02-24 18:39:16,502 - sec_monitor - INFO - filing_data type: <class 'list'>
2025-02-24 18:39:20,985 - sec_monitor - INFO - Generating final output...
2025-02-24 18:39:20,986 - sec_monitor - INFO - Successfully saved/merged output to output/sec_filings.json
2025-02-24 18:39:20,986 - sec_monitor - INFO - Processing complete. Stats: {'input_words': 2329187, 'output_words': 444, 'filings_processed': 7}
2025-02-24 21:10:22,134 - sec_monitor - INFO - Starting SEC filing monitor 
2025-02-24 21:10:22,134 - sec_monitor - INFO - Loading S&P 500 data...
2025-02-24 21:10:22,134 - sec_monitor - INFO - Starting S&P 500 data initialization
2025-02-24 21:10:22,135 - sec_monitor - INFO - Successfully loaded 503 S&P 500 tickers
2025-02-24 21:10:22,135 - sec_monitor - INFO - Successfully loaded 503 S&P 500 tickers
2025-02-24 21:10:22,135 - sec_monitor - INFO - Initializing components...
2025-02-24 21:10:22,135 - sec_monitor - INFO - Initializing components
2025-02-24 21:10:22,135 - sec_monitor - INFO - SEC fetcher initialized
2025-02-24 21:10:22,135 - sec_monitor - INFO - Filing analyzer initialized
2025-02-24 21:10:22,136 - sec_monitor - INFO - Alpaca clients initialized
2025-02-24 21:10:22,136 - sec_monitor - INFO - All components initialized successfully
2025-02-24 21:10:22,137 - sec_monitor - INFO - Found JSON file from today
2025-02-24 21:10:22,137 - sec_monitor - INFO - Found 0 previously processed filings
2025-02-24 21:10:22,137 - sec_monitor - INFO - Found 0 previously processed filings today
2025-02-24 21:10:22,137 - sec_monitor - INFO - Fetching SEC filings...
2025-02-24 21:10:42,702 - sec_monitor - INFO - No more entries found
2025-02-24 21:10:42,702 - sec_monitor - INFO - Completed fetching. Found 121 total filings
2025-02-24 21:10:42,703 - sec_monitor - INFO - Found 9 new interesting filings
2025-02-24 21:10:42,703 - sec_monitor - INFO - Found 9 new filings to process
2025-02-24 21:10:42,703 - sec_monitor - INFO - Processing filing 1/9: EQT
2025-02-24 21:11:13,609 - sec_monitor - INFO - ==================================================
2025-02-24 21:11:13,609 - sec_monitor - INFO - Processing first chunk
2025-02-24 21:11:13,609 - sec_monitor - INFO - Timestamp: 2025-02-24 21:11:13
2025-02-24 21:11:13,773 - sec_monitor - INFO - token percentage = 9%
2025-02-24 21:11:13,773 - sec_monitor - INFO - Making API call - Attempt 1/3
2025-02-24 21:11:13,773 - sec_monitor - INFO - Timestamp: 2025-02-24 21:11:13
2025-02-24 21:11:18,490 - sec_monitor - INFO - API call successful
2025-02-24 21:11:19,491 - sec_monitor - INFO - Processing filing 2/9: O
2025-02-24 21:12:46,227 - sec_monitor - INFO - ==================================================
2025-02-24 21:12:46,228 - sec_monitor - INFO - Processing first chunk
2025-02-24 21:12:46,228 - sec_monitor - INFO - Timestamp: 2025-02-24 21:12:46
2025-02-24 21:12:46,662 - sec_monitor - INFO - token percentage = 45%
2025-02-24 21:12:46,663 - sec_monitor - INFO - Making API call - Attempt 1/3
2025-02-24 21:12:46,663 - sec_monitor - INFO - Timestamp: 2025-02-24 21:12:46
2025-02-24 21:13:00,183 - sec_monitor - INFO - API call successful
2025-02-24 21:13:30,213 - sec_monitor - INFO - ==================================================
2025-02-24 21:13:30,214 - sec_monitor - INFO - Processing middle chunk
2025-02-24 21:13:30,214 - sec_monitor - INFO - Timestamp: 2025-02-24 21:13:30
2025-02-24 21:13:30,538 - sec_monitor - INFO - token percentage = 51%
2025-02-24 21:13:30,538 - sec_monitor - INFO - Making API call - Attempt 1/3
2025-02-24 21:13:30,538 - sec_monitor - INFO - Timestamp: 2025-02-24 21:13:30
2025-02-24 21:13:45,571 - sec_monitor - INFO - API call successful
2025-02-24 21:14:15,601 - sec_monitor - INFO - ==================================================
2025-02-24 21:14:15,601 - sec_monitor - INFO - Processing middle chunk
2025-02-24 21:14:15,602 - sec_monitor - INFO - Timestamp: 2025-02-24 21:14:15
2025-02-24 21:14:15,858 - sec_monitor - INFO - token percentage = 51%
2025-02-24 21:14:15,858 - sec_monitor - INFO - Making API call - Attempt 1/3
2025-02-24 21:14:15,858 - sec_monitor - INFO - Timestamp: 2025-02-24 21:14:15
2025-02-24 21:14:40,809 - sec_monitor - INFO - API call successful
2025-02-24 21:15:10,826 - sec_monitor - INFO - ==================================================
2025-02-24 21:15:10,827 - sec_monitor - INFO - Processing middle chunk
2025-02-24 21:15:10,827 - sec_monitor - INFO - Timestamp: 2025-02-24 21:15:10
2025-02-24 21:15:11,233 - sec_monitor - INFO - token percentage = 51%
2025-02-24 21:15:11,234 - sec_monitor - INFO - Making API call - Attempt 1/3
2025-02-24 21:15:11,234 - sec_monitor - INFO - Timestamp: 2025-02-24 21:15:11
2025-02-24 21:15:26,735 - sec_monitor - INFO - API call successful
2025-02-24 21:15:56,766 - sec_monitor - INFO - ==================================================
2025-02-24 21:15:56,766 - sec_monitor - INFO - Processing middle chunk
2025-02-24 21:15:56,766 - sec_monitor - INFO - Timestamp: 2025-02-24 21:15:56
2025-02-24 21:15:57,028 - sec_monitor - INFO - token percentage = 51%
2025-02-24 21:15:57,028 - sec_monitor - INFO - Making API call - Attempt 1/3
2025-02-24 21:15:57,028 - sec_monitor - INFO - Timestamp: 2025-02-24 21:15:57
2025-02-24 21:16:12,253 - sec_monitor - INFO - API call successful
2025-02-24 21:16:42,283 - sec_monitor - INFO - ==================================================
2025-02-24 21:16:42,284 - sec_monitor - INFO - Processing middle chunk
2025-02-24 21:16:42,284 - sec_monitor - INFO - Timestamp: 2025-02-24 21:16:42
2025-02-24 21:16:42,519 - sec_monitor - INFO - token percentage = 50%
2025-02-24 21:16:42,519 - sec_monitor - INFO - Making API call - Attempt 1/3
2025-02-24 21:16:42,519 - sec_monitor - INFO - Timestamp: 2025-02-24 21:16:42
2025-02-24 21:16:58,487 - sec_monitor - INFO - API call successful
2025-02-24 21:17:28,514 - sec_monitor - INFO - ==================================================
2025-02-24 21:17:28,514 - sec_monitor - INFO - Processing middle chunk
2025-02-24 21:17:28,514 - sec_monitor - INFO - Timestamp: 2025-02-24 21:17:28
2025-02-24 21:17:28,769 - sec_monitor - INFO - token percentage = 51%
2025-02-24 21:17:28,769 - sec_monitor - INFO - Making API call - Attempt 1/3
2025-02-24 21:17:28,770 - sec_monitor - INFO - Timestamp: 2025-02-24 21:17:28
2025-02-24 21:17:44,486 - sec_monitor - INFO - API call successful
2025-02-24 21:18:14,513 - sec_monitor - INFO - ==================================================
2025-02-24 21:18:14,513 - sec_monitor - INFO - Processing middle chunk
2025-02-24 21:18:14,513 - sec_monitor - INFO - Timestamp: 2025-02-24 21:18:14
2025-02-24 21:18:14,746 - sec_monitor - INFO - token percentage = 49%
2025-02-24 21:18:14,747 - sec_monitor - INFO - Making API call - Attempt 1/3
2025-02-24 21:18:14,747 - sec_monitor - INFO - Timestamp: 2025-02-24 21:18:14
2025-02-24 21:18:30,251 - sec_monitor - INFO - API call successful
2025-02-24 21:19:00,282 - sec_monitor - INFO - ==================================================
2025-02-24 21:19:00,282 - sec_monitor - INFO - Processing middle chunk
2025-02-24 21:19:00,282 - sec_monitor - INFO - Timestamp: 2025-02-24 21:19:00
2025-02-24 21:19:00,602 - sec_monitor - INFO - token percentage = 50%
2025-02-24 21:19:00,602 - sec_monitor - INFO - Making API call - Attempt 1/3
2025-02-24 21:19:00,602 - sec_monitor - INFO - Timestamp: 2025-02-24 21:19:00
2025-02-24 21:19:16,048 - sec_monitor - INFO - API call successful
2025-02-24 21:19:46,078 - sec_monitor - INFO - ==================================================
2025-02-24 21:19:46,079 - sec_monitor - INFO - Processing middle chunk
2025-02-24 21:19:46,079 - sec_monitor - INFO - Timestamp: 2025-02-24 21:19:46
2025-02-24 21:19:46,315 - sec_monitor - INFO - token percentage = 50%
2025-02-24 21:19:46,315 - sec_monitor - INFO - Making API call - Attempt 1/3
2025-02-24 21:19:46,315 - sec_monitor - INFO - Timestamp: 2025-02-24 21:19:46
2025-02-24 21:20:01,515 - sec_monitor - INFO - API call successful
2025-02-24 21:20:31,535 - sec_monitor - INFO - ==================================================
2025-02-24 21:20:31,535 - sec_monitor - INFO - Processing last chunk
2025-02-24 21:20:31,535 - sec_monitor - INFO - Timestamp: 2025-02-24 21:20:31
2025-02-24 21:20:31,616 - sec_monitor - INFO - token percentage = 9%
2025-02-24 21:20:31,616 - sec_monitor - INFO - Making API call - Attempt 1/3
2025-02-24 21:20:31,616 - sec_monitor - INFO - Timestamp: 2025-02-24 21:20:31
2025-02-24 21:20:35,471 - sec_monitor - INFO - API call successful
2025-02-24 21:20:35,471 - sec_monitor - INFO - Making combine API call - Attempt 1/3
2025-02-24 21:20:35,472 - sec_monitor - INFO - Timestamp: 2025-02-24 21:20:35
2025-02-24 21:20:36,728 - sec_monitor - INFO - Combine API call successful
2025-02-24 21:20:37,729 - sec_monitor - INFO - Processing filing 3/9: KVUE
2025-02-24 21:21:51,516 - sec_monitor - INFO - ==================================================
2025-02-24 21:21:51,516 - sec_monitor - INFO - Processing first chunk
2025-02-24 21:21:51,516 - sec_monitor - INFO - Timestamp: 2025-02-24 21:21:51
2025-02-24 21:21:52,631 - sec_monitor - INFO - token percentage = 40%
2025-02-24 21:21:52,631 - sec_monitor - INFO - Making API call - Attempt 1/3
2025-02-24 21:21:52,631 - sec_monitor - INFO - Timestamp: 2025-02-24 21:21:52
2025-02-24 21:22:07,698 - sec_monitor - INFO - API call successful
2025-02-24 21:22:37,728 - sec_monitor - INFO - ==================================================
2025-02-24 21:22:37,729 - sec_monitor - INFO - Processing middle chunk
2025-02-24 21:22:37,729 - sec_monitor - INFO - Timestamp: 2025-02-24 21:22:37
2025-02-24 21:22:38,901 - sec_monitor - INFO - token percentage = 47%
2025-02-24 21:22:38,902 - sec_monitor - INFO - Making API call - Attempt 1/3
2025-02-24 21:22:38,902 - sec_monitor - INFO - Timestamp: 2025-02-24 21:22:38
2025-02-24 21:22:54,520 - sec_monitor - INFO - API call successful
2025-02-24 21:23:24,551 - sec_monitor - INFO - ==================================================
2025-02-24 21:23:24,551 - sec_monitor - INFO - Processing middle chunk
2025-02-24 21:23:24,551 - sec_monitor - INFO - Timestamp: 2025-02-24 21:23:24
2025-02-24 21:23:25,362 - sec_monitor - INFO - token percentage = 45%
2025-02-24 21:23:25,363 - sec_monitor - INFO - Making API call - Attempt 1/3
2025-02-24 21:23:25,363 - sec_monitor - INFO - Timestamp: 2025-02-24 21:23:25
2025-02-24 21:23:39,569 - sec_monitor - INFO - API call successful
2025-02-24 21:24:09,581 - sec_monitor - INFO - ==================================================
2025-02-24 21:24:09,581 - sec_monitor - INFO - Processing middle chunk
2025-02-24 21:24:09,581 - sec_monitor - INFO - Timestamp: 2025-02-24 21:24:09
2025-02-24 21:24:10,218 - sec_monitor - INFO - token percentage = 66%
2025-02-24 21:24:10,218 - sec_monitor - INFO - Making API call - Attempt 1/3
2025-02-24 21:24:10,218 - sec_monitor - INFO - Timestamp: 2025-02-24 21:24:10
2025-02-24 21:24:33,553 - sec_monitor - INFO - API call successful
2025-02-24 21:25:03,583 - sec_monitor - INFO - ==================================================
2025-02-24 21:25:03,583 - sec_monitor - INFO - Processing middle chunk
2025-02-24 21:25:03,583 - sec_monitor - INFO - Timestamp: 2025-02-24 21:25:03
2025-02-24 21:25:04,547 - sec_monitor - INFO - token percentage = 48%
2025-02-24 21:25:04,547 - sec_monitor - INFO - Making API call - Attempt 1/3
2025-02-24 21:25:04,548 - sec_monitor - INFO - Timestamp: 2025-02-24 21:25:04
2025-02-24 21:25:20,472 - sec_monitor - INFO - API call successful
2025-02-24 21:25:50,473 - sec_monitor - INFO - ==================================================
2025-02-24 21:25:50,474 - sec_monitor - INFO - Processing last chunk
2025-02-24 21:25:50,474 - sec_monitor - INFO - Timestamp: 2025-02-24 21:25:50
2025-02-24 21:25:50,868 - sec_monitor - INFO - token percentage = 29%
2025-02-24 21:25:50,868 - sec_monitor - INFO - Making API call - Attempt 1/3
2025-02-24 21:25:50,868 - sec_monitor - INFO - Timestamp: 2025-02-24 21:25:50
2025-02-24 21:26:00,395 - sec_monitor - INFO - API call successful
2025-02-24 21:26:00,395 - sec_monitor - INFO - Making combine API call - Attempt 1/3
2025-02-24 21:26:00,395 - sec_monitor - INFO - Timestamp: 2025-02-24 21:26:00
2025-02-24 21:26:01,541 - sec_monitor - INFO - Combine API call successful
2025-02-24 21:26:02,543 - sec_monitor - INFO - Processing filing 4/9: FANG
2025-02-24 21:26:35,085 - sec_monitor - INFO - ==================================================
2025-02-24 21:26:35,085 - sec_monitor - INFO - Processing first chunk
2025-02-24 21:26:35,085 - sec_monitor - INFO - Timestamp: 2025-02-24 21:26:35
2025-02-24 21:26:35,324 - sec_monitor - INFO - token percentage = 51%
2025-02-24 21:26:35,324 - sec_monitor - INFO - Making API call - Attempt 1/3
2025-02-24 21:26:35,324 - sec_monitor - INFO - Timestamp: 2025-02-24 21:26:35
2025-02-24 21:26:50,947 - sec_monitor - INFO - API call successful
2025-02-24 21:27:20,977 - sec_monitor - INFO - ==================================================
2025-02-24 21:27:20,977 - sec_monitor - INFO - Processing last chunk
2025-02-24 21:27:20,977 - sec_monitor - INFO - Timestamp: 2025-02-24 21:27:20
2025-02-24 21:27:21,052 - sec_monitor - INFO - token percentage = 10%
2025-02-24 21:27:21,052 - sec_monitor - INFO - Making API call - Attempt 1/3
2025-02-24 21:27:21,052 - sec_monitor - INFO - Timestamp: 2025-02-24 21:27:21
2025-02-24 21:27:24,481 - sec_monitor - INFO - API call successful
2025-02-24 21:27:24,481 - sec_monitor - INFO - Making combine API call - Attempt 1/3
2025-02-24 21:27:24,481 - sec_monitor - INFO - Timestamp: 2025-02-24 21:27:24
2025-02-24 21:27:25,727 - sec_monitor - INFO - Combine API call successful
2025-02-24 21:27:26,729 - sec_monitor - INFO - Processing filing 5/9: MKTX
2025-02-24 21:29:13,362 - sec_monitor - INFO - ==================================================
2025-02-24 21:29:13,362 - sec_monitor - INFO - Processing first chunk
2025-02-24 21:29:13,362 - sec_monitor - INFO - Timestamp: 2025-02-24 21:29:13
2025-02-24 21:29:14,093 - sec_monitor - INFO - token percentage = 60%
2025-02-24 21:29:14,093 - sec_monitor - INFO - Making API call - Attempt 1/3
2025-02-24 21:29:14,094 - sec_monitor - INFO - Timestamp: 2025-02-24 21:29:14
2025-02-24 21:29:35,599 - sec_monitor - INFO - API call successful
2025-02-24 21:30:05,630 - sec_monitor - INFO - ==================================================
2025-02-24 21:30:05,630 - sec_monitor - INFO - Processing middle chunk
2025-02-24 21:30:05,630 - sec_monitor - INFO - Timestamp: 2025-02-24 21:30:05
2025-02-24 21:30:06,380 - sec_monitor - INFO - token percentage = 36%
2025-02-24 21:30:06,381 - sec_monitor - INFO - Making API call - Attempt 1/3
2025-02-24 21:30:06,381 - sec_monitor - INFO - Timestamp: 2025-02-24 21:30:06
2025-02-24 21:30:19,125 - sec_monitor - INFO - API call successful
2025-02-24 21:30:49,150 - sec_monitor - INFO - ==================================================
2025-02-24 21:30:49,150 - sec_monitor - INFO - Processing middle chunk
2025-02-24 21:30:49,150 - sec_monitor - INFO - Timestamp: 2025-02-24 21:30:49
2025-02-24 21:30:50,248 - sec_monitor - INFO - token percentage = 46%
2025-02-24 21:30:50,248 - sec_monitor - INFO - Making API call - Attempt 1/3
2025-02-24 21:30:50,248 - sec_monitor - INFO - Timestamp: 2025-02-24 21:30:50
2025-02-24 21:31:05,748 - sec_monitor - INFO - API call successful
2025-02-24 21:31:35,778 - sec_monitor - INFO - ==================================================
2025-02-24 21:31:35,779 - sec_monitor - INFO - Processing middle chunk
2025-02-24 21:31:35,779 - sec_monitor - INFO - Timestamp: 2025-02-24 21:31:35
2025-02-24 21:31:36,284 - sec_monitor - INFO - token percentage = 68%
2025-02-24 21:31:36,285 - sec_monitor - INFO - Making API call - Attempt 1/3
2025-02-24 21:31:36,285 - sec_monitor - INFO - Timestamp: 2025-02-24 21:31:36
2025-02-24 21:31:58,136 - sec_monitor - INFO - API call successful
2025-02-24 21:32:28,167 - sec_monitor - INFO - ==================================================
2025-02-24 21:32:28,167 - sec_monitor - INFO - Processing middle chunk
2025-02-24 21:32:28,167 - sec_monitor - INFO - Timestamp: 2025-02-24 21:32:28
2025-02-24 21:32:29,032 - sec_monitor - INFO - token percentage = 51%
2025-02-24 21:32:29,032 - sec_monitor - INFO - Making API call - Attempt 1/3
2025-02-24 21:32:29,032 - sec_monitor - INFO - Timestamp: 2025-02-24 21:32:29
2025-02-24 21:32:45,180 - sec_monitor - INFO - API call successful
2025-02-24 21:33:15,205 - sec_monitor - INFO - ==================================================
2025-02-24 21:33:15,205 - sec_monitor - INFO - Processing middle chunk
2025-02-24 21:33:15,205 - sec_monitor - INFO - Timestamp: 2025-02-24 21:33:15
2025-02-24 21:33:15,939 - sec_monitor - INFO - token percentage = 45%
2025-02-24 21:33:15,939 - sec_monitor - INFO - Making API call - Attempt 1/3
2025-02-24 21:33:15,939 - sec_monitor - INFO - Timestamp: 2025-02-24 21:33:15
2025-02-24 21:33:30,715 - sec_monitor - INFO - API call successful
2025-02-24 21:34:00,730 - sec_monitor - INFO - ==================================================
2025-02-24 21:34:00,730 - sec_monitor - INFO - Processing middle chunk
2025-02-24 21:34:00,730 - sec_monitor - INFO - Timestamp: 2025-02-24 21:34:00
2025-02-24 21:34:01,889 - sec_monitor - INFO - token percentage = 45%
2025-02-24 21:34:01,890 - sec_monitor - INFO - Making API call - Attempt 1/3
2025-02-24 21:34:01,890 - sec_monitor - INFO - Timestamp: 2025-02-24 21:34:01
2025-02-24 21:34:16,860 - sec_monitor - INFO - API call successful
2025-02-24 21:34:46,891 - sec_monitor - INFO - ==================================================
2025-02-24 21:34:46,891 - sec_monitor - INFO - Processing middle chunk
2025-02-24 21:34:46,891 - sec_monitor - INFO - Timestamp: 2025-02-24 21:34:46
2025-02-24 21:34:48,083 - sec_monitor - INFO - token percentage = 44%
2025-02-24 21:34:48,083 - sec_monitor - INFO - Making API call - Attempt 1/3
2025-02-24 21:34:48,083 - sec_monitor - INFO - Timestamp: 2025-02-24 21:34:48
2025-02-24 21:35:02,326 - sec_monitor - INFO - API call successful
2025-02-24 21:35:32,341 - sec_monitor - INFO - ==================================================
2025-02-24 21:35:32,341 - sec_monitor - INFO - Processing last chunk
2025-02-24 21:35:32,341 - sec_monitor - INFO - Timestamp: 2025-02-24 21:35:32
2025-02-24 21:35:32,715 - sec_monitor - INFO - token percentage = 35%
2025-02-24 21:35:32,715 - sec_monitor - INFO - Making API call - Attempt 1/3
2025-02-24 21:35:32,715 - sec_monitor - INFO - Timestamp: 2025-02-24 21:35:32
2025-02-24 21:35:44,075 - sec_monitor - INFO - API call successful
2025-02-24 21:35:44,075 - sec_monitor - INFO - Making combine API call - Attempt 1/3
2025-02-24 21:35:44,075 - sec_monitor - INFO - Timestamp: 2025-02-24 21:35:44
2025-02-24 21:35:45,417 - sec_monitor - INFO - Combine API call successful
2025-02-24 21:35:46,419 - sec_monitor - INFO - Processing filing 6/9: MCHP
2025-02-24 21:36:16,888 - sec_monitor - INFO - ==================================================
2025-02-24 21:36:16,888 - sec_monitor - INFO - Processing first chunk
2025-02-24 21:36:16,888 - sec_monitor - INFO - Timestamp: 2025-02-24 21:36:16
2025-02-24 21:36:16,971 - sec_monitor - INFO - token percentage = 6%
2025-02-24 21:36:16,971 - sec_monitor - INFO - Making API call - Attempt 1/3
2025-02-24 21:36:16,971 - sec_monitor - INFO - Timestamp: 2025-02-24 21:36:16
2025-02-24 21:36:19,615 - sec_monitor - INFO - API call successful
2025-02-24 21:36:20,616 - sec_monitor - INFO - Processing filing 7/9: CINF
2025-02-24 21:38:07,656 - sec_monitor - INFO - ==================================================
2025-02-24 21:38:07,657 - sec_monitor - INFO - Processing first chunk
2025-02-24 21:38:07,657 - sec_monitor - INFO - Timestamp: 2025-02-24 21:38:07
2025-02-24 21:38:08,786 - sec_monitor - INFO - token percentage = 40%
2025-02-24 21:38:08,787 - sec_monitor - INFO - Making API call - Attempt 1/3
2025-02-24 21:38:08,787 - sec_monitor - INFO - Timestamp: 2025-02-24 21:38:08
2025-02-24 21:38:23,283 - sec_monitor - INFO - API call successful
2025-02-24 21:38:53,313 - sec_monitor - INFO - ==================================================
2025-02-24 21:38:53,313 - sec_monitor - INFO - Processing middle chunk
2025-02-24 21:38:53,314 - sec_monitor - INFO - Timestamp: 2025-02-24 21:38:53
2025-02-24 21:38:54,209 - sec_monitor - INFO - token percentage = 42%
2025-02-24 21:38:54,210 - sec_monitor - INFO - Making API call - Attempt 1/3
2025-02-24 21:38:54,210 - sec_monitor - INFO - Timestamp: 2025-02-24 21:38:54
2025-02-24 21:39:07,882 - sec_monitor - INFO - API call successful
2025-02-24 21:39:37,912 - sec_monitor - INFO - ==================================================
2025-02-24 21:39:37,913 - sec_monitor - INFO - Processing middle chunk
2025-02-24 21:39:37,913 - sec_monitor - INFO - Timestamp: 2025-02-24 21:39:37
2025-02-24 21:39:38,804 - sec_monitor - INFO - token percentage = 50%
2025-02-24 21:39:38,804 - sec_monitor - INFO - Making API call - Attempt 1/3
2025-02-24 21:39:38,804 - sec_monitor - INFO - Timestamp: 2025-02-24 21:39:38
2025-02-24 21:39:55,310 - sec_monitor - INFO - API call successful
2025-02-24 21:40:25,340 - sec_monitor - INFO - ==================================================
2025-02-24 21:40:25,341 - sec_monitor - INFO - Processing middle chunk
2025-02-24 21:40:25,341 - sec_monitor - INFO - Timestamp: 2025-02-24 21:40:25
2025-02-24 21:40:26,123 - sec_monitor - INFO - token percentage = 61%
2025-02-24 21:40:26,123 - sec_monitor - INFO - Making API call - Attempt 1/3
2025-02-24 21:40:26,123 - sec_monitor - INFO - Timestamp: 2025-02-24 21:40:26
2025-02-24 21:40:46,203 - sec_monitor - INFO - API call successful
2025-02-24 21:41:16,225 - sec_monitor - INFO - ==================================================
2025-02-24 21:41:16,226 - sec_monitor - INFO - Processing middle chunk
2025-02-24 21:41:16,226 - sec_monitor - INFO - Timestamp: 2025-02-24 21:41:16
2025-02-24 21:41:16,816 - sec_monitor - INFO - token percentage = 56%
2025-02-24 21:41:16,817 - sec_monitor - INFO - Making API call - Attempt 1/3
2025-02-24 21:41:16,817 - sec_monitor - INFO - Timestamp: 2025-02-24 21:41:16
2025-02-24 21:41:35,141 - sec_monitor - INFO - API call successful
2025-02-24 21:42:05,161 - sec_monitor - INFO - ==================================================
2025-02-24 21:42:05,161 - sec_monitor - INFO - Processing middle chunk
2025-02-24 21:42:05,161 - sec_monitor - INFO - Timestamp: 2025-02-24 21:42:05
2025-02-24 21:42:06,072 - sec_monitor - INFO - token percentage = 48%
2025-02-24 21:42:06,072 - sec_monitor - INFO - Making API call - Attempt 1/3
2025-02-24 21:42:06,072 - sec_monitor - INFO - Timestamp: 2025-02-24 21:42:06
2025-02-24 21:42:20,973 - sec_monitor - INFO - API call successful
2025-02-24 21:42:51,003 - sec_monitor - INFO - ==================================================
2025-02-24 21:42:51,003 - sec_monitor - INFO - Processing middle chunk
2025-02-24 21:42:51,003 - sec_monitor - INFO - Timestamp: 2025-02-24 21:42:51
2025-02-24 21:42:51,719 - sec_monitor - INFO - token percentage = 48%
2025-02-24 21:42:51,719 - sec_monitor - INFO - Making API call - Attempt 1/3
2025-02-24 21:42:51,719 - sec_monitor - INFO - Timestamp: 2025-02-24 21:42:51
2025-02-24 21:43:07,461 - sec_monitor - INFO - API call successful
2025-02-24 21:43:37,473 - sec_monitor - INFO - ==================================================
2025-02-24 21:43:37,474 - sec_monitor - INFO - Processing middle chunk
2025-02-24 21:43:37,474 - sec_monitor - INFO - Timestamp: 2025-02-24 21:43:37
2025-02-24 21:43:38,277 - sec_monitor - INFO - token percentage = 48%
2025-02-24 21:43:38,277 - sec_monitor - INFO - Making API call - Attempt 1/3
2025-02-24 21:43:38,277 - sec_monitor - INFO - Timestamp: 2025-02-24 21:43:38
2025-02-24 21:43:54,309 - sec_monitor - INFO - API call successful
2025-02-24 21:44:24,340 - sec_monitor - INFO - ==================================================
2025-02-24 21:44:24,340 - sec_monitor - INFO - Processing last chunk
2025-02-24 21:44:24,340 - sec_monitor - INFO - Timestamp: 2025-02-24 21:44:24
2025-02-24 21:44:24,655 - sec_monitor - INFO - token percentage = 34%
2025-02-24 21:44:24,656 - sec_monitor - INFO - Making API call - Attempt 1/3
2025-02-24 21:44:24,656 - sec_monitor - INFO - Timestamp: 2025-02-24 21:44:24
2025-02-24 21:44:35,721 - sec_monitor - INFO - API call successful
2025-02-24 21:44:35,721 - sec_monitor - INFO - Making combine API call - Attempt 1/3
2025-02-24 21:44:35,721 - sec_monitor - INFO - Timestamp: 2025-02-24 21:44:35
2025-02-24 21:44:36,932 - sec_monitor - INFO - Combine API call successful
2025-02-24 21:44:37,933 - sec_monitor - INFO - Processing filing 8/9: BKR
2025-02-24 21:45:08,561 - sec_monitor - INFO - ==================================================
2025-02-24 21:45:08,561 - sec_monitor - INFO - Processing first chunk
2025-02-24 21:45:08,561 - sec_monitor - INFO - Timestamp: 2025-02-24 21:45:08
2025-02-24 21:45:08,639 - sec_monitor - INFO - token percentage = 3%
2025-02-24 21:45:08,640 - sec_monitor - INFO - Making API call - Attempt 1/3
2025-02-24 21:45:08,640 - sec_monitor - INFO - Timestamp: 2025-02-24 21:45:08
2025-02-24 21:45:10,740 - sec_monitor - INFO - API call successful
2025-02-24 21:45:11,741 - sec_monitor - INFO - Processing filing 9/9: LVS
2025-02-24 21:55:10,654 - sec_monitor - ERROR - Error processing filing LVS: 400 Request payload size exceeds the limit: 20971520 bytes.
2025-02-24 21:55:10,654 - sec_monitor - INFO - Fetching supplementary data...
2025-02-24 21:55:10,890 - sec_monitor - INFO - filing_tickers type: <class 'list'>
2025-02-24 21:55:10,890 - sec_monitor - INFO - filing_data type: <class 'list'>
2025-02-24 21:55:14,777 - sec_monitor - INFO - Generating final output...
2025-02-24 21:55:14,778 - sec_monitor - INFO - Successfully merged 9 new filings with existing JSON
2025-02-24 21:55:14,779 - sec_monitor - INFO - Cumulative stats - Input words: 6114280, Output words: 1017
2025-02-24 21:55:14,779 - sec_monitor - INFO - Successfully saved/merged output to output/sec_filings.json
2025-02-24 21:55:14,779 - sec_monitor - INFO - Processing complete. Stats: {'input_words': 3785093, 'output_words': 573, 'filings_processed': 9}
