2025-09-16 11:09:14,750 - sec_monitor - INFO - Starting SEC filing monitor 
2025-09-16 11:09:14,751 - sec_monitor - INFO - Loading S&P 500 data...
2025-09-16 11:09:14,751 - sec_monitor - INFO - Starting S&P 500 data initialization
2025-09-16 11:09:14,751 - sec_monitor - INFO - Successfully loaded 503 S&P 500 tickers
2025-09-16 11:09:14,751 - sec_monitor - INFO - Successfully loaded 503 S&P 500 tickers
2025-09-16 11:09:14,751 - sec_monitor - INFO - Initializing components...
2025-09-16 11:09:14,751 - sec_monitor - INFO - Initializing components
2025-09-16 11:09:14,751 - sec_monitor - INFO - SEC fetcher initialized
2025-09-16 11:09:14,752 - sec_monitor - INFO - Filing analyzer initialized
2025-09-16 11:09:14,752 - sec_monitor - INFO - Alpaca clients initialized
2025-09-16 11:09:14,752 - sec_monitor - INFO - All components initialized successfully
2025-09-16 11:09:14,753 - sec_monitor - INFO - Found old JSON file, archiving
2025-09-16 11:09:14,753 - sec_monitor - INFO - Starting new filing collection for today
2025-09-16 11:09:14,753 - sec_monitor - INFO - Fetching SEC filings...
2025-09-16 11:09:29,877 - sec_monitor - INFO - No more entries found
2025-09-16 11:09:29,877 - sec_monitor - INFO - Completed fetching. Found 104 total filings
2025-09-16 11:09:29,877 - sec_monitor - INFO - Found 8 new interesting filings
2025-09-16 11:09:29,878 - sec_monitor - INFO - Found 8 new filings to process
2025-09-16 11:09:29,878 - sec_monitor - INFO - Processing filing 1/8: PODD
2025-09-16 11:10:00,392 - sec_monitor - INFO - ==================================================
2025-09-16 11:10:00,392 - sec_monitor - INFO - Processing first chunk
2025-09-16 11:10:00,392 - sec_monitor - INFO - Timestamp: 2025-09-16 11:10:00
2025-09-16 11:10:00,533 - sec_monitor - INFO - token percentage = 3%
2025-09-16 11:10:00,534 - sec_monitor - INFO - Making API call - Attempt 1/3
2025-09-16 11:10:00,534 - sec_monitor - INFO - Timestamp: 2025-09-16 11:10:00
2025-09-16 11:10:06,158 - sec_monitor - INFO - API call successful
2025-09-16 11:10:07,160 - sec_monitor - INFO - Processing filing 2/8: DAY
2025-09-16 11:10:37,621 - sec_monitor - INFO - ==================================================
2025-09-16 11:10:37,621 - sec_monitor - INFO - Processing first chunk
2025-09-16 11:10:37,621 - sec_monitor - INFO - Timestamp: 2025-09-16 11:10:37
2025-09-16 11:10:37,753 - sec_monitor - INFO - token percentage = 3%
2025-09-16 11:10:37,753 - sec_monitor - INFO - Making API call - Attempt 1/3
2025-09-16 11:10:37,754 - sec_monitor - INFO - Timestamp: 2025-09-16 11:10:37
2025-09-16 11:10:41,541 - sec_monitor - INFO - API call successful
2025-09-16 11:10:42,543 - sec_monitor - INFO - Processing filing 3/8: DXCM
2025-09-16 11:11:13,550 - sec_monitor - INFO - ==================================================
2025-09-16 11:11:13,550 - sec_monitor - INFO - Processing first chunk
2025-09-16 11:11:13,550 - sec_monitor - INFO - Timestamp: 2025-09-16 11:11:13
2025-09-16 11:11:13,761 - sec_monitor - INFO - token percentage = 15%
2025-09-16 11:11:13,761 - sec_monitor - INFO - Making API call - Attempt 1/3
2025-09-16 11:11:13,761 - sec_monitor - INFO - Timestamp: 2025-09-16 11:11:13
2025-09-16 11:11:19,738 - sec_monitor - INFO - API call successful
2025-09-16 11:11:20,739 - sec_monitor - INFO - Processing filing 4/8: STLD
2025-09-16 11:11:51,335 - sec_monitor - INFO - ==================================================
2025-09-16 11:11:51,335 - sec_monitor - INFO - Processing first chunk
2025-09-16 11:11:51,336 - sec_monitor - INFO - Timestamp: 2025-09-16 11:11:51
2025-09-16 11:11:51,472 - sec_monitor - INFO - token percentage = 4%
2025-09-16 11:11:51,472 - sec_monitor - INFO - Making API call - Attempt 1/3
2025-09-16 11:11:51,472 - sec_monitor - INFO - Timestamp: 2025-09-16 11:11:51
2025-09-16 11:11:57,275 - sec_monitor - INFO - API call successful
2025-09-16 11:11:58,276 - sec_monitor - INFO - Processing filing 5/8: HD
2025-09-16 11:12:29,011 - sec_monitor - INFO - ==================================================
2025-09-16 11:12:29,011 - sec_monitor - INFO - Processing first chunk
2025-09-16 11:12:29,012 - sec_monitor - INFO - Timestamp: 2025-09-16 11:12:29
2025-09-16 11:12:29,199 - sec_monitor - INFO - token percentage = 7%
2025-09-16 11:12:29,199 - sec_monitor - INFO - Making API call - Attempt 1/3
2025-09-16 11:12:29,199 - sec_monitor - INFO - Timestamp: 2025-09-16 11:12:29
2025-09-16 11:12:40,681 - sec_monitor - INFO - API call successful
2025-09-16 11:12:41,682 - sec_monitor - INFO - Processing filing 6/8: CCI
2025-09-16 11:13:12,035 - sec_monitor - INFO - ==================================================
2025-09-16 11:13:12,036 - sec_monitor - INFO - Processing first chunk
2025-09-16 11:13:12,036 - sec_monitor - INFO - Timestamp: 2025-09-16 11:13:12
2025-09-16 11:13:12,134 - sec_monitor - INFO - token percentage = 2%
2025-09-16 11:13:12,134 - sec_monitor - INFO - Making API call - Attempt 1/3
2025-09-16 11:13:12,135 - sec_monitor - INFO - Timestamp: 2025-09-16 11:13:12
2025-09-16 11:13:14,660 - sec_monitor - INFO - API call successful
2025-09-16 11:13:15,661 - sec_monitor - INFO - Processing filing 7/8: CMG
2025-09-16 11:13:45,971 - sec_monitor - INFO - ==================================================
2025-09-16 11:13:45,972 - sec_monitor - INFO - Processing first chunk
2025-09-16 11:13:45,972 - sec_monitor - INFO - Timestamp: 2025-09-16 11:13:45
2025-09-16 11:13:46,067 - sec_monitor - INFO - token percentage = 2%
2025-09-16 11:13:46,068 - sec_monitor - INFO - Making API call - Attempt 1/3
2025-09-16 11:13:46,068 - sec_monitor - INFO - Timestamp: 2025-09-16 11:13:46
2025-09-16 11:13:48,904 - sec_monitor - INFO - API call successful
2025-09-16 11:13:49,905 - sec_monitor - INFO - Processing filing 8/8: ELV
2025-09-16 11:14:21,071 - sec_monitor - INFO - ==================================================
2025-09-16 11:14:21,071 - sec_monitor - INFO - Processing first chunk
2025-09-16 11:14:21,072 - sec_monitor - INFO - Timestamp: 2025-09-16 11:14:21
2025-09-16 11:14:21,348 - sec_monitor - INFO - token percentage = 14%
2025-09-16 11:14:21,349 - sec_monitor - INFO - Making API call - Attempt 1/3
2025-09-16 11:14:21,349 - sec_monitor - INFO - Timestamp: 2025-09-16 11:14:21
2025-09-16 11:14:29,277 - sec_monitor - INFO - API call successful
2025-09-16 11:14:30,279 - sec_monitor - INFO - Fetching supplementary data...
2025-09-16 11:14:30,665 - sec_monitor - INFO - filing_tickers type: <class 'list'>
2025-09-16 11:14:30,665 - sec_monitor - INFO - filing_data type: <class 'list'>
2025-09-16 11:14:30,665 - sec_monitor - INFO - Market open: False
2025-09-16 11:14:30,665 - sec_monitor - INFO - Number of filing times mapped: 8
2025-09-16 11:14:30,730 - sec_monitor - INFO - Last trading day: 2025-09-16
2025-09-16 11:14:30,730 - sec_monitor - INFO - Processing ticker: PODD
2025-09-16 11:14:30,934 - sec_monitor - INFO - Number of bars for PODD: 3
2025-09-16 11:14:30,934 - sec_monitor - INFO - Last bar close for PODD: 340.43
2025-09-16 11:14:30,934 - sec_monitor - INFO - Outside market hours price for PODD: 340.43
2025-09-16 11:14:30,934 - sec_monitor - INFO - Processing ticker: DAY
2025-09-16 11:14:30,950 - sec_monitor - INFO - Number of bars for DAY: 4
2025-09-16 11:14:30,950 - sec_monitor - INFO - Last bar close for DAY: 68.93
2025-09-16 11:14:30,950 - sec_monitor - INFO - Outside market hours price for DAY: 68.93
2025-09-16 11:14:30,950 - sec_monitor - INFO - Processing ticker: DXCM
2025-09-16 11:14:30,970 - sec_monitor - INFO - Number of bars for DXCM: 4
2025-09-16 11:14:30,970 - sec_monitor - INFO - Last bar close for DXCM: 75.545
2025-09-16 11:14:30,970 - sec_monitor - INFO - Outside market hours price for DXCM: 75.545
2025-09-16 11:14:30,970 - sec_monitor - INFO - Processing ticker: STLD
2025-09-16 11:14:30,986 - sec_monitor - INFO - Number of bars for STLD: 4
2025-09-16 11:14:30,986 - sec_monitor - INFO - Last bar close for STLD: 131.57
2025-09-16 11:14:30,986 - sec_monitor - INFO - Outside market hours price for STLD: 131.57
2025-09-16 11:14:30,987 - sec_monitor - INFO - Processing ticker: HD
2025-09-16 11:14:31,009 - sec_monitor - INFO - Number of bars for HD: 4
2025-09-16 11:14:31,009 - sec_monitor - INFO - Last bar close for HD: 422.86
2025-09-16 11:14:31,010 - sec_monitor - INFO - Outside market hours price for HD: 422.86
2025-09-16 11:14:31,010 - sec_monitor - INFO - Processing ticker: CCI
2025-09-16 11:14:31,025 - sec_monitor - INFO - Number of bars for CCI: 4
2025-09-16 11:14:31,025 - sec_monitor - INFO - Last bar close for CCI: 93.58
2025-09-16 11:14:31,025 - sec_monitor - INFO - Outside market hours price for CCI: 93.58
2025-09-16 11:14:31,026 - sec_monitor - INFO - Processing ticker: CMG
2025-09-16 11:14:31,042 - sec_monitor - INFO - Number of bars for CMG: 4
2025-09-16 11:14:31,042 - sec_monitor - INFO - Last bar close for CMG: 38.57
2025-09-16 11:14:31,042 - sec_monitor - INFO - Outside market hours price for CMG: 38.57
2025-09-16 11:14:31,042 - sec_monitor - INFO - Processing ticker: ELV
2025-09-16 11:14:31,057 - sec_monitor - INFO - Number of bars for ELV: 4
2025-09-16 11:14:31,057 - sec_monitor - INFO - Last bar close for ELV: 306.91
2025-09-16 11:14:31,057 - sec_monitor - INFO - Outside market hours price for ELV: 306.91
2025-09-16 11:14:33,374 - sec_monitor - INFO - Generating final output...
2025-09-16 11:14:33,375 - sec_monitor - INFO - Successfully saved/merged output to output/sec_filings.json
2025-09-16 11:14:33,375 - sec_monitor - INFO - Processing complete. Stats: {'input_words': 102502, 'output_words': 634, 'filings_processed': 8}
2025-09-16 12:40:53,792 - sec_monitor - INFO - Starting SEC filing monitor 
2025-09-16 12:40:53,792 - sec_monitor - INFO - Loading S&P 500 data...
2025-09-16 12:40:53,792 - sec_monitor - INFO - Starting S&P 500 data initialization
2025-09-16 12:40:53,792 - sec_monitor - INFO - Successfully loaded 503 S&P 500 tickers
2025-09-16 12:40:53,792 - sec_monitor - INFO - Successfully loaded 503 S&P 500 tickers
2025-09-16 12:40:53,792 - sec_monitor - INFO - Initializing components...
2025-09-16 12:40:53,793 - sec_monitor - INFO - Initializing components
2025-09-16 12:40:53,793 - sec_monitor - INFO - SEC fetcher initialized
2025-09-16 12:40:53,793 - sec_monitor - INFO - Filing analyzer initialized
2025-09-16 12:40:53,793 - sec_monitor - INFO - Alpaca clients initialized
2025-09-16 12:40:53,793 - sec_monitor - INFO - All components initialized successfully
2025-09-16 12:40:53,794 - sec_monitor - INFO - Found JSON file from today
2025-09-16 12:40:53,794 - sec_monitor - INFO - Found 8 previously processed accessions and 8 filing URLs
2025-09-16 12:40:53,794 - sec_monitor - INFO - Found 8 accession numbers and 8 URLs from previously processed filings
2025-09-16 12:40:53,794 - sec_monitor - INFO - Fetching SEC filings...
2025-09-16 12:41:07,983 - sec_monitor - INFO - No more entries found
2025-09-16 12:41:07,984 - sec_monitor - INFO - Completed fetching. Found 103 total filings
2025-09-16 12:41:07,984 - sec_monitor - INFO - Found 2 new interesting filings
2025-09-16 12:41:07,984 - sec_monitor - INFO - Found 2 new filings to process
2025-09-16 12:41:07,984 - sec_monitor - INFO - Processing filing 1/2: RL
2025-09-16 12:41:38,451 - sec_monitor - INFO - ==================================================
2025-09-16 12:41:38,451 - sec_monitor - INFO - Processing first chunk
2025-09-16 12:41:38,452 - sec_monitor - INFO - Timestamp: 2025-09-16 12:41:38
2025-09-16 12:41:38,597 - sec_monitor - INFO - token percentage = 4%
2025-09-16 12:41:38,597 - sec_monitor - INFO - Making API call - Attempt 1/3
2025-09-16 12:41:38,597 - sec_monitor - INFO - Timestamp: 2025-09-16 12:41:38
2025-09-16 12:41:45,000 - sec_monitor - INFO - API call successful
2025-09-16 12:41:46,001 - sec_monitor - INFO - Processing filing 2/2: CRL
2025-09-16 12:42:16,418 - sec_monitor - INFO - ==================================================
2025-09-16 12:42:16,418 - sec_monitor - INFO - Processing first chunk
2025-09-16 12:42:16,418 - sec_monitor - INFO - Timestamp: 2025-09-16 12:42:16
2025-09-16 12:42:16,537 - sec_monitor - INFO - token percentage = 4%
2025-09-16 12:42:16,537 - sec_monitor - INFO - Making API call - Attempt 1/3
2025-09-16 12:42:16,537 - sec_monitor - INFO - Timestamp: 2025-09-16 12:42:16
2025-09-16 12:42:19,781 - sec_monitor - INFO - API call successful
2025-09-16 12:42:20,783 - sec_monitor - INFO - Fetching supplementary data...
2025-09-16 12:42:21,373 - sec_monitor - INFO - filing_tickers type: <class 'list'>
2025-09-16 12:42:21,373 - sec_monitor - INFO - filing_data type: <class 'list'>
2025-09-16 12:42:21,373 - sec_monitor - INFO - Market open: False
2025-09-16 12:42:21,373 - sec_monitor - INFO - Number of filing times mapped: 2
2025-09-16 12:42:21,384 - sec_monitor - INFO - Last trading day: 2025-09-16
2025-09-16 12:42:21,384 - sec_monitor - INFO - Processing ticker: RL
2025-09-16 12:42:21,778 - sec_monitor - INFO - Number of bars for RL: 3
2025-09-16 12:42:21,778 - sec_monitor - INFO - Last bar close for RL: 315.83
2025-09-16 12:42:21,778 - sec_monitor - INFO - Outside market hours price for RL: 315.83
2025-09-16 12:42:21,778 - sec_monitor - INFO - Processing ticker: CRL
2025-09-16 12:42:21,793 - sec_monitor - INFO - Number of bars for CRL: 3
2025-09-16 12:42:21,793 - sec_monitor - INFO - Last bar close for CRL: 152.38
2025-09-16 12:42:21,793 - sec_monitor - INFO - Outside market hours price for CRL: 152.38
2025-09-16 12:42:22,585 - sec_monitor - INFO - Generating final output...
2025-09-16 12:42:22,586 - sec_monitor - INFO - Successfully merged 2 new filings with existing JSON
2025-09-16 12:42:22,586 - sec_monitor - INFO - Cumulative stats - Input words: 117324, Output words: 783
2025-09-16 12:42:22,586 - sec_monitor - INFO - Successfully saved/merged output to output/sec_filings.json
2025-09-16 12:42:22,587 - sec_monitor - INFO - Processing complete. Stats: {'input_words': 14822, 'output_words': 149, 'filings_processed': 2}
2025-09-16 13:30:41,458 - sec_monitor - INFO - Starting SEC filing monitor 
2025-09-16 13:30:41,459 - sec_monitor - INFO - Loading S&P 500 data...
2025-09-16 13:30:41,459 - sec_monitor - INFO - Starting S&P 500 data initialization
2025-09-16 13:30:41,459 - sec_monitor - INFO - Successfully loaded 503 S&P 500 tickers
2025-09-16 13:30:41,459 - sec_monitor - INFO - Successfully loaded 503 S&P 500 tickers
2025-09-16 13:30:41,459 - sec_monitor - INFO - Initializing components...
2025-09-16 13:30:41,459 - sec_monitor - INFO - Initializing components
2025-09-16 13:30:41,459 - sec_monitor - INFO - SEC fetcher initialized
2025-09-16 13:30:41,460 - sec_monitor - INFO - Filing analyzer initialized
2025-09-16 13:30:41,460 - sec_monitor - INFO - Alpaca clients initialized
2025-09-16 13:30:41,460 - sec_monitor - INFO - All components initialized successfully
2025-09-16 13:30:41,461 - sec_monitor - INFO - Found JSON file from today
2025-09-16 13:30:41,461 - sec_monitor - INFO - Found 10 previously processed accessions and 10 filing URLs
2025-09-16 13:30:41,461 - sec_monitor - INFO - Found 10 accession numbers and 10 URLs from previously processed filings
2025-09-16 13:30:41,461 - sec_monitor - INFO - Fetching SEC filings...
2025-09-16 13:30:56,756 - sec_monitor - INFO - No more entries found
2025-09-16 13:30:56,756 - sec_monitor - INFO - Completed fetching. Found 95 total filings
2025-09-16 13:30:56,756 - sec_monitor - INFO - Found 2 new interesting filings
2025-09-16 13:30:56,756 - sec_monitor - INFO - Found 2 new filings to process
2025-09-16 13:30:56,756 - sec_monitor - INFO - Processing filing 1/2: WDAY
2025-09-16 13:31:27,398 - sec_monitor - INFO - ==================================================
2025-09-16 13:31:27,398 - sec_monitor - INFO - Processing first chunk
2025-09-16 13:31:27,398 - sec_monitor - INFO - Timestamp: 2025-09-16 13:31:27
2025-09-16 13:31:27,579 - sec_monitor - INFO - token percentage = 3%
2025-09-16 13:31:27,579 - sec_monitor - INFO - Making API call - Attempt 1/3
2025-09-16 13:31:27,579 - sec_monitor - INFO - Timestamp: 2025-09-16 13:31:27
2025-09-16 13:31:38,433 - sec_monitor - INFO - API call successful
2025-09-16 13:31:39,434 - sec_monitor - INFO - Processing filing 2/2: DD
2025-09-16 13:32:09,989 - sec_monitor - INFO - ==================================================
2025-09-16 13:32:09,989 - sec_monitor - INFO - Processing first chunk
2025-09-16 13:32:09,989 - sec_monitor - INFO - Timestamp: 2025-09-16 13:32:09
2025-09-16 13:32:10,151 - sec_monitor - INFO - token percentage = 3%
2025-09-16 13:32:10,151 - sec_monitor - INFO - Making API call - Attempt 1/3
2025-09-16 13:32:10,151 - sec_monitor - INFO - Timestamp: 2025-09-16 13:32:10
2025-09-16 13:32:19,292 - sec_monitor - INFO - API call successful
2025-09-16 13:32:20,293 - sec_monitor - INFO - Fetching supplementary data...
2025-09-16 13:32:20,893 - sec_monitor - INFO - filing_tickers type: <class 'list'>
2025-09-16 13:32:20,894 - sec_monitor - INFO - filing_data type: <class 'list'>
2025-09-16 13:32:20,894 - sec_monitor - INFO - Market open: True
2025-09-16 13:32:20,894 - sec_monitor - INFO - Number of filing times mapped: 2
2025-09-16 13:32:21,010 - sec_monitor - INFO - Last trading day: 2025-09-16
2025-09-16 13:32:21,010 - sec_monitor - INFO - Processing ticker: WDAY
2025-09-16 13:32:21,355 - sec_monitor - INFO - Number of bars for WDAY: 3
2025-09-16 13:32:21,355 - sec_monitor - INFO - Last bar close for WDAY: 222.83
2025-09-16 13:32:21,355 - sec_monitor - INFO - Market open price for WDAY: 222.83, change: -0.23728510028653343%
2025-09-16 13:32:21,355 - sec_monitor - INFO - Processing ticker: DD
2025-09-16 13:32:21,416 - sec_monitor - INFO - Number of bars for DD: 3
2025-09-16 13:32:21,416 - sec_monitor - INFO - Last bar close for DD: 77.135
2025-09-16 13:32:21,416 - sec_monitor - INFO - Market open price for DD: 77.135, change: -0.20054340794410808%
2025-09-16 13:32:22,468 - sec_monitor - INFO - Generating final output...
2025-09-16 13:32:22,469 - sec_monitor - INFO - Successfully merged 2 new filings with existing JSON
2025-09-16 13:32:22,469 - sec_monitor - INFO - Cumulative stats - Input words: 127857, Output words: 964
2025-09-16 13:32:22,469 - sec_monitor - INFO - Successfully saved/merged output to output/sec_filings.json
2025-09-16 13:32:22,469 - sec_monitor - INFO - Processing complete. Stats: {'input_words': 10533, 'output_words': 181, 'filings_processed': 2}
