2025-03-10 11:07:50,666 - sec_monitor - INFO - Starting SEC filing monitor 
2025-03-10 11:07:50,666 - sec_monitor - INFO - Loading S&P 500 data...
2025-03-10 11:07:50,666 - sec_monitor - INFO - Starting S&P 500 data initialization
2025-03-10 11:07:50,666 - sec_monitor - INFO - Successfully loaded 503 S&P 500 tickers
2025-03-10 11:07:50,667 - sec_monitor - INFO - Successfully loaded 503 S&P 500 tickers
2025-03-10 11:07:50,667 - sec_monitor - INFO - Initializing components...
2025-03-10 11:07:50,667 - sec_monitor - INFO - Initializing components
2025-03-10 11:07:50,667 - sec_monitor - INFO - SEC fetcher initialized
2025-03-10 11:07:50,667 - sec_monitor - INFO - Filing analyzer initialized
2025-03-10 11:07:50,667 - sec_monitor - INFO - Alpaca clients initialized
2025-03-10 11:07:50,667 - sec_monitor - INFO - All components initialized successfully
2025-03-10 11:07:50,668 - sec_monitor - INFO - Found old JSON file, archiving
2025-03-10 11:07:50,668 - sec_monitor - INFO - Starting new filing collection for today
2025-03-10 11:07:50,669 - sec_monitor - INFO - Fetching SEC filings...
2025-03-10 11:07:51,499 - sec_monitor - INFO - Reached old filing, stopping. Found 4 total filings
2025-03-10 11:07:51,499 - sec_monitor - INFO - Found 3 new interesting filings
2025-03-10 11:07:51,499 - sec_monitor - INFO - Found 3 new filings to process
2025-03-10 11:07:51,499 - sec_monitor - INFO - Processing filing 1/3: CAH
2025-03-10 11:08:21,898 - sec_monitor - INFO - ==================================================
2025-03-10 11:08:21,899 - sec_monitor - INFO - Processing first chunk
2025-03-10 11:08:21,899 - sec_monitor - INFO - Timestamp: 2025-03-10 11:08:21
2025-03-10 11:08:21,957 - sec_monitor - INFO - token percentage = 3%
2025-03-10 11:08:21,957 - sec_monitor - INFO - Making API call - Attempt 1/3
2025-03-10 11:08:21,957 - sec_monitor - INFO - Timestamp: 2025-03-10 11:08:21
2025-03-10 11:08:24,620 - sec_monitor - INFO - API call successful
2025-03-10 11:08:25,622 - sec_monitor - INFO - Processing filing 2/3: PODD
2025-03-10 11:08:55,989 - sec_monitor - INFO - ==================================================
2025-03-10 11:08:55,989 - sec_monitor - INFO - Processing first chunk
2025-03-10 11:08:55,989 - sec_monitor - INFO - Timestamp: 2025-03-10 11:08:55
2025-03-10 11:08:56,046 - sec_monitor - INFO - token percentage = 3%
2025-03-10 11:08:56,046 - sec_monitor - INFO - Making API call - Attempt 1/3
2025-03-10 11:08:56,046 - sec_monitor - INFO - Timestamp: 2025-03-10 11:08:56
2025-03-10 11:08:57,672 - sec_monitor - INFO - API call successful
2025-03-10 11:08:58,673 - sec_monitor - INFO - Processing filing 3/3: COR
2025-03-10 11:09:29,020 - sec_monitor - INFO - ==================================================
2025-03-10 11:09:29,020 - sec_monitor - INFO - Processing first chunk
2025-03-10 11:09:29,021 - sec_monitor - INFO - Timestamp: 2025-03-10 11:09:29
2025-03-10 11:09:29,082 - sec_monitor - INFO - token percentage = 3%
2025-03-10 11:09:29,083 - sec_monitor - INFO - Making API call - Attempt 1/3
2025-03-10 11:09:29,083 - sec_monitor - INFO - Timestamp: 2025-03-10 11:09:29
2025-03-10 11:09:32,601 - sec_monitor - INFO - API call successful
2025-03-10 11:09:33,602 - sec_monitor - INFO - Fetching supplementary data...
2025-03-10 11:09:33,852 - sec_monitor - INFO - filing_tickers type: <class 'list'>
2025-03-10 11:09:33,852 - sec_monitor - INFO - filing_data type: <class 'list'>
2025-03-10 11:09:33,853 - sec_monitor - INFO - Market open: False
2025-03-10 11:09:33,853 - sec_monitor - INFO - Number of filing times mapped: 3
2025-03-10 11:09:33,861 - sec_monitor - INFO - Last trading day: 2025-03-10
2025-03-10 11:09:33,861 - sec_monitor - INFO - Processing ticker: CAH
2025-03-10 11:09:34,289 - sec_monitor - INFO - Number of bars for CAH: 3
2025-03-10 11:09:34,289 - sec_monitor - INFO - Last bar close for CAH: 126.49
2025-03-10 11:09:34,290 - sec_monitor - INFO - Outside market hours price for CAH: 126.49
2025-03-10 11:09:34,290 - sec_monitor - INFO - Processing ticker: PODD
2025-03-10 11:09:34,300 - sec_monitor - INFO - Number of bars for PODD: 3
2025-03-10 11:09:34,300 - sec_monitor - INFO - Last bar close for PODD: 251.92
2025-03-10 11:09:34,300 - sec_monitor - INFO - Outside market hours price for PODD: 251.92
2025-03-10 11:09:34,300 - sec_monitor - INFO - Processing ticker: COR
2025-03-10 11:09:34,363 - sec_monitor - INFO - Number of bars for COR: 3
2025-03-10 11:09:34,363 - sec_monitor - INFO - Last bar close for COR: 254.5
2025-03-10 11:09:34,363 - sec_monitor - INFO - Outside market hours price for COR: 254.5
2025-03-10 11:09:35,158 - sec_monitor - INFO - Generating final output...
2025-03-10 11:09:35,158 - sec_monitor - INFO - Successfully saved/merged output to output/sec_filings.json
2025-03-10 11:09:35,158 - sec_monitor - INFO - Processing complete. Stats: {'input_words': 14635, 'output_words': 239, 'filings_processed': 3}
