2025-03-12 11:09:32,861 - sec_monitor - INFO - Starting SEC filing monitor 
2025-03-12 11:09:32,861 - sec_monitor - INFO - Loading S&P 500 data...
2025-03-12 11:09:32,861 - sec_monitor - INFO - Starting S&P 500 data initialization
2025-03-12 11:09:32,861 - sec_monitor - INFO - Successfully loaded 503 S&P 500 tickers
2025-03-12 11:09:32,861 - sec_monitor - INFO - Successfully loaded 503 S&P 500 tickers
2025-03-12 11:09:32,861 - sec_monitor - INFO - Initializing components...
2025-03-12 11:09:32,862 - sec_monitor - INFO - Initializing components
2025-03-12 11:09:32,862 - sec_monitor - INFO - SEC fetcher initialized
2025-03-12 11:09:32,862 - sec_monitor - INFO - Filing analyzer initialized
2025-03-12 11:09:32,862 - sec_monitor - INFO - Alpaca clients initialized
2025-03-12 11:09:32,862 - sec_monitor - INFO - All components initialized successfully
2025-03-12 11:09:32,863 - sec_monitor - INFO - Found old JSON file, archiving
2025-03-12 11:09:32,863 - sec_monitor - INFO - Starting new filing collection for today
2025-03-12 11:09:32,863 - sec_monitor - INFO - Fetching SEC filings...
2025-03-12 11:09:48,368 - sec_monitor - INFO - No more entries found
2025-03-12 11:09:48,369 - sec_monitor - INFO - Completed fetching. Found 98 total filings
2025-03-12 11:09:48,369 - sec_monitor - INFO - Found 3 new interesting filings
2025-03-12 11:09:48,369 - sec_monitor - INFO - Found 3 new filings to process
2025-03-12 11:09:48,369 - sec_monitor - INFO - Processing filing 1/3: CNC
2025-03-12 11:10:18,963 - sec_monitor - INFO - ==================================================
2025-03-12 11:10:18,963 - sec_monitor - INFO - Processing first chunk
2025-03-12 11:10:18,963 - sec_monitor - INFO - Timestamp: 2025-03-12 11:10:18
2025-03-12 11:10:19,123 - sec_monitor - INFO - token percentage = 3%
2025-03-12 11:10:19,123 - sec_monitor - INFO - Making API call - Attempt 1/3
2025-03-12 11:10:19,123 - sec_monitor - INFO - Timestamp: 2025-03-12 11:10:19
2025-03-12 11:10:21,027 - sec_monitor - INFO - API call successful
2025-03-12 11:10:22,029 - sec_monitor - INFO - Processing filing 2/3: AMD
2025-03-12 11:10:52,923 - sec_monitor - INFO - ==================================================
2025-03-12 11:10:52,923 - sec_monitor - INFO - Processing first chunk
2025-03-12 11:10:52,923 - sec_monitor - INFO - Timestamp: 2025-03-12 11:10:52
2025-03-12 11:10:53,257 - sec_monitor - INFO - token percentage = 8%
2025-03-12 11:10:53,257 - sec_monitor - INFO - Making API call - Attempt 1/3
2025-03-12 11:10:53,257 - sec_monitor - INFO - Timestamp: 2025-03-12 11:10:53
2025-03-12 11:14:06,156 - sec_monitor - INFO - API call successful
2025-03-12 11:14:07,157 - sec_monitor - INFO - Processing filing 3/3: NWS
2025-03-12 11:14:38,023 - sec_monitor - INFO - ==================================================
2025-03-12 11:14:38,023 - sec_monitor - INFO - Processing first chunk
2025-03-12 11:14:38,023 - sec_monitor - INFO - Timestamp: 2025-03-12 11:14:38
2025-03-12 11:14:38,250 - sec_monitor - INFO - token percentage = 7%
2025-03-12 11:14:38,250 - sec_monitor - INFO - Making API call - Attempt 1/3
2025-03-12 11:14:38,251 - sec_monitor - INFO - Timestamp: 2025-03-12 11:14:38
2025-03-12 11:18:11,143 - sec_monitor - INFO - API call successful
2025-03-12 11:18:12,144 - sec_monitor - INFO - Fetching supplementary data...
2025-03-12 11:18:12,763 - sec_monitor - INFO - filing_tickers type: <class 'list'>
2025-03-12 11:18:12,764 - sec_monitor - INFO - filing_data type: <class 'list'>
2025-03-12 11:18:12,764 - sec_monitor - INFO - Market open: False
2025-03-12 11:18:12,764 - sec_monitor - INFO - Number of filing times mapped: 3
2025-03-12 11:18:12,836 - sec_monitor - INFO - Last trading day: 2025-03-12
2025-03-12 11:18:12,836 - sec_monitor - INFO - Processing ticker: CNC
2025-03-12 11:18:13,340 - sec_monitor - INFO - Number of bars for CNC: 4
2025-03-12 11:18:13,340 - sec_monitor - INFO - Last bar close for CNC: 58.57
2025-03-12 11:18:13,340 - sec_monitor - INFO - Outside market hours price for CNC: 58.57
2025-03-12 11:18:13,340 - sec_monitor - INFO - Processing ticker: AMD
2025-03-12 11:18:13,415 - sec_monitor - INFO - Number of bars for AMD: 4
2025-03-12 11:18:13,415 - sec_monitor - INFO - Last bar close for AMD: 96.74
2025-03-12 11:18:13,415 - sec_monitor - INFO - Outside market hours price for AMD: 96.74
2025-03-12 11:18:13,415 - sec_monitor - INFO - Processing ticker: NWS
2025-03-12 11:18:13,492 - sec_monitor - INFO - Number of bars for NWS: 4
2025-03-12 11:18:13,492 - sec_monitor - INFO - Last bar close for NWS: 30.77
2025-03-12 11:18:13,492 - sec_monitor - INFO - Outside market hours price for NWS: 30.77
2025-03-12 11:18:14,676 - sec_monitor - INFO - Generating final output...
2025-03-12 11:18:14,677 - sec_monitor - INFO - Successfully saved/merged output to output/sec_filings.json
2025-03-12 11:18:14,677 - sec_monitor - INFO - Processing complete. Stats: {'input_words': 36290, 'output_words': 239, 'filings_processed': 3}
2025-03-12 12:37:25,254 - sec_monitor - INFO - Starting SEC filing monitor 
2025-03-12 12:37:25,254 - sec_monitor - INFO - Loading S&P 500 data...
2025-03-12 12:37:25,254 - sec_monitor - INFO - Starting S&P 500 data initialization
2025-03-12 12:37:25,254 - sec_monitor - INFO - Successfully loaded 503 S&P 500 tickers
2025-03-12 12:37:25,254 - sec_monitor - INFO - Successfully loaded 503 S&P 500 tickers
2025-03-12 12:37:25,255 - sec_monitor - INFO - Initializing components...
2025-03-12 12:37:25,255 - sec_monitor - INFO - Initializing components
2025-03-12 12:37:25,255 - sec_monitor - INFO - SEC fetcher initialized
2025-03-12 12:37:25,255 - sec_monitor - INFO - Filing analyzer initialized
2025-03-12 12:37:25,255 - sec_monitor - INFO - Alpaca clients initialized
2025-03-12 12:37:25,255 - sec_monitor - INFO - All components initialized successfully
2025-03-12 12:37:25,256 - sec_monitor - INFO - Found JSON file from today
2025-03-12 12:37:25,256 - sec_monitor - INFO - Found 3 previously processed accessions and 3 filing URLs
2025-03-12 12:37:25,256 - sec_monitor - INFO - Found 3 accession numbers and 3 URLs from previously processed filings
2025-03-12 12:37:25,256 - sec_monitor - INFO - Fetching SEC filings...
2025-03-12 12:37:50,009 - sec_monitor - INFO - No more entries found
2025-03-12 12:37:50,009 - sec_monitor - INFO - Completed fetching. Found 86 total filings
2025-03-12 12:37:50,009 - sec_monitor - INFO - Found 0 new interesting filings
2025-03-12 12:37:50,009 - sec_monitor - INFO - No new filings to process
2025-03-12 13:28:22,914 - sec_monitor - INFO - Starting SEC filing monitor 
2025-03-12 13:28:22,914 - sec_monitor - INFO - Loading S&P 500 data...
2025-03-12 13:28:22,914 - sec_monitor - INFO - Starting S&P 500 data initialization
2025-03-12 13:28:22,914 - sec_monitor - INFO - Successfully loaded 503 S&P 500 tickers
2025-03-12 13:28:22,915 - sec_monitor - INFO - Successfully loaded 503 S&P 500 tickers
2025-03-12 13:28:22,915 - sec_monitor - INFO - Initializing components...
2025-03-12 13:28:22,915 - sec_monitor - INFO - Initializing components
2025-03-12 13:28:22,915 - sec_monitor - INFO - SEC fetcher initialized
2025-03-12 13:28:22,915 - sec_monitor - INFO - Filing analyzer initialized
2025-03-12 13:28:22,915 - sec_monitor - INFO - Alpaca clients initialized
2025-03-12 13:28:22,915 - sec_monitor - INFO - All components initialized successfully
2025-03-12 13:28:22,916 - sec_monitor - INFO - Found JSON file from today
2025-03-12 13:28:22,916 - sec_monitor - INFO - Found 3 previously processed accessions and 3 filing URLs
2025-03-12 13:28:22,916 - sec_monitor - INFO - Found 3 accession numbers and 3 URLs from previously processed filings
2025-03-12 13:28:22,917 - sec_monitor - INFO - Fetching SEC filings...
2025-03-12 13:28:44,977 - sec_monitor - INFO - No more entries found
2025-03-12 13:28:44,978 - sec_monitor - INFO - Completed fetching. Found 85 total filings
2025-03-12 13:28:44,978 - sec_monitor - INFO - Found 2 new interesting filings
2025-03-12 13:28:44,978 - sec_monitor - INFO - Found 2 new filings to process
2025-03-12 13:28:44,978 - sec_monitor - INFO - Processing filing 1/2: AES
2025-03-12 13:29:15,418 - sec_monitor - INFO - ==================================================
2025-03-12 13:29:15,418 - sec_monitor - INFO - Processing first chunk
2025-03-12 13:29:15,419 - sec_monitor - INFO - Timestamp: 2025-03-12 13:29:15
2025-03-12 13:29:15,540 - sec_monitor - INFO - token percentage = 4%
2025-03-12 13:29:15,540 - sec_monitor - INFO - Making API call - Attempt 1/3
2025-03-12 13:29:15,540 - sec_monitor - INFO - Timestamp: 2025-03-12 13:29:15
2025-03-12 13:29:24,291 - sec_monitor - INFO - API call successful
2025-03-12 13:29:25,293 - sec_monitor - INFO - Processing filing 2/2: EMR
2025-03-12 13:29:55,724 - sec_monitor - INFO - ==================================================
2025-03-12 13:29:55,724 - sec_monitor - INFO - Processing first chunk
2025-03-12 13:29:55,724 - sec_monitor - INFO - Timestamp: 2025-03-12 13:29:55
2025-03-12 13:29:55,805 - sec_monitor - INFO - token percentage = 3%
2025-03-12 13:29:55,806 - sec_monitor - INFO - Making API call - Attempt 1/3
2025-03-12 13:29:55,806 - sec_monitor - INFO - Timestamp: 2025-03-12 13:29:55
2025-03-12 13:29:57,520 - sec_monitor - INFO - API call successful
2025-03-12 13:29:58,521 - sec_monitor - INFO - Fetching supplementary data...
2025-03-12 13:29:58,913 - sec_monitor - INFO - filing_tickers type: <class 'list'>
2025-03-12 13:29:58,913 - sec_monitor - INFO - filing_data type: <class 'list'>
2025-03-12 13:29:58,914 - sec_monitor - INFO - Market open: False
2025-03-12 13:29:58,914 - sec_monitor - INFO - Number of filing times mapped: 2
2025-03-12 13:29:58,925 - sec_monitor - INFO - Last trading day: 2025-03-12
2025-03-12 13:29:58,925 - sec_monitor - INFO - Processing ticker: AES
2025-03-12 13:29:59,408 - sec_monitor - INFO - Number of bars for AES: 3
2025-03-12 13:29:59,408 - sec_monitor - INFO - Last bar close for AES: 12.0
2025-03-12 13:29:59,408 - sec_monitor - INFO - Outside market hours price for AES: 12.0
2025-03-12 13:29:59,408 - sec_monitor - INFO - Processing ticker: EMR
2025-03-12 13:29:59,441 - sec_monitor - INFO - Number of bars for EMR: 3
2025-03-12 13:29:59,441 - sec_monitor - INFO - Last bar close for EMR: 110.76
2025-03-12 13:29:59,442 - sec_monitor - INFO - Outside market hours price for EMR: 110.76
2025-03-12 13:30:00,134 - sec_monitor - INFO - Generating final output...
2025-03-12 13:30:00,135 - sec_monitor - INFO - Successfully merged 2 new filings with existing JSON
2025-03-12 13:30:00,135 - sec_monitor - INFO - Cumulative stats - Input words: 47222, Output words: 383
2025-03-12 13:30:00,135 - sec_monitor - INFO - Successfully saved/merged output to output/sec_filings.json
2025-03-12 13:30:00,135 - sec_monitor - INFO - Processing complete. Stats: {'input_words': 10932, 'output_words': 144, 'filings_processed': 2}
2025-03-12 15:20:22,541 - sec_monitor - INFO - Starting SEC filing monitor 
2025-03-12 15:20:22,541 - sec_monitor - INFO - Loading S&P 500 data...
2025-03-12 15:20:22,541 - sec_monitor - INFO - Starting S&P 500 data initialization
2025-03-12 15:20:22,541 - sec_monitor - INFO - Successfully loaded 503 S&P 500 tickers
2025-03-12 15:20:22,542 - sec_monitor - INFO - Successfully loaded 503 S&P 500 tickers
2025-03-12 15:20:22,542 - sec_monitor - INFO - Initializing components...
2025-03-12 15:20:22,542 - sec_monitor - INFO - Initializing components
2025-03-12 15:20:22,542 - sec_monitor - INFO - SEC fetcher initialized
2025-03-12 15:20:22,542 - sec_monitor - INFO - Filing analyzer initialized
2025-03-12 15:20:22,542 - sec_monitor - INFO - Alpaca clients initialized
2025-03-12 15:20:22,542 - sec_monitor - INFO - All components initialized successfully
2025-03-12 15:20:22,543 - sec_monitor - INFO - Found JSON file from today
2025-03-12 15:20:22,543 - sec_monitor - INFO - Found 5 previously processed accessions and 5 filing URLs
2025-03-12 15:20:22,543 - sec_monitor - INFO - Found 5 accession numbers and 5 URLs from previously processed filings
2025-03-12 15:20:22,544 - sec_monitor - INFO - Fetching SEC filings...
2025-03-12 15:20:52,032 - sec_monitor - INFO - No more entries found
2025-03-12 15:20:52,032 - sec_monitor - INFO - Completed fetching. Found 74 total filings
2025-03-12 15:20:52,032 - sec_monitor - INFO - Found 0 new interesting filings
2025-03-12 15:20:52,032 - sec_monitor - INFO - No new filings to process
2025-03-12 18:21:40,152 - sec_monitor - INFO - Starting SEC filing monitor 
2025-03-12 18:21:40,152 - sec_monitor - INFO - Loading S&P 500 data...
2025-03-12 18:21:40,152 - sec_monitor - INFO - Starting S&P 500 data initialization
2025-03-12 18:21:40,153 - sec_monitor - INFO - Successfully loaded 503 S&P 500 tickers
2025-03-12 18:21:40,153 - sec_monitor - INFO - Successfully loaded 503 S&P 500 tickers
2025-03-12 18:21:40,153 - sec_monitor - INFO - Initializing components...
2025-03-12 18:21:40,153 - sec_monitor - INFO - Initializing components
2025-03-12 18:21:40,153 - sec_monitor - INFO - SEC fetcher initialized
2025-03-12 18:21:40,153 - sec_monitor - INFO - Filing analyzer initialized
2025-03-12 18:21:40,153 - sec_monitor - INFO - Alpaca clients initialized
2025-03-12 18:21:40,153 - sec_monitor - INFO - All components initialized successfully
2025-03-12 18:21:40,154 - sec_monitor - INFO - Found JSON file from today
2025-03-12 18:21:40,154 - sec_monitor - INFO - Found 5 previously processed accessions and 5 filing URLs
2025-03-12 18:21:40,155 - sec_monitor - INFO - Found 5 accession numbers and 5 URLs from previously processed filings
2025-03-12 18:21:40,155 - sec_monitor - INFO - Fetching SEC filings...
2025-03-12 18:22:04,848 - sec_monitor - INFO - No more entries found
2025-03-12 18:22:04,849 - sec_monitor - INFO - Completed fetching. Found 89 total filings
2025-03-12 18:22:04,849 - sec_monitor - INFO - Found 1 new interesting filings
2025-03-12 18:22:04,849 - sec_monitor - INFO - Found 1 new filings to process
2025-03-12 18:22:04,849 - sec_monitor - INFO - Processing filing 1/1: STLD
2025-03-12 18:22:36,637 - sec_monitor - INFO - ==================================================
2025-03-12 18:22:36,637 - sec_monitor - INFO - Processing first chunk
2025-03-12 18:22:36,637 - sec_monitor - INFO - Timestamp: 2025-03-12 18:22:36
2025-03-12 18:22:37,249 - sec_monitor - INFO - token percentage = 15%
2025-03-12 18:22:37,249 - sec_monitor - INFO - Making API call - Attempt 1/3
2025-03-12 18:22:37,249 - sec_monitor - INFO - Timestamp: 2025-03-12 18:22:37
2025-03-12 18:22:43,428 - sec_monitor - INFO - API call successful
2025-03-12 18:22:44,430 - sec_monitor - INFO - Fetching supplementary data...
2025-03-12 18:22:44,838 - sec_monitor - INFO - filing_tickers type: <class 'list'>
2025-03-12 18:22:44,838 - sec_monitor - INFO - filing_data type: <class 'list'>
2025-03-12 18:22:44,838 - sec_monitor - INFO - Market open: True
2025-03-12 18:22:44,839 - sec_monitor - INFO - Number of filing times mapped: 1
2025-03-12 18:22:44,896 - sec_monitor - INFO - Last trading day: 2025-03-12
2025-03-12 18:22:44,897 - sec_monitor - INFO - Processing ticker: STLD
2025-03-12 18:22:49,495 - sec_monitor - INFO - Number of bars for STLD: 3
2025-03-12 18:22:49,495 - sec_monitor - INFO - Last bar close for STLD: 120.78
2025-03-12 18:22:49,495 - sec_monitor - INFO - Market open price for STLD: 120.78, change: 1.1176692201431688%
2025-03-12 18:22:49,989 - sec_monitor - INFO - Generating final output...
2025-03-12 18:22:49,990 - sec_monitor - INFO - Successfully merged 1 new filings with existing JSON
2025-03-12 18:22:49,990 - sec_monitor - INFO - Cumulative stats - Input words: 91985, Output words: 459
2025-03-12 18:22:49,990 - sec_monitor - INFO - Successfully saved/merged output to output/sec_filings.json
2025-03-12 18:22:49,990 - sec_monitor - INFO - Processing complete. Stats: {'input_words': 44763, 'output_words': 76, 'filings_processed': 1}
2025-03-12 21:10:53,123 - sec_monitor - INFO - Starting SEC filing monitor 
2025-03-12 21:10:53,123 - sec_monitor - INFO - Loading S&P 500 data...
2025-03-12 21:10:53,123 - sec_monitor - INFO - Starting S&P 500 data initialization
2025-03-12 21:10:53,124 - sec_monitor - INFO - Successfully loaded 503 S&P 500 tickers
2025-03-12 21:10:53,124 - sec_monitor - INFO - Successfully loaded 503 S&P 500 tickers
2025-03-12 21:10:53,124 - sec_monitor - INFO - Initializing components...
2025-03-12 21:10:53,124 - sec_monitor - INFO - Initializing components
2025-03-12 21:10:53,124 - sec_monitor - INFO - SEC fetcher initialized
2025-03-12 21:10:53,124 - sec_monitor - INFO - Filing analyzer initialized
2025-03-12 21:10:53,124 - sec_monitor - INFO - Alpaca clients initialized
2025-03-12 21:10:53,124 - sec_monitor - INFO - All components initialized successfully
2025-03-12 21:10:53,125 - sec_monitor - INFO - Found JSON file from today
2025-03-12 21:10:53,126 - sec_monitor - INFO - Found 6 previously processed accessions and 6 filing URLs
2025-03-12 21:10:53,126 - sec_monitor - INFO - Found 6 accession numbers and 6 URLs from previously processed filings
2025-03-12 21:10:53,126 - sec_monitor - INFO - Fetching SEC filings...
2025-03-12 21:11:10,799 - sec_monitor - INFO - No more entries found
2025-03-12 21:11:10,799 - sec_monitor - INFO - Completed fetching. Found 104 total filings
2025-03-12 21:11:10,799 - sec_monitor - INFO - Found 10 new interesting filings
2025-03-12 21:11:10,800 - sec_monitor - INFO - Found 10 new filings to process
2025-03-12 21:11:10,800 - sec_monitor - INFO - Processing filing 1/10: NVR
2025-03-12 21:11:43,985 - sec_monitor - INFO - ==================================================
2025-03-12 21:11:43,985 - sec_monitor - INFO - Processing first chunk
2025-03-12 21:11:43,986 - sec_monitor - INFO - Timestamp: 2025-03-12 21:11:43
2025-03-12 21:11:44,861 - sec_monitor - INFO - token percentage = 24%
2025-03-12 21:11:44,861 - sec_monitor - INFO - Making API call - Attempt 1/3
2025-03-12 21:11:44,861 - sec_monitor - INFO - Timestamp: 2025-03-12 21:11:44
2025-03-12 21:11:53,935 - sec_monitor - INFO - API call successful
2025-03-12 21:11:54,936 - sec_monitor - INFO - Processing filing 2/10: CCI
2025-03-12 21:12:28,027 - sec_monitor - INFO - ==================================================
2025-03-12 21:12:28,028 - sec_monitor - INFO - Processing first chunk
2025-03-12 21:12:28,028 - sec_monitor - INFO - Timestamp: 2025-03-12 21:12:28
2025-03-12 21:12:28,335 - sec_monitor - INFO - token percentage = 21%
2025-03-12 21:12:28,336 - sec_monitor - INFO - Making API call - Attempt 1/3
2025-03-12 21:12:28,336 - sec_monitor - INFO - Timestamp: 2025-03-12 21:12:28
2025-03-12 21:12:35,583 - sec_monitor - INFO - API call successful
2025-03-12 21:12:36,585 - sec_monitor - INFO - Processing filing 3/10: GILD
2025-03-12 21:13:07,314 - sec_monitor - INFO - ==================================================
2025-03-12 21:13:07,314 - sec_monitor - INFO - Processing first chunk
2025-03-12 21:13:07,314 - sec_monitor - INFO - Timestamp: 2025-03-12 21:13:07
2025-03-12 21:13:07,522 - sec_monitor - INFO - token percentage = 3%
2025-03-12 21:13:07,522 - sec_monitor - INFO - Making API call - Attempt 1/3
2025-03-12 21:13:07,522 - sec_monitor - INFO - Timestamp: 2025-03-12 21:13:07
2025-03-12 21:13:10,349 - sec_monitor - INFO - API call successful
2025-03-12 21:13:11,351 - sec_monitor - INFO - Processing filing 4/10: NDAQ
2025-03-12 21:13:42,260 - sec_monitor - INFO - ==================================================
2025-03-12 21:13:42,261 - sec_monitor - INFO - Processing first chunk
2025-03-12 21:13:42,261 - sec_monitor - INFO - Timestamp: 2025-03-12 21:13:42
2025-03-12 21:13:42,411 - sec_monitor - INFO - token percentage = 3%
2025-03-12 21:13:42,411 - sec_monitor - INFO - Making API call - Attempt 1/3
2025-03-12 21:13:42,411 - sec_monitor - INFO - Timestamp: 2025-03-12 21:13:42
2025-03-12 21:13:46,721 - sec_monitor - INFO - API call successful
2025-03-12 21:13:47,722 - sec_monitor - INFO - Processing filing 5/10: IBM
2025-03-12 21:14:23,210 - sec_monitor - INFO - ==================================================
2025-03-12 21:14:23,211 - sec_monitor - INFO - Processing first chunk
2025-03-12 21:14:23,211 - sec_monitor - INFO - Timestamp: 2025-03-12 21:14:23
2025-03-12 21:14:23,769 - sec_monitor - INFO - token percentage = 50%
2025-03-12 21:14:23,769 - sec_monitor - INFO - Making API call - Attempt 1/3
2025-03-12 21:14:23,769 - sec_monitor - INFO - Timestamp: 2025-03-12 21:14:23
2025-03-12 21:14:39,627 - sec_monitor - INFO - API call successful
2025-03-12 21:15:09,656 - sec_monitor - INFO - ==================================================
2025-03-12 21:15:09,656 - sec_monitor - INFO - Processing last chunk
2025-03-12 21:15:09,656 - sec_monitor - INFO - Timestamp: 2025-03-12 21:15:09
2025-03-12 21:15:09,815 - sec_monitor - INFO - token percentage = 6%
2025-03-12 21:15:09,816 - sec_monitor - INFO - Making API call - Attempt 1/3
2025-03-12 21:15:09,816 - sec_monitor - INFO - Timestamp: 2025-03-12 21:15:09
2025-03-12 21:15:12,663 - sec_monitor - INFO - API call successful
2025-03-12 21:15:12,663 - sec_monitor - INFO - Making combine API call - Attempt 1/3
2025-03-12 21:15:12,663 - sec_monitor - INFO - Timestamp: 2025-03-12 21:15:12
2025-03-12 21:15:13,516 - sec_monitor - INFO - Combine API call successful
2025-03-12 21:15:14,518 - sec_monitor - INFO - Processing filing 6/10: AVGO
2025-03-12 21:15:58,181 - sec_monitor - INFO - ==================================================
2025-03-12 21:15:58,181 - sec_monitor - INFO - Processing first chunk
2025-03-12 21:15:58,181 - sec_monitor - INFO - Timestamp: 2025-03-12 21:15:58
2025-03-12 21:16:04,444 - sec_monitor - INFO - token percentage = 53%
2025-03-12 21:16:04,445 - sec_monitor - INFO - Making API call - Attempt 1/3
2025-03-12 21:16:04,445 - sec_monitor - INFO - Timestamp: 2025-03-12 21:16:04
2025-03-12 21:16:22,714 - sec_monitor - INFO - API call successful
2025-03-12 21:16:52,718 - sec_monitor - INFO - ==================================================
2025-03-12 21:16:52,719 - sec_monitor - INFO - Processing middle chunk
2025-03-12 21:16:52,719 - sec_monitor - INFO - Timestamp: 2025-03-12 21:16:52
2025-03-12 21:16:54,098 - sec_monitor - INFO - token percentage = 48%
2025-03-12 21:16:54,098 - sec_monitor - INFO - Making API call - Attempt 1/3
2025-03-12 21:16:54,098 - sec_monitor - INFO - Timestamp: 2025-03-12 21:16:54
2025-03-12 21:17:09,787 - sec_monitor - INFO - API call successful
2025-03-12 21:17:39,790 - sec_monitor - INFO - ==================================================
2025-03-12 21:17:39,790 - sec_monitor - INFO - Processing last chunk
2025-03-12 21:17:39,790 - sec_monitor - INFO - Timestamp: 2025-03-12 21:17:39
2025-03-12 21:17:40,318 - sec_monitor - INFO - token percentage = 16%
2025-03-12 21:17:40,319 - sec_monitor - INFO - Making API call - Attempt 1/3
2025-03-12 21:17:40,319 - sec_monitor - INFO - Timestamp: 2025-03-12 21:17:40
2025-03-12 21:17:46,237 - sec_monitor - INFO - API call successful
2025-03-12 21:17:46,237 - sec_monitor - INFO - Making combine API call - Attempt 1/3
2025-03-12 21:17:46,237 - sec_monitor - INFO - Timestamp: 2025-03-12 21:17:46
2025-03-12 21:17:47,324 - sec_monitor - INFO - Combine API call successful
2025-03-12 21:17:48,326 - sec_monitor - INFO - Processing filing 7/10: TGT
2025-03-12 21:18:57,095 - sec_monitor - INFO - ==================================================
2025-03-12 21:18:57,095 - sec_monitor - INFO - Processing first chunk
2025-03-12 21:18:57,096 - sec_monitor - INFO - Timestamp: 2025-03-12 21:18:57
2025-03-12 21:18:58,734 - sec_monitor - INFO - token percentage = 27%
2025-03-12 21:18:58,735 - sec_monitor - INFO - Making API call - Attempt 1/3
2025-03-12 21:18:58,735 - sec_monitor - INFO - Timestamp: 2025-03-12 21:18:58
2025-03-12 21:19:09,998 - sec_monitor - INFO - API call successful
2025-03-12 21:19:40,028 - sec_monitor - INFO - ==================================================
2025-03-12 21:19:40,028 - sec_monitor - INFO - Processing middle chunk
2025-03-12 21:19:40,028 - sec_monitor - INFO - Timestamp: 2025-03-12 21:19:40
2025-03-12 21:19:41,083 - sec_monitor - INFO - token percentage = 59%
2025-03-12 21:19:41,083 - sec_monitor - INFO - Making API call - Attempt 1/3
2025-03-12 21:19:41,083 - sec_monitor - INFO - Timestamp: 2025-03-12 21:19:41
2025-03-12 21:20:00,961 - sec_monitor - INFO - API call successful
2025-03-12 21:20:30,967 - sec_monitor - INFO - ==================================================
2025-03-12 21:20:30,967 - sec_monitor - INFO - Processing middle chunk
2025-03-12 21:20:30,967 - sec_monitor - INFO - Timestamp: 2025-03-12 21:20:30
2025-03-12 21:20:32,275 - sec_monitor - INFO - token percentage = 42%
2025-03-12 21:20:32,276 - sec_monitor - INFO - Making API call - Attempt 1/3
2025-03-12 21:20:32,276 - sec_monitor - INFO - Timestamp: 2025-03-12 21:20:32
2025-03-12 21:20:46,455 - sec_monitor - INFO - API call successful
2025-03-12 21:21:16,471 - sec_monitor - INFO - ==================================================
2025-03-12 21:21:16,471 - sec_monitor - INFO - Processing middle chunk
2025-03-12 21:21:16,471 - sec_monitor - INFO - Timestamp: 2025-03-12 21:21:16
2025-03-12 21:21:17,399 - sec_monitor - INFO - token percentage = 68%
2025-03-12 21:21:17,400 - sec_monitor - INFO - Making API call - Attempt 1/3
2025-03-12 21:21:17,400 - sec_monitor - INFO - Timestamp: 2025-03-12 21:21:17
2025-03-12 21:21:39,632 - sec_monitor - INFO - API call successful
2025-03-12 21:22:09,650 - sec_monitor - INFO - ==================================================
2025-03-12 21:22:09,650 - sec_monitor - INFO - Processing middle chunk
2025-03-12 21:22:09,650 - sec_monitor - INFO - Timestamp: 2025-03-12 21:22:09
2025-03-12 21:22:10,922 - sec_monitor - INFO - token percentage = 44%
2025-03-12 21:22:10,923 - sec_monitor - INFO - Making API call - Attempt 1/3
2025-03-12 21:22:10,923 - sec_monitor - INFO - Timestamp: 2025-03-12 21:22:10
2025-03-12 21:22:25,139 - sec_monitor - INFO - API call successful
2025-03-12 21:22:55,170 - sec_monitor - INFO - ==================================================
2025-03-12 21:22:55,170 - sec_monitor - INFO - Processing last chunk
2025-03-12 21:22:55,170 - sec_monitor - INFO - Timestamp: 2025-03-12 21:22:55
2025-03-12 21:22:55,428 - sec_monitor - INFO - token percentage = 22%
2025-03-12 21:22:55,428 - sec_monitor - INFO - Making API call - Attempt 1/3
2025-03-12 21:22:55,428 - sec_monitor - INFO - Timestamp: 2025-03-12 21:22:55
2025-03-12 21:23:01,893 - sec_monitor - INFO - API call successful
2025-03-12 21:23:01,893 - sec_monitor - INFO - Making combine API call - Attempt 1/3
2025-03-12 21:23:01,893 - sec_monitor - INFO - Timestamp: 2025-03-12 21:23:01
2025-03-12 21:23:02,975 - sec_monitor - INFO - Combine API call successful
2025-03-12 21:23:03,977 - sec_monitor - INFO - Processing filing 8/10: MGM
2025-03-12 21:23:39,303 - sec_monitor - INFO - ==================================================
2025-03-12 21:23:39,304 - sec_monitor - INFO - Processing first chunk
2025-03-12 21:23:39,304 - sec_monitor - INFO - Timestamp: 2025-03-12 21:23:39
2025-03-12 21:23:39,615 - sec_monitor - INFO - token percentage = 37%
2025-03-12 21:23:39,615 - sec_monitor - INFO - Making API call - Attempt 1/3
2025-03-12 21:23:39,616 - sec_monitor - INFO - Timestamp: 2025-03-12 21:23:39
2025-03-12 21:23:51,086 - sec_monitor - INFO - API call successful
2025-03-12 21:23:52,087 - sec_monitor - INFO - Processing filing 9/10: ADBE
2025-03-12 21:24:23,088 - sec_monitor - INFO - ==================================================
2025-03-12 21:24:23,088 - sec_monitor - INFO - Processing first chunk
2025-03-12 21:24:23,089 - sec_monitor - INFO - Timestamp: 2025-03-12 21:24:23
2025-03-12 21:24:23,267 - sec_monitor - INFO - token percentage = 6%
2025-03-12 21:24:23,267 - sec_monitor - INFO - Making API call - Attempt 1/3
2025-03-12 21:24:23,267 - sec_monitor - INFO - Timestamp: 2025-03-12 21:24:23
2025-03-12 21:24:26,376 - sec_monitor - INFO - API call successful
2025-03-12 21:24:27,377 - sec_monitor - INFO - Processing filing 10/10: MU
2025-03-12 21:24:58,049 - sec_monitor - INFO - ==================================================
2025-03-12 21:24:58,049 - sec_monitor - INFO - Processing first chunk
2025-03-12 21:24:58,049 - sec_monitor - INFO - Timestamp: 2025-03-12 21:24:58
2025-03-12 21:24:58,211 - sec_monitor - INFO - token percentage = 5%
2025-03-12 21:24:58,211 - sec_monitor - INFO - Making API call - Attempt 1/3
2025-03-12 21:24:58,211 - sec_monitor - INFO - Timestamp: 2025-03-12 21:24:58
2025-03-12 21:25:01,473 - sec_monitor - INFO - API call successful
2025-03-12 21:25:02,474 - sec_monitor - INFO - Fetching supplementary data...
2025-03-12 21:25:06,588 - sec_monitor - INFO - filing_tickers type: <class 'list'>
2025-03-12 21:25:06,588 - sec_monitor - INFO - filing_data type: <class 'list'>
2025-03-12 21:25:06,588 - sec_monitor - INFO - Market open: False
2025-03-12 21:25:06,588 - sec_monitor - INFO - Number of filing times mapped: 10
2025-03-12 21:25:06,649 - sec_monitor - INFO - Last trading day: 2025-03-12
2025-03-12 21:25:06,649 - sec_monitor - INFO - Processing ticker: NVR
2025-03-12 21:25:06,899 - sec_monitor - INFO - Number of bars for NVR: 3
2025-03-12 21:25:06,899 - sec_monitor - INFO - Last bar close for NVR: 7344.06
2025-03-12 21:25:06,899 - sec_monitor - INFO - Outside market hours price for NVR: 7344.06
2025-03-12 21:25:06,899 - sec_monitor - INFO - Processing ticker: CCI
2025-03-12 21:25:06,965 - sec_monitor - INFO - Number of bars for CCI: 3
2025-03-12 21:25:06,965 - sec_monitor - INFO - Last bar close for CCI: 97.62
2025-03-12 21:25:06,966 - sec_monitor - INFO - Outside market hours price for CCI: 97.62
2025-03-12 21:25:06,966 - sec_monitor - INFO - Processing ticker: GILD
2025-03-12 21:25:07,030 - sec_monitor - INFO - Number of bars for GILD: 3
2025-03-12 21:25:07,030 - sec_monitor - INFO - Last bar close for GILD: 114.4
2025-03-12 21:25:07,030 - sec_monitor - INFO - Outside market hours price for GILD: 114.4
2025-03-12 21:25:07,030 - sec_monitor - INFO - Processing ticker: NDAQ
2025-03-12 21:25:07,095 - sec_monitor - INFO - Number of bars for NDAQ: 3
2025-03-12 21:25:07,095 - sec_monitor - INFO - Last bar close for NDAQ: 72.28
2025-03-12 21:25:07,095 - sec_monitor - INFO - Outside market hours price for NDAQ: 72.28
2025-03-12 21:25:07,095 - sec_monitor - INFO - Processing ticker: IBM
2025-03-12 21:25:07,160 - sec_monitor - INFO - Number of bars for IBM: 3
2025-03-12 21:25:07,160 - sec_monitor - INFO - Last bar close for IBM: 248.965
2025-03-12 21:25:07,161 - sec_monitor - INFO - Outside market hours price for IBM: 248.965
2025-03-12 21:25:07,161 - sec_monitor - INFO - Processing ticker: AVGO
2025-03-12 21:25:07,224 - sec_monitor - INFO - Number of bars for AVGO: 3
2025-03-12 21:25:07,224 - sec_monitor - INFO - Last bar close for AVGO: 190.08
2025-03-12 21:25:07,224 - sec_monitor - INFO - Outside market hours price for AVGO: 190.08
2025-03-12 21:25:07,224 - sec_monitor - INFO - Processing ticker: TGT
2025-03-12 21:25:07,289 - sec_monitor - INFO - Number of bars for TGT: 3
2025-03-12 21:25:07,289 - sec_monitor - INFO - Last bar close for TGT: 112.78
2025-03-12 21:25:07,289 - sec_monitor - INFO - Outside market hours price for TGT: 112.78
2025-03-12 21:25:07,289 - sec_monitor - INFO - Processing ticker: MGM
2025-03-12 21:25:07,354 - sec_monitor - INFO - Number of bars for MGM: 3
2025-03-12 21:25:07,354 - sec_monitor - INFO - Last bar close for MGM: 31.29
2025-03-12 21:25:07,354 - sec_monitor - INFO - Outside market hours price for MGM: 31.29
2025-03-12 21:25:07,354 - sec_monitor - INFO - Processing ticker: ADBE
2025-03-12 21:25:07,421 - sec_monitor - INFO - Number of bars for ADBE: 3
2025-03-12 21:25:07,422 - sec_monitor - INFO - Last bar close for ADBE: 433.67
2025-03-12 21:25:07,422 - sec_monitor - INFO - Outside market hours price for ADBE: 433.67
2025-03-12 21:25:07,422 - sec_monitor - INFO - Processing ticker: MU
2025-03-12 21:25:07,485 - sec_monitor - INFO - Number of bars for MU: 3
2025-03-12 21:25:07,485 - sec_monitor - INFO - Last bar close for MU: 88.99
2025-03-12 21:25:07,485 - sec_monitor - INFO - Outside market hours price for MU: 88.99
2025-03-12 21:25:14,461 - sec_monitor - INFO - Generating final output...
2025-03-12 21:25:14,462 - sec_monitor - INFO - Successfully merged 10 new filings with existing JSON
2025-03-12 21:25:14,462 - sec_monitor - INFO - Cumulative stats - Input words: 821505, Output words: 1237
2025-03-12 21:25:14,462 - sec_monitor - INFO - Successfully saved/merged output to output/sec_filings.json
2025-03-12 21:25:14,462 - sec_monitor - INFO - Processing complete. Stats: {'input_words': 729520, 'output_words': 778, 'filings_processed': 10}
