2025-06-02 11:10:38,711 - sec_monitor - INFO - Starting SEC filing monitor 
2025-06-02 11:10:38,711 - sec_monitor - INFO - Loading S&P 500 data...
2025-06-02 11:10:38,711 - sec_monitor - INFO - Starting S&P 500 data initialization
2025-06-02 11:10:38,712 - sec_monitor - INFO - Successfully loaded 503 S&P 500 tickers
2025-06-02 11:10:38,712 - sec_monitor - INFO - Successfully loaded 503 S&P 500 tickers
2025-06-02 11:10:38,712 - sec_monitor - INFO - Initializing components...
2025-06-02 11:10:38,712 - sec_monitor - INFO - Initializing components
2025-06-02 11:10:38,712 - sec_monitor - INFO - SEC fetcher initialized
2025-06-02 11:10:38,712 - sec_monitor - INFO - Filing analyzer initialized
2025-06-02 11:10:38,713 - sec_monitor - INFO - Alpaca clients initialized
2025-06-02 11:10:38,713 - sec_monitor - INFO - All components initialized successfully
2025-06-02 11:10:38,714 - sec_monitor - INFO - Found old JSON file, archiving
2025-06-02 11:10:38,714 - sec_monitor - INFO - Starting new filing collection for today
2025-06-02 11:10:38,714 - sec_monitor - INFO - Fetching SEC filings...
2025-06-02 11:10:39,514 - sec_monitor - INFO - Reached old filing, stopping. Found 2 total filings
2025-06-02 11:10:39,515 - sec_monitor - INFO - Found 1 new interesting filings
2025-06-02 11:10:39,515 - sec_monitor - INFO - Found 1 new filings to process
2025-06-02 11:10:39,515 - sec_monitor - INFO - Processing filing 1/1: AES
2025-06-02 11:11:10,034 - sec_monitor - INFO - ==================================================
2025-06-02 11:11:10,034 - sec_monitor - INFO - Processing first chunk
2025-06-02 11:11:10,034 - sec_monitor - INFO - Timestamp: 2025-06-02 11:11:10
2025-06-02 11:11:10,173 - sec_monitor - INFO - token percentage = 3%
2025-06-02 11:11:10,173 - sec_monitor - INFO - Making API call - Attempt 1/3
2025-06-02 11:11:10,173 - sec_monitor - INFO - Timestamp: 2025-06-02 11:11:10
2025-06-02 11:11:15,087 - sec_monitor - INFO - API call successful
2025-06-02 11:11:16,089 - sec_monitor - INFO - Fetching supplementary data...
2025-06-02 11:11:16,309 - sec_monitor - INFO - filing_tickers type: <class 'list'>
2025-06-02 11:11:16,309 - sec_monitor - INFO - filing_data type: <class 'list'>
2025-06-02 11:11:16,310 - sec_monitor - INFO - Market open: False
2025-06-02 11:11:16,310 - sec_monitor - INFO - Number of filing times mapped: 1
2025-06-02 11:11:16,316 - sec_monitor - INFO - Last trading day: 2025-06-02
2025-06-02 11:11:16,316 - sec_monitor - INFO - Processing ticker: AES
2025-06-02 11:11:16,602 - sec_monitor - INFO - Number of bars for AES: 3
2025-06-02 11:11:16,603 - sec_monitor - INFO - Last bar close for AES: 10.085
2025-06-02 11:11:16,603 - sec_monitor - INFO - Outside market hours price for AES: 10.085
2025-06-02 11:11:16,909 - sec_monitor - INFO - Generating final output...
2025-06-02 11:11:16,909 - sec_monitor - INFO - Successfully saved/merged output to output/sec_filings.json
2025-06-02 11:11:16,909 - sec_monitor - INFO - Processing complete. Stats: {'input_words': 5369, 'output_words': 75, 'filings_processed': 1}
