2025-04-01 11:09:30,541 - sec_monitor - INFO - Starting SEC filing monitor 
2025-04-01 11:09:30,542 - sec_monitor - INFO - Loading S&P 500 data...
2025-04-01 11:09:30,542 - sec_monitor - INFO - Starting S&P 500 data initialization
2025-04-01 11:09:30,542 - sec_monitor - INFO - Successfully loaded 503 S&P 500 tickers
2025-04-01 11:09:30,542 - sec_monitor - INFO - Successfully loaded 503 S&P 500 tickers
2025-04-01 11:09:30,542 - sec_monitor - INFO - Initializing components...
2025-04-01 11:09:30,542 - sec_monitor - INFO - Initializing components
2025-04-01 11:09:30,543 - sec_monitor - INFO - SEC fetcher initialized
2025-04-01 11:09:30,543 - sec_monitor - INFO - Filing analyzer initialized
2025-04-01 11:09:30,543 - sec_monitor - INFO - Alpaca clients initialized
2025-04-01 11:09:30,543 - sec_monitor - INFO - All components initialized successfully
2025-04-01 11:09:30,544 - sec_monitor - INFO - Found old JSON file, archiving
2025-04-01 11:09:30,544 - sec_monitor - INFO - Starting new filing collection for today
2025-04-01 11:09:30,544 - sec_monitor - INFO - Fetching SEC filings...
2025-04-01 11:09:43,875 - sec_monitor - INFO - No more entries found
2025-04-01 11:09:43,876 - sec_monitor - INFO - Completed fetching. Found 35 total filings
2025-04-01 11:09:43,876 - sec_monitor - INFO - Found 6 new interesting filings
2025-04-01 11:09:43,876 - sec_monitor - INFO - Found 6 new filings to process
2025-04-01 11:09:43,876 - sec_monitor - INFO - Processing filing 1/6: CNP
2025-04-01 11:10:14,443 - sec_monitor - INFO - ==================================================
2025-04-01 11:10:14,444 - sec_monitor - INFO - Processing first chunk
2025-04-01 11:10:14,444 - sec_monitor - INFO - Timestamp: 2025-04-01 11:10:14
2025-04-01 11:10:14,577 - sec_monitor - INFO - token percentage = 4%
2025-04-01 11:10:14,577 - sec_monitor - INFO - Making API call - Attempt 1/3
2025-04-01 11:10:14,578 - sec_monitor - INFO - Timestamp: 2025-04-01 11:10:14
2025-04-01 11:10:17,368 - sec_monitor - INFO - API call successful
2025-04-01 11:10:18,370 - sec_monitor - INFO - Processing filing 2/6: XEL
2025-04-01 11:10:48,783 - sec_monitor - INFO - ==================================================
2025-04-01 11:10:48,784 - sec_monitor - INFO - Processing first chunk
2025-04-01 11:10:48,784 - sec_monitor - INFO - Timestamp: 2025-04-01 11:10:48
2025-04-01 11:10:48,891 - sec_monitor - INFO - token percentage = 3%
2025-04-01 11:10:48,891 - sec_monitor - INFO - Making API call - Attempt 1/3
2025-04-01 11:10:48,891 - sec_monitor - INFO - Timestamp: 2025-04-01 11:10:48
2025-04-01 11:10:50,767 - sec_monitor - INFO - API call successful
2025-04-01 11:10:51,768 - sec_monitor - INFO - Processing filing 3/6: NWS
2025-04-01 11:11:22,361 - sec_monitor - INFO - ==================================================
2025-04-01 11:11:22,361 - sec_monitor - INFO - Processing first chunk
2025-04-01 11:11:22,361 - sec_monitor - INFO - Timestamp: 2025-04-01 11:11:22
2025-04-01 11:11:22,513 - sec_monitor - INFO - token percentage = 7%
2025-04-01 11:11:22,513 - sec_monitor - INFO - Making API call - Attempt 1/3
2025-04-01 11:11:22,513 - sec_monitor - INFO - Timestamp: 2025-04-01 11:11:22
2025-04-01 11:11:26,804 - sec_monitor - INFO - API call successful
2025-04-01 11:11:27,806 - sec_monitor - INFO - Processing filing 4/6: ROST
2025-04-01 11:12:15,754 - sec_monitor - INFO - ==================================================
2025-04-01 11:12:15,754 - sec_monitor - INFO - Processing first chunk
2025-04-01 11:12:15,754 - sec_monitor - INFO - Timestamp: 2025-04-01 11:12:15
2025-04-01 11:12:17,044 - sec_monitor - INFO - token percentage = 44%
2025-04-01 11:12:17,045 - sec_monitor - INFO - Making API call - Attempt 1/3
2025-04-01 11:12:17,045 - sec_monitor - INFO - Timestamp: 2025-04-01 11:12:17
2025-04-01 11:12:31,733 - sec_monitor - INFO - API call successful
2025-04-01 11:13:01,764 - sec_monitor - INFO - ==================================================
2025-04-01 11:13:01,764 - sec_monitor - INFO - Processing middle chunk
2025-04-01 11:13:01,764 - sec_monitor - INFO - Timestamp: 2025-04-01 11:13:01
2025-04-01 11:13:02,930 - sec_monitor - INFO - token percentage = 46%
2025-04-01 11:13:02,931 - sec_monitor - INFO - Making API call - Attempt 1/3
2025-04-01 11:13:02,931 - sec_monitor - INFO - Timestamp: 2025-04-01 11:13:02
2025-04-01 11:13:18,658 - sec_monitor - INFO - API call successful
2025-04-01 11:13:48,683 - sec_monitor - INFO - ==================================================
2025-04-01 11:13:48,683 - sec_monitor - INFO - Processing last chunk
2025-04-01 11:13:48,684 - sec_monitor - INFO - Timestamp: 2025-04-01 11:13:48
2025-04-01 11:13:49,798 - sec_monitor - INFO - token percentage = 57%
2025-04-01 11:13:49,799 - sec_monitor - INFO - Making API call - Attempt 1/3
2025-04-01 11:13:49,799 - sec_monitor - INFO - Timestamp: 2025-04-01 11:13:49
2025-04-01 11:14:08,546 - sec_monitor - INFO - API call successful
2025-04-01 11:14:08,546 - sec_monitor - INFO - Making combine API call - Attempt 1/3
2025-04-01 11:14:08,547 - sec_monitor - INFO - Timestamp: 2025-04-01 11:14:08
2025-04-01 11:14:09,506 - sec_monitor - INFO - Combine API call successful
2025-04-01 11:14:10,509 - sec_monitor - INFO - Processing filing 5/6: GEHC
2025-04-01 11:14:43,605 - sec_monitor - INFO - ==================================================
2025-04-01 11:14:43,606 - sec_monitor - INFO - Processing first chunk
2025-04-01 11:14:43,606 - sec_monitor - INFO - Timestamp: 2025-04-01 11:14:43
2025-04-01 11:14:44,452 - sec_monitor - INFO - token percentage = 28%
2025-04-01 11:14:44,452 - sec_monitor - INFO - Making API call - Attempt 1/3
2025-04-01 11:14:44,453 - sec_monitor - INFO - Timestamp: 2025-04-01 11:14:44
2025-04-01 11:14:54,394 - sec_monitor - INFO - API call successful
2025-04-01 11:14:55,395 - sec_monitor - INFO - Processing filing 6/6: FCX
2025-04-01 11:15:28,302 - sec_monitor - INFO - ==================================================
2025-04-01 11:15:28,302 - sec_monitor - INFO - Processing first chunk
2025-04-01 11:15:28,303 - sec_monitor - INFO - Timestamp: 2025-04-01 11:15:28
2025-04-01 11:15:28,739 - sec_monitor - INFO - token percentage = 35%
2025-04-01 11:15:28,739 - sec_monitor - INFO - Making API call - Attempt 1/3
2025-04-01 11:15:28,739 - sec_monitor - INFO - Timestamp: 2025-04-01 11:15:28
2025-04-01 11:15:39,677 - sec_monitor - INFO - API call successful
2025-04-01 11:15:40,678 - sec_monitor - INFO - Fetching supplementary data...
2025-04-01 11:15:40,793 - sec_monitor - INFO - filing_tickers type: <class 'list'>
2025-04-01 11:15:40,793 - sec_monitor - INFO - filing_data type: <class 'list'>
2025-04-01 11:15:40,793 - sec_monitor - INFO - Market open: False
2025-04-01 11:15:40,793 - sec_monitor - INFO - Number of filing times mapped: 6
2025-04-01 11:15:40,800 - sec_monitor - INFO - Last trading day: 2025-04-01
2025-04-01 11:15:40,801 - sec_monitor - INFO - Processing ticker: CNP
2025-04-01 11:15:40,941 - sec_monitor - INFO - Number of bars for CNP: 3
2025-04-01 11:15:40,942 - sec_monitor - INFO - Last bar close for CNP: 36.24
2025-04-01 11:15:40,942 - sec_monitor - INFO - Outside market hours price for CNP: 36.24
2025-04-01 11:15:40,942 - sec_monitor - INFO - Processing ticker: XEL
2025-04-01 11:15:40,952 - sec_monitor - INFO - Number of bars for XEL: 4
2025-04-01 11:15:40,952 - sec_monitor - INFO - Last bar close for XEL: 70.76
2025-04-01 11:15:40,952 - sec_monitor - INFO - Outside market hours price for XEL: 70.76
2025-04-01 11:15:40,952 - sec_monitor - INFO - Processing ticker: NWS
2025-04-01 11:15:40,967 - sec_monitor - INFO - Number of bars for NWS: 4
2025-04-01 11:15:40,967 - sec_monitor - INFO - Last bar close for NWS: 30.38
2025-04-01 11:15:40,967 - sec_monitor - INFO - Outside market hours price for NWS: 30.38
2025-04-01 11:15:40,967 - sec_monitor - INFO - Processing ticker: ROST
2025-04-01 11:15:40,981 - sec_monitor - INFO - Number of bars for ROST: 4
2025-04-01 11:15:40,981 - sec_monitor - INFO - Last bar close for ROST: 127.79
2025-04-01 11:15:40,981 - sec_monitor - INFO - Outside market hours price for ROST: 127.79
2025-04-01 11:15:40,981 - sec_monitor - INFO - Processing ticker: GEHC
2025-04-01 11:15:40,995 - sec_monitor - INFO - Number of bars for GEHC: 4
2025-04-01 11:15:40,995 - sec_monitor - INFO - Last bar close for GEHC: 80.67
2025-04-01 11:15:40,995 - sec_monitor - INFO - Outside market hours price for GEHC: 80.67
2025-04-01 11:15:40,995 - sec_monitor - INFO - Processing ticker: FCX
2025-04-01 11:15:41,006 - sec_monitor - INFO - Number of bars for FCX: 4
2025-04-01 11:15:41,006 - sec_monitor - INFO - Last bar close for FCX: 37.86
2025-04-01 11:15:41,006 - sec_monitor - INFO - Outside market hours price for FCX: 37.86
2025-04-01 11:15:43,092 - sec_monitor - INFO - Generating final output...
2025-04-01 11:15:43,093 - sec_monitor - INFO - Successfully saved/merged output to output/sec_filings.json
2025-04-01 11:15:43,093 - sec_monitor - INFO - Processing complete. Stats: {'input_words': 366174, 'output_words': 460, 'filings_processed': 6}
2025-04-01 12:40:05,816 - sec_monitor - INFO - Starting SEC filing monitor 
2025-04-01 12:40:05,816 - sec_monitor - INFO - Loading S&P 500 data...
2025-04-01 12:40:05,817 - sec_monitor - INFO - Starting S&P 500 data initialization
2025-04-01 12:40:05,817 - sec_monitor - INFO - Successfully loaded 503 S&P 500 tickers
2025-04-01 12:40:05,817 - sec_monitor - INFO - Successfully loaded 503 S&P 500 tickers
2025-04-01 12:40:05,817 - sec_monitor - INFO - Initializing components...
2025-04-01 12:40:05,817 - sec_monitor - INFO - Initializing components
2025-04-01 12:40:05,817 - sec_monitor - INFO - SEC fetcher initialized
2025-04-01 12:40:05,817 - sec_monitor - INFO - Filing analyzer initialized
2025-04-01 12:40:05,818 - sec_monitor - INFO - Alpaca clients initialized
2025-04-01 12:40:05,818 - sec_monitor - INFO - All components initialized successfully
2025-04-01 12:40:05,819 - sec_monitor - INFO - Found JSON file from today
2025-04-01 12:40:05,819 - sec_monitor - INFO - Found 6 previously processed accessions and 6 filing URLs
2025-04-01 12:40:05,819 - sec_monitor - INFO - Found 6 accession numbers and 6 URLs from previously processed filings
2025-04-01 12:40:05,819 - sec_monitor - INFO - Fetching SEC filings...
2025-04-01 12:40:44,624 - sec_monitor - INFO - No more entries found
2025-04-01 12:40:44,624 - sec_monitor - INFO - Completed fetching. Found 24 total filings
2025-04-01 12:40:44,624 - sec_monitor - INFO - Found 1 new interesting filings
2025-04-01 12:40:44,624 - sec_monitor - INFO - Found 1 new filings to process
2025-04-01 12:40:44,625 - sec_monitor - INFO - Processing filing 1/1: HON
2025-04-01 12:41:15,328 - sec_monitor - INFO - ==================================================
2025-04-01 12:41:15,328 - sec_monitor - INFO - Processing first chunk
2025-04-01 12:41:15,328 - sec_monitor - INFO - Timestamp: 2025-04-01 12:41:15
2025-04-01 12:41:15,463 - sec_monitor - INFO - token percentage = 5%
2025-04-01 12:41:15,463 - sec_monitor - INFO - Making API call - Attempt 1/3
2025-04-01 12:41:15,463 - sec_monitor - INFO - Timestamp: 2025-04-01 12:41:15
2025-04-01 12:41:18,341 - sec_monitor - INFO - API call successful
2025-04-01 12:41:19,342 - sec_monitor - INFO - Fetching supplementary data...
2025-04-01 12:41:19,921 - sec_monitor - INFO - filing_tickers type: <class 'list'>
2025-04-01 12:41:19,921 - sec_monitor - INFO - filing_data type: <class 'list'>
2025-04-01 12:41:19,921 - sec_monitor - INFO - Market open: False
2025-04-01 12:41:19,921 - sec_monitor - INFO - Number of filing times mapped: 1
2025-04-01 12:41:19,994 - sec_monitor - INFO - Last trading day: 2025-04-01
2025-04-01 12:41:19,994 - sec_monitor - INFO - Processing ticker: HON
2025-04-01 12:41:20,536 - sec_monitor - INFO - Number of bars for HON: 3
2025-04-01 12:41:20,537 - sec_monitor - INFO - Last bar close for HON: 211.75
2025-04-01 12:41:20,537 - sec_monitor - INFO - Outside market hours price for HON: 211.75
2025-04-01 12:41:21,003 - sec_monitor - INFO - Generating final output...
2025-04-01 12:41:21,004 - sec_monitor - INFO - Successfully merged 1 new filings with existing JSON
2025-04-01 12:41:21,004 - sec_monitor - INFO - Cumulative stats - Input words: 372032, Output words: 530
2025-04-01 12:41:21,004 - sec_monitor - INFO - Successfully saved/merged output to output/sec_filings.json
2025-04-01 12:41:21,004 - sec_monitor - INFO - Processing complete. Stats: {'input_words': 5858, 'output_words': 70, 'filings_processed': 1}
2025-04-01 13:30:55,580 - sec_monitor - INFO - Starting SEC filing monitor 
2025-04-01 13:30:55,580 - sec_monitor - INFO - Loading S&P 500 data...
2025-04-01 13:30:55,580 - sec_monitor - INFO - Starting S&P 500 data initialization
2025-04-01 13:30:55,580 - sec_monitor - INFO - Successfully loaded 503 S&P 500 tickers
2025-04-01 13:30:55,580 - sec_monitor - INFO - Successfully loaded 503 S&P 500 tickers
2025-04-01 13:30:55,580 - sec_monitor - INFO - Initializing components...
2025-04-01 13:30:55,580 - sec_monitor - INFO - Initializing components
2025-04-01 13:30:55,581 - sec_monitor - INFO - SEC fetcher initialized
2025-04-01 13:30:55,581 - sec_monitor - INFO - Filing analyzer initialized
2025-04-01 13:30:55,581 - sec_monitor - INFO - Alpaca clients initialized
2025-04-01 13:30:55,581 - sec_monitor - INFO - All components initialized successfully
2025-04-01 13:30:55,582 - sec_monitor - INFO - Found JSON file from today
2025-04-01 13:30:55,582 - sec_monitor - INFO - Found 7 previously processed accessions and 7 filing URLs
2025-04-01 13:30:55,582 - sec_monitor - INFO - Found 7 accession numbers and 7 URLs from previously processed filings
2025-04-01 13:30:55,582 - sec_monitor - INFO - Fetching SEC filings...
2025-04-01 13:31:26,595 - sec_monitor - INFO - No more entries found
2025-04-01 13:31:26,595 - sec_monitor - INFO - Completed fetching. Found 20 total filings
2025-04-01 13:31:26,595 - sec_monitor - INFO - Found 1 new interesting filings
2025-04-01 13:31:26,595 - sec_monitor - INFO - Found 1 new filings to process
2025-04-01 13:31:26,595 - sec_monitor - INFO - Processing filing 1/1: O
2025-04-01 13:31:57,268 - sec_monitor - INFO - ==================================================
2025-04-01 13:31:57,268 - sec_monitor - INFO - Processing first chunk
2025-04-01 13:31:57,268 - sec_monitor - INFO - Timestamp: 2025-04-01 13:31:57
2025-04-01 13:31:57,379 - sec_monitor - INFO - token percentage = 5%
2025-04-01 13:31:57,379 - sec_monitor - INFO - Making API call - Attempt 1/3
2025-04-01 13:31:57,380 - sec_monitor - INFO - Timestamp: 2025-04-01 13:31:57
2025-04-01 13:32:00,321 - sec_monitor - INFO - API call successful
2025-04-01 13:32:01,322 - sec_monitor - INFO - Fetching supplementary data...
2025-04-01 13:32:03,068 - sec_monitor - INFO - filing_tickers type: <class 'list'>
2025-04-01 13:32:03,068 - sec_monitor - INFO - filing_data type: <class 'list'>
2025-04-01 13:32:03,069 - sec_monitor - INFO - Market open: True
2025-04-01 13:32:03,069 - sec_monitor - INFO - Number of filing times mapped: 1
2025-04-01 13:32:03,110 - sec_monitor - INFO - Last trading day: 2025-04-01
2025-04-01 13:32:03,110 - sec_monitor - INFO - Processing ticker: O
2025-04-01 13:32:03,548 - sec_monitor - INFO - Number of bars for O: 3
2025-04-01 13:32:03,548 - sec_monitor - INFO - Last bar close for O: 58.03
2025-04-01 13:32:03,549 - sec_monitor - INFO - Market open price for O: 58.03, change: 2.5083907436848643%
2025-04-01 13:32:04,009 - sec_monitor - INFO - Generating final output...
2025-04-01 13:32:04,009 - sec_monitor - INFO - Successfully merged 1 new filings with existing JSON
2025-04-01 13:32:04,009 - sec_monitor - INFO - Cumulative stats - Input words: 378936, Output words: 628
2025-04-01 13:32:04,010 - sec_monitor - INFO - Successfully saved/merged output to output/sec_filings.json
2025-04-01 13:32:04,010 - sec_monitor - INFO - Processing complete. Stats: {'input_words': 6904, 'output_words': 98, 'filings_processed': 1}
