2025-04-29 11:09:47,510 - sec_monitor - INFO - Starting SEC filing monitor 
2025-04-29 11:09:47,511 - sec_monitor - INFO - Loading S&P 500 data...
2025-04-29 11:09:47,511 - sec_monitor - INFO - Starting S&P 500 data initialization
2025-04-29 11:09:47,511 - sec_monitor - INFO - Successfully loaded 503 S&P 500 tickers
2025-04-29 11:09:47,511 - sec_monitor - INFO - Successfully loaded 503 S&P 500 tickers
2025-04-29 11:09:47,511 - sec_monitor - INFO - Initializing components...
2025-04-29 11:09:47,511 - sec_monitor - INFO - Initializing components
2025-04-29 11:09:47,512 - sec_monitor - INFO - SEC fetcher initialized
2025-04-29 11:09:47,512 - sec_monitor - INFO - Filing analyzer initialized
2025-04-29 11:09:47,512 - sec_monitor - INFO - Alpaca clients initialized
2025-04-29 11:09:47,512 - sec_monitor - INFO - All components initialized successfully
2025-04-29 11:09:47,513 - sec_monitor - INFO - Found old JSON file, archiving
2025-04-29 11:09:47,513 - sec_monitor - INFO - Starting new filing collection for today
2025-04-29 11:09:47,514 - sec_monitor - INFO - Fetching SEC filings...
2025-04-29 11:10:02,000 - sec_monitor - INFO - No more entries found
2025-04-29 11:10:02,000 - sec_monitor - INFO - Completed fetching. Found 127 total filings
2025-04-29 11:10:02,000 - sec_monitor - INFO - Found 24 new interesting filings
2025-04-29 11:10:02,000 - sec_monitor - INFO - Found 24 new filings to process
2025-04-29 11:10:02,000 - sec_monitor - INFO - Processing filing 1/24: INCY
2025-04-29 11:10:32,870 - sec_monitor - INFO - ==================================================
2025-04-29 11:10:32,870 - sec_monitor - INFO - Processing first chunk
2025-04-29 11:10:32,870 - sec_monitor - INFO - Timestamp: 2025-04-29 11:10:32
2025-04-29 11:10:33,046 - sec_monitor - INFO - token percentage = 5%
2025-04-29 11:10:33,046 - sec_monitor - INFO - Making API call - Attempt 1/3
2025-04-29 11:10:33,046 - sec_monitor - INFO - Timestamp: 2025-04-29 11:10:33
2025-04-29 11:10:36,955 - sec_monitor - INFO - API call successful
2025-04-29 11:10:37,957 - sec_monitor - INFO - Processing filing 2/24: XYL
2025-04-29 11:11:08,761 - sec_monitor - INFO - ==================================================
2025-04-29 11:11:08,762 - sec_monitor - INFO - Processing first chunk
2025-04-29 11:11:08,762 - sec_monitor - INFO - Timestamp: 2025-04-29 11:11:08
2025-04-29 11:11:08,927 - sec_monitor - INFO - token percentage = 5%
2025-04-29 11:11:08,928 - sec_monitor - INFO - Making API call - Attempt 1/3
2025-04-29 11:11:08,928 - sec_monitor - INFO - Timestamp: 2025-04-29 11:11:08
2025-04-29 11:11:12,523 - sec_monitor - INFO - API call successful
2025-04-29 11:11:13,525 - sec_monitor - INFO - Processing filing 3/24: AMT
2025-04-29 11:11:44,969 - sec_monitor - INFO - ==================================================
2025-04-29 11:11:44,969 - sec_monitor - INFO - Processing first chunk
2025-04-29 11:11:44,969 - sec_monitor - INFO - Timestamp: 2025-04-29 11:11:44
2025-04-29 11:11:45,204 - sec_monitor - INFO - token percentage = 10%
2025-04-29 11:11:45,204 - sec_monitor - INFO - Making API call - Attempt 1/3
2025-04-29 11:11:45,205 - sec_monitor - INFO - Timestamp: 2025-04-29 11:11:45
2025-04-29 11:11:50,354 - sec_monitor - INFO - API call successful
2025-04-29 11:11:51,356 - sec_monitor - INFO - Processing filing 4/24: MO
2025-04-29 11:12:22,533 - sec_monitor - INFO - ==================================================
2025-04-29 11:12:22,533 - sec_monitor - INFO - Processing first chunk
2025-04-29 11:12:22,533 - sec_monitor - INFO - Timestamp: 2025-04-29 11:12:22
2025-04-29 11:12:22,736 - sec_monitor - INFO - token percentage = 7%
2025-04-29 11:12:22,736 - sec_monitor - INFO - Making API call - Attempt 1/3
2025-04-29 11:12:22,736 - sec_monitor - INFO - Timestamp: 2025-04-29 11:12:22
2025-04-29 11:12:27,641 - sec_monitor - INFO - API call successful
2025-04-29 11:12:28,643 - sec_monitor - INFO - Processing filing 5/24: KHC
2025-04-29 11:13:00,479 - sec_monitor - INFO - ==================================================
2025-04-29 11:13:00,480 - sec_monitor - INFO - Processing first chunk
2025-04-29 11:13:00,480 - sec_monitor - INFO - Timestamp: 2025-04-29 11:13:00
2025-04-29 11:13:00,734 - sec_monitor - INFO - token percentage = 24%
2025-04-29 11:13:00,734 - sec_monitor - INFO - Making API call - Attempt 1/3
2025-04-29 11:13:00,735 - sec_monitor - INFO - Timestamp: 2025-04-29 11:13:00
2025-04-29 11:13:10,289 - sec_monitor - INFO - API call successful
2025-04-29 11:13:11,291 - sec_monitor - INFO - Processing filing 6/24: PYPL
2025-04-29 11:13:43,667 - sec_monitor - INFO - ==================================================
2025-04-29 11:13:43,667 - sec_monitor - INFO - Processing first chunk
2025-04-29 11:13:43,667 - sec_monitor - INFO - Timestamp: 2025-04-29 11:13:43
2025-04-29 11:13:44,060 - sec_monitor - INFO - token percentage = 43%
2025-04-29 11:13:44,061 - sec_monitor - INFO - Making API call - Attempt 1/3
2025-04-29 11:13:44,061 - sec_monitor - INFO - Timestamp: 2025-04-29 11:13:44
2025-04-29 11:13:59,523 - sec_monitor - INFO - API call successful
2025-04-29 11:14:00,525 - sec_monitor - INFO - Processing filing 7/24: KO
2025-04-29 11:14:36,146 - sec_monitor - INFO - ==================================================
2025-04-29 11:14:36,147 - sec_monitor - INFO - Processing first chunk
2025-04-29 11:14:36,147 - sec_monitor - INFO - Timestamp: 2025-04-29 11:14:36
2025-04-29 11:14:36,665 - sec_monitor - INFO - token percentage = 50%
2025-04-29 11:14:36,666 - sec_monitor - INFO - Making API call - Attempt 1/3
2025-04-29 11:14:36,666 - sec_monitor - INFO - Timestamp: 2025-04-29 11:14:36
2025-04-29 11:14:54,942 - sec_monitor - INFO - API call successful
2025-04-29 11:15:24,973 - sec_monitor - INFO - ==================================================
2025-04-29 11:15:24,973 - sec_monitor - INFO - Processing last chunk
2025-04-29 11:15:24,973 - sec_monitor - INFO - Timestamp: 2025-04-29 11:15:24
2025-04-29 11:15:25,066 - sec_monitor - INFO - token percentage = 1%
2025-04-29 11:15:25,067 - sec_monitor - INFO - Making API call - Attempt 1/3
2025-04-29 11:15:25,067 - sec_monitor - INFO - Timestamp: 2025-04-29 11:15:25
2025-04-29 11:15:26,430 - sec_monitor - INFO - API call successful
2025-04-29 11:15:26,431 - sec_monitor - INFO - Making combine API call - Attempt 1/3
2025-04-29 11:15:26,431 - sec_monitor - INFO - Timestamp: 2025-04-29 11:15:26
2025-04-29 11:15:27,505 - sec_monitor - INFO - Combine API call successful
2025-04-29 11:15:28,507 - sec_monitor - INFO - Processing filing 8/24: AOS
2025-04-29 11:15:59,191 - sec_monitor - INFO - ==================================================
2025-04-29 11:15:59,191 - sec_monitor - INFO - Processing first chunk
2025-04-29 11:15:59,192 - sec_monitor - INFO - Timestamp: 2025-04-29 11:15:59
2025-04-29 11:15:59,355 - sec_monitor - INFO - token percentage = 5%
2025-04-29 11:15:59,356 - sec_monitor - INFO - Making API call - Attempt 1/3
2025-04-29 11:15:59,356 - sec_monitor - INFO - Timestamp: 2025-04-29 11:15:59
2025-04-29 11:16:02,676 - sec_monitor - INFO - API call successful
2025-04-29 11:16:03,678 - sec_monitor - INFO - Processing filing 9/24: LH
2025-04-29 11:16:34,975 - sec_monitor - INFO - ==================================================
2025-04-29 11:16:34,975 - sec_monitor - INFO - Processing first chunk
2025-04-29 11:16:34,976 - sec_monitor - INFO - Timestamp: 2025-04-29 11:16:34
2025-04-29 11:16:35,175 - sec_monitor - INFO - token percentage = 12%
2025-04-29 11:16:35,175 - sec_monitor - INFO - Making API call - Attempt 1/3
2025-04-29 11:16:35,175 - sec_monitor - INFO - Timestamp: 2025-04-29 11:16:35
2025-04-29 11:16:40,903 - sec_monitor - INFO - API call successful
2025-04-29 11:16:41,904 - sec_monitor - INFO - Processing filing 10/24: REGN
2025-04-29 11:17:24,719 - sec_monitor - INFO - ==================================================
2025-04-29 11:17:24,719 - sec_monitor - INFO - Processing first chunk
2025-04-29 11:17:24,719 - sec_monitor - INFO - Timestamp: 2025-04-29 11:17:24
2025-04-29 11:17:25,678 - sec_monitor - INFO - token percentage = 42%
2025-04-29 11:17:25,678 - sec_monitor - INFO - Making API call - Attempt 1/3
2025-04-29 11:17:25,678 - sec_monitor - INFO - Timestamp: 2025-04-29 11:17:25
2025-04-29 11:17:41,515 - sec_monitor - INFO - API call successful
2025-04-29 11:18:11,536 - sec_monitor - INFO - ==================================================
2025-04-29 11:18:11,537 - sec_monitor - INFO - Processing middle chunk
2025-04-29 11:18:11,537 - sec_monitor - INFO - Timestamp: 2025-04-29 11:18:11
2025-04-29 11:18:12,334 - sec_monitor - INFO - token percentage = 58%
2025-04-29 11:18:12,335 - sec_monitor - INFO - Making API call - Attempt 1/3
2025-04-29 11:18:12,335 - sec_monitor - INFO - Timestamp: 2025-04-29 11:18:12
2025-04-29 11:18:33,818 - sec_monitor - INFO - API call successful
2025-04-29 11:19:03,848 - sec_monitor - INFO - ==================================================
2025-04-29 11:19:03,848 - sec_monitor - INFO - Processing last chunk
2025-04-29 11:19:03,848 - sec_monitor - INFO - Timestamp: 2025-04-29 11:19:03
2025-04-29 11:19:04,104 - sec_monitor - INFO - token percentage = 8%
2025-04-29 11:19:04,104 - sec_monitor - INFO - Making API call - Attempt 1/3
2025-04-29 11:19:04,104 - sec_monitor - INFO - Timestamp: 2025-04-29 11:19:04
2025-04-29 11:19:08,319 - sec_monitor - INFO - API call successful
2025-04-29 11:19:08,319 - sec_monitor - INFO - Making combine API call - Attempt 1/3
2025-04-29 11:19:08,319 - sec_monitor - INFO - Timestamp: 2025-04-29 11:19:08
2025-04-29 11:19:09,467 - sec_monitor - INFO - Combine API call successful
2025-04-29 11:19:10,470 - sec_monitor - INFO - Processing filing 11/24: REGN
2025-04-29 11:19:41,519 - sec_monitor - INFO - ==================================================
2025-04-29 11:19:41,519 - sec_monitor - INFO - Processing first chunk
2025-04-29 11:19:41,519 - sec_monitor - INFO - Timestamp: 2025-04-29 11:19:41
2025-04-29 11:19:41,680 - sec_monitor - INFO - token percentage = 5%
2025-04-29 11:19:41,680 - sec_monitor - INFO - Making API call - Attempt 1/3
2025-04-29 11:19:41,681 - sec_monitor - INFO - Timestamp: 2025-04-29 11:19:41
2025-04-29 11:19:45,895 - sec_monitor - INFO - API call successful
2025-04-29 11:19:46,896 - sec_monitor - INFO - Processing filing 12/24: RCL
2025-04-29 11:20:17,752 - sec_monitor - INFO - ==================================================
2025-04-29 11:20:17,753 - sec_monitor - INFO - Processing first chunk
2025-04-29 11:20:17,753 - sec_monitor - INFO - Timestamp: 2025-04-29 11:20:17
2025-04-29 11:20:17,928 - sec_monitor - INFO - token percentage = 6%
2025-04-29 11:20:17,928 - sec_monitor - INFO - Making API call - Attempt 1/3
2025-04-29 11:20:17,928 - sec_monitor - INFO - Timestamp: 2025-04-29 11:20:17
2025-04-29 11:20:22,344 - sec_monitor - INFO - API call successful
2025-04-29 11:20:23,345 - sec_monitor - INFO - Processing filing 13/24: NXPI
2025-04-29 11:21:05,920 - sec_monitor - INFO - ==================================================
2025-04-29 11:21:05,920 - sec_monitor - INFO - Processing first chunk
2025-04-29 11:21:05,920 - sec_monitor - INFO - Timestamp: 2025-04-29 11:21:05
2025-04-29 11:21:06,715 - sec_monitor - INFO - token percentage = 50%
2025-04-29 11:21:06,715 - sec_monitor - INFO - Making API call - Attempt 1/3
2025-04-29 11:21:06,715 - sec_monitor - INFO - Timestamp: 2025-04-29 11:21:06
2025-04-29 11:21:24,692 - sec_monitor - INFO - API call successful
2025-04-29 11:21:54,723 - sec_monitor - INFO - ==================================================
2025-04-29 11:21:54,723 - sec_monitor - INFO - Processing middle chunk
2025-04-29 11:21:54,723 - sec_monitor - INFO - Timestamp: 2025-04-29 11:21:54
2025-04-29 11:21:55,533 - sec_monitor - INFO - token percentage = 51%
2025-04-29 11:21:55,533 - sec_monitor - INFO - Making API call - Attempt 1/3
2025-04-29 11:21:55,533 - sec_monitor - INFO - Timestamp: 2025-04-29 11:21:55
2025-04-29 11:22:14,023 - sec_monitor - INFO - API call successful
2025-04-29 11:22:44,054 - sec_monitor - INFO - ==================================================
2025-04-29 11:22:44,054 - sec_monitor - INFO - Processing last chunk
2025-04-29 11:22:44,054 - sec_monitor - INFO - Timestamp: 2025-04-29 11:22:44
2025-04-29 11:22:44,439 - sec_monitor - INFO - token percentage = 25%
2025-04-29 11:22:44,440 - sec_monitor - INFO - Making API call - Attempt 1/3
2025-04-29 11:22:44,440 - sec_monitor - INFO - Timestamp: 2025-04-29 11:22:44
2025-04-29 11:22:53,547 - sec_monitor - INFO - API call successful
2025-04-29 11:22:53,547 - sec_monitor - INFO - Making combine API call - Attempt 1/3
2025-04-29 11:22:53,547 - sec_monitor - INFO - Timestamp: 2025-04-29 11:22:53
2025-04-29 11:22:54,644 - sec_monitor - INFO - Combine API call successful
2025-04-29 11:22:55,646 - sec_monitor - INFO - Processing filing 14/24: UPS
2025-04-29 11:23:26,989 - sec_monitor - INFO - ==================================================
2025-04-29 11:23:26,989 - sec_monitor - INFO - Processing first chunk
2025-04-29 11:23:26,989 - sec_monitor - INFO - Timestamp: 2025-04-29 11:23:26
2025-04-29 11:23:27,176 - sec_monitor - INFO - token percentage = 8%
2025-04-29 11:23:27,176 - sec_monitor - INFO - Making API call - Attempt 1/3
2025-04-29 11:23:27,176 - sec_monitor - INFO - Timestamp: 2025-04-29 11:23:27
2025-04-29 11:23:31,415 - sec_monitor - INFO - API call successful
2025-04-29 11:23:32,416 - sec_monitor - INFO - Processing filing 15/24: HON
2025-04-29 11:24:03,563 - sec_monitor - INFO - ==================================================
2025-04-29 11:24:03,563 - sec_monitor - INFO - Processing first chunk
2025-04-29 11:24:03,563 - sec_monitor - INFO - Timestamp: 2025-04-29 11:24:03
2025-04-29 11:24:03,734 - sec_monitor - INFO - token percentage = 8%
2025-04-29 11:24:03,735 - sec_monitor - INFO - Making API call - Attempt 1/3
2025-04-29 11:24:03,735 - sec_monitor - INFO - Timestamp: 2025-04-29 11:24:03
2025-04-29 11:24:08,014 - sec_monitor - INFO - API call successful
2025-04-29 11:24:09,016 - sec_monitor - INFO - Processing filing 16/24: HLT
2025-04-29 11:24:46,746 - sec_monitor - INFO - ==================================================
2025-04-29 11:24:46,746 - sec_monitor - INFO - Processing first chunk
2025-04-29 11:24:46,746 - sec_monitor - INFO - Timestamp: 2025-04-29 11:24:46
2025-04-29 11:24:47,152 - sec_monitor - INFO - token percentage = 50%
2025-04-29 11:24:47,153 - sec_monitor - INFO - Making API call - Attempt 1/3
2025-04-29 11:24:47,153 - sec_monitor - INFO - Timestamp: 2025-04-29 11:24:47
2025-04-29 11:25:05,150 - sec_monitor - INFO - API call successful
2025-04-29 11:25:35,172 - sec_monitor - INFO - ==================================================
2025-04-29 11:25:35,172 - sec_monitor - INFO - Processing last chunk
2025-04-29 11:25:35,172 - sec_monitor - INFO - Timestamp: 2025-04-29 11:25:35
2025-04-29 11:25:35,449 - sec_monitor - INFO - token percentage = 37%
2025-04-29 11:25:35,449 - sec_monitor - INFO - Making API call - Attempt 1/3
2025-04-29 11:25:35,449 - sec_monitor - INFO - Timestamp: 2025-04-29 11:25:35
2025-04-29 11:25:48,116 - sec_monitor - INFO - API call successful
2025-04-29 11:25:48,116 - sec_monitor - INFO - Making combine API call - Attempt 1/3
2025-04-29 11:25:48,116 - sec_monitor - INFO - Timestamp: 2025-04-29 11:25:48
2025-04-29 11:25:49,016 - sec_monitor - INFO - Combine API call successful
2025-04-29 11:25:50,017 - sec_monitor - INFO - Processing filing 17/24: NWS
2025-04-29 11:26:20,743 - sec_monitor - INFO - ==================================================
2025-04-29 11:26:20,743 - sec_monitor - INFO - Processing first chunk
2025-04-29 11:26:20,744 - sec_monitor - INFO - Timestamp: 2025-04-29 11:26:20
2025-04-29 11:26:20,899 - sec_monitor - INFO - token percentage = 7%
2025-04-29 11:26:20,899 - sec_monitor - INFO - Making API call - Attempt 1/3
2025-04-29 11:26:20,900 - sec_monitor - INFO - Timestamp: 2025-04-29 11:26:20
2025-04-29 11:26:25,289 - sec_monitor - INFO - API call successful
2025-04-29 11:26:26,291 - sec_monitor - INFO - Processing filing 18/24: AEE
2025-04-29 11:26:56,720 - sec_monitor - INFO - ==================================================
2025-04-29 11:26:56,721 - sec_monitor - INFO - Processing first chunk
2025-04-29 11:26:56,721 - sec_monitor - INFO - Timestamp: 2025-04-29 11:26:56
2025-04-29 11:26:56,870 - sec_monitor - INFO - token percentage = 3%
2025-04-29 11:26:56,871 - sec_monitor - INFO - Making API call - Attempt 1/3
2025-04-29 11:26:56,871 - sec_monitor - INFO - Timestamp: 2025-04-29 11:26:56
2025-04-29 11:26:58,512 - sec_monitor - INFO - API call successful
2025-04-29 11:26:59,513 - sec_monitor - INFO - Processing filing 19/24: IPG
2025-04-29 11:28:16,838 - sec_monitor - INFO - ==================================================
2025-04-29 11:28:16,838 - sec_monitor - INFO - Processing first chunk
2025-04-29 11:28:16,838 - sec_monitor - INFO - Timestamp: 2025-04-29 11:28:16
2025-04-29 11:28:17,196 - sec_monitor - INFO - token percentage = 47%
2025-04-29 11:28:17,196 - sec_monitor - INFO - Making API call - Attempt 1/3
2025-04-29 11:28:17,196 - sec_monitor - INFO - Timestamp: 2025-04-29 11:28:17
2025-04-29 11:28:34,319 - sec_monitor - INFO - API call successful
2025-04-29 11:29:04,327 - sec_monitor - INFO - ==================================================
2025-04-29 11:29:04,327 - sec_monitor - INFO - Processing middle chunk
2025-04-29 11:29:04,328 - sec_monitor - INFO - Timestamp: 2025-04-29 11:29:04
2025-04-29 11:29:04,658 - sec_monitor - INFO - token percentage = 51%
2025-04-29 11:29:04,659 - sec_monitor - INFO - Making API call - Attempt 1/3
2025-04-29 11:29:04,659 - sec_monitor - INFO - Timestamp: 2025-04-29 11:29:04
2025-04-29 11:29:22,187 - sec_monitor - INFO - API call successful
2025-04-29 11:29:52,218 - sec_monitor - INFO - ==================================================
2025-04-29 11:29:52,218 - sec_monitor - INFO - Processing middle chunk
2025-04-29 11:29:52,218 - sec_monitor - INFO - Timestamp: 2025-04-29 11:29:52
2025-04-29 11:29:52,518 - sec_monitor - INFO - token percentage = 51%
2025-04-29 11:29:52,519 - sec_monitor - INFO - Making API call - Attempt 1/3
2025-04-29 11:29:52,519 - sec_monitor - INFO - Timestamp: 2025-04-29 11:29:52
2025-04-29 11:30:09,970 - sec_monitor - INFO - API call successful
2025-04-29 11:30:40,001 - sec_monitor - INFO - ==================================================
2025-04-29 11:30:40,001 - sec_monitor - INFO - Processing middle chunk
2025-04-29 11:30:40,001 - sec_monitor - INFO - Timestamp: 2025-04-29 11:30:40
2025-04-29 11:30:40,379 - sec_monitor - INFO - token percentage = 51%
2025-04-29 11:30:40,380 - sec_monitor - INFO - Making API call - Attempt 1/3
2025-04-29 11:30:40,380 - sec_monitor - INFO - Timestamp: 2025-04-29 11:30:40
2025-04-29 11:30:57,804 - sec_monitor - INFO - API call successful
2025-04-29 11:31:27,827 - sec_monitor - INFO - ==================================================
2025-04-29 11:31:27,828 - sec_monitor - INFO - Processing middle chunk
2025-04-29 11:31:27,828 - sec_monitor - INFO - Timestamp: 2025-04-29 11:31:27
2025-04-29 11:31:28,175 - sec_monitor - INFO - token percentage = 51%
2025-04-29 11:31:28,175 - sec_monitor - INFO - Making API call - Attempt 1/3
2025-04-29 11:31:28,175 - sec_monitor - INFO - Timestamp: 2025-04-29 11:31:28
2025-04-29 11:31:45,689 - sec_monitor - INFO - API call successful
2025-04-29 11:32:15,718 - sec_monitor - INFO - ==================================================
2025-04-29 11:32:15,718 - sec_monitor - INFO - Processing middle chunk
2025-04-29 11:32:15,718 - sec_monitor - INFO - Timestamp: 2025-04-29 11:32:15
2025-04-29 11:32:16,061 - sec_monitor - INFO - token percentage = 50%
2025-04-29 11:32:16,061 - sec_monitor - INFO - Making API call - Attempt 1/3
2025-04-29 11:32:16,062 - sec_monitor - INFO - Timestamp: 2025-04-29 11:32:16
2025-04-29 11:32:32,927 - sec_monitor - INFO - API call successful
2025-04-29 11:33:02,949 - sec_monitor - INFO - ==================================================
2025-04-29 11:33:02,950 - sec_monitor - INFO - Processing middle chunk
2025-04-29 11:33:02,950 - sec_monitor - INFO - Timestamp: 2025-04-29 11:33:02
2025-04-29 11:33:03,324 - sec_monitor - INFO - token percentage = 49%
2025-04-29 11:33:03,324 - sec_monitor - INFO - Making API call - Attempt 1/3
2025-04-29 11:33:03,324 - sec_monitor - INFO - Timestamp: 2025-04-29 11:33:03
2025-04-29 11:33:20,120 - sec_monitor - INFO - API call successful
2025-04-29 11:33:50,126 - sec_monitor - INFO - ==================================================
2025-04-29 11:33:50,126 - sec_monitor - INFO - Processing last chunk
2025-04-29 11:33:50,126 - sec_monitor - INFO - Timestamp: 2025-04-29 11:33:50
2025-04-29 11:33:50,208 - sec_monitor - INFO - token percentage = 1%
2025-04-29 11:33:50,208 - sec_monitor - INFO - Making API call - Attempt 1/3
2025-04-29 11:33:50,208 - sec_monitor - INFO - Timestamp: 2025-04-29 11:33:50
2025-04-29 11:33:51,241 - sec_monitor - INFO - API call successful
2025-04-29 11:33:51,241 - sec_monitor - INFO - Making combine API call - Attempt 1/3
2025-04-29 11:33:51,241 - sec_monitor - INFO - Timestamp: 2025-04-29 11:33:51
2025-04-29 11:33:52,278 - sec_monitor - INFO - Combine API call successful
2025-04-29 11:33:53,279 - sec_monitor - INFO - Processing filing 20/24: WM
2025-04-29 11:34:24,603 - sec_monitor - INFO - ==================================================
2025-04-29 11:34:24,604 - sec_monitor - INFO - Processing first chunk
2025-04-29 11:34:24,604 - sec_monitor - INFO - Timestamp: 2025-04-29 11:34:24
2025-04-29 11:34:24,798 - sec_monitor - INFO - token percentage = 7%
2025-04-29 11:34:24,798 - sec_monitor - INFO - Making API call - Attempt 1/3
2025-04-29 11:34:24,798 - sec_monitor - INFO - Timestamp: 2025-04-29 11:34:24
2025-04-29 11:34:29,358 - sec_monitor - INFO - API call successful
2025-04-29 11:34:30,360 - sec_monitor - INFO - Processing filing 21/24: STZ
2025-04-29 11:35:02,315 - sec_monitor - INFO - ==================================================
2025-04-29 11:35:02,316 - sec_monitor - INFO - Processing first chunk
2025-04-29 11:35:02,316 - sec_monitor - INFO - Timestamp: 2025-04-29 11:35:02
2025-04-29 11:35:02,875 - sec_monitor - INFO - token percentage = 21%
2025-04-29 11:35:02,876 - sec_monitor - INFO - Making API call - Attempt 1/3
2025-04-29 11:35:02,876 - sec_monitor - INFO - Timestamp: 2025-04-29 11:35:02
2025-04-29 11:35:11,490 - sec_monitor - INFO - API call successful
2025-04-29 11:35:12,492 - sec_monitor - INFO - Processing filing 22/24: BRO
2025-04-29 11:36:03,055 - sec_monitor - INFO - ==================================================
2025-04-29 11:36:03,055 - sec_monitor - INFO - Processing first chunk
2025-04-29 11:36:03,056 - sec_monitor - INFO - Timestamp: 2025-04-29 11:36:03
2025-04-29 11:36:04,105 - sec_monitor - INFO - token percentage = 42%
2025-04-29 11:36:04,106 - sec_monitor - INFO - Making API call - Attempt 1/3
2025-04-29 11:36:04,106 - sec_monitor - INFO - Timestamp: 2025-04-29 11:36:04
2025-04-29 11:36:19,714 - sec_monitor - INFO - API call successful
2025-04-29 11:36:49,730 - sec_monitor - INFO - ==================================================
2025-04-29 11:36:49,730 - sec_monitor - INFO - Processing middle chunk
2025-04-29 11:36:49,730 - sec_monitor - INFO - Timestamp: 2025-04-29 11:36:49
2025-04-29 11:36:50,681 - sec_monitor - INFO - token percentage = 50%
2025-04-29 11:36:50,681 - sec_monitor - INFO - Making API call - Attempt 1/3
2025-04-29 11:36:50,681 - sec_monitor - INFO - Timestamp: 2025-04-29 11:36:50
2025-04-29 11:37:08,515 - sec_monitor - INFO - API call successful
2025-04-29 11:37:38,527 - sec_monitor - INFO - ==================================================
2025-04-29 11:37:38,527 - sec_monitor - INFO - Processing middle chunk
2025-04-29 11:37:38,528 - sec_monitor - INFO - Timestamp: 2025-04-29 11:37:38
2025-04-29 11:37:39,373 - sec_monitor - INFO - token percentage = 61%
2025-04-29 11:37:39,373 - sec_monitor - INFO - Making API call - Attempt 1/3
2025-04-29 11:37:39,373 - sec_monitor - INFO - Timestamp: 2025-04-29 11:37:39
2025-04-29 11:38:01,292 - sec_monitor - INFO - API call successful
2025-04-29 11:38:31,303 - sec_monitor - INFO - ==================================================
2025-04-29 11:38:31,303 - sec_monitor - INFO - Processing last chunk
2025-04-29 11:38:31,304 - sec_monitor - INFO - Timestamp: 2025-04-29 11:38:31
2025-04-29 11:38:32,112 - sec_monitor - INFO - token percentage = 40%
2025-04-29 11:38:32,112 - sec_monitor - INFO - Making API call - Attempt 1/3
2025-04-29 11:38:32,112 - sec_monitor - INFO - Timestamp: 2025-04-29 11:38:32
2025-04-29 11:38:47,839 - sec_monitor - INFO - API call successful
2025-04-29 11:38:47,840 - sec_monitor - INFO - Making combine API call - Attempt 1/3
2025-04-29 11:38:47,840 - sec_monitor - INFO - Timestamp: 2025-04-29 11:38:47
2025-04-29 11:38:48,977 - sec_monitor - INFO - Combine API call successful
2025-04-29 11:38:49,979 - sec_monitor - INFO - Processing filing 23/24: BRO
2025-04-29 11:39:21,062 - sec_monitor - INFO - ==================================================
2025-04-29 11:39:21,062 - sec_monitor - INFO - Processing first chunk
2025-04-29 11:39:21,062 - sec_monitor - INFO - Timestamp: 2025-04-29 11:39:21
2025-04-29 11:39:21,275 - sec_monitor - INFO - token percentage = 10%
2025-04-29 11:39:21,275 - sec_monitor - INFO - Making API call - Attempt 1/3
2025-04-29 11:39:21,275 - sec_monitor - INFO - Timestamp: 2025-04-29 11:39:21
2025-04-29 11:39:25,798 - sec_monitor - INFO - API call successful
2025-04-29 11:39:26,799 - sec_monitor - INFO - Processing filing 24/24: NUE
2025-04-29 11:41:47,729 - sec_monitor - INFO - ==================================================
2025-04-29 11:41:47,729 - sec_monitor - INFO - Processing first chunk
2025-04-29 11:41:47,729 - sec_monitor - INFO - Timestamp: 2025-04-29 11:41:47
2025-04-29 11:41:48,055 - sec_monitor - INFO - token percentage = 48%
2025-04-29 11:41:48,055 - sec_monitor - INFO - Making API call - Attempt 1/3
2025-04-29 11:41:48,055 - sec_monitor - INFO - Timestamp: 2025-04-29 11:41:48
2025-04-29 11:42:04,910 - sec_monitor - INFO - API call successful
2025-04-29 11:42:34,927 - sec_monitor - INFO - ==================================================
2025-04-29 11:42:34,927 - sec_monitor - INFO - Processing middle chunk
2025-04-29 11:42:34,928 - sec_monitor - INFO - Timestamp: 2025-04-29 11:42:34
2025-04-29 11:42:35,224 - sec_monitor - INFO - token percentage = 50%
2025-04-29 11:42:35,224 - sec_monitor - INFO - Making API call - Attempt 1/3
2025-04-29 11:42:35,224 - sec_monitor - INFO - Timestamp: 2025-04-29 11:42:35
2025-04-29 11:42:52,518 - sec_monitor - INFO - API call successful
2025-04-29 11:43:22,548 - sec_monitor - INFO - ==================================================
2025-04-29 11:43:22,548 - sec_monitor - INFO - Processing middle chunk
2025-04-29 11:43:22,548 - sec_monitor - INFO - Timestamp: 2025-04-29 11:43:22
2025-04-29 11:43:22,880 - sec_monitor - INFO - token percentage = 50%
2025-04-29 11:43:22,880 - sec_monitor - INFO - Making API call - Attempt 1/3
2025-04-29 11:43:22,880 - sec_monitor - INFO - Timestamp: 2025-04-29 11:43:22
2025-04-29 11:43:39,893 - sec_monitor - INFO - API call successful
2025-04-29 11:44:09,924 - sec_monitor - INFO - ==================================================
2025-04-29 11:44:09,924 - sec_monitor - INFO - Processing middle chunk
2025-04-29 11:44:09,924 - sec_monitor - INFO - Timestamp: 2025-04-29 11:44:09
2025-04-29 11:44:10,244 - sec_monitor - INFO - token percentage = 50%
2025-04-29 11:44:10,244 - sec_monitor - INFO - Making API call - Attempt 1/3
2025-04-29 11:44:10,244 - sec_monitor - INFO - Timestamp: 2025-04-29 11:44:10
2025-04-29 11:44:27,113 - sec_monitor - INFO - API call successful
2025-04-29 11:44:57,144 - sec_monitor - INFO - ==================================================
2025-04-29 11:44:57,144 - sec_monitor - INFO - Processing middle chunk
2025-04-29 11:44:57,144 - sec_monitor - INFO - Timestamp: 2025-04-29 11:44:57
2025-04-29 11:44:57,513 - sec_monitor - INFO - token percentage = 50%
2025-04-29 11:44:57,513 - sec_monitor - INFO - Making API call - Attempt 1/3
2025-04-29 11:44:57,513 - sec_monitor - INFO - Timestamp: 2025-04-29 11:44:57
2025-04-29 11:45:14,947 - sec_monitor - INFO - API call successful
2025-04-29 11:45:44,969 - sec_monitor - INFO - ==================================================
2025-04-29 11:45:44,969 - sec_monitor - INFO - Processing middle chunk
2025-04-29 11:45:44,969 - sec_monitor - INFO - Timestamp: 2025-04-29 11:45:44
2025-04-29 11:45:45,366 - sec_monitor - INFO - token percentage = 50%
2025-04-29 11:45:45,366 - sec_monitor - INFO - Making API call - Attempt 1/3
2025-04-29 11:45:45,366 - sec_monitor - INFO - Timestamp: 2025-04-29 11:45:45
2025-04-29 11:46:02,932 - sec_monitor - INFO - API call successful
2025-04-29 11:46:32,963 - sec_monitor - INFO - ==================================================
2025-04-29 11:46:32,963 - sec_monitor - INFO - Processing middle chunk
2025-04-29 11:46:32,963 - sec_monitor - INFO - Timestamp: 2025-04-29 11:46:32
2025-04-29 11:46:33,258 - sec_monitor - INFO - token percentage = 50%
2025-04-29 11:46:33,258 - sec_monitor - INFO - Making API call - Attempt 1/3
2025-04-29 11:46:33,259 - sec_monitor - INFO - Timestamp: 2025-04-29 11:46:33
2025-04-29 11:46:50,801 - sec_monitor - INFO - API call successful
2025-04-29 11:47:20,822 - sec_monitor - INFO - ==================================================
2025-04-29 11:47:20,822 - sec_monitor - INFO - Processing middle chunk
2025-04-29 11:47:20,822 - sec_monitor - INFO - Timestamp: 2025-04-29 11:47:20
2025-04-29 11:47:21,176 - sec_monitor - INFO - token percentage = 50%
2025-04-29 11:47:21,176 - sec_monitor - INFO - Making API call - Attempt 1/3
2025-04-29 11:47:21,177 - sec_monitor - INFO - Timestamp: 2025-04-29 11:47:21
2025-04-29 11:47:38,386 - sec_monitor - INFO - API call successful
2025-04-29 11:48:08,407 - sec_monitor - INFO - ==================================================
2025-04-29 11:48:08,407 - sec_monitor - INFO - Processing middle chunk
2025-04-29 11:48:08,407 - sec_monitor - INFO - Timestamp: 2025-04-29 11:48:08
2025-04-29 11:48:08,689 - sec_monitor - INFO - token percentage = 50%
2025-04-29 11:48:08,690 - sec_monitor - INFO - Making API call - Attempt 1/3
2025-04-29 11:48:08,690 - sec_monitor - INFO - Timestamp: 2025-04-29 11:48:08
2025-04-29 11:48:26,240 - sec_monitor - INFO - API call successful
2025-04-29 11:48:56,270 - sec_monitor - INFO - ==================================================
2025-04-29 11:48:56,270 - sec_monitor - INFO - Processing middle chunk
2025-04-29 11:48:56,270 - sec_monitor - INFO - Timestamp: 2025-04-29 11:48:56
2025-04-29 11:48:56,660 - sec_monitor - INFO - token percentage = 51%
2025-04-29 11:48:56,661 - sec_monitor - INFO - Making API call - Attempt 1/3
2025-04-29 11:48:56,661 - sec_monitor - INFO - Timestamp: 2025-04-29 11:48:56
2025-04-29 11:49:14,136 - sec_monitor - INFO - API call successful
2025-04-29 11:49:44,166 - sec_monitor - INFO - ==================================================
2025-04-29 11:49:44,166 - sec_monitor - INFO - Processing middle chunk
2025-04-29 11:49:44,167 - sec_monitor - INFO - Timestamp: 2025-04-29 11:49:44
2025-04-29 11:49:44,487 - sec_monitor - INFO - token percentage = 49%
2025-04-29 11:49:44,487 - sec_monitor - INFO - Making API call - Attempt 1/3
2025-04-29 11:49:44,487 - sec_monitor - INFO - Timestamp: 2025-04-29 11:49:44
2025-04-29 11:50:00,797 - sec_monitor - INFO - API call successful
2025-04-29 11:50:30,812 - sec_monitor - INFO - ==================================================
2025-04-29 11:50:30,812 - sec_monitor - INFO - Processing last chunk
2025-04-29 11:50:30,812 - sec_monitor - INFO - Timestamp: 2025-04-29 11:50:30
2025-04-29 11:50:31,112 - sec_monitor - INFO - token percentage = 49%
2025-04-29 11:50:31,113 - sec_monitor - INFO - Making API call - Attempt 1/3
2025-04-29 11:50:31,113 - sec_monitor - INFO - Timestamp: 2025-04-29 11:50:31
2025-04-29 11:50:47,824 - sec_monitor - INFO - API call successful
2025-04-29 11:50:47,825 - sec_monitor - INFO - Making combine API call - Attempt 1/3
2025-04-29 11:50:47,825 - sec_monitor - INFO - Timestamp: 2025-04-29 11:50:47
2025-04-29 11:50:48,684 - sec_monitor - INFO - Combine API call successful
2025-04-29 11:50:49,686 - sec_monitor - INFO - Fetching supplementary data...
2025-04-29 11:50:50,175 - sec_monitor - INFO - filing_tickers type: <class 'list'>
2025-04-29 11:50:50,175 - sec_monitor - INFO - filing_data type: <class 'list'>
2025-04-29 11:50:50,175 - sec_monitor - INFO - Market open: False
2025-04-29 11:50:50,175 - sec_monitor - INFO - Number of filing times mapped: 22
2025-04-29 11:50:50,185 - sec_monitor - INFO - Last trading day: 2025-04-29
2025-04-29 11:50:50,185 - sec_monitor - INFO - Processing ticker: INCY
2025-04-29 11:50:50,659 - sec_monitor - INFO - Number of bars for INCY: 3
2025-04-29 11:50:50,659 - sec_monitor - INFO - Last bar close for INCY: 59.46
2025-04-29 11:50:50,659 - sec_monitor - INFO - Outside market hours price for INCY: 59.46
2025-04-29 11:50:50,659 - sec_monitor - INFO - Processing ticker: XYL
2025-04-29 11:50:50,727 - sec_monitor - INFO - Number of bars for XYL: 3
2025-04-29 11:50:50,727 - sec_monitor - INFO - Last bar close for XYL: 115.82
2025-04-29 11:50:50,728 - sec_monitor - INFO - Outside market hours price for XYL: 115.82
2025-04-29 11:50:50,728 - sec_monitor - INFO - Processing ticker: AMT
2025-04-29 11:50:50,745 - sec_monitor - INFO - Number of bars for AMT: 3
2025-04-29 11:50:50,745 - sec_monitor - INFO - Last bar close for AMT: 211.02
2025-04-29 11:50:50,745 - sec_monitor - INFO - Outside market hours price for AMT: 211.02
2025-04-29 11:50:50,745 - sec_monitor - INFO - Processing ticker: MO
2025-04-29 11:50:50,762 - sec_monitor - INFO - Number of bars for MO: 3
2025-04-29 11:50:50,762 - sec_monitor - INFO - Last bar close for MO: 58.185
2025-04-29 11:50:50,762 - sec_monitor - INFO - Outside market hours price for MO: 58.185
2025-04-29 11:50:50,763 - sec_monitor - INFO - Processing ticker: KHC
2025-04-29 11:50:50,777 - sec_monitor - INFO - Number of bars for KHC: 3
2025-04-29 11:50:50,777 - sec_monitor - INFO - Last bar close for KHC: 28.78
2025-04-29 11:50:50,778 - sec_monitor - INFO - Outside market hours price for KHC: 28.78
2025-04-29 11:50:50,778 - sec_monitor - INFO - Processing ticker: PYPL
2025-04-29 11:50:50,791 - sec_monitor - INFO - Number of bars for PYPL: 3
2025-04-29 11:50:50,791 - sec_monitor - INFO - Last bar close for PYPL: 64.91
2025-04-29 11:50:50,791 - sec_monitor - INFO - Outside market hours price for PYPL: 64.91
2025-04-29 11:50:50,791 - sec_monitor - INFO - Processing ticker: KO
2025-04-29 11:50:50,808 - sec_monitor - INFO - Number of bars for KO: 3
2025-04-29 11:50:50,808 - sec_monitor - INFO - Last bar close for KO: 71.73
2025-04-29 11:50:50,808 - sec_monitor - INFO - Outside market hours price for KO: 71.73
2025-04-29 11:50:50,808 - sec_monitor - INFO - Processing ticker: AOS
2025-04-29 11:50:50,824 - sec_monitor - INFO - Number of bars for AOS: 3
2025-04-29 11:50:50,824 - sec_monitor - INFO - Last bar close for AOS: 64.79
2025-04-29 11:50:50,824 - sec_monitor - INFO - Outside market hours price for AOS: 64.79
2025-04-29 11:50:50,824 - sec_monitor - INFO - Processing ticker: LH
2025-04-29 11:50:50,840 - sec_monitor - INFO - Number of bars for LH: 3
2025-04-29 11:50:50,840 - sec_monitor - INFO - Last bar close for LH: 230.13
2025-04-29 11:50:50,840 - sec_monitor - INFO - Outside market hours price for LH: 230.13
2025-04-29 11:50:50,840 - sec_monitor - INFO - Processing ticker: REGN
2025-04-29 11:50:50,855 - sec_monitor - INFO - Number of bars for REGN: 3
2025-04-29 11:50:50,855 - sec_monitor - INFO - Last bar close for REGN: 611.36
2025-04-29 11:50:50,855 - sec_monitor - INFO - Outside market hours price for REGN: 611.36
2025-04-29 11:50:50,855 - sec_monitor - INFO - Processing ticker: REGN
2025-04-29 11:50:50,869 - sec_monitor - INFO - Number of bars for REGN: 3
2025-04-29 11:50:50,869 - sec_monitor - INFO - Last bar close for REGN: 611.36
2025-04-29 11:50:50,869 - sec_monitor - INFO - Outside market hours price for REGN: 611.36
2025-04-29 11:50:50,869 - sec_monitor - INFO - Processing ticker: RCL
2025-04-29 11:50:50,883 - sec_monitor - INFO - Number of bars for RCL: 3
2025-04-29 11:50:50,883 - sec_monitor - INFO - Last bar close for RCL: 216.49
2025-04-29 11:50:50,883 - sec_monitor - INFO - Outside market hours price for RCL: 216.49
2025-04-29 11:50:50,883 - sec_monitor - INFO - Processing ticker: NXPI
2025-04-29 11:50:50,902 - sec_monitor - INFO - Number of bars for NXPI: 3
2025-04-29 11:50:50,902 - sec_monitor - INFO - Last bar close for NXPI: 196.49
2025-04-29 11:50:50,902 - sec_monitor - INFO - Outside market hours price for NXPI: 196.49
2025-04-29 11:50:50,903 - sec_monitor - INFO - Processing ticker: UPS
2025-04-29 11:50:50,922 - sec_monitor - INFO - Number of bars for UPS: 3
2025-04-29 11:50:50,922 - sec_monitor - INFO - Last bar close for UPS: 97.08
2025-04-29 11:50:50,922 - sec_monitor - INFO - Outside market hours price for UPS: 97.08
2025-04-29 11:50:50,922 - sec_monitor - INFO - Processing ticker: HON
2025-04-29 11:50:50,935 - sec_monitor - INFO - Number of bars for HON: 3
2025-04-29 11:50:50,935 - sec_monitor - INFO - Last bar close for HON: 200.57
2025-04-29 11:50:50,935 - sec_monitor - INFO - Outside market hours price for HON: 200.57
2025-04-29 11:50:50,936 - sec_monitor - INFO - Processing ticker: HLT
2025-04-29 11:50:50,949 - sec_monitor - INFO - Number of bars for HLT: 3
2025-04-29 11:50:50,949 - sec_monitor - INFO - Last bar close for HLT: 221.605
2025-04-29 11:50:50,949 - sec_monitor - INFO - Outside market hours price for HLT: 221.605
2025-04-29 11:50:50,950 - sec_monitor - INFO - Processing ticker: NWS
2025-04-29 11:50:50,969 - sec_monitor - INFO - Number of bars for NWS: 4
2025-04-29 11:50:50,969 - sec_monitor - INFO - Last bar close for NWS: 31.26
2025-04-29 11:50:50,970 - sec_monitor - INFO - Outside market hours price for NWS: 31.26
2025-04-29 11:50:50,970 - sec_monitor - INFO - Processing ticker: AEE
2025-04-29 11:50:50,987 - sec_monitor - INFO - Number of bars for AEE: 4
2025-04-29 11:50:50,988 - sec_monitor - INFO - Last bar close for AEE: 98.86
2025-04-29 11:50:50,988 - sec_monitor - INFO - Outside market hours price for AEE: 98.86
2025-04-29 11:50:50,988 - sec_monitor - INFO - Processing ticker: IPG
2025-04-29 11:50:51,003 - sec_monitor - INFO - Number of bars for IPG: 4
2025-04-29 11:50:51,004 - sec_monitor - INFO - Last bar close for IPG: 24.8
2025-04-29 11:50:51,004 - sec_monitor - INFO - Outside market hours price for IPG: 24.8
2025-04-29 11:50:51,004 - sec_monitor - INFO - Processing ticker: WM
2025-04-29 11:50:51,074 - sec_monitor - INFO - Number of bars for WM: 4
2025-04-29 11:50:51,074 - sec_monitor - INFO - Last bar close for WM: 228.96
2025-04-29 11:50:51,074 - sec_monitor - INFO - Outside market hours price for WM: 228.96
2025-04-29 11:50:51,074 - sec_monitor - INFO - Processing ticker: STZ
2025-04-29 11:50:51,089 - sec_monitor - INFO - Number of bars for STZ: 4
2025-04-29 11:50:51,089 - sec_monitor - INFO - Last bar close for STZ: 185.92
2025-04-29 11:50:51,089 - sec_monitor - INFO - Outside market hours price for STZ: 185.92
2025-04-29 11:50:51,089 - sec_monitor - INFO - Processing ticker: BRO
2025-04-29 11:50:51,106 - sec_monitor - INFO - Number of bars for BRO: 4
2025-04-29 11:50:51,106 - sec_monitor - INFO - Last bar close for BRO: 114.87
2025-04-29 11:50:51,106 - sec_monitor - INFO - Outside market hours price for BRO: 114.87
2025-04-29 11:50:51,106 - sec_monitor - INFO - Processing ticker: BRO
2025-04-29 11:50:51,123 - sec_monitor - INFO - Number of bars for BRO: 4
2025-04-29 11:50:51,123 - sec_monitor - INFO - Last bar close for BRO: 114.87
2025-04-29 11:50:51,123 - sec_monitor - INFO - Outside market hours price for BRO: 114.87
2025-04-29 11:50:51,123 - sec_monitor - INFO - Processing ticker: NUE
2025-04-29 11:50:51,144 - sec_monitor - INFO - Number of bars for NUE: 4
2025-04-29 11:50:51,144 - sec_monitor - INFO - Last bar close for NUE: 116.65
2025-04-29 11:50:51,144 - sec_monitor - INFO - Outside market hours price for NUE: 116.65
2025-04-29 11:50:57,514 - sec_monitor - INFO - Generating final output...
2025-04-29 11:50:57,515 - sec_monitor - INFO - Successfully saved/merged output to output/sec_filings.json
2025-04-29 11:50:57,515 - sec_monitor - INFO - Processing complete. Stats: {'input_words': 1479825, 'output_words': 1838, 'filings_processed': 24}
