2025-08-18 11:10:59,493 - sec_monitor - INFO - Starting SEC filing monitor 
2025-08-18 11:10:59,493 - sec_monitor - INFO - Loading S&P 500 data...
2025-08-18 11:10:59,493 - sec_monitor - INFO - Starting S&P 500 data initialization
2025-08-18 11:10:59,494 - sec_monitor - INFO - Successfully loaded 503 S&P 500 tickers
2025-08-18 11:10:59,494 - sec_monitor - INFO - Successfully loaded 503 S&P 500 tickers
2025-08-18 11:10:59,494 - sec_monitor - INFO - Initializing components...
2025-08-18 11:10:59,494 - sec_monitor - INFO - Initializing components
2025-08-18 11:10:59,494 - sec_monitor - INFO - SEC fetcher initialized
2025-08-18 11:10:59,494 - sec_monitor - INFO - Filing analyzer initialized
2025-08-18 11:10:59,495 - sec_monitor - INFO - Alpaca clients initialized
2025-08-18 11:10:59,495 - sec_monitor - INFO - All components initialized successfully
2025-08-18 11:10:59,496 - sec_monitor - INFO - Found old JSON file, archiving
2025-08-18 11:10:59,496 - sec_monitor - INFO - Starting new filing collection for today
2025-08-18 11:10:59,496 - sec_monitor - INFO - Fetching SEC filings...
2025-08-18 11:11:32,434 - sec_monitor - INFO - Reached old filing, stopping. Found 0 total filings
2025-08-18 11:11:32,435 - sec_monitor - INFO - Found 0 new interesting filings
2025-08-18 11:11:32,435 - sec_monitor - INFO - No new filings to process
2025-08-18 12:46:28,408 - sec_monitor - INFO - Starting SEC filing monitor 
2025-08-18 12:46:28,408 - sec_monitor - INFO - Loading S&P 500 data...
2025-08-18 12:46:28,408 - sec_monitor - INFO - Starting S&P 500 data initialization
2025-08-18 12:46:28,409 - sec_monitor - INFO - Successfully loaded 503 S&P 500 tickers
2025-08-18 12:46:28,409 - sec_monitor - INFO - Successfully loaded 503 S&P 500 tickers
2025-08-18 12:46:28,409 - sec_monitor - INFO - Initializing components...
2025-08-18 12:46:28,409 - sec_monitor - INFO - Initializing components
2025-08-18 12:46:28,409 - sec_monitor - INFO - SEC fetcher initialized
2025-08-18 12:46:28,409 - sec_monitor - INFO - Filing analyzer initialized
2025-08-18 12:46:28,410 - sec_monitor - INFO - Alpaca clients initialized
2025-08-18 12:46:28,410 - sec_monitor - INFO - All components initialized successfully
2025-08-18 12:46:28,410 - sec_monitor - INFO - No existing JSON file found
2025-08-18 12:46:28,410 - sec_monitor - INFO - Starting new filing collection for today
2025-08-18 12:46:28,410 - sec_monitor - INFO - Fetching SEC filings...
2025-08-18 12:46:30,044 - sec_monitor - INFO - Reached old filing, stopping. Found 6 total filings
2025-08-18 12:46:30,044 - sec_monitor - INFO - Found 2 new interesting filings
2025-08-18 12:46:30,044 - sec_monitor - INFO - Found 2 new filings to process
2025-08-18 12:46:30,044 - sec_monitor - INFO - Processing filing 1/2: AJG
2025-08-18 12:47:00,560 - sec_monitor - INFO - ==================================================
2025-08-18 12:47:00,560 - sec_monitor - INFO - Processing first chunk
2025-08-18 12:47:00,561 - sec_monitor - INFO - Timestamp: 2025-08-18 12:47:00
2025-08-18 12:47:00,722 - sec_monitor - INFO - token percentage = 3%
2025-08-18 12:47:00,723 - sec_monitor - INFO - Making API call - Attempt 1/3
2025-08-18 12:47:00,723 - sec_monitor - INFO - Timestamp: 2025-08-18 12:47:00
2025-08-18 12:47:03,579 - sec_monitor - INFO - API call successful
2025-08-18 12:47:04,580 - sec_monitor - INFO - Processing filing 2/2: TRMB
2025-08-18 12:47:35,148 - sec_monitor - INFO - ==================================================
2025-08-18 12:47:35,148 - sec_monitor - INFO - Processing first chunk
2025-08-18 12:47:35,148 - sec_monitor - INFO - Timestamp: 2025-08-18 12:47:35
2025-08-18 12:47:35,258 - sec_monitor - INFO - token percentage = 2%
2025-08-18 12:47:35,259 - sec_monitor - INFO - Making API call - Attempt 1/3
2025-08-18 12:47:35,259 - sec_monitor - INFO - Timestamp: 2025-08-18 12:47:35
2025-08-18 12:47:38,022 - sec_monitor - INFO - API call successful
2025-08-18 12:47:39,024 - sec_monitor - INFO - Fetching supplementary data...
2025-08-18 12:47:39,365 - sec_monitor - INFO - filing_tickers type: <class 'list'>
2025-08-18 12:47:39,365 - sec_monitor - INFO - filing_data type: <class 'list'>
2025-08-18 12:47:39,366 - sec_monitor - INFO - Market open: False
2025-08-18 12:47:39,366 - sec_monitor - INFO - Number of filing times mapped: 2
2025-08-18 12:47:39,424 - sec_monitor - INFO - Last trading day: 2025-08-18
2025-08-18 12:47:39,424 - sec_monitor - INFO - Processing ticker: AJG
2025-08-18 12:47:39,710 - sec_monitor - INFO - Number of bars for AJG: 3
2025-08-18 12:47:39,711 - sec_monitor - INFO - Last bar close for AJG: 292.66
2025-08-18 12:47:39,711 - sec_monitor - INFO - Outside market hours price for AJG: 292.66
2025-08-18 12:47:39,711 - sec_monitor - INFO - Processing ticker: TRMB
2025-08-18 12:47:39,727 - sec_monitor - INFO - Number of bars for TRMB: 3
2025-08-18 12:47:39,728 - sec_monitor - INFO - Last bar close for TRMB: 82.22
2025-08-18 12:47:39,728 - sec_monitor - INFO - Outside market hours price for TRMB: 82.22
2025-08-18 12:47:40,413 - sec_monitor - INFO - Generating final output...
2025-08-18 12:47:40,414 - sec_monitor - INFO - Successfully saved/merged output to output/sec_filings.json
2025-08-18 12:47:40,414 - sec_monitor - INFO - Processing complete. Stats: {'input_words': 9297, 'output_words': 141, 'filings_processed': 2}
2025-08-18 13:37:59,179 - sec_monitor - INFO - Starting SEC filing monitor 
2025-08-18 13:37:59,179 - sec_monitor - INFO - Loading S&P 500 data...
2025-08-18 13:37:59,179 - sec_monitor - INFO - Starting S&P 500 data initialization
2025-08-18 13:37:59,179 - sec_monitor - INFO - Successfully loaded 503 S&P 500 tickers
2025-08-18 13:37:59,179 - sec_monitor - INFO - Successfully loaded 503 S&P 500 tickers
2025-08-18 13:37:59,180 - sec_monitor - INFO - Initializing components...
2025-08-18 13:37:59,180 - sec_monitor - INFO - Initializing components
2025-08-18 13:37:59,180 - sec_monitor - INFO - SEC fetcher initialized
2025-08-18 13:37:59,180 - sec_monitor - INFO - Filing analyzer initialized
2025-08-18 13:37:59,180 - sec_monitor - INFO - Alpaca clients initialized
2025-08-18 13:37:59,180 - sec_monitor - INFO - All components initialized successfully
2025-08-18 13:37:59,181 - sec_monitor - INFO - Found JSON file from today
2025-08-18 13:37:59,181 - sec_monitor - INFO - Found 2 previously processed accessions and 2 filing URLs
2025-08-18 13:37:59,181 - sec_monitor - INFO - Found 2 accession numbers and 2 URLs from previously processed filings
2025-08-18 13:37:59,182 - sec_monitor - INFO - Fetching SEC filings...
2025-08-18 13:38:01,791 - sec_monitor - INFO - Reached old filing, stopping. Found 10 total filings
2025-08-18 13:38:01,791 - sec_monitor - INFO - Found 2 new interesting filings
2025-08-18 13:38:01,791 - sec_monitor - INFO - Found 2 new filings to process
2025-08-18 13:38:01,791 - sec_monitor - INFO - Processing filing 1/2: NXPI
2025-08-18 13:38:32,870 - sec_monitor - INFO - ==================================================
2025-08-18 13:38:32,870 - sec_monitor - INFO - Processing first chunk
2025-08-18 13:38:32,870 - sec_monitor - INFO - Timestamp: 2025-08-18 13:38:32
2025-08-18 13:38:33,071 - sec_monitor - INFO - token percentage = 7%
2025-08-18 13:38:33,072 - sec_monitor - INFO - Making API call - Attempt 1/3
2025-08-18 13:38:33,072 - sec_monitor - INFO - Timestamp: 2025-08-18 13:38:33
2025-08-18 13:38:41,351 - sec_monitor - INFO - API call successful
2025-08-18 13:38:42,353 - sec_monitor - INFO - Processing filing 2/2: CHTR
2025-08-18 13:39:13,984 - sec_monitor - INFO - ==================================================
2025-08-18 13:39:13,985 - sec_monitor - INFO - Processing first chunk
2025-08-18 13:39:13,985 - sec_monitor - INFO - Timestamp: 2025-08-18 13:39:13
2025-08-18 13:39:14,198 - sec_monitor - INFO - token percentage = 12%
2025-08-18 13:39:14,198 - sec_monitor - INFO - Making API call - Attempt 1/3
2025-08-18 13:39:14,198 - sec_monitor - INFO - Timestamp: 2025-08-18 13:39:14
2025-08-18 13:39:19,174 - sec_monitor - INFO - API call successful
2025-08-18 13:39:20,175 - sec_monitor - INFO - Fetching supplementary data...
2025-08-18 13:39:20,360 - sec_monitor - INFO - filing_tickers type: <class 'list'>
2025-08-18 13:39:20,360 - sec_monitor - INFO - filing_data type: <class 'list'>
2025-08-18 13:39:20,360 - sec_monitor - INFO - Market open: True
2025-08-18 13:39:20,360 - sec_monitor - INFO - Number of filing times mapped: 2
2025-08-18 13:39:20,438 - sec_monitor - INFO - Last trading day: 2025-08-18
2025-08-18 13:39:20,438 - sec_monitor - INFO - Processing ticker: NXPI
2025-08-18 13:39:20,865 - sec_monitor - INFO - Number of bars for NXPI: 3
2025-08-18 13:39:20,865 - sec_monitor - INFO - Last bar close for NXPI: 228.76
2025-08-18 13:39:20,865 - sec_monitor - INFO - Market open price for NXPI: 228.76, change: -1.1963892368159679%
2025-08-18 13:39:20,865 - sec_monitor - INFO - Processing ticker: CHTR
2025-08-18 13:39:20,957 - sec_monitor - INFO - Number of bars for CHTR: 3
2025-08-18 13:39:20,957 - sec_monitor - INFO - Last bar close for CHTR: 267.83
2025-08-18 13:39:20,957 - sec_monitor - INFO - Market open price for CHTR: 267.83, change: 1.7629849158402624%
2025-08-18 13:39:21,877 - sec_monitor - INFO - Generating final output...
2025-08-18 13:39:21,878 - sec_monitor - INFO - Successfully merged 2 new filings with existing JSON
2025-08-18 13:39:21,878 - sec_monitor - INFO - Cumulative stats - Input words: 46854, Output words: 274
2025-08-18 13:39:21,878 - sec_monitor - INFO - Successfully saved/merged output to output/sec_filings.json
2025-08-18 13:39:21,878 - sec_monitor - INFO - Processing complete. Stats: {'input_words': 37557, 'output_words': 133, 'filings_processed': 2}
2025-08-18 15:23:22,252 - sec_monitor - INFO - Starting SEC filing monitor 
2025-08-18 15:23:22,252 - sec_monitor - INFO - Loading S&P 500 data...
2025-08-18 15:23:22,252 - sec_monitor - INFO - Starting S&P 500 data initialization
2025-08-18 15:23:22,253 - sec_monitor - INFO - Successfully loaded 503 S&P 500 tickers
2025-08-18 15:23:22,253 - sec_monitor - INFO - Successfully loaded 503 S&P 500 tickers
2025-08-18 15:23:22,253 - sec_monitor - INFO - Initializing components...
2025-08-18 15:23:22,253 - sec_monitor - INFO - Initializing components
2025-08-18 15:23:22,253 - sec_monitor - INFO - SEC fetcher initialized
2025-08-18 15:23:22,253 - sec_monitor - INFO - Filing analyzer initialized
2025-08-18 15:23:22,253 - sec_monitor - INFO - Alpaca clients initialized
2025-08-18 15:23:22,254 - sec_monitor - INFO - All components initialized successfully
2025-08-18 15:23:22,255 - sec_monitor - INFO - Found JSON file from today
2025-08-18 15:23:22,255 - sec_monitor - INFO - Found 4 previously processed accessions and 4 filing URLs
2025-08-18 15:23:22,255 - sec_monitor - INFO - Found 4 accession numbers and 4 URLs from previously processed filings
2025-08-18 15:23:22,255 - sec_monitor - INFO - Fetching SEC filings...
2025-08-18 15:23:26,708 - sec_monitor - INFO - Reached old filing, stopping. Found 22 total filings
2025-08-18 15:23:26,709 - sec_monitor - INFO - Found 0 new interesting filings
2025-08-18 15:23:26,709 - sec_monitor - INFO - No new filings to process
2025-08-18 18:26:00,760 - sec_monitor - INFO - Starting SEC filing monitor 
2025-08-18 18:26:00,760 - sec_monitor - INFO - Loading S&P 500 data...
2025-08-18 18:26:00,760 - sec_monitor - INFO - Starting S&P 500 data initialization
2025-08-18 18:26:00,760 - sec_monitor - INFO - Successfully loaded 503 S&P 500 tickers
2025-08-18 18:26:00,761 - sec_monitor - INFO - Successfully loaded 503 S&P 500 tickers
2025-08-18 18:26:00,761 - sec_monitor - INFO - Initializing components...
2025-08-18 18:26:00,761 - sec_monitor - INFO - Initializing components
2025-08-18 18:26:00,761 - sec_monitor - INFO - SEC fetcher initialized
2025-08-18 18:26:00,761 - sec_monitor - INFO - Filing analyzer initialized
2025-08-18 18:26:00,761 - sec_monitor - INFO - Alpaca clients initialized
2025-08-18 18:26:00,761 - sec_monitor - INFO - All components initialized successfully
2025-08-18 18:26:00,762 - sec_monitor - INFO - Found JSON file from today
2025-08-18 18:26:00,762 - sec_monitor - INFO - Found 4 previously processed accessions and 4 filing URLs
2025-08-18 18:26:00,762 - sec_monitor - INFO - Found 4 accession numbers and 4 URLs from previously processed filings
2025-08-18 18:26:00,763 - sec_monitor - INFO - Fetching SEC filings...
2025-08-18 18:26:10,065 - sec_monitor - INFO - Reached old filing, stopping. Found 40 total filings
2025-08-18 18:26:10,065 - sec_monitor - INFO - Found 1 new interesting filings
2025-08-18 18:26:10,065 - sec_monitor - INFO - Found 1 new filings to process
2025-08-18 18:26:10,065 - sec_monitor - INFO - Processing filing 1/1: ZTS
2025-08-18 18:26:41,395 - sec_monitor - INFO - ==================================================
2025-08-18 18:26:41,395 - sec_monitor - INFO - Processing first chunk
2025-08-18 18:26:41,395 - sec_monitor - INFO - Timestamp: 2025-08-18 18:26:41
2025-08-18 18:26:41,681 - sec_monitor - INFO - token percentage = 12%
2025-08-18 18:26:41,682 - sec_monitor - INFO - Making API call - Attempt 1/3
2025-08-18 18:26:41,682 - sec_monitor - INFO - Timestamp: 2025-08-18 18:26:41
2025-08-18 18:27:15,380 - sec_monitor - INFO - API call successful
2025-08-18 18:27:16,382 - sec_monitor - INFO - Fetching supplementary data...
2025-08-18 18:27:16,567 - sec_monitor - INFO - filing_tickers type: <class 'list'>
2025-08-18 18:27:16,567 - sec_monitor - INFO - filing_data type: <class 'list'>
2025-08-18 18:27:16,567 - sec_monitor - INFO - Market open: True
2025-08-18 18:27:16,567 - sec_monitor - INFO - Number of filing times mapped: 1
2025-08-18 18:27:16,574 - sec_monitor - INFO - Last trading day: 2025-08-18
2025-08-18 18:27:16,574 - sec_monitor - INFO - Processing ticker: ZTS
2025-08-18 18:27:16,656 - sec_monitor - INFO - Number of bars for ZTS: 3
2025-08-18 18:27:16,656 - sec_monitor - INFO - Last bar close for ZTS: 154.09
2025-08-18 18:27:16,656 - sec_monitor - INFO - Market open price for ZTS: 154.09, change: 0.6532105297537396%
2025-08-18 18:27:16,957 - sec_monitor - INFO - Generating final output...
2025-08-18 18:27:16,958 - sec_monitor - INFO - Successfully merged 1 new filings with existing JSON
2025-08-18 18:27:16,958 - sec_monitor - INFO - Cumulative stats - Input words: 84115, Output words: 360
2025-08-18 18:27:16,958 - sec_monitor - INFO - Successfully saved/merged output to output/sec_filings.json
2025-08-18 18:27:16,958 - sec_monitor - INFO - Processing complete. Stats: {'input_words': 37261, 'output_words': 86, 'filings_processed': 1}
2025-08-18 21:10:50,184 - sec_monitor - INFO - Starting SEC filing monitor 
2025-08-18 21:10:50,184 - sec_monitor - INFO - Loading S&P 500 data...
2025-08-18 21:10:50,184 - sec_monitor - INFO - Starting S&P 500 data initialization
2025-08-18 21:10:50,184 - sec_monitor - INFO - Successfully loaded 503 S&P 500 tickers
2025-08-18 21:10:50,184 - sec_monitor - INFO - Successfully loaded 503 S&P 500 tickers
2025-08-18 21:10:50,184 - sec_monitor - INFO - Initializing components...
2025-08-18 21:10:50,185 - sec_monitor - INFO - Initializing components
2025-08-18 21:10:50,185 - sec_monitor - INFO - SEC fetcher initialized
2025-08-18 21:10:50,185 - sec_monitor - INFO - Filing analyzer initialized
2025-08-18 21:10:50,185 - sec_monitor - INFO - Alpaca clients initialized
2025-08-18 21:10:50,185 - sec_monitor - INFO - All components initialized successfully
2025-08-18 21:10:50,186 - sec_monitor - INFO - Found JSON file from today
2025-08-18 21:10:50,186 - sec_monitor - INFO - Found 5 previously processed accessions and 5 filing URLs
2025-08-18 21:10:50,186 - sec_monitor - INFO - Found 5 accession numbers and 5 URLs from previously processed filings
2025-08-18 21:10:50,186 - sec_monitor - INFO - Fetching SEC filings...
2025-08-18 21:11:07,310 - sec_monitor - INFO - No more entries found
2025-08-18 21:11:07,310 - sec_monitor - INFO - Completed fetching. Found 138 total filings
2025-08-18 21:11:07,310 - sec_monitor - INFO - Found 6 new interesting filings
2025-08-18 21:11:07,311 - sec_monitor - INFO - Found 6 new filings to process
2025-08-18 21:11:07,311 - sec_monitor - INFO - Processing filing 1/6: AIG
2025-08-18 21:11:37,834 - sec_monitor - INFO - ==================================================
2025-08-18 21:11:37,835 - sec_monitor - INFO - Processing first chunk
2025-08-18 21:11:37,835 - sec_monitor - INFO - Timestamp: 2025-08-18 21:11:37
2025-08-18 21:11:37,962 - sec_monitor - INFO - token percentage = 2%
2025-08-18 21:11:37,962 - sec_monitor - INFO - Making API call - Attempt 1/3
2025-08-18 21:11:37,962 - sec_monitor - INFO - Timestamp: 2025-08-18 21:11:37
2025-08-18 21:11:40,491 - sec_monitor - INFO - API call successful
2025-08-18 21:11:41,493 - sec_monitor - INFO - Processing filing 2/6: HSY
2025-08-18 21:12:13,499 - sec_monitor - INFO - ==================================================
2025-08-18 21:12:13,499 - sec_monitor - INFO - Processing first chunk
2025-08-18 21:12:13,499 - sec_monitor - INFO - Timestamp: 2025-08-18 21:12:13
2025-08-18 21:12:13,733 - sec_monitor - INFO - token percentage = 25%
2025-08-18 21:12:13,733 - sec_monitor - INFO - Making API call - Attempt 1/3
2025-08-18 21:12:13,733 - sec_monitor - INFO - Timestamp: 2025-08-18 21:12:13
2025-08-18 21:12:29,131 - sec_monitor - INFO - API call successful
2025-08-18 21:12:30,133 - sec_monitor - INFO - Processing filing 3/6: SJM
2025-08-18 21:13:00,569 - sec_monitor - INFO - ==================================================
2025-08-18 21:13:00,570 - sec_monitor - INFO - Processing first chunk
2025-08-18 21:13:00,570 - sec_monitor - INFO - Timestamp: 2025-08-18 21:13:00
2025-08-18 21:13:00,678 - sec_monitor - INFO - token percentage = 2%
2025-08-18 21:13:00,679 - sec_monitor - INFO - Making API call - Attempt 1/3
2025-08-18 21:13:00,679 - sec_monitor - INFO - Timestamp: 2025-08-18 21:13:00
2025-08-18 21:13:03,022 - sec_monitor - INFO - API call successful
2025-08-18 21:13:04,024 - sec_monitor - INFO - Processing filing 4/6: BKR
2025-08-18 21:13:35,936 - sec_monitor - INFO - ==================================================
2025-08-18 21:13:35,936 - sec_monitor - INFO - Processing first chunk
2025-08-18 21:13:35,936 - sec_monitor - INFO - Timestamp: 2025-08-18 21:13:35
2025-08-18 21:13:36,325 - sec_monitor - INFO - token percentage = 17%
2025-08-18 21:13:36,326 - sec_monitor - INFO - Making API call - Attempt 1/3
2025-08-18 21:13:36,326 - sec_monitor - INFO - Timestamp: 2025-08-18 21:13:36
2025-08-18 21:13:49,719 - sec_monitor - INFO - API call successful
2025-08-18 21:13:50,720 - sec_monitor - INFO - Processing filing 5/6: PANW
2025-08-18 21:14:21,986 - sec_monitor - INFO - ==================================================
2025-08-18 21:14:21,987 - sec_monitor - INFO - Processing first chunk
2025-08-18 21:14:21,987 - sec_monitor - INFO - Timestamp: 2025-08-18 21:14:21
2025-08-18 21:14:22,237 - sec_monitor - INFO - token percentage = 10%
2025-08-18 21:14:22,237 - sec_monitor - INFO - Making API call - Attempt 1/3
2025-08-18 21:14:22,237 - sec_monitor - INFO - Timestamp: 2025-08-18 21:14:22
2025-08-18 21:14:39,969 - sec_monitor - INFO - API call successful
2025-08-18 21:14:40,970 - sec_monitor - INFO - Processing filing 6/6: PAYC
2025-08-18 21:15:11,896 - sec_monitor - INFO - ==================================================
2025-08-18 21:15:11,896 - sec_monitor - INFO - Processing first chunk
2025-08-18 21:15:11,897 - sec_monitor - INFO - Timestamp: 2025-08-18 21:15:11
2025-08-18 21:15:12,103 - sec_monitor - INFO - token percentage = 7%
2025-08-18 21:15:12,103 - sec_monitor - INFO - Making API call - Attempt 1/3
2025-08-18 21:15:12,104 - sec_monitor - INFO - Timestamp: 2025-08-18 21:15:12
2025-08-18 21:15:22,639 - sec_monitor - INFO - API call successful
2025-08-18 21:15:23,640 - sec_monitor - INFO - Fetching supplementary data...
2025-08-18 21:15:23,940 - sec_monitor - INFO - filing_tickers type: <class 'list'>
2025-08-18 21:15:23,940 - sec_monitor - INFO - filing_data type: <class 'list'>
2025-08-18 21:15:23,940 - sec_monitor - INFO - Market open: False
2025-08-18 21:15:23,940 - sec_monitor - INFO - Number of filing times mapped: 6
2025-08-18 21:15:23,994 - sec_monitor - INFO - Last trading day: 2025-08-18
2025-08-18 21:15:23,994 - sec_monitor - INFO - Processing ticker: AIG
2025-08-18 21:15:24,087 - sec_monitor - INFO - Number of bars for AIG: 3
2025-08-18 21:15:24,087 - sec_monitor - INFO - Last bar close for AIG: 80.02
2025-08-18 21:15:24,087 - sec_monitor - INFO - Outside market hours price for AIG: 80.02
2025-08-18 21:15:24,087 - sec_monitor - INFO - Processing ticker: HSY
2025-08-18 21:15:24,111 - sec_monitor - INFO - Number of bars for HSY: 3
2025-08-18 21:15:24,111 - sec_monitor - INFO - Last bar close for HSY: 177.97
2025-08-18 21:15:24,111 - sec_monitor - INFO - Outside market hours price for HSY: 177.97
2025-08-18 21:15:24,111 - sec_monitor - INFO - Processing ticker: SJM
2025-08-18 21:15:24,130 - sec_monitor - INFO - Number of bars for SJM: 3
2025-08-18 21:15:24,130 - sec_monitor - INFO - Last bar close for SJM: 110.765
2025-08-18 21:15:24,130 - sec_monitor - INFO - Outside market hours price for SJM: 110.765
2025-08-18 21:15:24,130 - sec_monitor - INFO - Processing ticker: BKR
2025-08-18 21:15:24,148 - sec_monitor - INFO - Number of bars for BKR: 3
2025-08-18 21:15:24,148 - sec_monitor - INFO - Last bar close for BKR: 42.81
2025-08-18 21:15:24,148 - sec_monitor - INFO - Outside market hours price for BKR: 42.81
2025-08-18 21:15:24,148 - sec_monitor - INFO - Processing ticker: PANW
2025-08-18 21:15:24,165 - sec_monitor - INFO - Number of bars for PANW: 3
2025-08-18 21:15:24,165 - sec_monitor - INFO - Last bar close for PANW: 177.1
2025-08-18 21:15:24,166 - sec_monitor - INFO - Outside market hours price for PANW: 177.1
2025-08-18 21:15:24,166 - sec_monitor - INFO - Processing ticker: PAYC
2025-08-18 21:15:24,182 - sec_monitor - INFO - Number of bars for PAYC: 3
2025-08-18 21:15:24,182 - sec_monitor - INFO - Last bar close for PAYC: 216.975
2025-08-18 21:15:24,182 - sec_monitor - INFO - Outside market hours price for PAYC: 216.975
2025-08-18 21:15:26,096 - sec_monitor - INFO - Generating final output...
2025-08-18 21:15:26,097 - sec_monitor - INFO - Successfully merged 6 new filings with existing JSON
2025-08-18 21:15:26,097 - sec_monitor - INFO - Cumulative stats - Input words: 206033, Output words: 799
2025-08-18 21:15:26,098 - sec_monitor - INFO - Successfully saved/merged output to output/sec_filings.json
2025-08-18 21:15:26,098 - sec_monitor - INFO - Processing complete. Stats: {'input_words': 121918, 'output_words': 439, 'filings_processed': 6}
