2025-06-12 11:10:31,371 - sec_monitor - INFO - Starting SEC filing monitor 
2025-06-12 11:10:31,372 - sec_monitor - INFO - Loading S&P 500 data...
2025-06-12 11:10:31,372 - sec_monitor - INFO - Starting S&P 500 data initialization
2025-06-12 11:10:31,372 - sec_monitor - INFO - Successfully loaded 503 S&P 500 tickers
2025-06-12 11:10:31,372 - sec_monitor - INFO - Successfully loaded 503 S&P 500 tickers
2025-06-12 11:10:31,372 - sec_monitor - INFO - Initializing components...
2025-06-12 11:10:31,372 - sec_monitor - INFO - Initializing components
2025-06-12 11:10:31,373 - sec_monitor - INFO - SEC fetcher initialized
2025-06-12 11:10:31,373 - sec_monitor - INFO - Filing analyzer initialized
2025-06-12 11:10:31,373 - sec_monitor - INFO - Alpaca clients initialized
2025-06-12 11:10:31,373 - sec_monitor - INFO - All components initialized successfully
2025-06-12 11:10:31,374 - sec_monitor - INFO - Found old JSON file, archiving
2025-06-12 11:10:31,374 - sec_monitor - INFO - Starting new filing collection for today
2025-06-12 11:10:31,374 - sec_monitor - INFO - Fetching SEC filings...
2025-06-12 11:10:45,749 - sec_monitor - INFO - No more entries found
2025-06-12 11:10:45,749 - sec_monitor - INFO - Completed fetching. Found 91 total filings
2025-06-12 11:10:45,749 - sec_monitor - INFO - Found 6 new interesting filings
2025-06-12 11:10:45,749 - sec_monitor - INFO - Found 6 new filings to process
2025-06-12 11:10:45,749 - sec_monitor - INFO - Processing filing 1/6: CAH
2025-06-12 11:11:16,352 - sec_monitor - INFO - ==================================================
2025-06-12 11:11:16,352 - sec_monitor - INFO - Processing first chunk
2025-06-12 11:11:16,352 - sec_monitor - INFO - Timestamp: 2025-06-12 11:11:16
2025-06-12 11:11:16,476 - sec_monitor - INFO - token percentage = 3%
2025-06-12 11:11:16,476 - sec_monitor - INFO - Making API call - Attempt 1/3
2025-06-12 11:11:16,476 - sec_monitor - INFO - Timestamp: 2025-06-12 11:11:16
2025-06-12 11:11:29,880 - sec_monitor - INFO - API call successful
2025-06-12 11:11:30,882 - sec_monitor - INFO - Processing filing 2/6: O
2025-06-12 11:12:02,081 - sec_monitor - INFO - ==================================================
2025-06-12 11:12:02,081 - sec_monitor - INFO - Processing first chunk
2025-06-12 11:12:02,081 - sec_monitor - INFO - Timestamp: 2025-06-12 11:12:02
2025-06-12 11:12:02,368 - sec_monitor - INFO - token percentage = 12%
2025-06-12 11:12:02,368 - sec_monitor - INFO - Making API call - Attempt 1/3
2025-06-12 11:12:02,368 - sec_monitor - INFO - Timestamp: 2025-06-12 11:12:02
2025-06-12 11:12:11,302 - sec_monitor - INFO - API call successful
2025-06-12 11:12:12,303 - sec_monitor - INFO - Processing filing 3/6: APH
2025-06-12 11:12:43,309 - sec_monitor - INFO - ==================================================
2025-06-12 11:12:43,309 - sec_monitor - INFO - Processing first chunk
2025-06-12 11:12:43,309 - sec_monitor - INFO - Timestamp: 2025-06-12 11:12:43
2025-06-12 11:12:43,509 - sec_monitor - INFO - token percentage = 10%
2025-06-12 11:12:43,509 - sec_monitor - INFO - Making API call - Attempt 1/3
2025-06-12 11:12:43,509 - sec_monitor - INFO - Timestamp: 2025-06-12 11:12:43
2025-06-12 11:12:52,962 - sec_monitor - INFO - API call successful
2025-06-12 11:12:53,964 - sec_monitor - INFO - Processing filing 4/6: WBD
2025-06-12 11:13:25,774 - sec_monitor - INFO - ==================================================
2025-06-12 11:13:25,774 - sec_monitor - INFO - Processing first chunk
2025-06-12 11:13:25,775 - sec_monitor - INFO - Timestamp: 2025-06-12 11:13:25
2025-06-12 11:13:25,944 - sec_monitor - INFO - token percentage = 19%
2025-06-12 11:13:25,944 - sec_monitor - INFO - Making API call - Attempt 1/3
2025-06-12 11:13:25,944 - sec_monitor - INFO - Timestamp: 2025-06-12 11:13:25
2025-06-12 11:13:39,370 - sec_monitor - INFO - API call successful
2025-06-12 11:13:40,372 - sec_monitor - INFO - Processing filing 5/6: ROP
2025-06-12 11:14:10,863 - sec_monitor - INFO - ==================================================
2025-06-12 11:14:10,863 - sec_monitor - INFO - Processing first chunk
2025-06-12 11:14:10,864 - sec_monitor - INFO - Timestamp: 2025-06-12 11:14:10
2025-06-12 11:14:10,948 - sec_monitor - INFO - token percentage = 2%
2025-06-12 11:14:10,948 - sec_monitor - INFO - Making API call - Attempt 1/3
2025-06-12 11:14:10,948 - sec_monitor - INFO - Timestamp: 2025-06-12 11:14:10
2025-06-12 11:14:14,447 - sec_monitor - INFO - API call successful
2025-06-12 11:14:15,448 - sec_monitor - INFO - Processing filing 6/6: ERIE
2025-06-12 11:14:45,823 - sec_monitor - INFO - ==================================================
2025-06-12 11:14:45,824 - sec_monitor - INFO - Processing first chunk
2025-06-12 11:14:45,824 - sec_monitor - INFO - Timestamp: 2025-06-12 11:14:45
2025-06-12 11:14:45,910 - sec_monitor - INFO - token percentage = 2%
2025-06-12 11:14:45,910 - sec_monitor - INFO - Making API call - Attempt 1/3
2025-06-12 11:14:45,910 - sec_monitor - INFO - Timestamp: 2025-06-12 11:14:45
2025-06-12 11:14:48,450 - sec_monitor - INFO - API call successful
2025-06-12 11:14:49,451 - sec_monitor - INFO - Fetching supplementary data...
2025-06-12 11:14:49,799 - sec_monitor - INFO - filing_tickers type: <class 'list'>
2025-06-12 11:14:49,799 - sec_monitor - INFO - filing_data type: <class 'list'>
2025-06-12 11:14:49,799 - sec_monitor - INFO - Market open: False
2025-06-12 11:14:49,800 - sec_monitor - INFO - Number of filing times mapped: 6
2025-06-12 11:14:49,821 - sec_monitor - INFO - Last trading day: 2025-06-12
2025-06-12 11:14:49,821 - sec_monitor - INFO - Processing ticker: CAH
2025-06-12 11:14:50,154 - sec_monitor - INFO - Number of bars for CAH: 3
2025-06-12 11:14:50,154 - sec_monitor - INFO - Last bar close for CAH: 153.54
2025-06-12 11:14:50,154 - sec_monitor - INFO - Outside market hours price for CAH: 153.54
2025-06-12 11:14:50,154 - sec_monitor - INFO - Processing ticker: O
2025-06-12 11:14:50,184 - sec_monitor - INFO - Number of bars for O: 3
2025-06-12 11:14:50,184 - sec_monitor - INFO - Last bar close for O: 57.77
2025-06-12 11:14:50,184 - sec_monitor - INFO - Outside market hours price for O: 57.77
2025-06-12 11:14:50,184 - sec_monitor - INFO - Processing ticker: APH
2025-06-12 11:14:50,212 - sec_monitor - INFO - Number of bars for APH: 3
2025-06-12 11:14:50,212 - sec_monitor - INFO - Last bar close for APH: 93.05
2025-06-12 11:14:50,212 - sec_monitor - INFO - Outside market hours price for APH: 93.05
2025-06-12 11:14:50,212 - sec_monitor - INFO - Processing ticker: WBD
2025-06-12 11:14:50,241 - sec_monitor - INFO - Number of bars for WBD: 4
2025-06-12 11:14:50,241 - sec_monitor - INFO - Last bar close for WBD: 10.525
2025-06-12 11:14:50,241 - sec_monitor - INFO - Outside market hours price for WBD: 10.525
2025-06-12 11:14:50,242 - sec_monitor - INFO - Processing ticker: ROP
2025-06-12 11:14:50,273 - sec_monitor - INFO - Number of bars for ROP: 4
2025-06-12 11:14:50,273 - sec_monitor - INFO - Last bar close for ROP: 569.45
2025-06-12 11:14:50,274 - sec_monitor - INFO - Outside market hours price for ROP: 569.45
2025-06-12 11:14:50,274 - sec_monitor - INFO - Processing ticker: ERIE
2025-06-12 11:14:50,301 - sec_monitor - INFO - Number of bars for ERIE: 4
2025-06-12 11:14:50,301 - sec_monitor - INFO - Last bar close for ERIE: 356.74
2025-06-12 11:14:50,301 - sec_monitor - INFO - Outside market hours price for ERIE: 356.74
2025-06-12 11:14:52,442 - sec_monitor - INFO - Generating final output...
2025-06-12 11:14:52,443 - sec_monitor - INFO - Successfully saved/merged output to output/sec_filings.json
2025-06-12 11:14:52,443 - sec_monitor - INFO - Processing complete. Stats: {'input_words': 84775, 'output_words': 513, 'filings_processed': 6}
