2025-05-01 11:09:53,012 - sec_monitor - INFO - Starting SEC filing monitor 
2025-05-01 11:09:53,012 - sec_monitor - INFO - Loading S&P 500 data...
2025-05-01 11:09:53,012 - sec_monitor - INFO - Starting S&P 500 data initialization
2025-05-01 11:09:53,012 - sec_monitor - INFO - Successfully loaded 503 S&P 500 tickers
2025-05-01 11:09:53,012 - sec_monitor - INFO - Successfully loaded 503 S&P 500 tickers
2025-05-01 11:09:53,012 - sec_monitor - INFO - Initializing components...
2025-05-01 11:09:53,013 - sec_monitor - INFO - Initializing components
2025-05-01 11:09:53,013 - sec_monitor - INFO - SEC fetcher initialized
2025-05-01 11:09:53,013 - sec_monitor - INFO - Filing analyzer initialized
2025-05-01 11:09:53,013 - sec_monitor - INFO - Alpaca clients initialized
2025-05-01 11:09:53,013 - sec_monitor - INFO - All components initialized successfully
2025-05-01 11:09:53,014 - sec_monitor - INFO - Found old JSON file, archiving
2025-05-01 11:09:53,015 - sec_monitor - INFO - Starting new filing collection for today
2025-05-01 11:09:53,015 - sec_monitor - INFO - Fetching SEC filings...
2025-05-01 11:10:08,225 - sec_monitor - INFO - No more entries found
2025-05-01 11:10:08,225 - sec_monitor - INFO - Completed fetching. Found 38 total filings
2025-05-01 11:10:08,225 - sec_monitor - INFO - Found 30 new interesting filings
2025-05-01 11:10:08,225 - sec_monitor - INFO - Found 30 new filings to process
2025-05-01 11:10:08,226 - sec_monitor - INFO - Processing filing 1/30: AVB
2025-05-01 11:10:48,249 - sec_monitor - INFO - ==================================================
2025-05-01 11:10:48,249 - sec_monitor - INFO - Processing first chunk
2025-05-01 11:10:48,249 - sec_monitor - INFO - Timestamp: 2025-05-01 11:10:48
2025-05-01 11:10:48,538 - sec_monitor - INFO - token percentage = 46%
2025-05-01 11:10:48,538 - sec_monitor - INFO - Making API call - Attempt 1/3
2025-05-01 11:10:48,539 - sec_monitor - INFO - Timestamp: 2025-05-01 11:10:48
2025-05-01 11:11:04,962 - sec_monitor - INFO - API call successful
2025-05-01 11:11:34,992 - sec_monitor - INFO - ==================================================
2025-05-01 11:11:34,992 - sec_monitor - INFO - Processing middle chunk
2025-05-01 11:11:34,992 - sec_monitor - INFO - Timestamp: 2025-05-01 11:11:34
2025-05-01 11:11:35,246 - sec_monitor - INFO - token percentage = 53%
2025-05-01 11:11:35,247 - sec_monitor - INFO - Making API call - Attempt 1/3
2025-05-01 11:11:35,247 - sec_monitor - INFO - Timestamp: 2025-05-01 11:11:35
2025-05-01 11:11:53,884 - sec_monitor - INFO - API call successful
2025-05-01 11:12:23,915 - sec_monitor - INFO - ==================================================
2025-05-01 11:12:23,915 - sec_monitor - INFO - Processing last chunk
2025-05-01 11:12:23,915 - sec_monitor - INFO - Timestamp: 2025-05-01 11:12:23
2025-05-01 11:12:24,106 - sec_monitor - INFO - token percentage = 32%
2025-05-01 11:12:24,106 - sec_monitor - INFO - Making API call - Attempt 1/3
2025-05-01 11:12:24,106 - sec_monitor - INFO - Timestamp: 2025-05-01 11:12:24
2025-05-01 11:12:34,589 - sec_monitor - INFO - API call successful
2025-05-01 11:12:34,590 - sec_monitor - INFO - Making combine API call - Attempt 1/3
2025-05-01 11:12:34,590 - sec_monitor - INFO - Timestamp: 2025-05-01 11:12:34
2025-05-01 11:12:35,754 - sec_monitor - INFO - Combine API call successful
2025-05-01 11:12:36,755 - sec_monitor - INFO - Processing filing 2/30: CHD
2025-05-01 11:13:07,676 - sec_monitor - INFO - ==================================================
2025-05-01 11:13:07,676 - sec_monitor - INFO - Processing first chunk
2025-05-01 11:13:07,677 - sec_monitor - INFO - Timestamp: 2025-05-01 11:13:07
2025-05-01 11:13:07,781 - sec_monitor - INFO - token percentage = 7%
2025-05-01 11:13:07,781 - sec_monitor - INFO - Making API call - Attempt 1/3
2025-05-01 11:13:07,781 - sec_monitor - INFO - Timestamp: 2025-05-01 11:13:07
2025-05-01 11:13:12,794 - sec_monitor - INFO - API call successful
2025-05-01 11:13:13,795 - sec_monitor - INFO - Processing filing 3/30: LLY
2025-05-01 11:13:44,744 - sec_monitor - INFO - ==================================================
2025-05-01 11:13:44,744 - sec_monitor - INFO - Processing first chunk
2025-05-01 11:13:44,744 - sec_monitor - INFO - Timestamp: 2025-05-01 11:13:44
2025-05-01 11:13:44,854 - sec_monitor - INFO - token percentage = 6%
2025-05-01 11:13:44,855 - sec_monitor - INFO - Making API call - Attempt 1/3
2025-05-01 11:13:44,855 - sec_monitor - INFO - Timestamp: 2025-05-01 11:13:44
2025-05-01 11:13:48,771 - sec_monitor - INFO - API call successful
2025-05-01 11:13:49,772 - sec_monitor - INFO - Processing filing 4/30: MCD
2025-05-01 11:15:43,080 - sec_monitor - INFO - ==================================================
2025-05-01 11:15:43,080 - sec_monitor - INFO - Processing first chunk
2025-05-01 11:15:43,080 - sec_monitor - INFO - Timestamp: 2025-05-01 11:15:43
2025-05-01 11:15:43,374 - sec_monitor - INFO - token percentage = 46%
2025-05-01 11:15:43,374 - sec_monitor - INFO - Making API call - Attempt 1/3
2025-05-01 11:15:43,374 - sec_monitor - INFO - Timestamp: 2025-05-01 11:15:43
2025-05-01 11:15:59,416 - sec_monitor - INFO - API call successful
2025-05-01 11:16:29,446 - sec_monitor - INFO - ==================================================
2025-05-01 11:16:29,447 - sec_monitor - INFO - Processing middle chunk
2025-05-01 11:16:29,447 - sec_monitor - INFO - Timestamp: 2025-05-01 11:16:29
2025-05-01 11:16:29,698 - sec_monitor - INFO - token percentage = 50%
2025-05-01 11:16:29,698 - sec_monitor - INFO - Making API call - Attempt 1/3
2025-05-01 11:16:29,698 - sec_monitor - INFO - Timestamp: 2025-05-01 11:16:29
2025-05-01 11:16:47,497 - sec_monitor - INFO - API call successful
2025-05-01 11:17:17,523 - sec_monitor - INFO - ==================================================
2025-05-01 11:17:17,523 - sec_monitor - INFO - Processing middle chunk
2025-05-01 11:17:17,523 - sec_monitor - INFO - Timestamp: 2025-05-01 11:17:17
2025-05-01 11:17:17,744 - sec_monitor - INFO - token percentage = 50%
2025-05-01 11:17:17,744 - sec_monitor - INFO - Making API call - Attempt 1/3
2025-05-01 11:17:17,744 - sec_monitor - INFO - Timestamp: 2025-05-01 11:17:17
2025-05-01 11:17:35,439 - sec_monitor - INFO - API call successful
2025-05-01 11:18:05,449 - sec_monitor - INFO - ==================================================
2025-05-01 11:18:05,449 - sec_monitor - INFO - Processing middle chunk
2025-05-01 11:18:05,449 - sec_monitor - INFO - Timestamp: 2025-05-01 11:18:05
2025-05-01 11:18:05,654 - sec_monitor - INFO - token percentage = 50%
2025-05-01 11:18:05,654 - sec_monitor - INFO - Making API call - Attempt 1/3
2025-05-01 11:18:05,654 - sec_monitor - INFO - Timestamp: 2025-05-01 11:18:05
2025-05-01 11:18:23,217 - sec_monitor - INFO - API call successful
2025-05-01 11:18:53,247 - sec_monitor - INFO - ==================================================
2025-05-01 11:18:53,248 - sec_monitor - INFO - Processing middle chunk
2025-05-01 11:18:53,248 - sec_monitor - INFO - Timestamp: 2025-05-01 11:18:53
2025-05-01 11:18:53,476 - sec_monitor - INFO - token percentage = 50%
2025-05-01 11:18:53,477 - sec_monitor - INFO - Making API call - Attempt 1/3
2025-05-01 11:18:53,477 - sec_monitor - INFO - Timestamp: 2025-05-01 11:18:53
2025-05-01 11:19:10,379 - sec_monitor - INFO - API call successful
2025-05-01 11:19:40,409 - sec_monitor - INFO - ==================================================
2025-05-01 11:19:40,410 - sec_monitor - INFO - Processing middle chunk
2025-05-01 11:19:40,410 - sec_monitor - INFO - Timestamp: 2025-05-01 11:19:40
2025-05-01 11:19:40,658 - sec_monitor - INFO - token percentage = 50%
2025-05-01 11:19:40,658 - sec_monitor - INFO - Making API call - Attempt 1/3
2025-05-01 11:19:40,658 - sec_monitor - INFO - Timestamp: 2025-05-01 11:19:40
2025-05-01 11:19:57,792 - sec_monitor - INFO - API call successful
2025-05-01 11:20:27,823 - sec_monitor - INFO - ==================================================
2025-05-01 11:20:27,823 - sec_monitor - INFO - Processing middle chunk
2025-05-01 11:20:27,823 - sec_monitor - INFO - Timestamp: 2025-05-01 11:20:27
2025-05-01 11:20:28,024 - sec_monitor - INFO - token percentage = 50%
2025-05-01 11:20:28,024 - sec_monitor - INFO - Making API call - Attempt 1/3
2025-05-01 11:20:28,024 - sec_monitor - INFO - Timestamp: 2025-05-01 11:20:28
2025-05-01 11:20:44,995 - sec_monitor - INFO - API call successful
2025-05-01 11:21:15,025 - sec_monitor - INFO - ==================================================
2025-05-01 11:21:15,025 - sec_monitor - INFO - Processing middle chunk
2025-05-01 11:21:15,026 - sec_monitor - INFO - Timestamp: 2025-05-01 11:21:15
2025-05-01 11:21:15,269 - sec_monitor - INFO - token percentage = 50%
2025-05-01 11:21:15,270 - sec_monitor - INFO - Making API call - Attempt 1/3
2025-05-01 11:21:15,270 - sec_monitor - INFO - Timestamp: 2025-05-01 11:21:15
2025-05-01 11:21:32,410 - sec_monitor - INFO - API call successful
2025-05-01 11:22:02,428 - sec_monitor - INFO - ==================================================
2025-05-01 11:22:02,429 - sec_monitor - INFO - Processing middle chunk
2025-05-01 11:22:02,429 - sec_monitor - INFO - Timestamp: 2025-05-01 11:22:02
2025-05-01 11:22:02,677 - sec_monitor - INFO - token percentage = 50%
2025-05-01 11:22:02,677 - sec_monitor - INFO - Making API call - Attempt 1/3
2025-05-01 11:22:02,677 - sec_monitor - INFO - Timestamp: 2025-05-01 11:22:02
2025-05-01 11:22:19,619 - sec_monitor - INFO - API call successful
2025-05-01 11:22:49,637 - sec_monitor - INFO - ==================================================
2025-05-01 11:22:49,638 - sec_monitor - INFO - Processing middle chunk
2025-05-01 11:22:49,638 - sec_monitor - INFO - Timestamp: 2025-05-01 11:22:49
2025-05-01 11:22:49,861 - sec_monitor - INFO - token percentage = 50%
2025-05-01 11:22:49,861 - sec_monitor - INFO - Making API call - Attempt 1/3
2025-05-01 11:22:49,861 - sec_monitor - INFO - Timestamp: 2025-05-01 11:22:49
2025-05-01 11:23:06,967 - sec_monitor - INFO - API call successful
2025-05-01 11:23:36,998 - sec_monitor - INFO - ==================================================
2025-05-01 11:23:36,998 - sec_monitor - INFO - Processing middle chunk
2025-05-01 11:23:36,998 - sec_monitor - INFO - Timestamp: 2025-05-01 11:23:36
2025-05-01 11:23:37,232 - sec_monitor - INFO - token percentage = 50%
2025-05-01 11:23:37,233 - sec_monitor - INFO - Making API call - Attempt 1/3
2025-05-01 11:23:37,233 - sec_monitor - INFO - Timestamp: 2025-05-01 11:23:37
2025-05-01 11:23:54,207 - sec_monitor - INFO - API call successful
2025-05-01 11:24:24,232 - sec_monitor - INFO - ==================================================
2025-05-01 11:24:24,232 - sec_monitor - INFO - Processing middle chunk
2025-05-01 11:24:24,232 - sec_monitor - INFO - Timestamp: 2025-05-01 11:24:24
2025-05-01 11:24:24,499 - sec_monitor - INFO - token percentage = 50%
2025-05-01 11:24:24,499 - sec_monitor - INFO - Making API call - Attempt 1/3
2025-05-01 11:24:24,499 - sec_monitor - INFO - Timestamp: 2025-05-01 11:24:24
2025-05-01 11:24:41,189 - sec_monitor - INFO - API call successful
2025-05-01 11:25:11,208 - sec_monitor - INFO - ==================================================
2025-05-01 11:25:11,208 - sec_monitor - INFO - Processing middle chunk
2025-05-01 11:25:11,208 - sec_monitor - INFO - Timestamp: 2025-05-01 11:25:11
2025-05-01 11:25:11,443 - sec_monitor - INFO - token percentage = 50%
2025-05-01 11:25:11,443 - sec_monitor - INFO - Making API call - Attempt 1/3
2025-05-01 11:25:11,443 - sec_monitor - INFO - Timestamp: 2025-05-01 11:25:11
2025-05-01 11:25:28,257 - sec_monitor - INFO - API call successful
2025-05-01 11:25:58,288 - sec_monitor - INFO - ==================================================
2025-05-01 11:25:58,288 - sec_monitor - INFO - Processing middle chunk
2025-05-01 11:25:58,288 - sec_monitor - INFO - Timestamp: 2025-05-01 11:25:58
2025-05-01 11:25:58,549 - sec_monitor - INFO - token percentage = 49%
2025-05-01 11:25:58,549 - sec_monitor - INFO - Making API call - Attempt 1/3
2025-05-01 11:25:58,549 - sec_monitor - INFO - Timestamp: 2025-05-01 11:25:58
2025-05-01 11:26:14,927 - sec_monitor - INFO - API call successful
2025-05-01 11:26:44,957 - sec_monitor - INFO - ==================================================
2025-05-01 11:26:44,957 - sec_monitor - INFO - Processing middle chunk
2025-05-01 11:26:44,957 - sec_monitor - INFO - Timestamp: 2025-05-01 11:26:44
2025-05-01 11:26:45,210 - sec_monitor - INFO - token percentage = 50%
2025-05-01 11:26:45,210 - sec_monitor - INFO - Making API call - Attempt 1/3
2025-05-01 11:26:45,210 - sec_monitor - INFO - Timestamp: 2025-05-01 11:26:45
2025-05-01 11:27:02,285 - sec_monitor - INFO - API call successful
2025-05-01 11:27:32,316 - sec_monitor - INFO - ==================================================
2025-05-01 11:27:32,316 - sec_monitor - INFO - Processing last chunk
2025-05-01 11:27:32,316 - sec_monitor - INFO - Timestamp: 2025-05-01 11:27:32
2025-05-01 11:27:32,487 - sec_monitor - INFO - token percentage = 31%
2025-05-01 11:27:32,487 - sec_monitor - INFO - Making API call - Attempt 1/3
2025-05-01 11:27:32,487 - sec_monitor - INFO - Timestamp: 2025-05-01 11:27:32
2025-05-01 11:27:42,869 - sec_monitor - INFO - API call successful
2025-05-01 11:27:42,869 - sec_monitor - INFO - Making combine API call - Attempt 1/3
2025-05-01 11:27:42,869 - sec_monitor - INFO - Timestamp: 2025-05-01 11:27:42
2025-05-01 11:27:43,835 - sec_monitor - INFO - Combine API call successful
2025-05-01 11:27:44,836 - sec_monitor - INFO - Processing filing 5/30: TFX
2025-05-01 11:28:40,409 - sec_monitor - INFO - ==================================================
2025-05-01 11:28:40,409 - sec_monitor - INFO - Processing first chunk
2025-05-01 11:28:40,410 - sec_monitor - INFO - Timestamp: 2025-05-01 11:28:40
2025-05-01 11:28:40,655 - sec_monitor - INFO - token percentage = 47%
2025-05-01 11:28:40,656 - sec_monitor - INFO - Making API call - Attempt 1/3
2025-05-01 11:28:40,656 - sec_monitor - INFO - Timestamp: 2025-05-01 11:28:40
2025-05-01 11:28:57,314 - sec_monitor - INFO - API call successful
2025-05-01 11:29:27,345 - sec_monitor - INFO - ==================================================
2025-05-01 11:29:27,345 - sec_monitor - INFO - Processing middle chunk
2025-05-01 11:29:27,345 - sec_monitor - INFO - Timestamp: 2025-05-01 11:29:27
2025-05-01 11:29:27,598 - sec_monitor - INFO - token percentage = 51%
2025-05-01 11:29:27,598 - sec_monitor - INFO - Making API call - Attempt 1/3
2025-05-01 11:29:27,598 - sec_monitor - INFO - Timestamp: 2025-05-01 11:29:27
2025-05-01 11:29:45,066 - sec_monitor - INFO - API call successful
2025-05-01 11:30:15,097 - sec_monitor - INFO - ==================================================
2025-05-01 11:30:15,097 - sec_monitor - INFO - Processing middle chunk
2025-05-01 11:30:15,097 - sec_monitor - INFO - Timestamp: 2025-05-01 11:30:15
2025-05-01 11:30:15,348 - sec_monitor - INFO - token percentage = 51%
2025-05-01 11:30:15,348 - sec_monitor - INFO - Making API call - Attempt 1/3
2025-05-01 11:30:15,348 - sec_monitor - INFO - Timestamp: 2025-05-01 11:30:15
2025-05-01 11:30:32,734 - sec_monitor - INFO - API call successful
2025-05-01 11:31:02,764 - sec_monitor - INFO - ==================================================
2025-05-01 11:31:02,765 - sec_monitor - INFO - Processing middle chunk
2025-05-01 11:31:02,765 - sec_monitor - INFO - Timestamp: 2025-05-01 11:31:02
2025-05-01 11:31:02,998 - sec_monitor - INFO - token percentage = 50%
2025-05-01 11:31:02,998 - sec_monitor - INFO - Making API call - Attempt 1/3
2025-05-01 11:31:02,999 - sec_monitor - INFO - Timestamp: 2025-05-01 11:31:02
2025-05-01 11:31:19,790 - sec_monitor - INFO - API call successful
2025-05-01 11:31:49,800 - sec_monitor - INFO - ==================================================
2025-05-01 11:31:49,800 - sec_monitor - INFO - Processing last chunk
2025-05-01 11:31:49,800 - sec_monitor - INFO - Timestamp: 2025-05-01 11:31:49
2025-05-01 11:31:49,949 - sec_monitor - INFO - token percentage = 21%
2025-05-01 11:31:49,949 - sec_monitor - INFO - Making API call - Attempt 1/3
2025-05-01 11:31:49,949 - sec_monitor - INFO - Timestamp: 2025-05-01 11:31:49
2025-05-01 11:31:57,410 - sec_monitor - INFO - API call successful
2025-05-01 11:31:57,410 - sec_monitor - INFO - Making combine API call - Attempt 1/3
2025-05-01 11:31:57,410 - sec_monitor - INFO - Timestamp: 2025-05-01 11:31:57
2025-05-01 11:31:58,462 - sec_monitor - INFO - Combine API call successful
2025-05-01 11:31:59,463 - sec_monitor - INFO - Processing filing 6/30: IEX
2025-05-01 11:32:30,337 - sec_monitor - INFO - ==================================================
2025-05-01 11:32:30,337 - sec_monitor - INFO - Processing first chunk
2025-05-01 11:32:30,337 - sec_monitor - INFO - Timestamp: 2025-05-01 11:32:30
2025-05-01 11:32:30,466 - sec_monitor - INFO - token percentage = 8%
2025-05-01 11:32:30,466 - sec_monitor - INFO - Making API call - Attempt 1/3
2025-05-01 11:32:30,466 - sec_monitor - INFO - Timestamp: 2025-05-01 11:32:30
2025-05-01 11:32:35,290 - sec_monitor - INFO - API call successful
2025-05-01 11:32:36,291 - sec_monitor - INFO - Processing filing 7/30: BLDR
2025-05-01 11:33:08,112 - sec_monitor - INFO - ==================================================
2025-05-01 11:33:08,112 - sec_monitor - INFO - Processing first chunk
2025-05-01 11:33:08,112 - sec_monitor - INFO - Timestamp: 2025-05-01 11:33:08
2025-05-01 11:33:08,246 - sec_monitor - INFO - token percentage = 19%
2025-05-01 11:33:08,246 - sec_monitor - INFO - Making API call - Attempt 1/3
2025-05-01 11:33:08,246 - sec_monitor - INFO - Timestamp: 2025-05-01 11:33:08
2025-05-01 11:33:15,496 - sec_monitor - INFO - API call successful
2025-05-01 11:33:16,498 - sec_monitor - INFO - Processing filing 8/30: PWR
2025-05-01 11:33:47,380 - sec_monitor - INFO - ==================================================
2025-05-01 11:33:47,380 - sec_monitor - INFO - Processing first chunk
2025-05-01 11:33:47,380 - sec_monitor - INFO - Timestamp: 2025-05-01 11:33:47
2025-05-01 11:33:47,496 - sec_monitor - INFO - token percentage = 6%
2025-05-01 11:33:47,496 - sec_monitor - INFO - Making API call - Attempt 1/3
2025-05-01 11:33:47,496 - sec_monitor - INFO - Timestamp: 2025-05-01 11:33:47
2025-05-01 11:33:51,063 - sec_monitor - INFO - API call successful
2025-05-01 11:33:52,064 - sec_monitor - INFO - Processing filing 9/30: EXC
2025-05-01 11:34:53,340 - sec_monitor - INFO - ==================================================
2025-05-01 11:34:53,340 - sec_monitor - INFO - Processing first chunk
2025-05-01 11:34:53,340 - sec_monitor - INFO - Timestamp: 2025-05-01 11:34:53
2025-05-01 11:34:53,652 - sec_monitor - INFO - token percentage = 46%
2025-05-01 11:34:53,652 - sec_monitor - INFO - Making API call - Attempt 1/3
2025-05-01 11:34:53,652 - sec_monitor - INFO - Timestamp: 2025-05-01 11:34:53
2025-05-01 11:35:10,896 - sec_monitor - INFO - API call successful
2025-05-01 11:35:40,926 - sec_monitor - INFO - ==================================================
2025-05-01 11:35:40,926 - sec_monitor - INFO - Processing middle chunk
2025-05-01 11:35:40,926 - sec_monitor - INFO - Timestamp: 2025-05-01 11:35:40
2025-05-01 11:35:41,185 - sec_monitor - INFO - token percentage = 52%
2025-05-01 11:35:41,186 - sec_monitor - INFO - Making API call - Attempt 1/3
2025-05-01 11:35:41,186 - sec_monitor - INFO - Timestamp: 2025-05-01 11:35:41
2025-05-01 11:35:58,599 - sec_monitor - INFO - API call successful
2025-05-01 11:36:28,630 - sec_monitor - INFO - ==================================================
2025-05-01 11:36:28,630 - sec_monitor - INFO - Processing middle chunk
2025-05-01 11:36:28,630 - sec_monitor - INFO - Timestamp: 2025-05-01 11:36:28
2025-05-01 11:36:28,870 - sec_monitor - INFO - token percentage = 51%
2025-05-01 11:36:28,870 - sec_monitor - INFO - Making API call - Attempt 1/3
2025-05-01 11:36:28,870 - sec_monitor - INFO - Timestamp: 2025-05-01 11:36:28
2025-05-01 11:36:46,019 - sec_monitor - INFO - API call successful
2025-05-01 11:37:16,050 - sec_monitor - INFO - ==================================================
2025-05-01 11:37:16,050 - sec_monitor - INFO - Processing middle chunk
2025-05-01 11:37:16,050 - sec_monitor - INFO - Timestamp: 2025-05-01 11:37:16
2025-05-01 11:37:16,283 - sec_monitor - INFO - token percentage = 49%
2025-05-01 11:37:16,284 - sec_monitor - INFO - Making API call - Attempt 1/3
2025-05-01 11:37:16,284 - sec_monitor - INFO - Timestamp: 2025-05-01 11:37:16
2025-05-01 11:37:32,609 - sec_monitor - INFO - API call successful
2025-05-01 11:38:02,639 - sec_monitor - INFO - ==================================================
2025-05-01 11:38:02,639 - sec_monitor - INFO - Processing middle chunk
2025-05-01 11:38:02,639 - sec_monitor - INFO - Timestamp: 2025-05-01 11:38:02
2025-05-01 11:38:02,871 - sec_monitor - INFO - token percentage = 50%
2025-05-01 11:38:02,871 - sec_monitor - INFO - Making API call - Attempt 1/3
2025-05-01 11:38:02,871 - sec_monitor - INFO - Timestamp: 2025-05-01 11:38:02
2025-05-01 11:38:20,423 - sec_monitor - INFO - API call successful
2025-05-01 11:38:50,454 - sec_monitor - INFO - ==================================================
2025-05-01 11:38:50,454 - sec_monitor - INFO - Processing middle chunk
2025-05-01 11:38:50,454 - sec_monitor - INFO - Timestamp: 2025-05-01 11:38:50
2025-05-01 11:38:50,774 - sec_monitor - INFO - token percentage = 52%
2025-05-01 11:38:50,775 - sec_monitor - INFO - Making API call - Attempt 1/3
2025-05-01 11:38:50,775 - sec_monitor - INFO - Timestamp: 2025-05-01 11:38:50
2025-05-01 11:39:08,238 - sec_monitor - INFO - API call successful
2025-05-01 11:39:38,268 - sec_monitor - INFO - ==================================================
2025-05-01 11:39:38,269 - sec_monitor - INFO - Processing last chunk
2025-05-01 11:39:38,269 - sec_monitor - INFO - Timestamp: 2025-05-01 11:39:38
2025-05-01 11:39:38,323 - sec_monitor - INFO - token percentage = 2%
2025-05-01 11:39:38,323 - sec_monitor - INFO - Making API call - Attempt 1/3
2025-05-01 11:39:38,323 - sec_monitor - INFO - Timestamp: 2025-05-01 11:39:38
2025-05-01 11:39:39,672 - sec_monitor - INFO - API call successful
2025-05-01 11:39:39,673 - sec_monitor - INFO - Making combine API call - Attempt 1/3
2025-05-01 11:39:39,673 - sec_monitor - INFO - Timestamp: 2025-05-01 11:39:39
2025-05-01 11:39:40,839 - sec_monitor - INFO - Combine API call successful
2025-05-01 11:39:41,841 - sec_monitor - INFO - Processing filing 10/30: CARR
2025-05-01 11:40:12,928 - sec_monitor - INFO - ==================================================
2025-05-01 11:40:12,928 - sec_monitor - INFO - Processing first chunk
2025-05-01 11:40:12,928 - sec_monitor - INFO - Timestamp: 2025-05-01 11:40:12
2025-05-01 11:40:13,024 - sec_monitor - INFO - token percentage = 6%
2025-05-01 11:40:13,024 - sec_monitor - INFO - Making API call - Attempt 1/3
2025-05-01 11:40:13,025 - sec_monitor - INFO - Timestamp: 2025-05-01 11:40:13
2025-05-01 11:40:16,841 - sec_monitor - INFO - API call successful
2025-05-01 11:40:17,842 - sec_monitor - INFO - Processing filing 11/30: BIIB
2025-05-01 11:40:48,976 - sec_monitor - INFO - ==================================================
2025-05-01 11:40:48,976 - sec_monitor - INFO - Processing first chunk
2025-05-01 11:40:48,976 - sec_monitor - INFO - Timestamp: 2025-05-01 11:40:48
2025-05-01 11:40:49,080 - sec_monitor - INFO - token percentage = 5%
2025-05-01 11:40:49,080 - sec_monitor - INFO - Making API call - Attempt 1/3
2025-05-01 11:40:49,081 - sec_monitor - INFO - Timestamp: 2025-05-01 11:40:49
2025-05-01 11:40:53,336 - sec_monitor - INFO - API call successful
2025-05-01 11:40:54,337 - sec_monitor - INFO - Processing filing 12/30: APTV
2025-05-01 11:41:25,407 - sec_monitor - INFO - ==================================================
2025-05-01 11:41:25,407 - sec_monitor - INFO - Processing first chunk
2025-05-01 11:41:25,407 - sec_monitor - INFO - Timestamp: 2025-05-01 11:41:25
2025-05-01 11:41:25,537 - sec_monitor - INFO - token percentage = 7%
2025-05-01 11:41:25,537 - sec_monitor - INFO - Making API call - Attempt 1/3
2025-05-01 11:41:25,538 - sec_monitor - INFO - Timestamp: 2025-05-01 11:41:25
2025-05-01 11:41:29,722 - sec_monitor - INFO - API call successful
2025-05-01 11:41:30,724 - sec_monitor - INFO - Processing filing 13/30: CAH
2025-05-01 11:42:01,764 - sec_monitor - INFO - ==================================================
2025-05-01 11:42:01,764 - sec_monitor - INFO - Processing first chunk
2025-05-01 11:42:01,764 - sec_monitor - INFO - Timestamp: 2025-05-01 11:42:01
2025-05-01 11:42:01,893 - sec_monitor - INFO - token percentage = 6%
2025-05-01 11:42:01,894 - sec_monitor - INFO - Making API call - Attempt 1/3
2025-05-01 11:42:01,894 - sec_monitor - INFO - Timestamp: 2025-05-01 11:42:01
2025-05-01 11:42:05,505 - sec_monitor - INFO - API call successful
2025-05-01 11:42:06,506 - sec_monitor - INFO - Processing filing 14/30: IRM
2025-05-01 11:44:05,300 - sec_monitor - INFO - ==================================================
2025-05-01 11:44:05,300 - sec_monitor - INFO - Processing first chunk
2025-05-01 11:44:05,300 - sec_monitor - INFO - Timestamp: 2025-05-01 11:44:05
2025-05-01 11:44:05,671 - sec_monitor - INFO - token percentage = 45%
2025-05-01 11:44:05,671 - sec_monitor - INFO - Making API call - Attempt 1/3
2025-05-01 11:44:05,672 - sec_monitor - INFO - Timestamp: 2025-05-01 11:44:05
2025-05-01 11:44:21,940 - sec_monitor - INFO - API call successful
2025-05-01 11:44:51,971 - sec_monitor - INFO - ==================================================
2025-05-01 11:44:51,971 - sec_monitor - INFO - Processing middle chunk
2025-05-01 11:44:51,971 - sec_monitor - INFO - Timestamp: 2025-05-01 11:44:51
2025-05-01 11:44:52,236 - sec_monitor - INFO - token percentage = 50%
2025-05-01 11:44:52,236 - sec_monitor - INFO - Making API call - Attempt 1/3
2025-05-01 11:44:52,237 - sec_monitor - INFO - Timestamp: 2025-05-01 11:44:52
2025-05-01 11:45:09,630 - sec_monitor - INFO - API call successful
2025-05-01 11:45:39,661 - sec_monitor - INFO - ==================================================
2025-05-01 11:45:39,661 - sec_monitor - INFO - Processing middle chunk
2025-05-01 11:45:39,661 - sec_monitor - INFO - Timestamp: 2025-05-01 11:45:39
2025-05-01 11:45:39,912 - sec_monitor - INFO - token percentage = 50%
2025-05-01 11:45:39,912 - sec_monitor - INFO - Making API call - Attempt 1/3
2025-05-01 11:45:39,912 - sec_monitor - INFO - Timestamp: 2025-05-01 11:45:39
2025-05-01 11:45:57,105 - sec_monitor - INFO - API call successful
2025-05-01 11:46:27,120 - sec_monitor - INFO - ==================================================
2025-05-01 11:46:27,120 - sec_monitor - INFO - Processing middle chunk
2025-05-01 11:46:27,120 - sec_monitor - INFO - Timestamp: 2025-05-01 11:46:27
2025-05-01 11:46:27,548 - sec_monitor - INFO - token percentage = 50%
2025-05-01 11:46:27,549 - sec_monitor - INFO - Making API call - Attempt 1/3
2025-05-01 11:46:27,549 - sec_monitor - INFO - Timestamp: 2025-05-01 11:46:27
2025-05-01 11:46:45,177 - sec_monitor - INFO - API call successful
2025-05-01 11:47:15,207 - sec_monitor - INFO - ==================================================
2025-05-01 11:47:15,207 - sec_monitor - INFO - Processing middle chunk
2025-05-01 11:47:15,208 - sec_monitor - INFO - Timestamp: 2025-05-01 11:47:15
2025-05-01 11:47:15,492 - sec_monitor - INFO - token percentage = 50%
2025-05-01 11:47:15,493 - sec_monitor - INFO - Making API call - Attempt 1/3
2025-05-01 11:47:15,493 - sec_monitor - INFO - Timestamp: 2025-05-01 11:47:15
2025-05-01 11:47:33,418 - sec_monitor - INFO - API call successful
2025-05-01 11:48:03,424 - sec_monitor - INFO - ==================================================
2025-05-01 11:48:03,424 - sec_monitor - INFO - Processing middle chunk
2025-05-01 11:48:03,424 - sec_monitor - INFO - Timestamp: 2025-05-01 11:48:03
2025-05-01 11:48:03,662 - sec_monitor - INFO - token percentage = 50%
2025-05-01 11:48:03,662 - sec_monitor - INFO - Making API call - Attempt 1/3
2025-05-01 11:48:03,663 - sec_monitor - INFO - Timestamp: 2025-05-01 11:48:03
2025-05-01 11:48:20,906 - sec_monitor - INFO - API call successful
2025-05-01 11:48:50,937 - sec_monitor - INFO - ==================================================
2025-05-01 11:48:50,937 - sec_monitor - INFO - Processing middle chunk
2025-05-01 11:48:50,937 - sec_monitor - INFO - Timestamp: 2025-05-01 11:48:50
2025-05-01 11:48:51,216 - sec_monitor - INFO - token percentage = 50%
2025-05-01 11:48:51,216 - sec_monitor - INFO - Making API call - Attempt 1/3
2025-05-01 11:48:51,216 - sec_monitor - INFO - Timestamp: 2025-05-01 11:48:51
2025-05-01 11:49:08,223 - sec_monitor - INFO - API call successful
2025-05-01 11:49:38,254 - sec_monitor - INFO - ==================================================
2025-05-01 11:49:38,254 - sec_monitor - INFO - Processing middle chunk
2025-05-01 11:49:38,254 - sec_monitor - INFO - Timestamp: 2025-05-01 11:49:38
2025-05-01 11:49:38,522 - sec_monitor - INFO - token percentage = 51%
2025-05-01 11:49:38,522 - sec_monitor - INFO - Making API call - Attempt 1/3
2025-05-01 11:49:38,522 - sec_monitor - INFO - Timestamp: 2025-05-01 11:49:38
2025-05-01 11:49:55,269 - sec_monitor - INFO - API call successful
2025-05-01 11:50:25,300 - sec_monitor - INFO - ==================================================
2025-05-01 11:50:25,300 - sec_monitor - INFO - Processing middle chunk
2025-05-01 11:50:25,300 - sec_monitor - INFO - Timestamp: 2025-05-01 11:50:25
2025-05-01 11:50:25,570 - sec_monitor - INFO - token percentage = 50%
2025-05-01 11:50:25,570 - sec_monitor - INFO - Making API call - Attempt 1/3
2025-05-01 11:50:25,570 - sec_monitor - INFO - Timestamp: 2025-05-01 11:50:25
2025-05-01 11:50:42,320 - sec_monitor - INFO - API call successful
2025-05-01 11:51:12,351 - sec_monitor - INFO - ==================================================
2025-05-01 11:51:12,351 - sec_monitor - INFO - Processing middle chunk
2025-05-01 11:51:12,351 - sec_monitor - INFO - Timestamp: 2025-05-01 11:51:12
2025-05-01 11:51:12,641 - sec_monitor - INFO - token percentage = 51%
2025-05-01 11:51:12,642 - sec_monitor - INFO - Making API call - Attempt 1/3
2025-05-01 11:51:12,642 - sec_monitor - INFO - Timestamp: 2025-05-01 11:51:12
2025-05-01 11:51:30,181 - sec_monitor - INFO - API call successful
2025-05-01 11:52:00,211 - sec_monitor - INFO - ==================================================
2025-05-01 11:52:00,211 - sec_monitor - INFO - Processing middle chunk
2025-05-01 11:52:00,211 - sec_monitor - INFO - Timestamp: 2025-05-01 11:52:00
2025-05-01 11:52:00,489 - sec_monitor - INFO - token percentage = 51%
2025-05-01 11:52:00,490 - sec_monitor - INFO - Making API call - Attempt 1/3
2025-05-01 11:52:00,490 - sec_monitor - INFO - Timestamp: 2025-05-01 11:52:00
2025-05-01 11:52:17,828 - sec_monitor - INFO - API call successful
2025-05-01 11:52:47,858 - sec_monitor - INFO - ==================================================
2025-05-01 11:52:47,859 - sec_monitor - INFO - Processing middle chunk
2025-05-01 11:52:47,859 - sec_monitor - INFO - Timestamp: 2025-05-01 11:52:47
2025-05-01 11:52:48,165 - sec_monitor - INFO - token percentage = 50%
2025-05-01 11:52:48,166 - sec_monitor - INFO - Making API call - Attempt 1/3
2025-05-01 11:52:48,166 - sec_monitor - INFO - Timestamp: 2025-05-01 11:52:48
2025-05-01 11:53:05,523 - sec_monitor - INFO - API call successful
2025-05-01 11:53:35,554 - sec_monitor - INFO - ==================================================
2025-05-01 11:53:35,554 - sec_monitor - INFO - Processing middle chunk
2025-05-01 11:53:35,555 - sec_monitor - INFO - Timestamp: 2025-05-01 11:53:35
2025-05-01 11:53:35,804 - sec_monitor - INFO - token percentage = 51%
2025-05-01 11:53:35,805 - sec_monitor - INFO - Making API call - Attempt 1/3
2025-05-01 11:53:35,805 - sec_monitor - INFO - Timestamp: 2025-05-01 11:53:35
2025-05-01 11:53:52,709 - sec_monitor - INFO - API call successful
2025-05-01 11:54:22,739 - sec_monitor - INFO - ==================================================
2025-05-01 11:54:22,740 - sec_monitor - INFO - Processing last chunk
2025-05-01 11:54:22,740 - sec_monitor - INFO - Timestamp: 2025-05-01 11:54:22
2025-05-01 11:54:22,813 - sec_monitor - INFO - token percentage = 5%
2025-05-01 11:54:22,813 - sec_monitor - INFO - Making API call - Attempt 1/3
2025-05-01 11:54:22,813 - sec_monitor - INFO - Timestamp: 2025-05-01 11:54:22
2025-05-01 11:54:25,994 - sec_monitor - INFO - API call successful
2025-05-01 11:54:25,995 - sec_monitor - INFO - Making combine API call - Attempt 1/3
2025-05-01 11:54:25,995 - sec_monitor - INFO - Timestamp: 2025-05-01 11:54:25
2025-05-01 11:54:27,078 - sec_monitor - INFO - Combine API call successful
2025-05-01 11:54:28,080 - sec_monitor - INFO - Processing filing 15/30: HSY
2025-05-01 11:55:01,630 - sec_monitor - INFO - ==================================================
2025-05-01 11:55:01,631 - sec_monitor - INFO - Processing first chunk
2025-05-01 11:55:01,631 - sec_monitor - INFO - Timestamp: 2025-05-01 11:55:01
2025-05-01 11:55:01,893 - sec_monitor - INFO - token percentage = 42%
2025-05-01 11:55:01,894 - sec_monitor - INFO - Making API call - Attempt 1/3
2025-05-01 11:55:01,894 - sec_monitor - INFO - Timestamp: 2025-05-01 11:55:01
2025-05-01 11:55:16,626 - sec_monitor - INFO - API call successful
2025-05-01 11:55:17,628 - sec_monitor - INFO - Processing filing 16/30: SW
2025-05-01 11:56:07,431 - sec_monitor - INFO - ==================================================
2025-05-01 11:56:07,431 - sec_monitor - INFO - Processing first chunk
2025-05-01 11:56:07,431 - sec_monitor - INFO - Timestamp: 2025-05-01 11:56:07
2025-05-01 11:56:07,717 - sec_monitor - INFO - token percentage = 49%
2025-05-01 11:56:07,717 - sec_monitor - INFO - Making API call - Attempt 1/3
2025-05-01 11:56:07,717 - sec_monitor - INFO - Timestamp: 2025-05-01 11:56:07
2025-05-01 11:56:25,438 - sec_monitor - INFO - API call successful
2025-05-01 11:56:55,445 - sec_monitor - INFO - ==================================================
2025-05-01 11:56:55,446 - sec_monitor - INFO - Processing middle chunk
2025-05-01 11:56:55,446 - sec_monitor - INFO - Timestamp: 2025-05-01 11:56:55
2025-05-01 11:56:55,669 - sec_monitor - INFO - token percentage = 52%
2025-05-01 11:56:55,670 - sec_monitor - INFO - Making API call - Attempt 1/3
2025-05-01 11:56:55,670 - sec_monitor - INFO - Timestamp: 2025-05-01 11:56:55
2025-05-01 11:57:13,116 - sec_monitor - INFO - API call successful
2025-05-01 11:57:43,146 - sec_monitor - INFO - ==================================================
2025-05-01 11:57:43,147 - sec_monitor - INFO - Processing middle chunk
2025-05-01 11:57:43,147 - sec_monitor - INFO - Timestamp: 2025-05-01 11:57:43
2025-05-01 11:57:43,791 - sec_monitor - INFO - token percentage = 49%
2025-05-01 11:57:43,791 - sec_monitor - INFO - Making API call - Attempt 1/3
2025-05-01 11:57:43,791 - sec_monitor - INFO - Timestamp: 2025-05-01 11:57:43
2025-05-01 11:57:59,500 - sec_monitor - INFO - API call successful
2025-05-01 11:58:29,505 - sec_monitor - INFO - ==================================================
2025-05-01 11:58:29,505 - sec_monitor - INFO - Processing last chunk
2025-05-01 11:58:29,505 - sec_monitor - INFO - Timestamp: 2025-05-01 11:58:29
2025-05-01 11:58:29,603 - sec_monitor - INFO - token percentage = 13%
2025-05-01 11:58:29,604 - sec_monitor - INFO - Making API call - Attempt 1/3
2025-05-01 11:58:29,604 - sec_monitor - INFO - Timestamp: 2025-05-01 11:58:29
2025-05-01 11:58:35,064 - sec_monitor - INFO - API call successful
2025-05-01 11:58:35,064 - sec_monitor - INFO - Making combine API call - Attempt 1/3
2025-05-01 11:58:35,064 - sec_monitor - INFO - Timestamp: 2025-05-01 11:58:35
2025-05-01 11:58:36,211 - sec_monitor - INFO - Combine API call successful
2025-05-01 11:58:37,213 - sec_monitor - INFO - Processing filing 17/30: CVS
2025-05-01 11:59:33,192 - sec_monitor - INFO - ==================================================
2025-05-01 11:59:33,192 - sec_monitor - INFO - Processing first chunk
2025-05-01 11:59:33,192 - sec_monitor - INFO - Timestamp: 2025-05-01 11:59:33
2025-05-01 11:59:33,949 - sec_monitor - INFO - token percentage = 40%
2025-05-01 11:59:33,949 - sec_monitor - INFO - Making API call - Attempt 1/3
2025-05-01 11:59:33,949 - sec_monitor - INFO - Timestamp: 2025-05-01 11:59:33
2025-05-01 11:59:49,972 - sec_monitor - INFO - API call successful
2025-05-01 12:00:20,002 - sec_monitor - INFO - ==================================================
2025-05-01 12:00:20,002 - sec_monitor - INFO - Processing middle chunk
2025-05-01 12:00:20,002 - sec_monitor - INFO - Timestamp: 2025-05-01 12:00:20
2025-05-01 12:00:20,651 - sec_monitor - INFO - token percentage = 52%
2025-05-01 12:00:20,652 - sec_monitor - INFO - Making API call - Attempt 1/3
2025-05-01 12:00:20,652 - sec_monitor - INFO - Timestamp: 2025-05-01 12:00:20
2025-05-01 12:00:39,292 - sec_monitor - INFO - API call successful
2025-05-01 12:01:09,322 - sec_monitor - INFO - ==================================================
2025-05-01 12:01:09,323 - sec_monitor - INFO - Processing middle chunk
2025-05-01 12:01:09,323 - sec_monitor - INFO - Timestamp: 2025-05-01 12:01:09
2025-05-01 12:01:10,071 - sec_monitor - INFO - token percentage = 58%
2025-05-01 12:01:10,072 - sec_monitor - INFO - Making API call - Attempt 1/3
2025-05-01 12:01:10,072 - sec_monitor - INFO - Timestamp: 2025-05-01 12:01:10
2025-05-01 12:01:31,376 - sec_monitor - INFO - API call successful
2025-05-01 12:02:01,400 - sec_monitor - INFO - ==================================================
2025-05-01 12:02:01,400 - sec_monitor - INFO - Processing last chunk
2025-05-01 12:02:01,400 - sec_monitor - INFO - Timestamp: 2025-05-01 12:02:01
2025-05-01 12:02:02,018 - sec_monitor - INFO - token percentage = 38%
2025-05-01 12:02:02,019 - sec_monitor - INFO - Making API call - Attempt 1/3
2025-05-01 12:02:02,019 - sec_monitor - INFO - Timestamp: 2025-05-01 12:02:02
2025-05-01 12:02:15,831 - sec_monitor - INFO - API call successful
2025-05-01 12:02:15,832 - sec_monitor - INFO - Making combine API call - Attempt 1/3
2025-05-01 12:02:15,832 - sec_monitor - INFO - Timestamp: 2025-05-01 12:02:15
2025-05-01 12:02:17,155 - sec_monitor - INFO - Combine API call successful
2025-05-01 12:02:18,157 - sec_monitor - INFO - Processing filing 18/30: BDX
2025-05-01 12:02:49,543 - sec_monitor - INFO - ==================================================
2025-05-01 12:02:49,544 - sec_monitor - INFO - Processing first chunk
2025-05-01 12:02:49,544 - sec_monitor - INFO - Timestamp: 2025-05-01 12:02:49
2025-05-01 12:02:49,659 - sec_monitor - INFO - token percentage = 8%
2025-05-01 12:02:49,660 - sec_monitor - INFO - Making API call - Attempt 1/3
2025-05-01 12:02:49,660 - sec_monitor - INFO - Timestamp: 2025-05-01 12:02:49
2025-05-01 12:02:53,887 - sec_monitor - INFO - API call successful
2025-05-01 12:02:54,889 - sec_monitor - INFO - Processing filing 19/30: CVS
2025-05-01 12:03:27,236 - sec_monitor - INFO - ==================================================
2025-05-01 12:03:27,236 - sec_monitor - INFO - Processing first chunk
2025-05-01 12:03:27,236 - sec_monitor - INFO - Timestamp: 2025-05-01 12:03:27
2025-05-01 12:03:27,448 - sec_monitor - INFO - token percentage = 29%
2025-05-01 12:03:27,448 - sec_monitor - INFO - Making API call - Attempt 1/3
2025-05-01 12:03:27,448 - sec_monitor - INFO - Timestamp: 2025-05-01 12:03:27
2025-05-01 12:03:37,573 - sec_monitor - INFO - API call successful
2025-05-01 12:03:38,575 - sec_monitor - INFO - Processing filing 20/30: GM
2025-05-01 12:04:09,090 - sec_monitor - INFO - ==================================================
2025-05-01 12:04:09,090 - sec_monitor - INFO - Processing first chunk
2025-05-01 12:04:09,090 - sec_monitor - INFO - Timestamp: 2025-05-01 12:04:09
2025-05-01 12:04:09,151 - sec_monitor - INFO - token percentage = 3%
2025-05-01 12:04:09,151 - sec_monitor - INFO - Making API call - Attempt 1/3
2025-05-01 12:04:09,151 - sec_monitor - INFO - Timestamp: 2025-05-01 12:04:09
2025-05-01 12:04:11,258 - sec_monitor - INFO - API call successful
2025-05-01 12:04:12,259 - sec_monitor - INFO - Processing filing 21/30: MRNA
2025-05-01 12:04:42,995 - sec_monitor - INFO - ==================================================
2025-05-01 12:04:42,995 - sec_monitor - INFO - Processing first chunk
2025-05-01 12:04:42,996 - sec_monitor - INFO - Timestamp: 2025-05-01 12:04:42
2025-05-01 12:04:43,070 - sec_monitor - INFO - token percentage = 4%
2025-05-01 12:04:43,071 - sec_monitor - INFO - Making API call - Attempt 1/3
2025-05-01 12:04:43,071 - sec_monitor - INFO - Timestamp: 2025-05-01 12:04:43
2025-05-01 12:04:46,942 - sec_monitor - INFO - API call successful
2025-05-01 12:04:47,944 - sec_monitor - INFO - Processing filing 22/30: BSX
2025-05-01 12:05:40,498 - sec_monitor - INFO - ==================================================
2025-05-01 12:05:40,498 - sec_monitor - INFO - Processing first chunk
2025-05-01 12:05:40,499 - sec_monitor - INFO - Timestamp: 2025-05-01 12:05:40
2025-05-01 12:05:41,222 - sec_monitor - INFO - token percentage = 43%
2025-05-01 12:05:41,223 - sec_monitor - INFO - Making API call - Attempt 1/3
2025-05-01 12:05:41,223 - sec_monitor - INFO - Timestamp: 2025-05-01 12:05:41
2025-05-01 12:05:56,936 - sec_monitor - INFO - API call successful
2025-05-01 12:06:26,948 - sec_monitor - INFO - ==================================================
2025-05-01 12:06:26,948 - sec_monitor - INFO - Processing middle chunk
2025-05-01 12:06:26,949 - sec_monitor - INFO - Timestamp: 2025-05-01 12:06:26
2025-05-01 12:06:27,549 - sec_monitor - INFO - token percentage = 57%
2025-05-01 12:06:27,549 - sec_monitor - INFO - Making API call - Attempt 1/3
2025-05-01 12:06:27,549 - sec_monitor - INFO - Timestamp: 2025-05-01 12:06:27
2025-05-01 12:06:48,489 - sec_monitor - INFO - API call successful
2025-05-01 12:07:18,518 - sec_monitor - INFO - ==================================================
2025-05-01 12:07:18,519 - sec_monitor - INFO - Processing middle chunk
2025-05-01 12:07:18,519 - sec_monitor - INFO - Timestamp: 2025-05-01 12:07:18
2025-05-01 12:07:19,187 - sec_monitor - INFO - token percentage = 45%
2025-05-01 12:07:19,188 - sec_monitor - INFO - Making API call - Attempt 1/3
2025-05-01 12:07:19,188 - sec_monitor - INFO - Timestamp: 2025-05-01 12:07:19
2025-05-01 12:07:35,905 - sec_monitor - INFO - API call successful
2025-05-01 12:08:05,928 - sec_monitor - INFO - ==================================================
2025-05-01 12:08:05,928 - sec_monitor - INFO - Processing last chunk
2025-05-01 12:08:05,928 - sec_monitor - INFO - Timestamp: 2025-05-01 12:08:05
2025-05-01 12:08:06,216 - sec_monitor - INFO - token percentage = 23%
2025-05-01 12:08:06,217 - sec_monitor - INFO - Making API call - Attempt 1/3
2025-05-01 12:08:06,217 - sec_monitor - INFO - Timestamp: 2025-05-01 12:08:06
2025-05-01 12:08:14,992 - sec_monitor - INFO - API call successful
2025-05-01 12:08:14,992 - sec_monitor - INFO - Making combine API call - Attempt 1/3
2025-05-01 12:08:14,992 - sec_monitor - INFO - Timestamp: 2025-05-01 12:08:14
2025-05-01 12:08:15,978 - sec_monitor - INFO - Combine API call successful
2025-05-01 12:08:16,979 - sec_monitor - INFO - Processing filing 23/30: IDXX
2025-05-01 12:08:47,977 - sec_monitor - INFO - ==================================================
2025-05-01 12:08:47,977 - sec_monitor - INFO - Processing first chunk
2025-05-01 12:08:47,977 - sec_monitor - INFO - Timestamp: 2025-05-01 12:08:47
2025-05-01 12:08:48,085 - sec_monitor - INFO - token percentage = 8%
2025-05-01 12:08:48,085 - sec_monitor - INFO - Making API call - Attempt 1/3
2025-05-01 12:08:48,085 - sec_monitor - INFO - Timestamp: 2025-05-01 12:08:48
2025-05-01 12:08:52,661 - sec_monitor - INFO - API call successful
2025-05-01 12:08:53,662 - sec_monitor - INFO - Processing filing 24/30: KLAC
2025-05-01 12:09:24,123 - sec_monitor - INFO - ==================================================
2025-05-01 12:09:24,123 - sec_monitor - INFO - Processing first chunk
2025-05-01 12:09:24,123 - sec_monitor - INFO - Timestamp: 2025-05-01 12:09:24
2025-05-01 12:09:24,251 - sec_monitor - INFO - token percentage = 3%
2025-05-01 12:09:24,251 - sec_monitor - INFO - Making API call - Attempt 1/3
2025-05-01 12:09:24,251 - sec_monitor - INFO - Timestamp: 2025-05-01 12:09:24
2025-05-01 12:09:25,680 - sec_monitor - INFO - API call successful
2025-05-01 12:09:26,681 - sec_monitor - INFO - Processing filing 25/30: TRGP
2025-05-01 12:09:58,150 - sec_monitor - INFO - ==================================================
2025-05-01 12:09:58,150 - sec_monitor - INFO - Processing first chunk
2025-05-01 12:09:58,150 - sec_monitor - INFO - Timestamp: 2025-05-01 12:09:58
2025-05-01 12:09:58,262 - sec_monitor - INFO - token percentage = 10%
2025-05-01 12:09:58,262 - sec_monitor - INFO - Making API call - Attempt 1/3
2025-05-01 12:09:58,263 - sec_monitor - INFO - Timestamp: 2025-05-01 12:09:58
2025-05-01 12:10:03,507 - sec_monitor - INFO - API call successful
2025-05-01 12:10:04,509 - sec_monitor - INFO - Processing filing 26/30: META
2025-05-01 12:11:04,872 - sec_monitor - INFO - ==================================================
2025-05-01 12:11:04,872 - sec_monitor - INFO - Processing first chunk
2025-05-01 12:11:04,872 - sec_monitor - INFO - Timestamp: 2025-05-01 12:11:04
2025-05-01 12:11:05,721 - sec_monitor - INFO - token percentage = 46%
2025-05-01 12:11:05,721 - sec_monitor - INFO - Making API call - Attempt 1/3
2025-05-01 12:11:05,721 - sec_monitor - INFO - Timestamp: 2025-05-01 12:11:05
2025-05-01 12:11:22,544 - sec_monitor - INFO - API call successful
2025-05-01 12:11:52,549 - sec_monitor - INFO - ==================================================
2025-05-01 12:11:52,549 - sec_monitor - INFO - Processing middle chunk
2025-05-01 12:11:52,549 - sec_monitor - INFO - Timestamp: 2025-05-01 12:11:52
2025-05-01 12:11:53,127 - sec_monitor - INFO - token percentage = 48%
2025-05-01 12:11:53,127 - sec_monitor - INFO - Making API call - Attempt 1/3
2025-05-01 12:11:53,127 - sec_monitor - INFO - Timestamp: 2025-05-01 12:11:53
2025-05-01 12:12:09,668 - sec_monitor - INFO - API call successful
2025-05-01 12:12:39,698 - sec_monitor - INFO - ==================================================
2025-05-01 12:12:39,698 - sec_monitor - INFO - Processing middle chunk
2025-05-01 12:12:39,698 - sec_monitor - INFO - Timestamp: 2025-05-01 12:12:39
2025-05-01 12:12:40,102 - sec_monitor - INFO - token percentage = 40%
2025-05-01 12:12:40,102 - sec_monitor - INFO - Making API call - Attempt 1/3
2025-05-01 12:12:40,102 - sec_monitor - INFO - Timestamp: 2025-05-01 12:12:40
2025-05-01 12:12:54,427 - sec_monitor - INFO - API call successful
2025-05-01 12:13:24,457 - sec_monitor - INFO - ==================================================
2025-05-01 12:13:24,457 - sec_monitor - INFO - Processing middle chunk
2025-05-01 12:13:24,458 - sec_monitor - INFO - Timestamp: 2025-05-01 12:13:24
2025-05-01 12:13:24,855 - sec_monitor - INFO - token percentage = 62%
2025-05-01 12:13:24,855 - sec_monitor - INFO - Making API call - Attempt 1/3
2025-05-01 12:13:24,855 - sec_monitor - INFO - Timestamp: 2025-05-01 12:13:24
2025-05-01 12:13:46,143 - sec_monitor - INFO - API call successful
2025-05-01 12:14:16,168 - sec_monitor - INFO - ==================================================
2025-05-01 12:14:16,168 - sec_monitor - INFO - Processing last chunk
2025-05-01 12:14:16,168 - sec_monitor - INFO - Timestamp: 2025-05-01 12:14:16
2025-05-01 12:14:16,504 - sec_monitor - INFO - token percentage = 50%
2025-05-01 12:14:16,504 - sec_monitor - INFO - Making API call - Attempt 1/3
2025-05-01 12:14:16,505 - sec_monitor - INFO - Timestamp: 2025-05-01 12:14:16
2025-05-01 12:14:34,259 - sec_monitor - INFO - API call successful
2025-05-01 12:14:34,260 - sec_monitor - INFO - Making combine API call - Attempt 1/3
2025-05-01 12:14:34,260 - sec_monitor - INFO - Timestamp: 2025-05-01 12:14:34
2025-05-01 12:14:35,517 - sec_monitor - INFO - Combine API call successful
2025-05-01 12:14:36,519 - sec_monitor - INFO - Processing filing 27/30: CSGP
2025-05-01 12:15:29,222 - sec_monitor - INFO - ==================================================
2025-05-01 12:15:29,222 - sec_monitor - INFO - Processing first chunk
2025-05-01 12:15:29,222 - sec_monitor - INFO - Timestamp: 2025-05-01 12:15:29
2025-05-01 12:15:30,127 - sec_monitor - INFO - token percentage = 41%
2025-05-01 12:15:30,128 - sec_monitor - INFO - Making API call - Attempt 1/3
2025-05-01 12:15:30,128 - sec_monitor - INFO - Timestamp: 2025-05-01 12:15:30
2025-05-01 12:15:46,214 - sec_monitor - INFO - API call successful
2025-05-01 12:16:16,232 - sec_monitor - INFO - ==================================================
2025-05-01 12:16:16,232 - sec_monitor - INFO - Processing middle chunk
2025-05-01 12:16:16,232 - sec_monitor - INFO - Timestamp: 2025-05-01 12:16:16
2025-05-01 12:16:16,862 - sec_monitor - INFO - token percentage = 59%
2025-05-01 12:16:16,863 - sec_monitor - INFO - Making API call - Attempt 1/3
2025-05-01 12:16:16,863 - sec_monitor - INFO - Timestamp: 2025-05-01 12:16:16
2025-05-01 12:16:39,651 - sec_monitor - INFO - API call successful
2025-05-01 12:17:09,666 - sec_monitor - INFO - ==================================================
2025-05-01 12:17:09,666 - sec_monitor - INFO - Processing middle chunk
2025-05-01 12:17:09,666 - sec_monitor - INFO - Timestamp: 2025-05-01 12:17:09
2025-05-01 12:17:10,272 - sec_monitor - INFO - token percentage = 44%
2025-05-01 12:17:10,273 - sec_monitor - INFO - Making API call - Attempt 1/3
2025-05-01 12:17:10,273 - sec_monitor - INFO - Timestamp: 2025-05-01 12:17:10
2025-05-01 12:17:26,734 - sec_monitor - INFO - API call successful
2025-05-01 12:17:56,765 - sec_monitor - INFO - ==================================================
2025-05-01 12:17:56,765 - sec_monitor - INFO - Processing last chunk
2025-05-01 12:17:56,765 - sec_monitor - INFO - Timestamp: 2025-05-01 12:17:56
2025-05-01 12:17:56,938 - sec_monitor - INFO - token percentage = 22%
2025-05-01 12:17:56,938 - sec_monitor - INFO - Making API call - Attempt 1/3
2025-05-01 12:17:56,939 - sec_monitor - INFO - Timestamp: 2025-05-01 12:17:56
2025-05-01 12:18:04,869 - sec_monitor - INFO - API call successful
2025-05-01 12:18:04,870 - sec_monitor - INFO - Making combine API call - Attempt 1/3
2025-05-01 12:18:04,870 - sec_monitor - INFO - Timestamp: 2025-05-01 12:18:04
2025-05-01 12:18:06,410 - sec_monitor - INFO - Combine API call successful
2025-05-01 12:18:07,411 - sec_monitor - INFO - Processing filing 28/30: CTSH
2025-05-01 12:19:02,377 - sec_monitor - INFO - ==================================================
2025-05-01 12:19:02,378 - sec_monitor - INFO - Processing first chunk
2025-05-01 12:19:02,378 - sec_monitor - INFO - Timestamp: 2025-05-01 12:19:02
2025-05-01 12:19:02,829 - sec_monitor - INFO - token percentage = 51%
2025-05-01 12:19:02,829 - sec_monitor - INFO - Making API call - Attempt 1/3
2025-05-01 12:19:02,829 - sec_monitor - INFO - Timestamp: 2025-05-01 12:19:02
2025-05-01 12:19:20,932 - sec_monitor - INFO - API call successful
2025-05-01 12:19:50,962 - sec_monitor - INFO - ==================================================
2025-05-01 12:19:50,963 - sec_monitor - INFO - Processing middle chunk
2025-05-01 12:19:50,963 - sec_monitor - INFO - Timestamp: 2025-05-01 12:19:50
2025-05-01 12:19:51,450 - sec_monitor - INFO - token percentage = 42%
2025-05-01 12:19:51,451 - sec_monitor - INFO - Making API call - Attempt 1/3
2025-05-01 12:19:51,451 - sec_monitor - INFO - Timestamp: 2025-05-01 12:19:51
2025-05-01 12:20:06,256 - sec_monitor - INFO - API call successful
2025-05-01 12:20:36,287 - sec_monitor - INFO - ==================================================
2025-05-01 12:20:36,287 - sec_monitor - INFO - Processing middle chunk
2025-05-01 12:20:36,287 - sec_monitor - INFO - Timestamp: 2025-05-01 12:20:36
2025-05-01 12:20:36,708 - sec_monitor - INFO - token percentage = 53%
2025-05-01 12:20:36,708 - sec_monitor - INFO - Making API call - Attempt 1/3
2025-05-01 12:20:36,708 - sec_monitor - INFO - Timestamp: 2025-05-01 12:20:36
2025-05-01 12:20:55,707 - sec_monitor - INFO - API call successful
2025-05-01 12:21:25,738 - sec_monitor - INFO - ==================================================
2025-05-01 12:21:25,738 - sec_monitor - INFO - Processing last chunk
2025-05-01 12:21:25,738 - sec_monitor - INFO - Timestamp: 2025-05-01 12:21:25
2025-05-01 12:21:26,042 - sec_monitor - INFO - token percentage = 26%
2025-05-01 12:21:26,042 - sec_monitor - INFO - Making API call - Attempt 1/3
2025-05-01 12:21:26,042 - sec_monitor - INFO - Timestamp: 2025-05-01 12:21:26
2025-05-01 12:21:35,043 - sec_monitor - INFO - API call successful
2025-05-01 12:21:35,044 - sec_monitor - INFO - Making combine API call - Attempt 1/3
2025-05-01 12:21:35,044 - sec_monitor - INFO - Timestamp: 2025-05-01 12:21:35
2025-05-01 12:21:36,097 - sec_monitor - INFO - Combine API call successful
2025-05-01 12:21:37,099 - sec_monitor - INFO - Processing filing 29/30: FMC
2025-05-01 12:22:07,581 - sec_monitor - INFO - ==================================================
2025-05-01 12:22:07,581 - sec_monitor - INFO - Processing first chunk
2025-05-01 12:22:07,581 - sec_monitor - INFO - Timestamp: 2025-05-01 12:22:07
2025-05-01 12:22:07,632 - sec_monitor - INFO - token percentage = 3%
2025-05-01 12:22:07,632 - sec_monitor - INFO - Making API call - Attempt 1/3
2025-05-01 12:22:07,632 - sec_monitor - INFO - Timestamp: 2025-05-01 12:22:07
2025-05-01 12:22:09,035 - sec_monitor - INFO - API call successful
2025-05-01 12:22:10,036 - sec_monitor - INFO - Processing filing 30/30: LVS
2025-05-01 12:22:41,058 - sec_monitor - INFO - ==================================================
2025-05-01 12:22:41,059 - sec_monitor - INFO - Processing first chunk
2025-05-01 12:22:41,059 - sec_monitor - INFO - Timestamp: 2025-05-01 12:22:41
2025-05-01 12:22:41,220 - sec_monitor - INFO - token percentage = 15%
2025-05-01 12:22:41,220 - sec_monitor - INFO - Making API call - Attempt 1/3
2025-05-01 12:22:41,220 - sec_monitor - INFO - Timestamp: 2025-05-01 12:22:41
2025-05-01 12:22:47,580 - sec_monitor - INFO - API call successful
2025-05-01 12:22:48,581 - sec_monitor - INFO - Fetching supplementary data...
2025-05-01 12:22:48,998 - sec_monitor - INFO - filing_tickers type: <class 'list'>
2025-05-01 12:22:48,999 - sec_monitor - INFO - filing_data type: <class 'list'>
2025-05-01 12:22:48,999 - sec_monitor - INFO - Market open: False
2025-05-01 12:22:48,999 - sec_monitor - INFO - Number of filing times mapped: 29
2025-05-01 12:22:49,038 - sec_monitor - INFO - Last trading day: 2025-05-01
2025-05-01 12:22:49,038 - sec_monitor - INFO - Processing ticker: AVB
2025-05-01 12:22:49,648 - sec_monitor - INFO - Number of bars for AVB: 3
2025-05-01 12:22:49,648 - sec_monitor - INFO - Last bar close for AVB: 210.155
2025-05-01 12:22:49,648 - sec_monitor - INFO - Outside market hours price for AVB: 210.155
2025-05-01 12:22:49,648 - sec_monitor - INFO - Processing ticker: CHD
2025-05-01 12:22:49,703 - sec_monitor - INFO - Number of bars for CHD: 3
2025-05-01 12:22:49,703 - sec_monitor - INFO - Last bar close for CHD: 99.28
2025-05-01 12:22:49,703 - sec_monitor - INFO - Outside market hours price for CHD: 99.28
2025-05-01 12:22:49,703 - sec_monitor - INFO - Processing ticker: LLY
2025-05-01 12:22:49,755 - sec_monitor - INFO - Number of bars for LLY: 3
2025-05-01 12:22:49,755 - sec_monitor - INFO - Last bar close for LLY: 897.46
2025-05-01 12:22:49,755 - sec_monitor - INFO - Outside market hours price for LLY: 897.46
2025-05-01 12:22:49,755 - sec_monitor - INFO - Processing ticker: MCD
2025-05-01 12:22:49,808 - sec_monitor - INFO - Number of bars for MCD: 3
2025-05-01 12:22:49,808 - sec_monitor - INFO - Last bar close for MCD: 319.49
2025-05-01 12:22:49,808 - sec_monitor - INFO - Outside market hours price for MCD: 319.49
2025-05-01 12:22:49,808 - sec_monitor - INFO - Processing ticker: TFX
2025-05-01 12:22:49,860 - sec_monitor - INFO - Number of bars for TFX: 3
2025-05-01 12:22:49,861 - sec_monitor - INFO - Last bar close for TFX: 137.06
2025-05-01 12:22:49,861 - sec_monitor - INFO - Outside market hours price for TFX: 137.06
2025-05-01 12:22:49,861 - sec_monitor - INFO - Processing ticker: IEX
2025-05-01 12:22:49,914 - sec_monitor - INFO - Number of bars for IEX: 3
2025-05-01 12:22:49,914 - sec_monitor - INFO - Last bar close for IEX: 173.62
2025-05-01 12:22:49,915 - sec_monitor - INFO - Outside market hours price for IEX: 173.62
2025-05-01 12:22:49,915 - sec_monitor - INFO - Processing ticker: BLDR
2025-05-01 12:22:49,970 - sec_monitor - INFO - Number of bars for BLDR: 3
2025-05-01 12:22:49,970 - sec_monitor - INFO - Last bar close for BLDR: 119.43
2025-05-01 12:22:49,970 - sec_monitor - INFO - Outside market hours price for BLDR: 119.43
2025-05-01 12:22:49,970 - sec_monitor - INFO - Processing ticker: PWR
2025-05-01 12:22:50,025 - sec_monitor - INFO - Number of bars for PWR: 3
2025-05-01 12:22:50,026 - sec_monitor - INFO - Last bar close for PWR: 292.96
2025-05-01 12:22:50,026 - sec_monitor - INFO - Outside market hours price for PWR: 292.96
2025-05-01 12:22:50,026 - sec_monitor - INFO - Processing ticker: EXC
2025-05-01 12:22:50,082 - sec_monitor - INFO - Number of bars for EXC: 3
2025-05-01 12:22:50,082 - sec_monitor - INFO - Last bar close for EXC: 46.855
2025-05-01 12:22:50,082 - sec_monitor - INFO - Outside market hours price for EXC: 46.855
2025-05-01 12:22:50,082 - sec_monitor - INFO - Processing ticker: CARR
2025-05-01 12:22:50,139 - sec_monitor - INFO - Number of bars for CARR: 3
2025-05-01 12:22:50,139 - sec_monitor - INFO - Last bar close for CARR: 62.46
2025-05-01 12:22:50,139 - sec_monitor - INFO - Outside market hours price for CARR: 62.46
2025-05-01 12:22:50,140 - sec_monitor - INFO - Processing ticker: BIIB
2025-05-01 12:22:50,192 - sec_monitor - INFO - Number of bars for BIIB: 3
2025-05-01 12:22:50,192 - sec_monitor - INFO - Last bar close for BIIB: 121.02
2025-05-01 12:22:50,192 - sec_monitor - INFO - Outside market hours price for BIIB: 121.02
2025-05-01 12:22:50,192 - sec_monitor - INFO - Processing ticker: APTV
2025-05-01 12:22:50,245 - sec_monitor - INFO - Number of bars for APTV: 3
2025-05-01 12:22:50,246 - sec_monitor - INFO - Last bar close for APTV: 56.99
2025-05-01 12:22:50,246 - sec_monitor - INFO - Outside market hours price for APTV: 56.99
2025-05-01 12:22:50,246 - sec_monitor - INFO - Processing ticker: CAH
2025-05-01 12:22:50,305 - sec_monitor - INFO - Number of bars for CAH: 3
2025-05-01 12:22:50,305 - sec_monitor - INFO - Last bar close for CAH: 141.23
2025-05-01 12:22:50,305 - sec_monitor - INFO - Outside market hours price for CAH: 141.23
2025-05-01 12:22:50,305 - sec_monitor - INFO - Processing ticker: IRM
2025-05-01 12:22:50,367 - sec_monitor - INFO - Number of bars for IRM: 3
2025-05-01 12:22:50,367 - sec_monitor - INFO - Last bar close for IRM: 89.74
2025-05-01 12:22:50,367 - sec_monitor - INFO - Outside market hours price for IRM: 89.74
2025-05-01 12:22:50,367 - sec_monitor - INFO - Processing ticker: HSY
2025-05-01 12:22:50,422 - sec_monitor - INFO - Number of bars for HSY: 3
2025-05-01 12:22:50,422 - sec_monitor - INFO - Last bar close for HSY: 167.31
2025-05-01 12:22:50,422 - sec_monitor - INFO - Outside market hours price for HSY: 167.31
2025-05-01 12:22:50,422 - sec_monitor - INFO - Processing ticker: SW
2025-05-01 12:22:50,477 - sec_monitor - INFO - Number of bars for SW: 3
2025-05-01 12:22:50,477 - sec_monitor - INFO - Last bar close for SW: 41.97
2025-05-01 12:22:50,477 - sec_monitor - INFO - Outside market hours price for SW: 41.97
2025-05-01 12:22:50,477 - sec_monitor - INFO - Processing ticker: CVS
2025-05-01 12:22:50,527 - sec_monitor - INFO - Number of bars for CVS: 3
2025-05-01 12:22:50,528 - sec_monitor - INFO - Last bar close for CVS: 66.7
2025-05-01 12:22:50,528 - sec_monitor - INFO - Outside market hours price for CVS: 66.7
2025-05-01 12:22:50,528 - sec_monitor - INFO - Processing ticker: BDX
2025-05-01 12:22:50,581 - sec_monitor - INFO - Number of bars for BDX: 3
2025-05-01 12:22:50,581 - sec_monitor - INFO - Last bar close for BDX: 206.93
2025-05-01 12:22:50,582 - sec_monitor - INFO - Outside market hours price for BDX: 206.93
2025-05-01 12:22:50,582 - sec_monitor - INFO - Processing ticker: CVS
2025-05-01 12:22:50,631 - sec_monitor - INFO - Number of bars for CVS: 3
2025-05-01 12:22:50,631 - sec_monitor - INFO - Last bar close for CVS: 66.7
2025-05-01 12:22:50,631 - sec_monitor - INFO - Outside market hours price for CVS: 66.7
2025-05-01 12:22:50,631 - sec_monitor - INFO - Processing ticker: GM
2025-05-01 12:22:50,685 - sec_monitor - INFO - Number of bars for GM: 3
2025-05-01 12:22:50,685 - sec_monitor - INFO - Last bar close for GM: 45.21
2025-05-01 12:22:50,686 - sec_monitor - INFO - Outside market hours price for GM: 45.21
2025-05-01 12:22:50,686 - sec_monitor - INFO - Processing ticker: MRNA
2025-05-01 12:22:50,739 - sec_monitor - INFO - Number of bars for MRNA: 3
2025-05-01 12:22:50,740 - sec_monitor - INFO - Last bar close for MRNA: 28.55
2025-05-01 12:22:50,740 - sec_monitor - INFO - Outside market hours price for MRNA: 28.55
2025-05-01 12:22:50,740 - sec_monitor - INFO - Processing ticker: BSX
2025-05-01 12:22:50,797 - sec_monitor - INFO - Number of bars for BSX: 3
2025-05-01 12:22:50,797 - sec_monitor - INFO - Last bar close for BSX: 102.84
2025-05-01 12:22:50,797 - sec_monitor - INFO - Outside market hours price for BSX: 102.84
2025-05-01 12:22:50,797 - sec_monitor - INFO - Processing ticker: IDXX
2025-05-01 12:22:50,854 - sec_monitor - INFO - Number of bars for IDXX: 3
2025-05-01 12:22:50,854 - sec_monitor - INFO - Last bar close for IDXX: 432.46
2025-05-01 12:22:50,854 - sec_monitor - INFO - Outside market hours price for IDXX: 432.46
2025-05-01 12:22:50,854 - sec_monitor - INFO - Processing ticker: KLAC
2025-05-01 12:22:50,908 - sec_monitor - INFO - Number of bars for KLAC: 3
2025-05-01 12:22:50,908 - sec_monitor - INFO - Last bar close for KLAC: 702.34
2025-05-01 12:22:50,909 - sec_monitor - INFO - Outside market hours price for KLAC: 702.34
2025-05-01 12:22:50,909 - sec_monitor - INFO - Processing ticker: TRGP
2025-05-01 12:22:50,963 - sec_monitor - INFO - Number of bars for TRGP: 3
2025-05-01 12:22:50,963 - sec_monitor - INFO - Last bar close for TRGP: 170.805
2025-05-01 12:22:50,963 - sec_monitor - INFO - Outside market hours price for TRGP: 170.805
2025-05-01 12:22:50,963 - sec_monitor - INFO - Processing ticker: META
2025-05-01 12:22:51,018 - sec_monitor - INFO - Number of bars for META: 4
2025-05-01 12:22:51,018 - sec_monitor - INFO - Last bar close for META: 546.55
2025-05-01 12:22:51,018 - sec_monitor - INFO - Outside market hours price for META: 546.55
2025-05-01 12:22:51,018 - sec_monitor - INFO - Processing ticker: CSGP
2025-05-01 12:22:51,068 - sec_monitor - INFO - Number of bars for CSGP: 4
2025-05-01 12:22:51,069 - sec_monitor - INFO - Last bar close for CSGP: 74.0
2025-05-01 12:22:51,069 - sec_monitor - INFO - Outside market hours price for CSGP: 74.0
2025-05-01 12:22:51,069 - sec_monitor - INFO - Processing ticker: CTSH
2025-05-01 12:22:51,118 - sec_monitor - INFO - Number of bars for CTSH: 4
2025-05-01 12:22:51,119 - sec_monitor - INFO - Last bar close for CTSH: 73.53
2025-05-01 12:22:51,119 - sec_monitor - INFO - Outside market hours price for CTSH: 73.53
2025-05-01 12:22:51,119 - sec_monitor - INFO - Processing ticker: FMC
2025-05-01 12:22:51,173 - sec_monitor - INFO - Number of bars for FMC: 4
2025-05-01 12:22:51,173 - sec_monitor - INFO - Last bar close for FMC: 41.9
2025-05-01 12:22:51,173 - sec_monitor - INFO - Outside market hours price for FMC: 41.9
2025-05-01 12:22:51,173 - sec_monitor - INFO - Processing ticker: LVS
2025-05-01 12:22:51,226 - sec_monitor - INFO - Number of bars for LVS: 4
2025-05-01 12:22:51,227 - sec_monitor - INFO - Last bar close for LVS: 36.67
2025-05-01 12:22:51,227 - sec_monitor - INFO - Outside market hours price for LVS: 36.67
2025-05-01 12:22:59,956 - sec_monitor - INFO - Generating final output...
2025-05-01 12:22:59,957 - sec_monitor - INFO - Successfully saved/merged output to output/sec_filings.json
2025-05-01 12:22:59,957 - sec_monitor - INFO - Processing complete. Stats: {'input_words': 2723599, 'output_words': 2358, 'filings_processed': 30}
