2025-04-14 11:09:41,222 - sec_monitor - INFO - Starting SEC filing monitor 
2025-04-14 11:09:41,222 - sec_monitor - INFO - Loading S&P 500 data...
2025-04-14 11:09:41,222 - sec_monitor - INFO - Starting S&P 500 data initialization
2025-04-14 11:09:41,223 - sec_monitor - INFO - Successfully loaded 503 S&P 500 tickers
2025-04-14 11:09:41,223 - sec_monitor - INFO - Successfully loaded 503 S&P 500 tickers
2025-04-14 11:09:41,223 - sec_monitor - INFO - Initializing components...
2025-04-14 11:09:41,223 - sec_monitor - INFO - Initializing components
2025-04-14 11:09:41,223 - sec_monitor - INFO - SEC fetcher initialized
2025-04-14 11:09:41,223 - sec_monitor - INFO - Filing analyzer initialized
2025-04-14 11:09:41,224 - sec_monitor - INFO - Alpaca clients initialized
2025-04-14 11:09:41,224 - sec_monitor - INFO - All components initialized successfully
2025-04-14 11:09:41,225 - sec_monitor - INFO - Found old JSON file, archiving
2025-04-14 11:09:41,225 - sec_monitor - INFO - Starting new filing collection for today
2025-04-14 11:09:41,225 - sec_monitor - INFO - Fetching SEC filings...
2025-04-14 11:09:42,213 - sec_monitor - INFO - Reached old filing, stopping. Found 8 total filings
2025-04-14 11:09:42,213 - sec_monitor - INFO - Found 2 new interesting filings
2025-04-14 11:09:42,213 - sec_monitor - INFO - Found 2 new filings to process
2025-04-14 11:09:42,213 - sec_monitor - INFO - Processing filing 1/2: SPGI
2025-04-14 11:10:12,816 - sec_monitor - INFO - ==================================================
2025-04-14 11:10:12,817 - sec_monitor - INFO - Processing first chunk
2025-04-14 11:10:12,817 - sec_monitor - INFO - Timestamp: 2025-04-14 11:10:12
2025-04-14 11:10:12,944 - sec_monitor - INFO - token percentage = 4%
2025-04-14 11:10:12,944 - sec_monitor - INFO - Making API call - Attempt 1/3
2025-04-14 11:10:12,944 - sec_monitor - INFO - Timestamp: 2025-04-14 11:10:12
2025-04-14 11:10:15,963 - sec_monitor - INFO - API call successful
2025-04-14 11:10:16,964 - sec_monitor - INFO - Processing filing 2/2: DVA
2025-04-14 11:10:47,337 - sec_monitor - INFO - ==================================================
2025-04-14 11:10:47,337 - sec_monitor - INFO - Processing first chunk
2025-04-14 11:10:47,337 - sec_monitor - INFO - Timestamp: 2025-04-14 11:10:47
2025-04-14 11:10:47,414 - sec_monitor - INFO - token percentage = 2%
2025-04-14 11:10:47,415 - sec_monitor - INFO - Making API call - Attempt 1/3
2025-04-14 11:10:47,415 - sec_monitor - INFO - Timestamp: 2025-04-14 11:10:47
2025-04-14 11:10:48,863 - sec_monitor - INFO - API call successful
2025-04-14 11:10:49,864 - sec_monitor - INFO - Fetching supplementary data...
2025-04-14 11:10:50,415 - sec_monitor - INFO - filing_tickers type: <class 'list'>
2025-04-14 11:10:50,415 - sec_monitor - INFO - filing_data type: <class 'list'>
2025-04-14 11:10:50,416 - sec_monitor - INFO - Market open: False
2025-04-14 11:10:50,416 - sec_monitor - INFO - Number of filing times mapped: 2
2025-04-14 11:10:50,437 - sec_monitor - INFO - Last trading day: 2025-04-14
2025-04-14 11:10:50,437 - sec_monitor - INFO - Processing ticker: SPGI
2025-04-14 11:10:51,240 - sec_monitor - INFO - Number of bars for SPGI: 3
2025-04-14 11:10:51,241 - sec_monitor - INFO - Last bar close for SPGI: 464.99
2025-04-14 11:10:51,241 - sec_monitor - INFO - Outside market hours price for SPGI: 464.99
2025-04-14 11:10:51,241 - sec_monitor - INFO - Processing ticker: DVA
2025-04-14 11:10:51,270 - sec_monitor - INFO - Number of bars for DVA: 3
2025-04-14 11:10:51,270 - sec_monitor - INFO - Last bar close for DVA: 155.51
2025-04-14 11:10:51,270 - sec_monitor - INFO - Outside market hours price for DVA: 155.51
2025-04-14 11:10:52,173 - sec_monitor - INFO - Generating final output...
2025-04-14 11:10:52,174 - sec_monitor - INFO - Successfully saved/merged output to output/sec_filings.json
2025-04-14 11:10:52,174 - sec_monitor - INFO - Processing complete. Stats: {'input_words': 10799, 'output_words': 124, 'filings_processed': 2}
