2025-03-26 11:09:35,097 - sec_monitor - INFO - Starting SEC filing monitor 
2025-03-26 11:09:35,097 - sec_monitor - INFO - Loading S&P 500 data...
2025-03-26 11:09:35,097 - sec_monitor - INFO - Starting S&P 500 data initialization
2025-03-26 11:09:35,097 - sec_monitor - INFO - Successfully loaded 503 S&P 500 tickers
2025-03-26 11:09:35,098 - sec_monitor - INFO - Successfully loaded 503 S&P 500 tickers
2025-03-26 11:09:35,098 - sec_monitor - INFO - Initializing components...
2025-03-26 11:09:35,098 - sec_monitor - INFO - Initializing components
2025-03-26 11:09:35,098 - sec_monitor - INFO - SEC fetcher initialized
2025-03-26 11:09:35,098 - sec_monitor - INFO - Filing analyzer initialized
2025-03-26 11:09:35,098 - sec_monitor - INFO - Alpaca clients initialized
2025-03-26 11:09:35,098 - sec_monitor - INFO - All components initialized successfully
2025-03-26 11:09:35,099 - sec_monitor - INFO - Found old JSON file, archiving
2025-03-26 11:09:35,100 - sec_monitor - INFO - Starting new filing collection for today
2025-03-26 11:09:35,100 - sec_monitor - INFO - Fetching SEC filings...
2025-03-26 11:09:50,140 - sec_monitor - INFO - No more entries found
2025-03-26 11:09:50,140 - sec_monitor - INFO - Completed fetching. Found 102 total filings
2025-03-26 11:09:50,141 - sec_monitor - INFO - Found 8 new interesting filings
2025-03-26 11:09:50,141 - sec_monitor - INFO - Found 8 new filings to process
2025-03-26 11:09:50,141 - sec_monitor - INFO - Processing filing 1/8: DLTR
2025-03-26 11:10:29,833 - sec_monitor - INFO - ==================================================
2025-03-26 11:10:29,833 - sec_monitor - INFO - Processing first chunk
2025-03-26 11:10:29,833 - sec_monitor - INFO - Timestamp: 2025-03-26 11:10:29
2025-03-26 11:10:30,310 - sec_monitor - INFO - token percentage = 48%
2025-03-26 11:10:30,311 - sec_monitor - INFO - Making API call - Attempt 1/3
2025-03-26 11:10:30,311 - sec_monitor - INFO - Timestamp: 2025-03-26 11:10:30
2025-03-26 11:10:45,920 - sec_monitor - INFO - API call successful
2025-03-26 11:11:15,950 - sec_monitor - INFO - ==================================================
2025-03-26 11:11:15,950 - sec_monitor - INFO - Processing last chunk
2025-03-26 11:11:15,950 - sec_monitor - INFO - Timestamp: 2025-03-26 11:11:15
2025-03-26 11:11:16,173 - sec_monitor - INFO - token percentage = 27%
2025-03-26 11:11:16,173 - sec_monitor - INFO - Making API call - Attempt 1/3
2025-03-26 11:11:16,173 - sec_monitor - INFO - Timestamp: 2025-03-26 11:11:16
2025-03-26 11:11:24,718 - sec_monitor - INFO - API call successful
2025-03-26 11:11:24,718 - sec_monitor - INFO - Making combine API call - Attempt 1/3
2025-03-26 11:11:24,718 - sec_monitor - INFO - Timestamp: 2025-03-26 11:11:24
2025-03-26 11:11:25,823 - sec_monitor - INFO - Combine API call successful
2025-03-26 11:11:26,826 - sec_monitor - INFO - Processing filing 2/8: GM
2025-03-26 11:12:04,827 - sec_monitor - INFO - ==================================================
2025-03-26 11:12:04,828 - sec_monitor - INFO - Processing first chunk
2025-03-26 11:12:04,828 - sec_monitor - INFO - Timestamp: 2025-03-26 11:12:04
2025-03-26 11:12:06,754 - sec_monitor - INFO - token percentage = 33%
2025-03-26 11:12:06,755 - sec_monitor - INFO - Making API call - Attempt 1/3
2025-03-26 11:12:06,755 - sec_monitor - INFO - Timestamp: 2025-03-26 11:12:06
2025-03-26 11:12:19,978 - sec_monitor - INFO - API call successful
2025-03-26 11:12:50,009 - sec_monitor - INFO - ==================================================
2025-03-26 11:12:50,009 - sec_monitor - INFO - Processing last chunk
2025-03-26 11:12:50,009 - sec_monitor - INFO - Timestamp: 2025-03-26 11:12:50
2025-03-26 11:12:50,454 - sec_monitor - INFO - token percentage = 34%
2025-03-26 11:12:50,455 - sec_monitor - INFO - Making API call - Attempt 1/3
2025-03-26 11:12:50,455 - sec_monitor - INFO - Timestamp: 2025-03-26 11:12:50
2025-03-26 11:13:00,746 - sec_monitor - INFO - API call successful
2025-03-26 11:13:00,746 - sec_monitor - INFO - Making combine API call - Attempt 1/3
2025-03-26 11:13:00,747 - sec_monitor - INFO - Timestamp: 2025-03-26 11:13:00
2025-03-26 11:13:01,658 - sec_monitor - INFO - Combine API call successful
2025-03-26 11:13:02,660 - sec_monitor - INFO - Processing filing 3/8: NWS
2025-03-26 11:13:33,314 - sec_monitor - INFO - ==================================================
2025-03-26 11:13:33,314 - sec_monitor - INFO - Processing first chunk
2025-03-26 11:13:33,314 - sec_monitor - INFO - Timestamp: 2025-03-26 11:13:33
2025-03-26 11:13:33,445 - sec_monitor - INFO - token percentage = 7%
2025-03-26 11:13:33,446 - sec_monitor - INFO - Making API call - Attempt 1/3
2025-03-26 11:13:33,446 - sec_monitor - INFO - Timestamp: 2025-03-26 11:13:33
2025-03-26 11:13:37,950 - sec_monitor - INFO - API call successful
2025-03-26 11:13:38,951 - sec_monitor - INFO - Processing filing 4/8: AWK
2025-03-26 11:14:09,344 - sec_monitor - INFO - ==================================================
2025-03-26 11:14:09,344 - sec_monitor - INFO - Processing first chunk
2025-03-26 11:14:09,344 - sec_monitor - INFO - Timestamp: 2025-03-26 11:14:09
2025-03-26 11:14:09,420 - sec_monitor - INFO - token percentage = 3%
2025-03-26 11:14:09,421 - sec_monitor - INFO - Making API call - Attempt 1/3
2025-03-26 11:14:09,421 - sec_monitor - INFO - Timestamp: 2025-03-26 11:14:09
2025-03-26 11:14:10,936 - sec_monitor - INFO - API call successful
2025-03-26 11:14:11,937 - sec_monitor - INFO - Processing filing 5/8: BKR
2025-03-26 11:14:44,835 - sec_monitor - INFO - ==================================================
2025-03-26 11:14:44,835 - sec_monitor - INFO - Processing first chunk
2025-03-26 11:14:44,835 - sec_monitor - INFO - Timestamp: 2025-03-26 11:14:44
2025-03-26 11:14:45,077 - sec_monitor - INFO - token percentage = 28%
2025-03-26 11:14:45,077 - sec_monitor - INFO - Making API call - Attempt 1/3
2025-03-26 11:14:45,077 - sec_monitor - INFO - Timestamp: 2025-03-26 11:14:45
2025-03-26 11:14:53,977 - sec_monitor - INFO - API call successful
2025-03-26 11:14:54,979 - sec_monitor - INFO - Processing filing 6/8: DXCM
2025-03-26 11:15:26,094 - sec_monitor - INFO - ==================================================
2025-03-26 11:15:26,094 - sec_monitor - INFO - Processing first chunk
2025-03-26 11:15:26,094 - sec_monitor - INFO - Timestamp: 2025-03-26 11:15:26
2025-03-26 11:15:26,280 - sec_monitor - INFO - token percentage = 15%
2025-03-26 11:15:26,280 - sec_monitor - INFO - Making API call - Attempt 1/3
2025-03-26 11:15:26,280 - sec_monitor - INFO - Timestamp: 2025-03-26 11:15:26
2025-03-26 11:15:31,884 - sec_monitor - INFO - API call successful
2025-03-26 11:15:32,885 - sec_monitor - INFO - Processing filing 7/8: DELL
2025-03-26 11:17:09,203 - sec_monitor - INFO - ==================================================
2025-03-26 11:17:09,204 - sec_monitor - INFO - Processing first chunk
2025-03-26 11:17:09,204 - sec_monitor - INFO - Timestamp: 2025-03-26 11:17:09
2025-03-26 11:17:10,656 - sec_monitor - INFO - token percentage = 40%
2025-03-26 11:17:10,656 - sec_monitor - INFO - Making API call - Attempt 1/3
2025-03-26 11:17:10,656 - sec_monitor - INFO - Timestamp: 2025-03-26 11:17:10
2025-03-26 11:17:25,102 - sec_monitor - INFO - API call successful
2025-03-26 11:17:55,109 - sec_monitor - INFO - ==================================================
2025-03-26 11:17:55,110 - sec_monitor - INFO - Processing middle chunk
2025-03-26 11:17:55,110 - sec_monitor - INFO - Timestamp: 2025-03-26 11:17:55
2025-03-26 11:17:56,225 - sec_monitor - INFO - token percentage = 44%
2025-03-26 11:17:56,226 - sec_monitor - INFO - Making API call - Attempt 1/3
2025-03-26 11:17:56,226 - sec_monitor - INFO - Timestamp: 2025-03-26 11:17:56
2025-03-26 11:18:11,351 - sec_monitor - INFO - API call successful
2025-03-26 11:18:41,381 - sec_monitor - INFO - ==================================================
2025-03-26 11:18:41,381 - sec_monitor - INFO - Processing middle chunk
2025-03-26 11:18:41,382 - sec_monitor - INFO - Timestamp: 2025-03-26 11:18:41
2025-03-26 11:18:42,747 - sec_monitor - INFO - token percentage = 52%
2025-03-26 11:18:42,747 - sec_monitor - INFO - Making API call - Attempt 1/3
2025-03-26 11:18:42,747 - sec_monitor - INFO - Timestamp: 2025-03-26 11:18:42
2025-03-26 11:18:59,147 - sec_monitor - INFO - API call successful
2025-03-26 11:19:29,177 - sec_monitor - INFO - ==================================================
2025-03-26 11:19:29,177 - sec_monitor - INFO - Processing middle chunk
2025-03-26 11:19:29,177 - sec_monitor - INFO - Timestamp: 2025-03-26 11:19:29
2025-03-26 11:19:29,926 - sec_monitor - INFO - token percentage = 54%
2025-03-26 11:19:29,927 - sec_monitor - INFO - Making API call - Attempt 1/3
2025-03-26 11:19:29,927 - sec_monitor - INFO - Timestamp: 2025-03-26 11:19:29
2025-03-26 11:19:47,024 - sec_monitor - INFO - API call successful
2025-03-26 11:20:17,054 - sec_monitor - INFO - ==================================================
2025-03-26 11:20:17,055 - sec_monitor - INFO - Processing middle chunk
2025-03-26 11:20:17,055 - sec_monitor - INFO - Timestamp: 2025-03-26 11:20:17
2025-03-26 11:20:18,217 - sec_monitor - INFO - token percentage = 56%
2025-03-26 11:20:18,218 - sec_monitor - INFO - Making API call - Attempt 1/3
2025-03-26 11:20:18,218 - sec_monitor - INFO - Timestamp: 2025-03-26 11:20:18
2025-03-26 11:20:36,790 - sec_monitor - INFO - API call successful
2025-03-26 11:21:06,820 - sec_monitor - INFO - ==================================================
2025-03-26 11:21:06,821 - sec_monitor - INFO - Processing middle chunk
2025-03-26 11:21:06,821 - sec_monitor - INFO - Timestamp: 2025-03-26 11:21:06
2025-03-26 11:21:07,709 - sec_monitor - INFO - token percentage = 47%
2025-03-26 11:21:07,709 - sec_monitor - INFO - Making API call - Attempt 1/3
2025-03-26 11:21:07,710 - sec_monitor - INFO - Timestamp: 2025-03-26 11:21:07
2025-03-26 11:21:23,270 - sec_monitor - INFO - API call successful
2025-03-26 11:21:53,301 - sec_monitor - INFO - ==================================================
2025-03-26 11:21:53,301 - sec_monitor - INFO - Processing middle chunk
2025-03-26 11:21:53,301 - sec_monitor - INFO - Timestamp: 2025-03-26 11:21:53
2025-03-26 11:21:54,143 - sec_monitor - INFO - token percentage = 48%
2025-03-26 11:21:54,144 - sec_monitor - INFO - Making API call - Attempt 1/3
2025-03-26 11:21:54,144 - sec_monitor - INFO - Timestamp: 2025-03-26 11:21:54
2025-03-26 11:22:10,512 - sec_monitor - INFO - API call successful
2025-03-26 11:22:40,535 - sec_monitor - INFO - ==================================================
2025-03-26 11:22:40,535 - sec_monitor - INFO - Processing last chunk
2025-03-26 11:22:40,535 - sec_monitor - INFO - Timestamp: 2025-03-26 11:22:40
2025-03-26 11:22:40,731 - sec_monitor - INFO - token percentage = 20%
2025-03-26 11:22:40,732 - sec_monitor - INFO - Making API call - Attempt 1/3
2025-03-26 11:22:40,732 - sec_monitor - INFO - Timestamp: 2025-03-26 11:22:40
2025-03-26 11:22:47,769 - sec_monitor - INFO - API call successful
2025-03-26 11:22:47,770 - sec_monitor - INFO - Making combine API call - Attempt 1/3
2025-03-26 11:22:47,770 - sec_monitor - INFO - Timestamp: 2025-03-26 11:22:47
2025-03-26 11:22:48,937 - sec_monitor - INFO - Combine API call successful
2025-03-26 11:22:49,938 - sec_monitor - INFO - Processing filing 8/8: BX
2025-03-26 11:23:20,299 - sec_monitor - INFO - ==================================================
2025-03-26 11:23:20,300 - sec_monitor - INFO - Processing first chunk
2025-03-26 11:23:20,300 - sec_monitor - INFO - Timestamp: 2025-03-26 11:23:20
2025-03-26 11:23:20,378 - sec_monitor - INFO - token percentage = 3%
2025-03-26 11:23:20,378 - sec_monitor - INFO - Making API call - Attempt 1/3
2025-03-26 11:23:20,379 - sec_monitor - INFO - Timestamp: 2025-03-26 11:23:20
2025-03-26 11:23:22,149 - sec_monitor - INFO - API call successful
2025-03-26 11:23:23,150 - sec_monitor - INFO - Fetching supplementary data...
2025-03-26 11:23:23,717 - sec_monitor - INFO - filing_tickers type: <class 'list'>
2025-03-26 11:23:23,717 - sec_monitor - INFO - filing_data type: <class 'list'>
2025-03-26 11:23:23,717 - sec_monitor - INFO - Market open: False
2025-03-26 11:23:23,717 - sec_monitor - INFO - Number of filing times mapped: 8
2025-03-26 11:23:23,794 - sec_monitor - INFO - Last trading day: 2025-03-26
2025-03-26 11:23:23,794 - sec_monitor - INFO - Processing ticker: DLTR
2025-03-26 11:23:24,165 - sec_monitor - INFO - Number of bars for DLTR: 3
2025-03-26 11:23:24,165 - sec_monitor - INFO - Last bar close for DLTR: 67.17
2025-03-26 11:23:24,165 - sec_monitor - INFO - Outside market hours price for DLTR: 67.17
2025-03-26 11:23:24,165 - sec_monitor - INFO - Processing ticker: GM
2025-03-26 11:23:24,247 - sec_monitor - INFO - Number of bars for GM: 4
2025-03-26 11:23:24,247 - sec_monitor - INFO - Last bar close for GM: 52.6
2025-03-26 11:23:24,247 - sec_monitor - INFO - Outside market hours price for GM: 52.6
2025-03-26 11:23:24,247 - sec_monitor - INFO - Processing ticker: NWS
2025-03-26 11:23:24,326 - sec_monitor - INFO - Number of bars for NWS: 4
2025-03-26 11:23:24,326 - sec_monitor - INFO - Last bar close for NWS: 30.89
2025-03-26 11:23:24,326 - sec_monitor - INFO - Outside market hours price for NWS: 30.89
2025-03-26 11:23:24,326 - sec_monitor - INFO - Processing ticker: AWK
2025-03-26 11:23:24,421 - sec_monitor - INFO - Number of bars for AWK: 4
2025-03-26 11:23:24,421 - sec_monitor - INFO - Last bar close for AWK: 139.16
2025-03-26 11:23:24,421 - sec_monitor - INFO - Outside market hours price for AWK: 139.16
2025-03-26 11:23:24,422 - sec_monitor - INFO - Processing ticker: BKR
2025-03-26 11:23:24,502 - sec_monitor - INFO - Number of bars for BKR: 4
2025-03-26 11:23:24,502 - sec_monitor - INFO - Last bar close for BKR: 45.2
2025-03-26 11:23:24,502 - sec_monitor - INFO - Outside market hours price for BKR: 45.2
2025-03-26 11:23:24,503 - sec_monitor - INFO - Processing ticker: DXCM
2025-03-26 11:23:24,583 - sec_monitor - INFO - Number of bars for DXCM: 4
2025-03-26 11:23:24,583 - sec_monitor - INFO - Last bar close for DXCM: 73.545
2025-03-26 11:23:24,583 - sec_monitor - INFO - Outside market hours price for DXCM: 73.545
2025-03-26 11:23:24,583 - sec_monitor - INFO - Processing ticker: DELL
2025-03-26 11:23:24,670 - sec_monitor - INFO - Number of bars for DELL: 4
2025-03-26 11:23:24,670 - sec_monitor - INFO - Last bar close for DELL: 98.83
2025-03-26 11:23:24,670 - sec_monitor - INFO - Outside market hours price for DELL: 98.83
2025-03-26 11:23:24,671 - sec_monitor - INFO - Processing ticker: BX
2025-03-26 11:23:24,755 - sec_monitor - INFO - Number of bars for BX: 4
2025-03-26 11:23:24,756 - sec_monitor - INFO - Last bar close for BX: 151.25
2025-03-26 11:23:24,756 - sec_monitor - INFO - Outside market hours price for BX: 151.25
2025-03-26 11:23:27,745 - sec_monitor - INFO - Generating final output...
2025-03-26 11:23:27,746 - sec_monitor - INFO - Successfully saved/merged output to output/sec_filings.json
2025-03-26 11:23:27,746 - sec_monitor - INFO - Processing complete. Stats: {'input_words': 874556, 'output_words': 583, 'filings_processed': 8}
2025-03-26 12:38:23,812 - sec_monitor - INFO - Starting SEC filing monitor 
2025-03-26 12:38:23,812 - sec_monitor - INFO - Loading S&P 500 data...
2025-03-26 12:38:23,812 - sec_monitor - INFO - Starting S&P 500 data initialization
2025-03-26 12:38:23,813 - sec_monitor - INFO - Successfully loaded 503 S&P 500 tickers
2025-03-26 12:38:23,813 - sec_monitor - INFO - Successfully loaded 503 S&P 500 tickers
2025-03-26 12:38:23,813 - sec_monitor - INFO - Initializing components...
2025-03-26 12:38:23,813 - sec_monitor - INFO - Initializing components
2025-03-26 12:38:23,813 - sec_monitor - INFO - SEC fetcher initialized
2025-03-26 12:38:23,813 - sec_monitor - INFO - Filing analyzer initialized
2025-03-26 12:38:23,814 - sec_monitor - INFO - Alpaca clients initialized
2025-03-26 12:38:23,814 - sec_monitor - INFO - All components initialized successfully
2025-03-26 12:38:23,815 - sec_monitor - INFO - Found JSON file from today
2025-03-26 12:38:23,815 - sec_monitor - INFO - Found 8 previously processed accessions and 8 filing URLs
2025-03-26 12:38:23,815 - sec_monitor - INFO - Found 8 accession numbers and 8 URLs from previously processed filings
2025-03-26 12:38:23,815 - sec_monitor - INFO - Fetching SEC filings...
2025-03-26 12:38:47,063 - sec_monitor - INFO - No more entries found
2025-03-26 12:38:47,063 - sec_monitor - INFO - Completed fetching. Found 104 total filings
2025-03-26 12:38:47,064 - sec_monitor - INFO - Found 1 new interesting filings
2025-03-26 12:38:47,064 - sec_monitor - INFO - Found 1 new filings to process
2025-03-26 12:38:47,064 - sec_monitor - INFO - Processing filing 1/1: CTAS
2025-03-26 12:39:31,509 - sec_monitor - INFO - ==================================================
2025-03-26 12:39:31,509 - sec_monitor - INFO - Processing first chunk
2025-03-26 12:39:31,509 - sec_monitor - INFO - Timestamp: 2025-03-26 12:39:31
2025-03-26 12:39:31,868 - sec_monitor - INFO - token percentage = 47%
2025-03-26 12:39:31,868 - sec_monitor - INFO - Making API call - Attempt 1/3
2025-03-26 12:39:31,868 - sec_monitor - INFO - Timestamp: 2025-03-26 12:39:31
2025-03-26 12:39:46,412 - sec_monitor - INFO - API call successful
2025-03-26 12:40:16,425 - sec_monitor - INFO - ==================================================
2025-03-26 12:40:16,425 - sec_monitor - INFO - Processing middle chunk
2025-03-26 12:40:16,425 - sec_monitor - INFO - Timestamp: 2025-03-26 12:40:16
2025-03-26 12:40:16,874 - sec_monitor - INFO - token percentage = 49%
2025-03-26 12:40:16,874 - sec_monitor - INFO - Making API call - Attempt 1/3
2025-03-26 12:40:16,874 - sec_monitor - INFO - Timestamp: 2025-03-26 12:40:16
2025-03-26 12:40:33,211 - sec_monitor - INFO - API call successful
2025-03-26 12:41:03,241 - sec_monitor - INFO - ==================================================
2025-03-26 12:41:03,241 - sec_monitor - INFO - Processing middle chunk
2025-03-26 12:41:03,242 - sec_monitor - INFO - Timestamp: 2025-03-26 12:41:03
2025-03-26 12:41:03,649 - sec_monitor - INFO - token percentage = 51%
2025-03-26 12:41:03,650 - sec_monitor - INFO - Making API call - Attempt 1/3
2025-03-26 12:41:03,650 - sec_monitor - INFO - Timestamp: 2025-03-26 12:41:03
2025-03-26 12:41:18,664 - sec_monitor - INFO - API call successful
2025-03-26 12:41:48,694 - sec_monitor - INFO - ==================================================
2025-03-26 12:41:48,694 - sec_monitor - INFO - Processing last chunk
2025-03-26 12:41:48,694 - sec_monitor - INFO - Timestamp: 2025-03-26 12:41:48
2025-03-26 12:41:49,106 - sec_monitor - INFO - token percentage = 30%
2025-03-26 12:41:49,106 - sec_monitor - INFO - Making API call - Attempt 1/3
2025-03-26 12:41:49,106 - sec_monitor - INFO - Timestamp: 2025-03-26 12:41:49
2025-03-26 12:41:57,949 - sec_monitor - INFO - API call successful
2025-03-26 12:41:57,950 - sec_monitor - INFO - Making combine API call - Attempt 1/3
2025-03-26 12:41:57,950 - sec_monitor - INFO - Timestamp: 2025-03-26 12:41:57
2025-03-26 12:41:58,969 - sec_monitor - INFO - Combine API call successful
2025-03-26 12:41:59,970 - sec_monitor - INFO - Fetching supplementary data...
2025-03-26 12:42:00,288 - sec_monitor - INFO - filing_tickers type: <class 'list'>
2025-03-26 12:42:00,288 - sec_monitor - INFO - filing_data type: <class 'list'>
2025-03-26 12:42:00,288 - sec_monitor - INFO - Market open: False
2025-03-26 12:42:00,288 - sec_monitor - INFO - Number of filing times mapped: 1
2025-03-26 12:42:00,300 - sec_monitor - INFO - Last trading day: 2025-03-26
2025-03-26 12:42:00,300 - sec_monitor - INFO - Processing ticker: CTAS
2025-03-26 12:42:00,809 - sec_monitor - INFO - Number of bars for CTAS: 3
2025-03-26 12:42:00,809 - sec_monitor - INFO - Last bar close for CTAS: 193.37
2025-03-26 12:42:00,809 - sec_monitor - INFO - Outside market hours price for CTAS: 193.37
2025-03-26 12:42:01,200 - sec_monitor - INFO - Generating final output...
2025-03-26 12:42:01,201 - sec_monitor - INFO - Successfully merged 1 new filings with existing JSON
2025-03-26 12:42:01,201 - sec_monitor - INFO - Cumulative stats - Input words: 968932, Output words: 640
2025-03-26 12:42:01,201 - sec_monitor - INFO - Successfully saved/merged output to output/sec_filings.json
2025-03-26 12:42:01,201 - sec_monitor - INFO - Processing complete. Stats: {'input_words': 94376, 'output_words': 57, 'filings_processed': 1}
2025-03-26 13:29:53,463 - sec_monitor - INFO - Starting SEC filing monitor 
2025-03-26 13:29:53,463 - sec_monitor - INFO - Loading S&P 500 data...
2025-03-26 13:29:53,463 - sec_monitor - INFO - Starting S&P 500 data initialization
2025-03-26 13:29:53,463 - sec_monitor - INFO - Successfully loaded 503 S&P 500 tickers
2025-03-26 13:29:53,464 - sec_monitor - INFO - Successfully loaded 503 S&P 500 tickers
2025-03-26 13:29:53,464 - sec_monitor - INFO - Initializing components...
2025-03-26 13:29:53,464 - sec_monitor - INFO - Initializing components
2025-03-26 13:29:53,464 - sec_monitor - INFO - SEC fetcher initialized
2025-03-26 13:29:53,464 - sec_monitor - INFO - Filing analyzer initialized
2025-03-26 13:29:53,464 - sec_monitor - INFO - Alpaca clients initialized
2025-03-26 13:29:53,464 - sec_monitor - INFO - All components initialized successfully
2025-03-26 13:29:53,465 - sec_monitor - INFO - Found JSON file from today
2025-03-26 13:29:53,466 - sec_monitor - INFO - Found 9 previously processed accessions and 9 filing URLs
2025-03-26 13:29:53,466 - sec_monitor - INFO - Found 9 accession numbers and 9 URLs from previously processed filings
2025-03-26 13:29:53,466 - sec_monitor - INFO - Fetching SEC filings...
2025-03-26 13:30:16,041 - sec_monitor - INFO - No more entries found
2025-03-26 13:30:16,041 - sec_monitor - INFO - Completed fetching. Found 98 total filings
2025-03-26 13:30:16,041 - sec_monitor - INFO - Found 2 new interesting filings
2025-03-26 13:30:16,041 - sec_monitor - INFO - Found 2 new filings to process
2025-03-26 13:30:16,041 - sec_monitor - INFO - Processing filing 1/2: TRMB
2025-03-26 13:30:46,661 - sec_monitor - INFO - ==================================================
2025-03-26 13:30:46,661 - sec_monitor - INFO - Processing first chunk
2025-03-26 13:30:46,661 - sec_monitor - INFO - Timestamp: 2025-03-26 13:30:46
2025-03-26 13:30:46,778 - sec_monitor - INFO - token percentage = 4%
2025-03-26 13:30:46,778 - sec_monitor - INFO - Making API call - Attempt 1/3
2025-03-26 13:30:46,778 - sec_monitor - INFO - Timestamp: 2025-03-26 13:30:46
2025-03-26 13:30:50,489 - sec_monitor - INFO - API call successful
2025-03-26 13:30:51,490 - sec_monitor - INFO - Processing filing 2/2: PAYX
2025-03-26 13:31:22,799 - sec_monitor - INFO - ==================================================
2025-03-26 13:31:22,799 - sec_monitor - INFO - Processing first chunk
2025-03-26 13:31:22,799 - sec_monitor - INFO - Timestamp: 2025-03-26 13:31:22
2025-03-26 13:31:23,056 - sec_monitor - INFO - token percentage = 8%
2025-03-26 13:31:23,056 - sec_monitor - INFO - Making API call - Attempt 1/3
2025-03-26 13:31:23,057 - sec_monitor - INFO - Timestamp: 2025-03-26 13:31:23
2025-03-26 13:31:27,284 - sec_monitor - INFO - API call successful
2025-03-26 13:31:28,285 - sec_monitor - INFO - Fetching supplementary data...
2025-03-26 13:31:28,598 - sec_monitor - INFO - filing_tickers type: <class 'list'>
2025-03-26 13:31:28,598 - sec_monitor - INFO - filing_data type: <class 'list'>
2025-03-26 13:31:28,598 - sec_monitor - INFO - Market open: True
2025-03-26 13:31:28,598 - sec_monitor - INFO - Number of filing times mapped: 2
2025-03-26 13:31:28,619 - sec_monitor - INFO - Last trading day: 2025-03-26
2025-03-26 13:31:28,619 - sec_monitor - INFO - Processing ticker: TRMB
2025-03-26 13:31:28,790 - sec_monitor - INFO - Number of bars for TRMB: 3
2025-03-26 13:31:28,791 - sec_monitor - INFO - Last bar close for TRMB: 70.46
2025-03-26 13:31:28,791 - sec_monitor - INFO - Market open price for TRMB: 70.46, change: -2.24750277469479%
2025-03-26 13:31:28,791 - sec_monitor - INFO - Processing ticker: PAYX
2025-03-26 13:31:28,816 - sec_monitor - INFO - Number of bars for PAYX: 3
2025-03-26 13:31:28,816 - sec_monitor - INFO - Last bar close for PAYX: 144.05
2025-03-26 13:31:28,816 - sec_monitor - INFO - Market open price for PAYX: 144.05, change: -0.4973406092422455%
2025-03-26 13:31:29,531 - sec_monitor - INFO - Generating final output...
2025-03-26 13:31:29,532 - sec_monitor - INFO - Successfully merged 2 new filings with existing JSON
2025-03-26 13:31:29,532 - sec_monitor - INFO - Cumulative stats - Input words: 984769, Output words: 827
2025-03-26 13:31:29,532 - sec_monitor - INFO - Successfully saved/merged output to output/sec_filings.json
2025-03-26 13:31:29,532 - sec_monitor - INFO - Processing complete. Stats: {'input_words': 15837, 'output_words': 187, 'filings_processed': 2}
2025-03-26 15:21:03,944 - sec_monitor - INFO - Starting SEC filing monitor 
2025-03-26 15:21:03,944 - sec_monitor - INFO - Loading S&P 500 data...
2025-03-26 15:21:03,945 - sec_monitor - INFO - Starting S&P 500 data initialization
2025-03-26 15:21:03,945 - sec_monitor - INFO - Successfully loaded 503 S&P 500 tickers
2025-03-26 15:21:03,945 - sec_monitor - INFO - Successfully loaded 503 S&P 500 tickers
2025-03-26 15:21:03,945 - sec_monitor - INFO - Initializing components...
2025-03-26 15:21:03,945 - sec_monitor - INFO - Initializing components
2025-03-26 15:21:03,945 - sec_monitor - INFO - SEC fetcher initialized
2025-03-26 15:21:03,946 - sec_monitor - INFO - Filing analyzer initialized
2025-03-26 15:21:03,946 - sec_monitor - INFO - Alpaca clients initialized
2025-03-26 15:21:03,946 - sec_monitor - INFO - All components initialized successfully
2025-03-26 15:21:03,947 - sec_monitor - INFO - Found JSON file from today
2025-03-26 15:21:03,947 - sec_monitor - INFO - Found 11 previously processed accessions and 11 filing URLs
2025-03-26 15:21:03,947 - sec_monitor - INFO - Found 11 accession numbers and 11 URLs from previously processed filings
2025-03-26 15:21:03,947 - sec_monitor - INFO - Fetching SEC filings...
2025-03-26 15:21:30,165 - sec_monitor - INFO - No more entries found
2025-03-26 15:21:30,165 - sec_monitor - INFO - Completed fetching. Found 86 total filings
2025-03-26 15:21:30,165 - sec_monitor - INFO - Found 0 new interesting filings
2025-03-26 15:21:30,165 - sec_monitor - INFO - No new filings to process
2025-03-26 18:21:46,466 - sec_monitor - INFO - Starting SEC filing monitor 
2025-03-26 18:21:46,467 - sec_monitor - INFO - Loading S&P 500 data...
2025-03-26 18:21:46,467 - sec_monitor - INFO - Starting S&P 500 data initialization
2025-03-26 18:21:46,467 - sec_monitor - INFO - Successfully loaded 503 S&P 500 tickers
2025-03-26 18:21:46,467 - sec_monitor - INFO - Successfully loaded 503 S&P 500 tickers
2025-03-26 18:21:46,467 - sec_monitor - INFO - Initializing components...
2025-03-26 18:21:46,467 - sec_monitor - INFO - Initializing components
2025-03-26 18:21:46,468 - sec_monitor - INFO - SEC fetcher initialized
2025-03-26 18:21:46,468 - sec_monitor - INFO - Filing analyzer initialized
2025-03-26 18:21:46,468 - sec_monitor - INFO - Alpaca clients initialized
2025-03-26 18:21:46,468 - sec_monitor - INFO - All components initialized successfully
2025-03-26 18:21:46,469 - sec_monitor - INFO - Found JSON file from today
2025-03-26 18:21:46,469 - sec_monitor - INFO - Found 11 previously processed accessions and 11 filing URLs
2025-03-26 18:21:46,469 - sec_monitor - INFO - Found 11 accession numbers and 11 URLs from previously processed filings
2025-03-26 18:21:46,469 - sec_monitor - INFO - Fetching SEC filings...
2025-03-26 18:22:17,870 - sec_monitor - INFO - No more entries found
2025-03-26 18:22:17,870 - sec_monitor - INFO - Completed fetching. Found 39 total filings
2025-03-26 18:22:17,870 - sec_monitor - INFO - Found 0 new interesting filings
2025-03-26 18:22:17,870 - sec_monitor - INFO - No new filings to process
2025-03-26 21:10:55,182 - sec_monitor - INFO - Starting SEC filing monitor 
2025-03-26 21:10:55,182 - sec_monitor - INFO - Loading S&P 500 data...
2025-03-26 21:10:55,182 - sec_monitor - INFO - Starting S&P 500 data initialization
2025-03-26 21:10:55,183 - sec_monitor - INFO - Successfully loaded 503 S&P 500 tickers
2025-03-26 21:10:55,183 - sec_monitor - INFO - Successfully loaded 503 S&P 500 tickers
2025-03-26 21:10:55,183 - sec_monitor - INFO - Initializing components...
2025-03-26 21:10:55,183 - sec_monitor - INFO - Initializing components
2025-03-26 21:10:55,183 - sec_monitor - INFO - SEC fetcher initialized
2025-03-26 21:10:55,183 - sec_monitor - INFO - Filing analyzer initialized
2025-03-26 21:10:55,183 - sec_monitor - INFO - Alpaca clients initialized
2025-03-26 21:10:55,183 - sec_monitor - INFO - All components initialized successfully
2025-03-26 21:10:55,184 - sec_monitor - INFO - Found JSON file from today
2025-03-26 21:10:55,185 - sec_monitor - INFO - Found 11 previously processed accessions and 11 filing URLs
2025-03-26 21:10:55,185 - sec_monitor - INFO - Found 11 accession numbers and 11 URLs from previously processed filings
2025-03-26 21:10:55,185 - sec_monitor - INFO - Fetching SEC filings...
2025-03-26 21:11:09,743 - sec_monitor - INFO - No more entries found
2025-03-26 21:11:09,744 - sec_monitor - INFO - Completed fetching. Found 84 total filings
2025-03-26 21:11:09,744 - sec_monitor - INFO - Found 9 new interesting filings
2025-03-26 21:11:09,744 - sec_monitor - INFO - Found 9 new filings to process
2025-03-26 21:11:09,744 - sec_monitor - INFO - Processing filing 1/9: HRL
2025-03-26 21:20:56,530 - sec_monitor - INFO - ==================================================
2025-03-26 21:20:56,530 - sec_monitor - INFO - Processing first chunk
2025-03-26 21:20:56,530 - sec_monitor - INFO - Timestamp: 2025-03-26 21:20:56
2025-03-26 21:20:57,315 - sec_monitor - INFO - token percentage = 25%
2025-03-26 21:20:57,315 - sec_monitor - INFO - Making API call - Attempt 1/3
2025-03-26 21:20:57,315 - sec_monitor - INFO - Timestamp: 2025-03-26 21:20:57
2025-03-26 21:21:05,908 - sec_monitor - INFO - API call successful
2025-03-26 21:21:35,939 - sec_monitor - INFO - ==================================================
2025-03-26 21:21:35,939 - sec_monitor - INFO - Processing middle chunk
2025-03-26 21:21:35,939 - sec_monitor - INFO - Timestamp: 2025-03-26 21:21:35
2025-03-26 21:21:36,333 - sec_monitor - INFO - token percentage = 50%
2025-03-26 21:21:36,334 - sec_monitor - INFO - Making API call - Attempt 1/3
2025-03-26 21:21:36,334 - sec_monitor - INFO - Timestamp: 2025-03-26 21:21:36
2025-03-26 21:21:51,246 - sec_monitor - INFO - API call successful
2025-03-26 21:22:21,276 - sec_monitor - INFO - ==================================================
2025-03-26 21:22:21,277 - sec_monitor - INFO - Processing middle chunk
2025-03-26 21:22:21,277 - sec_monitor - INFO - Timestamp: 2025-03-26 21:22:21
2025-03-26 21:22:21,587 - sec_monitor - INFO - token percentage = 51%
2025-03-26 21:22:21,587 - sec_monitor - INFO - Making API call - Attempt 1/3
2025-03-26 21:22:21,587 - sec_monitor - INFO - Timestamp: 2025-03-26 21:22:21
2025-03-26 21:22:36,569 - sec_monitor - INFO - API call successful
2025-03-26 21:23:06,576 - sec_monitor - INFO - ==================================================
2025-03-26 21:23:06,577 - sec_monitor - INFO - Processing middle chunk
2025-03-26 21:23:06,577 - sec_monitor - INFO - Timestamp: 2025-03-26 21:23:06
2025-03-26 21:23:06,887 - sec_monitor - INFO - token percentage = 51%
2025-03-26 21:23:06,887 - sec_monitor - INFO - Making API call - Attempt 1/3
2025-03-26 21:23:06,887 - sec_monitor - INFO - Timestamp: 2025-03-26 21:23:06
2025-03-26 21:23:22,371 - sec_monitor - INFO - API call successful
2025-03-26 21:23:52,401 - sec_monitor - INFO - ==================================================
2025-03-26 21:23:52,402 - sec_monitor - INFO - Processing middle chunk
2025-03-26 21:23:52,402 - sec_monitor - INFO - Timestamp: 2025-03-26 21:23:52
2025-03-26 21:23:52,841 - sec_monitor - INFO - token percentage = 51%
2025-03-26 21:23:52,841 - sec_monitor - INFO - Making API call - Attempt 1/3
2025-03-26 21:23:52,841 - sec_monitor - INFO - Timestamp: 2025-03-26 21:23:52
2025-03-26 21:24:07,615 - sec_monitor - INFO - API call successful
2025-03-26 21:24:37,645 - sec_monitor - INFO - ==================================================
2025-03-26 21:24:37,645 - sec_monitor - INFO - Processing middle chunk
2025-03-26 21:24:37,646 - sec_monitor - INFO - Timestamp: 2025-03-26 21:24:37
2025-03-26 21:24:38,020 - sec_monitor - INFO - token percentage = 51%
2025-03-26 21:24:38,021 - sec_monitor - INFO - Making API call - Attempt 1/3
2025-03-26 21:24:38,021 - sec_monitor - INFO - Timestamp: 2025-03-26 21:24:38
2025-03-26 21:24:52,661 - sec_monitor - INFO - API call successful
2025-03-26 21:25:22,675 - sec_monitor - INFO - ==================================================
2025-03-26 21:25:22,675 - sec_monitor - INFO - Processing middle chunk
2025-03-26 21:25:22,675 - sec_monitor - INFO - Timestamp: 2025-03-26 21:25:22
2025-03-26 21:25:23,245 - sec_monitor - INFO - token percentage = 51%
2025-03-26 21:25:23,245 - sec_monitor - INFO - Making API call - Attempt 1/3
2025-03-26 21:25:23,245 - sec_monitor - INFO - Timestamp: 2025-03-26 21:25:23
2025-03-26 21:25:37,983 - sec_monitor - INFO - API call successful
2025-03-26 21:26:08,014 - sec_monitor - INFO - ==================================================
2025-03-26 21:26:08,014 - sec_monitor - INFO - Processing middle chunk
2025-03-26 21:26:08,014 - sec_monitor - INFO - Timestamp: 2025-03-26 21:26:08
2025-03-26 21:26:08,315 - sec_monitor - INFO - token percentage = 51%
2025-03-26 21:26:08,316 - sec_monitor - INFO - Making API call - Attempt 1/3
2025-03-26 21:26:08,316 - sec_monitor - INFO - Timestamp: 2025-03-26 21:26:08
2025-03-26 21:26:23,660 - sec_monitor - INFO - API call successful
2025-03-26 21:26:53,669 - sec_monitor - INFO - ==================================================
2025-03-26 21:26:53,670 - sec_monitor - INFO - Processing middle chunk
2025-03-26 21:26:53,670 - sec_monitor - INFO - Timestamp: 2025-03-26 21:26:53
2025-03-26 21:26:54,059 - sec_monitor - INFO - token percentage = 51%
2025-03-26 21:26:54,059 - sec_monitor - INFO - Making API call - Attempt 1/3
2025-03-26 21:26:54,059 - sec_monitor - INFO - Timestamp: 2025-03-26 21:26:54
2025-03-26 21:27:09,161 - sec_monitor - INFO - API call successful
2025-03-26 21:27:39,169 - sec_monitor - INFO - ==================================================
2025-03-26 21:27:39,169 - sec_monitor - INFO - Processing middle chunk
2025-03-26 21:27:39,170 - sec_monitor - INFO - Timestamp: 2025-03-26 21:27:39
2025-03-26 21:27:39,744 - sec_monitor - INFO - token percentage = 51%
2025-03-26 21:27:39,744 - sec_monitor - INFO - Making API call - Attempt 1/3
2025-03-26 21:27:39,744 - sec_monitor - INFO - Timestamp: 2025-03-26 21:27:39
2025-03-26 21:27:54,624 - sec_monitor - INFO - API call successful
2025-03-26 21:28:24,654 - sec_monitor - INFO - ==================================================
2025-03-26 21:28:24,654 - sec_monitor - INFO - Processing middle chunk
2025-03-26 21:28:24,654 - sec_monitor - INFO - Timestamp: 2025-03-26 21:28:24
2025-03-26 21:28:25,013 - sec_monitor - INFO - token percentage = 51%
2025-03-26 21:28:25,013 - sec_monitor - INFO - Making API call - Attempt 1/3
2025-03-26 21:28:25,013 - sec_monitor - INFO - Timestamp: 2025-03-26 21:28:25
2025-03-26 21:28:40,095 - sec_monitor - INFO - API call successful
2025-03-26 21:29:10,109 - sec_monitor - INFO - ==================================================
2025-03-26 21:29:10,109 - sec_monitor - INFO - Processing middle chunk
2025-03-26 21:29:10,109 - sec_monitor - INFO - Timestamp: 2025-03-26 21:29:10
2025-03-26 21:29:10,404 - sec_monitor - INFO - token percentage = 51%
2025-03-26 21:29:10,404 - sec_monitor - INFO - Making API call - Attempt 1/3
2025-03-26 21:29:10,404 - sec_monitor - INFO - Timestamp: 2025-03-26 21:29:10
2025-03-26 21:29:25,069 - sec_monitor - INFO - API call successful
2025-03-26 21:29:55,099 - sec_monitor - INFO - ==================================================
2025-03-26 21:29:55,100 - sec_monitor - INFO - Processing middle chunk
2025-03-26 21:29:55,100 - sec_monitor - INFO - Timestamp: 2025-03-26 21:29:55
2025-03-26 21:29:55,496 - sec_monitor - INFO - token percentage = 51%
2025-03-26 21:29:55,497 - sec_monitor - INFO - Making API call - Attempt 1/3
2025-03-26 21:29:55,497 - sec_monitor - INFO - Timestamp: 2025-03-26 21:29:55
2025-03-26 21:30:10,197 - sec_monitor - INFO - API call successful
2025-03-26 21:30:40,227 - sec_monitor - INFO - ==================================================
2025-03-26 21:30:40,228 - sec_monitor - INFO - Processing middle chunk
2025-03-26 21:30:40,228 - sec_monitor - INFO - Timestamp: 2025-03-26 21:30:40
2025-03-26 21:30:40,552 - sec_monitor - INFO - token percentage = 51%
2025-03-26 21:30:40,552 - sec_monitor - INFO - Making API call - Attempt 1/3
2025-03-26 21:30:40,553 - sec_monitor - INFO - Timestamp: 2025-03-26 21:30:40
2025-03-26 21:30:55,454 - sec_monitor - INFO - API call successful
2025-03-26 21:31:25,484 - sec_monitor - INFO - ==================================================
2025-03-26 21:31:25,485 - sec_monitor - INFO - Processing middle chunk
2025-03-26 21:31:25,485 - sec_monitor - INFO - Timestamp: 2025-03-26 21:31:25
2025-03-26 21:31:25,821 - sec_monitor - INFO - token percentage = 51%
2025-03-26 21:31:25,821 - sec_monitor - INFO - Making API call - Attempt 1/3
2025-03-26 21:31:25,822 - sec_monitor - INFO - Timestamp: 2025-03-26 21:31:25
2025-03-26 21:31:40,516 - sec_monitor - INFO - API call successful
2025-03-26 21:32:10,547 - sec_monitor - INFO - ==================================================
2025-03-26 21:32:10,547 - sec_monitor - INFO - Processing middle chunk
2025-03-26 21:32:10,547 - sec_monitor - INFO - Timestamp: 2025-03-26 21:32:10
2025-03-26 21:32:10,962 - sec_monitor - INFO - token percentage = 51%
2025-03-26 21:32:10,962 - sec_monitor - INFO - Making API call - Attempt 1/3
2025-03-26 21:32:10,962 - sec_monitor - INFO - Timestamp: 2025-03-26 21:32:10
2025-03-26 21:32:26,834 - sec_monitor - INFO - API call successful
2025-03-26 21:32:56,865 - sec_monitor - INFO - ==================================================
2025-03-26 21:32:56,865 - sec_monitor - INFO - Processing middle chunk
2025-03-26 21:32:56,865 - sec_monitor - INFO - Timestamp: 2025-03-26 21:32:56
2025-03-26 21:32:57,265 - sec_monitor - INFO - token percentage = 51%
2025-03-26 21:32:57,266 - sec_monitor - INFO - Making API call - Attempt 1/3
2025-03-26 21:32:57,266 - sec_monitor - INFO - Timestamp: 2025-03-26 21:32:57
2025-03-26 21:33:12,046 - sec_monitor - INFO - API call successful
2025-03-26 21:33:42,055 - sec_monitor - INFO - ==================================================
2025-03-26 21:33:42,055 - sec_monitor - INFO - Processing middle chunk
2025-03-26 21:33:42,055 - sec_monitor - INFO - Timestamp: 2025-03-26 21:33:42
2025-03-26 21:33:42,379 - sec_monitor - INFO - token percentage = 51%
2025-03-26 21:33:42,379 - sec_monitor - INFO - Making API call - Attempt 1/3
2025-03-26 21:33:42,379 - sec_monitor - INFO - Timestamp: 2025-03-26 21:33:42
2025-03-26 21:33:57,217 - sec_monitor - INFO - API call successful
2025-03-26 21:34:27,247 - sec_monitor - INFO - ==================================================
2025-03-26 21:34:27,247 - sec_monitor - INFO - Processing middle chunk
2025-03-26 21:34:27,247 - sec_monitor - INFO - Timestamp: 2025-03-26 21:34:27
2025-03-26 21:34:27,664 - sec_monitor - INFO - token percentage = 51%
2025-03-26 21:34:27,665 - sec_monitor - INFO - Making API call - Attempt 1/3
2025-03-26 21:34:27,665 - sec_monitor - INFO - Timestamp: 2025-03-26 21:34:27
2025-03-26 21:34:42,446 - sec_monitor - INFO - API call successful
2025-03-26 21:35:12,453 - sec_monitor - INFO - ==================================================
2025-03-26 21:35:12,454 - sec_monitor - INFO - Processing middle chunk
2025-03-26 21:35:12,454 - sec_monitor - INFO - Timestamp: 2025-03-26 21:35:12
2025-03-26 21:35:12,774 - sec_monitor - INFO - token percentage = 51%
2025-03-26 21:35:12,774 - sec_monitor - INFO - Making API call - Attempt 1/3
2025-03-26 21:35:12,775 - sec_monitor - INFO - Timestamp: 2025-03-26 21:35:12
2025-03-26 21:35:27,699 - sec_monitor - INFO - API call successful
2025-03-26 21:35:57,713 - sec_monitor - INFO - ==================================================
2025-03-26 21:35:57,713 - sec_monitor - INFO - Processing middle chunk
2025-03-26 21:35:57,713 - sec_monitor - INFO - Timestamp: 2025-03-26 21:35:57
2025-03-26 21:35:58,093 - sec_monitor - INFO - token percentage = 51%
2025-03-26 21:35:58,094 - sec_monitor - INFO - Making API call - Attempt 1/3
2025-03-26 21:35:58,094 - sec_monitor - INFO - Timestamp: 2025-03-26 21:35:58
2025-03-26 21:36:13,477 - sec_monitor - INFO - API call successful
2025-03-26 21:36:43,479 - sec_monitor - INFO - ==================================================
2025-03-26 21:36:43,479 - sec_monitor - INFO - Processing middle chunk
2025-03-26 21:36:43,479 - sec_monitor - INFO - Timestamp: 2025-03-26 21:36:43
2025-03-26 21:36:43,808 - sec_monitor - INFO - token percentage = 51%
2025-03-26 21:36:43,808 - sec_monitor - INFO - Making API call - Attempt 1/3
2025-03-26 21:36:43,808 - sec_monitor - INFO - Timestamp: 2025-03-26 21:36:43
2025-03-26 21:36:58,886 - sec_monitor - INFO - API call successful
2025-03-26 21:37:28,893 - sec_monitor - INFO - ==================================================
2025-03-26 21:37:28,893 - sec_monitor - INFO - Processing middle chunk
2025-03-26 21:37:28,893 - sec_monitor - INFO - Timestamp: 2025-03-26 21:37:28
2025-03-26 21:37:29,250 - sec_monitor - INFO - token percentage = 51%
2025-03-26 21:37:29,250 - sec_monitor - INFO - Making API call - Attempt 1/3
2025-03-26 21:37:29,250 - sec_monitor - INFO - Timestamp: 2025-03-26 21:37:29
2025-03-26 21:37:44,212 - sec_monitor - INFO - API call successful
2025-03-26 21:38:14,243 - sec_monitor - INFO - ==================================================
2025-03-26 21:38:14,243 - sec_monitor - INFO - Processing middle chunk
2025-03-26 21:38:14,243 - sec_monitor - INFO - Timestamp: 2025-03-26 21:38:14
2025-03-26 21:38:14,552 - sec_monitor - INFO - token percentage = 51%
2025-03-26 21:38:14,552 - sec_monitor - INFO - Making API call - Attempt 1/3
2025-03-26 21:38:14,553 - sec_monitor - INFO - Timestamp: 2025-03-26 21:38:14
2025-03-26 21:38:29,755 - sec_monitor - INFO - API call successful
2025-03-26 21:38:59,769 - sec_monitor - INFO - ==================================================
2025-03-26 21:38:59,769 - sec_monitor - INFO - Processing middle chunk
2025-03-26 21:38:59,769 - sec_monitor - INFO - Timestamp: 2025-03-26 21:38:59
2025-03-26 21:39:00,124 - sec_monitor - INFO - token percentage = 51%
2025-03-26 21:39:00,125 - sec_monitor - INFO - Making API call - Attempt 1/3
2025-03-26 21:39:00,125 - sec_monitor - INFO - Timestamp: 2025-03-26 21:39:00
2025-03-26 21:39:15,055 - sec_monitor - INFO - API call successful
2025-03-26 21:39:45,085 - sec_monitor - INFO - ==================================================
2025-03-26 21:39:45,085 - sec_monitor - INFO - Processing middle chunk
2025-03-26 21:39:45,085 - sec_monitor - INFO - Timestamp: 2025-03-26 21:39:45
2025-03-26 21:39:45,446 - sec_monitor - INFO - token percentage = 51%
2025-03-26 21:39:45,447 - sec_monitor - INFO - Making API call - Attempt 1/3
2025-03-26 21:39:45,447 - sec_monitor - INFO - Timestamp: 2025-03-26 21:39:45
2025-03-26 21:40:00,542 - sec_monitor - INFO - API call successful
2025-03-26 21:40:30,554 - sec_monitor - INFO - ==================================================
2025-03-26 21:40:30,554 - sec_monitor - INFO - Processing middle chunk
2025-03-26 21:40:30,554 - sec_monitor - INFO - Timestamp: 2025-03-26 21:40:30
2025-03-26 21:40:30,941 - sec_monitor - INFO - token percentage = 51%
2025-03-26 21:40:30,941 - sec_monitor - INFO - Making API call - Attempt 1/3
2025-03-26 21:40:30,941 - sec_monitor - INFO - Timestamp: 2025-03-26 21:40:30
2025-03-26 21:40:46,223 - sec_monitor - INFO - API call successful
2025-03-26 21:41:16,253 - sec_monitor - INFO - ==================================================
2025-03-26 21:41:16,253 - sec_monitor - INFO - Processing middle chunk
2025-03-26 21:41:16,253 - sec_monitor - INFO - Timestamp: 2025-03-26 21:41:16
2025-03-26 21:41:16,705 - sec_monitor - INFO - token percentage = 51%
2025-03-26 21:41:16,706 - sec_monitor - INFO - Making API call - Attempt 1/3
2025-03-26 21:41:16,706 - sec_monitor - INFO - Timestamp: 2025-03-26 21:41:16
2025-03-26 21:41:31,583 - sec_monitor - INFO - API call successful
2025-03-26 21:42:01,614 - sec_monitor - INFO - ==================================================
2025-03-26 21:42:01,614 - sec_monitor - INFO - Processing middle chunk
2025-03-26 21:42:01,614 - sec_monitor - INFO - Timestamp: 2025-03-26 21:42:01
2025-03-26 21:42:01,908 - sec_monitor - INFO - token percentage = 51%
2025-03-26 21:42:01,908 - sec_monitor - INFO - Making API call - Attempt 1/3
2025-03-26 21:42:01,908 - sec_monitor - INFO - Timestamp: 2025-03-26 21:42:01
2025-03-26 21:42:16,994 - sec_monitor - INFO - API call successful
2025-03-26 21:42:47,025 - sec_monitor - INFO - ==================================================
2025-03-26 21:42:47,025 - sec_monitor - INFO - Processing middle chunk
2025-03-26 21:42:47,025 - sec_monitor - INFO - Timestamp: 2025-03-26 21:42:47
2025-03-26 21:42:47,350 - sec_monitor - INFO - token percentage = 51%
2025-03-26 21:42:47,350 - sec_monitor - INFO - Making API call - Attempt 1/3
2025-03-26 21:42:47,350 - sec_monitor - INFO - Timestamp: 2025-03-26 21:42:47
2025-03-26 21:43:02,087 - sec_monitor - INFO - API call successful
2025-03-26 21:43:32,117 - sec_monitor - INFO - ==================================================
2025-03-26 21:43:32,117 - sec_monitor - INFO - Processing middle chunk
2025-03-26 21:43:32,117 - sec_monitor - INFO - Timestamp: 2025-03-26 21:43:32
2025-03-26 21:43:32,448 - sec_monitor - INFO - token percentage = 51%
2025-03-26 21:43:32,449 - sec_monitor - INFO - Making API call - Attempt 1/3
2025-03-26 21:43:32,449 - sec_monitor - INFO - Timestamp: 2025-03-26 21:43:32
2025-03-26 21:43:47,761 - sec_monitor - INFO - API call successful
2025-03-26 21:44:17,791 - sec_monitor - INFO - ==================================================
2025-03-26 21:44:17,792 - sec_monitor - INFO - Processing middle chunk
2025-03-26 21:44:17,792 - sec_monitor - INFO - Timestamp: 2025-03-26 21:44:17
2025-03-26 21:44:18,062 - sec_monitor - INFO - token percentage = 51%
2025-03-26 21:44:18,062 - sec_monitor - INFO - Making API call - Attempt 1/3
2025-03-26 21:44:18,062 - sec_monitor - INFO - Timestamp: 2025-03-26 21:44:18
2025-03-26 21:44:35,464 - sec_monitor - INFO - API call successful
2025-03-26 21:45:05,493 - sec_monitor - INFO - ==================================================
2025-03-26 21:45:05,494 - sec_monitor - INFO - Processing middle chunk
2025-03-26 21:45:05,494 - sec_monitor - INFO - Timestamp: 2025-03-26 21:45:05
2025-03-26 21:45:05,872 - sec_monitor - INFO - token percentage = 51%
2025-03-26 21:45:05,872 - sec_monitor - INFO - Making API call - Attempt 1/3
2025-03-26 21:45:05,872 - sec_monitor - INFO - Timestamp: 2025-03-26 21:45:05
2025-03-26 21:45:20,485 - sec_monitor - INFO - API call successful
2025-03-26 21:45:50,487 - sec_monitor - INFO - ==================================================
2025-03-26 21:45:50,487 - sec_monitor - INFO - Processing middle chunk
2025-03-26 21:45:50,487 - sec_monitor - INFO - Timestamp: 2025-03-26 21:45:50
2025-03-26 21:45:50,909 - sec_monitor - INFO - token percentage = 47%
2025-03-26 21:45:50,909 - sec_monitor - INFO - Making API call - Attempt 1/3
2025-03-26 21:45:50,909 - sec_monitor - INFO - Timestamp: 2025-03-26 21:45:50
2025-03-26 21:46:05,303 - sec_monitor - INFO - API call successful
2025-03-26 21:46:35,322 - sec_monitor - INFO - ==================================================
2025-03-26 21:46:35,322 - sec_monitor - INFO - Processing middle chunk
2025-03-26 21:46:35,322 - sec_monitor - INFO - Timestamp: 2025-03-26 21:46:35
2025-03-26 21:46:35,678 - sec_monitor - INFO - token percentage = 48%
2025-03-26 21:46:35,678 - sec_monitor - INFO - Making API call - Attempt 1/3
2025-03-26 21:46:35,678 - sec_monitor - INFO - Timestamp: 2025-03-26 21:46:35
2025-03-26 21:46:49,713 - sec_monitor - INFO - API call successful
2025-03-26 21:47:19,743 - sec_monitor - INFO - ==================================================
2025-03-26 21:47:19,743 - sec_monitor - INFO - Processing middle chunk
2025-03-26 21:47:19,743 - sec_monitor - INFO - Timestamp: 2025-03-26 21:47:19
2025-03-26 21:47:20,081 - sec_monitor - INFO - token percentage = 46%
2025-03-26 21:47:20,081 - sec_monitor - INFO - Making API call - Attempt 1/3
2025-03-26 21:47:20,081 - sec_monitor - INFO - Timestamp: 2025-03-26 21:47:20
2025-03-26 21:47:34,166 - sec_monitor - INFO - API call successful
2025-03-26 21:48:04,196 - sec_monitor - INFO - ==================================================
2025-03-26 21:48:04,196 - sec_monitor - INFO - Processing middle chunk
2025-03-26 21:48:04,196 - sec_monitor - INFO - Timestamp: 2025-03-26 21:48:04
2025-03-26 21:48:04,589 - sec_monitor - INFO - token percentage = 50%
2025-03-26 21:48:04,590 - sec_monitor - INFO - Making API call - Attempt 1/3
2025-03-26 21:48:04,590 - sec_monitor - INFO - Timestamp: 2025-03-26 21:48:04
2025-03-26 21:48:20,007 - sec_monitor - INFO - API call successful
2025-03-26 21:48:50,037 - sec_monitor - INFO - ==================================================
2025-03-26 21:48:50,038 - sec_monitor - INFO - Processing middle chunk
2025-03-26 21:48:50,038 - sec_monitor - INFO - Timestamp: 2025-03-26 21:48:50
2025-03-26 21:48:50,321 - sec_monitor - INFO - token percentage = 50%
2025-03-26 21:48:50,321 - sec_monitor - INFO - Making API call - Attempt 1/3
2025-03-26 21:48:50,322 - sec_monitor - INFO - Timestamp: 2025-03-26 21:48:50
2025-03-26 21:49:05,026 - sec_monitor - INFO - API call successful
2025-03-26 21:49:35,056 - sec_monitor - INFO - ==================================================
2025-03-26 21:49:35,057 - sec_monitor - INFO - Processing middle chunk
2025-03-26 21:49:35,057 - sec_monitor - INFO - Timestamp: 2025-03-26 21:49:35
2025-03-26 21:49:35,415 - sec_monitor - INFO - token percentage = 49%
2025-03-26 21:49:35,415 - sec_monitor - INFO - Making API call - Attempt 1/3
2025-03-26 21:49:35,415 - sec_monitor - INFO - Timestamp: 2025-03-26 21:49:35
2025-03-26 21:49:50,813 - sec_monitor - INFO - API call successful
2025-03-26 21:50:20,843 - sec_monitor - INFO - ==================================================
2025-03-26 21:50:20,843 - sec_monitor - INFO - Processing middle chunk
2025-03-26 21:50:20,844 - sec_monitor - INFO - Timestamp: 2025-03-26 21:50:20
2025-03-26 21:50:21,141 - sec_monitor - INFO - token percentage = 49%
2025-03-26 21:50:21,141 - sec_monitor - INFO - Making API call - Attempt 1/3
2025-03-26 21:50:21,141 - sec_monitor - INFO - Timestamp: 2025-03-26 21:50:21
2025-03-26 21:50:35,826 - sec_monitor - INFO - API call successful
2025-03-26 21:51:05,850 - sec_monitor - INFO - ==================================================
2025-03-26 21:51:05,850 - sec_monitor - INFO - Processing middle chunk
2025-03-26 21:51:05,850 - sec_monitor - INFO - Timestamp: 2025-03-26 21:51:05
2025-03-26 21:51:06,237 - sec_monitor - INFO - token percentage = 50%
2025-03-26 21:51:06,238 - sec_monitor - INFO - Making API call - Attempt 1/3
2025-03-26 21:51:06,238 - sec_monitor - INFO - Timestamp: 2025-03-26 21:51:06
2025-03-26 21:51:21,493 - sec_monitor - INFO - API call successful
2025-03-26 21:51:51,497 - sec_monitor - INFO - ==================================================
2025-03-26 21:51:51,497 - sec_monitor - INFO - Processing middle chunk
2025-03-26 21:51:51,497 - sec_monitor - INFO - Timestamp: 2025-03-26 21:51:51
2025-03-26 21:51:51,793 - sec_monitor - INFO - token percentage = 51%
2025-03-26 21:51:51,793 - sec_monitor - INFO - Making API call - Attempt 1/3
2025-03-26 21:51:51,793 - sec_monitor - INFO - Timestamp: 2025-03-26 21:51:51
2025-03-26 21:52:06,634 - sec_monitor - INFO - API call successful
2025-03-26 21:52:36,638 - sec_monitor - INFO - ==================================================
2025-03-26 21:52:36,638 - sec_monitor - INFO - Processing middle chunk
2025-03-26 21:52:36,638 - sec_monitor - INFO - Timestamp: 2025-03-26 21:52:36
2025-03-26 21:52:36,936 - sec_monitor - INFO - token percentage = 51%
2025-03-26 21:52:36,936 - sec_monitor - INFO - Making API call - Attempt 1/3
2025-03-26 21:52:36,936 - sec_monitor - INFO - Timestamp: 2025-03-26 21:52:36
2025-03-26 21:52:52,453 - sec_monitor - INFO - API call successful
2025-03-26 21:53:22,461 - sec_monitor - INFO - ==================================================
2025-03-26 21:53:22,461 - sec_monitor - INFO - Processing middle chunk
2025-03-26 21:53:22,461 - sec_monitor - INFO - Timestamp: 2025-03-26 21:53:22
2025-03-26 21:53:22,773 - sec_monitor - INFO - token percentage = 51%
2025-03-26 21:53:22,773 - sec_monitor - INFO - Making API call - Attempt 1/3
2025-03-26 21:53:22,773 - sec_monitor - INFO - Timestamp: 2025-03-26 21:53:22
2025-03-26 21:53:37,667 - sec_monitor - INFO - API call successful
2025-03-26 21:54:07,697 - sec_monitor - INFO - ==================================================
2025-03-26 21:54:07,698 - sec_monitor - INFO - Processing middle chunk
2025-03-26 21:54:07,698 - sec_monitor - INFO - Timestamp: 2025-03-26 21:54:07
2025-03-26 21:54:08,024 - sec_monitor - INFO - token percentage = 51%
2025-03-26 21:54:08,025 - sec_monitor - INFO - Making API call - Attempt 1/3
2025-03-26 21:54:08,025 - sec_monitor - INFO - Timestamp: 2025-03-26 21:54:08
2025-03-26 21:54:23,140 - sec_monitor - INFO - API call successful
2025-03-26 21:54:53,171 - sec_monitor - INFO - ==================================================
2025-03-26 21:54:53,171 - sec_monitor - INFO - Processing middle chunk
2025-03-26 21:54:53,171 - sec_monitor - INFO - Timestamp: 2025-03-26 21:54:53
2025-03-26 21:54:53,501 - sec_monitor - INFO - token percentage = 51%
2025-03-26 21:54:53,501 - sec_monitor - INFO - Making API call - Attempt 1/3
2025-03-26 21:54:53,501 - sec_monitor - INFO - Timestamp: 2025-03-26 21:54:53
2025-03-26 21:55:08,075 - sec_monitor - INFO - API call successful
2025-03-26 21:55:38,105 - sec_monitor - INFO - ==================================================
2025-03-26 21:55:38,105 - sec_monitor - INFO - Processing middle chunk
2025-03-26 21:55:38,105 - sec_monitor - INFO - Timestamp: 2025-03-26 21:55:38
2025-03-26 21:55:38,481 - sec_monitor - INFO - token percentage = 51%
2025-03-26 21:55:38,482 - sec_monitor - INFO - Making API call - Attempt 1/3
2025-03-26 21:55:38,482 - sec_monitor - INFO - Timestamp: 2025-03-26 21:55:38
2025-03-26 21:55:53,286 - sec_monitor - INFO - API call successful
2025-03-26 21:56:23,304 - sec_monitor - INFO - ==================================================
2025-03-26 21:56:23,305 - sec_monitor - INFO - Processing middle chunk
2025-03-26 21:56:23,305 - sec_monitor - INFO - Timestamp: 2025-03-26 21:56:23
2025-03-26 21:56:23,724 - sec_monitor - INFO - token percentage = 50%
2025-03-26 21:56:23,724 - sec_monitor - INFO - Making API call - Attempt 1/3
2025-03-26 21:56:23,724 - sec_monitor - INFO - Timestamp: 2025-03-26 21:56:23
2025-03-26 21:56:38,762 - sec_monitor - INFO - API call successful
2025-03-26 21:57:08,763 - sec_monitor - INFO - ==================================================
2025-03-26 21:57:08,764 - sec_monitor - INFO - Processing middle chunk
2025-03-26 21:57:08,764 - sec_monitor - INFO - Timestamp: 2025-03-26 21:57:08
2025-03-26 21:57:09,015 - sec_monitor - INFO - token percentage = 51%
2025-03-26 21:57:09,015 - sec_monitor - INFO - Making API call - Attempt 1/3
2025-03-26 21:57:09,015 - sec_monitor - INFO - Timestamp: 2025-03-26 21:57:09
2025-03-26 21:57:23,521 - sec_monitor - INFO - API call successful
2025-03-26 21:57:53,522 - sec_monitor - INFO - ==================================================
2025-03-26 21:57:53,522 - sec_monitor - INFO - Processing last chunk
2025-03-26 21:57:53,522 - sec_monitor - INFO - Timestamp: 2025-03-26 21:57:53
2025-03-26 21:57:53,582 - sec_monitor - INFO - token percentage = 5%
2025-03-26 21:57:53,582 - sec_monitor - INFO - Making API call - Attempt 1/3
2025-03-26 21:57:53,583 - sec_monitor - INFO - Timestamp: 2025-03-26 21:57:53
2025-03-26 21:57:55,751 - sec_monitor - INFO - API call successful
2025-03-26 21:57:55,752 - sec_monitor - INFO - Making combine API call - Attempt 1/3
2025-03-26 21:57:55,752 - sec_monitor - INFO - Timestamp: 2025-03-26 21:57:55
2025-03-26 21:57:56,864 - sec_monitor - INFO - Combine API call successful
2025-03-26 21:57:57,866 - sec_monitor - INFO - Processing filing 2/9: BLK
2025-03-26 21:58:28,669 - sec_monitor - INFO - ==================================================
2025-03-26 21:58:28,669 - sec_monitor - INFO - Processing first chunk
2025-03-26 21:58:28,669 - sec_monitor - INFO - Timestamp: 2025-03-26 21:58:28
2025-03-26 21:58:28,886 - sec_monitor - INFO - token percentage = 7%
2025-03-26 21:58:28,886 - sec_monitor - INFO - Making API call - Attempt 1/3
2025-03-26 21:58:28,886 - sec_monitor - INFO - Timestamp: 2025-03-26 21:58:28
2025-03-26 21:58:33,018 - sec_monitor - INFO - API call successful
2025-03-26 21:58:34,020 - sec_monitor - INFO - Processing filing 3/9: FE
2025-03-26 21:59:04,425 - sec_monitor - INFO - ==================================================
2025-03-26 21:59:04,425 - sec_monitor - INFO - Processing first chunk
2025-03-26 21:59:04,425 - sec_monitor - INFO - Timestamp: 2025-03-26 21:59:04
2025-03-26 21:59:04,532 - sec_monitor - INFO - token percentage = 3%
2025-03-26 21:59:04,532 - sec_monitor - INFO - Making API call - Attempt 1/3
2025-03-26 21:59:04,532 - sec_monitor - INFO - Timestamp: 2025-03-26 21:59:04
2025-03-26 21:59:06,324 - sec_monitor - INFO - API call successful
2025-03-26 21:59:07,325 - sec_monitor - INFO - Processing filing 4/9: HUBB
2025-03-26 21:59:39,224 - sec_monitor - INFO - ==================================================
2025-03-26 21:59:39,224 - sec_monitor - INFO - Processing first chunk
2025-03-26 21:59:39,224 - sec_monitor - INFO - Timestamp: 2025-03-26 21:59:39
2025-03-26 21:59:39,785 - sec_monitor - INFO - token percentage = 20%
2025-03-26 21:59:39,785 - sec_monitor - INFO - Making API call - Attempt 1/3
2025-03-26 21:59:39,785 - sec_monitor - INFO - Timestamp: 2025-03-26 21:59:39
2025-03-26 21:59:46,989 - sec_monitor - INFO - API call successful
2025-03-26 21:59:47,991 - sec_monitor - INFO - Processing filing 5/9: NTAP
2025-03-26 22:00:18,519 - sec_monitor - INFO - ==================================================
2025-03-26 22:00:18,519 - sec_monitor - INFO - Processing first chunk
2025-03-26 22:00:18,519 - sec_monitor - INFO - Timestamp: 2025-03-26 22:00:18
2025-03-26 22:00:18,597 - sec_monitor - INFO - token percentage = 3%
2025-03-26 22:00:18,597 - sec_monitor - INFO - Making API call - Attempt 1/3
2025-03-26 22:00:18,597 - sec_monitor - INFO - Timestamp: 2025-03-26 22:00:18
2025-03-26 22:00:20,227 - sec_monitor - INFO - API call successful
2025-03-26 22:00:21,228 - sec_monitor - INFO - Processing filing 6/9: DLTR
2025-03-26 22:01:59,689 - sec_monitor - INFO - ==================================================
2025-03-26 22:01:59,690 - sec_monitor - INFO - Processing first chunk
2025-03-26 22:01:59,690 - sec_monitor - INFO - Timestamp: 2025-03-26 22:01:59
2025-03-26 22:02:00,542 - sec_monitor - INFO - token percentage = 53%
2025-03-26 22:02:00,542 - sec_monitor - INFO - Making API call - Attempt 1/3
2025-03-26 22:02:00,542 - sec_monitor - INFO - Timestamp: 2025-03-26 22:02:00
2025-03-26 22:02:18,066 - sec_monitor - INFO - API call successful
2025-03-26 22:02:48,097 - sec_monitor - INFO - ==================================================
2025-03-26 22:02:48,097 - sec_monitor - INFO - Processing middle chunk
2025-03-26 22:02:48,097 - sec_monitor - INFO - Timestamp: 2025-03-26 22:02:48
2025-03-26 22:02:49,517 - sec_monitor - INFO - token percentage = 39%
2025-03-26 22:02:49,518 - sec_monitor - INFO - Making API call - Attempt 1/3
2025-03-26 22:02:49,518 - sec_monitor - INFO - Timestamp: 2025-03-26 22:02:49
2025-03-26 22:03:02,061 - sec_monitor - INFO - API call successful
2025-03-26 22:03:32,091 - sec_monitor - INFO - ==================================================
2025-03-26 22:03:32,092 - sec_monitor - INFO - Processing middle chunk
2025-03-26 22:03:32,092 - sec_monitor - INFO - Timestamp: 2025-03-26 22:03:32
2025-03-26 22:03:33,352 - sec_monitor - INFO - token percentage = 40%
2025-03-26 22:03:33,353 - sec_monitor - INFO - Making API call - Attempt 1/3
2025-03-26 22:03:33,353 - sec_monitor - INFO - Timestamp: 2025-03-26 22:03:33
2025-03-26 22:03:46,634 - sec_monitor - INFO - API call successful
2025-03-26 22:04:16,664 - sec_monitor - INFO - ==================================================
2025-03-26 22:04:16,665 - sec_monitor - INFO - Processing middle chunk
2025-03-26 22:04:16,665 - sec_monitor - INFO - Timestamp: 2025-03-26 22:04:16
2025-03-26 22:04:17,211 - sec_monitor - INFO - token percentage = 70%
2025-03-26 22:04:17,212 - sec_monitor - INFO - Making API call - Attempt 1/3
2025-03-26 22:04:17,212 - sec_monitor - INFO - Timestamp: 2025-03-26 22:04:17
2025-03-26 22:04:39,445 - sec_monitor - INFO - API call successful
2025-03-26 22:05:09,475 - sec_monitor - INFO - ==================================================
2025-03-26 22:05:09,475 - sec_monitor - INFO - Processing middle chunk
2025-03-26 22:05:09,475 - sec_monitor - INFO - Timestamp: 2025-03-26 22:05:09
2025-03-26 22:05:10,427 - sec_monitor - INFO - token percentage = 47%
2025-03-26 22:05:10,427 - sec_monitor - INFO - Making API call - Attempt 1/3
2025-03-26 22:05:10,427 - sec_monitor - INFO - Timestamp: 2025-03-26 22:05:10
2025-03-26 22:05:25,460 - sec_monitor - INFO - API call successful
2025-03-26 22:05:55,490 - sec_monitor - INFO - ==================================================
2025-03-26 22:05:55,490 - sec_monitor - INFO - Processing last chunk
2025-03-26 22:05:55,490 - sec_monitor - INFO - Timestamp: 2025-03-26 22:05:55
2025-03-26 22:05:56,211 - sec_monitor - INFO - token percentage = 29%
2025-03-26 22:05:56,212 - sec_monitor - INFO - Making API call - Attempt 1/3
2025-03-26 22:05:56,212 - sec_monitor - INFO - Timestamp: 2025-03-26 22:05:56
2025-03-26 22:06:06,173 - sec_monitor - INFO - API call successful
2025-03-26 22:06:06,173 - sec_monitor - INFO - Making combine API call - Attempt 1/3
2025-03-26 22:06:06,173 - sec_monitor - INFO - Timestamp: 2025-03-26 22:06:06
2025-03-26 22:06:07,281 - sec_monitor - INFO - Combine API call successful
2025-03-26 22:06:08,282 - sec_monitor - INFO - Processing filing 7/9: PAYX
2025-03-26 22:07:14,236 - sec_monitor - INFO - ==================================================
2025-03-26 22:07:14,236 - sec_monitor - INFO - Processing first chunk
2025-03-26 22:07:14,236 - sec_monitor - INFO - Timestamp: 2025-03-26 22:07:14
2025-03-26 22:07:15,630 - sec_monitor - INFO - token percentage = 44%
2025-03-26 22:07:15,630 - sec_monitor - INFO - Making API call - Attempt 1/3
2025-03-26 22:07:15,630 - sec_monitor - INFO - Timestamp: 2025-03-26 22:07:15
2025-03-26 22:07:30,820 - sec_monitor - INFO - API call successful
2025-03-26 22:08:00,851 - sec_monitor - INFO - ==================================================
2025-03-26 22:08:00,851 - sec_monitor - INFO - Processing middle chunk
2025-03-26 22:08:00,851 - sec_monitor - INFO - Timestamp: 2025-03-26 22:08:00
2025-03-26 22:08:02,131 - sec_monitor - INFO - token percentage = 59%
2025-03-26 22:08:02,132 - sec_monitor - INFO - Making API call - Attempt 1/3
2025-03-26 22:08:02,132 - sec_monitor - INFO - Timestamp: 2025-03-26 22:08:02
2025-03-26 22:08:21,602 - sec_monitor - INFO - API call successful
2025-03-26 22:08:51,620 - sec_monitor - INFO - ==================================================
2025-03-26 22:08:51,620 - sec_monitor - INFO - Processing middle chunk
2025-03-26 22:08:51,620 - sec_monitor - INFO - Timestamp: 2025-03-26 22:08:51
2025-03-26 22:08:52,872 - sec_monitor - INFO - token percentage = 47%
2025-03-26 22:08:52,873 - sec_monitor - INFO - Making API call - Attempt 1/3
2025-03-26 22:08:52,873 - sec_monitor - INFO - Timestamp: 2025-03-26 22:08:52
2025-03-26 22:09:08,251 - sec_monitor - INFO - API call successful
2025-03-26 22:09:38,280 - sec_monitor - INFO - ==================================================
2025-03-26 22:09:38,281 - sec_monitor - INFO - Processing last chunk
2025-03-26 22:09:38,281 - sec_monitor - INFO - Timestamp: 2025-03-26 22:09:38
2025-03-26 22:09:38,593 - sec_monitor - INFO - token percentage = 11%
2025-03-26 22:09:38,593 - sec_monitor - INFO - Making API call - Attempt 1/3
2025-03-26 22:09:38,593 - sec_monitor - INFO - Timestamp: 2025-03-26 22:09:38
2025-03-26 22:09:43,141 - sec_monitor - INFO - API call successful
2025-03-26 22:09:43,141 - sec_monitor - INFO - Making combine API call - Attempt 1/3
2025-03-26 22:09:43,141 - sec_monitor - INFO - Timestamp: 2025-03-26 22:09:43
2025-03-26 22:09:44,336 - sec_monitor - INFO - Combine API call successful
2025-03-26 22:09:45,337 - sec_monitor - INFO - Processing filing 8/9: ADBE
2025-03-26 22:10:46,406 - sec_monitor - INFO - ==================================================
2025-03-26 22:10:46,406 - sec_monitor - INFO - Processing first chunk
2025-03-26 22:10:46,406 - sec_monitor - INFO - Timestamp: 2025-03-26 22:10:46
2025-03-26 22:10:47,789 - sec_monitor - INFO - token percentage = 48%
2025-03-26 22:10:47,789 - sec_monitor - INFO - Making API call - Attempt 1/3
2025-03-26 22:10:47,789 - sec_monitor - INFO - Timestamp: 2025-03-26 22:10:47
2025-03-26 22:11:03,536 - sec_monitor - INFO - API call successful
2025-03-26 22:11:33,566 - sec_monitor - INFO - ==================================================
2025-03-26 22:11:33,567 - sec_monitor - INFO - Processing middle chunk
2025-03-26 22:11:33,567 - sec_monitor - INFO - Timestamp: 2025-03-26 22:11:33
2025-03-26 22:11:34,503 - sec_monitor - INFO - token percentage = 54%
2025-03-26 22:11:34,503 - sec_monitor - INFO - Making API call - Attempt 1/3
2025-03-26 22:11:34,504 - sec_monitor - INFO - Timestamp: 2025-03-26 22:11:34
2025-03-26 22:11:52,228 - sec_monitor - INFO - API call successful
2025-03-26 22:12:22,258 - sec_monitor - INFO - ==================================================
2025-03-26 22:12:22,259 - sec_monitor - INFO - Processing middle chunk
2025-03-26 22:12:22,259 - sec_monitor - INFO - Timestamp: 2025-03-26 22:12:22
2025-03-26 22:12:23,167 - sec_monitor - INFO - token percentage = 49%
2025-03-26 22:12:23,167 - sec_monitor - INFO - Making API call - Attempt 1/3
2025-03-26 22:12:23,167 - sec_monitor - INFO - Timestamp: 2025-03-26 22:12:23
2025-03-26 22:12:39,263 - sec_monitor - INFO - API call successful
2025-03-26 22:13:09,294 - sec_monitor - INFO - ==================================================
2025-03-26 22:13:09,294 - sec_monitor - INFO - Processing last chunk
2025-03-26 22:13:09,294 - sec_monitor - INFO - Timestamp: 2025-03-26 22:13:09
2025-03-26 22:13:09,337 - sec_monitor - INFO - token percentage = 2%
2025-03-26 22:13:09,337 - sec_monitor - INFO - Making API call - Attempt 1/3
2025-03-26 22:13:09,337 - sec_monitor - INFO - Timestamp: 2025-03-26 22:13:09
2025-03-26 22:13:10,662 - sec_monitor - INFO - API call successful
2025-03-26 22:13:10,662 - sec_monitor - INFO - Making combine API call - Attempt 1/3
2025-03-26 22:13:10,662 - sec_monitor - INFO - Timestamp: 2025-03-26 22:13:10
2025-03-26 22:13:11,865 - sec_monitor - INFO - Combine API call successful
2025-03-26 22:13:12,866 - sec_monitor - INFO - Processing filing 9/9: MPWR
2025-03-26 22:13:43,707 - sec_monitor - INFO - ==================================================
2025-03-26 22:13:43,708 - sec_monitor - INFO - Processing first chunk
2025-03-26 22:13:43,708 - sec_monitor - INFO - Timestamp: 2025-03-26 22:13:43
2025-03-26 22:13:43,955 - sec_monitor - INFO - token percentage = 8%
2025-03-26 22:13:43,955 - sec_monitor - INFO - Making API call - Attempt 1/3
2025-03-26 22:13:43,955 - sec_monitor - INFO - Timestamp: 2025-03-26 22:13:43
2025-03-26 22:13:47,878 - sec_monitor - INFO - API call successful
2025-03-26 22:13:48,879 - sec_monitor - INFO - Fetching supplementary data...
2025-03-26 22:13:49,268 - sec_monitor - INFO - filing_tickers type: <class 'list'>
2025-03-26 22:13:49,268 - sec_monitor - INFO - filing_data type: <class 'list'>
2025-03-26 22:13:49,268 - sec_monitor - INFO - Market open: False
2025-03-26 22:13:49,268 - sec_monitor - INFO - Number of filing times mapped: 9
2025-03-26 22:13:49,291 - sec_monitor - INFO - Last trading day: 2025-03-26
2025-03-26 22:13:49,291 - sec_monitor - INFO - Processing ticker: HRL
2025-03-26 22:13:49,444 - sec_monitor - INFO - Number of bars for HRL: 3
2025-03-26 22:13:49,444 - sec_monitor - INFO - Last bar close for HRL: 28.81
2025-03-26 22:13:49,444 - sec_monitor - INFO - Outside market hours price for HRL: 28.81
2025-03-26 22:13:49,444 - sec_monitor - INFO - Processing ticker: BLK
2025-03-26 22:13:49,471 - sec_monitor - INFO - Number of bars for BLK: 3
2025-03-26 22:13:49,471 - sec_monitor - INFO - Last bar close for BLK: 973.94
2025-03-26 22:13:49,471 - sec_monitor - INFO - Outside market hours price for BLK: 973.94
2025-03-26 22:13:49,472 - sec_monitor - INFO - Processing ticker: FE
2025-03-26 22:13:49,500 - sec_monitor - INFO - Number of bars for FE: 3
2025-03-26 22:13:49,500 - sec_monitor - INFO - Last bar close for FE: 37.96
2025-03-26 22:13:49,500 - sec_monitor - INFO - Outside market hours price for FE: 37.96
2025-03-26 22:13:49,500 - sec_monitor - INFO - Processing ticker: HUBB
2025-03-26 22:13:49,526 - sec_monitor - INFO - Number of bars for HUBB: 3
2025-03-26 22:13:49,526 - sec_monitor - INFO - Last bar close for HUBB: 353.915
2025-03-26 22:13:49,526 - sec_monitor - INFO - Outside market hours price for HUBB: 353.915
2025-03-26 22:13:49,526 - sec_monitor - INFO - Processing ticker: NTAP
2025-03-26 22:13:49,550 - sec_monitor - INFO - Number of bars for NTAP: 3
2025-03-26 22:13:49,550 - sec_monitor - INFO - Last bar close for NTAP: 94.405
2025-03-26 22:13:49,550 - sec_monitor - INFO - Outside market hours price for NTAP: 94.405
2025-03-26 22:13:49,550 - sec_monitor - INFO - Processing ticker: DLTR
2025-03-26 22:13:49,579 - sec_monitor - INFO - Number of bars for DLTR: 3
2025-03-26 22:13:49,579 - sec_monitor - INFO - Last bar close for DLTR: 67.17
2025-03-26 22:13:49,579 - sec_monitor - INFO - Outside market hours price for DLTR: 67.17
2025-03-26 22:13:49,579 - sec_monitor - INFO - Processing ticker: PAYX
2025-03-26 22:13:49,605 - sec_monitor - INFO - Number of bars for PAYX: 3
2025-03-26 22:13:49,605 - sec_monitor - INFO - Last bar close for PAYX: 144.05
2025-03-26 22:13:49,605 - sec_monitor - INFO - Outside market hours price for PAYX: 144.05
2025-03-26 22:13:49,605 - sec_monitor - INFO - Processing ticker: ADBE
2025-03-26 22:13:49,631 - sec_monitor - INFO - Number of bars for ADBE: 3
2025-03-26 22:13:49,631 - sec_monitor - INFO - Last bar close for ADBE: 403.75
2025-03-26 22:13:49,631 - sec_monitor - INFO - Outside market hours price for ADBE: 403.75
2025-03-26 22:13:49,631 - sec_monitor - INFO - Processing ticker: MPWR
2025-03-26 22:13:49,659 - sec_monitor - INFO - Number of bars for MPWR: 3
2025-03-26 22:13:49,659 - sec_monitor - INFO - Last bar close for MPWR: 631.64
2025-03-26 22:13:49,659 - sec_monitor - INFO - Same-day filing price for MPWR: 631.64, change: 0.5203940353613288%
2025-03-26 22:13:57,012 - sec_monitor - INFO - Generating final output...
2025-03-26 22:13:57,014 - sec_monitor - INFO - Successfully merged 9 new filings with existing JSON
2025-03-26 22:13:57,014 - sec_monitor - INFO - Cumulative stats - Input words: 3354526, Output words: 1501
2025-03-26 22:13:57,014 - sec_monitor - INFO - Successfully saved/merged output to output/sec_filings.json
2025-03-26 22:13:57,014 - sec_monitor - INFO - Processing complete. Stats: {'input_words': 2369757, 'output_words': 674, 'filings_processed': 9}
