2025-04-03 11:10:40,880 - sec_monitor - INFO - Starting SEC filing monitor 
2025-04-03 11:10:40,881 - sec_monitor - INFO - Loading S&P 500 data...
2025-04-03 11:10:40,881 - sec_monitor - INFO - Starting S&P 500 data initialization
2025-04-03 11:10:40,881 - sec_monitor - INFO - Successfully loaded 503 S&P 500 tickers
2025-04-03 11:10:40,881 - sec_monitor - INFO - Successfully loaded 503 S&P 500 tickers
2025-04-03 11:10:40,881 - sec_monitor - INFO - Initializing components...
2025-04-03 11:10:40,881 - sec_monitor - INFO - Initializing components
2025-04-03 11:10:40,881 - sec_monitor - INFO - SEC fetcher initialized
2025-04-03 11:10:40,882 - sec_monitor - INFO - Filing analyzer initialized
2025-04-03 11:10:40,882 - sec_monitor - INFO - Alpaca clients initialized
2025-04-03 11:10:40,882 - sec_monitor - INFO - All components initialized successfully
2025-04-03 11:10:40,883 - sec_monitor - INFO - Found old JSON file, archiving
2025-04-03 11:10:40,883 - sec_monitor - INFO - Starting new filing collection for today
2025-04-03 11:10:40,883 - sec_monitor - INFO - Fetching SEC filings...
2025-04-03 11:10:55,427 - sec_monitor - INFO - No more entries found
2025-04-03 11:10:55,428 - sec_monitor - INFO - Completed fetching. Found 141 total filings
2025-04-03 11:10:55,428 - sec_monitor - INFO - Found 1 new interesting filings
2025-04-03 11:10:55,428 - sec_monitor - INFO - Found 1 new filings to process
2025-04-03 11:10:55,428 - sec_monitor - INFO - Processing filing 1/1: NWS
2025-04-03 11:11:26,209 - sec_monitor - INFO - ==================================================
2025-04-03 11:11:26,209 - sec_monitor - INFO - Processing first chunk
2025-04-03 11:11:26,209 - sec_monitor - INFO - Timestamp: 2025-04-03 11:11:26
2025-04-03 11:11:26,328 - sec_monitor - INFO - token percentage = 7%
2025-04-03 11:11:26,328 - sec_monitor - INFO - Making API call - Attempt 1/3
2025-04-03 11:11:26,328 - sec_monitor - INFO - Timestamp: 2025-04-03 11:11:26
2025-04-03 11:11:30,228 - sec_monitor - INFO - API call successful
2025-04-03 11:11:31,230 - sec_monitor - INFO - Fetching supplementary data...
2025-04-03 11:11:31,817 - sec_monitor - INFO - filing_tickers type: <class 'list'>
2025-04-03 11:11:31,817 - sec_monitor - INFO - filing_data type: <class 'list'>
2025-04-03 11:11:31,817 - sec_monitor - INFO - Market open: False
2025-04-03 11:11:31,818 - sec_monitor - INFO - Number of filing times mapped: 1
2025-04-03 11:11:31,837 - sec_monitor - INFO - Last trading day: 2025-04-03
2025-04-03 11:11:31,837 - sec_monitor - INFO - Processing ticker: NWS
2025-04-03 11:11:32,033 - sec_monitor - INFO - Number of bars for NWS: 4
2025-04-03 11:11:32,033 - sec_monitor - INFO - Last bar close for NWS: 30.56
2025-04-03 11:11:32,033 - sec_monitor - INFO - Outside market hours price for NWS: 30.56
2025-04-03 11:11:32,605 - sec_monitor - INFO - Generating final output...
2025-04-03 11:11:32,605 - sec_monitor - INFO - Successfully saved/merged output to output/sec_filings.json
2025-04-03 11:11:32,605 - sec_monitor - INFO - Processing complete. Stats: {'input_words': 8625, 'output_words': 70, 'filings_processed': 1}
2025-04-03 12:38:59,944 - sec_monitor - INFO - Starting SEC filing monitor 
2025-04-03 12:38:59,945 - sec_monitor - INFO - Loading S&P 500 data...
2025-04-03 12:38:59,945 - sec_monitor - INFO - Starting S&P 500 data initialization
2025-04-03 12:38:59,945 - sec_monitor - INFO - Successfully loaded 503 S&P 500 tickers
2025-04-03 12:38:59,945 - sec_monitor - INFO - Successfully loaded 503 S&P 500 tickers
2025-04-03 12:38:59,945 - sec_monitor - INFO - Initializing components...
2025-04-03 12:38:59,945 - sec_monitor - INFO - Initializing components
2025-04-03 12:38:59,945 - sec_monitor - INFO - SEC fetcher initialized
2025-04-03 12:38:59,946 - sec_monitor - INFO - Filing analyzer initialized
2025-04-03 12:38:59,946 - sec_monitor - INFO - Alpaca clients initialized
2025-04-03 12:38:59,946 - sec_monitor - INFO - All components initialized successfully
2025-04-03 12:38:59,947 - sec_monitor - INFO - Found JSON file from today
2025-04-03 12:38:59,947 - sec_monitor - INFO - Found 1 previously processed accessions and 1 filing URLs
2025-04-03 12:38:59,947 - sec_monitor - INFO - Found 1 accession numbers and 1 URLs from previously processed filings
2025-04-03 12:38:59,947 - sec_monitor - INFO - Fetching SEC filings...
2025-04-03 12:39:26,618 - sec_monitor - INFO - No more entries found
2025-04-03 12:39:26,618 - sec_monitor - INFO - Completed fetching. Found 142 total filings
2025-04-03 12:39:26,618 - sec_monitor - INFO - Found 3 new interesting filings
2025-04-03 12:39:26,618 - sec_monitor - INFO - Found 3 new filings to process
2025-04-03 12:39:26,618 - sec_monitor - INFO - Processing filing 1/3: LW
2025-04-03 12:39:57,607 - sec_monitor - INFO - ==================================================
2025-04-03 12:39:57,607 - sec_monitor - INFO - Processing first chunk
2025-04-03 12:39:57,607 - sec_monitor - INFO - Timestamp: 2025-04-03 12:39:57
2025-04-03 12:39:57,774 - sec_monitor - INFO - token percentage = 6%
2025-04-03 12:39:57,774 - sec_monitor - INFO - Making API call - Attempt 1/3
2025-04-03 12:39:57,774 - sec_monitor - INFO - Timestamp: 2025-04-03 12:39:57
2025-04-03 12:40:01,146 - sec_monitor - INFO - API call successful
2025-04-03 12:40:02,147 - sec_monitor - INFO - Processing filing 2/3: NCLH
2025-04-03 12:40:32,721 - sec_monitor - INFO - ==================================================
2025-04-03 12:40:32,721 - sec_monitor - INFO - Processing first chunk
2025-04-03 12:40:32,721 - sec_monitor - INFO - Timestamp: 2025-04-03 12:40:32
2025-04-03 12:40:32,884 - sec_monitor - INFO - token percentage = 4%
2025-04-03 12:40:32,884 - sec_monitor - INFO - Making API call - Attempt 1/3
2025-04-03 12:40:32,884 - sec_monitor - INFO - Timestamp: 2025-04-03 12:40:32
2025-04-03 12:40:36,668 - sec_monitor - INFO - API call successful
2025-04-03 12:40:37,669 - sec_monitor - INFO - Processing filing 3/3: CAG
2025-04-03 12:41:09,725 - sec_monitor - INFO - ==================================================
2025-04-03 12:41:09,726 - sec_monitor - INFO - Processing first chunk
2025-04-03 12:41:09,726 - sec_monitor - INFO - Timestamp: 2025-04-03 12:41:09
2025-04-03 12:41:09,901 - sec_monitor - INFO - token percentage = 8%
2025-04-03 12:41:09,901 - sec_monitor - INFO - Making API call - Attempt 1/3
2025-04-03 12:41:09,901 - sec_monitor - INFO - Timestamp: 2025-04-03 12:41:09
2025-04-03 12:41:13,922 - sec_monitor - INFO - API call successful
2025-04-03 12:41:14,923 - sec_monitor - INFO - Fetching supplementary data...
2025-04-03 12:41:15,359 - sec_monitor - INFO - filing_tickers type: <class 'list'>
2025-04-03 12:41:15,359 - sec_monitor - INFO - filing_data type: <class 'list'>
2025-04-03 12:41:15,359 - sec_monitor - INFO - Market open: False
2025-04-03 12:41:15,359 - sec_monitor - INFO - Number of filing times mapped: 3
2025-04-03 12:41:15,369 - sec_monitor - INFO - Last trading day: 2025-04-03
2025-04-03 12:41:15,369 - sec_monitor - INFO - Processing ticker: LW
2025-04-03 12:41:15,571 - sec_monitor - INFO - Number of bars for LW: 3
2025-04-03 12:41:15,571 - sec_monitor - INFO - Last bar close for LW: 54.14
2025-04-03 12:41:15,571 - sec_monitor - INFO - Outside market hours price for LW: 54.14
2025-04-03 12:41:15,571 - sec_monitor - INFO - Processing ticker: NCLH
2025-04-03 12:41:15,588 - sec_monitor - INFO - Number of bars for NCLH: 3
2025-04-03 12:41:15,588 - sec_monitor - INFO - Last bar close for NCLH: 19.5
2025-04-03 12:41:15,588 - sec_monitor - INFO - Outside market hours price for NCLH: 19.5
2025-04-03 12:41:15,588 - sec_monitor - INFO - Processing ticker: CAG
2025-04-03 12:41:15,605 - sec_monitor - INFO - Number of bars for CAG: 3
2025-04-03 12:41:15,605 - sec_monitor - INFO - Last bar close for CAG: 26.37
2025-04-03 12:41:15,605 - sec_monitor - INFO - Outside market hours price for CAG: 26.37
2025-04-03 12:41:16,494 - sec_monitor - INFO - Generating final output...
2025-04-03 12:41:16,495 - sec_monitor - INFO - Successfully merged 3 new filings with existing JSON
2025-04-03 12:41:16,495 - sec_monitor - INFO - Cumulative stats - Input words: 37874, Output words: 335
2025-04-03 12:41:16,495 - sec_monitor - INFO - Successfully saved/merged output to output/sec_filings.json
2025-04-03 12:41:16,496 - sec_monitor - INFO - Processing complete. Stats: {'input_words': 29249, 'output_words': 265, 'filings_processed': 3}
2025-04-03 13:29:58,818 - sec_monitor - INFO - Starting SEC filing monitor 
2025-04-03 13:29:58,818 - sec_monitor - INFO - Loading S&P 500 data...
2025-04-03 13:29:58,818 - sec_monitor - INFO - Starting S&P 500 data initialization
2025-04-03 13:29:58,819 - sec_monitor - INFO - Successfully loaded 503 S&P 500 tickers
2025-04-03 13:29:58,819 - sec_monitor - INFO - Successfully loaded 503 S&P 500 tickers
2025-04-03 13:29:58,819 - sec_monitor - INFO - Initializing components...
2025-04-03 13:29:58,819 - sec_monitor - INFO - Initializing components
2025-04-03 13:29:58,819 - sec_monitor - INFO - SEC fetcher initialized
2025-04-03 13:29:58,819 - sec_monitor - INFO - Filing analyzer initialized
2025-04-03 13:29:58,820 - sec_monitor - INFO - Alpaca clients initialized
2025-04-03 13:29:58,820 - sec_monitor - INFO - All components initialized successfully
2025-04-03 13:29:58,821 - sec_monitor - INFO - Found JSON file from today
2025-04-03 13:29:58,821 - sec_monitor - INFO - Found 4 previously processed accessions and 4 filing URLs
2025-04-03 13:29:58,821 - sec_monitor - INFO - Found 4 accession numbers and 4 URLs from previously processed filings
2025-04-03 13:29:58,821 - sec_monitor - INFO - Fetching SEC filings...
2025-04-03 13:30:36,611 - sec_monitor - INFO - No more entries found
2025-04-03 13:30:36,611 - sec_monitor - INFO - Completed fetching. Found 149 total filings
2025-04-03 13:30:36,611 - sec_monitor - INFO - Found 1 new interesting filings
2025-04-03 13:30:36,611 - sec_monitor - INFO - Found 1 new filings to process
2025-04-03 13:30:36,611 - sec_monitor - INFO - Processing filing 1/1: IR
2025-04-03 13:31:07,353 - sec_monitor - INFO - ==================================================
2025-04-03 13:31:07,353 - sec_monitor - INFO - Processing first chunk
2025-04-03 13:31:07,353 - sec_monitor - INFO - Timestamp: 2025-04-03 13:31:07
2025-04-03 13:31:07,462 - sec_monitor - INFO - token percentage = 7%
2025-04-03 13:31:07,463 - sec_monitor - INFO - Making API call - Attempt 1/3
2025-04-03 13:31:07,463 - sec_monitor - INFO - Timestamp: 2025-04-03 13:31:07
2025-04-03 13:31:11,387 - sec_monitor - INFO - API call successful
2025-04-03 13:31:12,389 - sec_monitor - INFO - Fetching supplementary data...
2025-04-03 13:31:13,045 - sec_monitor - INFO - filing_tickers type: <class 'list'>
2025-04-03 13:31:13,045 - sec_monitor - INFO - filing_data type: <class 'list'>
2025-04-03 13:31:13,045 - sec_monitor - INFO - Market open: True
2025-04-03 13:31:13,046 - sec_monitor - INFO - Number of filing times mapped: 1
2025-04-03 13:31:13,088 - sec_monitor - INFO - Last trading day: 2025-04-03
2025-04-03 13:31:13,088 - sec_monitor - INFO - Processing ticker: IR
2025-04-03 13:31:13,901 - sec_monitor - INFO - Number of bars for IR: 3
2025-04-03 13:31:13,901 - sec_monitor - INFO - Last bar close for IR: 81.715
2025-04-03 13:31:13,901 - sec_monitor - INFO - Market open price for IR: 81.715, change: 1.4211244880228502%
2025-04-03 13:31:14,338 - sec_monitor - INFO - Generating final output...
2025-04-03 13:31:14,339 - sec_monitor - INFO - Successfully merged 1 new filings with existing JSON
2025-04-03 13:31:14,339 - sec_monitor - INFO - Cumulative stats - Input words: 44271, Output words: 431
2025-04-03 13:31:14,339 - sec_monitor - INFO - Successfully saved/merged output to output/sec_filings.json
2025-04-03 13:31:14,339 - sec_monitor - INFO - Processing complete. Stats: {'input_words': 6397, 'output_words': 96, 'filings_processed': 1}
2025-04-03 15:18:19,025 - sec_monitor - INFO - Starting SEC filing monitor 
2025-04-03 15:18:19,025 - sec_monitor - INFO - Loading S&P 500 data...
2025-04-03 15:18:19,025 - sec_monitor - INFO - Starting S&P 500 data initialization
2025-04-03 15:18:19,026 - sec_monitor - INFO - Successfully loaded 503 S&P 500 tickers
2025-04-03 15:18:19,026 - sec_monitor - INFO - Successfully loaded 503 S&P 500 tickers
2025-04-03 15:18:19,026 - sec_monitor - INFO - Initializing components...
2025-04-03 15:18:19,026 - sec_monitor - INFO - Initializing components
2025-04-03 15:18:19,026 - sec_monitor - INFO - SEC fetcher initialized
2025-04-03 15:18:19,026 - sec_monitor - INFO - Filing analyzer initialized
2025-04-03 15:18:19,026 - sec_monitor - INFO - Alpaca clients initialized
2025-04-03 15:18:19,026 - sec_monitor - INFO - All components initialized successfully
2025-04-03 15:18:19,027 - sec_monitor - INFO - Found JSON file from today
2025-04-03 15:18:19,028 - sec_monitor - INFO - Found 5 previously processed accessions and 5 filing URLs
2025-04-03 15:18:19,028 - sec_monitor - INFO - Found 5 accession numbers and 5 URLs from previously processed filings
2025-04-03 15:18:19,028 - sec_monitor - INFO - Fetching SEC filings...
2025-04-03 15:18:47,117 - sec_monitor - INFO - No more entries found
2025-04-03 15:18:47,117 - sec_monitor - INFO - Completed fetching. Found 126 total filings
2025-04-03 15:18:47,118 - sec_monitor - INFO - Found 1 new interesting filings
2025-04-03 15:18:47,118 - sec_monitor - INFO - Found 1 new filings to process
2025-04-03 15:18:47,118 - sec_monitor - INFO - Processing filing 1/1: XOM
2025-04-03 15:19:17,692 - sec_monitor - INFO - ==================================================
2025-04-03 15:19:17,692 - sec_monitor - INFO - Processing first chunk
2025-04-03 15:19:17,692 - sec_monitor - INFO - Timestamp: 2025-04-03 15:19:17
2025-04-03 15:19:17,874 - sec_monitor - INFO - token percentage = 3%
2025-04-03 15:19:17,874 - sec_monitor - INFO - Making API call - Attempt 1/3
2025-04-03 15:19:17,874 - sec_monitor - INFO - Timestamp: 2025-04-03 15:19:17
2025-04-03 15:19:19,483 - sec_monitor - INFO - API call successful
2025-04-03 15:19:20,484 - sec_monitor - INFO - Fetching supplementary data...
2025-04-03 15:19:21,159 - sec_monitor - INFO - filing_tickers type: <class 'list'>
2025-04-03 15:19:21,159 - sec_monitor - INFO - filing_data type: <class 'list'>
2025-04-03 15:19:21,159 - sec_monitor - INFO - Market open: True
2025-04-03 15:19:21,159 - sec_monitor - INFO - Number of filing times mapped: 1
2025-04-03 15:19:21,232 - sec_monitor - INFO - Last trading day: 2025-04-03
2025-04-03 15:19:21,232 - sec_monitor - INFO - Processing ticker: XOM
2025-04-03 15:19:22,064 - sec_monitor - INFO - Number of bars for XOM: 3
2025-04-03 15:19:22,064 - sec_monitor - INFO - Last bar close for XOM: 118.63
2025-04-03 15:19:22,064 - sec_monitor - INFO - Market open price for XOM: 118.63, change: -0.34860766936873133%
2025-04-03 15:19:22,439 - sec_monitor - INFO - Generating final output...
2025-04-03 15:19:22,440 - sec_monitor - INFO - Successfully merged 1 new filings with existing JSON
2025-04-03 15:19:22,440 - sec_monitor - INFO - Cumulative stats - Input words: 48196, Output words: 483
2025-04-03 15:19:22,440 - sec_monitor - INFO - Successfully saved/merged output to output/sec_filings.json
2025-04-03 15:19:22,440 - sec_monitor - INFO - Processing complete. Stats: {'input_words': 3925, 'output_words': 52, 'filings_processed': 1}
2025-04-03 18:21:22,818 - sec_monitor - INFO - Starting SEC filing monitor 
2025-04-03 18:21:22,818 - sec_monitor - INFO - Loading S&P 500 data...
2025-04-03 18:21:22,818 - sec_monitor - INFO - Starting S&P 500 data initialization
2025-04-03 18:21:22,819 - sec_monitor - INFO - Successfully loaded 503 S&P 500 tickers
2025-04-03 18:21:22,819 - sec_monitor - INFO - Successfully loaded 503 S&P 500 tickers
2025-04-03 18:21:22,819 - sec_monitor - INFO - Initializing components...
2025-04-03 18:21:22,819 - sec_monitor - INFO - Initializing components
2025-04-03 18:21:22,819 - sec_monitor - INFO - SEC fetcher initialized
2025-04-03 18:21:22,819 - sec_monitor - INFO - Filing analyzer initialized
2025-04-03 18:21:22,820 - sec_monitor - INFO - Alpaca clients initialized
2025-04-03 18:21:22,820 - sec_monitor - INFO - All components initialized successfully
2025-04-03 18:21:22,821 - sec_monitor - INFO - Found JSON file from today
2025-04-03 18:21:22,821 - sec_monitor - INFO - Found 6 previously processed accessions and 6 filing URLs
2025-04-03 18:21:22,821 - sec_monitor - INFO - Found 6 accession numbers and 6 URLs from previously processed filings
2025-04-03 18:21:22,821 - sec_monitor - INFO - Fetching SEC filings...
2025-04-03 18:21:52,953 - sec_monitor - INFO - No more entries found
2025-04-03 18:21:52,953 - sec_monitor - INFO - Completed fetching. Found 87 total filings
2025-04-03 18:21:52,953 - sec_monitor - INFO - Found 1 new interesting filings
2025-04-03 18:21:52,953 - sec_monitor - INFO - Found 1 new filings to process
2025-04-03 18:21:52,953 - sec_monitor - INFO - Processing filing 1/1: LW
2025-04-03 18:22:36,924 - sec_monitor - INFO - ==================================================
2025-04-03 18:22:36,924 - sec_monitor - INFO - Processing first chunk
2025-04-03 18:22:36,924 - sec_monitor - INFO - Timestamp: 2025-04-03 18:22:36
2025-04-03 18:22:38,315 - sec_monitor - INFO - token percentage = 44%
2025-04-03 18:22:38,316 - sec_monitor - INFO - Making API call - Attempt 1/3
2025-04-03 18:22:38,316 - sec_monitor - INFO - Timestamp: 2025-04-03 18:22:38
2025-04-03 18:22:52,511 - sec_monitor - INFO - API call successful
2025-04-03 18:23:22,541 - sec_monitor - INFO - ==================================================
2025-04-03 18:23:22,541 - sec_monitor - INFO - Processing middle chunk
2025-04-03 18:23:22,541 - sec_monitor - INFO - Timestamp: 2025-04-03 18:23:22
2025-04-03 18:23:23,708 - sec_monitor - INFO - token percentage = 56%
2025-04-03 18:23:23,708 - sec_monitor - INFO - Making API call - Attempt 1/3
2025-04-03 18:23:23,708 - sec_monitor - INFO - Timestamp: 2025-04-03 18:23:23
2025-04-03 18:23:42,039 - sec_monitor - INFO - API call successful
2025-04-03 18:24:12,069 - sec_monitor - INFO - ==================================================
2025-04-03 18:24:12,069 - sec_monitor - INFO - Processing last chunk
2025-04-03 18:24:12,069 - sec_monitor - INFO - Timestamp: 2025-04-03 18:24:12
2025-04-03 18:24:12,156 - sec_monitor - INFO - token percentage = 2%
2025-04-03 18:24:12,156 - sec_monitor - INFO - Making API call - Attempt 1/3
2025-04-03 18:24:12,156 - sec_monitor - INFO - Timestamp: 2025-04-03 18:24:12
2025-04-03 18:24:13,727 - sec_monitor - INFO - API call successful
2025-04-03 18:24:13,727 - sec_monitor - INFO - Making combine API call - Attempt 1/3
2025-04-03 18:24:13,727 - sec_monitor - INFO - Timestamp: 2025-04-03 18:24:13
2025-04-03 18:24:14,913 - sec_monitor - INFO - Combine API call successful
2025-04-03 18:24:15,915 - sec_monitor - INFO - Fetching supplementary data...
2025-04-03 18:24:16,449 - sec_monitor - INFO - filing_tickers type: <class 'list'>
2025-04-03 18:24:16,449 - sec_monitor - INFO - filing_data type: <class 'list'>
2025-04-03 18:24:16,449 - sec_monitor - INFO - Market open: True
2025-04-03 18:24:16,449 - sec_monitor - INFO - Number of filing times mapped: 1
2025-04-03 18:24:16,470 - sec_monitor - INFO - Last trading day: 2025-04-03
2025-04-03 18:24:16,470 - sec_monitor - INFO - Processing ticker: LW
2025-04-03 18:24:16,601 - sec_monitor - INFO - Number of bars for LW: 3
2025-04-03 18:24:16,602 - sec_monitor - INFO - Last bar close for LW: 54.14
2025-04-03 18:24:16,602 - sec_monitor - INFO - Market open price for LW: 54.14, change: 1.6331894124272526%
2025-04-03 18:24:17,176 - sec_monitor - INFO - Generating final output...
2025-04-03 18:24:17,177 - sec_monitor - INFO - Successfully merged 1 new filings with existing JSON
2025-04-03 18:24:17,177 - sec_monitor - INFO - Cumulative stats - Input words: 188028, Output words: 574
2025-04-03 18:24:17,177 - sec_monitor - INFO - Successfully saved/merged output to output/sec_filings.json
2025-04-03 18:24:17,177 - sec_monitor - INFO - Processing complete. Stats: {'input_words': 139832, 'output_words': 91, 'filings_processed': 1}
2025-04-03 21:10:58,305 - sec_monitor - INFO - Starting SEC filing monitor 
2025-04-03 21:10:58,306 - sec_monitor - INFO - Loading S&P 500 data...
2025-04-03 21:10:58,306 - sec_monitor - INFO - Starting S&P 500 data initialization
2025-04-03 21:10:58,306 - sec_monitor - INFO - Successfully loaded 503 S&P 500 tickers
2025-04-03 21:10:58,306 - sec_monitor - INFO - Successfully loaded 503 S&P 500 tickers
2025-04-03 21:10:58,306 - sec_monitor - INFO - Initializing components...
2025-04-03 21:10:58,306 - sec_monitor - INFO - Initializing components
2025-04-03 21:10:58,306 - sec_monitor - INFO - SEC fetcher initialized
2025-04-03 21:10:58,307 - sec_monitor - INFO - Filing analyzer initialized
2025-04-03 21:10:58,307 - sec_monitor - INFO - Alpaca clients initialized
2025-04-03 21:10:58,307 - sec_monitor - INFO - All components initialized successfully
2025-04-03 21:10:58,308 - sec_monitor - INFO - Found JSON file from today
2025-04-03 21:10:58,308 - sec_monitor - INFO - Found 7 previously processed accessions and 7 filing URLs
2025-04-03 21:10:58,308 - sec_monitor - INFO - Found 7 accession numbers and 7 URLs from previously processed filings
2025-04-03 21:10:58,308 - sec_monitor - INFO - Fetching SEC filings...
2025-04-03 21:11:15,565 - sec_monitor - INFO - No more entries found
2025-04-03 21:11:15,565 - sec_monitor - INFO - Completed fetching. Found 187 total filings
2025-04-03 21:11:15,565 - sec_monitor - INFO - Found 10 new interesting filings
2025-04-03 21:11:15,565 - sec_monitor - INFO - Found 10 new filings to process
2025-04-03 21:11:15,566 - sec_monitor - INFO - Processing filing 1/10: BLK
2025-04-03 21:11:47,374 - sec_monitor - INFO - ==================================================
2025-04-03 21:11:47,374 - sec_monitor - INFO - Processing first chunk
2025-04-03 21:11:47,374 - sec_monitor - INFO - Timestamp: 2025-04-03 21:11:47
2025-04-03 21:11:47,767 - sec_monitor - INFO - token percentage = 17%
2025-04-03 21:11:47,767 - sec_monitor - INFO - Making API call - Attempt 1/3
2025-04-03 21:11:47,767 - sec_monitor - INFO - Timestamp: 2025-04-03 21:11:47
2025-04-03 21:11:54,541 - sec_monitor - INFO - API call successful
2025-04-03 21:11:55,543 - sec_monitor - INFO - Processing filing 2/10: XOM
2025-04-03 21:12:26,148 - sec_monitor - INFO - ==================================================
2025-04-03 21:12:26,148 - sec_monitor - INFO - Processing first chunk
2025-04-03 21:12:26,148 - sec_monitor - INFO - Timestamp: 2025-04-03 21:12:26
2025-04-03 21:12:26,230 - sec_monitor - INFO - token percentage = 3%
2025-04-03 21:12:26,231 - sec_monitor - INFO - Making API call - Attempt 1/3
2025-04-03 21:12:26,231 - sec_monitor - INFO - Timestamp: 2025-04-03 21:12:26
2025-04-03 21:12:29,426 - sec_monitor - INFO - API call successful
2025-04-03 21:12:30,428 - sec_monitor - INFO - Processing filing 3/10: JNJ
2025-04-03 21:13:01,046 - sec_monitor - INFO - ==================================================
2025-04-03 21:13:01,046 - sec_monitor - INFO - Processing first chunk
2025-04-03 21:13:01,046 - sec_monitor - INFO - Timestamp: 2025-04-03 21:13:01
2025-04-03 21:13:01,138 - sec_monitor - INFO - token percentage = 5%
2025-04-03 21:13:01,139 - sec_monitor - INFO - Making API call - Attempt 1/3
2025-04-03 21:13:01,139 - sec_monitor - INFO - Timestamp: 2025-04-03 21:13:01
2025-04-03 21:13:04,313 - sec_monitor - INFO - API call successful
2025-04-03 21:13:05,314 - sec_monitor - INFO - Processing filing 4/10: CAG
2025-04-03 21:14:09,378 - sec_monitor - INFO - ==================================================
2025-04-03 21:14:09,378 - sec_monitor - INFO - Processing first chunk
2025-04-03 21:14:09,378 - sec_monitor - INFO - Timestamp: 2025-04-03 21:14:09
2025-04-03 21:14:10,504 - sec_monitor - INFO - token percentage = 57%
2025-04-03 21:14:10,504 - sec_monitor - INFO - Making API call - Attempt 1/3
2025-04-03 21:14:10,505 - sec_monitor - INFO - Timestamp: 2025-04-03 21:14:10
2025-04-03 21:14:29,683 - sec_monitor - INFO - API call successful
2025-04-03 21:14:59,713 - sec_monitor - INFO - ==================================================
2025-04-03 21:14:59,713 - sec_monitor - INFO - Processing middle chunk
2025-04-03 21:14:59,714 - sec_monitor - INFO - Timestamp: 2025-04-03 21:14:59
2025-04-03 21:15:00,745 - sec_monitor - INFO - token percentage = 45%
2025-04-03 21:15:00,745 - sec_monitor - INFO - Making API call - Attempt 1/3
2025-04-03 21:15:00,745 - sec_monitor - INFO - Timestamp: 2025-04-03 21:15:00
2025-04-03 21:15:15,210 - sec_monitor - INFO - API call successful
2025-04-03 21:15:45,241 - sec_monitor - INFO - ==================================================
2025-04-03 21:15:45,241 - sec_monitor - INFO - Processing middle chunk
2025-04-03 21:15:45,241 - sec_monitor - INFO - Timestamp: 2025-04-03 21:15:45
2025-04-03 21:15:46,607 - sec_monitor - INFO - token percentage = 44%
2025-04-03 21:15:46,607 - sec_monitor - INFO - Making API call - Attempt 1/3
2025-04-03 21:15:46,607 - sec_monitor - INFO - Timestamp: 2025-04-03 21:15:46
2025-04-03 21:16:02,075 - sec_monitor - INFO - API call successful
2025-04-03 21:16:32,106 - sec_monitor - INFO - ==================================================
2025-04-03 21:16:32,106 - sec_monitor - INFO - Processing last chunk
2025-04-03 21:16:32,106 - sec_monitor - INFO - Timestamp: 2025-04-03 21:16:32
2025-04-03 21:16:32,485 - sec_monitor - INFO - token percentage = 22%
2025-04-03 21:16:32,486 - sec_monitor - INFO - Making API call - Attempt 1/3
2025-04-03 21:16:32,486 - sec_monitor - INFO - Timestamp: 2025-04-03 21:16:32
2025-04-03 21:16:39,476 - sec_monitor - INFO - API call successful
2025-04-03 21:16:39,477 - sec_monitor - INFO - Making combine API call - Attempt 1/3
2025-04-03 21:16:39,477 - sec_monitor - INFO - Timestamp: 2025-04-03 21:16:39
2025-04-03 21:16:40,441 - sec_monitor - INFO - Combine API call successful
2025-04-03 21:16:41,442 - sec_monitor - INFO - Processing filing 5/10: NKE
2025-04-03 21:17:34,379 - sec_monitor - INFO - ==================================================
2025-04-03 21:17:34,380 - sec_monitor - INFO - Processing first chunk
2025-04-03 21:17:34,380 - sec_monitor - INFO - Timestamp: 2025-04-03 21:17:34
2025-04-03 21:17:35,536 - sec_monitor - INFO - token percentage = 50%
2025-04-03 21:17:35,536 - sec_monitor - INFO - Making API call - Attempt 1/3
2025-04-03 21:17:35,537 - sec_monitor - INFO - Timestamp: 2025-04-03 21:17:35
2025-04-03 21:17:52,579 - sec_monitor - INFO - API call successful
2025-04-03 21:18:22,610 - sec_monitor - INFO - ==================================================
2025-04-03 21:18:22,610 - sec_monitor - INFO - Processing middle chunk
2025-04-03 21:18:22,610 - sec_monitor - INFO - Timestamp: 2025-04-03 21:18:22
2025-04-03 21:18:23,391 - sec_monitor - INFO - token percentage = 50%
2025-04-03 21:18:23,392 - sec_monitor - INFO - Making API call - Attempt 1/3
2025-04-03 21:18:23,392 - sec_monitor - INFO - Timestamp: 2025-04-03 21:18:23
2025-04-03 21:18:40,008 - sec_monitor - INFO - API call successful
2025-04-03 21:19:10,038 - sec_monitor - INFO - ==================================================
2025-04-03 21:19:10,038 - sec_monitor - INFO - Processing last chunk
2025-04-03 21:19:10,039 - sec_monitor - INFO - Timestamp: 2025-04-03 21:19:10
2025-04-03 21:19:10,625 - sec_monitor - INFO - token percentage = 36%
2025-04-03 21:19:10,625 - sec_monitor - INFO - Making API call - Attempt 1/3
2025-04-03 21:19:10,625 - sec_monitor - INFO - Timestamp: 2025-04-03 21:19:10
2025-04-03 21:19:22,455 - sec_monitor - INFO - API call successful
2025-04-03 21:19:22,455 - sec_monitor - INFO - Making combine API call - Attempt 1/3
2025-04-03 21:19:22,455 - sec_monitor - INFO - Timestamp: 2025-04-03 21:19:22
2025-04-03 21:19:23,456 - sec_monitor - INFO - Combine API call successful
2025-04-03 21:19:24,458 - sec_monitor - INFO - Processing filing 6/10: EQT
2025-04-03 21:20:00,129 - sec_monitor - INFO - ==================================================
2025-04-03 21:20:00,130 - sec_monitor - INFO - Processing first chunk
2025-04-03 21:20:00,130 - sec_monitor - INFO - Timestamp: 2025-04-03 21:20:00
2025-04-03 21:20:01,265 - sec_monitor - INFO - token percentage = 46%
2025-04-03 21:20:01,265 - sec_monitor - INFO - Making API call - Attempt 1/3
2025-04-03 21:20:01,265 - sec_monitor - INFO - Timestamp: 2025-04-03 21:20:01
2025-04-03 21:20:17,097 - sec_monitor - INFO - API call successful
2025-04-03 21:20:18,099 - sec_monitor - INFO - Processing filing 7/10: ABBV
2025-04-03 21:20:48,703 - sec_monitor - INFO - ==================================================
2025-04-03 21:20:48,704 - sec_monitor - INFO - Processing first chunk
2025-04-03 21:20:48,704 - sec_monitor - INFO - Timestamp: 2025-04-03 21:20:48
2025-04-03 21:20:48,778 - sec_monitor - INFO - token percentage = 4%
2025-04-03 21:20:48,778 - sec_monitor - INFO - Making API call - Attempt 1/3
2025-04-03 21:20:48,778 - sec_monitor - INFO - Timestamp: 2025-04-03 21:20:48
2025-04-03 21:20:52,268 - sec_monitor - INFO - API call successful
2025-04-03 21:20:53,269 - sec_monitor - INFO - Processing filing 8/10: CTAS
2025-04-03 21:21:58,885 - sec_monitor - INFO - ==================================================
2025-04-03 21:21:58,885 - sec_monitor - INFO - Processing first chunk
2025-04-03 21:21:58,886 - sec_monitor - INFO - Timestamp: 2025-04-03 21:21:58
2025-04-03 21:21:59,388 - sec_monitor - INFO - token percentage = 54%
2025-04-03 21:21:59,388 - sec_monitor - INFO - Making API call - Attempt 1/3
2025-04-03 21:21:59,388 - sec_monitor - INFO - Timestamp: 2025-04-03 21:21:59
2025-04-03 21:22:16,929 - sec_monitor - INFO - API call successful
2025-04-03 21:22:46,948 - sec_monitor - INFO - ==================================================
2025-04-03 21:22:46,948 - sec_monitor - INFO - Processing middle chunk
2025-04-03 21:22:46,948 - sec_monitor - INFO - Timestamp: 2025-04-03 21:22:46
2025-04-03 21:22:47,412 - sec_monitor - INFO - token percentage = 61%
2025-04-03 21:22:47,413 - sec_monitor - INFO - Making API call - Attempt 1/3
2025-04-03 21:22:47,413 - sec_monitor - INFO - Timestamp: 2025-04-03 21:22:47
2025-04-03 21:23:07,028 - sec_monitor - INFO - API call successful
2025-04-03 21:23:37,058 - sec_monitor - INFO - ==================================================
2025-04-03 21:23:37,058 - sec_monitor - INFO - Processing middle chunk
2025-04-03 21:23:37,058 - sec_monitor - INFO - Timestamp: 2025-04-03 21:23:37
2025-04-03 21:23:37,716 - sec_monitor - INFO - token percentage = 35%
2025-04-03 21:23:37,716 - sec_monitor - INFO - Making API call - Attempt 1/3
2025-04-03 21:23:37,717 - sec_monitor - INFO - Timestamp: 2025-04-03 21:23:37
2025-04-03 21:23:49,121 - sec_monitor - INFO - API call successful
2025-04-03 21:24:19,151 - sec_monitor - INFO - ==================================================
2025-04-03 21:24:19,152 - sec_monitor - INFO - Processing middle chunk
2025-04-03 21:24:19,152 - sec_monitor - INFO - Timestamp: 2025-04-03 21:24:19
2025-04-03 21:24:19,685 - sec_monitor - INFO - token percentage = 52%
2025-04-03 21:24:19,685 - sec_monitor - INFO - Making API call - Attempt 1/3
2025-04-03 21:24:19,685 - sec_monitor - INFO - Timestamp: 2025-04-03 21:24:19
2025-04-03 21:24:35,494 - sec_monitor - INFO - API call successful
2025-04-03 21:25:05,504 - sec_monitor - INFO - ==================================================
2025-04-03 21:25:05,504 - sec_monitor - INFO - Processing middle chunk
2025-04-03 21:25:05,504 - sec_monitor - INFO - Timestamp: 2025-04-03 21:25:05
2025-04-03 21:25:06,033 - sec_monitor - INFO - token percentage = 59%
2025-04-03 21:25:06,033 - sec_monitor - INFO - Making API call - Attempt 1/3
2025-04-03 21:25:06,033 - sec_monitor - INFO - Timestamp: 2025-04-03 21:25:06
2025-04-03 21:25:25,873 - sec_monitor - INFO - API call successful
2025-04-03 21:25:55,903 - sec_monitor - INFO - ==================================================
2025-04-03 21:25:55,903 - sec_monitor - INFO - Processing last chunk
2025-04-03 21:25:55,904 - sec_monitor - INFO - Timestamp: 2025-04-03 21:25:55
2025-04-03 21:25:56,476 - sec_monitor - INFO - token percentage = 31%
2025-04-03 21:25:56,476 - sec_monitor - INFO - Making API call - Attempt 1/3
2025-04-03 21:25:56,476 - sec_monitor - INFO - Timestamp: 2025-04-03 21:25:56
2025-04-03 21:26:07,132 - sec_monitor - INFO - API call successful
2025-04-03 21:26:07,132 - sec_monitor - INFO - Making combine API call - Attempt 1/3
2025-04-03 21:26:07,132 - sec_monitor - INFO - Timestamp: 2025-04-03 21:26:07
2025-04-03 21:26:08,183 - sec_monitor - INFO - Combine API call successful
2025-04-03 21:26:09,184 - sec_monitor - INFO - Processing filing 9/10: SWK
2025-04-03 21:26:39,896 - sec_monitor - INFO - ==================================================
2025-04-03 21:26:39,896 - sec_monitor - INFO - Processing first chunk
2025-04-03 21:26:39,896 - sec_monitor - INFO - Timestamp: 2025-04-03 21:26:39
2025-04-03 21:26:40,017 - sec_monitor - INFO - token percentage = 4%
2025-04-03 21:26:40,017 - sec_monitor - INFO - Making API call - Attempt 1/3
2025-04-03 21:26:40,017 - sec_monitor - INFO - Timestamp: 2025-04-03 21:26:40
2025-04-03 21:26:43,320 - sec_monitor - INFO - API call successful
2025-04-03 21:26:44,321 - sec_monitor - INFO - Processing filing 10/10: TMUS
2025-04-03 21:27:15,359 - sec_monitor - INFO - ==================================================
2025-04-03 21:27:15,360 - sec_monitor - INFO - Processing first chunk
2025-04-03 21:27:15,360 - sec_monitor - INFO - Timestamp: 2025-04-03 21:27:15
2025-04-03 21:27:15,455 - sec_monitor - INFO - token percentage = 10%
2025-04-03 21:27:15,456 - sec_monitor - INFO - Making API call - Attempt 1/3
2025-04-03 21:27:15,456 - sec_monitor - INFO - Timestamp: 2025-04-03 21:27:15
2025-04-03 21:27:20,224 - sec_monitor - INFO - API call successful
2025-04-03 21:27:21,225 - sec_monitor - INFO - Fetching supplementary data...
2025-04-03 21:27:21,555 - sec_monitor - INFO - filing_tickers type: <class 'list'>
2025-04-03 21:27:21,555 - sec_monitor - INFO - filing_data type: <class 'list'>
2025-04-03 21:27:21,555 - sec_monitor - INFO - Market open: False
2025-04-03 21:27:21,555 - sec_monitor - INFO - Number of filing times mapped: 10
2025-04-03 21:27:21,597 - sec_monitor - INFO - Last trading day: 2025-04-03
2025-04-03 21:27:21,597 - sec_monitor - INFO - Processing ticker: BLK
2025-04-03 21:27:22,046 - sec_monitor - INFO - Number of bars for BLK: 3
2025-04-03 21:27:22,047 - sec_monitor - INFO - Last bar close for BLK: 963.825
2025-04-03 21:27:22,047 - sec_monitor - INFO - Outside market hours price for BLK: 963.825
2025-04-03 21:27:22,047 - sec_monitor - INFO - Processing ticker: XOM
2025-04-03 21:27:22,096 - sec_monitor - INFO - Number of bars for XOM: 3
2025-04-03 21:27:22,096 - sec_monitor - INFO - Last bar close for XOM: 118.63
2025-04-03 21:27:22,096 - sec_monitor - INFO - Outside market hours price for XOM: 118.63
2025-04-03 21:27:22,096 - sec_monitor - INFO - Processing ticker: JNJ
2025-04-03 21:27:22,148 - sec_monitor - INFO - Number of bars for JNJ: 3
2025-04-03 21:27:22,149 - sec_monitor - INFO - Last bar close for JNJ: 155.33
2025-04-03 21:27:22,149 - sec_monitor - INFO - Outside market hours price for JNJ: 155.33
2025-04-03 21:27:22,149 - sec_monitor - INFO - Processing ticker: CAG
2025-04-03 21:27:22,205 - sec_monitor - INFO - Number of bars for CAG: 3
2025-04-03 21:27:22,206 - sec_monitor - INFO - Last bar close for CAG: 26.37
2025-04-03 21:27:22,206 - sec_monitor - INFO - Outside market hours price for CAG: 26.37
2025-04-03 21:27:22,206 - sec_monitor - INFO - Processing ticker: NKE
2025-04-03 21:27:22,255 - sec_monitor - INFO - Number of bars for NKE: 3
2025-04-03 21:27:22,255 - sec_monitor - INFO - Last bar close for NKE: 64.97
2025-04-03 21:27:22,255 - sec_monitor - INFO - Outside market hours price for NKE: 64.97
2025-04-03 21:27:22,255 - sec_monitor - INFO - Processing ticker: EQT
2025-04-03 21:27:22,303 - sec_monitor - INFO - Number of bars for EQT: 3
2025-04-03 21:27:22,303 - sec_monitor - INFO - Last bar close for EQT: 54.59
2025-04-03 21:27:22,303 - sec_monitor - INFO - Outside market hours price for EQT: 54.59
2025-04-03 21:27:22,303 - sec_monitor - INFO - Processing ticker: ABBV
2025-04-03 21:27:22,352 - sec_monitor - INFO - Number of bars for ABBV: 3
2025-04-03 21:27:22,352 - sec_monitor - INFO - Last bar close for ABBV: 205.07
2025-04-03 21:27:22,352 - sec_monitor - INFO - Outside market hours price for ABBV: 205.07
2025-04-03 21:27:22,352 - sec_monitor - INFO - Processing ticker: CTAS
2025-04-03 21:27:22,406 - sec_monitor - INFO - Number of bars for CTAS: 3
2025-04-03 21:27:22,407 - sec_monitor - INFO - Last bar close for CTAS: 208.7
2025-04-03 21:27:22,407 - sec_monitor - INFO - Outside market hours price for CTAS: 208.7
2025-04-03 21:27:22,407 - sec_monitor - INFO - Processing ticker: SWK
2025-04-03 21:27:22,462 - sec_monitor - INFO - Number of bars for SWK: 3
2025-04-03 21:27:22,462 - sec_monitor - INFO - Last bar close for SWK: 76.96
2025-04-03 21:27:22,463 - sec_monitor - INFO - Outside market hours price for SWK: 76.96
2025-04-03 21:27:22,463 - sec_monitor - INFO - Processing ticker: TMUS
2025-04-03 21:27:22,511 - sec_monitor - INFO - Number of bars for TMUS: 3
2025-04-03 21:27:22,511 - sec_monitor - INFO - Last bar close for TMUS: 264.49
2025-04-03 21:27:22,511 - sec_monitor - INFO - Outside market hours price for TMUS: 264.49
2025-04-03 21:27:26,187 - sec_monitor - INFO - Generating final output...
2025-04-03 21:27:26,188 - sec_monitor - INFO - Successfully merged 10 new filings with existing JSON
2025-04-03 21:27:26,188 - sec_monitor - INFO - Cumulative stats - Input words: 1033743, Output words: 1425
2025-04-03 21:27:26,188 - sec_monitor - INFO - Successfully saved/merged output to output/sec_filings.json
2025-04-03 21:27:26,188 - sec_monitor - INFO - Processing complete. Stats: {'input_words': 845715, 'output_words': 851, 'filings_processed': 10}
