2025-04-16 11:09:43,633 - sec_monitor - INFO - Starting SEC filing monitor 
2025-04-16 11:09:43,633 - sec_monitor - INFO - Loading S&P 500 data...
2025-04-16 11:09:43,634 - sec_monitor - INFO - Starting S&P 500 data initialization
2025-04-16 11:09:43,634 - sec_monitor - INFO - Successfully loaded 503 S&P 500 tickers
2025-04-16 11:09:43,634 - sec_monitor - INFO - Successfully loaded 503 S&P 500 tickers
2025-04-16 11:09:43,634 - sec_monitor - INFO - Initializing components...
2025-04-16 11:09:43,634 - sec_monitor - INFO - Initializing components
2025-04-16 11:09:43,634 - sec_monitor - INFO - SEC fetcher initialized
2025-04-16 11:09:43,635 - sec_monitor - INFO - Filing analyzer initialized
2025-04-16 11:09:43,635 - sec_monitor - INFO - Alpaca clients initialized
2025-04-16 11:09:43,635 - sec_monitor - INFO - All components initialized successfully
2025-04-16 11:09:43,636 - sec_monitor - INFO - Found old JSON file, archiving
2025-04-16 11:09:43,636 - sec_monitor - INFO - Starting new filing collection for today
2025-04-16 11:09:43,636 - sec_monitor - INFO - Fetching SEC filings...
2025-04-16 11:10:01,023 - sec_monitor - INFO - No more entries found
2025-04-16 11:10:01,023 - sec_monitor - INFO - Completed fetching. Found 53 total filings
2025-04-16 11:10:01,023 - sec_monitor - INFO - Found 9 new interesting filings
2025-04-16 11:10:01,023 - sec_monitor - INFO - Found 9 new filings to process
2025-04-16 11:10:01,023 - sec_monitor - INFO - Processing filing 1/9: TRV
2025-04-16 11:10:54,786 - sec_monitor - INFO - ==================================================
2025-04-16 11:10:54,787 - sec_monitor - INFO - Processing first chunk
2025-04-16 11:10:54,787 - sec_monitor - INFO - Timestamp: 2025-04-16 11:10:54
2025-04-16 11:10:56,352 - sec_monitor - INFO - token percentage = 45%
2025-04-16 11:10:56,352 - sec_monitor - INFO - Making API call - Attempt 1/3
2025-04-16 11:10:56,352 - sec_monitor - INFO - Timestamp: 2025-04-16 11:10:56
2025-04-16 11:12:06,064 - sec_monitor - INFO - API call successful
2025-04-16 11:12:36,094 - sec_monitor - INFO - ==================================================
2025-04-16 11:12:36,095 - sec_monitor - INFO - Processing middle chunk
2025-04-16 11:12:36,095 - sec_monitor - INFO - Timestamp: 2025-04-16 11:12:36
2025-04-16 11:12:37,355 - sec_monitor - INFO - token percentage = 57%
2025-04-16 11:12:37,355 - sec_monitor - INFO - Making API call - Attempt 1/3
2025-04-16 11:12:37,355 - sec_monitor - INFO - Timestamp: 2025-04-16 11:12:37
2025-04-16 11:15:52,710 - sec_monitor - INFO - API call successful
2025-04-16 11:16:22,740 - sec_monitor - INFO - ==================================================
2025-04-16 11:16:22,741 - sec_monitor - INFO - Processing middle chunk
2025-04-16 11:16:22,741 - sec_monitor - INFO - Timestamp: 2025-04-16 11:16:22
2025-04-16 11:16:24,028 - sec_monitor - INFO - token percentage = 48%
2025-04-16 11:16:24,029 - sec_monitor - INFO - Making API call - Attempt 1/3
2025-04-16 11:16:24,029 - sec_monitor - INFO - Timestamp: 2025-04-16 11:16:24
2025-04-16 11:17:16,150 - sec_monitor - INFO - API call successful
2025-04-16 11:17:46,180 - sec_monitor - INFO - ==================================================
2025-04-16 11:17:46,180 - sec_monitor - INFO - Processing last chunk
2025-04-16 11:17:46,180 - sec_monitor - INFO - Timestamp: 2025-04-16 11:17:46
2025-04-16 11:17:46,505 - sec_monitor - INFO - token percentage = 9%
2025-04-16 11:17:46,505 - sec_monitor - INFO - Making API call - Attempt 1/3
2025-04-16 11:17:46,505 - sec_monitor - INFO - Timestamp: 2025-04-16 11:17:46
2025-04-16 11:18:17,818 - sec_monitor - INFO - API call successful
2025-04-16 11:18:17,818 - sec_monitor - INFO - Making combine API call - Attempt 1/3
2025-04-16 11:18:17,818 - sec_monitor - INFO - Timestamp: 2025-04-16 11:18:17
2025-04-16 11:18:19,049 - sec_monitor - INFO - Combine API call successful
2025-04-16 11:18:20,051 - sec_monitor - INFO - Processing filing 2/9: TRV
2025-04-16 11:18:54,201 - sec_monitor - INFO - ==================================================
2025-04-16 11:18:54,201 - sec_monitor - INFO - Processing first chunk
2025-04-16 11:18:54,201 - sec_monitor - INFO - Timestamp: 2025-04-16 11:18:54
2025-04-16 11:18:54,541 - sec_monitor - INFO - token percentage = 14%
2025-04-16 11:18:54,541 - sec_monitor - INFO - Making API call - Attempt 1/3
2025-04-16 11:18:54,542 - sec_monitor - INFO - Timestamp: 2025-04-16 11:18:54
2025-04-16 11:22:13,343 - sec_monitor - INFO - API call successful
2025-04-16 11:22:14,345 - sec_monitor - INFO - Processing filing 3/9: NWS
2025-04-16 11:22:45,175 - sec_monitor - INFO - ==================================================
2025-04-16 11:22:45,175 - sec_monitor - INFO - Processing first chunk
2025-04-16 11:22:45,175 - sec_monitor - INFO - Timestamp: 2025-04-16 11:22:45
2025-04-16 11:22:45,327 - sec_monitor - INFO - token percentage = 7%
2025-04-16 11:22:45,327 - sec_monitor - INFO - Making API call - Attempt 1/3
2025-04-16 11:22:45,327 - sec_monitor - INFO - Timestamp: 2025-04-16 11:22:45
2025-04-16 11:23:30,965 - sec_monitor - INFO - API call successful
2025-04-16 11:23:31,967 - sec_monitor - INFO - Processing filing 4/9: OMC
2025-04-16 11:24:14,392 - sec_monitor - INFO - ==================================================
2025-04-16 11:24:14,392 - sec_monitor - INFO - Processing first chunk
2025-04-16 11:24:14,393 - sec_monitor - INFO - Timestamp: 2025-04-16 11:24:14
2025-04-16 11:24:15,690 - sec_monitor - INFO - token percentage = 44%
2025-04-16 11:24:15,690 - sec_monitor - INFO - Making API call - Attempt 1/3
2025-04-16 11:24:15,691 - sec_monitor - INFO - Timestamp: 2025-04-16 11:24:15
2025-04-16 11:25:01,576 - sec_monitor - INFO - API call successful
2025-04-16 11:25:31,607 - sec_monitor - INFO - ==================================================
2025-04-16 11:25:31,607 - sec_monitor - INFO - Processing last chunk
2025-04-16 11:25:31,607 - sec_monitor - INFO - Timestamp: 2025-04-16 11:25:31
2025-04-16 11:25:32,419 - sec_monitor - INFO - token percentage = 50%
2025-04-16 11:25:32,419 - sec_monitor - INFO - Making API call - Attempt 1/3
2025-04-16 11:25:32,420 - sec_monitor - INFO - Timestamp: 2025-04-16 11:25:32
2025-04-16 11:26:28,929 - sec_monitor - INFO - API call successful
2025-04-16 11:26:28,929 - sec_monitor - INFO - Making combine API call - Attempt 1/3
2025-04-16 11:26:28,929 - sec_monitor - INFO - Timestamp: 2025-04-16 11:26:28
2025-04-16 11:26:30,179 - sec_monitor - INFO - Combine API call successful
2025-04-16 11:26:31,180 - sec_monitor - INFO - Processing filing 5/9: NVDA
2025-04-16 11:27:01,587 - sec_monitor - INFO - ==================================================
2025-04-16 11:27:01,587 - sec_monitor - INFO - Processing first chunk
2025-04-16 11:27:01,587 - sec_monitor - INFO - Timestamp: 2025-04-16 11:27:01
2025-04-16 11:27:01,700 - sec_monitor - INFO - token percentage = 2%
2025-04-16 11:27:01,701 - sec_monitor - INFO - Making API call - Attempt 1/3
2025-04-16 11:27:01,701 - sec_monitor - INFO - Timestamp: 2025-04-16 11:27:01
2025-04-16 11:27:03,497 - sec_monitor - INFO - API call successful
2025-04-16 11:27:04,499 - sec_monitor - INFO - Processing filing 6/9: DOW
2025-04-16 11:27:35,070 - sec_monitor - INFO - ==================================================
2025-04-16 11:27:35,071 - sec_monitor - INFO - Processing first chunk
2025-04-16 11:27:35,071 - sec_monitor - INFO - Timestamp: 2025-04-16 11:27:35
2025-04-16 11:27:35,214 - sec_monitor - INFO - token percentage = 5%
2025-04-16 11:27:35,214 - sec_monitor - INFO - Making API call - Attempt 1/3
2025-04-16 11:27:35,215 - sec_monitor - INFO - Timestamp: 2025-04-16 11:27:35
2025-04-16 11:27:49,148 - sec_monitor - INFO - API call successful
2025-04-16 11:27:50,150 - sec_monitor - INFO - Processing filing 7/9: MCO
2025-04-16 11:28:20,902 - sec_monitor - INFO - ==================================================
2025-04-16 11:28:20,902 - sec_monitor - INFO - Processing first chunk
2025-04-16 11:28:20,902 - sec_monitor - INFO - Timestamp: 2025-04-16 11:28:20
2025-04-16 11:28:21,021 - sec_monitor - INFO - token percentage = 3%
2025-04-16 11:28:21,021 - sec_monitor - INFO - Making API call - Attempt 1/3
2025-04-16 11:28:21,021 - sec_monitor - INFO - Timestamp: 2025-04-16 11:28:21
2025-04-16 11:28:22,981 - sec_monitor - INFO - API call successful
2025-04-16 11:28:23,983 - sec_monitor - INFO - Processing filing 8/9: JBHT
2025-04-16 11:28:54,801 - sec_monitor - INFO - ==================================================
2025-04-16 11:28:54,801 - sec_monitor - INFO - Processing first chunk
2025-04-16 11:28:54,802 - sec_monitor - INFO - Timestamp: 2025-04-16 11:28:54
2025-04-16 11:28:54,944 - sec_monitor - INFO - token percentage = 6%
2025-04-16 11:28:54,944 - sec_monitor - INFO - Making API call - Attempt 1/3
2025-04-16 11:28:54,944 - sec_monitor - INFO - Timestamp: 2025-04-16 11:28:54
2025-04-16 11:29:37,376 - sec_monitor - INFO - API call successful
2025-04-16 11:29:38,376 - sec_monitor - INFO - Processing filing 9/9: OMC
2025-04-16 11:30:20,474 - sec_monitor - INFO - ==================================================
2025-04-16 11:30:20,474 - sec_monitor - INFO - Processing first chunk
2025-04-16 11:30:20,474 - sec_monitor - INFO - Timestamp: 2025-04-16 11:30:20
2025-04-16 11:30:21,079 - sec_monitor - INFO - token percentage = 48%
2025-04-16 11:30:21,079 - sec_monitor - INFO - Making API call - Attempt 1/3
2025-04-16 11:30:21,080 - sec_monitor - INFO - Timestamp: 2025-04-16 11:30:21
2025-04-16 11:31:19,593 - sec_monitor - INFO - API call successful
2025-04-16 11:31:49,623 - sec_monitor - INFO - ==================================================
2025-04-16 11:31:49,623 - sec_monitor - INFO - Processing middle chunk
2025-04-16 11:31:49,624 - sec_monitor - INFO - Timestamp: 2025-04-16 11:31:49
2025-04-16 11:31:50,045 - sec_monitor - INFO - token percentage = 51%
2025-04-16 11:31:50,046 - sec_monitor - INFO - Making API call - Attempt 1/3
2025-04-16 11:31:50,046 - sec_monitor - INFO - Timestamp: 2025-04-16 11:31:50
2025-04-16 11:33:06,559 - sec_monitor - INFO - API call successful
2025-04-16 11:33:36,589 - sec_monitor - INFO - ==================================================
2025-04-16 11:33:36,590 - sec_monitor - INFO - Processing middle chunk
2025-04-16 11:33:36,590 - sec_monitor - INFO - Timestamp: 2025-04-16 11:33:36
2025-04-16 11:33:36,943 - sec_monitor - INFO - token percentage = 51%
2025-04-16 11:33:36,943 - sec_monitor - INFO - Making API call - Attempt 1/3
2025-04-16 11:33:36,944 - sec_monitor - INFO - Timestamp: 2025-04-16 11:33:36
2025-04-16 11:38:49,590 - sec_monitor - INFO - API call successful
2025-04-16 11:39:19,621 - sec_monitor - INFO - ==================================================
2025-04-16 11:39:19,621 - sec_monitor - INFO - Processing last chunk
2025-04-16 11:39:19,621 - sec_monitor - INFO - Timestamp: 2025-04-16 11:39:19
2025-04-16 11:39:19,812 - sec_monitor - INFO - token percentage = 7%
2025-04-16 11:39:19,812 - sec_monitor - INFO - Making API call - Attempt 1/3
2025-04-16 11:39:19,812 - sec_monitor - INFO - Timestamp: 2025-04-16 11:39:19
2025-04-16 11:40:18,080 - sec_monitor - INFO - API call successful
2025-04-16 11:40:18,081 - sec_monitor - INFO - Making combine API call - Attempt 1/3
2025-04-16 11:40:18,081 - sec_monitor - INFO - Timestamp: 2025-04-16 11:40:18
2025-04-16 11:40:19,175 - sec_monitor - INFO - Combine API call successful
2025-04-16 11:40:20,177 - sec_monitor - INFO - Fetching supplementary data...
2025-04-16 11:40:20,565 - sec_monitor - INFO - filing_tickers type: <class 'list'>
2025-04-16 11:40:20,565 - sec_monitor - INFO - filing_data type: <class 'list'>
2025-04-16 11:40:20,565 - sec_monitor - INFO - Market open: False
2025-04-16 11:40:20,565 - sec_monitor - INFO - Number of filing times mapped: 7
2025-04-16 11:40:20,633 - sec_monitor - INFO - Last trading day: 2025-04-16
2025-04-16 11:40:20,633 - sec_monitor - INFO - Processing ticker: TRV
2025-04-16 11:40:20,923 - sec_monitor - INFO - Number of bars for TRV: 3
2025-04-16 11:40:20,923 - sec_monitor - INFO - Last bar close for TRV: 249.855
2025-04-16 11:40:20,923 - sec_monitor - INFO - Outside market hours price for TRV: 249.855
2025-04-16 11:40:20,923 - sec_monitor - INFO - Processing ticker: TRV
2025-04-16 11:40:20,990 - sec_monitor - INFO - Number of bars for TRV: 3
2025-04-16 11:40:20,990 - sec_monitor - INFO - Last bar close for TRV: 249.855
2025-04-16 11:40:20,990 - sec_monitor - INFO - Outside market hours price for TRV: 249.855
2025-04-16 11:40:20,990 - sec_monitor - INFO - Processing ticker: NWS
2025-04-16 11:40:21,053 - sec_monitor - INFO - Number of bars for NWS: 4
2025-04-16 11:40:21,053 - sec_monitor - INFO - Last bar close for NWS: 30.55
2025-04-16 11:40:21,053 - sec_monitor - INFO - Outside market hours price for NWS: 30.55
2025-04-16 11:40:21,053 - sec_monitor - INFO - Processing ticker: OMC
2025-04-16 11:40:21,127 - sec_monitor - INFO - Number of bars for OMC: 4
2025-04-16 11:40:21,127 - sec_monitor - INFO - Last bar close for OMC: 76.95
2025-04-16 11:40:21,127 - sec_monitor - INFO - Outside market hours price for OMC: 76.95
2025-04-16 11:40:21,127 - sec_monitor - INFO - Processing ticker: NVDA
2025-04-16 11:40:21,189 - sec_monitor - INFO - Number of bars for NVDA: 4
2025-04-16 11:40:21,189 - sec_monitor - INFO - Last bar close for NVDA: 112.12
2025-04-16 11:40:21,189 - sec_monitor - INFO - Outside market hours price for NVDA: 112.12
2025-04-16 11:40:21,189 - sec_monitor - INFO - Processing ticker: DOW
2025-04-16 11:40:21,260 - sec_monitor - INFO - Number of bars for DOW: 4
2025-04-16 11:40:21,260 - sec_monitor - INFO - Last bar close for DOW: 27.695
2025-04-16 11:40:21,260 - sec_monitor - INFO - Outside market hours price for DOW: 27.695
2025-04-16 11:40:21,260 - sec_monitor - INFO - Processing ticker: MCO
2025-04-16 11:40:21,327 - sec_monitor - INFO - Number of bars for MCO: 4
2025-04-16 11:40:21,327 - sec_monitor - INFO - Last bar close for MCO: 434.205
2025-04-16 11:40:21,328 - sec_monitor - INFO - Outside market hours price for MCO: 434.205
2025-04-16 11:40:21,328 - sec_monitor - INFO - Processing ticker: JBHT
2025-04-16 11:40:21,396 - sec_monitor - INFO - Number of bars for JBHT: 4
2025-04-16 11:40:21,396 - sec_monitor - INFO - Last bar close for JBHT: 135.33
2025-04-16 11:40:21,396 - sec_monitor - INFO - Outside market hours price for JBHT: 135.33
2025-04-16 11:40:21,396 - sec_monitor - INFO - Processing ticker: OMC
2025-04-16 11:40:21,484 - sec_monitor - INFO - Number of bars for OMC: 4
2025-04-16 11:40:21,485 - sec_monitor - INFO - Last bar close for OMC: 76.95
2025-04-16 11:40:21,485 - sec_monitor - INFO - Outside market hours price for OMC: 76.95
2025-04-16 11:40:24,107 - sec_monitor - INFO - Generating final output...
2025-04-16 11:40:24,108 - sec_monitor - INFO - Successfully saved/merged output to output/sec_filings.json
2025-04-16 11:40:24,108 - sec_monitor - INFO - Processing complete. Stats: {'input_words': 534272, 'output_words': 692, 'filings_processed': 9}
2025-04-16 12:39:37,112 - sec_monitor - INFO - Starting SEC filing monitor 
2025-04-16 12:39:37,113 - sec_monitor - INFO - Loading S&P 500 data...
2025-04-16 12:39:37,113 - sec_monitor - INFO - Starting S&P 500 data initialization
2025-04-16 12:39:37,113 - sec_monitor - INFO - Successfully loaded 503 S&P 500 tickers
2025-04-16 12:39:37,113 - sec_monitor - INFO - Successfully loaded 503 S&P 500 tickers
2025-04-16 12:39:37,113 - sec_monitor - INFO - Initializing components...
2025-04-16 12:39:37,114 - sec_monitor - INFO - Initializing components
2025-04-16 12:39:37,114 - sec_monitor - INFO - SEC fetcher initialized
2025-04-16 12:39:37,114 - sec_monitor - INFO - Filing analyzer initialized
2025-04-16 12:39:37,114 - sec_monitor - INFO - Alpaca clients initialized
2025-04-16 12:39:37,114 - sec_monitor - INFO - All components initialized successfully
2025-04-16 12:39:37,115 - sec_monitor - INFO - Found JSON file from today
2025-04-16 12:39:37,115 - sec_monitor - INFO - Found 9 previously processed accessions and 9 filing URLs
2025-04-16 12:39:37,115 - sec_monitor - INFO - Found 9 accession numbers and 9 URLs from previously processed filings
2025-04-16 12:39:37,115 - sec_monitor - INFO - Fetching SEC filings...
2025-04-16 12:40:07,366 - sec_monitor - INFO - No more entries found
2025-04-16 12:40:07,366 - sec_monitor - INFO - Completed fetching. Found 49 total filings
2025-04-16 12:40:07,366 - sec_monitor - INFO - Found 2 new interesting filings
2025-04-16 12:40:07,366 - sec_monitor - INFO - Found 2 new filings to process
2025-04-16 12:40:07,366 - sec_monitor - INFO - Processing filing 1/2: VLO
2025-04-16 12:40:37,879 - sec_monitor - INFO - ==================================================
2025-04-16 12:40:37,879 - sec_monitor - INFO - Processing first chunk
2025-04-16 12:40:37,879 - sec_monitor - INFO - Timestamp: 2025-04-16 12:40:37
2025-04-16 12:40:38,040 - sec_monitor - INFO - token percentage = 2%
2025-04-16 12:40:38,040 - sec_monitor - INFO - Making API call - Attempt 1/3
2025-04-16 12:40:38,040 - sec_monitor - INFO - Timestamp: 2025-04-16 12:40:38
2025-04-16 12:40:39,715 - sec_monitor - INFO - API call successful
2025-04-16 12:40:40,717 - sec_monitor - INFO - Processing filing 2/2: ABT
2025-04-16 12:41:11,524 - sec_monitor - INFO - ==================================================
2025-04-16 12:41:11,525 - sec_monitor - INFO - Processing first chunk
2025-04-16 12:41:11,525 - sec_monitor - INFO - Timestamp: 2025-04-16 12:41:11
2025-04-16 12:41:11,706 - sec_monitor - INFO - token percentage = 5%
2025-04-16 12:41:11,706 - sec_monitor - INFO - Making API call - Attempt 1/3
2025-04-16 12:41:11,706 - sec_monitor - INFO - Timestamp: 2025-04-16 12:41:11
2025-04-16 12:41:36,248 - sec_monitor - INFO - API call successful
2025-04-16 12:41:37,249 - sec_monitor - INFO - Fetching supplementary data...
2025-04-16 12:41:38,002 - sec_monitor - INFO - filing_tickers type: <class 'list'>
2025-04-16 12:41:38,003 - sec_monitor - INFO - filing_data type: <class 'list'>
2025-04-16 12:41:38,003 - sec_monitor - INFO - Market open: False
2025-04-16 12:41:38,003 - sec_monitor - INFO - Number of filing times mapped: 2
2025-04-16 12:41:38,081 - sec_monitor - INFO - Last trading day: 2025-04-16
2025-04-16 12:41:38,081 - sec_monitor - INFO - Processing ticker: VLO
2025-04-16 12:41:38,785 - sec_monitor - INFO - Number of bars for VLO: 3
2025-04-16 12:41:38,786 - sec_monitor - INFO - Last bar close for VLO: 107.46
2025-04-16 12:41:38,786 - sec_monitor - INFO - Outside market hours price for VLO: 107.46
2025-04-16 12:41:38,786 - sec_monitor - INFO - Processing ticker: ABT
2025-04-16 12:41:38,867 - sec_monitor - INFO - Number of bars for ABT: 3
2025-04-16 12:41:38,867 - sec_monitor - INFO - Last bar close for ABT: 126.22
2025-04-16 12:41:38,867 - sec_monitor - INFO - Outside market hours price for ABT: 126.22
2025-04-16 12:41:39,349 - sec_monitor - INFO - Generating final output...
2025-04-16 12:41:39,350 - sec_monitor - INFO - Successfully merged 2 new filings with existing JSON
2025-04-16 12:41:39,350 - sec_monitor - INFO - Cumulative stats - Input words: 545559, Output words: 839
2025-04-16 12:41:39,350 - sec_monitor - INFO - Successfully saved/merged output to output/sec_filings.json
2025-04-16 12:41:39,350 - sec_monitor - INFO - Processing complete. Stats: {'input_words': 11287, 'output_words': 147, 'filings_processed': 2}
2025-04-16 13:30:52,042 - sec_monitor - INFO - Starting SEC filing monitor 
2025-04-16 13:30:52,042 - sec_monitor - INFO - Loading S&P 500 data...
2025-04-16 13:30:52,042 - sec_monitor - INFO - Starting S&P 500 data initialization
2025-04-16 13:30:52,043 - sec_monitor - INFO - Successfully loaded 503 S&P 500 tickers
2025-04-16 13:30:52,043 - sec_monitor - INFO - Successfully loaded 503 S&P 500 tickers
2025-04-16 13:30:52,043 - sec_monitor - INFO - Initializing components...
2025-04-16 13:30:52,043 - sec_monitor - INFO - Initializing components
2025-04-16 13:30:52,043 - sec_monitor - INFO - SEC fetcher initialized
2025-04-16 13:30:52,043 - sec_monitor - INFO - Filing analyzer initialized
2025-04-16 13:30:52,043 - sec_monitor - INFO - Alpaca clients initialized
2025-04-16 13:30:52,043 - sec_monitor - INFO - All components initialized successfully
2025-04-16 13:30:52,044 - sec_monitor - INFO - Found JSON file from today
2025-04-16 13:30:52,045 - sec_monitor - INFO - Found 11 previously processed accessions and 11 filing URLs
2025-04-16 13:30:52,045 - sec_monitor - INFO - Found 11 accession numbers and 11 URLs from previously processed filings
2025-04-16 13:30:52,045 - sec_monitor - INFO - Fetching SEC filings...
2025-04-16 13:31:10,745 - sec_monitor - INFO - No more entries found
2025-04-16 13:31:10,745 - sec_monitor - INFO - Completed fetching. Found 49 total filings
2025-04-16 13:31:10,746 - sec_monitor - INFO - Found 3 new interesting filings
2025-04-16 13:31:10,746 - sec_monitor - INFO - Found 3 new filings to process
2025-04-16 13:31:10,746 - sec_monitor - INFO - Processing filing 1/3: HPQ
2025-04-16 13:31:47,236 - sec_monitor - INFO - ==================================================
2025-04-16 13:31:47,236 - sec_monitor - INFO - Processing first chunk
2025-04-16 13:31:47,236 - sec_monitor - INFO - Timestamp: 2025-04-16 13:31:47
2025-04-16 13:31:48,034 - sec_monitor - INFO - token percentage = 46%
2025-04-16 13:31:48,034 - sec_monitor - INFO - Making API call - Attempt 1/3
2025-04-16 13:31:48,034 - sec_monitor - INFO - Timestamp: 2025-04-16 13:31:48
2025-04-16 13:32:05,270 - sec_monitor - INFO - API call successful
2025-04-16 13:32:35,271 - sec_monitor - INFO - ==================================================
2025-04-16 13:32:35,271 - sec_monitor - INFO - Processing last chunk
2025-04-16 13:32:35,272 - sec_monitor - INFO - Timestamp: 2025-04-16 13:32:35
2025-04-16 13:32:35,638 - sec_monitor - INFO - token percentage = 25%
2025-04-16 13:32:35,638 - sec_monitor - INFO - Making API call - Attempt 1/3
2025-04-16 13:32:35,638 - sec_monitor - INFO - Timestamp: 2025-04-16 13:32:35
2025-04-16 13:32:44,960 - sec_monitor - INFO - API call successful
2025-04-16 13:32:44,961 - sec_monitor - INFO - Making combine API call - Attempt 1/3
2025-04-16 13:32:44,961 - sec_monitor - INFO - Timestamp: 2025-04-16 13:32:44
2025-04-16 13:32:46,093 - sec_monitor - INFO - Combine API call successful
2025-04-16 13:32:47,095 - sec_monitor - INFO - Processing filing 2/3: PGR
2025-04-16 13:33:18,216 - sec_monitor - INFO - ==================================================
2025-04-16 13:33:18,216 - sec_monitor - INFO - Processing first chunk
2025-04-16 13:33:18,216 - sec_monitor - INFO - Timestamp: 2025-04-16 13:33:18
2025-04-16 13:33:18,424 - sec_monitor - INFO - token percentage = 10%
2025-04-16 13:33:18,424 - sec_monitor - INFO - Making API call - Attempt 1/3
2025-04-16 13:33:18,424 - sec_monitor - INFO - Timestamp: 2025-04-16 13:33:18
2025-04-16 13:33:23,844 - sec_monitor - INFO - API call successful
2025-04-16 13:33:24,846 - sec_monitor - INFO - Processing filing 3/3: AMD
2025-04-16 13:33:55,400 - sec_monitor - INFO - ==================================================
2025-04-16 13:33:55,400 - sec_monitor - INFO - Processing first chunk
2025-04-16 13:33:55,400 - sec_monitor - INFO - Timestamp: 2025-04-16 13:33:55
2025-04-16 13:33:55,544 - sec_monitor - INFO - token percentage = 3%
2025-04-16 13:33:55,544 - sec_monitor - INFO - Making API call - Attempt 1/3
2025-04-16 13:33:55,544 - sec_monitor - INFO - Timestamp: 2025-04-16 13:33:55
2025-04-16 13:33:57,380 - sec_monitor - INFO - API call successful
2025-04-16 13:33:58,382 - sec_monitor - INFO - Fetching supplementary data...
2025-04-16 13:33:58,644 - sec_monitor - INFO - filing_tickers type: <class 'list'>
2025-04-16 13:33:58,644 - sec_monitor - INFO - filing_data type: <class 'list'>
2025-04-16 13:33:58,644 - sec_monitor - INFO - Market open: True
2025-04-16 13:33:58,644 - sec_monitor - INFO - Number of filing times mapped: 3
2025-04-16 13:33:58,656 - sec_monitor - INFO - Last trading day: 2025-04-16
2025-04-16 13:33:58,656 - sec_monitor - INFO - Processing ticker: HPQ
2025-04-16 13:33:58,908 - sec_monitor - INFO - Number of bars for HPQ: 3
2025-04-16 13:33:58,908 - sec_monitor - INFO - Last bar close for HPQ: 23.72
2025-04-16 13:33:58,908 - sec_monitor - INFO - Market open price for HPQ: 23.72, change: -1.3311148086522475%
2025-04-16 13:33:58,908 - sec_monitor - INFO - Processing ticker: PGR
2025-04-16 13:33:58,924 - sec_monitor - INFO - Number of bars for PGR: 3
2025-04-16 13:33:58,924 - sec_monitor - INFO - Last bar close for PGR: 276.18
2025-04-16 13:33:58,924 - sec_monitor - INFO - Market open price for PGR: 276.18, change: -0.8650705337592764%
2025-04-16 13:33:58,924 - sec_monitor - INFO - Processing ticker: AMD
2025-04-16 13:33:58,947 - sec_monitor - INFO - Number of bars for AMD: 3
2025-04-16 13:33:58,947 - sec_monitor - INFO - Last bar close for AMD: 95.23
2025-04-16 13:33:58,947 - sec_monitor - INFO - Market open price for AMD: 95.23, change: 0.7831516562599313%
2025-04-16 13:34:00,056 - sec_monitor - INFO - Generating final output...
2025-04-16 13:34:00,057 - sec_monitor - INFO - Successfully merged 3 new filings with existing JSON
2025-04-16 13:34:00,057 - sec_monitor - INFO - Cumulative stats - Input words: 623300, Output words: 1034
2025-04-16 13:34:00,057 - sec_monitor - INFO - Successfully saved/merged output to output/sec_filings.json
2025-04-16 13:34:00,057 - sec_monitor - INFO - Processing complete. Stats: {'input_words': 77741, 'output_words': 195, 'filings_processed': 3}
2025-04-16 15:21:00,238 - sec_monitor - INFO - Starting SEC filing monitor 
2025-04-16 15:21:00,238 - sec_monitor - INFO - Loading S&P 500 data...
2025-04-16 15:21:00,238 - sec_monitor - INFO - Starting S&P 500 data initialization
2025-04-16 15:21:00,239 - sec_monitor - INFO - Successfully loaded 503 S&P 500 tickers
2025-04-16 15:21:00,239 - sec_monitor - INFO - Successfully loaded 503 S&P 500 tickers
2025-04-16 15:21:00,239 - sec_monitor - INFO - Initializing components...
2025-04-16 15:21:00,239 - sec_monitor - INFO - Initializing components
2025-04-16 15:21:00,239 - sec_monitor - INFO - SEC fetcher initialized
2025-04-16 15:21:00,239 - sec_monitor - INFO - Filing analyzer initialized
2025-04-16 15:21:00,240 - sec_monitor - INFO - Alpaca clients initialized
2025-04-16 15:21:00,240 - sec_monitor - INFO - All components initialized successfully
2025-04-16 15:21:00,241 - sec_monitor - INFO - Found JSON file from today
2025-04-16 15:21:00,241 - sec_monitor - INFO - Found 14 previously processed accessions and 14 filing URLs
2025-04-16 15:21:00,241 - sec_monitor - INFO - Found 14 accession numbers and 14 URLs from previously processed filings
2025-04-16 15:21:00,241 - sec_monitor - INFO - Fetching SEC filings...
2025-04-16 15:21:31,720 - sec_monitor - INFO - No more entries found
2025-04-16 15:21:31,720 - sec_monitor - INFO - Completed fetching. Found 38 total filings
2025-04-16 15:21:31,720 - sec_monitor - INFO - Found 0 new interesting filings
2025-04-16 15:21:31,720 - sec_monitor - INFO - No new filings to process
2025-04-16 18:22:46,176 - sec_monitor - INFO - Starting SEC filing monitor 
2025-04-16 18:22:46,176 - sec_monitor - INFO - Loading S&P 500 data...
2025-04-16 18:22:46,176 - sec_monitor - INFO - Starting S&P 500 data initialization
2025-04-16 18:22:46,176 - sec_monitor - INFO - Successfully loaded 503 S&P 500 tickers
2025-04-16 18:22:46,176 - sec_monitor - INFO - Successfully loaded 503 S&P 500 tickers
2025-04-16 18:22:46,177 - sec_monitor - INFO - Initializing components...
2025-04-16 18:22:46,177 - sec_monitor - INFO - Initializing components
2025-04-16 18:22:46,177 - sec_monitor - INFO - SEC fetcher initialized
2025-04-16 18:22:46,177 - sec_monitor - INFO - Filing analyzer initialized
2025-04-16 18:22:46,177 - sec_monitor - INFO - Alpaca clients initialized
2025-04-16 18:22:46,177 - sec_monitor - INFO - All components initialized successfully
2025-04-16 18:22:46,178 - sec_monitor - INFO - Found JSON file from today
2025-04-16 18:22:46,178 - sec_monitor - INFO - Found 14 previously processed accessions and 14 filing URLs
2025-04-16 18:22:46,179 - sec_monitor - INFO - Found 14 accession numbers and 14 URLs from previously processed filings
2025-04-16 18:22:46,179 - sec_monitor - INFO - Fetching SEC filings...
2025-04-16 18:23:13,274 - sec_monitor - INFO - No more entries found
2025-04-16 18:23:13,274 - sec_monitor - INFO - Completed fetching. Found 50 total filings
2025-04-16 18:23:13,274 - sec_monitor - INFO - Found 1 new interesting filings
2025-04-16 18:23:13,274 - sec_monitor - INFO - Found 1 new filings to process
2025-04-16 18:23:13,274 - sec_monitor - INFO - Processing filing 1/1: FAST
2025-04-16 18:23:52,975 - sec_monitor - INFO - ==================================================
2025-04-16 18:23:52,975 - sec_monitor - INFO - Processing first chunk
2025-04-16 18:23:52,976 - sec_monitor - INFO - Timestamp: 2025-04-16 18:23:52
2025-04-16 18:23:54,877 - sec_monitor - INFO - token percentage = 46%
2025-04-16 18:23:54,877 - sec_monitor - INFO - Making API call - Attempt 1/3
2025-04-16 18:23:54,877 - sec_monitor - INFO - Timestamp: 2025-04-16 18:23:54
2025-04-16 18:24:12,548 - sec_monitor - INFO - API call successful
2025-04-16 18:24:42,578 - sec_monitor - INFO - ==================================================
2025-04-16 18:24:42,578 - sec_monitor - INFO - Processing last chunk
2025-04-16 18:24:42,578 - sec_monitor - INFO - Timestamp: 2025-04-16 18:24:42
2025-04-16 18:24:43,224 - sec_monitor - INFO - token percentage = 27%
2025-04-16 18:24:43,224 - sec_monitor - INFO - Making API call - Attempt 1/3
2025-04-16 18:24:43,224 - sec_monitor - INFO - Timestamp: 2025-04-16 18:24:43
2025-04-16 18:24:53,515 - sec_monitor - INFO - API call successful
2025-04-16 18:24:53,516 - sec_monitor - INFO - Making combine API call - Attempt 1/3
2025-04-16 18:24:53,516 - sec_monitor - INFO - Timestamp: 2025-04-16 18:24:53
2025-04-16 18:24:54,663 - sec_monitor - INFO - Combine API call successful
2025-04-16 18:24:55,666 - sec_monitor - INFO - Fetching supplementary data...
2025-04-16 18:24:56,054 - sec_monitor - INFO - filing_tickers type: <class 'list'>
2025-04-16 18:24:56,054 - sec_monitor - INFO - filing_data type: <class 'list'>
2025-04-16 18:24:56,054 - sec_monitor - INFO - Market open: True
2025-04-16 18:24:56,054 - sec_monitor - INFO - Number of filing times mapped: 1
2025-04-16 18:24:56,061 - sec_monitor - INFO - Last trading day: 2025-04-16
2025-04-16 18:24:56,061 - sec_monitor - INFO - Processing ticker: FAST
2025-04-16 18:24:56,515 - sec_monitor - INFO - Number of bars for FAST: 3
2025-04-16 18:24:56,515 - sec_monitor - INFO - Last bar close for FAST: 81.61
2025-04-16 18:24:56,515 - sec_monitor - INFO - Market open price for FAST: 81.61, change: 0.3689583077112251%
2025-04-16 18:24:56,866 - sec_monitor - INFO - Generating final output...
2025-04-16 18:24:56,867 - sec_monitor - INFO - Successfully merged 1 new filings with existing JSON
2025-04-16 18:24:56,867 - sec_monitor - INFO - Cumulative stats - Input words: 724030, Output words: 1102
2025-04-16 18:24:56,867 - sec_monitor - INFO - Successfully saved/merged output to output/sec_filings.json
2025-04-16 18:24:56,867 - sec_monitor - INFO - Processing complete. Stats: {'input_words': 100730, 'output_words': 68, 'filings_processed': 1}
2025-04-16 21:11:03,572 - sec_monitor - INFO - Starting SEC filing monitor 
2025-04-16 21:11:03,573 - sec_monitor - INFO - Loading S&P 500 data...
2025-04-16 21:11:03,573 - sec_monitor - INFO - Starting S&P 500 data initialization
2025-04-16 21:11:03,573 - sec_monitor - INFO - Successfully loaded 503 S&P 500 tickers
2025-04-16 21:11:03,573 - sec_monitor - INFO - Successfully loaded 503 S&P 500 tickers
2025-04-16 21:11:03,573 - sec_monitor - INFO - Initializing components...
2025-04-16 21:11:03,573 - sec_monitor - INFO - Initializing components
2025-04-16 21:11:03,573 - sec_monitor - INFO - SEC fetcher initialized
2025-04-16 21:11:03,574 - sec_monitor - INFO - Filing analyzer initialized
2025-04-16 21:11:03,574 - sec_monitor - INFO - Alpaca clients initialized
2025-04-16 21:11:03,574 - sec_monitor - INFO - All components initialized successfully
2025-04-16 21:11:03,575 - sec_monitor - INFO - Found JSON file from today
2025-04-16 21:11:03,575 - sec_monitor - INFO - Found 15 previously processed accessions and 15 filing URLs
2025-04-16 21:11:03,575 - sec_monitor - INFO - Found 15 accession numbers and 15 URLs from previously processed filings
2025-04-16 21:11:03,575 - sec_monitor - INFO - Fetching SEC filings...
2025-04-16 21:11:18,595 - sec_monitor - INFO - No more entries found
2025-04-16 21:11:18,595 - sec_monitor - INFO - Completed fetching. Found 79 total filings
2025-04-16 21:11:18,595 - sec_monitor - INFO - Found 6 new interesting filings
2025-04-16 21:11:18,595 - sec_monitor - INFO - Found 6 new filings to process
2025-04-16 21:11:18,595 - sec_monitor - INFO - Processing filing 1/6: MGM
2025-04-16 21:11:50,893 - sec_monitor - INFO - ==================================================
2025-04-16 21:11:50,893 - sec_monitor - INFO - Processing first chunk
2025-04-16 21:11:50,893 - sec_monitor - INFO - Timestamp: 2025-04-16 21:11:50
2025-04-16 21:11:51,397 - sec_monitor - INFO - token percentage = 20%
2025-04-16 21:11:51,397 - sec_monitor - INFO - Making API call - Attempt 1/3
2025-04-16 21:11:51,397 - sec_monitor - INFO - Timestamp: 2025-04-16 21:11:51
2025-04-16 21:11:59,900 - sec_monitor - INFO - API call successful
2025-04-16 21:12:00,902 - sec_monitor - INFO - Processing filing 2/6: CNP
2025-04-16 21:12:31,381 - sec_monitor - INFO - ==================================================
2025-04-16 21:12:31,382 - sec_monitor - INFO - Processing first chunk
2025-04-16 21:12:31,382 - sec_monitor - INFO - Timestamp: 2025-04-16 21:12:31
2025-04-16 21:12:31,553 - sec_monitor - INFO - token percentage = 3%
2025-04-16 21:12:31,553 - sec_monitor - INFO - Making API call - Attempt 1/3
2025-04-16 21:12:31,553 - sec_monitor - INFO - Timestamp: 2025-04-16 21:12:31
2025-04-16 21:12:33,603 - sec_monitor - INFO - API call successful
2025-04-16 21:12:34,604 - sec_monitor - INFO - Processing filing 3/6: UAL
2025-04-16 21:13:20,832 - sec_monitor - INFO - ==================================================
2025-04-16 21:13:20,832 - sec_monitor - INFO - Processing first chunk
2025-04-16 21:13:20,832 - sec_monitor - INFO - Timestamp: 2025-04-16 21:13:20
2025-04-16 21:13:21,826 - sec_monitor - INFO - token percentage = 48%
2025-04-16 21:13:21,826 - sec_monitor - INFO - Making API call - Attempt 1/3
2025-04-16 21:13:21,826 - sec_monitor - INFO - Timestamp: 2025-04-16 21:13:21
2025-04-16 21:13:40,629 - sec_monitor - INFO - API call successful
2025-04-16 21:14:10,659 - sec_monitor - INFO - ==================================================
2025-04-16 21:14:10,660 - sec_monitor - INFO - Processing middle chunk
2025-04-16 21:14:10,660 - sec_monitor - INFO - Timestamp: 2025-04-16 21:14:10
2025-04-16 21:14:11,955 - sec_monitor - INFO - token percentage = 53%
2025-04-16 21:14:11,955 - sec_monitor - INFO - Making API call - Attempt 1/3
2025-04-16 21:14:11,955 - sec_monitor - INFO - Timestamp: 2025-04-16 21:14:11
2025-04-16 21:14:32,294 - sec_monitor - INFO - API call successful
2025-04-16 21:15:02,324 - sec_monitor - INFO - ==================================================
2025-04-16 21:15:02,324 - sec_monitor - INFO - Processing last chunk
2025-04-16 21:15:02,325 - sec_monitor - INFO - Timestamp: 2025-04-16 21:15:02
2025-04-16 21:15:02,790 - sec_monitor - INFO - token percentage = 16%
2025-04-16 21:15:02,790 - sec_monitor - INFO - Making API call - Attempt 1/3
2025-04-16 21:15:02,790 - sec_monitor - INFO - Timestamp: 2025-04-16 21:15:02
2025-04-16 21:15:10,153 - sec_monitor - INFO - API call successful
2025-04-16 21:15:10,153 - sec_monitor - INFO - Making combine API call - Attempt 1/3
2025-04-16 21:15:10,153 - sec_monitor - INFO - Timestamp: 2025-04-16 21:15:10
2025-04-16 21:15:11,273 - sec_monitor - INFO - Combine API call successful
2025-04-16 21:15:12,275 - sec_monitor - INFO - Processing filing 4/6: FANG
2025-04-16 21:15:43,598 - sec_monitor - INFO - ==================================================
2025-04-16 21:15:43,599 - sec_monitor - INFO - Processing first chunk
2025-04-16 21:15:43,599 - sec_monitor - INFO - Timestamp: 2025-04-16 21:15:43
2025-04-16 21:15:44,003 - sec_monitor - INFO - token percentage = 29%
2025-04-16 21:15:44,003 - sec_monitor - INFO - Making API call - Attempt 1/3
2025-04-16 21:15:44,003 - sec_monitor - INFO - Timestamp: 2025-04-16 21:15:44
2025-04-16 21:15:54,896 - sec_monitor - INFO - API call successful
2025-04-16 21:15:55,898 - sec_monitor - INFO - Processing filing 5/6: CSX
2025-04-16 21:16:41,333 - sec_monitor - INFO - ==================================================
2025-04-16 21:16:41,333 - sec_monitor - INFO - Processing first chunk
2025-04-16 21:16:41,333 - sec_monitor - INFO - Timestamp: 2025-04-16 21:16:41
2025-04-16 21:16:42,289 - sec_monitor - INFO - token percentage = 46%
2025-04-16 21:16:42,290 - sec_monitor - INFO - Making API call - Attempt 1/3
2025-04-16 21:16:42,290 - sec_monitor - INFO - Timestamp: 2025-04-16 21:16:42
2025-04-16 21:17:00,703 - sec_monitor - INFO - API call successful
2025-04-16 21:17:30,709 - sec_monitor - INFO - ==================================================
2025-04-16 21:17:30,709 - sec_monitor - INFO - Processing middle chunk
2025-04-16 21:17:30,709 - sec_monitor - INFO - Timestamp: 2025-04-16 21:17:30
2025-04-16 21:17:31,622 - sec_monitor - INFO - token percentage = 51%
2025-04-16 21:17:31,623 - sec_monitor - INFO - Making API call - Attempt 1/3
2025-04-16 21:17:31,623 - sec_monitor - INFO - Timestamp: 2025-04-16 21:17:31
2025-04-16 21:17:50,699 - sec_monitor - INFO - API call successful
2025-04-16 21:18:20,725 - sec_monitor - INFO - ==================================================
2025-04-16 21:18:20,725 - sec_monitor - INFO - Processing last chunk
2025-04-16 21:18:20,725 - sec_monitor - INFO - Timestamp: 2025-04-16 21:18:20
2025-04-16 21:18:20,876 - sec_monitor - INFO - token percentage = 7%
2025-04-16 21:18:20,876 - sec_monitor - INFO - Making API call - Attempt 1/3
2025-04-16 21:18:20,877 - sec_monitor - INFO - Timestamp: 2025-04-16 21:18:20
2025-04-16 21:18:24,972 - sec_monitor - INFO - API call successful
2025-04-16 21:18:24,972 - sec_monitor - INFO - Making combine API call - Attempt 1/3
2025-04-16 21:18:24,972 - sec_monitor - INFO - Timestamp: 2025-04-16 21:18:24
2025-04-16 21:18:26,092 - sec_monitor - INFO - Combine API call successful
2025-04-16 21:18:27,094 - sec_monitor - INFO - Processing filing 6/6: CSX
2025-04-16 21:20:12,086 - sec_monitor - INFO - ==================================================
2025-04-16 21:20:12,086 - sec_monitor - INFO - Processing first chunk
2025-04-16 21:20:12,087 - sec_monitor - INFO - Timestamp: 2025-04-16 21:20:12
2025-04-16 21:20:12,524 - sec_monitor - INFO - token percentage = 46%
2025-04-16 21:20:12,525 - sec_monitor - INFO - Making API call - Attempt 1/3
2025-04-16 21:20:12,525 - sec_monitor - INFO - Timestamp: 2025-04-16 21:20:12
2025-04-16 21:20:29,626 - sec_monitor - INFO - API call successful
2025-04-16 21:20:59,656 - sec_monitor - INFO - ==================================================
2025-04-16 21:20:59,657 - sec_monitor - INFO - Processing middle chunk
2025-04-16 21:20:59,657 - sec_monitor - INFO - Timestamp: 2025-04-16 21:20:59
2025-04-16 21:20:59,954 - sec_monitor - INFO - token percentage = 50%
2025-04-16 21:20:59,954 - sec_monitor - INFO - Making API call - Attempt 1/3
2025-04-16 21:20:59,954 - sec_monitor - INFO - Timestamp: 2025-04-16 21:20:59
2025-04-16 21:21:18,054 - sec_monitor - INFO - API call successful
2025-04-16 21:21:48,069 - sec_monitor - INFO - ==================================================
2025-04-16 21:21:48,069 - sec_monitor - INFO - Processing middle chunk
2025-04-16 21:21:48,069 - sec_monitor - INFO - Timestamp: 2025-04-16 21:21:48
2025-04-16 21:21:48,343 - sec_monitor - INFO - token percentage = 50%
2025-04-16 21:21:48,343 - sec_monitor - INFO - Making API call - Attempt 1/3
2025-04-16 21:21:48,343 - sec_monitor - INFO - Timestamp: 2025-04-16 21:21:48
2025-04-16 21:22:06,960 - sec_monitor - INFO - API call successful
2025-04-16 21:22:36,991 - sec_monitor - INFO - ==================================================
2025-04-16 21:22:36,991 - sec_monitor - INFO - Processing middle chunk
2025-04-16 21:22:36,991 - sec_monitor - INFO - Timestamp: 2025-04-16 21:22:36
2025-04-16 21:22:37,453 - sec_monitor - INFO - token percentage = 50%
2025-04-16 21:22:37,454 - sec_monitor - INFO - Making API call - Attempt 1/3
2025-04-16 21:22:37,454 - sec_monitor - INFO - Timestamp: 2025-04-16 21:22:37
2025-04-16 21:22:55,394 - sec_monitor - INFO - API call successful
2025-04-16 21:23:25,424 - sec_monitor - INFO - ==================================================
2025-04-16 21:23:25,425 - sec_monitor - INFO - Processing middle chunk
2025-04-16 21:23:25,425 - sec_monitor - INFO - Timestamp: 2025-04-16 21:23:25
2025-04-16 21:23:25,683 - sec_monitor - INFO - token percentage = 50%
2025-04-16 21:23:25,684 - sec_monitor - INFO - Making API call - Attempt 1/3
2025-04-16 21:23:25,684 - sec_monitor - INFO - Timestamp: 2025-04-16 21:23:25
2025-04-16 21:23:43,516 - sec_monitor - INFO - API call successful
2025-04-16 21:24:13,547 - sec_monitor - INFO - ==================================================
2025-04-16 21:24:13,547 - sec_monitor - INFO - Processing middle chunk
2025-04-16 21:24:13,547 - sec_monitor - INFO - Timestamp: 2025-04-16 21:24:13
2025-04-16 21:24:13,834 - sec_monitor - INFO - token percentage = 50%
2025-04-16 21:24:13,834 - sec_monitor - INFO - Making API call - Attempt 1/3
2025-04-16 21:24:13,834 - sec_monitor - INFO - Timestamp: 2025-04-16 21:24:13
2025-04-16 21:24:31,583 - sec_monitor - INFO - API call successful
2025-04-16 21:25:01,614 - sec_monitor - INFO - ==================================================
2025-04-16 21:25:01,614 - sec_monitor - INFO - Processing middle chunk
2025-04-16 21:25:01,614 - sec_monitor - INFO - Timestamp: 2025-04-16 21:25:01
2025-04-16 21:25:01,944 - sec_monitor - INFO - token percentage = 50%
2025-04-16 21:25:01,944 - sec_monitor - INFO - Making API call - Attempt 1/3
2025-04-16 21:25:01,944 - sec_monitor - INFO - Timestamp: 2025-04-16 21:25:01
2025-04-16 21:25:19,743 - sec_monitor - INFO - API call successful
2025-04-16 21:25:49,773 - sec_monitor - INFO - ==================================================
2025-04-16 21:25:49,773 - sec_monitor - INFO - Processing middle chunk
2025-04-16 21:25:49,773 - sec_monitor - INFO - Timestamp: 2025-04-16 21:25:49
2025-04-16 21:25:50,065 - sec_monitor - INFO - token percentage = 50%
2025-04-16 21:25:50,065 - sec_monitor - INFO - Making API call - Attempt 1/3
2025-04-16 21:25:50,065 - sec_monitor - INFO - Timestamp: 2025-04-16 21:25:50
2025-04-16 21:26:08,044 - sec_monitor - INFO - API call successful
2025-04-16 21:26:38,075 - sec_monitor - INFO - ==================================================
2025-04-16 21:26:38,075 - sec_monitor - INFO - Processing middle chunk
2025-04-16 21:26:38,075 - sec_monitor - INFO - Timestamp: 2025-04-16 21:26:38
2025-04-16 21:26:38,380 - sec_monitor - INFO - token percentage = 50%
2025-04-16 21:26:38,380 - sec_monitor - INFO - Making API call - Attempt 1/3
2025-04-16 21:26:38,380 - sec_monitor - INFO - Timestamp: 2025-04-16 21:26:38
2025-04-16 21:26:56,796 - sec_monitor - INFO - API call successful
2025-04-16 21:27:26,826 - sec_monitor - INFO - ==================================================
2025-04-16 21:27:26,826 - sec_monitor - INFO - Processing middle chunk
2025-04-16 21:27:26,826 - sec_monitor - INFO - Timestamp: 2025-04-16 21:27:26
2025-04-16 21:27:27,120 - sec_monitor - INFO - token percentage = 50%
2025-04-16 21:27:27,120 - sec_monitor - INFO - Making API call - Attempt 1/3
2025-04-16 21:27:27,121 - sec_monitor - INFO - Timestamp: 2025-04-16 21:27:27
2025-04-16 21:27:44,880 - sec_monitor - INFO - API call successful
2025-04-16 21:28:14,890 - sec_monitor - INFO - ==================================================
2025-04-16 21:28:14,891 - sec_monitor - INFO - Processing middle chunk
2025-04-16 21:28:14,891 - sec_monitor - INFO - Timestamp: 2025-04-16 21:28:14
2025-04-16 21:28:15,282 - sec_monitor - INFO - token percentage = 50%
2025-04-16 21:28:15,282 - sec_monitor - INFO - Making API call - Attempt 1/3
2025-04-16 21:28:15,282 - sec_monitor - INFO - Timestamp: 2025-04-16 21:28:15
2025-04-16 21:28:33,240 - sec_monitor - INFO - API call successful
2025-04-16 21:29:03,250 - sec_monitor - INFO - ==================================================
2025-04-16 21:29:03,251 - sec_monitor - INFO - Processing middle chunk
2025-04-16 21:29:03,251 - sec_monitor - INFO - Timestamp: 2025-04-16 21:29:03
2025-04-16 21:29:03,570 - sec_monitor - INFO - token percentage = 49%
2025-04-16 21:29:03,571 - sec_monitor - INFO - Making API call - Attempt 1/3
2025-04-16 21:29:03,571 - sec_monitor - INFO - Timestamp: 2025-04-16 21:29:03
2025-04-16 21:29:20,668 - sec_monitor - INFO - API call successful
2025-04-16 21:29:50,691 - sec_monitor - INFO - ==================================================
2025-04-16 21:29:50,691 - sec_monitor - INFO - Processing middle chunk
2025-04-16 21:29:50,691 - sec_monitor - INFO - Timestamp: 2025-04-16 21:29:50
2025-04-16 21:29:51,001 - sec_monitor - INFO - token percentage = 50%
2025-04-16 21:29:51,002 - sec_monitor - INFO - Making API call - Attempt 1/3
2025-04-16 21:29:51,002 - sec_monitor - INFO - Timestamp: 2025-04-16 21:29:51
2025-04-16 21:30:09,000 - sec_monitor - INFO - API call successful
2025-04-16 21:30:39,030 - sec_monitor - INFO - ==================================================
2025-04-16 21:30:39,030 - sec_monitor - INFO - Processing last chunk
2025-04-16 21:30:39,031 - sec_monitor - INFO - Timestamp: 2025-04-16 21:30:39
2025-04-16 21:30:39,206 - sec_monitor - INFO - token percentage = 20%
2025-04-16 21:30:39,206 - sec_monitor - INFO - Making API call - Attempt 1/3
2025-04-16 21:30:39,206 - sec_monitor - INFO - Timestamp: 2025-04-16 21:30:39
2025-04-16 21:30:47,355 - sec_monitor - INFO - API call successful
2025-04-16 21:30:47,355 - sec_monitor - INFO - Making combine API call - Attempt 1/3
2025-04-16 21:30:47,355 - sec_monitor - INFO - Timestamp: 2025-04-16 21:30:47
2025-04-16 21:30:48,620 - sec_monitor - INFO - Combine API call successful
2025-04-16 21:30:49,621 - sec_monitor - INFO - Fetching supplementary data...
2025-04-16 21:30:50,166 - sec_monitor - INFO - filing_tickers type: <class 'list'>
2025-04-16 21:30:50,167 - sec_monitor - INFO - filing_data type: <class 'list'>
2025-04-16 21:30:50,167 - sec_monitor - INFO - Market open: False
2025-04-16 21:30:50,167 - sec_monitor - INFO - Number of filing times mapped: 5
2025-04-16 21:30:50,244 - sec_monitor - INFO - Last trading day: 2025-04-16
2025-04-16 21:30:50,244 - sec_monitor - INFO - Processing ticker: MGM
2025-04-16 21:30:50,670 - sec_monitor - INFO - Number of bars for MGM: 3
2025-04-16 21:30:50,671 - sec_monitor - INFO - Last bar close for MGM: 29.72
2025-04-16 21:30:50,671 - sec_monitor - INFO - Outside market hours price for MGM: 29.72
2025-04-16 21:30:50,671 - sec_monitor - INFO - Processing ticker: CNP
2025-04-16 21:30:50,754 - sec_monitor - INFO - Number of bars for CNP: 3
2025-04-16 21:30:50,754 - sec_monitor - INFO - Last bar close for CNP: 37.14
2025-04-16 21:30:50,754 - sec_monitor - INFO - Outside market hours price for CNP: 37.14
2025-04-16 21:30:50,754 - sec_monitor - INFO - Processing ticker: UAL
2025-04-16 21:30:50,841 - sec_monitor - INFO - Number of bars for UAL: 3
2025-04-16 21:30:50,841 - sec_monitor - INFO - Last bar close for UAL: 67.02
2025-04-16 21:30:50,842 - sec_monitor - INFO - Outside market hours price for UAL: 67.02
2025-04-16 21:30:50,842 - sec_monitor - INFO - Processing ticker: FANG
2025-04-16 21:30:50,937 - sec_monitor - INFO - Number of bars for FANG: 3
2025-04-16 21:30:50,937 - sec_monitor - INFO - Last bar close for FANG: 127.0
2025-04-16 21:30:50,937 - sec_monitor - INFO - Outside market hours price for FANG: 127.0
2025-04-16 21:30:50,938 - sec_monitor - INFO - Processing ticker: CSX
2025-04-16 21:30:51,024 - sec_monitor - INFO - Number of bars for CSX: 3
2025-04-16 21:30:51,024 - sec_monitor - INFO - Last bar close for CSX: 27.885
2025-04-16 21:30:51,024 - sec_monitor - INFO - Outside market hours price for CSX: 27.885
2025-04-16 21:30:51,024 - sec_monitor - INFO - Processing ticker: CSX
2025-04-16 21:30:51,110 - sec_monitor - INFO - Number of bars for CSX: 3
2025-04-16 21:30:51,110 - sec_monitor - INFO - Last bar close for CSX: 27.885
2025-04-16 21:30:51,110 - sec_monitor - INFO - Outside market hours price for CSX: 27.885
2025-04-16 21:30:53,005 - sec_monitor - INFO - Generating final output...
2025-04-16 21:30:53,006 - sec_monitor - INFO - Successfully merged 6 new filings with existing JSON
2025-04-16 21:30:53,006 - sec_monitor - INFO - Cumulative stats - Input words: 1372452, Output words: 1522
2025-04-16 21:30:53,007 - sec_monitor - INFO - Successfully saved/merged output to output/sec_filings.json
2025-04-16 21:30:53,007 - sec_monitor - INFO - Processing complete. Stats: {'input_words': 648422, 'output_words': 420, 'filings_processed': 6}
