2025-04-18 11:09:23,233 - sec_monitor - INFO - Starting SEC filing monitor 
2025-04-18 11:09:23,234 - sec_monitor - INFO - Loading S&P 500 data...
2025-04-18 11:09:23,234 - sec_monitor - INFO - Starting S&P 500 data initialization
2025-04-18 11:09:23,234 - sec_monitor - INFO - Successfully loaded 503 S&P 500 tickers
2025-04-18 11:09:23,234 - sec_monitor - INFO - Successfully loaded 503 S&P 500 tickers
2025-04-18 11:09:23,234 - sec_monitor - INFO - Initializing components...
2025-04-18 11:09:23,234 - sec_monitor - INFO - Initializing components
2025-04-18 11:09:23,234 - sec_monitor - INFO - SEC fetcher initialized
2025-04-18 11:09:23,235 - sec_monitor - INFO - Filing analyzer initialized
2025-04-18 11:09:23,235 - sec_monitor - INFO - Alpaca clients initialized
2025-04-18 11:09:23,235 - sec_monitor - INFO - All components initialized successfully
2025-04-18 11:09:23,236 - sec_monitor - INFO - Found old JSON file, archiving
2025-04-18 11:09:23,236 - sec_monitor - INFO - Starting new filing collection for today
2025-04-18 11:09:23,236 - sec_monitor - INFO - Fetching SEC filings...
2025-04-18 11:09:38,370 - sec_monitor - INFO - No more entries found
2025-04-18 11:09:38,371 - sec_monitor - INFO - Completed fetching. Found 112 total filings
2025-04-18 11:09:38,371 - sec_monitor - INFO - Found 3 new interesting filings
2025-04-18 11:09:38,371 - sec_monitor - INFO - Found 3 new filings to process
2025-04-18 11:09:38,371 - sec_monitor - INFO - Processing filing 1/3: GOOG
2025-04-18 11:10:08,820 - sec_monitor - INFO - ==================================================
2025-04-18 11:10:08,820 - sec_monitor - INFO - Processing first chunk
2025-04-18 11:10:08,820 - sec_monitor - INFO - Timestamp: 2025-04-18 11:10:08
2025-04-18 11:10:08,928 - sec_monitor - INFO - token percentage = 3%
2025-04-18 11:10:08,928 - sec_monitor - INFO - Making API call - Attempt 1/3
2025-04-18 11:10:08,928 - sec_monitor - INFO - Timestamp: 2025-04-18 11:10:08
2025-04-18 11:10:10,669 - sec_monitor - INFO - API call successful
2025-04-18 11:10:11,671 - sec_monitor - INFO - Processing filing 2/3: HPQ
2025-04-18 11:10:42,110 - sec_monitor - INFO - ==================================================
2025-04-18 11:10:42,110 - sec_monitor - INFO - Processing first chunk
2025-04-18 11:10:42,110 - sec_monitor - INFO - Timestamp: 2025-04-18 11:10:42
2025-04-18 11:10:42,225 - sec_monitor - INFO - token percentage = 3%
2025-04-18 11:10:42,225 - sec_monitor - INFO - Making API call - Attempt 1/3
2025-04-18 11:10:42,225 - sec_monitor - INFO - Timestamp: 2025-04-18 11:10:42
2025-04-18 11:10:44,163 - sec_monitor - INFO - API call successful
2025-04-18 11:10:45,165 - sec_monitor - INFO - Processing filing 3/3: MNST
2025-04-18 11:11:15,758 - sec_monitor - INFO - ==================================================
2025-04-18 11:11:15,758 - sec_monitor - INFO - Processing first chunk
2025-04-18 11:11:15,758 - sec_monitor - INFO - Timestamp: 2025-04-18 11:11:15
2025-04-18 11:11:15,890 - sec_monitor - INFO - token percentage = 3%
2025-04-18 11:11:15,890 - sec_monitor - INFO - Making API call - Attempt 1/3
2025-04-18 11:11:15,890 - sec_monitor - INFO - Timestamp: 2025-04-18 11:11:15
2025-04-18 11:11:17,722 - sec_monitor - INFO - API call successful
2025-04-18 11:11:18,724 - sec_monitor - INFO - Fetching supplementary data...
2025-04-18 11:11:19,032 - sec_monitor - INFO - filing_tickers type: <class 'list'>
2025-04-18 11:11:19,032 - sec_monitor - INFO - filing_data type: <class 'list'>
2025-04-18 11:11:19,033 - sec_monitor - INFO - Market open: False
2025-04-18 11:11:19,033 - sec_monitor - INFO - Number of filing times mapped: 3
2025-04-18 11:11:19,054 - sec_monitor - INFO - Last trading day: 2025-04-17
2025-04-18 11:11:19,054 - sec_monitor - INFO - Processing ticker: GOOG
2025-04-18 11:11:19,688 - sec_monitor - INFO - Number of bars for GOOG: 4
2025-04-18 11:11:19,688 - sec_monitor - INFO - Last bar close for GOOG: 153.3
2025-04-18 11:11:19,688 - sec_monitor - INFO - Outside market hours price for GOOG: 153.3
2025-04-18 11:11:19,688 - sec_monitor - INFO - Processing ticker: HPQ
2025-04-18 11:11:19,718 - sec_monitor - INFO - Number of bars for HPQ: 4
2025-04-18 11:11:19,718 - sec_monitor - INFO - Last bar close for HPQ: 23.81
2025-04-18 11:11:19,718 - sec_monitor - INFO - Outside market hours price for HPQ: 23.81
2025-04-18 11:11:19,718 - sec_monitor - INFO - Processing ticker: MNST
2025-04-18 11:11:19,748 - sec_monitor - INFO - Number of bars for MNST: 4
2025-04-18 11:11:19,748 - sec_monitor - INFO - Last bar close for MNST: 58.405
2025-04-18 11:11:19,749 - sec_monitor - INFO - Outside market hours price for MNST: 58.405
2025-04-18 11:11:21,071 - sec_monitor - INFO - Generating final output...
2025-04-18 11:11:21,072 - sec_monitor - INFO - Successfully saved/merged output to output/sec_filings.json
2025-04-18 11:11:21,072 - sec_monitor - INFO - Processing complete. Stats: {'input_words': 12237, 'output_words': 232, 'filings_processed': 3}
2025-04-18 12:37:23,957 - sec_monitor - INFO - Starting SEC filing monitor 
2025-04-18 12:37:23,957 - sec_monitor - INFO - Loading S&P 500 data...
2025-04-18 12:37:23,957 - sec_monitor - INFO - Starting S&P 500 data initialization
2025-04-18 12:37:23,958 - sec_monitor - INFO - Successfully loaded 503 S&P 500 tickers
2025-04-18 12:37:23,958 - sec_monitor - INFO - Successfully loaded 503 S&P 500 tickers
2025-04-18 12:37:23,958 - sec_monitor - INFO - Initializing components...
2025-04-18 12:37:23,958 - sec_monitor - INFO - Initializing components
2025-04-18 12:37:23,958 - sec_monitor - INFO - SEC fetcher initialized
2025-04-18 12:37:23,958 - sec_monitor - INFO - Filing analyzer initialized
2025-04-18 12:37:23,958 - sec_monitor - INFO - Alpaca clients initialized
2025-04-18 12:37:23,958 - sec_monitor - INFO - All components initialized successfully
2025-04-18 12:37:23,959 - sec_monitor - INFO - Found JSON file from today
2025-04-18 12:37:23,959 - sec_monitor - INFO - Found 3 previously processed accessions and 3 filing URLs
2025-04-18 12:37:23,960 - sec_monitor - INFO - Found 3 accession numbers and 3 URLs from previously processed filings
2025-04-18 12:37:23,960 - sec_monitor - INFO - Fetching SEC filings...
2025-04-18 12:37:47,203 - sec_monitor - INFO - No more entries found
2025-04-18 12:37:47,203 - sec_monitor - INFO - Completed fetching. Found 114 total filings
2025-04-18 12:37:47,203 - sec_monitor - INFO - Found 0 new interesting filings
2025-04-18 12:37:47,203 - sec_monitor - INFO - No new filings to process
2025-04-18 13:27:29,107 - sec_monitor - INFO - Starting SEC filing monitor 
2025-04-18 13:27:29,107 - sec_monitor - INFO - Loading S&P 500 data...
2025-04-18 13:27:29,107 - sec_monitor - INFO - Starting S&P 500 data initialization
2025-04-18 13:27:29,107 - sec_monitor - INFO - Successfully loaded 503 S&P 500 tickers
2025-04-18 13:27:29,108 - sec_monitor - INFO - Successfully loaded 503 S&P 500 tickers
2025-04-18 13:27:29,108 - sec_monitor - INFO - Initializing components...
2025-04-18 13:27:29,108 - sec_monitor - INFO - Initializing components
2025-04-18 13:27:29,108 - sec_monitor - INFO - SEC fetcher initialized
2025-04-18 13:27:29,108 - sec_monitor - INFO - Filing analyzer initialized
2025-04-18 13:27:29,108 - sec_monitor - INFO - Alpaca clients initialized
2025-04-18 13:27:29,108 - sec_monitor - INFO - All components initialized successfully
2025-04-18 13:27:29,109 - sec_monitor - INFO - Found JSON file from today
2025-04-18 13:27:29,109 - sec_monitor - INFO - Found 3 previously processed accessions and 3 filing URLs
2025-04-18 13:27:29,109 - sec_monitor - INFO - Found 3 accession numbers and 3 URLs from previously processed filings
2025-04-18 13:27:29,109 - sec_monitor - INFO - Fetching SEC filings...
2025-04-18 13:27:49,342 - sec_monitor - INFO - No more entries found
2025-04-18 13:27:49,342 - sec_monitor - INFO - Completed fetching. Found 114 total filings
2025-04-18 13:27:49,342 - sec_monitor - INFO - Found 2 new interesting filings
2025-04-18 13:27:49,342 - sec_monitor - INFO - Found 2 new filings to process
2025-04-18 13:27:49,342 - sec_monitor - INFO - Processing filing 1/2: CCL
2025-04-18 13:28:19,946 - sec_monitor - INFO - ==================================================
2025-04-18 13:28:19,946 - sec_monitor - INFO - Processing first chunk
2025-04-18 13:28:19,946 - sec_monitor - INFO - Timestamp: 2025-04-18 13:28:19
2025-04-18 13:28:20,102 - sec_monitor - INFO - token percentage = 5%
2025-04-18 13:28:20,102 - sec_monitor - INFO - Making API call - Attempt 1/3
2025-04-18 13:28:20,103 - sec_monitor - INFO - Timestamp: 2025-04-18 13:28:20
2025-04-18 13:28:23,535 - sec_monitor - INFO - API call successful
2025-04-18 13:28:24,537 - sec_monitor - INFO - Processing filing 2/2: TXN
2025-04-18 13:28:54,925 - sec_monitor - INFO - ==================================================
2025-04-18 13:28:54,925 - sec_monitor - INFO - Processing first chunk
2025-04-18 13:28:54,925 - sec_monitor - INFO - Timestamp: 2025-04-18 13:28:54
2025-04-18 13:28:55,021 - sec_monitor - INFO - token percentage = 2%
2025-04-18 13:28:55,021 - sec_monitor - INFO - Making API call - Attempt 1/3
2025-04-18 13:28:55,021 - sec_monitor - INFO - Timestamp: 2025-04-18 13:28:55
2025-04-18 13:28:57,031 - sec_monitor - INFO - API call successful
2025-04-18 13:28:58,033 - sec_monitor - INFO - Fetching supplementary data...
2025-04-18 13:28:58,264 - sec_monitor - INFO - filing_tickers type: <class 'list'>
2025-04-18 13:28:58,264 - sec_monitor - INFO - filing_data type: <class 'list'>
2025-04-18 13:28:58,264 - sec_monitor - INFO - Market open: False
2025-04-18 13:28:58,265 - sec_monitor - INFO - Number of filing times mapped: 2
2025-04-18 13:28:58,272 - sec_monitor - INFO - Last trading day: 2025-04-17
2025-04-18 13:28:58,272 - sec_monitor - INFO - Processing ticker: CCL
2025-04-18 13:28:58,678 - sec_monitor - INFO - Number of bars for CCL: 4
2025-04-18 13:28:58,678 - sec_monitor - INFO - Last bar close for CCL: 17.99
2025-04-18 13:28:58,678 - sec_monitor - INFO - Outside market hours price for CCL: 17.99
2025-04-18 13:28:58,678 - sec_monitor - INFO - Processing ticker: TXN
2025-04-18 13:28:58,695 - sec_monitor - INFO - Number of bars for TXN: 4
2025-04-18 13:28:58,695 - sec_monitor - INFO - Last bar close for TXN: 148.41
2025-04-18 13:28:58,695 - sec_monitor - INFO - Outside market hours price for TXN: 148.41
2025-04-18 13:28:59,586 - sec_monitor - INFO - Generating final output...
2025-04-18 13:28:59,587 - sec_monitor - INFO - Successfully merged 2 new filings with existing JSON
2025-04-18 13:28:59,587 - sec_monitor - INFO - Cumulative stats - Input words: 21694, Output words: 383
2025-04-18 13:28:59,587 - sec_monitor - INFO - Successfully saved/merged output to output/sec_filings.json
2025-04-18 13:28:59,587 - sec_monitor - INFO - Processing complete. Stats: {'input_words': 9457, 'output_words': 151, 'filings_processed': 2}
