2025-03-04 11:09:17,886 - sec_monitor - INFO - Starting SEC filing monitor 
2025-03-04 11:09:17,887 - sec_monitor - INFO - Loading S&P 500 data...
2025-03-04 11:09:17,887 - sec_monitor - INFO - Starting S&P 500 data initialization
2025-03-04 11:09:17,887 - sec_monitor - INFO - Successfully loaded 503 S&P 500 tickers
2025-03-04 11:09:17,887 - sec_monitor - INFO - Successfully loaded 503 S&P 500 tickers
2025-03-04 11:09:17,887 - sec_monitor - INFO - Initializing components...
2025-03-04 11:09:17,887 - sec_monitor - INFO - Initializing components
2025-03-04 11:09:17,888 - sec_monitor - INFO - SEC fetcher initialized
2025-03-04 11:09:17,888 - sec_monitor - INFO - Filing analyzer initialized
2025-03-04 11:09:17,888 - sec_monitor - INFO - Alpaca clients initialized
2025-03-04 11:09:17,888 - sec_monitor - INFO - All components initialized successfully
2025-03-04 11:09:17,889 - sec_monitor - INFO - Found old JSON file, archiving
2025-03-04 11:09:17,889 - sec_monitor - INFO - Starting new filing collection for today
2025-03-04 11:09:17,889 - sec_monitor - INFO - Fetching SEC filings...
2025-03-04 11:09:37,727 - sec_monitor - INFO - No more entries found
2025-03-04 11:09:37,727 - sec_monitor - INFO - Completed fetching. Found 95 total filings
2025-03-04 11:09:37,727 - sec_monitor - INFO - Found 2 new interesting filings
2025-03-04 11:09:37,727 - sec_monitor - INFO - Found 2 new filings to process
2025-03-04 11:09:37,727 - sec_monitor - INFO - Processing filing 1/2: NWS
2025-03-04 11:10:08,402 - sec_monitor - INFO - ==================================================
2025-03-04 11:10:08,403 - sec_monitor - INFO - Processing first chunk
2025-03-04 11:10:08,403 - sec_monitor - INFO - Timestamp: 2025-03-04 11:10:08
2025-03-04 11:10:08,522 - sec_monitor - INFO - token percentage = 7%
2025-03-04 11:10:08,522 - sec_monitor - INFO - Making API call - Attempt 1/3
2025-03-04 11:10:08,522 - sec_monitor - INFO - Timestamp: 2025-03-04 11:10:08
2025-03-04 11:10:12,810 - sec_monitor - INFO - API call successful
2025-03-04 11:10:13,811 - sec_monitor - INFO - Processing filing 2/2: TFX
2025-03-04 11:10:44,155 - sec_monitor - INFO - ==================================================
2025-03-04 11:10:44,155 - sec_monitor - INFO - Processing first chunk
2025-03-04 11:10:44,155 - sec_monitor - INFO - Timestamp: 2025-03-04 11:10:44
2025-03-04 11:10:44,244 - sec_monitor - INFO - token percentage = 2%
2025-03-04 11:10:44,244 - sec_monitor - INFO - Making API call - Attempt 1/3
2025-03-04 11:10:44,244 - sec_monitor - INFO - Timestamp: 2025-03-04 11:10:44
2025-03-04 11:10:45,975 - sec_monitor - INFO - API call successful
2025-03-04 11:10:46,976 - sec_monitor - INFO - Fetching supplementary data...
2025-03-04 11:10:47,093 - sec_monitor - INFO - filing_tickers type: <class 'list'>
2025-03-04 11:10:47,093 - sec_monitor - INFO - filing_data type: <class 'list'>
2025-03-04 11:10:47,093 - sec_monitor - INFO - Market open: False
2025-03-04 11:10:47,093 - sec_monitor - INFO - Number of filing times mapped: 2
2025-03-04 11:10:47,116 - sec_monitor - INFO - Last trading day: 2025-03-04
2025-03-04 11:10:47,116 - sec_monitor - INFO - Processing ticker: NWS
2025-03-04 11:10:47,229 - sec_monitor - INFO - Number of bars for NWS: 4
2025-03-04 11:10:47,229 - sec_monitor - INFO - Last bar close for NWS: 32.01
2025-03-04 11:10:47,229 - sec_monitor - INFO - Outside market hours price for NWS: 32.01
2025-03-04 11:10:47,229 - sec_monitor - INFO - Processing ticker: TFX
2025-03-04 11:10:47,299 - sec_monitor - INFO - Number of bars for TFX: 4
2025-03-04 11:10:47,299 - sec_monitor - INFO - Last bar close for TFX: 135.21
2025-03-04 11:10:47,300 - sec_monitor - INFO - Outside market hours price for TFX: 135.21
2025-03-04 11:10:48,168 - sec_monitor - INFO - Generating final output...
2025-03-04 11:10:48,169 - sec_monitor - INFO - Successfully saved/merged output to output/sec_filings.json
2025-03-04 11:10:48,169 - sec_monitor - INFO - Processing complete. Stats: {'input_words': 12051, 'output_words': 150, 'filings_processed': 2}
