2025-03-14 11:08:47,125 - sec_monitor - INFO - Starting SEC filing monitor 
2025-03-14 11:08:47,125 - sec_monitor - INFO - Loading S&P 500 data...
2025-03-14 11:08:47,125 - sec_monitor - INFO - Starting S&P 500 data initialization
2025-03-14 11:08:47,126 - sec_monitor - INFO - Successfully loaded 503 S&P 500 tickers
2025-03-14 11:08:47,126 - sec_monitor - INFO - Successfully loaded 503 S&P 500 tickers
2025-03-14 11:08:47,126 - sec_monitor - INFO - Initializing components...
2025-03-14 11:08:47,126 - sec_monitor - INFO - Initializing components
2025-03-14 11:08:47,126 - sec_monitor - INFO - SEC fetcher initialized
2025-03-14 11:08:47,126 - sec_monitor - INFO - Filing analyzer initialized
2025-03-14 11:08:47,126 - sec_monitor - INFO - Alpaca clients initialized
2025-03-14 11:08:47,127 - sec_monitor - INFO - All components initialized successfully
2025-03-14 11:08:47,127 - sec_monitor - INFO - Found old JSON file, archiving
2025-03-14 11:08:47,128 - sec_monitor - INFO - Starting new filing collection for today
2025-03-14 11:08:47,128 - sec_monitor - INFO - Fetching SEC filings...
2025-03-14 11:09:00,279 - sec_monitor - INFO - No more entries found
2025-03-14 11:09:00,279 - sec_monitor - INFO - Completed fetching. Found 88 total filings
2025-03-14 11:09:00,279 - sec_monitor - INFO - Found 9 new interesting filings
2025-03-14 11:09:00,279 - sec_monitor - INFO - Found 9 new filings to process
2025-03-14 11:09:00,279 - sec_monitor - INFO - Processing filing 1/9: NWS
2025-03-14 11:09:30,930 - sec_monitor - INFO - ==================================================
2025-03-14 11:09:30,930 - sec_monitor - INFO - Processing first chunk
2025-03-14 11:09:30,930 - sec_monitor - INFO - Timestamp: 2025-03-14 11:09:30
2025-03-14 11:09:31,029 - sec_monitor - INFO - token percentage = 7%
2025-03-14 11:09:31,029 - sec_monitor - INFO - Making API call - Attempt 1/3
2025-03-14 11:09:31,029 - sec_monitor - INFO - Timestamp: 2025-03-14 11:09:31
2025-03-14 11:13:06,197 - sec_monitor - INFO - API call successful
2025-03-14 11:13:07,199 - sec_monitor - INFO - Processing filing 2/9: OMC
2025-03-14 11:13:37,750 - sec_monitor - INFO - ==================================================
2025-03-14 11:13:37,751 - sec_monitor - INFO - Processing first chunk
2025-03-14 11:13:37,751 - sec_monitor - INFO - Timestamp: 2025-03-14 11:13:37
2025-03-14 11:13:37,852 - sec_monitor - INFO - token percentage = 6%
2025-03-14 11:13:37,853 - sec_monitor - INFO - Making API call - Attempt 1/3
2025-03-14 11:13:37,853 - sec_monitor - INFO - Timestamp: 2025-03-14 11:13:37
2025-03-14 11:22:15,510 - sec_monitor - INFO - API call successful
2025-03-14 11:22:16,511 - sec_monitor - INFO - Processing filing 3/9: IPG
2025-03-14 11:22:47,068 - sec_monitor - INFO - ==================================================
2025-03-14 11:22:47,068 - sec_monitor - INFO - Processing first chunk
2025-03-14 11:22:47,068 - sec_monitor - INFO - Timestamp: 2025-03-14 11:22:47
2025-03-14 11:22:47,163 - sec_monitor - INFO - token percentage = 6%
2025-03-14 11:22:47,163 - sec_monitor - INFO - Making API call - Attempt 1/3
2025-03-14 11:22:47,163 - sec_monitor - INFO - Timestamp: 2025-03-14 11:22:47
2025-03-14 11:27:39,184 - sec_monitor - INFO - API call successful
2025-03-14 11:27:40,185 - sec_monitor - INFO - Processing filing 4/9: WDC
2025-03-14 11:28:10,954 - sec_monitor - INFO - ==================================================
2025-03-14 11:28:10,954 - sec_monitor - INFO - Processing first chunk
2025-03-14 11:28:10,954 - sec_monitor - INFO - Timestamp: 2025-03-14 11:28:10
2025-03-14 11:28:11,141 - sec_monitor - INFO - token percentage = 9%
2025-03-14 11:28:11,141 - sec_monitor - INFO - Making API call - Attempt 1/3
2025-03-14 11:28:11,141 - sec_monitor - INFO - Timestamp: 2025-03-14 11:28:11
2025-03-14 11:29:57,162 - sec_monitor - INFO - API call successful
2025-03-14 11:29:58,163 - sec_monitor - INFO - Processing filing 5/9: TEL
2025-03-14 11:30:28,649 - sec_monitor - INFO - ==================================================
2025-03-14 11:30:28,650 - sec_monitor - INFO - Processing first chunk
2025-03-14 11:30:28,650 - sec_monitor - INFO - Timestamp: 2025-03-14 11:30:28
2025-03-14 11:30:28,733 - sec_monitor - INFO - token percentage = 5%
2025-03-14 11:30:28,733 - sec_monitor - INFO - Making API call - Attempt 1/3
2025-03-14 11:30:28,733 - sec_monitor - INFO - Timestamp: 2025-03-14 11:30:28
2025-03-14 11:30:58,798 - sec_monitor - INFO - API call successful
2025-03-14 11:30:59,799 - sec_monitor - INFO - Processing filing 6/9: FAST
2025-03-14 11:33:28,646 - sec_monitor - INFO - ==================================================
2025-03-14 11:33:28,647 - sec_monitor - INFO - Processing first chunk
2025-03-14 11:33:28,647 - sec_monitor - INFO - Timestamp: 2025-03-14 11:33:28
2025-03-14 11:33:28,852 - sec_monitor - INFO - token percentage = 50%
2025-03-14 11:33:28,852 - sec_monitor - INFO - Making API call - Attempt 1/3
2025-03-14 11:33:28,852 - sec_monitor - INFO - Timestamp: 2025-03-14 11:33:28
2025-03-14 11:34:04,089 - sec_monitor - INFO - API call successful
2025-03-14 11:34:34,120 - sec_monitor - INFO - ==================================================
2025-03-14 11:34:34,120 - sec_monitor - INFO - Processing middle chunk
2025-03-14 11:34:34,120 - sec_monitor - INFO - Timestamp: 2025-03-14 11:34:34
2025-03-14 11:34:34,443 - sec_monitor - INFO - token percentage = 50%
2025-03-14 11:34:34,443 - sec_monitor - INFO - Making API call - Attempt 1/3
2025-03-14 11:34:34,443 - sec_monitor - INFO - Timestamp: 2025-03-14 11:34:34
2025-03-14 11:35:01,693 - sec_monitor - INFO - API call successful
2025-03-14 11:35:31,723 - sec_monitor - INFO - ==================================================
2025-03-14 11:35:31,724 - sec_monitor - INFO - Processing middle chunk
2025-03-14 11:35:31,724 - sec_monitor - INFO - Timestamp: 2025-03-14 11:35:31
2025-03-14 11:35:32,052 - sec_monitor - INFO - token percentage = 50%
2025-03-14 11:35:32,052 - sec_monitor - INFO - Making API call - Attempt 1/3
2025-03-14 11:35:32,052 - sec_monitor - INFO - Timestamp: 2025-03-14 11:35:32
2025-03-14 11:36:07,970 - sec_monitor - INFO - API call successful
2025-03-14 11:36:38,001 - sec_monitor - INFO - ==================================================
2025-03-14 11:36:38,001 - sec_monitor - INFO - Processing middle chunk
2025-03-14 11:36:38,001 - sec_monitor - INFO - Timestamp: 2025-03-14 11:36:38
2025-03-14 11:36:38,274 - sec_monitor - INFO - token percentage = 50%
2025-03-14 11:36:38,274 - sec_monitor - INFO - Making API call - Attempt 1/3
2025-03-14 11:36:38,275 - sec_monitor - INFO - Timestamp: 2025-03-14 11:36:38
2025-03-14 11:36:57,511 - sec_monitor - INFO - API call successful
2025-03-14 11:37:27,541 - sec_monitor - INFO - ==================================================
2025-03-14 11:37:27,541 - sec_monitor - INFO - Processing middle chunk
2025-03-14 11:37:27,541 - sec_monitor - INFO - Timestamp: 2025-03-14 11:37:27
2025-03-14 11:37:27,836 - sec_monitor - INFO - token percentage = 50%
2025-03-14 11:37:27,837 - sec_monitor - INFO - Making API call - Attempt 1/3
2025-03-14 11:37:27,837 - sec_monitor - INFO - Timestamp: 2025-03-14 11:37:27
2025-03-14 11:37:59,169 - sec_monitor - INFO - API call successful
2025-03-14 11:38:29,199 - sec_monitor - INFO - ==================================================
2025-03-14 11:38:29,200 - sec_monitor - INFO - Processing middle chunk
2025-03-14 11:38:29,200 - sec_monitor - INFO - Timestamp: 2025-03-14 11:38:29
2025-03-14 11:38:29,393 - sec_monitor - INFO - token percentage = 50%
2025-03-14 11:38:29,394 - sec_monitor - INFO - Making API call - Attempt 1/3
2025-03-14 11:38:29,394 - sec_monitor - INFO - Timestamp: 2025-03-14 11:38:29
2025-03-14 11:38:45,941 - sec_monitor - INFO - API call successful
2025-03-14 11:39:15,972 - sec_monitor - INFO - ==================================================
2025-03-14 11:39:15,972 - sec_monitor - INFO - Processing middle chunk
2025-03-14 11:39:15,972 - sec_monitor - INFO - Timestamp: 2025-03-14 11:39:15
2025-03-14 11:39:16,176 - sec_monitor - INFO - token percentage = 50%
2025-03-14 11:39:16,177 - sec_monitor - INFO - Making API call - Attempt 1/3
2025-03-14 11:39:16,177 - sec_monitor - INFO - Timestamp: 2025-03-14 11:39:16
2025-03-14 11:40:09,429 - sec_monitor - INFO - API call successful
2025-03-14 11:40:39,459 - sec_monitor - INFO - ==================================================
2025-03-14 11:40:39,459 - sec_monitor - INFO - Processing middle chunk
2025-03-14 11:40:39,459 - sec_monitor - INFO - Timestamp: 2025-03-14 11:40:39
2025-03-14 11:40:39,788 - sec_monitor - INFO - token percentage = 50%
2025-03-14 11:40:39,789 - sec_monitor - INFO - Making API call - Attempt 1/3
2025-03-14 11:40:39,789 - sec_monitor - INFO - Timestamp: 2025-03-14 11:40:39
2025-03-14 11:41:02,285 - sec_monitor - INFO - API call successful
2025-03-14 11:41:32,307 - sec_monitor - INFO - ==================================================
2025-03-14 11:41:32,307 - sec_monitor - INFO - Processing middle chunk
2025-03-14 11:41:32,307 - sec_monitor - INFO - Timestamp: 2025-03-14 11:41:32
2025-03-14 11:41:32,542 - sec_monitor - INFO - token percentage = 50%
2025-03-14 11:41:32,542 - sec_monitor - INFO - Making API call - Attempt 1/3
2025-03-14 11:41:32,542 - sec_monitor - INFO - Timestamp: 2025-03-14 11:41:32
2025-03-14 11:41:59,902 - sec_monitor - INFO - API call successful
2025-03-14 11:42:29,932 - sec_monitor - INFO - ==================================================
2025-03-14 11:42:29,933 - sec_monitor - INFO - Processing middle chunk
2025-03-14 11:42:29,933 - sec_monitor - INFO - Timestamp: 2025-03-14 11:42:29
2025-03-14 11:42:30,248 - sec_monitor - INFO - token percentage = 50%
2025-03-14 11:42:30,248 - sec_monitor - INFO - Making API call - Attempt 1/3
2025-03-14 11:42:30,248 - sec_monitor - INFO - Timestamp: 2025-03-14 11:42:30
2025-03-14 11:42:45,634 - sec_monitor - INFO - API call successful
2025-03-14 11:43:15,658 - sec_monitor - INFO - ==================================================
2025-03-14 11:43:15,659 - sec_monitor - INFO - Processing middle chunk
2025-03-14 11:43:15,659 - sec_monitor - INFO - Timestamp: 2025-03-14 11:43:15
2025-03-14 11:43:16,003 - sec_monitor - INFO - token percentage = 50%
2025-03-14 11:43:16,004 - sec_monitor - INFO - Making API call - Attempt 1/3
2025-03-14 11:43:16,004 - sec_monitor - INFO - Timestamp: 2025-03-14 11:43:16
2025-03-14 11:43:32,883 - sec_monitor - INFO - API call successful
2025-03-14 11:44:02,894 - sec_monitor - INFO - ==================================================
2025-03-14 11:44:02,894 - sec_monitor - INFO - Processing middle chunk
2025-03-14 11:44:02,894 - sec_monitor - INFO - Timestamp: 2025-03-14 11:44:02
2025-03-14 11:44:03,146 - sec_monitor - INFO - token percentage = 50%
2025-03-14 11:44:03,146 - sec_monitor - INFO - Making API call - Attempt 1/3
2025-03-14 11:44:03,146 - sec_monitor - INFO - Timestamp: 2025-03-14 11:44:03
2025-03-14 11:44:48,213 - sec_monitor - INFO - API call successful
2025-03-14 11:45:18,236 - sec_monitor - INFO - ==================================================
2025-03-14 11:45:18,236 - sec_monitor - INFO - Processing middle chunk
2025-03-14 11:45:18,236 - sec_monitor - INFO - Timestamp: 2025-03-14 11:45:18
2025-03-14 11:45:18,460 - sec_monitor - INFO - token percentage = 49%
2025-03-14 11:45:18,460 - sec_monitor - INFO - Making API call - Attempt 1/3
2025-03-14 11:45:18,460 - sec_monitor - INFO - Timestamp: 2025-03-14 11:45:18
2025-03-14 11:45:34,284 - sec_monitor - INFO - API call successful
2025-03-14 11:46:04,315 - sec_monitor - INFO - ==================================================
2025-03-14 11:46:04,315 - sec_monitor - INFO - Processing middle chunk
2025-03-14 11:46:04,315 - sec_monitor - INFO - Timestamp: 2025-03-14 11:46:04
2025-03-14 11:46:04,684 - sec_monitor - INFO - token percentage = 50%
2025-03-14 11:46:04,684 - sec_monitor - INFO - Making API call - Attempt 1/3
2025-03-14 11:46:04,685 - sec_monitor - INFO - Timestamp: 2025-03-14 11:46:04
2025-03-14 11:46:36,656 - sec_monitor - INFO - API call successful
2025-03-14 11:47:06,679 - sec_monitor - INFO - ==================================================
2025-03-14 11:47:06,679 - sec_monitor - INFO - Processing middle chunk
2025-03-14 11:47:06,680 - sec_monitor - INFO - Timestamp: 2025-03-14 11:47:06
2025-03-14 11:47:07,040 - sec_monitor - INFO - token percentage = 50%
2025-03-14 11:47:07,040 - sec_monitor - INFO - Making API call - Attempt 1/3
2025-03-14 11:47:07,040 - sec_monitor - INFO - Timestamp: 2025-03-14 11:47:07
2025-03-14 11:47:22,803 - sec_monitor - INFO - API call successful
2025-03-14 11:47:52,828 - sec_monitor - INFO - ==================================================
2025-03-14 11:47:52,828 - sec_monitor - INFO - Processing middle chunk
2025-03-14 11:47:52,828 - sec_monitor - INFO - Timestamp: 2025-03-14 11:47:52
2025-03-14 11:47:53,028 - sec_monitor - INFO - token percentage = 50%
2025-03-14 11:47:53,028 - sec_monitor - INFO - Making API call - Attempt 1/3
2025-03-14 11:47:53,028 - sec_monitor - INFO - Timestamp: 2025-03-14 11:47:53
2025-03-14 11:48:08,397 - sec_monitor - INFO - API call successful
2025-03-14 11:48:38,427 - sec_monitor - INFO - ==================================================
2025-03-14 11:48:38,427 - sec_monitor - INFO - Processing middle chunk
2025-03-14 11:48:38,427 - sec_monitor - INFO - Timestamp: 2025-03-14 11:48:38
2025-03-14 11:48:38,812 - sec_monitor - INFO - token percentage = 50%
2025-03-14 11:48:38,813 - sec_monitor - INFO - Making API call - Attempt 1/3
2025-03-14 11:48:38,813 - sec_monitor - INFO - Timestamp: 2025-03-14 11:48:38
2025-03-14 11:48:53,716 - sec_monitor - INFO - API call successful
2025-03-14 11:49:23,740 - sec_monitor - INFO - ==================================================
2025-03-14 11:49:23,740 - sec_monitor - INFO - Processing last chunk
2025-03-14 11:49:23,740 - sec_monitor - INFO - Timestamp: 2025-03-14 11:49:23
2025-03-14 11:49:23,851 - sec_monitor - INFO - token percentage = 23%
2025-03-14 11:49:23,851 - sec_monitor - INFO - Making API call - Attempt 1/3
2025-03-14 11:49:23,851 - sec_monitor - INFO - Timestamp: 2025-03-14 11:49:23
2025-03-14 11:49:32,964 - sec_monitor - INFO - API call successful
2025-03-14 11:49:32,965 - sec_monitor - INFO - Making combine API call - Attempt 1/3
2025-03-14 11:49:32,965 - sec_monitor - INFO - Timestamp: 2025-03-14 11:49:32
2025-03-14 11:49:33,947 - sec_monitor - INFO - Combine API call successful
2025-03-14 11:49:34,950 - sec_monitor - INFO - Processing filing 7/9: ORLY
2025-03-14 11:50:05,424 - sec_monitor - INFO - ==================================================
2025-03-14 11:50:05,425 - sec_monitor - INFO - Processing first chunk
2025-03-14 11:50:05,425 - sec_monitor - INFO - Timestamp: 2025-03-14 11:50:05
2025-03-14 11:50:05,500 - sec_monitor - INFO - token percentage = 5%
2025-03-14 11:50:05,501 - sec_monitor - INFO - Making API call - Attempt 1/3
2025-03-14 11:50:05,501 - sec_monitor - INFO - Timestamp: 2025-03-14 11:50:05
2025-03-14 11:50:08,744 - sec_monitor - INFO - API call successful
2025-03-14 11:50:09,746 - sec_monitor - INFO - Processing filing 8/9: EVRG
2025-03-14 11:50:41,646 - sec_monitor - INFO - ==================================================
2025-03-14 11:50:41,646 - sec_monitor - INFO - Processing first chunk
2025-03-14 11:50:41,646 - sec_monitor - INFO - Timestamp: 2025-03-14 11:50:41
2025-03-14 11:50:42,309 - sec_monitor - INFO - token percentage = 21%
2025-03-14 11:50:42,309 - sec_monitor - INFO - Making API call - Attempt 1/3
2025-03-14 11:50:42,309 - sec_monitor - INFO - Timestamp: 2025-03-14 11:50:42
2025-03-14 11:50:51,893 - sec_monitor - INFO - API call successful
2025-03-14 11:50:52,894 - sec_monitor - INFO - Processing filing 9/9: WMB
2025-03-14 11:51:23,228 - sec_monitor - INFO - ==================================================
2025-03-14 11:51:23,228 - sec_monitor - INFO - Processing first chunk
2025-03-14 11:51:23,228 - sec_monitor - INFO - Timestamp: 2025-03-14 11:51:23
2025-03-14 11:51:23,273 - sec_monitor - INFO - token percentage = 4%
2025-03-14 11:51:23,273 - sec_monitor - INFO - Making API call - Attempt 1/3
2025-03-14 11:51:23,274 - sec_monitor - INFO - Timestamp: 2025-03-14 11:51:23
2025-03-14 11:51:50,170 - sec_monitor - INFO - API call successful
2025-03-14 11:51:51,172 - sec_monitor - INFO - Fetching supplementary data...
2025-03-14 11:51:51,465 - sec_monitor - INFO - filing_tickers type: <class 'list'>
2025-03-14 11:51:51,465 - sec_monitor - INFO - filing_data type: <class 'list'>
2025-03-14 11:51:51,465 - sec_monitor - INFO - Market open: False
2025-03-14 11:51:51,465 - sec_monitor - INFO - Number of filing times mapped: 9
2025-03-14 11:51:51,471 - sec_monitor - INFO - Last trading day: 2025-03-14
2025-03-14 11:51:51,471 - sec_monitor - INFO - Processing ticker: NWS
2025-03-14 11:51:51,659 - sec_monitor - INFO - Number of bars for NWS: 4
2025-03-14 11:51:51,660 - sec_monitor - INFO - Last bar close for NWS: 30.09
2025-03-14 11:51:51,660 - sec_monitor - INFO - Outside market hours price for NWS: 30.09
2025-03-14 11:51:51,660 - sec_monitor - INFO - Processing ticker: OMC
2025-03-14 11:51:51,670 - sec_monitor - INFO - Number of bars for OMC: 4
2025-03-14 11:51:51,670 - sec_monitor - INFO - Last bar close for OMC: 79.49
2025-03-14 11:51:51,670 - sec_monitor - INFO - Outside market hours price for OMC: 79.49
2025-03-14 11:51:51,670 - sec_monitor - INFO - Processing ticker: IPG
2025-03-14 11:51:51,687 - sec_monitor - INFO - Number of bars for IPG: 4
2025-03-14 11:51:51,687 - sec_monitor - INFO - Last bar close for IPG: 26.09
2025-03-14 11:51:51,687 - sec_monitor - INFO - Outside market hours price for IPG: 26.09
2025-03-14 11:51:51,687 - sec_monitor - INFO - Processing ticker: WDC
2025-03-14 11:51:51,697 - sec_monitor - INFO - Number of bars for WDC: 4
2025-03-14 11:51:51,697 - sec_monitor - INFO - Last bar close for WDC: 42.04
2025-03-14 11:51:51,697 - sec_monitor - INFO - Outside market hours price for WDC: 42.04
2025-03-14 11:51:51,697 - sec_monitor - INFO - Processing ticker: TEL
2025-03-14 11:51:51,759 - sec_monitor - INFO - Number of bars for TEL: 4
2025-03-14 11:51:51,759 - sec_monitor - INFO - Last bar close for TEL: 141.28
2025-03-14 11:51:51,759 - sec_monitor - INFO - Outside market hours price for TEL: 141.28
2025-03-14 11:51:51,759 - sec_monitor - INFO - Processing ticker: FAST
2025-03-14 11:51:51,768 - sec_monitor - INFO - Number of bars for FAST: 4
2025-03-14 11:51:51,768 - sec_monitor - INFO - Last bar close for FAST: 73.695
2025-03-14 11:51:51,768 - sec_monitor - INFO - Outside market hours price for FAST: 73.695
2025-03-14 11:51:51,768 - sec_monitor - INFO - Processing ticker: ORLY
2025-03-14 11:51:51,778 - sec_monitor - INFO - Number of bars for ORLY: 4
2025-03-14 11:51:51,778 - sec_monitor - INFO - Last bar close for ORLY: 1289.82
2025-03-14 11:51:51,779 - sec_monitor - INFO - Outside market hours price for ORLY: 1289.82
2025-03-14 11:51:51,779 - sec_monitor - INFO - Processing ticker: EVRG
2025-03-14 11:51:51,800 - sec_monitor - INFO - Number of bars for EVRG: 4
2025-03-14 11:51:51,800 - sec_monitor - INFO - Last bar close for EVRG: 66.63
2025-03-14 11:51:51,800 - sec_monitor - INFO - Outside market hours price for EVRG: 66.63
2025-03-14 11:51:51,800 - sec_monitor - INFO - Processing ticker: WMB
2025-03-14 11:51:51,810 - sec_monitor - INFO - Number of bars for WMB: 4
2025-03-14 11:51:51,810 - sec_monitor - INFO - Last bar close for WMB: 56.22
2025-03-14 11:51:51,810 - sec_monitor - INFO - Outside market hours price for WMB: 56.22
2025-03-14 11:51:54,467 - sec_monitor - INFO - Generating final output...
2025-03-14 11:51:54,468 - sec_monitor - INFO - Successfully saved/merged output to output/sec_filings.json
2025-03-14 11:51:54,468 - sec_monitor - INFO - Processing complete. Stats: {'input_words': 830077, 'output_words': 663, 'filings_processed': 9}
