2025-03-21 11:09:47,206 - sec_monitor - INFO - Starting SEC filing monitor 
2025-03-21 11:09:47,206 - sec_monitor - INFO - Loading S&P 500 data...
2025-03-21 11:09:47,206 - sec_monitor - INFO - Starting S&P 500 data initialization
2025-03-21 11:09:47,206 - sec_monitor - INFO - Successfully loaded 503 S&P 500 tickers
2025-03-21 11:09:47,206 - sec_monitor - INFO - Successfully loaded 503 S&P 500 tickers
2025-03-21 11:09:47,207 - sec_monitor - INFO - Initializing components...
2025-03-21 11:09:47,207 - sec_monitor - INFO - Initializing components
2025-03-21 11:09:47,207 - sec_monitor - INFO - SEC fetcher initialized
2025-03-21 11:09:47,207 - sec_monitor - INFO - Filing analyzer initialized
2025-03-21 11:09:47,207 - sec_monitor - INFO - Alpaca clients initialized
2025-03-21 11:09:47,207 - sec_monitor - INFO - All components initialized successfully
2025-03-21 11:09:47,208 - sec_monitor - INFO - Found old JSON file, archiving
2025-03-21 11:09:47,208 - sec_monitor - INFO - Starting new filing collection for today
2025-03-21 11:09:47,208 - sec_monitor - INFO - Fetching SEC filings...
2025-03-21 11:10:02,769 - sec_monitor - INFO - No more entries found
2025-03-21 11:10:02,769 - sec_monitor - INFO - Completed fetching. Found 66 total filings
2025-03-21 11:10:02,769 - sec_monitor - INFO - Found 8 new interesting filings
2025-03-21 11:10:02,770 - sec_monitor - INFO - Found 8 new filings to process
2025-03-21 11:10:02,770 - sec_monitor - INFO - Processing filing 1/8: DG
2025-03-21 11:11:21,634 - sec_monitor - INFO - ==================================================
2025-03-21 11:11:21,635 - sec_monitor - INFO - Processing first chunk
2025-03-21 11:11:21,635 - sec_monitor - INFO - Timestamp: 2025-03-21 11:11:21
2025-03-21 11:11:22,950 - sec_monitor - INFO - token percentage = 39%
2025-03-21 11:11:22,950 - sec_monitor - INFO - Making API call - Attempt 1/3
2025-03-21 11:11:22,950 - sec_monitor - INFO - Timestamp: 2025-03-21 11:11:22
2025-03-21 11:11:36,967 - sec_monitor - INFO - API call successful
2025-03-21 11:12:06,987 - sec_monitor - INFO - ==================================================
2025-03-21 11:12:06,987 - sec_monitor - INFO - Processing middle chunk
2025-03-21 11:12:06,987 - sec_monitor - INFO - Timestamp: 2025-03-21 11:12:06
2025-03-21 11:12:07,909 - sec_monitor - INFO - token percentage = 55%
2025-03-21 11:12:07,909 - sec_monitor - INFO - Making API call - Attempt 1/3
2025-03-21 11:12:07,909 - sec_monitor - INFO - Timestamp: 2025-03-21 11:12:07
2025-03-21 11:12:25,787 - sec_monitor - INFO - API call successful
2025-03-21 11:12:55,795 - sec_monitor - INFO - ==================================================
2025-03-21 11:12:55,795 - sec_monitor - INFO - Processing middle chunk
2025-03-21 11:12:55,795 - sec_monitor - INFO - Timestamp: 2025-03-21 11:12:55
2025-03-21 11:12:57,207 - sec_monitor - INFO - token percentage = 57%
2025-03-21 11:12:57,208 - sec_monitor - INFO - Making API call - Attempt 1/3
2025-03-21 11:12:57,208 - sec_monitor - INFO - Timestamp: 2025-03-21 11:12:57
2025-03-21 11:13:15,982 - sec_monitor - INFO - API call successful
2025-03-21 11:13:46,013 - sec_monitor - INFO - ==================================================
2025-03-21 11:13:46,013 - sec_monitor - INFO - Processing last chunk
2025-03-21 11:13:46,013 - sec_monitor - INFO - Timestamp: 2025-03-21 11:13:46
2025-03-21 11:13:46,390 - sec_monitor - INFO - token percentage = 11%
2025-03-21 11:13:46,390 - sec_monitor - INFO - Making API call - Attempt 1/3
2025-03-21 11:13:46,390 - sec_monitor - INFO - Timestamp: 2025-03-21 11:13:46
2025-03-21 11:13:51,250 - sec_monitor - INFO - API call successful
2025-03-21 11:13:51,251 - sec_monitor - INFO - Making combine API call - Attempt 1/3
2025-03-21 11:13:51,251 - sec_monitor - INFO - Timestamp: 2025-03-21 11:13:51
2025-03-21 11:13:52,480 - sec_monitor - INFO - Combine API call successful
2025-03-21 11:13:53,482 - sec_monitor - INFO - Processing filing 2/8: MU
2025-03-21 11:14:51,689 - sec_monitor - INFO - ==================================================
2025-03-21 11:14:51,690 - sec_monitor - INFO - Processing first chunk
2025-03-21 11:14:51,690 - sec_monitor - INFO - Timestamp: 2025-03-21 11:14:51
2025-03-21 11:14:53,335 - sec_monitor - INFO - token percentage = 28%
2025-03-21 11:14:53,336 - sec_monitor - INFO - Making API call - Attempt 1/3
2025-03-21 11:14:53,336 - sec_monitor - INFO - Timestamp: 2025-03-21 11:14:53
2025-03-21 11:15:03,823 - sec_monitor - INFO - API call successful
2025-03-21 11:15:33,854 - sec_monitor - INFO - ==================================================
2025-03-21 11:15:33,854 - sec_monitor - INFO - Processing middle chunk
2025-03-21 11:15:33,854 - sec_monitor - INFO - Timestamp: 2025-03-21 11:15:33
2025-03-21 11:15:35,273 - sec_monitor - INFO - token percentage = 35%
2025-03-21 11:15:35,274 - sec_monitor - INFO - Making API call - Attempt 1/3
2025-03-21 11:15:35,274 - sec_monitor - INFO - Timestamp: 2025-03-21 11:15:35
2025-03-21 11:15:47,055 - sec_monitor - INFO - API call successful
2025-03-21 11:16:17,086 - sec_monitor - INFO - ==================================================
2025-03-21 11:16:17,086 - sec_monitor - INFO - Processing middle chunk
2025-03-21 11:16:17,086 - sec_monitor - INFO - Timestamp: 2025-03-21 11:16:17
2025-03-21 11:16:18,126 - sec_monitor - INFO - token percentage = 49%
2025-03-21 11:16:18,126 - sec_monitor - INFO - Making API call - Attempt 1/3
2025-03-21 11:16:18,127 - sec_monitor - INFO - Timestamp: 2025-03-21 11:16:18
2025-03-21 11:16:34,285 - sec_monitor - INFO - API call successful
2025-03-21 11:17:04,315 - sec_monitor - INFO - ==================================================
2025-03-21 11:17:04,315 - sec_monitor - INFO - Processing middle chunk
2025-03-21 11:17:04,315 - sec_monitor - INFO - Timestamp: 2025-03-21 11:17:04
2025-03-21 11:17:05,106 - sec_monitor - INFO - token percentage = 76%
2025-03-21 11:17:05,107 - sec_monitor - INFO - Making API call - Attempt 1/3
2025-03-21 11:17:05,107 - sec_monitor - INFO - Timestamp: 2025-03-21 11:17:05
2025-03-21 11:17:30,264 - sec_monitor - INFO - API call successful
2025-03-21 11:18:00,294 - sec_monitor - INFO - ==================================================
2025-03-21 11:18:00,295 - sec_monitor - INFO - Processing last chunk
2025-03-21 11:18:00,295 - sec_monitor - INFO - Timestamp: 2025-03-21 11:18:00
2025-03-21 11:18:01,037 - sec_monitor - INFO - token percentage = 44%
2025-03-21 11:18:01,037 - sec_monitor - INFO - Making API call - Attempt 1/3
2025-03-21 11:18:01,037 - sec_monitor - INFO - Timestamp: 2025-03-21 11:18:01
2025-03-21 11:18:15,302 - sec_monitor - INFO - API call successful
2025-03-21 11:18:15,303 - sec_monitor - INFO - Making combine API call - Attempt 1/3
2025-03-21 11:18:15,303 - sec_monitor - INFO - Timestamp: 2025-03-21 11:18:15
2025-03-21 11:18:16,573 - sec_monitor - INFO - Combine API call successful
2025-03-21 11:18:17,575 - sec_monitor - INFO - Processing filing 3/8: NWS
2025-03-21 11:18:48,201 - sec_monitor - INFO - ==================================================
2025-03-21 11:18:48,201 - sec_monitor - INFO - Processing first chunk
2025-03-21 11:18:48,202 - sec_monitor - INFO - Timestamp: 2025-03-21 11:18:48
2025-03-21 11:18:48,352 - sec_monitor - INFO - token percentage = 7%
2025-03-21 11:18:48,353 - sec_monitor - INFO - Making API call - Attempt 1/3
2025-03-21 11:18:48,353 - sec_monitor - INFO - Timestamp: 2025-03-21 11:18:48
2025-03-21 11:18:52,609 - sec_monitor - INFO - API call successful
2025-03-21 11:18:53,611 - sec_monitor - INFO - Processing filing 4/8: HD
2025-03-21 11:20:48,417 - sec_monitor - INFO - ==================================================
2025-03-21 11:20:48,417 - sec_monitor - INFO - Processing first chunk
2025-03-21 11:20:48,418 - sec_monitor - INFO - Timestamp: 2025-03-21 11:20:48
2025-03-21 11:20:49,127 - sec_monitor - INFO - token percentage = 37%
2025-03-21 11:20:49,128 - sec_monitor - INFO - Making API call - Attempt 1/3
2025-03-21 11:20:49,128 - sec_monitor - INFO - Timestamp: 2025-03-21 11:20:49
2025-03-21 11:21:01,042 - sec_monitor - INFO - API call successful
2025-03-21 11:21:31,073 - sec_monitor - INFO - ==================================================
2025-03-21 11:21:31,073 - sec_monitor - INFO - Processing middle chunk
2025-03-21 11:21:31,073 - sec_monitor - INFO - Timestamp: 2025-03-21 11:21:31
2025-03-21 11:21:31,385 - sec_monitor - INFO - token percentage = 63%
2025-03-21 11:21:31,386 - sec_monitor - INFO - Making API call - Attempt 1/3
2025-03-21 11:21:31,386 - sec_monitor - INFO - Timestamp: 2025-03-21 11:21:31
2025-03-21 11:21:50,558 - sec_monitor - INFO - API call successful
2025-03-21 11:22:20,588 - sec_monitor - INFO - ==================================================
2025-03-21 11:22:20,588 - sec_monitor - INFO - Processing middle chunk
2025-03-21 11:22:20,589 - sec_monitor - INFO - Timestamp: 2025-03-21 11:22:20
2025-03-21 11:22:20,938 - sec_monitor - INFO - token percentage = 62%
2025-03-21 11:22:20,938 - sec_monitor - INFO - Making API call - Attempt 1/3
2025-03-21 11:22:20,938 - sec_monitor - INFO - Timestamp: 2025-03-21 11:22:20
2025-03-21 11:22:39,632 - sec_monitor - INFO - API call successful
2025-03-21 11:23:09,662 - sec_monitor - INFO - ==================================================
2025-03-21 11:23:09,662 - sec_monitor - INFO - Processing middle chunk
2025-03-21 11:23:09,662 - sec_monitor - INFO - Timestamp: 2025-03-21 11:23:09
2025-03-21 11:23:10,016 - sec_monitor - INFO - token percentage = 62%
2025-03-21 11:23:10,016 - sec_monitor - INFO - Making API call - Attempt 1/3
2025-03-21 11:23:10,016 - sec_monitor - INFO - Timestamp: 2025-03-21 11:23:10
2025-03-21 11:23:29,037 - sec_monitor - INFO - API call successful
2025-03-21 11:23:59,059 - sec_monitor - INFO - ==================================================
2025-03-21 11:23:59,059 - sec_monitor - INFO - Processing middle chunk
2025-03-21 11:23:59,059 - sec_monitor - INFO - Timestamp: 2025-03-21 11:23:59
2025-03-21 11:23:59,606 - sec_monitor - INFO - token percentage = 45%
2025-03-21 11:23:59,606 - sec_monitor - INFO - Making API call - Attempt 1/3
2025-03-21 11:23:59,606 - sec_monitor - INFO - Timestamp: 2025-03-21 11:23:59
2025-03-21 11:24:13,202 - sec_monitor - INFO - API call successful
2025-03-21 11:24:43,211 - sec_monitor - INFO - ==================================================
2025-03-21 11:24:43,211 - sec_monitor - INFO - Processing middle chunk
2025-03-21 11:24:43,211 - sec_monitor - INFO - Timestamp: 2025-03-21 11:24:43
2025-03-21 11:24:43,847 - sec_monitor - INFO - token percentage = 36%
2025-03-21 11:24:43,847 - sec_monitor - INFO - Making API call - Attempt 1/3
2025-03-21 11:24:43,847 - sec_monitor - INFO - Timestamp: 2025-03-21 11:24:43
2025-03-21 11:24:55,443 - sec_monitor - INFO - API call successful
2025-03-21 11:25:25,473 - sec_monitor - INFO - ==================================================
2025-03-21 11:25:25,473 - sec_monitor - INFO - Processing middle chunk
2025-03-21 11:25:25,473 - sec_monitor - INFO - Timestamp: 2025-03-21 11:25:25
2025-03-21 11:25:26,082 - sec_monitor - INFO - token percentage = 29%
2025-03-21 11:25:26,082 - sec_monitor - INFO - Making API call - Attempt 1/3
2025-03-21 11:25:26,082 - sec_monitor - INFO - Timestamp: 2025-03-21 11:25:26
2025-03-21 11:25:36,353 - sec_monitor - INFO - API call successful
2025-03-21 11:26:06,370 - sec_monitor - INFO - ==================================================
2025-03-21 11:26:06,370 - sec_monitor - INFO - Processing middle chunk
2025-03-21 11:26:06,370 - sec_monitor - INFO - Timestamp: 2025-03-21 11:26:06
2025-03-21 11:26:06,738 - sec_monitor - INFO - token percentage = 60%
2025-03-21 11:26:06,739 - sec_monitor - INFO - Making API call - Attempt 1/3
2025-03-21 11:26:06,739 - sec_monitor - INFO - Timestamp: 2025-03-21 11:26:06
2025-03-21 11:26:24,928 - sec_monitor - INFO - API call successful
2025-03-21 11:26:54,955 - sec_monitor - INFO - ==================================================
2025-03-21 11:26:54,955 - sec_monitor - INFO - Processing middle chunk
2025-03-21 11:26:54,955 - sec_monitor - INFO - Timestamp: 2025-03-21 11:26:54
2025-03-21 11:26:55,265 - sec_monitor - INFO - token percentage = 67%
2025-03-21 11:26:55,266 - sec_monitor - INFO - Making API call - Attempt 1/3
2025-03-21 11:26:55,266 - sec_monitor - INFO - Timestamp: 2025-03-21 11:26:55
2025-03-21 11:27:17,461 - sec_monitor - INFO - API call successful
2025-03-21 11:27:47,491 - sec_monitor - INFO - ==================================================
2025-03-21 11:27:47,491 - sec_monitor - INFO - Processing middle chunk
2025-03-21 11:27:47,492 - sec_monitor - INFO - Timestamp: 2025-03-21 11:27:47
2025-03-21 11:27:48,252 - sec_monitor - INFO - token percentage = 38%
2025-03-21 11:27:48,252 - sec_monitor - INFO - Making API call - Attempt 1/3
2025-03-21 11:27:48,252 - sec_monitor - INFO - Timestamp: 2025-03-21 11:27:48
2025-03-21 11:28:00,312 - sec_monitor - INFO - API call successful
2025-03-21 11:28:30,332 - sec_monitor - INFO - ==================================================
2025-03-21 11:28:30,332 - sec_monitor - INFO - Processing middle chunk
2025-03-21 11:28:30,332 - sec_monitor - INFO - Timestamp: 2025-03-21 11:28:30
2025-03-21 11:28:30,914 - sec_monitor - INFO - token percentage = 35%
2025-03-21 11:28:30,914 - sec_monitor - INFO - Making API call - Attempt 1/3
2025-03-21 11:28:30,914 - sec_monitor - INFO - Timestamp: 2025-03-21 11:28:30
2025-03-21 11:28:41,766 - sec_monitor - INFO - API call successful
2025-03-21 11:29:11,786 - sec_monitor - INFO - ==================================================
2025-03-21 11:29:11,786 - sec_monitor - INFO - Processing middle chunk
2025-03-21 11:29:11,786 - sec_monitor - INFO - Timestamp: 2025-03-21 11:29:11
2025-03-21 11:29:12,101 - sec_monitor - INFO - token percentage = 66%
2025-03-21 11:29:12,102 - sec_monitor - INFO - Making API call - Attempt 1/3
2025-03-21 11:29:12,102 - sec_monitor - INFO - Timestamp: 2025-03-21 11:29:12
2025-03-21 11:29:32,865 - sec_monitor - INFO - API call successful
2025-03-21 11:30:02,872 - sec_monitor - INFO - ==================================================
2025-03-21 11:30:02,872 - sec_monitor - INFO - Processing last chunk
2025-03-21 11:30:02,872 - sec_monitor - INFO - Timestamp: 2025-03-21 11:30:02
2025-03-21 11:30:02,954 - sec_monitor - INFO - token percentage = 1%
2025-03-21 11:30:02,954 - sec_monitor - INFO - Making API call - Attempt 1/3
2025-03-21 11:30:02,954 - sec_monitor - INFO - Timestamp: 2025-03-21 11:30:02
2025-03-21 11:30:04,057 - sec_monitor - INFO - API call successful
2025-03-21 11:30:04,057 - sec_monitor - INFO - Making combine API call - Attempt 1/3
2025-03-21 11:30:04,057 - sec_monitor - INFO - Timestamp: 2025-03-21 11:30:04
2025-03-21 11:30:05,186 - sec_monitor - INFO - Combine API call successful
2025-03-21 11:30:06,188 - sec_monitor - INFO - Processing filing 5/8: KR
2025-03-21 11:30:36,668 - sec_monitor - INFO - ==================================================
2025-03-21 11:30:36,669 - sec_monitor - INFO - Processing first chunk
2025-03-21 11:30:36,669 - sec_monitor - INFO - Timestamp: 2025-03-21 11:30:36
2025-03-21 11:30:36,795 - sec_monitor - INFO - token percentage = 3%
2025-03-21 11:30:36,796 - sec_monitor - INFO - Making API call - Attempt 1/3
2025-03-21 11:30:36,796 - sec_monitor - INFO - Timestamp: 2025-03-21 11:30:36
2025-03-21 11:30:38,337 - sec_monitor - INFO - API call successful
2025-03-21 11:30:39,339 - sec_monitor - INFO - Processing filing 6/8: EXPD
2025-03-21 11:31:09,669 - sec_monitor - INFO - ==================================================
2025-03-21 11:31:09,669 - sec_monitor - INFO - Processing first chunk
2025-03-21 11:31:09,669 - sec_monitor - INFO - Timestamp: 2025-03-21 11:31:09
2025-03-21 11:31:09,772 - sec_monitor - INFO - token percentage = 2%
2025-03-21 11:31:09,772 - sec_monitor - INFO - Making API call - Attempt 1/3
2025-03-21 11:31:09,772 - sec_monitor - INFO - Timestamp: 2025-03-21 11:31:09
2025-03-21 11:31:11,117 - sec_monitor - INFO - API call successful
2025-03-21 11:31:12,119 - sec_monitor - INFO - Processing filing 7/8: FANG
2025-03-21 11:31:44,128 - sec_monitor - INFO - ==================================================
2025-03-21 11:31:44,128 - sec_monitor - INFO - Processing first chunk
2025-03-21 11:31:44,128 - sec_monitor - INFO - Timestamp: 2025-03-21 11:31:44
2025-03-21 11:31:44,566 - sec_monitor - INFO - token percentage = 20%
2025-03-21 11:31:44,567 - sec_monitor - INFO - Making API call - Attempt 1/3
2025-03-21 11:31:44,567 - sec_monitor - INFO - Timestamp: 2025-03-21 11:31:44
2025-03-21 11:31:52,206 - sec_monitor - INFO - API call successful
2025-03-21 11:31:53,208 - sec_monitor - INFO - Processing filing 8/8: HRL
2025-03-21 11:32:23,667 - sec_monitor - INFO - ==================================================
2025-03-21 11:32:23,667 - sec_monitor - INFO - Processing first chunk
2025-03-21 11:32:23,667 - sec_monitor - INFO - Timestamp: 2025-03-21 11:32:23
2025-03-21 11:32:23,821 - sec_monitor - INFO - token percentage = 3%
2025-03-21 11:32:23,821 - sec_monitor - INFO - Making API call - Attempt 1/3
2025-03-21 11:32:23,821 - sec_monitor - INFO - Timestamp: 2025-03-21 11:32:23
2025-03-21 11:32:25,741 - sec_monitor - INFO - API call successful
2025-03-21 11:32:26,742 - sec_monitor - INFO - Fetching supplementary data...
2025-03-21 11:32:27,267 - sec_monitor - INFO - filing_tickers type: <class 'list'>
2025-03-21 11:32:27,268 - sec_monitor - INFO - filing_data type: <class 'list'>
2025-03-21 11:32:27,268 - sec_monitor - INFO - Market open: False
2025-03-21 11:32:27,268 - sec_monitor - INFO - Number of filing times mapped: 8
2025-03-21 11:32:27,342 - sec_monitor - INFO - Last trading day: 2025-03-21
2025-03-21 11:32:27,342 - sec_monitor - INFO - Processing ticker: DG
2025-03-21 11:32:27,747 - sec_monitor - INFO - Number of bars for DG: 4
2025-03-21 11:32:27,748 - sec_monitor - INFO - Last bar close for DG: 81.65
2025-03-21 11:32:27,748 - sec_monitor - INFO - Outside market hours price for DG: 81.65
2025-03-21 11:32:27,748 - sec_monitor - INFO - Processing ticker: MU
2025-03-21 11:32:27,825 - sec_monitor - INFO - Number of bars for MU: 4
2025-03-21 11:32:27,825 - sec_monitor - INFO - Last bar close for MU: 102.92
2025-03-21 11:32:27,826 - sec_monitor - INFO - Outside market hours price for MU: 102.92
2025-03-21 11:32:27,826 - sec_monitor - INFO - Processing ticker: NWS
2025-03-21 11:32:27,905 - sec_monitor - INFO - Number of bars for NWS: 4
2025-03-21 11:32:27,905 - sec_monitor - INFO - Last bar close for NWS: 31.02
2025-03-21 11:32:27,906 - sec_monitor - INFO - Outside market hours price for NWS: 31.02
2025-03-21 11:32:27,906 - sec_monitor - INFO - Processing ticker: HD
2025-03-21 11:32:27,990 - sec_monitor - INFO - Number of bars for HD: 4
2025-03-21 11:32:27,990 - sec_monitor - INFO - Last bar close for HD: 355.38
2025-03-21 11:32:27,990 - sec_monitor - INFO - Outside market hours price for HD: 355.38
2025-03-21 11:32:27,990 - sec_monitor - INFO - Processing ticker: KR
2025-03-21 11:32:28,072 - sec_monitor - INFO - Number of bars for KR: 4
2025-03-21 11:32:28,072 - sec_monitor - INFO - Last bar close for KR: 64.72
2025-03-21 11:32:28,072 - sec_monitor - INFO - Outside market hours price for KR: 64.72
2025-03-21 11:32:28,072 - sec_monitor - INFO - Processing ticker: EXPD
2025-03-21 11:32:28,158 - sec_monitor - INFO - Number of bars for EXPD: 4
2025-03-21 11:32:28,159 - sec_monitor - INFO - Last bar close for EXPD: 115.67
2025-03-21 11:32:28,159 - sec_monitor - INFO - Outside market hours price for EXPD: 115.67
2025-03-21 11:32:28,159 - sec_monitor - INFO - Processing ticker: FANG
2025-03-21 11:32:28,242 - sec_monitor - INFO - Number of bars for FANG: 4
2025-03-21 11:32:28,242 - sec_monitor - INFO - Last bar close for FANG: 158.48
2025-03-21 11:32:28,242 - sec_monitor - INFO - Outside market hours price for FANG: 158.48
2025-03-21 11:32:28,242 - sec_monitor - INFO - Processing ticker: HRL
2025-03-21 11:32:28,324 - sec_monitor - INFO - Number of bars for HRL: 4
2025-03-21 11:32:28,324 - sec_monitor - INFO - Last bar close for HRL: 29.675
2025-03-21 11:32:28,324 - sec_monitor - INFO - Outside market hours price for HRL: 29.675
2025-03-21 11:32:31,618 - sec_monitor - INFO - Generating final output...
2025-03-21 11:32:31,620 - sec_monitor - INFO - Successfully saved/merged output to output/sec_filings.json
2025-03-21 11:32:31,620 - sec_monitor - INFO - Processing complete. Stats: {'input_words': 1427719, 'output_words': 569, 'filings_processed': 8}
2025-03-21 12:36:54,747 - sec_monitor - INFO - Starting SEC filing monitor 
2025-03-21 12:36:54,747 - sec_monitor - INFO - Loading S&P 500 data...
2025-03-21 12:36:54,747 - sec_monitor - INFO - Starting S&P 500 data initialization
2025-03-21 12:36:54,748 - sec_monitor - INFO - Successfully loaded 503 S&P 500 tickers
2025-03-21 12:36:54,748 - sec_monitor - INFO - Successfully loaded 503 S&P 500 tickers
2025-03-21 12:36:54,748 - sec_monitor - INFO - Initializing components...
2025-03-21 12:36:54,748 - sec_monitor - INFO - Initializing components
2025-03-21 12:36:54,748 - sec_monitor - INFO - SEC fetcher initialized
2025-03-21 12:36:54,748 - sec_monitor - INFO - Filing analyzer initialized
2025-03-21 12:36:54,748 - sec_monitor - INFO - Alpaca clients initialized
2025-03-21 12:36:54,748 - sec_monitor - INFO - All components initialized successfully
2025-03-21 12:36:54,749 - sec_monitor - INFO - Found JSON file from today
2025-03-21 12:36:54,750 - sec_monitor - INFO - Found 8 previously processed accessions and 8 filing URLs
2025-03-21 12:36:54,750 - sec_monitor - INFO - Found 8 accession numbers and 8 URLs from previously processed filings
2025-03-21 12:36:54,750 - sec_monitor - INFO - Fetching SEC filings...
2025-03-21 12:37:29,026 - sec_monitor - INFO - No more entries found
2025-03-21 12:37:29,026 - sec_monitor - INFO - Completed fetching. Found 61 total filings
2025-03-21 12:37:29,026 - sec_monitor - INFO - Found 2 new interesting filings
2025-03-21 12:37:29,026 - sec_monitor - INFO - Found 2 new filings to process
2025-03-21 12:37:29,026 - sec_monitor - INFO - Processing filing 1/2: ROL
2025-03-21 12:37:59,943 - sec_monitor - INFO - ==================================================
2025-03-21 12:37:59,943 - sec_monitor - INFO - Processing first chunk
2025-03-21 12:37:59,943 - sec_monitor - INFO - Timestamp: 2025-03-21 12:37:59
2025-03-21 12:38:00,108 - sec_monitor - INFO - token percentage = 10%
2025-03-21 12:38:00,108 - sec_monitor - INFO - Making API call - Attempt 1/3
2025-03-21 12:38:00,109 - sec_monitor - INFO - Timestamp: 2025-03-21 12:38:00
2025-03-21 12:38:04,898 - sec_monitor - INFO - API call successful
2025-03-21 12:38:05,899 - sec_monitor - INFO - Processing filing 2/2: PODD
2025-03-21 12:38:42,613 - sec_monitor - INFO - ==================================================
2025-03-21 12:38:42,613 - sec_monitor - INFO - Processing first chunk
2025-03-21 12:38:42,613 - sec_monitor - INFO - Timestamp: 2025-03-21 12:38:42
2025-03-21 12:38:44,279 - sec_monitor - INFO - token percentage = 33%
2025-03-21 12:38:44,279 - sec_monitor - INFO - Making API call - Attempt 1/3
2025-03-21 12:38:44,279 - sec_monitor - INFO - Timestamp: 2025-03-21 12:38:44
2025-03-21 12:38:57,812 - sec_monitor - INFO - API call successful
2025-03-21 12:39:27,844 - sec_monitor - INFO - ==================================================
2025-03-21 12:39:27,844 - sec_monitor - INFO - Processing last chunk
2025-03-21 12:39:27,844 - sec_monitor - INFO - Timestamp: 2025-03-21 12:39:27
2025-03-21 12:39:28,166 - sec_monitor - INFO - token percentage = 35%
2025-03-21 12:39:28,167 - sec_monitor - INFO - Making API call - Attempt 1/3
2025-03-21 12:39:28,167 - sec_monitor - INFO - Timestamp: 2025-03-21 12:39:28
2025-03-21 12:39:39,100 - sec_monitor - INFO - API call successful
2025-03-21 12:39:39,101 - sec_monitor - INFO - Making combine API call - Attempt 1/3
2025-03-21 12:39:39,101 - sec_monitor - INFO - Timestamp: 2025-03-21 12:39:39
2025-03-21 12:39:40,200 - sec_monitor - INFO - Combine API call successful
2025-03-21 12:39:41,201 - sec_monitor - INFO - Fetching supplementary data...
2025-03-21 12:39:41,523 - sec_monitor - INFO - filing_tickers type: <class 'list'>
2025-03-21 12:39:41,524 - sec_monitor - INFO - filing_data type: <class 'list'>
2025-03-21 12:39:41,524 - sec_monitor - INFO - Market open: False
2025-03-21 12:39:41,524 - sec_monitor - INFO - Number of filing times mapped: 2
2025-03-21 12:39:41,544 - sec_monitor - INFO - Last trading day: 2025-03-21
2025-03-21 12:39:41,544 - sec_monitor - INFO - Processing ticker: ROL
2025-03-21 12:39:41,713 - sec_monitor - INFO - Number of bars for ROL: 4
2025-03-21 12:39:41,713 - sec_monitor - INFO - Last bar close for ROL: 51.66
2025-03-21 12:39:41,713 - sec_monitor - INFO - Outside market hours price for ROL: 51.66
2025-03-21 12:39:41,713 - sec_monitor - INFO - Processing ticker: PODD
2025-03-21 12:39:41,745 - sec_monitor - INFO - Number of bars for PODD: 4
2025-03-21 12:39:41,745 - sec_monitor - INFO - Last bar close for PODD: 265.48
2025-03-21 12:39:41,746 - sec_monitor - INFO - Outside market hours price for PODD: 265.48
2025-03-21 12:39:42,448 - sec_monitor - INFO - Generating final output...
2025-03-21 12:39:42,449 - sec_monitor - INFO - Successfully merged 2 new filings with existing JSON
2025-03-21 12:39:42,449 - sec_monitor - INFO - Cumulative stats - Input words: 1706369, Output words: 713
2025-03-21 12:39:42,449 - sec_monitor - INFO - Successfully saved/merged output to output/sec_filings.json
2025-03-21 12:39:42,449 - sec_monitor - INFO - Processing complete. Stats: {'input_words': 278650, 'output_words': 144, 'filings_processed': 2}
2025-03-21 13:27:51,186 - sec_monitor - INFO - Starting SEC filing monitor 
2025-03-21 13:27:51,186 - sec_monitor - INFO - Loading S&P 500 data...
2025-03-21 13:27:51,186 - sec_monitor - INFO - Starting S&P 500 data initialization
2025-03-21 13:27:51,187 - sec_monitor - INFO - Successfully loaded 503 S&P 500 tickers
2025-03-21 13:27:51,187 - sec_monitor - INFO - Successfully loaded 503 S&P 500 tickers
2025-03-21 13:27:51,187 - sec_monitor - INFO - Initializing components...
2025-03-21 13:27:51,187 - sec_monitor - INFO - Initializing components
2025-03-21 13:27:51,187 - sec_monitor - INFO - SEC fetcher initialized
2025-03-21 13:27:51,187 - sec_monitor - INFO - Filing analyzer initialized
2025-03-21 13:27:51,188 - sec_monitor - INFO - Alpaca clients initialized
2025-03-21 13:27:51,188 - sec_monitor - INFO - All components initialized successfully
2025-03-21 13:27:51,189 - sec_monitor - INFO - Found JSON file from today
2025-03-21 13:27:51,189 - sec_monitor - INFO - Found 10 previously processed accessions and 10 filing URLs
2025-03-21 13:27:51,189 - sec_monitor - INFO - Found 10 accession numbers and 10 URLs from previously processed filings
2025-03-21 13:27:51,189 - sec_monitor - INFO - Fetching SEC filings...
2025-03-21 13:28:30,317 - sec_monitor - INFO - No more entries found
2025-03-21 13:28:30,317 - sec_monitor - INFO - Completed fetching. Found 63 total filings
2025-03-21 13:28:30,317 - sec_monitor - INFO - Found 1 new interesting filings
2025-03-21 13:28:30,317 - sec_monitor - INFO - Found 1 new filings to process
2025-03-21 13:28:30,317 - sec_monitor - INFO - Processing filing 1/1: CCL
2025-03-21 13:29:01,388 - sec_monitor - INFO - ==================================================
2025-03-21 13:29:01,388 - sec_monitor - INFO - Processing first chunk
2025-03-21 13:29:01,388 - sec_monitor - INFO - Timestamp: 2025-03-21 13:29:01
2025-03-21 13:29:01,628 - sec_monitor - INFO - token percentage = 7%
2025-03-21 13:29:01,629 - sec_monitor - INFO - Making API call - Attempt 1/3
2025-03-21 13:29:01,629 - sec_monitor - INFO - Timestamp: 2025-03-21 13:29:01
2025-03-21 13:29:05,791 - sec_monitor - INFO - API call successful
2025-03-21 13:29:06,792 - sec_monitor - INFO - Fetching supplementary data...
2025-03-21 13:29:07,068 - sec_monitor - INFO - filing_tickers type: <class 'list'>
2025-03-21 13:29:07,069 - sec_monitor - INFO - filing_data type: <class 'list'>
2025-03-21 13:29:07,069 - sec_monitor - INFO - Market open: False
2025-03-21 13:29:07,069 - sec_monitor - INFO - Number of filing times mapped: 1
2025-03-21 13:29:07,132 - sec_monitor - INFO - Last trading day: 2025-03-21
2025-03-21 13:29:07,132 - sec_monitor - INFO - Processing ticker: CCL
2025-03-21 13:29:07,393 - sec_monitor - INFO - Number of bars for CCL: 4
2025-03-21 13:29:07,393 - sec_monitor - INFO - Last bar close for CCL: 21.19
2025-03-21 13:29:07,393 - sec_monitor - INFO - Outside market hours price for CCL: 21.19
2025-03-21 13:29:07,804 - sec_monitor - INFO - Generating final output...
2025-03-21 13:29:07,806 - sec_monitor - INFO - Successfully merged 1 new filings with existing JSON
2025-03-21 13:29:07,806 - sec_monitor - INFO - Cumulative stats - Input words: 1717663, Output words: 797
2025-03-21 13:29:07,806 - sec_monitor - INFO - Successfully saved/merged output to output/sec_filings.json
2025-03-21 13:29:07,806 - sec_monitor - INFO - Processing complete. Stats: {'input_words': 11294, 'output_words': 84, 'filings_processed': 1}
2025-03-21 15:19:35,573 - sec_monitor - INFO - Starting SEC filing monitor 
2025-03-21 15:19:35,573 - sec_monitor - INFO - Loading S&P 500 data...
2025-03-21 15:19:35,573 - sec_monitor - INFO - Starting S&P 500 data initialization
2025-03-21 15:19:35,574 - sec_monitor - INFO - Successfully loaded 503 S&P 500 tickers
2025-03-21 15:19:35,574 - sec_monitor - INFO - Successfully loaded 503 S&P 500 tickers
2025-03-21 15:19:35,574 - sec_monitor - INFO - Initializing components...
2025-03-21 15:19:35,574 - sec_monitor - INFO - Initializing components
2025-03-21 15:19:35,574 - sec_monitor - INFO - SEC fetcher initialized
2025-03-21 15:19:35,574 - sec_monitor - INFO - Filing analyzer initialized
2025-03-21 15:19:35,575 - sec_monitor - INFO - Alpaca clients initialized
2025-03-21 15:19:35,575 - sec_monitor - INFO - All components initialized successfully
2025-03-21 15:19:35,576 - sec_monitor - INFO - Found JSON file from today
2025-03-21 15:19:35,576 - sec_monitor - INFO - Found 11 previously processed accessions and 11 filing URLs
2025-03-21 15:19:35,576 - sec_monitor - INFO - Found 11 accession numbers and 11 URLs from previously processed filings
2025-03-21 15:19:35,576 - sec_monitor - INFO - Fetching SEC filings...
2025-03-21 15:20:20,279 - sec_monitor - INFO - No more entries found
2025-03-21 15:20:20,279 - sec_monitor - INFO - Completed fetching. Found 65 total filings
2025-03-21 15:20:20,280 - sec_monitor - INFO - Found 1 new interesting filings
2025-03-21 15:20:20,280 - sec_monitor - INFO - Found 1 new filings to process
2025-03-21 15:20:20,280 - sec_monitor - INFO - Processing filing 1/1: XEL
2025-03-21 15:20:50,995 - sec_monitor - INFO - ==================================================
2025-03-21 15:20:50,995 - sec_monitor - INFO - Processing first chunk
2025-03-21 15:20:50,996 - sec_monitor - INFO - Timestamp: 2025-03-21 15:20:50
2025-03-21 15:20:51,170 - sec_monitor - INFO - token percentage = 6%
2025-03-21 15:20:51,171 - sec_monitor - INFO - Making API call - Attempt 1/3
2025-03-21 15:20:51,171 - sec_monitor - INFO - Timestamp: 2025-03-21 15:20:51
2025-03-21 15:20:55,486 - sec_monitor - INFO - API call successful
2025-03-21 15:20:56,487 - sec_monitor - INFO - Fetching supplementary data...
2025-03-21 15:20:56,611 - sec_monitor - INFO - filing_tickers type: <class 'list'>
2025-03-21 15:20:56,611 - sec_monitor - INFO - filing_data type: <class 'list'>
2025-03-21 15:20:56,611 - sec_monitor - INFO - Market open: True
2025-03-21 15:20:56,611 - sec_monitor - INFO - Number of filing times mapped: 1
2025-03-21 15:20:56,622 - sec_monitor - INFO - Last trading day: 2025-03-21
2025-03-21 15:20:56,622 - sec_monitor - INFO - Processing ticker: XEL
2025-03-21 15:20:56,746 - sec_monitor - INFO - Number of bars for XEL: 4
2025-03-21 15:20:56,746 - sec_monitor - INFO - Last bar close for XEL: 70.08
2025-03-21 15:20:56,746 - sec_monitor - INFO - Market open price for XEL: 70.08, change: -0.24199288256228002%
2025-03-21 15:20:57,133 - sec_monitor - INFO - Generating final output...
2025-03-21 15:20:57,134 - sec_monitor - INFO - Successfully merged 1 new filings with existing JSON
2025-03-21 15:20:57,134 - sec_monitor - INFO - Cumulative stats - Input words: 1733644, Output words: 904
2025-03-21 15:20:57,134 - sec_monitor - INFO - Successfully saved/merged output to output/sec_filings.json
2025-03-21 15:20:57,134 - sec_monitor - INFO - Processing complete. Stats: {'input_words': 15981, 'output_words': 107, 'filings_processed': 1}
